#
# A fatal error has been detected by the Java Runtime Environment:
#
#  SIGSEGV (0xb) at pc=0x00007f63f6ff8050, pid=4128, tid=0x00007f6477d45700
#
# JRE version: OpenJDK Runtime Environment (8.0_232-b09) (build 1.8.0_232-8u232-b09-0ubuntu1~18.04.1-b09)
# Java VM: OpenJDK 64-Bit Server VM (25.232-b09 mixed mode linux-amd64 compressed oops)
# Problematic frame:
# C  [libnvidia-glcore.so.440.31+0xf6a050]
#
# Failed to write core dump. Core dumps have been disabled. To enable core dumping, try "ulimit -c unlimited" before starting Java again
#
# If you would like to submit a bug report, please visit:
#   http://bugreport.java.com/bugreport/crash.jsp
# The crash happened outside the Java Virtual Machine in native code.
# See problematic frame for where to report the bug.
#

---------------  T H R E A D  ---------------

Current thread (0x00007f647000b800):  JavaThread "main" [_thread_in_native, id=4130, stack(0x00007f6477c46000,0x00007f6477d46000)]

siginfo: si_signo: 11 (SIGSEGV), si_code: 1 (SEGV_MAPERR), si_addr: 0x0000000000000000

Registers:
RAX=0x00007f647107a078, RBX=0x00007f6471079d18, RCX=0x0000000000000019, RDX=0x0000000000000010
RSP=0x00007f6477d44488, RBP=0x00007f6470680080, RSI=0x0000000000000000, RDI=0x00007f63efca9590
R8 =0x00007f63efca9590, R9 =0x0000000000000019, R10=0x0000000000000000, R11=0x0000000000000000
R12=0x00007f647107a320, R13=0x00007f647062acf0, R14=0x00007f647062ace0, R15=0x00007f63f4637244
RIP=0x00007f63f6ff8050, EFLAGS=0x0000000000010246, CSGSFS=0x002b000000000033, ERR=0x0000000000000004
  TRAPNO=0x000000000000000e

Top of Stack: (sp=0x00007f6477d44488)
0x00007f6477d44488:   00007f63f70cc7c3 00007f647107a048
0x00007f6477d44498:   0000000000000002 0000000000000003
0x00007f6477d444a8:   000000000007a048 0000000000000019
0x00007f6477d444b8:   0000000040816000 00007f63efca9590
0x00007f6477d444c8:   00007f63f6ff8040 0000000107169720
0x00007f6477d444d8:   00007f6471079d18 0000000000000000
0x00007f6477d444e8:   00007f63f6b2b84e 00007f64715d6ab0
0x00007f6477d444f8:   00000007f6f02c94 0000000000000002
0x00007f6477d44508:   00007f647107a078 00007f6470686ee0
0x00007f6477d44518:   0000000000000002 00000000000040c3
0x00007f6477d44528:   10c0000000000000 00000000000040c3
0x00007f6477d44538:   10c0000000000000 000000003f800000
0x00007f6477d44548:   0000000000000000 0000000040816000
0x00007f6477d44558:   00007f647107a320 00007f647062acf0
0x00007f6477d44568:   00007f647062ace0 000000004086cbf0
0x00007f6477d44578:   00007f63f70de3bc 00007f6477d4464c
0x00007f6477d44588:   00007f6477d44648 0000140501000000
0x00007f6477d44598:   ffffffff00000060 0000000400000000
0x00007f6477d445a8:   0000000040816210 00007f6470680080
0x00007f6477d445b8:   00007f6477d44430 0000000000001401
0x00007f6477d445c8:   00007f6477d45700 00007f6300001401
0x00007f6477d445d8:   00007f6477d45700 00000000000040c3
0x00007f6477d445e8:   00c0000000000000 00007f6300000001
0x00007f6477d445f8:   00007f647107a320 0000000040816000
0x00007f6477d44608:   00007f6471079d18 0000000000001405
0x00007f6477d44618:   00007f63f70d1f03 0000000000001401
0x00007f6477d44628:   00007f6477d45700 00007f6300000001
0x00007f6477d44638:   00007f6477d45700 00007f64244de300
0x00007f6477d44648:   0000000000000019 000000071c00ed60
0x00007f6477d44658:   0000000040816000 0000000040860a80
0x00007f6477d44668:   0000000000000004 0000000000001405
0x00007f6477d44678:   0000000000000010 0000000000000000 

Instructions: (pc=0x00007f63f6ff8050)
0x00007f63f6ff8030:   d0 48 8d 44 07 0c c3 90 90 90 90 90 90 90 90 90
0x00007f63f6ff8040:   48 63 d2 49 89 f8 41 89 c9 0f 1f 80 00 00 00 00
0x00007f63f6ff8050:   8b 06 41 89 00 8b 46 04 41 89 40 04 8b 46 08 41
0x00007f63f6ff8060:   89 40 08 8b 46 0c 48 01 d6 41 89 40 0c 49 83 c0 

Register to memory mapping:

RAX=0x00007f647107a078 is an unknown value
RBX=0x00007f6471079d18 is an unknown value
RCX=0x0000000000000019 is an unknown value
RDX=0x0000000000000010 is an unknown value
RSP=0x00007f6477d44488 is pointing into the stack for thread: 0x00007f647000b800
RBP=0x00007f6470680080 is an unknown value
RSI=0x0000000000000000 is an unknown value
RDI=0x00007f63efca9590 is an unknown value
R8 =0x00007f63efca9590 is an unknown value
R9 =0x0000000000000019 is an unknown value
R10=0x0000000000000000 is an unknown value
R11=0x0000000000000000 is an unknown value
R12=0x00007f647107a320 is an unknown value
R13=0x00007f647062acf0 is an unknown value
R14=0x00007f647062ace0 is an unknown value
R15=0x00007f63f4637244 is an unknown value


Stack: [0x00007f6477c46000,0x00007f6477d46000],  sp=0x00007f6477d44488,  free space=1017k
Native frames: (J=compiled Java code, j=interpreted, Vv=VM code, C=native code)
C  [libnvidia-glcore.so.440.31+0xf6a050]

Java frames: (J=compiled Java code, j=interpreted, Vv=VM code)
J 1065  org.lwjgl.opengl.GL11C.nglDrawElements(IIIJ)V (0 bytes) @ 0x00007f6461426f8a [0x00007f6461426f40+0x4a]
J 1081 C2 org.lwjgl.opengl.GL11.glDrawElements(IIIJ)V (8 bytes) @ 0x00007f646142fbb4 [0x00007f646142fba0+0x14]
j  rendering.BasicRenderer.render(Lmodels/Mesh;Ljava/util/List;)V+69
j  rendering.MasterRenderer.render()V+373
j  misc.Game.render()V+52
j  main.Main.main([Ljava/lang/String;)V+45
v  ~StubRoutines::call_stub

---------------  P R O C E S S  ---------------

Java Threads: ( => current thread )
  0x00007f64700cf800 JavaThread "Service Thread" daemon [_thread_blocked, id=4153, stack(0x00007f642e41f000,0x00007f642e520000)]
  0x00007f64700cc800 JavaThread "C1 CompilerThread3" daemon [_thread_blocked, id=4152, stack(0x00007f642e521000,0x00007f642e621000)]
  0x00007f64700ca800 JavaThread "C2 CompilerThread2" daemon [_thread_blocked, id=4151, stack(0x00007f642e622000,0x00007f642e722000)]
  0x00007f64700c8800 JavaThread "C2 CompilerThread1" daemon [_thread_blocked, id=4150, stack(0x00007f642e723000,0x00007f642e823000)]
  0x00007f64700c6000 JavaThread "C2 CompilerThread0" daemon [_thread_blocked, id=4149, stack(0x00007f642e824000,0x00007f642e924000)]
  0x00007f64700c4800 JavaThread "Signal Dispatcher" daemon [_thread_blocked, id=4148, stack(0x00007f642e924000,0x00007f642ea25000)]
  0x00007f6470091800 JavaThread "Finalizer" daemon [_thread_blocked, id=4147, stack(0x00007f642f3f4000,0x00007f642f4f5000)]
  0x00007f647008f000 JavaThread "Reference Handler" daemon [_thread_blocked, id=4146, stack(0x00007f642f4f5000,0x00007f642f5f6000)]
=>0x00007f647000b800 JavaThread "main" [_thread_in_native, id=4130, stack(0x00007f6477c46000,0x00007f6477d46000)]

Other Threads:
  0x00007f6470085800 VMThread [stack: 0x00007f642f5f7000,0x00007f642f6f7000] [id=4145]
  0x00007f64700d2000 WatcherThread [stack: 0x00007f642e31f000,0x00007f642e41f000] [id=4154]

VM state:not at safepoint (normal execution)

VM Mutex/Monitor currently owned by a thread: None

heap address: 0x00000005ccc00000, size: 7988 MB, Compressed Oops mode: Zero based, Oop shift amount: 3
Narrow klass base: 0x0000000000000000, Narrow klass shift: 3
Compressed class space size: 1073741824 Address: 0x00000007c0000000

Heap:
 PSYoungGen      total 149504K, used 44939K [0x0000000719980000, 0x0000000724000000, 0x00000007c0000000)
  eden space 128512K, 31% used [0x0000000719980000,0x000000071c10c4d0,0x0000000721700000)
  from space 20992K, 21% used [0x0000000721700000,0x0000000721b56890,0x0000000722b80000)
  to   space 20992K, 0% used [0x0000000722b80000,0x0000000722b80000,0x0000000724000000)
 ParOldGen       total 341504K, used 113K [0x00000005ccc00000, 0x00000005e1980000, 0x0000000719980000)
  object space 341504K, 0% used [0x00000005ccc00000,0x00000005ccc1c6e0,0x00000005e1980000)
 Metaspace       used 11396K, capacity 11603K, committed 11776K, reserved 1060864K
  class space    used 926K, capacity 1006K, committed 1024K, reserved 1048576K

Card table byte_map: [0x00007f6460065000,0x00007f6461000000] byte_map_base: 0x00007f645d1ff000

Marking Bits: (ParMarkBitMap*) 0x00007f6476ee0380
 Begin Bits: [0x00007f6434660000, 0x00007f643c330000)
 End Bits:   [0x00007f643c330000, 0x00007f6444000000)

Polling page: 0x00007f6477d61000

CodeCache: size=245760Kb used=4379Kb max_used=4392Kb free=241380Kb
 bounds [0x00007f6461000000, 0x00007f6461450000, 0x00007f6470000000]
 total_blobs=2020 nmethods=1100 adapters=835
 compilation: enabled

Compilation events (10 events):
Event: 1.232 Thread 0x00007f64700cc800 nmethod 1099 0x00007f6461448b10 code [0x00007f6461448cc0, 0x00007f6461449298]
Event: 1.232 Thread 0x00007f64700cc800 1098       3       math.Transform::checkForUpdates (16 bytes)
Event: 1.232 Thread 0x00007f64700cc800 nmethod 1098 0x00007f6461448750 code [0x00007f64614488c0, 0x00007f6461448a70]
Event: 1.232 Thread 0x00007f64700cc800 1096       3       models.Entity::update (29 bytes)
Event: 1.233 Thread 0x00007f64700cc800 nmethod 1096 0x00007f6461448050 code [0x00007f64614481e0, 0x00007f64614485f8]
Event: 1.233 Thread 0x00007f64700cc800 1097       3       models.Mesh::update (1 bytes)
Event: 1.233 Thread 0x00007f64700cc800 nmethod 1097 0x00007f6461447d10 code [0x00007f6461447e60, 0x00007f6461447fb0]
Event: 1.233 Thread 0x00007f64700c8800 nmethod 1078 0x00007f6461449450 code [0x00007f64614497e0, 0x00007f646144c7e0]
Event: 1.233 Thread 0x00007f64700cc800 1100       3       shaders.BasicShader::setTransformationMatrix (8 bytes)
Event: 1.233 Thread 0x00007f64700cc800 nmethod 1100 0x00007f6461447410 code [0x00007f64614475c0, 0x00007f6461447aa8]

GC Heap History (6 events):
Event: 0.725 GC heap before
{Heap before GC invocations=1 (full 0):
 PSYoungGen      total 149504K, used 128512K [0x0000000719980000, 0x0000000724000000, 0x00000007c0000000)
  eden space 128512K, 100% used [0x0000000719980000,0x0000000721700000,0x0000000721700000)
  from space 20992K, 0% used [0x0000000722b80000,0x0000000722b80000,0x0000000724000000)
  to   space 20992K, 0% used [0x0000000721700000,0x0000000721700000,0x0000000722b80000)
 ParOldGen       total 341504K, used 0K [0x00000005ccc00000, 0x00000005e1980000, 0x0000000719980000)
  object space 341504K, 0% used [0x00000005ccc00000,0x00000005ccc00000,0x00000005e1980000)
 Metaspace       used 10797K, capacity 10993K, committed 11264K, reserved 1058816K
  class space    used 869K, capacity 973K, committed 1024K, reserved 1048576K
Event: 0.730 GC heap after
Heap after GC invocations=1 (full 0):
 PSYoungGen      total 149504K, used 9251K [0x0000000719980000, 0x0000000724000000, 0x00000007c0000000)
  eden space 128512K, 0% used [0x0000000719980000,0x0000000719980000,0x0000000721700000)
  from space 20992K, 44% used [0x0000000721700000,0x0000000722008fa8,0x0000000722b80000)
  to   space 20992K, 0% used [0x0000000722b80000,0x0000000722b80000,0x0000000724000000)
 ParOldGen       total 341504K, used 80K [0x00000005ccc00000, 0x00000005e1980000, 0x0000000719980000)
  object space 341504K, 0% used [0x00000005ccc00000,0x00000005ccc14010,0x00000005e1980000)
 Metaspace       used 10797K, capacity 10993K, committed 11264K, reserved 1058816K
  class space    used 869K, capacity 973K, committed 1024K, reserved 1048576K
}
Event: 0.916 GC heap before
{Heap before GC invocations=2 (full 0):
 PSYoungGen      total 149504K, used 136665K [0x0000000719980000, 0x0000000724000000, 0x00000007c0000000)
  eden space 128512K, 99% used [0x0000000719980000,0x00000007215ed6c8,0x0000000721700000)
  from space 20992K, 44% used [0x0000000721700000,0x0000000722008fa8,0x0000000722b80000)
  to   space 20992K, 0% used [0x0000000722b80000,0x0000000722b80000,0x0000000724000000)
 ParOldGen       total 341504K, used 80K [0x00000005ccc00000, 0x00000005e1980000, 0x0000000719980000)
  object space 341504K, 0% used [0x00000005ccc00000,0x00000005ccc14010,0x00000005e1980000)
 Metaspace       used 11025K, capacity 11281K, committed 11520K, reserved 1060864K
  class space    used 897K, capacity 1005K, committed 1024K, reserved 1048576K
Event: 0.918 GC heap after
Heap after GC invocations=2 (full 0):
 PSYoungGen      total 149504K, used 4922K [0x0000000719980000, 0x0000000724000000, 0x00000007c0000000)
  eden space 128512K, 0% used [0x0000000719980000,0x0000000719980000,0x0000000721700000)
  from space 20992K, 23% used [0x0000000722b80000,0x000000072304e810,0x0000000724000000)
  to   space 20992K, 0% used [0x0000000721700000,0x0000000721700000,0x0000000722b80000)
 ParOldGen       total 341504K, used 88K [0x00000005ccc00000, 0x00000005e1980000, 0x0000000719980000)
  object space 341504K, 0% used [0x00000005ccc00000,0x00000005ccc16010,0x00000005e1980000)
 Metaspace       used 11025K, capacity 11281K, committed 11520K, reserved 1060864K
  class space    used 897K, capacity 1005K, committed 1024K, reserved 1048576K
}
Event: 1.207 GC heap before
{Heap before GC invocations=3 (full 0):
 PSYoungGen      total 149504K, used 133434K [0x0000000719980000, 0x0000000724000000, 0x00000007c0000000)
  eden space 128512K, 100% used [0x0000000719980000,0x0000000721700000,0x0000000721700000)
  from space 20992K, 23% used [0x0000000722b80000,0x000000072304e810,0x0000000724000000)
  to   space 20992K, 0% used [0x0000000721700000,0x0000000721700000,0x0000000722b80000)
 ParOldGen       total 341504K, used 88K [0x00000005ccc00000, 0x00000005e1980000, 0x0000000719980000)
  object space 341504K, 0% used [0x00000005ccc00000,0x00000005ccc16010,0x00000005e1980000)
 Metaspace       used 11342K, capacity 11539K, committed 11776K, reserved 1060864K
  class space    used 921K, capacity 1006K, committed 1024K, reserved 1048576K
Event: 1.208 GC heap after
Heap after GC invocations=3 (full 0):
 PSYoungGen      total 149504K, used 4442K [0x0000000719980000, 0x0000000724000000, 0x00000007c0000000)
  eden space 128512K, 0% used [0x0000000719980000,0x0000000719980000,0x0000000721700000)
  from space 20992K, 21% used [0x0000000721700000,0x0000000721b56890,0x0000000722b80000)
  to   space 20992K, 0% used [0x0000000722b80000,0x0000000722b80000,0x0000000724000000)
 ParOldGen       total 341504K, used 113K [0x00000005ccc00000, 0x00000005e1980000, 0x0000000719980000)
  object space 341504K, 0% used [0x00000005ccc00000,0x00000005ccc1c6e0,0x00000005e1980000)
 Metaspace       used 11342K, capacity 11539K, committed 11776K, reserved 1060864K
  class space    used 921K, capacity 1006K, committed 1024K, reserved 1048576K
}

Deoptimization events (10 events):
Event: 0.596 Thread 0x00007f647000b800 Uncommon trap: reason=array_check action=maybe_recompile pc=0x00007f6461308258 method=java.util.AbstractCollection.toArray([Ljava/lang/Object;)[Ljava/lang/Object; @ 119
Event: 0.596 Thread 0x00007f647000b800 Uncommon trap: reason=array_check action=maybe_recompile pc=0x00007f6461308258 method=java.util.AbstractCollection.toArray([Ljava/lang/Object;)[Ljava/lang/Object; @ 119
Event: 0.603 Thread 0x00007f647000b800 Uncommon trap: reason=unstable_if action=reinterpret pc=0x00007f646132857c method=sun.misc.FloatingDecimal.readJavaFormatString(Ljava/lang/String;)Lsun/misc/FloatingDecimal$ASCIIToBinaryConverter; @ 235
Event: 0.603 Thread 0x00007f647000b800 Uncommon trap: reason=class_check action=maybe_recompile pc=0x00007f64612f2388 method=sun.misc.FloatingDecimal.parseFloat(Ljava/lang/String;)F @ 4
Event: 0.621 Thread 0x00007f647000b800 Uncommon trap: reason=class_check action=maybe_recompile pc=0x00007f64612f2388 method=sun.misc.FloatingDecimal.parseFloat(Ljava/lang/String;)F @ 4
Event: 0.637 Thread 0x00007f647000b800 Uncommon trap: reason=class_check action=maybe_recompile pc=0x00007f64612f2388 method=sun.misc.FloatingDecimal.parseFloat(Ljava/lang/String;)F @ 4
Event: 0.637 Thread 0x00007f647000b800 Uncommon trap: reason=class_check action=maybe_recompile pc=0x00007f64612f2388 method=sun.misc.FloatingDecimal.parseFloat(Ljava/lang/String;)F @ 4
Event: 0.913 Thread 0x00007f647000b800 Uncommon trap: reason=unstable_if action=reinterpret pc=0x00007f64611b9e00 method=java.lang.String.indexOf([CII[CIII)I @ 3
Event: 0.958 Thread 0x00007f647000b800 Uncommon trap: reason=unstable_if action=reinterpret pc=0x00007f64613c932c method=sun.security.provider.NativePRNG$RandomIO.ensureBufferValid()V @ 57
Event: 1.031 Thread 0x00007f647000b800 Uncommon trap: reason=unstable_if action=reinterpret pc=0x00007f64613f8af4 method=terrain.TerrainMesh.getVertexNormals([F[I)[F @ 211

Classes redefined (0 events):
No events

Internal exceptions (10 events):
Event: 0.137 Thread 0x00007f647000b800 Exception <a 'sun/nio/fs/UnixException'> (0x0000000719fa06b0) thrown at [/build/openjdk-8-4aHi5C/openjdk-8-8u232-b09/src/hotspot/src/share/vm/prims/jni.cpp, line 710]
Event: 0.138 Thread 0x00007f647000b800 Exception <a 'sun/nio/fs/UnixException'> (0x0000000719fa69b0) thrown at [/build/openjdk-8-4aHi5C/openjdk-8-8u232-b09/src/hotspot/src/share/vm/prims/jni.cpp, line 710]
Event: 0.138 Thread 0x00007f647000b800 Exception <a 'sun/nio/fs/UnixException'> (0x0000000719fa7400) thrown at [/build/openjdk-8-4aHi5C/openjdk-8-8u232-b09/src/hotspot/src/share/vm/prims/jni.cpp, line 710]
Event: 0.138 Thread 0x00007f647000b800 Exception <a 'sun/nio/fs/UnixException'> (0x0000000719fab4b0) thrown at [/build/openjdk-8-4aHi5C/openjdk-8-8u232-b09/src/hotspot/src/share/vm/prims/jni.cpp, line 710]
Event: 0.140 Thread 0x00007f647000b800 Exception <a 'sun/nio/fs/UnixException'> (0x0000000719fae320) thrown at [/build/openjdk-8-4aHi5C/openjdk-8-8u232-b09/src/hotspot/src/share/vm/prims/jni.cpp, line 710]
Event: 0.241 Thread 0x00007f647000b800 Exception <a 'sun/nio/fs/UnixException'> (0x000000071a114f70) thrown at [/build/openjdk-8-4aHi5C/openjdk-8-8u232-b09/src/hotspot/src/share/vm/prims/jni.cpp, line 710]
Event: 0.241 Thread 0x00007f647000b800 Exception <a 'sun/nio/fs/UnixException'> (0x000000071a115a00) thrown at [/build/openjdk-8-4aHi5C/openjdk-8-8u232-b09/src/hotspot/src/share/vm/prims/jni.cpp, line 710]
Event: 0.241 Thread 0x00007f647000b800 Exception <a 'sun/nio/fs/UnixException'> (0x000000071a119be0) thrown at [/build/openjdk-8-4aHi5C/openjdk-8-8u232-b09/src/hotspot/src/share/vm/prims/jni.cpp, line 710]
Event: 0.244 Thread 0x00007f647000b800 Exception <a 'sun/nio/fs/UnixException'> (0x000000071a11cb98) thrown at [/build/openjdk-8-4aHi5C/openjdk-8-8u232-b09/src/hotspot/src/share/vm/prims/jni.cpp, line 710]
Event: 0.245 Thread 0x00007f647000b800 Exception <a 'sun/nio/fs/UnixException'> (0x000000071a124ec0) thrown at [/build/openjdk-8-4aHi5C/openjdk-8-8u232-b09/src/hotspot/src/share/vm/prims/jni.cpp, line 710]

Events (10 events):
Event: 1.216 loading class particles/Particle
Event: 1.216 loading class particles/Particle done
Event: 1.216 loading class particles/CircularEmission
Event: 1.216 loading class particles/CircularEmission done
Event: 1.216 loading class particles/ParticleMesh
Event: 1.216 loading class particles/ParticleMesh done
Event: 1.216 loading class org/lwjgl/opengl/GL33C
Event: 1.216 loading class org/lwjgl/opengl/GL33C done
Event: 1.226 loading class particles/ParticleMaster
Event: 1.226 loading class particles/ParticleMaster done


Dynamic libraries:
40563000-40565000 r-xs 00000000 103:02 15728658                          /tmp/.gl4xRLE4 (deleted)
40816000-408c5000 rw-p 00000000 00:00 0 
5ccc00000-5e1980000 rw-p 00000000 00:00 0 
5e1980000-719980000 ---p 00000000 00:00 0 
719980000-724000000 rw-p 00000000 00:00 0 
724000000-7c0000000 ---p 00000000 00:00 0 
7c0000000-7c0100000 rw-p 00000000 00:00 0 
7c0100000-800000000 ---p 00000000 00:00 0 
55d062b31000-55d062b32000 r-xp 00000000 103:02 9833149                   /usr/lib/jvm/java-8-openjdk-amd64/jre/bin/java
55d062d31000-55d062d32000 r--p 00000000 103:02 9833149                   /usr/lib/jvm/java-8-openjdk-amd64/jre/bin/java
55d062d32000-55d062d33000 rw-p 00001000 103:02 9833149                   /usr/lib/jvm/java-8-openjdk-amd64/jre/bin/java
55d06428b000-55d0642ac000 rw-p 00000000 00:00 0                          [heap]
7f63ac000000-7f63ac021000 rw-p 00000000 00:00 0 
7f63ac021000-7f63b0000000 ---p 00000000 00:00 0 
7f63b4000000-7f63b4021000 rw-p 00000000 00:00 0 
7f63b4021000-7f63b8000000 ---p 00000000 00:00 0 
7f63b8000000-7f63b8021000 rw-p 00000000 00:00 0 
7f63b8021000-7f63bc000000 ---p 00000000 00:00 0 
7f63bc000000-7f63bc021000 rw-p 00000000 00:00 0 
7f63bc021000-7f63c0000000 ---p 00000000 00:00 0 
7f63c0000000-7f63c0021000 rw-p 00000000 00:00 0 
7f63c0021000-7f63c4000000 ---p 00000000 00:00 0 
7f63c4000000-7f63c4021000 rw-p 00000000 00:00 0 
7f63c4021000-7f63c8000000 ---p 00000000 00:00 0 
7f63c8000000-7f63c8021000 rw-p 00000000 00:00 0 
7f63c8021000-7f63cc000000 ---p 00000000 00:00 0 
7f63cc000000-7f63cc021000 rw-p 00000000 00:00 0 
7f63cc021000-7f63d0000000 ---p 00000000 00:00 0 
7f63d0000000-7f63d0021000 rw-p 00000000 00:00 0 
7f63d0021000-7f63d4000000 ---p 00000000 00:00 0 
7f63d6ffe000-7f63d6fff000 ---p 00000000 00:00 0 
7f63d6fff000-7f63d77ff000 rw-p 00000000 00:00 0 
7f63d77ff000-7f63d7800000 ---p 00000000 00:00 0 
7f63d7800000-7f63d8000000 rw-p 00000000 00:00 0 
7f63d8000000-7f63d8021000 rw-p 00000000 00:00 0 
7f63d8021000-7f63dc000000 ---p 00000000 00:00 0 
7f63dc000000-7f63dc021000 rw-p 00000000 00:00 0 
7f63dc021000-7f63e0000000 ---p 00000000 00:00 0 
7f63e0000000-7f63e0021000 rw-p 00000000 00:00 0 
7f63e0021000-7f63e4000000 ---p 00000000 00:00 0 
7f63e47f9000-7f63e47fa000 ---p 00000000 00:00 0 
7f63e47fa000-7f63e4ffa000 rw-p 00000000 00:00 0 
7f63e4ffa000-7f63e4ffb000 ---p 00000000 00:00 0 
7f63e4ffb000-7f63e57fb000 rw-p 00000000 00:00 0 
7f63e57fb000-7f63e57fc000 ---p 00000000 00:00 0 
7f63e57fc000-7f63e5ffc000 rw-p 00000000 00:00 0 
7f63e5ffc000-7f63e5ffd000 ---p 00000000 00:00 0 
7f63e5ffd000-7f63e67fd000 rw-p 00000000 00:00 0 
7f63e67fd000-7f63e67fe000 ---p 00000000 00:00 0 
7f63e67fe000-7f63e6ffe000 rw-p 00000000 00:00 0 
7f63e6ffe000-7f63e6fff000 ---p 00000000 00:00 0 
7f63e6fff000-7f63e77ff000 rw-p 00000000 00:00 0 
7f63e77ff000-7f63e7800000 ---p 00000000 00:00 0 
7f63e7800000-7f63e8000000 rw-p 00000000 00:00 0 
7f63e8000000-7f63eb385000 rw-p 00000000 00:00 0 
7f63eb385000-7f63ec000000 ---p 00000000 00:00 0 
7f63ec3fc000-7f63ec3fd000 ---p 00000000 00:00 0 
7f63ec3fd000-7f63ecbfd000 rw-p 00000000 00:00 0 
7f63ecbfd000-7f63ecbfe000 ---p 00000000 00:00 0 
7f63ecbfe000-7f63ed47e000 rw-p 00000000 00:00 0 
7f63ed47e000-7f63ed5fe000 ---p 00000000 00:00 0 
7f63ed9fe000-7f63ee9ff000 rw-p 00000000 00:00 0 
7f63eedff000-7f63eee00000 ---p 00000000 00:00 0 
7f63eee00000-7f63ef600000 rw-p 00000000 00:00 0 
7f63efa00000-7f63efe00000 rw-s 00000000 00:06 552                        /dev/nvidiactl
7f63efe00000-7f63f0000000 rw-s 00000000 00:06 552                        /dev/nvidiactl
7f63f0000000-7f63f0021000 rw-p 00000000 00:00 0 
7f63f0021000-7f63f4000000 ---p 00000000 00:00 0 
7f63f4094000-7f63f4494000 rw-s 00000000 00:06 552                        /dev/nvidiactl
7f63f4494000-7f63f4694000 rw-s 00000000 00:06 552                        /dev/nvidiactl
7f63f4694000-7f63f4a95000 rw-p 00000000 00:00 0 
7f63f4a96000-7f63f4e96000 rw-s 00000000 00:06 552                        /dev/nvidiactl
7f63f4e96000-7f63f5096000 rw-p 00000000 00:00 0 
7f63f5096000-7f63f50d6000 rw-s 00000000 08:01 16256187                   /home/sam/#16256187 (deleted)
7f63f50d6000-7f63f512e000 r-xp 00000000 103:02 15991432                  /tmp/lwjglsam/3.2.3-build-13/liblwjgl_opengl.so
7f63f512e000-7f63f532d000 ---p 00058000 103:02 15991432                  /tmp/lwjglsam/3.2.3-build-13/liblwjgl_opengl.so
7f63f532d000-7f63f532e000 r--p 00057000 103:02 15991432                  /tmp/lwjglsam/3.2.3-build-13/liblwjgl_opengl.so
7f63f532e000-7f63f532f000 rw-p 00058000 103:02 15991432                  /tmp/lwjglsam/3.2.3-build-13/liblwjgl_opengl.so
7f63f532f000-7f63f5334000 r-xp 00000000 103:02 9839193                   /usr/lib/x86_64-linux-gnu/libxcb-sync.so.1.0.0
7f63f5334000-7f63f5534000 ---p 00005000 103:02 9839193                   /usr/lib/x86_64-linux-gnu/libxcb-sync.so.1.0.0
7f63f5534000-7f63f5535000 r--p 00005000 103:02 9839193                   /usr/lib/x86_64-linux-gnu/libxcb-sync.so.1.0.0
7f63f5535000-7f63f5536000 rw-p 00006000 103:02 9839193                   /usr/lib/x86_64-linux-gnu/libxcb-sync.so.1.0.0
7f63f5536000-7f63f5538000 r-xp 00000000 103:02 9839185                   /usr/lib/x86_64-linux-gnu/libxcb-present.so.0.0.0
7f63f5538000-7f63f5737000 ---p 00002000 103:02 9839185                   /usr/lib/x86_64-linux-gnu/libxcb-present.so.0.0.0
7f63f5737000-7f63f5738000 r--p 00001000 103:02 9839185                   /usr/lib/x86_64-linux-gnu/libxcb-present.so.0.0.0
7f63f5738000-7f63f5739000 rw-p 00002000 103:02 9839185                   /usr/lib/x86_64-linux-gnu/libxcb-present.so.0.0.0
7f63f5739000-7f63f573c000 r-xp 00000000 103:02 9839181                   /usr/lib/x86_64-linux-gnu/libxcb-dri3.so.0.0.0
7f63f573c000-7f63f593b000 ---p 00003000 103:02 9839181                   /usr/lib/x86_64-linux-gnu/libxcb-dri3.so.0.0.0
7f63f593b000-7f63f593c000 r--p 00002000 103:02 9839181                   /usr/lib/x86_64-linux-gnu/libxcb-dri3.so.0.0.0
7f63f593c000-7f63f593d000 rw-p 00003000 103:02 9839181                   /usr/lib/x86_64-linux-gnu/libxcb-dri3.so.0.0.0
7f63f593d000-7f63f5955000 r-xp 00000000 103:02 9839183                   /usr/lib/x86_64-linux-gnu/libxcb-glx.so.0.0.0
7f63f5955000-7f63f5b55000 ---p 00018000 103:02 9839183                   /usr/lib/x86_64-linux-gnu/libxcb-glx.so.0.0.0
7f63f5b55000-7f63f5b57000 r--p 00018000 103:02 9839183                   /usr/lib/x86_64-linux-gnu/libxcb-glx.so.0.0.0
7f63f5b57000-7f63f5b58000 rw-p 0001a000 103:02 9839183                   /usr/lib/x86_64-linux-gnu/libxcb-glx.so.0.0.0
7f63f5b58000-7f63f5bd8000 rw-s 00000000 00:06 552                        /dev/nvidiactl
7f63f5cd8000-7f63f5ce8000 r-xp 00000000 103:02 9840432                   /usr/lib/x86_64-linux-gnu/libdrm.so.2.4.0
7f63f5ce8000-7f63f5ee7000 ---p 00010000 103:02 9840432                   /usr/lib/x86_64-linux-gnu/libdrm.so.2.4.0
7f63f5ee7000-7f63f5ee8000 r--p 0000f000 103:02 9840432                   /usr/lib/x86_64-linux-gnu/libdrm.so.2.4.0
7f63f5ee8000-7f63f5ee9000 rw-p 00010000 103:02 9840432                   /usr/lib/x86_64-linux-gnu/libdrm.so.2.4.0
7f63f5ee9000-7f63f608e000 rw-s 00000000 00:06 552                        /dev/nvidiactl
7f63f608e000-7f63f7369000 r-xp 00000000 103:02 9840523                   /usr/lib/x86_64-linux-gnu/libnvidia-glcore.so.440.31
7f63f7369000-7f63f738a000 rwxp 012db000 103:02 9840523                   /usr/lib/x86_64-linux-gnu/libnvidia-glcore.so.440.31
7f63f738a000-7f63f789b000 r-xp 012fc000 103:02 9840523                   /usr/lib/x86_64-linux-gnu/libnvidia-glcore.so.440.31
7f63f789b000-7f63f7a9a000 ---p 0180d000 103:02 9840523                   /usr/lib/x86_64-linux-gnu/libnvidia-glcore.so.440.31
7f63f7a9a000-7f63f7de0000 rw-p 0180c000 103:02 9840523                   /usr/lib/x86_64-linux-gnu/libnvidia-glcore.so.440.31
7f63f7de0000-7f63f7dfc000 rw-p 00000000 00:00 0 
7f63f7dfc000-7f63f7dff000 r-xp 00000000 103:02 9840527                   /usr/lib/x86_64-linux-gnu/libnvidia-tls.so.440.31
7f63f7dff000-7f63f7fff000 ---p 00003000 103:02 9840527                   /usr/lib/x86_64-linux-gnu/libnvidia-tls.so.440.31
7f63f7fff000-7f63f8000000 rw-p 00003000 103:02 9840527                   /usr/lib/x86_64-linux-gnu/libnvidia-tls.so.440.31
7f63f8000000-7f63f82f3000 rw-p 00000000 00:00 0 
7f63f82f3000-7f63fc000000 ---p 00000000 00:00 0 
7f63fc000000-7f63fc021000 rw-p 00000000 00:00 0 
7f63fc021000-7f6400000000 ---p 00000000 00:00 0 
7f6400000000-7f6400607000 rw-p 00000000 00:00 0 
7f6400607000-7f6404000000 ---p 00000000 00:00 0 
7f6404000000-7f6404869000 rw-p 00000000 00:00 0 
7f6404869000-7f6408000000 ---p 00000000 00:00 0 
7f6408000000-7f6408021000 rw-p 00000000 00:00 0 
7f6408021000-7f640c000000 ---p 00000000 00:00 0 
7f640c000000-7f640cc69000 rw-p 00000000 00:00 0 
7f640cc69000-7f6410000000 ---p 00000000 00:00 0 
7f6410000000-7f6410021000 rw-p 00000000 00:00 0 
7f6410021000-7f6414000000 ---p 00000000 00:00 0 
7f6414000000-7f6414021000 rw-p 00000000 00:00 0 
7f6414021000-7f6418000000 ---p 00000000 00:00 0 
7f6418000000-7f6418021000 rw-p 00000000 00:00 0 
7f6418021000-7f641c000000 ---p 00000000 00:00 0 
7f641c000000-7f641c021000 rw-p 00000000 00:00 0 
7f641c021000-7f6420000000 ---p 00000000 00:00 0 
7f6420000000-7f6420021000 rw-p 00000000 00:00 0 
7f6420021000-7f6424000000 ---p 00000000 00:00 0 
7f6424020000-7f6424060000 r-xs 00000000 08:01 16256187                   /home/sam/#16256187 (deleted)
7f6424060000-7f6424062000 r-xp 00000000 00:00 0 
7f6424062000-7f6424075000 rw-s 00000000 00:06 552                        /dev/nvidiactl
7f6424075000-7f64240b5000 rw-s 00000000 00:06 552                        /dev/nvidiactl
7f64240b5000-7f64240d5000 rw-s 00000000 00:06 552                        /dev/nvidiactl
7f64240d5000-7f6424115000 rw-s 00000000 00:06 552                        /dev/nvidiactl
7f6424115000-7f6424135000 rw-s 00000000 00:06 552                        /dev/nvidiactl
7f6424135000-7f6424175000 rw-s 00000000 00:06 552                        /dev/nvidiactl
7f6424175000-7f642421e000 r-xp 00000000 103:02 9840520                   /usr/lib/x86_64-linux-gnu/libGLX_nvidia.so.440.31
7f642421e000-7f6424253000 rwxp 000a9000 103:02 9840520                   /usr/lib/x86_64-linux-gnu/libGLX_nvidia.so.440.31
7f6424253000-7f6424262000 r-xp 000de000 103:02 9840520                   /usr/lib/x86_64-linux-gnu/libGLX_nvidia.so.440.31
7f6424262000-7f6424461000 ---p 000ed000 103:02 9840520                   /usr/lib/x86_64-linux-gnu/libGLX_nvidia.so.440.31
7f6424461000-7f6424485000 rw-p 000ec000 103:02 9840520                   /usr/lib/x86_64-linux-gnu/libGLX_nvidia.so.440.31
7f6424485000-7f6424487000 rw-p 00000000 00:00 0 
7f6424487000-7f64244c9000 r-xp 00000000 103:02 9837994                   /usr/lib/x86_64-linux-gnu/libGLdispatch.so.0.0.0
7f64244c9000-7f64244e2000 r-xp 00042000 103:02 9837994                   /usr/lib/x86_64-linux-gnu/libGLdispatch.so.0.0.0
7f64244e2000-7f64244f5000 r-xp 0005b000 103:02 9837994                   /usr/lib/x86_64-linux-gnu/libGLdispatch.so.0.0.0
7f64244f5000-7f64246f4000 ---p 0006e000 103:02 9837994                   /usr/lib/x86_64-linux-gnu/libGLdispatch.so.0.0.0
7f64246f4000-7f642471c000 r--p 0006d000 103:02 9837994                   /usr/lib/x86_64-linux-gnu/libGLdispatch.so.0.0.0
7f642471c000-7f642471d000 rw-p 00095000 103:02 9837994                   /usr/lib/x86_64-linux-gnu/libGLdispatch.so.0.0.0
7f642471d000-7f642473d000 rw-p 00000000 00:00 0 
7f642473d000-7f642474d000 r-xp 00000000 103:02 9837992                   /usr/lib/x86_64-linux-gnu/libGLX.so.0.0.0
7f642474d000-7f642494c000 ---p 00010000 103:02 9837992                   /usr/lib/x86_64-linux-gnu/libGLX.so.0.0.0
7f642494c000-7f642494d000 r--p 0000f000 103:02 9837992                   /usr/lib/x86_64-linux-gnu/libGLX.so.0.0.0
7f642494d000-7f642494e000 rw-p 00010000 103:02 9837992                   /usr/lib/x86_64-linux-gnu/libGLX.so.0.0.0
7f642494e000-7f642496e000 rw-p 00000000 00:00 0 
7f642496e000-7f64249b2000 r-xp 00000000 103:02 9837986                   /usr/lib/x86_64-linux-gnu/libGL.so.1.0.0
7f64249b2000-7f64249cb000 r-xp 00044000 103:02 9837986                   /usr/lib/x86_64-linux-gnu/libGL.so.1.0.0
7f64249cb000-7f64249df000 r-xp 0005d000 103:02 9837986                   /usr/lib/x86_64-linux-gnu/libGL.so.1.0.0
7f64249df000-7f6424bde000 ---p 00071000 103:02 9837986                   /usr/lib/x86_64-linux-gnu/libGL.so.1.0.0
7f6424bde000-7f6424bf8000 r--p 00070000 103:02 9837986                   /usr/lib/x86_64-linux-gnu/libGL.so.1.0.0
7f6424bf8000-7f6424bf9000 rw-p 0008a000 103:02 9837986                   /usr/lib/x86_64-linux-gnu/libGL.so.1.0.0
7f6424bf9000-7f6424bfa000 rw-p 00000000 00:00 0 
7f6424bfa000-7f6424bfb000 r-xp 00000000 103:02 9840453                   /usr/lib/x86_64-linux-gnu/libX11-xcb.so.1.0.0
7f6424bfb000-7f6424dfa000 ---p 00001000 103:02 9840453                   /usr/lib/x86_64-linux-gnu/libX11-xcb.so.1.0.0
7f6424dfa000-7f6424dfb000 r--p 00000000 103:02 9840453                   /usr/lib/x86_64-linux-gnu/libX11-xcb.so.1.0.0
7f6424dfb000-7f6424dfc000 rw-p 00001000 103:02 9840453                   /usr/lib/x86_64-linux-gnu/libX11-xcb.so.1.0.0
7f6424dfc000-7f6424dfe000 r-xp 00000000 103:02 9838067                   /usr/lib/x86_64-linux-gnu/libXinerama.so.1.0.0
7f6424dfe000-7f6424ffd000 ---p 00002000 103:02 9838067                   /usr/lib/x86_64-linux-gnu/libXinerama.so.1.0.0
7f6424ffd000-7f6424ffe000 r--p 00001000 103:02 9838067                   /usr/lib/x86_64-linux-gnu/libXinerama.so.1.0.0
7f6424ffe000-7f6424fff000 rw-p 00002000 103:02 9838067                   /usr/lib/x86_64-linux-gnu/libXinerama.so.1.0.0
7f6424fff000-7f6428000000 rw-p 00000000 00:00 0 
7f6428000000-7f6428021000 rw-p 00000000 00:00 0 
7f6428021000-7f642c000000 ---p 00000000 00:00 0 
7f642c000000-7f642c002000 r-xp 00000000 00:00 0 
7f642c002000-7f642c005000 rw-s 00000000 00:06 552                        /dev/nvidiactl
7f642c020000-7f642c025000 r--s 000a3000 103:02 9837971                   /usr/lib/jvm/java-8-openjdk-amd64/jre/lib/jsse.jar
7f642c025000-7f642c02a000 r-xp 00000000 103:02 9838059                   /usr/lib/x86_64-linux-gnu/libXfixes.so.3.1.0
7f642c02a000-7f642c229000 ---p 00005000 103:02 9838059                   /usr/lib/x86_64-linux-gnu/libXfixes.so.3.1.0
7f642c229000-7f642c22a000 r--p 00004000 103:02 9838059                   /usr/lib/x86_64-linux-gnu/libXfixes.so.3.1.0
7f642c22a000-7f642c22b000 rw-p 00005000 103:02 9838059                   /usr/lib/x86_64-linux-gnu/libXfixes.so.3.1.0
7f642c22b000-7f642c234000 r-xp 00000000 103:02 9838051                   /usr/lib/x86_64-linux-gnu/libXcursor.so.1.0.2
7f642c234000-7f642c433000 ---p 00009000 103:02 9838051                   /usr/lib/x86_64-linux-gnu/libXcursor.so.1.0.2
7f642c433000-7f642c434000 r--p 00008000 103:02 9838051                   /usr/lib/x86_64-linux-gnu/libXcursor.so.1.0.2
7f642c434000-7f642c435000 rw-p 00009000 103:02 9838051                   /usr/lib/x86_64-linux-gnu/libXcursor.so.1.0.2
7f642c435000-7f642c43e000 r-xp 00000000 103:02 9838077                   /usr/lib/x86_64-linux-gnu/libXrender.so.1.3.0
7f642c43e000-7f642c63d000 ---p 00009000 103:02 9838077                   /usr/lib/x86_64-linux-gnu/libXrender.so.1.3.0
7f642c63d000-7f642c63e000 r--p 00008000 103:02 9838077                   /usr/lib/x86_64-linux-gnu/libXrender.so.1.3.0
7f642c63e000-7f642c63f000 rw-p 00009000 103:02 9838077                   /usr/lib/x86_64-linux-gnu/libXrender.so.1.3.0
7f642c63f000-7f642c649000 r-xp 00000000 103:02 9838075                   /usr/lib/x86_64-linux-gnu/libXrandr.so.2.2.0
7f642c649000-7f642c848000 ---p 0000a000 103:02 9838075                   /usr/lib/x86_64-linux-gnu/libXrandr.so.2.2.0
7f642c848000-7f642c849000 r--p 00009000 103:02 9838075                   /usr/lib/x86_64-linux-gnu/libXrandr.so.2.2.0
7f642c849000-7f642c84a000 rw-p 0000a000 103:02 9838075                   /usr/lib/x86_64-linux-gnu/libXrandr.so.2.2.0
7f642c84a000-7f642c859000 r-xp 00000000 103:02 9838065                   /usr/lib/x86_64-linux-gnu/libXi.so.6.1.0
7f642c859000-7f642ca58000 ---p 0000f000 103:02 9838065                   /usr/lib/x86_64-linux-gnu/libXi.so.6.1.0
7f642ca58000-7f642ca59000 r--p 0000e000 103:02 9838065                   /usr/lib/x86_64-linux-gnu/libXi.so.6.1.0
7f642ca59000-7f642ca5a000 rw-p 0000f000 103:02 9838065                   /usr/lib/x86_64-linux-gnu/libXi.so.6.1.0
7f642ca5a000-7f642ca6b000 r-xp 00000000 103:02 9838057                   /usr/lib/x86_64-linux-gnu/libXext.so.6.4.0
7f642ca6b000-7f642cc6a000 ---p 00011000 103:02 9838057                   /usr/lib/x86_64-linux-gnu/libXext.so.6.4.0
7f642cc6a000-7f642cc6b000 r--p 00010000 103:02 9838057                   /usr/lib/x86_64-linux-gnu/libXext.so.6.4.0
7f642cc6b000-7f642cc6c000 rw-p 00011000 103:02 9838057                   /usr/lib/x86_64-linux-gnu/libXext.so.6.4.0
7f642cc6c000-7f642cc71000 r-xp 00000000 103:02 9838093                   /usr/lib/x86_64-linux-gnu/libXxf86vm.so.1.0.0
7f642cc71000-7f642ce70000 ---p 00005000 103:02 9838093                   /usr/lib/x86_64-linux-gnu/libXxf86vm.so.1.0.0
7f642ce70000-7f642ce71000 r--p 00004000 103:02 9838093                   /usr/lib/x86_64-linux-gnu/libXxf86vm.so.1.0.0
7f642ce71000-7f642ce72000 rw-p 00005000 103:02 9838093                   /usr/lib/x86_64-linux-gnu/libXxf86vm.so.1.0.0
7f642ce72000-7f642ce85000 r-xp 00000000 103:02 22937869                  /lib/x86_64-linux-gnu/libbsd.so.0.8.7
7f642ce85000-7f642d084000 ---p 00013000 103:02 22937869                  /lib/x86_64-linux-gnu/libbsd.so.0.8.7
7f642d084000-7f642d085000 r--p 00012000 103:02 22937869                  /lib/x86_64-linux-gnu/libbsd.so.0.8.7
7f642d085000-7f642d086000 rw-p 00013000 103:02 22937869                  /lib/x86_64-linux-gnu/libbsd.so.0.8.7
7f642d086000-7f642d087000 rw-p 00000000 00:00 0 
7f642d087000-7f642d08c000 r-xp 00000000 103:02 9838055                   /usr/lib/x86_64-linux-gnu/libXdmcp.so.6.0.0
7f642d08c000-7f642d28b000 ---p 00005000 103:02 9838055                   /usr/lib/x86_64-linux-gnu/libXdmcp.so.6.0.0
7f642d28b000-7f642d28c000 r--p 00004000 103:02 9838055                   /usr/lib/x86_64-linux-gnu/libXdmcp.so.6.0.0
7f642d28c000-7f642d28d000 rw-p 00005000 103:02 9838055                   /usr/lib/x86_64-linux-gnu/libXdmcp.so.6.0.0
7f642d28d000-7f642d28f000 r-xp 00000000 103:02 9838044                   /usr/lib/x86_64-linux-gnu/libXau.so.6.0.0
7f642d28f000-7f642d48f000 ---p 00002000 103:02 9838044                   /usr/lib/x86_64-linux-gnu/libXau.so.6.0.0
7f642d48f000-7f642d490000 r--p 00002000 103:02 9838044                   /usr/lib/x86_64-linux-gnu/libXau.so.6.0.0
7f642d490000-7f642d491000 rw-p 00003000 103:02 9838044                   /usr/lib/x86_64-linux-gnu/libXau.so.6.0.0
7f642d491000-7f642d4b7000 r-xp 00000000 103:02 9840409                   /usr/lib/x86_64-linux-gnu/libxcb.so.1.1.0
7f642d4b7000-7f642d6b7000 ---p 00026000 103:02 9840409                   /usr/lib/x86_64-linux-gnu/libxcb.so.1.1.0
7f642d6b7000-7f642d6b8000 r--p 00026000 103:02 9840409                   /usr/lib/x86_64-linux-gnu/libxcb.so.1.1.0
7f642d6b8000-7f642d6b9000 rw-p 00027000 103:02 9840409                   /usr/lib/x86_64-linux-gnu/libxcb.so.1.1.0
7f642d6b9000-7f642d7ec000 r-xp 00000000 103:02 9839217                   /usr/lib/x86_64-linux-gnu/libX11.so.6.3.0
7f642d7ec000-7f642d9ec000 ---p 00133000 103:02 9839217                   /usr/lib/x86_64-linux-gnu/libX11.so.6.3.0
7f642d9ec000-7f642d9ed000 r--p 00133000 103:02 9839217                   /usr/lib/x86_64-linux-gnu/libX11.so.6.3.0
7f642d9ed000-7f642d9f1000 rw-p 00134000 103:02 9839217                   /usr/lib/x86_64-linux-gnu/libX11.so.6.3.0
7f642d9f1000-7f642d9f3000 rw-s 00000000 103:02 15728658                  /tmp/.gl4xRLE4 (deleted)
7f642d9f7000-7f642d9f8000 rw-s 00000000 00:06 553                        /dev/nvidia0
7f642d9f8000-7f642d9fa000 rw-s 00000000 00:06 552                        /dev/nvidiactl
7f642d9fa000-7f642d9fe000 rw-s 00000000 00:06 552                        /dev/nvidiactl
7f642d9fe000-7f642d9ff000 rw-s 00000000 00:06 553                        /dev/nvidia0
7f642d9ff000-7f642da00000 rw-s 00000000 00:06 553                        /dev/nvidia0
7f642da00000-7f642da01000 rw-s 00000000 00:06 553                        /dev/nvidia0
7f642da01000-7f642da02000 rw-s 00000000 00:06 552                        /dev/nvidiactl
7f642da02000-7f642da03000 rw-s 00000000 00:06 552                        /dev/nvidiactl
7f642da03000-7f642da04000 rw-s 00000000 00:06 552                        /dev/nvidiactl
7f642da04000-7f642da0b000 r--s 00000000 103:02 10095718                  /usr/lib/x86_64-linux-gnu/gconv/gconv-modules.cache
7f642da0b000-7f642da4e000 r-xp 00000000 103:02 15991431                  /tmp/lwjglsam/3.2.3-build-13/libglfw.so
7f642da4e000-7f642dc4d000 ---p 00043000 103:02 15991431                  /tmp/lwjglsam/3.2.3-build-13/libglfw.so
7f642dc4d000-7f642dc4e000 r--p 00042000 103:02 15991431                  /tmp/lwjglsam/3.2.3-build-13/libglfw.so
7f642dc4e000-7f642dc50000 rw-p 00043000 103:02 15991431                  /tmp/lwjglsam/3.2.3-build-13/libglfw.so
7f642dc50000-7f642dc71000 rw-p 00000000 00:00 0 
7f642dc71000-7f642dcc2000 r-xp 00000000 103:02 15991430                  /tmp/lwjglsam/3.2.3-build-13/liblwjgl.so
7f642dcc2000-7f642dec1000 ---p 00051000 103:02 15991430                  /tmp/lwjglsam/3.2.3-build-13/liblwjgl.so
7f642dec1000-7f642dec2000 r--p 00050000 103:02 15991430                  /tmp/lwjglsam/3.2.3-build-13/liblwjgl.so
7f642dec2000-7f642dec3000 rw-p 00051000 103:02 15991430                  /tmp/lwjglsam/3.2.3-build-13/liblwjgl.so
7f642dec3000-7f642ded6000 r--s 00346000 103:02 9837979                   /usr/lib/jvm/java-8-openjdk-amd64/jre/lib/resources.jar
7f642ded6000-7f642deed000 r-xp 00000000 103:02 9837855                   /usr/lib/jvm/java-8-openjdk-amd64/jre/lib/amd64/libnet.so
7f642deed000-7f642e0ec000 ---p 00017000 103:02 9837855                   /usr/lib/jvm/java-8-openjdk-amd64/jre/lib/amd64/libnet.so
7f642e0ec000-7f642e0ed000 r--p 00016000 103:02 9837855                   /usr/lib/jvm/java-8-openjdk-amd64/jre/lib/amd64/libnet.so
7f642e0ed000-7f642e0ee000 rw-p 00017000 103:02 9837855                   /usr/lib/jvm/java-8-openjdk-amd64/jre/lib/amd64/libnet.so
7f642e0ee000-7f642e0ff000 r-xp 00000000 103:02 9837857                   /usr/lib/jvm/java-8-openjdk-amd64/jre/lib/amd64/libnio.so
7f642e0ff000-7f642e2ff000 ---p 00011000 103:02 9837857                   /usr/lib/jvm/java-8-openjdk-amd64/jre/lib/amd64/libnio.so
7f642e2ff000-7f642e300000 r--p 00011000 103:02 9837857                   /usr/lib/jvm/java-8-openjdk-amd64/jre/lib/amd64/libnio.so
7f642e300000-7f642e301000 rw-p 00012000 103:02 9837857                   /usr/lib/jvm/java-8-openjdk-amd64/jre/lib/amd64/libnio.so
7f642e301000-7f642e302000 r--s 00002000 08:01 16253464                   /home/sam/Downloads/pngdecoder-1.0.jar
7f642e302000-7f642e303000 r--s 00022000 08:01 17960234                   /home/sam/Downloads/lwjgl-3.2.3/lwjgl-glfw/lwjgl-glfw-natives-linux-arm64.jar
7f642e303000-7f642e31e000 r--s 001d6000 103:02 9837906                   /usr/lib/jvm/java-8-openjdk-amd64/jre/lib/ext/nashorn.jar
7f642e31e000-7f642e31f000 ---p 00000000 00:00 0 
7f642e31f000-7f642e41f000 rw-p 00000000 00:00 0 
7f642e41f000-7f642e422000 ---p 00000000 00:00 0 
7f642e422000-7f642e520000 rw-p 00000000 00:00 0 
7f642e520000-7f642e521000 ---p 00000000 00:00 0 
7f642e521000-7f642e524000 ---p 00000000 00:00 0 
7f642e524000-7f642e621000 rw-p 00000000 00:00 0 
7f642e621000-7f642e622000 ---p 00000000 00:00 0 
7f642e622000-7f642e625000 ---p 00000000 00:00 0 
7f642e625000-7f642e722000 rw-p 00000000 00:00 0 
7f642e722000-7f642e723000 ---p 00000000 00:00 0 
7f642e723000-7f642e726000 ---p 00000000 00:00 0 
7f642e726000-7f642e823000 rw-p 00000000 00:00 0 
7f642e823000-7f642e824000 ---p 00000000 00:00 0 
7f642e824000-7f642e827000 ---p 00000000 00:00 0 
7f642e827000-7f642e924000 rw-p 00000000 00:00 0 
7f642e924000-7f642e927000 ---p 00000000 00:00 0 
7f642e927000-7f642ea25000 rw-p 00000000 00:00 0 
7f642ea25000-7f642f3f4000 r--p 00000000 103:02 9837060                   /usr/lib/locale/locale-archive
7f642f3f4000-7f642f3f7000 ---p 00000000 00:00 0 
7f642f3f7000-7f642f4f5000 rw-p 00000000 00:00 0 
7f642f4f5000-7f642f4f8000 ---p 00000000 00:00 0 
7f642f4f8000-7f642f5f6000 rw-p 00000000 00:00 0 
7f642f5f6000-7f642f5f7000 ---p 00000000 00:00 0 
7f642f5f7000-7f6430000000 rw-p 00000000 00:00 0 
7f6430000000-7f6430021000 rw-p 00000000 00:00 0 
7f6430021000-7f6434000000 ---p 00000000 00:00 0 
7f6434000000-7f6434001000 r--s 00026000 08:01 17960235                   /home/sam/Downloads/lwjgl-3.2.3/lwjgl-glfw/lwjgl-glfw-natives-linux.jar
7f6434001000-7f6434004000 r--s 00018000 08:01 17960240                   /home/sam/Downloads/lwjgl-3.2.3/lwjgl-glfw/lwjgl-glfw.jar
7f6434004000-7f6434006000 r--s 0000d000 08:01 19795215                   /home/sam/Downloads/lwjgl-3.2.3/lwjgl-opengl/lwjgl-opengl-natives-linux-arm64.jar
7f6434006000-7f6434011000 r--s 000da000 08:01 19795221                   /home/sam/Downloads/lwjgl-3.2.3/lwjgl-opengl/lwjgl-opengl.jar
7f6434011000-7f6434018000 r--s 00081000 08:01 16518147                   /home/sam/Downloads/lwjgl-3.2.3/lwjgl/lwjgl.jar
7f6434018000-7f6444000000 rw-p 00000000 00:00 0 
7f6444000000-7f6444021000 rw-p 00000000 00:00 0 
7f6444021000-7f6448000000 ---p 00000000 00:00 0 
7f6448000000-7f6448021000 rw-p 00000000 00:00 0 
7f6448021000-7f644c000000 ---p 00000000 00:00 0 
7f644c000000-7f644c021000 rw-p 00000000 00:00 0 
7f644c021000-7f6450000000 ---p 00000000 00:00 0 
7f6450000000-7f6450021000 rw-p 00000000 00:00 0 
7f6450021000-7f6454000000 ---p 00000000 00:00 0 
7f6454000000-7f6454021000 rw-p 00000000 00:00 0 
7f6454021000-7f6458000000 ---p 00000000 00:00 0 
7f6458000000-7f6458021000 rw-p 00000000 00:00 0 
7f6458021000-7f645c000000 ---p 00000000 00:00 0 
7f645c000000-7f645c001000 r--s 00013000 08:01 19795216                   /home/sam/Downloads/lwjgl-3.2.3/lwjgl-opengl/lwjgl-opengl-natives-linux.jar
7f645c001000-7f645c002000 r--s 0000c000 08:01 16517972                   /home/sam/Downloads/lwjgl-3.2.3/lwjgl/lwjgl-natives-linux-arm64.jar
7f645c002000-7f645d38b000 rw-p 00000000 00:00 0 
7f645d38b000-7f645d55b000 r--s 03c5f000 103:02 9837981                   /usr/lib/jvm/java-8-openjdk-amd64/jre/lib/rt.jar
7f645d55b000-7f645ecf5000 rw-p 00000000 00:00 0 
7f645ecf5000-7f645ecf6000 ---p 00000000 00:00 0 
7f645ecf6000-7f645edf6000 rw-p 00000000 00:00 0 
7f645edf6000-7f645edf7000 ---p 00000000 00:00 0 
7f645edf7000-7f645eef7000 rw-p 00000000 00:00 0 
7f645eef7000-7f645eef8000 ---p 00000000 00:00 0 
7f645eef8000-7f645eff8000 rw-p 00000000 00:00 0 
7f645eff8000-7f645eff9000 ---p 00000000 00:00 0 
7f645eff9000-7f645f0f9000 rw-p 00000000 00:00 0 
7f645f0f9000-7f645f0fa000 ---p 00000000 00:00 0 
7f645f0fa000-7f645f1fa000 rw-p 00000000 00:00 0 
7f645f1fa000-7f645f1fb000 ---p 00000000 00:00 0 
7f645f1fb000-7f645f2fb000 rw-p 00000000 00:00 0 
7f645f2fb000-7f645f2fc000 ---p 00000000 00:00 0 
7f645f2fc000-7f645f3fc000 rw-p 00000000 00:00 0 
7f645f3fc000-7f645f3fd000 ---p 00000000 00:00 0 
7f645f3fd000-7f645f4fd000 rw-p 00000000 00:00 0 
7f645f4fd000-7f645f4fe000 ---p 00000000 00:00 0 
7f645f4fe000-7f645f6a5000 rw-p 00000000 00:00 0 
7f645f6a5000-7f6460065000 ---p 00000000 00:00 0 
7f6460065000-7f646010c000 rw-p 00000000 00:00 0 
7f646010c000-7f6460acb000 ---p 00000000 00:00 0 
7f6460acb000-7f6460b1f000 rw-p 00000000 00:00 0 
7f6460b1f000-7f6460fff000 ---p 00000000 00:00 0 
7f6460fff000-7f6461000000 rw-p 00000000 00:00 0 
7f6461000000-7f6461450000 rwxp 00000000 00:00 0 
7f6461450000-7f6470000000 ---p 00000000 00:00 0 
7f6470000000-7f6473ef3000 rw-p 00000000 00:00 0 
7f6473ef3000-7f6474000000 ---p 00000000 00:00 0 
7f6474000000-7f6474001000 r--s 00012000 08:01 16517973                   /home/sam/Downloads/lwjgl-3.2.3/lwjgl/lwjgl-natives-linux.jar
7f6474001000-7f6474006000 r--s 0003d000 103:02 9837915                   /usr/lib/jvm/java-8-openjdk-amd64/jre/lib/ext/sunjce_provider.jar
7f6474006000-7f647400a000 r--s 0003a000 103:02 9837917                   /usr/lib/jvm/java-8-openjdk-amd64/jre/lib/ext/sunpkcs11.jar
7f647400a000-7f647400d000 r--s 0000f000 103:02 9837900                   /usr/lib/jvm/java-8-openjdk-amd64/jre/lib/ext/icedtea-sound.jar
7f647400d000-7f64740de000 rw-p 00000000 00:00 0 
7f64740de000-7f64740df000 ---p 00000000 00:00 0 
7f64740df000-7f64741f1000 rw-p 00000000 00:00 0 
7f64741f1000-7f647459f000 ---p 00000000 00:00 0 
7f647459f000-7f64745a7000 r-xp 00000000 103:02 9837871                   /usr/lib/jvm/java-8-openjdk-amd64/jre/lib/amd64/libzip.so
7f64745a7000-7f64747a6000 ---p 00008000 103:02 9837871                   /usr/lib/jvm/java-8-openjdk-amd64/jre/lib/amd64/libzip.so
7f64747a6000-7f64747a7000 r--p 00007000 103:02 9837871                   /usr/lib/jvm/java-8-openjdk-amd64/jre/lib/amd64/libzip.so
7f64747a7000-7f64747a8000 rw-p 00008000 103:02 9837871                   /usr/lib/jvm/java-8-openjdk-amd64/jre/lib/amd64/libzip.so
7f64747a8000-7f64747b3000 r-xp 00000000 103:02 22942476                  /lib/x86_64-linux-gnu/libnss_files-2.27.so
7f64747b3000-7f64749b2000 ---p 0000b000 103:02 22942476                  /lib/x86_64-linux-gnu/libnss_files-2.27.so
7f64749b2000-7f64749b3000 r--p 0000a000 103:02 22942476                  /lib/x86_64-linux-gnu/libnss_files-2.27.so
7f64749b3000-7f64749b4000 rw-p 0000b000 103:02 22942476                  /lib/x86_64-linux-gnu/libnss_files-2.27.so
7f64749b4000-7f64749ba000 rw-p 00000000 00:00 0 
7f64749ba000-7f64749d1000 r-xp 00000000 103:02 22942470                  /lib/x86_64-linux-gnu/libnsl-2.27.so
7f64749d1000-7f6474bd0000 ---p 00017000 103:02 22942470                  /lib/x86_64-linux-gnu/libnsl-2.27.so
7f6474bd0000-7f6474bd1000 r--p 00016000 103:02 22942470                  /lib/x86_64-linux-gnu/libnsl-2.27.so
7f6474bd1000-7f6474bd2000 rw-p 00017000 103:02 22942470                  /lib/x86_64-linux-gnu/libnsl-2.27.so
7f6474bd2000-7f6474bd4000 rw-p 00000000 00:00 0 
7f6474bd4000-7f6474bdf000 r-xp 00000000 103:02 22942487                  /lib/x86_64-linux-gnu/libnss_nis-2.27.so
7f6474bdf000-7f6474dde000 ---p 0000b000 103:02 22942487                  /lib/x86_64-linux-gnu/libnss_nis-2.27.so
7f6474dde000-7f6474ddf000 r--p 0000a000 103:02 22942487                  /lib/x86_64-linux-gnu/libnss_nis-2.27.so
7f6474ddf000-7f6474de0000 rw-p 0000b000 103:02 22942487                  /lib/x86_64-linux-gnu/libnss_nis-2.27.so
7f6474de0000-7f6474de8000 r-xp 00000000 103:02 22942472                  /lib/x86_64-linux-gnu/libnss_compat-2.27.so
7f6474de8000-7f6474fe8000 ---p 00008000 103:02 22942472                  /lib/x86_64-linux-gnu/libnss_compat-2.27.so
7f6474fe8000-7f6474fe9000 r--p 00008000 103:02 22942472                  /lib/x86_64-linux-gnu/libnss_compat-2.27.so
7f6474fe9000-7f6474fea000 rw-p 00009000 103:02 22942472                  /lib/x86_64-linux-gnu/libnss_compat-2.27.so
7f6474fea000-7f6475014000 r-xp 00000000 103:02 9837833                   /usr/lib/jvm/java-8-openjdk-amd64/jre/lib/amd64/libjava.so
7f6475014000-7f6475213000 ---p 0002a000 103:02 9837833                   /usr/lib/jvm/java-8-openjdk-amd64/jre/lib/amd64/libjava.so
7f6475213000-7f6475214000 r--p 00029000 103:02 9837833                   /usr/lib/jvm/java-8-openjdk-amd64/jre/lib/amd64/libjava.so
7f6475214000-7f6475216000 rw-p 0002a000 103:02 9837833                   /usr/lib/jvm/java-8-openjdk-amd64/jre/lib/amd64/libjava.so
7f6475216000-7f6475226000 r-xp 00000000 103:02 9837869                   /usr/lib/jvm/java-8-openjdk-amd64/jre/lib/amd64/libverify.so
7f6475226000-7f6475425000 ---p 00010000 103:02 9837869                   /usr/lib/jvm/java-8-openjdk-amd64/jre/lib/amd64/libverify.so
7f6475425000-7f6475427000 r--p 0000f000 103:02 9837869                   /usr/lib/jvm/java-8-openjdk-amd64/jre/lib/amd64/libverify.so
7f6475427000-7f6475428000 rw-p 00011000 103:02 9837869                   /usr/lib/jvm/java-8-openjdk-amd64/jre/lib/amd64/libverify.so
7f6475428000-7f647542f000 r-xp 00000000 103:02 22942527                  /lib/x86_64-linux-gnu/librt-2.27.so
7f647542f000-7f647562e000 ---p 00007000 103:02 22942527                  /lib/x86_64-linux-gnu/librt-2.27.so
7f647562e000-7f647562f000 r--p 00006000 103:02 22942527                  /lib/x86_64-linux-gnu/librt-2.27.so
7f647562f000-7f6475630000 rw-p 00007000 103:02 22942527                  /lib/x86_64-linux-gnu/librt-2.27.so
7f6475630000-7f6475647000 r-xp 00000000 103:02 22937606                  /lib/x86_64-linux-gnu/libgcc_s.so.1
7f6475647000-7f6475846000 ---p 00017000 103:02 22937606                  /lib/x86_64-linux-gnu/libgcc_s.so.1
7f6475846000-7f6475847000 r--p 00016000 103:02 22937606                  /lib/x86_64-linux-gnu/libgcc_s.so.1
7f6475847000-7f6475848000 rw-p 00017000 103:02 22937606                  /lib/x86_64-linux-gnu/libgcc_s.so.1
7f6475848000-7f64759e5000 r-xp 00000000 103:02 22942449                  /lib/x86_64-linux-gnu/libm-2.27.so
7f64759e5000-7f6475be4000 ---p 0019d000 103:02 22942449                  /lib/x86_64-linux-gnu/libm-2.27.so
7f6475be4000-7f6475be5000 r--p 0019c000 103:02 22942449                  /lib/x86_64-linux-gnu/libm-2.27.so
7f6475be5000-7f6475be6000 rw-p 0019d000 103:02 22942449                  /lib/x86_64-linux-gnu/libm-2.27.so
7f6475be6000-7f6475d5f000 r-xp 00000000 103:02 9830530                   /usr/lib/x86_64-linux-gnu/libstdc++.so.6.0.25
7f6475d5f000-7f6475f5f000 ---p 00179000 103:02 9830530                   /usr/lib/x86_64-linux-gnu/libstdc++.so.6.0.25
7f6475f5f000-7f6475f69000 r--p 00179000 103:02 9830530                   /usr/lib/x86_64-linux-gnu/libstdc++.so.6.0.25
7f6475f69000-7f6475f6b000 rw-p 00183000 103:02 9830530                   /usr/lib/x86_64-linux-gnu/libstdc++.so.6.0.25
7f6475f6b000-7f6475f6f000 rw-p 00000000 00:00 0 
7f6475f6f000-7f6476c11000 r-xp 00000000 103:02 9837875                   /usr/lib/jvm/java-8-openjdk-amd64/jre/lib/amd64/server/libjvm.so
7f6476c11000-7f6476e10000 ---p 00ca2000 103:02 9837875                   /usr/lib/jvm/java-8-openjdk-amd64/jre/lib/amd64/server/libjvm.so
7f6476e10000-7f6476ea4000 r--p 00ca1000 103:02 9837875                   /usr/lib/jvm/java-8-openjdk-amd64/jre/lib/amd64/server/libjvm.so
7f6476ea4000-7f6476ecd000 rw-p 00d35000 103:02 9837875                   /usr/lib/jvm/java-8-openjdk-amd64/jre/lib/amd64/server/libjvm.so
7f6476ecd000-7f6476efd000 rw-p 00000000 00:00 0 
7f6476efd000-7f6476f17000 r-xp 00000000 103:02 22942519                  /lib/x86_64-linux-gnu/libpthread-2.27.so
7f6476f17000-7f6477116000 ---p 0001a000 103:02 22942519                  /lib/x86_64-linux-gnu/libpthread-2.27.so
7f6477116000-7f6477117000 r--p 00019000 103:02 22942519                  /lib/x86_64-linux-gnu/libpthread-2.27.so
7f6477117000-7f6477118000 rw-p 0001a000 103:02 22942519                  /lib/x86_64-linux-gnu/libpthread-2.27.so
7f6477118000-7f647711c000 rw-p 00000000 00:00 0 
7f647711c000-7f647711f000 r-xp 00000000 103:02 22942409                  /lib/x86_64-linux-gnu/libdl-2.27.so
7f647711f000-7f647731e000 ---p 00003000 103:02 22942409                  /lib/x86_64-linux-gnu/libdl-2.27.so
7f647731e000-7f647731f000 r--p 00002000 103:02 22942409                  /lib/x86_64-linux-gnu/libdl-2.27.so
7f647731f000-7f6477320000 rw-p 00003000 103:02 22942409                  /lib/x86_64-linux-gnu/libdl-2.27.so
7f6477320000-7f647733c000 r-xp 00000000 103:02 22942558                  /lib/x86_64-linux-gnu/libz.so.1.2.11
7f647733c000-7f647753b000 ---p 0001c000 103:02 22942558                  /lib/x86_64-linux-gnu/libz.so.1.2.11
7f647753b000-7f647753c000 r--p 0001b000 103:02 22942558                  /lib/x86_64-linux-gnu/libz.so.1.2.11
7f647753c000-7f647753d000 rw-p 0001c000 103:02 22942558                  /lib/x86_64-linux-gnu/libz.so.1.2.11
7f647753d000-7f6477724000 r-xp 00000000 103:02 22942386                  /lib/x86_64-linux-gnu/libc-2.27.so
7f6477724000-7f6477924000 ---p 001e7000 103:02 22942386                  /lib/x86_64-linux-gnu/libc-2.27.so
7f6477924000-7f6477928000 r--p 001e7000 103:02 22942386                  /lib/x86_64-linux-gnu/libc-2.27.so
7f6477928000-7f647792a000 rw-p 001eb000 103:02 22942386                  /lib/x86_64-linux-gnu/libc-2.27.so
7f647792a000-7f647792e000 rw-p 00000000 00:00 0 
7f647792e000-7f647793c000 r-xp 00000000 103:02 9833482                   /usr/lib/jvm/java-8-openjdk-amd64/jre/lib/amd64/jli/libjli.so
7f647793c000-7f6477b3b000 ---p 0000e000 103:02 9833482                   /usr/lib/jvm/java-8-openjdk-amd64/jre/lib/amd64/jli/libjli.so
7f6477b3b000-7f6477b3c000 r--p 0000d000 103:02 9833482                   /usr/lib/jvm/java-8-openjdk-amd64/jre/lib/amd64/jli/libjli.so
7f6477b3c000-7f6477b3d000 rw-p 0000e000 103:02 9833482                   /usr/lib/jvm/java-8-openjdk-amd64/jre/lib/amd64/jli/libjli.so
7f6477b3d000-7f6477b64000 r-xp 00000000 103:02 22942358                  /lib/x86_64-linux-gnu/ld-2.27.so
7f6477b64000-7f6477b65000 r--s 0000a000 103:02 9837902                   /usr/lib/jvm/java-8-openjdk-amd64/jre/lib/ext/jaccess.jar
7f6477b65000-7f6477b80000 r--s 00394000 103:02 9837896                   /usr/lib/jvm/java-8-openjdk-amd64/jre/lib/ext/cldrdata.jar
7f6477b80000-7f6477c45000 rw-p 00000000 00:00 0 
7f6477c45000-7f6477c46000 ---p 00000000 00:00 0 
7f6477c46000-7f6477c49000 ---p 00000000 00:00 0 
7f6477c49000-7f6477d48000 rw-p 00000000 00:00 0 
7f6477d48000-7f6477d4a000 r--s 00001000 103:02 9837898                   /usr/lib/jvm/java-8-openjdk-amd64/jre/lib/ext/dnsns.jar
7f6477d4a000-7f6477d54000 r--s 00116000 103:02 9837904                   /usr/lib/jvm/java-8-openjdk-amd64/jre/lib/ext/localedata.jar
7f6477d54000-7f6477d56000 r--s 00007000 103:02 10224650                  /usr/share/java/java-atk-wrapper.jar
7f6477d56000-7f6477d57000 r--s 0000d000 103:02 9837913                   /usr/lib/jvm/java-8-openjdk-amd64/jre/lib/ext/sunec.jar
7f6477d57000-7f6477d58000 r--s 00010000 103:02 9837919                   /usr/lib/jvm/java-8-openjdk-amd64/jre/lib/ext/zipfs.jar
7f6477d58000-7f6477d60000 rw-s 00000000 103:02 15990796                  /tmp/hsperfdata_sam/4128
7f6477d60000-7f6477d61000 rw-p 00000000 00:00 0 
7f6477d61000-7f6477d62000 r--p 00000000 00:00 0 
7f6477d62000-7f6477d64000 rw-p 00000000 00:00 0 
7f6477d64000-7f6477d65000 r--p 00027000 103:02 22942358                  /lib/x86_64-linux-gnu/ld-2.27.so
7f6477d65000-7f6477d66000 rw-p 00028000 103:02 22942358                  /lib/x86_64-linux-gnu/ld-2.27.so
7f6477d66000-7f6477d67000 rw-p 00000000 00:00 0 
7ffdd0158000-7ffdd0179000 rw-p 00000000 00:00 0                          [stack]
7ffdd01cd000-7ffdd01d0000 r--p 00000000 00:00 0                          [vvar]
7ffdd01d0000-7ffdd01d1000 r-xp 00000000 00:00 0                          [vdso]
ffffffffff600000-ffffffffff601000 --xp 00000000 00:00 0                  [vsyscall]

VM Arguments:
jvm_args: -Dfile.encoding=UTF-8 
java_command: main.Main
java_class_path (initial): /home/sam/Downloads/lwjgl-3.2.3/lwjgl/lwjgl.jar:/home/sam/Downloads/lwjgl-3.2.3/lwjgl/lwjgl-natives-linux.jar:/home/sam/Downloads/lwjgl-3.2.3/lwjgl/lwjgl-natives-linux-arm64.jar:/home/sam/Downloads/lwjgl-3.2.3/lwjgl-opengl/lwjgl-opengl.jar:/home/sam/Downloads/lwjgl-3.2.3/lwjgl-opengl/lwjgl-opengl-natives-linux.jar:/home/sam/Downloads/lwjgl-3.2.3/lwjgl-opengl/lwjgl-opengl-natives-linux-arm64.jar:/home/sam/Downloads/lwjgl-3.2.3/lwjgl-glfw/lwjgl-glfw.jar:/home/sam/Downloads/lwjgl-3.2.3/lwjgl-glfw/lwjgl-glfw-natives-linux.jar:/home/sam/Downloads/lwjgl-3.2.3/lwjgl-glfw/lwjgl-glfw-natives-linux-arm64.jar:/home/sam/Downloads/pngdecoder-1.0.jar:/home/sam/eclipse/workspace/LWJGL-ENGINE/bin
Launcher Type: SUN_STANDARD

Environment Variables:
PATH=/usr/local/sbin:/usr/local/bin:/usr/sbin:/usr/bin:/sbin:/bin:/usr/games:/usr/local/games:/snap/bin
USERNAME=sam
SHELL=/bin/bash
DISPLAY=:0

Signal Handlers:
SIGSEGV: [libjvm.so+0xabafd0], sa_mask[0]=11111111011111111101111111111110, sa_flags=SA_RESTART|SA_SIGINFO
SIGBUS: [libjvm.so+0xabafd0], sa_mask[0]=11111111011111111101111111111110, sa_flags=SA_RESTART|SA_SIGINFO
SIGFPE: [libjvm.so+0x8f05b0], sa_mask[0]=11111111011111111101111111111110, sa_flags=SA_RESTART|SA_SIGINFO
SIGPIPE: [libjvm.so+0x8f05b0], sa_mask[0]=11111111011111111101111111111110, sa_flags=SA_RESTART|SA_SIGINFO
SIGXFSZ: [libjvm.so+0x8f05b0], sa_mask[0]=11111111011111111101111111111110, sa_flags=SA_RESTART|SA_SIGINFO
SIGILL: [libjvm.so+0x8f05b0], sa_mask[0]=11111111011111111101111111111110, sa_flags=SA_RESTART|SA_SIGINFO
SIGUSR1: SIG_DFL, sa_mask[0]=00000000000000000000000000000000, sa_flags=none
SIGUSR2: [libjvm.so+0x8f0460], sa_mask[0]=00100000000000000000000000000000, sa_flags=SA_RESTART|SA_SIGINFO
SIGHUP: [libjvm.so+0x8f0ad0], sa_mask[0]=11111111011111111101111111111110, sa_flags=SA_RESTART|SA_SIGINFO
SIGINT: [libjvm.so+0x8f0ad0], sa_mask[0]=11111111011111111101111111111110, sa_flags=SA_RESTART|SA_SIGINFO
SIGTERM: [libjvm.so+0x8f0ad0], sa_mask[0]=11111111011111111101111111111110, sa_flags=SA_RESTART|SA_SIGINFO
SIGQUIT: [libjvm.so+0x8f0ad0], sa_mask[0]=11111111011111111101111111111110, sa_flags=SA_RESTART|SA_SIGINFO


---------------  S Y S T E M  ---------------

OS:DISTRIB_ID=Ubuntu
DISTRIB_RELEASE=18.04
DISTRIB_CODENAME=bionic
DISTRIB_DESCRIPTION="Ubuntu 18.04.3 LTS"

uname:Linux 5.3.0-26-generic #28~18.04.1-Ubuntu SMP Wed Dec 18 16:40:14 UTC 2019 x86_64
libc:glibc 2.27 NPTL 2.27 
rlimit: STACK 8192k, CORE 0k, NPROC 127594, NOFILE 1048576, AS infinity
load average:1.49 0.86 0.60

/proc/meminfo:
MemTotal:       32713532 kB
MemFree:        27508140 kB
MemAvailable:   28527892 kB
Buffers:          220860 kB
Cached:          1654848 kB
SwapCached:            0 kB
Active:          3406084 kB
Inactive:        1118956 kB
Active(anon):    2834448 kB
Inactive(anon):   388752 kB
Active(file):     571636 kB
Inactive(file):   730204 kB
Unevictable:      184216 kB
Mlocked:             112 kB
SwapTotal:       2097148 kB
SwapFree:        2097148 kB
Dirty:              1288 kB
Writeback:             0 kB
AnonPages:       2833512 kB
Mapped:           839548 kB
Shmem:            574168 kB
KReclaimable:     174500 kB
Slab:             257124 kB
SReclaimable:     174500 kB
SUnreclaim:        82624 kB
KernelStack:       18024 kB
PageTables:        58456 kB
NFS_Unstable:          0 kB
Bounce:                0 kB
WritebackTmp:          0 kB
CommitLimit:    18453912 kB
Committed_AS:    9780160 kB
VmallocTotal:   34359738367 kB
VmallocUsed:       61684 kB
VmallocChunk:          0 kB
Percpu:             5632 kB
HardwareCorrupted:     0 kB
AnonHugePages:         0 kB
ShmemHugePages:        0 kB
ShmemPmdMapped:        0 kB
CmaTotal:              0 kB
CmaFree:               0 kB
HugePages_Total:       0
HugePages_Free:        0
HugePages_Rsvd:        0
HugePages_Surp:        0
Hugepagesize:       2048 kB
Hugetlb:               0 kB
DirectMap4k:      336544 kB
DirectMap2M:     7878656 kB
DirectMap1G:    25165824 kB

container (cgroup) information:
container_type: cgroupv1
cpu_cpuset_cpus: 0-11
cpu_memory_nodes: 0
active_processor_count: 12
cpu_quota: -1
cpu_period: 100000
cpu_shares: -1
memory_limit_in_bytes: -1
memory_and_swap_limit_in_bytes: -2
memory_soft_limit_in_bytes: -1
memory_usage_in_bytes: 4821262336
memory_max_usage_in_bytes: 0


CPU:total 12 (initial active 12) (6 cores per cpu, 2 threads per core) family 6 model 158 stepping 10, cmov, cx8, fxsr, mmx, sse, sse2, sse3, ssse3, sse4.1, sse4.2, popcnt, avx, avx2, aes, clmul, erms, 3dnowpref, lzcnt, ht, tsc, tscinvbit, bmi1, bmi2, adx

/proc/cpuinfo:
processor	: 0
vendor_id	: GenuineIntel
cpu family	: 6
model		: 158
model name	: Intel(R) Core(TM) i7-8750H CPU @ 2.20GHz
stepping	: 10
microcode	: 0xca
cpu MHz		: 3900.463
cache size	: 9216 KB
physical id	: 0
siblings	: 12
core id		: 0
cpu cores	: 6
apicid		: 0
initial apicid	: 0
fpu		: yes
fpu_exception	: yes
cpuid level	: 22
wp		: yes
flags		: fpu vme de pse tsc msr pae mce cx8 apic sep mtrr pge mca cmov pat pse36 clflush dts acpi mmx fxsr sse sse2 ss ht tm pbe syscall nx pdpe1gb rdtscp lm constant_tsc art arch_perfmon pebs bts rep_good nopl xtopology nonstop_tsc cpuid aperfmperf pni pclmulqdq dtes64 monitor ds_cpl vmx est tm2 ssse3 sdbg fma cx16 xtpr pdcm pcid sse4_1 sse4_2 x2apic movbe popcnt tsc_deadline_timer aes xsave avx f16c rdrand lahf_lm abm 3dnowprefetch cpuid_fault epb invpcid_single pti ssbd ibrs ibpb stibp tpr_shadow vnmi flexpriority ept vpid ept_ad fsgsbase tsc_adjust bmi1 avx2 smep bmi2 erms invpcid mpx rdseed adx smap clflushopt intel_pt xsaveopt xsavec xgetbv1 xsaves dtherm ida arat pln pts hwp hwp_notify hwp_act_window hwp_epp md_clear flush_l1d
bugs		: cpu_meltdown spectre_v1 spectre_v2 spec_store_bypass l1tf mds swapgs itlb_multihit
bogomips	: 4399.99
clflush size	: 64
cache_alignment	: 64
address sizes	: 39 bits physical, 48 bits virtual
power management:

processor	: 1
vendor_id	: GenuineIntel
cpu family	: 6
model		: 158
model name	: Intel(R) Core(TM) i7-8750H CPU @ 2.20GHz
stepping	: 10
microcode	: 0xca
cpu MHz		: 3900.217
cache size	: 9216 KB
physical id	: 0
siblings	: 12
core id		: 1
cpu cores	: 6
apicid		: 2
initial apicid	: 2
fpu		: yes
fpu_exception	: yes
cpuid level	: 22
wp		: yes
flags		: fpu vme de pse tsc msr pae mce cx8 apic sep mtrr pge mca cmov pat pse36 clflush dts acpi mmx fxsr sse sse2 ss ht tm pbe syscall nx pdpe1gb rdtscp lm constant_tsc art arch_perfmon pebs bts rep_good nopl xtopology nonstop_tsc cpuid aperfmperf pni pclmulqdq dtes64 monitor ds_cpl vmx est tm2 ssse3 sdbg fma cx16 xtpr pdcm pcid sse4_1 sse4_2 x2apic movbe popcnt tsc_deadline_timer aes xsave avx f16c rdrand lahf_lm abm 3dnowprefetch cpuid_fault epb invpcid_single pti ssbd ibrs ibpb stibp tpr_shadow vnmi flexpriority ept vpid ept_ad fsgsbase tsc_adjust bmi1 avx2 smep bmi2 erms invpcid mpx rdseed adx smap clflushopt intel_pt xsaveopt xsavec xgetbv1 xsaves dtherm ida arat pln pts hwp hwp_notify hwp_act_window hwp_epp md_clear flush_l1d
bugs		: cpu_meltdown spectre_v1 spectre_v2 spec_store_bypass l1tf mds swapgs itlb_multihit
bogomips	: 4399.99
clflush size	: 64
cache_alignment	: 64
address sizes	: 39 bits physical, 48 bits virtual
power management:

processor	: 2
vendor_id	: GenuineIntel
cpu family	: 6
model		: 158
model name	: Intel(R) Core(TM) i7-8750H CPU @ 2.20GHz
stepping	: 10
microcode	: 0xca
cpu MHz		: 3900.098
cache size	: 9216 KB
physical id	: 0
siblings	: 12
core id		: 2
cpu cores	: 6
apicid		: 4
initial apicid	: 4
fpu		: yes
fpu_exception	: yes
cpuid level	: 22
wp		: yes
flags		: fpu vme de pse tsc msr pae mce cx8 apic sep mtrr pge mca cmov pat pse36 clflush dts acpi mmx fxsr sse sse2 ss ht tm pbe syscall nx pdpe1gb rdtscp lm constant_tsc art arch_perfmon pebs bts rep_good nopl xtopology nonstop_tsc cpuid aperfmperf pni pclmulqdq dtes64 monitor ds_cpl vmx est tm2 ssse3 sdbg fma cx16 xtpr pdcm pcid sse4_1 sse4_2 x2apic movbe popcnt tsc_deadline_timer aes xsave avx f16c rdrand lahf_lm abm 3dnowprefetch cpuid_fault epb invpcid_single pti ssbd ibrs ibpb stibp tpr_shadow vnmi flexpriority ept vpid ept_ad fsgsbase tsc_adjust bmi1 avx2 smep bmi2 erms invpcid mpx rdseed adx smap clflushopt intel_pt xsaveopt xsavec xgetbv1 xsaves dtherm ida arat pln pts hwp hwp_notify hwp_act_window hwp_epp md_clear flush_l1d
bugs		: cpu_meltdown spectre_v1 spectre_v2 spec_store_bypass l1tf mds swapgs itlb_multihit
bogomips	: 4399.99
clflush size	: 64
cache_alignment	: 64
address sizes	: 39 bits physical, 48 bits virtual
power management:

processor	: 3
vendor_id	: GenuineIntel
cpu family	: 6
model		: 158
model name	: Intel(R) Core(TM) i7-8750H CPU @ 2.20GHz
stepping	: 10
microcode	: 0xca
cpu MHz		: 3900.088
cache size	: 9216 KB
physical id	: 0
siblings	: 12
core id		: 3
cpu cores	: 6
apicid		: 6
initial apicid	: 6
fpu		: yes
fpu_exception	: yes
cpuid level	: 22
wp		: yes
flags		: fpu vme de pse tsc msr pae mce cx8 apic sep mtrr pge mca cmov pat pse36 clflush dts acpi mmx fxsr sse sse2 ss ht tm pbe syscall nx pdpe1gb rdtscp lm constant_tsc art arch_perfmon pebs bts rep_good nopl xtopology nonstop_tsc cpuid aperfmperf pni pclmulqdq dtes64 monitor ds_cpl vmx est tm2 ssse3 sdbg fma cx16 xtpr pdcm pcid sse4_1 sse4_2 x2apic movbe popcnt tsc_deadline_timer aes xsave avx f16c rdrand lahf_lm abm 3dnowprefetch cpuid_fault epb invpcid_single pti ssbd ibrs ibpb stibp tpr_shadow vnmi flexpriority ept vpid ept_ad fsgsbase tsc_adjust bmi1 avx2 smep bmi2 erms invpcid mpx rdseed adx smap clflushopt intel_pt xsaveopt xsavec xgetbv1 xsaves dtherm ida arat pln pts hwp hwp_notify hwp_act_window hwp_epp md_clear flush_l1d
bugs		: cpu_meltdown spectre_v1 spectre_v2 spec_store_bypass l1tf mds swapgs itlb_multihit
bogomips	: 4399.99
clflush size	: 64
cache_alignment	: 64
address sizes	: 39 bits physical, 48 bits virtual
power management:

processor	: 4
vendor_id	: GenuineIntel
cpu family	: 6
model		: 158
model name	: Intel(R) Core(TM) i7-8750H CPU @ 2.20GHz
stepping	: 10
microcode	: 0xca
cpu MHz		: 3900.026
cache size	: 9216 KB
physical id	: 0
siblings	: 12
core id		: 4
cpu cores	: 6
apicid		: 8
initial apicid	: 8
fpu		: yes
fpu_exception	: yes
cpuid level	: 22
wp		: yes
flags		: fpu vme de pse tsc msr pae mce cx8 apic sep mtrr pge mca cmov pat pse36 clflush dts acpi mmx fxsr sse sse2 ss ht tm pbe syscall nx pdpe1gb rdtscp lm constant_tsc art arch_perfmon pebs bts rep_good nopl xtopology nonstop_tsc cpuid aperfmperf pni pclmulqdq dtes64 monitor ds_cpl vmx est tm2 ssse3 sdbg fma cx16 xtpr pdcm pcid sse4_1 sse4_2 x2apic movbe popcnt tsc_deadline_timer aes xsave avx f16c rdrand lahf_lm abm 3dnowprefetch cpuid_fault epb invpcid_single pti ssbd ibrs ibpb stibp tpr_shadow vnmi flexpriority ept vpid ept_ad fsgsbase tsc_adjust bmi1 avx2 smep bmi2 erms invpcid mpx rdseed adx smap clflushopt intel_pt xsaveopt xsavec xgetbv1 xsaves dtherm ida arat pln pts hwp hwp_notify hwp_act_window hwp_epp md_clear flush_l1d
bugs		: cpu_meltdown spectre_v1 spectre_v2 spec_store_bypass l1tf mds swapgs itlb_multihit
bogomips	: 4399.99
clflush size	: 64
cache_alignment	: 64
address sizes	: 39 bits physical, 48 bits virtual
power management:

processor	: 5
vendor_id	: GenuineIntel
cpu family	: 6
model		: 158
model name	: Intel(R) Core(TM) i7-8750H CPU @ 2.20GHz
stepping	: 10
microcode	: 0xca
cpu MHz		: 3899.999
cache size	: 9216 KB
physical id	: 0
siblings	: 12
core id		: 5
cpu cores	: 6
apicid		: 10
initial apicid	: 10
fpu		: yes
fpu_exception	: yes
cpuid level	: 22
wp		: yes
flags		: fpu vme de pse tsc msr pae mce cx8 apic sep mtrr pge mca cmov pat pse36 clflush dts acpi mmx fxsr sse sse2 ss ht tm pbe syscall nx pdpe1gb rdtscp lm constant_tsc art arch_perfmon pebs bts rep_good nopl xtopology nonstop_tsc cpuid aperfmperf pni pclmulqdq dtes64 monitor ds_cpl vmx est tm2 ssse3 sdbg fma cx16 xtpr pdcm pcid sse4_1 sse4_2 x2apic movbe popcnt tsc_deadline_timer aes xsave avx f16c rdrand lahf_lm abm 3dnowprefetch cpuid_fault epb invpcid_single pti ssbd ibrs ibpb stibp tpr_shadow vnmi flexpriority ept vpid ept_ad fsgsbase tsc_adjust bmi1 avx2 smep bmi2 erms invpcid mpx rdseed adx smap clflushopt intel_pt xsaveopt xsavec xgetbv1 xsaves dtherm ida arat pln pts hwp hwp_notify hwp_act_window hwp_epp md_clear flush_l1d
bugs		: cpu_meltdown spectre_v1 spectre_v2 spec_store_bypass l1tf mds swapgs itlb_multihit
bogomips	: 4399.99
clflush size	: 64
cache_alignment	: 64
address sizes	: 39 bits physical, 48 bits virtual
power management:

processor	: 6
vendor_id	: GenuineIntel
cpu family	: 6
model		: 158
model name	: Intel(R) Core(TM) i7-8750H CPU @ 2.20GHz
stepping	: 10
microcode	: 0xca
cpu MHz		: 3900.126
cache size	: 9216 KB
physical id	: 0
siblings	: 12
core id		: 0
cpu cores	: 6
apicid		: 1
initial apicid	: 1
fpu		: yes
fpu_exception	: yes
cpuid level	: 22
wp		: yes
flags		: fpu vme de pse tsc msr pae mce cx8 apic sep mtrr pge mca cmov pat pse36 clflush dts acpi mmx fxsr sse sse2 ss ht tm pbe syscall nx pdpe1gb rdtscp lm constant_tsc art arch_perfmon pebs bts rep_good nopl xtopology nonstop_tsc cpuid aperfmperf pni pclmulqdq dtes64 monitor ds_cpl vmx est tm2 ssse3 sdbg fma cx16 xtpr pdcm pcid sse4_1 sse4_2 x2apic movbe popcnt tsc_deadline_timer aes xsave avx f16c rdrand lahf_lm abm 3dnowprefetch cpuid_fault epb invpcid_single pti ssbd ibrs ibpb stibp tpr_shadow vnmi flexpriority ept vpid ept_ad fsgsbase tsc_adjust bmi1 avx2 smep bmi2 erms invpcid mpx rdseed adx smap clflushopt intel_pt xsaveopt xsavec xgetbv1 xsaves dtherm ida arat pln pts hwp hwp_notify hwp_act_window hwp_epp md_clear flush_l1d
bugs		: cpu_meltdown spectre_v1 spectre_v2 spec_store_bypass l1tf mds swapgs itlb_multihit
bogomips	: 4399.99
clflush size	: 64
cache_alignment	: 64
address sizes	: 39 bits physical, 48 bits virtual
power management:

processor	: 7
vendor_id	: GenuineIntel
cpu family	: 6
model		: 158
model name	: Intel(R) Core(TM) i7-8750H CPU @ 2.20GHz
stepping	: 10
microcode	: 0xca
cpu MHz		: 3900.240
cache size	: 9216 KB
physical id	: 0
siblings	: 12
core id		: 1
cpu cores	: 6
apicid		: 3
initial apicid	: 3
fpu		: yes
fpu_exception	: yes
cpuid level	: 22
wp		: yes
flags		: fpu vme de pse tsc msr pae mce cx8 apic sep mtrr pge mca cmov pat pse36 clflush dts acpi mmx fxsr sse sse2 ss ht tm pbe syscall nx pdpe1gb rdtscp lm constant_tsc art arch_perfmon pebs bts rep_good nopl xtopology nonstop_tsc cpuid aperfmperf pni pclmulqdq dtes64 monitor ds_cpl vmx est tm2 ssse3 sdbg fma cx16 xtpr pdcm pcid sse4_1 sse4_2 x2apic movbe popcnt tsc_deadline_timer aes xsave avx f16c rdrand lahf_lm abm 3dnowprefetch cpuid_fault epb invpcid_single pti ssbd ibrs ibpb stibp tpr_shadow vnmi flexpriority ept vpid ept_ad fsgsbase tsc_adjust bmi1 avx2 smep bmi2 erms invpcid mpx rdseed adx smap clflushopt intel_pt xsaveopt xsavec xgetbv1 xsaves dtherm ida arat pln pts hwp hwp_notify hwp_act_window hwp_epp md_clear flush_l1d
bugs		: cpu_meltdown spectre_v1 spectre_v2 spec_store_bypass l1tf mds swapgs itlb_multihit
bogomips	: 4399.99
clflush size	: 64
cache_alignment	: 64
address sizes	: 39 bits physical, 48 bits virtual
power management:

processor	: 8
vendor_id	: GenuineIntel
cpu family	: 6
model		: 158
model name	: Intel(R) Core(TM) i7-8750H CPU @ 2.20GHz
stepping	: 10
microcode	: 0xca
cpu MHz		: 3899.992
cache size	: 9216 KB
physical id	: 0
siblings	: 12
core id		: 2
cpu cores	: 6
apicid		: 5
initial apicid	: 5
fpu		: yes
fpu_exception	: yes
cpuid level	: 22
wp		: yes
flags		: fpu vme de pse tsc msr pae mce cx8 apic sep mtrr pge mca cmov pat pse36 clflush dts acpi mmx fxsr sse sse2 ss ht tm pbe syscall nx pdpe1gb rdtscp lm constant_tsc art arch_perfmon pebs bts rep_good nopl xtopology nonstop_tsc cpuid aperfmperf pni pclmulqdq dtes64 monitor ds_cpl vmx est tm2 ssse3 sdbg fma cx16 xtpr pdcm pcid sse4_1 sse4_2 x2apic movbe popcnt tsc_deadline_timer aes xsave avx f16c rdrand lahf_lm abm 3dnowprefetch cpuid_fault epb invpcid_single pti ssbd ibrs ibpb stibp tpr_shadow vnmi flexpriority ept vpid ept_ad fsgsbase tsc_adjust bmi1 avx2 smep bmi2 erms invpcid mpx rdseed adx smap clflushopt intel_pt xsaveopt xsavec xgetbv1 xsaves dtherm ida arat pln pts hwp hwp_notify hwp_act_window hwp_epp md_clear flush_l1d
bugs		: cpu_meltdown spectre_v1 spectre_v2 spec_store_bypass l1tf mds swapgs itlb_multihit
bogomips	: 4399.99
clflush size	: 64
cache_alignment	: 64
address sizes	: 39 bits physical, 48 bits virtual
power management:

processor	: 9
vendor_id	: GenuineIntel
cpu family	: 6
model		: 158
model name	: Intel(R) Core(TM) i7-8750H CPU @ 2.20GHz
stepping	: 10
microcode	: 0xca
cpu MHz		: 3900.037
cache size	: 9216 KB
physical id	: 0
siblings	: 12
core id		: 3
cpu cores	: 6
apicid		: 7
initial apicid	: 7
fpu		: yes
fpu_exception	: yes
cpuid level	: 22
wp		: yes
flags		: fpu vme de pse tsc msr pae mce cx8 apic sep mtrr pge mca cmov pat pse36 clflush dts acpi mmx fxsr sse sse2 ss ht tm pbe syscall nx pdpe1gb rdtscp lm constant_tsc art arch_perfmon pebs bts rep_good nopl xtopology nonstop_tsc cpuid aperfmperf pni pclmulqdq dtes64 monitor ds_cpl vmx est tm2 ssse3 sdbg fma cx16 xtpr pdcm pcid sse4_1 sse4_2 x2apic movbe popcnt tsc_deadline_timer aes xsave avx f16c rdrand lahf_lm abm 3dnowprefetch cpuid_fault epb invpcid_single pti ssbd ibrs ibpb stibp tpr_shadow vnmi flexpriority ept vpid ept_ad fsgsbase tsc_adjust bmi1 avx2 smep bmi2 erms invpcid mpx rdseed adx smap clflushopt intel_pt xsaveopt xsavec xgetbv1 xsaves dtherm ida arat pln pts hwp hwp_notify hwp_act_window hwp_epp md_clear flush_l1d
bugs		: cpu_meltdown spectre_v1 spectre_v2 spec_store_bypass l1tf mds swapgs itlb_multihit
bogomips	: 4399.99
clflush size	: 64
cache_alignment	: 64
address sizes	: 39 bits physical, 48 bits virtual
power management:

processor	: 10
vendor_id	: GenuineIntel
cpu family	: 6
model		: 158
model name	: Intel(R) Core(TM) i7-8750H CPU @ 2.20GHz
stepping	: 10
microcode	: 0xca
cpu MHz		: 3900.081
cache size	: 9216 KB
physical id	: 0
siblings	: 12
core id		: 4
cpu cores	: 6
apicid		: 9
initial apicid	: 9
fpu		: yes
fpu_exception	: yes
cpuid level	: 22
wp		: yes
flags		: fpu vme de pse tsc msr pae mce cx8 apic sep mtrr pge mca cmov pat pse36 clflush dts acpi mmx fxsr sse sse2 ss ht tm pbe syscall nx pdpe1gb rdtscp lm constant_tsc art arch_perfmon pebs bts rep_good nopl xtopology nonstop_tsc cpuid aperfmperf pni pclmulqdq dtes64 monitor ds_cpl vmx est tm2 ssse3 sdbg fma cx16 xtpr pdcm pcid sse4_1 sse4_2 x2apic movbe popcnt tsc_deadline_timer aes xsave avx f16c rdrand lahf_lm abm 3dnowprefetch cpuid_fault epb invpcid_single pti ssbd ibrs ibpb stibp tpr_shadow vnmi flexpriority ept vpid ept_ad fsgsbase tsc_adjust bmi1 avx2 smep bmi2 erms invpcid mpx rdseed adx smap clflushopt intel_pt xsaveopt xsavec xgetbv1 xsaves dtherm ida arat pln pts hwp hwp_notify hwp_act_window hwp_epp md_clear flush_l1d
bugs		: cpu_meltdown spectre_v1 spectre_v2 spec_store_bypass l1tf mds swapgs itlb_multihit
bogomips	: 4399.99
clflush size	: 64
cache_alignment	: 64
address sizes	: 39 bits physical, 48 bits virtual
power management:

processor	: 11
vendor_id	: GenuineIntel
cpu family	: 6
model		: 158
model name	: Intel(R) Core(TM) i7-8750H CPU @ 2.20GHz
stepping	: 10
microcode	: 0xca
cpu MHz		: 3899.827
cache size	: 9216 KB
physical id	: 0
siblings	: 12
core id		: 5
cpu cores	: 6
apicid		: 11
initial apicid	: 11
fpu		: yes
fpu_exception	: yes
cpuid level	: 22
wp		: yes
flags		: fpu vme de pse tsc msr pae mce cx8 apic sep mtrr pge mca cmov pat pse36 clflush dts acpi mmx fxsr sse sse2 ss ht tm pbe syscall nx pdpe1gb rdtscp lm constant_tsc art arch_perfmon pebs bts rep_good nopl xtopology nonstop_tsc cpuid aperfmperf pni pclmulqdq dtes64 monitor ds_cpl vmx est tm2 ssse3 sdbg fma cx16 xtpr pdcm pcid sse4_1 sse4_2 x2apic movbe popcnt tsc_deadline_timer aes xsave avx f16c rdrand lahf_lm abm 3dnowprefetch cpuid_fault epb invpcid_single pti ssbd ibrs ibpb stibp tpr_shadow vnmi flexpriority ept vpid ept_ad fsgsbase tsc_adjust bmi1 avx2 smep bmi2 erms invpcid mpx rdseed adx smap clflushopt intel_pt xsaveopt xsavec xgetbv1 xsaves dtherm ida arat pln pts hwp hwp_notify hwp_act_window hwp_epp md_clear flush_l1d
bugs		: cpu_meltdown spectre_v1 spectre_v2 spec_store_bypass l1tf mds swapgs itlb_multihit
bogomips	: 4399.99
clflush size	: 64
cache_alignment	: 64
address sizes	: 39 bits physical, 48 bits virtual
power management:



Memory: 4k page, physical 32713532k(27508140k free), swap 2097148k(2097148k free)

vm_info: OpenJDK 64-Bit Server VM (25.232-b09) for linux-amd64 JRE (1.8.0_232-8u232-b09-0ubuntu1~18.04.1-b09), built on Oct 16 2019 20:38:15 by "buildd" with gcc 7.4.0

time: Sat Feb 15 11:32:57 2020
timezone: CST
elapsed time: 1 seconds (0d 0h 0m 1s)

