#
# A fatal error has been detected by the Java Runtime Environment:
#
#  SIGSEGV (0xb) at pc=0x0000000040650edd, pid=7783, tid=0x00007f0372f51700
#
# JRE version: OpenJDK Runtime Environment (8.0_232-b09) (build 1.8.0_232-8u232-b09-0ubuntu1~18.04.1-b09)
# Java VM: OpenJDK 64-Bit Server VM (25.232-b09 mixed mode linux-amd64 compressed oops)
# Problematic frame:
# C  0x0000000040650edd
#
# Failed to write core dump. Core dumps have been disabled. To enable core dumping, try "ulimit -c unlimited" before starting Java again
#
# If you would like to submit a bug report, please visit:
#   http://bugreport.java.com/bugreport/crash.jsp
# The crash happened outside the Java Virtual Machine in native code.
# See problematic frame for where to report the bug.
#

---------------  T H R E A D  ---------------

Current thread (0x00007f036c00b800):  JavaThread "main" [_thread_in_native, id=7789, stack(0x00007f0372e52000,0x00007f0372f52000)]

siginfo: si_signo: 11 (SIGSEGV), si_code: 1 (SEGV_MAPERR), si_addr: 0x0000000000000000

Registers:
RAX=0x00007f02e15b1204, RBX=0x0000000040bbe000, RCX=0x0000000000000000, RDX=0x00007f036c93dc44
RSP=0x00007f0372f50248, RBP=0x0000000000000000, RSI=0x0000000000000000, RDI=0x0000000000000000
R8 =0x0000000000000003, R9 =0x0000000000000000, R10=0x0000000040c3b950, R11=0x00007f036c93dc58
R12=0x0000000000000006, R13=0x0000000000000006, R14=0x00007f036c93dc40, R15=0x00000000000000c0
RIP=0x0000000040650edd, EFLAGS=0x0000000000010246, CSGSFS=0x002b000000000033, ERR=0x0000000000000004
  TRAPNO=0x000000000000000e

Top of Stack: (sp=0x00007f0372f50248)
0x00007f0372f50248:   00007f02ee3f2f5d 0000000040c08a80
0x00007f0372f50258:   0000000000000000 00007f036c670a40
0x00007f0372f50268:   0000000600001405 0000000000000000
0x00007f0372f50278:   00000004ee3da87f 0000000040bbe000
0x00007f0372f50288:   00007f036c93cf48 00007f036c670a40
0x00007f0372f50298:   0000000040650e40 000000206db85b58
0x00007f0372f502a8:   0000000000000000 0000000000000000
0x00007f0372f502b8:   0000000000000000 000000066db85b00
0x00007f0372f502c8:   00007f036c93dc40 0000000040bbe000
0x00007f0372f502d8:   0000000040c08a80 0000000040bbe000
0x00007f0372f502e8:   00007f02ee4108f1 0000000000000000
0x00007f0372f502f8:   0000000000000000 00007f036c670a40
0x00007f0372f50308:   0000000000000000 000000007f800000
0x00007f0372f50318:   0000000000000000 0000000000000000
0x00007f0372f50328:   00007f036c670a40 0000000000000000
0x00007f0372f50338:   0000000000000000 00000002f00df00d
0x00007f0372f50348:   00000000000000c1 00000001beefbeef
0x00007f0372f50358:   0000000000000000 00000000f00df00d
0x00007f0372f50368:   0000000000000027 0000000040bbe000
0x00007f0372f50378:   00007f036c93d550 0000000000000002
0x00007f0372f50388:   0000000000000000 0000000000004082
0x00007f0372f50398:   00007f02ee321b87 0000000000000422
0x00007f0372f503a8:   0000000000000000 0000000000000000
0x00007f0372f503b8:   0000000040c15e44 00007f0372f50400
0x00007f0372f503c8:   0000000040c15e40 0000000040bbe000
0x00007f0372f503d8:   0000000000000007 0000000000002133
0x00007f0372f503e8:   00007f02ee3225c1 00007f036c67b464
0x00007f0372f503f8:   0000000701012123 0000000700002133
0x00007f0372f50408:   0000000100000007 0000000800000002
0x00007f0372f50418:   0000000200000001 0000000100000008
0x00007f0372f50428:   0000001000000004 0000000000004082
0x00007f0372f50438:   00c0000000000000 3fffffff3fffffff 

Instructions: (pc=0x0000000040650edd)
0x0000000040650ebd:   68 0c 48 be e0 56 c1 40 00 00 00 00 48 8b 36 48
0x0000000040650ecd:   8b b6 68 03 00 00 48 8b f9 48 c1 e7 04 48 03 f7
0x0000000040650edd:   8b 3e 8b 6e 04 89 78 10 89 68 14 8b 7e 08 8b 6e
0x0000000040650eed:   0c 89 78 18 89 68 1c 48 83 c0 20 49 3b d3 0f 85 

Register to memory mapping:

RAX=0x00007f02e15b1204 is an unknown value
RBX=0x0000000040bbe000 is an unknown value
RCX=0x0000000000000000 is an unknown value
RDX=0x00007f036c93dc44 is an unknown value
RSP=0x00007f0372f50248 is pointing into the stack for thread: 0x00007f036c00b800
RBP=0x0000000000000000 is an unknown value
RSI=0x0000000000000000 is an unknown value
RDI=0x0000000000000000 is an unknown value
R8 =0x0000000000000003 is an unknown value
R9 =0x0000000000000000 is an unknown value
R10=0x0000000040c3b950 is an unknown value
R11=0x00007f036c93dc58 is an unknown value
R12=0x0000000000000006 is an unknown value
R13=0x0000000000000006 is an unknown value
R14=0x00007f036c93dc40 is an unknown value
R15=0x00000000000000c0 is an unknown value


Stack: [0x00007f0372e52000,0x00007f0372f52000],  sp=0x00007f0372f50248,  free space=1016k
Native frames: (J=compiled Java code, j=interpreted, Vv=VM code, C=native code)
C  0x0000000040650edd

Java frames: (J=compiled Java code, j=interpreted, Vv=VM code)
J 966  org.lwjgl.opengl.GL11C.nglDrawElements(IIIJ)V (0 bytes) @ 0x00007f035c97b30a [0x00007f035c97b2c0+0x4a]
J 964 C1 org.lwjgl.opengl.GL11.glDrawElements(IIIJ)V (8 bytes) @ 0x00007f035c98071c [0x00007f035c980680+0x9c]
j  models.BasicRenderer.render(Lmodels/Mesh;Ljava/util/List;)V+125
j  rendering.MasterRenderer.render()V+479
j  misc.Game.render()V+8
j  main.Main.main([Ljava/lang/String;)V+30
v  ~StubRoutines::call_stub

---------------  P R O C E S S  ---------------

Java Threads: ( => current thread )
  0x00007f036c0d7800 JavaThread "Service Thread" daemon [_thread_blocked, id=7808, stack(0x00007f032162b000,0x00007f032172c000)]
  0x00007f036c0cc800 JavaThread "C1 CompilerThread3" daemon [_thread_blocked, id=7807, stack(0x00007f032172d000,0x00007f032182d000)]
  0x00007f036c0ca800 JavaThread "C2 CompilerThread2" daemon [_thread_in_native, id=7806, stack(0x00007f032182e000,0x00007f032192e000)]
  0x00007f036c0c8800 JavaThread "C2 CompilerThread1" daemon [_thread_blocked, id=7805, stack(0x00007f032192f000,0x00007f0321a2f000)]
  0x00007f036c0c6000 JavaThread "C2 CompilerThread0" daemon [_thread_in_native, id=7804, stack(0x00007f0321a30000,0x00007f0321b30000)]
  0x00007f036c0c4800 JavaThread "Signal Dispatcher" daemon [_thread_blocked, id=7803, stack(0x00007f0321b30000,0x00007f0321c31000)]
  0x00007f036c091800 JavaThread "Finalizer" daemon [_thread_blocked, id=7802, stack(0x00007f0322600000,0x00007f0322701000)]
  0x00007f036c08f000 JavaThread "Reference Handler" daemon [_thread_blocked, id=7801, stack(0x00007f0322701000,0x00007f0322802000)]
=>0x00007f036c00b800 JavaThread "main" [_thread_in_native, id=7789, stack(0x00007f0372e52000,0x00007f0372f52000)]

Other Threads:
  0x00007f036c085800 VMThread [stack: 0x00007f0322803000,0x00007f0322903000] [id=7800]
  0x00007f036c0da000 WatcherThread [stack: 0x00007f032152b000,0x00007f032162b000] [id=7809]

VM state:not at safepoint (normal execution)

VM Mutex/Monitor currently owned by a thread: None

heap address: 0x00000005ccc00000, size: 7988 MB, Compressed Oops mode: Zero based, Oop shift amount: 3
Narrow klass base: 0x0000000000000000, Narrow klass shift: 3
Compressed class space size: 1073741824 Address: 0x00000007c0000000

Heap:
 PSYoungGen      total 149504K, used 60591K [0x0000000719980000, 0x000000072bd80000, 0x00000007c0000000)
  eden space 128512K, 42% used [0x0000000719980000,0x000000071ce7e4f0,0x0000000721700000)
  from space 20992K, 30% used [0x0000000722b80000,0x00000007231ad7d8,0x0000000724000000)
  to   space 20992K, 0% used [0x0000000721700000,0x0000000721700000,0x0000000722b80000)
 ParOldGen       total 341504K, used 16K [0x00000005ccc00000, 0x00000005e1980000, 0x0000000719980000)
  object space 341504K, 0% used [0x00000005ccc00000,0x00000005ccc04000,0x00000005e1980000)
 Metaspace       used 9884K, capacity 10067K, committed 10368K, reserved 1058816K
  class space    used 769K, capacity 878K, committed 896K, reserved 1048576K

Card table byte_map: [0x00007f035b25a000,0x00007f035c1f5000] byte_map_base: 0x00007f03583f4000

Marking Bits: (ParMarkBitMap*) 0x00007f03720ec380
 Begin Bits: [0x00007f0328660000, 0x00007f0330330000)
 End Bits:   [0x00007f0330330000, 0x00007f0338000000)

Polling page: 0x00007f0372f6d000

CodeCache: size=245760Kb used=3884Kb max_used=3896Kb free=241875Kb
 bounds [0x00007f035c5b5000, 0x00007f035c995000, 0x00007f036b5b5000]
 total_blobs=1879 nmethods=970 adapters=824
 compilation: enabled

Compilation events (10 events):
Event: 0.932 Thread 0x00007f036c0cc800  970       3       org.lwjgl.opengl.GL::checkCapabilities (22 bytes)
Event: 0.932 Thread 0x00007f036c0cc800 nmethod 970 0x00007f035c981390 code [0x00007f035c981500, 0x00007f035c981748]
Event: 0.932 Thread 0x00007f036c0cc800  969       3       org.lwjgl.opengl.GL::getICD (12 bytes)
Event: 0.932 Thread 0x00007f036c0cc800 nmethod 969 0x00007f035c981850 code [0x00007f035c9819e0, 0x00007f035c981d58]
Event: 0.932 Thread 0x00007f036c0cc800  968       3       org.lwjgl.opengl.GL20C::glUniformMatrix4fv (30 bytes)
Event: 0.933 Thread 0x00007f036c0cc800 nmethod 968 0x00007f035c981ed0 code [0x00007f035c9820a0, 0x00007f035c982658]
Event: 0.933 Thread 0x00007f036c0c8800  971       4       math.Matrix::getFloats (75 bytes)
Event: 0.933 Thread 0x00007f036c0c6000 nmethod 961 0x00007f035c985a50 code [0x00007f035c985be0, 0x00007f035c986038]
Event: 0.935 Thread 0x00007f036c0c8800 nmethod 971 0x00007f035c9863d0 code [0x00007f035c986520, 0x00007f035c986818]
Event: 0.937 Thread 0x00007f036c0c6000  972   !   4       de.matthiasmann.twl.utils.PNGDecoder::readChunkUnzip (144 bytes)

GC Heap History (4 events):
Event: 0.564 GC heap before
{Heap before GC invocations=1 (full 0):
 PSYoungGen      total 149504K, used 128512K [0x0000000719980000, 0x0000000724000000, 0x00000007c0000000)
  eden space 128512K, 100% used [0x0000000719980000,0x0000000721700000,0x0000000721700000)
  from space 20992K, 0% used [0x0000000722b80000,0x0000000722b80000,0x0000000724000000)
  to   space 20992K, 0% used [0x0000000721700000,0x0000000721700000,0x0000000722b80000)
 ParOldGen       total 341504K, used 0K [0x00000005ccc00000, 0x00000005e1980000, 0x0000000719980000)
  object space 341504K, 0% used [0x00000005ccc00000,0x00000005ccc00000,0x00000005e1980000)
 Metaspace       used 9337K, capacity 9523K, committed 9856K, reserved 1058816K
  class space    used 719K, capacity 782K, committed 896K, reserved 1048576K
Event: 0.568 GC heap after
Heap after GC invocations=1 (full 0):
 PSYoungGen      total 149504K, used 9848K [0x0000000719980000, 0x0000000724000000, 0x00000007c0000000)
  eden space 128512K, 0% used [0x0000000719980000,0x0000000719980000,0x0000000721700000)
  from space 20992K, 46% used [0x0000000721700000,0x000000072209e088,0x0000000722b80000)
  to   space 20992K, 0% used [0x0000000722b80000,0x0000000722b80000,0x0000000724000000)
 ParOldGen       total 341504K, used 8K [0x00000005ccc00000, 0x00000005e1980000, 0x0000000719980000)
  object space 341504K, 0% used [0x00000005ccc00000,0x00000005ccc02000,0x00000005e1980000)
 Metaspace       used 9337K, capacity 9523K, committed 9856K, reserved 1058816K
  class space    used 719K, capacity 782K, committed 896K, reserved 1048576K
}
Event: 0.772 GC heap before
{Heap before GC invocations=2 (full 0):
 PSYoungGen      total 149504K, used 138360K [0x0000000719980000, 0x0000000724000000, 0x00000007c0000000)
  eden space 128512K, 100% used [0x0000000719980000,0x0000000721700000,0x0000000721700000)
  from space 20992K, 46% used [0x0000000721700000,0x000000072209e088,0x0000000722b80000)
  to   space 20992K, 0% used [0x0000000722b80000,0x0000000722b80000,0x0000000724000000)
 ParOldGen       total 341504K, used 8K [0x00000005ccc00000, 0x00000005e1980000, 0x0000000719980000)
  object space 341504K, 0% used [0x00000005ccc00000,0x00000005ccc02000,0x00000005e1980000)
 Metaspace       used 9757K, capacity 9939K, committed 10112K, reserved 1058816K
  class space    used 763K, capacity 878K, committed 896K, reserved 1048576K
Event: 0.774 GC heap after
Heap after GC invocations=2 (full 0):
 PSYoungGen      total 149504K, used 6325K [0x0000000719980000, 0x000000072bd80000, 0x00000007c0000000)
  eden space 128512K, 0% used [0x0000000719980000,0x0000000719980000,0x0000000721700000)
  from space 20992K, 30% used [0x0000000722b80000,0x00000007231ad7d8,0x0000000724000000)
  to   space 20992K, 0% used [0x0000000721700000,0x0000000721700000,0x0000000722b80000)
 ParOldGen       total 341504K, used 16K [0x00000005ccc00000, 0x00000005e1980000, 0x0000000719980000)
  object space 341504K, 0% used [0x00000005ccc00000,0x00000005ccc04000,0x00000005e1980000)
 Metaspace       used 9757K, capacity 9939K, committed 10112K, reserved 1058816K
  class space    used 763K, capacity 878K, committed 896K, reserved 1048576K
}

Deoptimization events (10 events):
Event: 0.465 Thread 0x00007f036c00b800 Uncommon trap: reason=unstable_if action=reinterpret pc=0x00007f035c897980 method=sun.misc.FloatingDecimal.readJavaFormatString(Ljava/lang/String;)Lsun/misc/FloatingDecimal$ASCIIToBinaryConverter; @ 235
Event: 0.465 Thread 0x00007f036c00b800 Uncommon trap: reason=class_check action=maybe_recompile pc=0x00007f035c875f08 method=sun.misc.FloatingDecimal.parseFloat(Ljava/lang/String;)F @ 4
Event: 0.480 Thread 0x00007f036c00b800 Uncommon trap: reason=class_check action=maybe_recompile pc=0x00007f035c875f08 method=sun.misc.FloatingDecimal.parseFloat(Ljava/lang/String;)F @ 4
Event: 0.494 Thread 0x00007f036c00b800 Uncommon trap: reason=class_check action=maybe_recompile pc=0x00007f035c875f08 method=sun.misc.FloatingDecimal.parseFloat(Ljava/lang/String;)F @ 4
Event: 0.494 Thread 0x00007f036c00b800 Uncommon trap: reason=class_check action=maybe_recompile pc=0x00007f035c875f08 method=sun.misc.FloatingDecimal.parseFloat(Ljava/lang/String;)F @ 4
Event: 0.625 Thread 0x00007f036c00b800 Uncommon trap: reason=unstable_if action=reinterpret pc=0x00007f035c8e7efc method=java.util.ArrayList$Itr.hasNext()Z @ 11
Event: 0.721 Thread 0x00007f036c00b800 Uncommon trap: reason=unstable_if action=reinterpret pc=0x00007f035c76d680 method=java.lang.String.indexOf([CII[CIII)I @ 3
Event: 0.721 Thread 0x00007f036c00b800 Uncommon trap: reason=class_check action=maybe_recompile pc=0x00007f035c879e98 method=java.util.Arrays.copyOf([Ljava/lang/Object;ILjava/lang/Class;)[Ljava/lang/Object; @ 24
Event: 0.781 Thread 0x00007f036c00b800 Uncommon trap: reason=unstable_if action=reinterpret pc=0x00007f035c940948 method=sun.security.provider.NativePRNG$RandomIO.ensureBufferValid()V @ 57
Event: 0.861 Thread 0x00007f036c00b800 Uncommon trap: reason=unstable_if action=reinterpret pc=0x00007f035c965c84 method=terrain.TerrainMesh.getVertexNormals([F[I)[F @ 211

Classes redefined (0 events):
No events

Internal exceptions (10 events):
Event: 0.098 Thread 0x00007f036c00b800 Exception <a 'java/security/PrivilegedActionException'> (0x0000000719f72030) thrown at [/build/openjdk-8-4aHi5C/openjdk-8-8u232-b09/src/hotspot/src/share/vm/prims/jvm.cpp, line 1502]
Event: 0.098 Thread 0x00007f036c00b800 Exception <a 'java/security/PrivilegedActionException'> (0x0000000719f72240) thrown at [/build/openjdk-8-4aHi5C/openjdk-8-8u232-b09/src/hotspot/src/share/vm/prims/jvm.cpp, line 1502]
Event: 0.099 Thread 0x00007f036c00b800 Exception <a 'java/security/PrivilegedActionException'> (0x0000000719f742c8) thrown at [/build/openjdk-8-4aHi5C/openjdk-8-8u232-b09/src/hotspot/src/share/vm/prims/jvm.cpp, line 1502]
Event: 0.099 Thread 0x00007f036c00b800 Exception <a 'java/security/PrivilegedActionException'> (0x0000000719f744d8) thrown at [/build/openjdk-8-4aHi5C/openjdk-8-8u232-b09/src/hotspot/src/share/vm/prims/jvm.cpp, line 1502]
Event: 0.099 Thread 0x00007f036c00b800 Exception <a 'java/security/PrivilegedActionException'> (0x0000000719f74fb0) thrown at [/build/openjdk-8-4aHi5C/openjdk-8-8u232-b09/src/hotspot/src/share/vm/prims/jvm.cpp, line 1502]
Event: 0.099 Thread 0x00007f036c00b800 Exception <a 'java/security/PrivilegedActionException'> (0x0000000719f751c0) thrown at [/build/openjdk-8-4aHi5C/openjdk-8-8u232-b09/src/hotspot/src/share/vm/prims/jvm.cpp, line 1502]
Event: 0.106 Thread 0x00007f036c00b800 Exception <a 'sun/nio/fs/UnixException'> (0x0000000719fa22e8) thrown at [/build/openjdk-8-4aHi5C/openjdk-8-8u232-b09/src/hotspot/src/share/vm/prims/jni.cpp, line 710]
Event: 0.109 Thread 0x00007f036c00b800 Exception <a 'sun/nio/fs/UnixException'> (0x0000000719fb2868) thrown at [/build/openjdk-8-4aHi5C/openjdk-8-8u232-b09/src/hotspot/src/share/vm/prims/jni.cpp, line 710]
Event: 0.195 Thread 0x00007f036c00b800 Exception <a 'sun/nio/fs/UnixException'> (0x000000071a124608) thrown at [/build/openjdk-8-4aHi5C/openjdk-8-8u232-b09/src/hotspot/src/share/vm/prims/jni.cpp, line 710]
Event: 0.195 Thread 0x00007f036c00b800 Exception <a 'sun/nio/fs/UnixException'> (0x000000071a12c6a0) thrown at [/build/openjdk-8-4aHi5C/openjdk-8-8u232-b09/src/hotspot/src/share/vm/prims/jni.cpp, line 710]

Events (10 events):
Event: 0.935 Thread 0x00007f036c00b800 DEOPT PACKING pc=0x00007f035c973142 sp=0x00007f0372f506c0
Event: 0.935 Thread 0x00007f036c00b800 DEOPT UNPACKING pc=0x00007f035c5fc4c4 sp=0x00007f0372f503a8 mode 0
Event: 0.936 Thread 0x00007f036c00b800 DEOPT PACKING pc=0x00007f035c973142 sp=0x00007f0372f50670
Event: 0.936 Thread 0x00007f036c00b800 DEOPT UNPACKING pc=0x00007f035c5fc4c4 sp=0x00007f0372f50358 mode 0
Event: 0.936 Thread 0x00007f036c00b800 DEOPT PACKING pc=0x00007f035c973142 sp=0x00007f0372f506c0
Event: 0.936 Thread 0x00007f036c00b800 DEOPT UNPACKING pc=0x00007f035c5fc4c4 sp=0x00007f0372f503a8 mode 0
Event: 0.936 Thread 0x00007f036c00b800 DEOPT PACKING pc=0x00007f035c973142 sp=0x00007f0372f50670
Event: 0.936 Thread 0x00007f036c00b800 DEOPT UNPACKING pc=0x00007f035c5fc4c4 sp=0x00007f0372f50358 mode 0
Event: 0.938 Thread 0x00007f036c00b800 DEOPT PACKING pc=0x00007f035c973142 sp=0x00007f0372f50650
Event: 0.938 Thread 0x00007f036c00b800 DEOPT UNPACKING pc=0x00007f035c5fc4c4 sp=0x00007f0372f50348 mode 0


Dynamic libraries:
4064f000-40651000 r-xs 00000000 103:02 15728658                          /tmp/.glboQ2mv (deleted)
40bbe000-40c6d000 rw-p 00000000 00:00 0 
5ccc00000-5e1980000 rw-p 00000000 00:00 0 
5e1980000-719980000 ---p 00000000 00:00 0 
719980000-72bd80000 rw-p 00000000 00:00 0 
72bd80000-7c0000000 ---p 00000000 00:00 0 
7c0000000-7c00e0000 rw-p 00000000 00:00 0 
7c00e0000-800000000 ---p 00000000 00:00 0 
55d4ac1d6000-55d4ac1d7000 r-xp 00000000 103:02 9833149                   /usr/lib/jvm/java-8-openjdk-amd64/jre/bin/java
55d4ac3d6000-55d4ac3d7000 r--p 00000000 103:02 9833149                   /usr/lib/jvm/java-8-openjdk-amd64/jre/bin/java
55d4ac3d7000-55d4ac3d8000 rw-p 00001000 103:02 9833149                   /usr/lib/jvm/java-8-openjdk-amd64/jre/bin/java
55d4ae043000-55d4ae064000 rw-p 00000000 00:00 0                          [heap]
7f02b4000000-7f02b4021000 rw-p 00000000 00:00 0 
7f02b4021000-7f02b8000000 ---p 00000000 00:00 0 
7f02b8000000-7f02b8021000 rw-p 00000000 00:00 0 
7f02b8021000-7f02bc000000 ---p 00000000 00:00 0 
7f02bc000000-7f02bc021000 rw-p 00000000 00:00 0 
7f02bc021000-7f02c0000000 ---p 00000000 00:00 0 
7f02c0000000-7f02c0021000 rw-p 00000000 00:00 0 
7f02c0021000-7f02c4000000 ---p 00000000 00:00 0 
7f02c4000000-7f02c4021000 rw-p 00000000 00:00 0 
7f02c4021000-7f02c8000000 ---p 00000000 00:00 0 
7f02c8000000-7f02c8021000 rw-p 00000000 00:00 0 
7f02c8021000-7f02cc000000 ---p 00000000 00:00 0 
7f02cc000000-7f02cc021000 rw-p 00000000 00:00 0 
7f02cc021000-7f02d0000000 ---p 00000000 00:00 0 
7f02d0000000-7f02d0021000 rw-p 00000000 00:00 0 
7f02d0021000-7f02d4000000 ---p 00000000 00:00 0 
7f02d4000000-7f02d4021000 rw-p 00000000 00:00 0 
7f02d4021000-7f02d8000000 ---p 00000000 00:00 0 
7f02d8000000-7f02d8021000 rw-p 00000000 00:00 0 
7f02d8021000-7f02dc000000 ---p 00000000 00:00 0 
7f02dc000000-7f02dc021000 rw-p 00000000 00:00 0 
7f02dc021000-7f02e0000000 ---p 00000000 00:00 0 
7f02e03d5000-7f02e07d5000 rw-s 00000000 00:06 553                        /dev/nvidiactl
7f02e07d5000-7f02e0bd5000 rw-s 00000000 00:06 553                        /dev/nvidiactl
7f02e0bd5000-7f02e0e5a000 rw-p 00000000 00:00 0 
7f02e0e5a000-7f02e125a000 rw-s 00000000 00:06 553                        /dev/nvidiactl
7f02e125a000-7f02e145a000 rw-s 00000000 00:06 553                        /dev/nvidiactl
7f02e145a000-7f02e185a000 rw-s 00000000 00:06 553                        /dev/nvidiactl
7f02e19e9000-7f02e1be9000 rw-s 00000000 00:06 553                        /dev/nvidiactl
7f02e1d77000-7f02e1ffc000 rw-p 00000000 00:00 0 
7f02e1ffc000-7f02e1ffd000 ---p 00000000 00:00 0 
7f02e1ffd000-7f02e27fd000 rw-p 00000000 00:00 0 
7f02e27fd000-7f02e27fe000 ---p 00000000 00:00 0 
7f02e27fe000-7f02e2ffe000 rw-p 00000000 00:00 0 
7f02e2ffe000-7f02e2fff000 ---p 00000000 00:00 0 
7f02e2fff000-7f02e37ff000 rw-p 00000000 00:00 0 
7f02e37ff000-7f02e3800000 ---p 00000000 00:00 0 
7f02e3800000-7f02e4000000 rw-p 00000000 00:00 0 
7f02e4000000-7f02e4021000 rw-p 00000000 00:00 0 
7f02e4021000-7f02e8000000 ---p 00000000 00:00 0 
7f02e809c000-7f02e809d000 ---p 00000000 00:00 0 
7f02e809d000-7f02e889d000 rw-p 00000000 00:00 0 
7f02e889d000-7f02e889e000 ---p 00000000 00:00 0 
7f02e889e000-7f02e909e000 rw-p 00000000 00:00 0 
7f02e909e000-7f02e909f000 ---p 00000000 00:00 0 
7f02e909f000-7f02e989f000 rw-p 00000000 00:00 0 
7f02e989f000-7f02e98a0000 ---p 00000000 00:00 0 
7f02e98a0000-7f02ea0a0000 rw-p 00000000 00:00 0 
7f02ea0a0000-7f02ea0a1000 ---p 00000000 00:00 0 
7f02ea0a1000-7f02ea8a1000 rw-p 00000000 00:00 0 
7f02ea8a1000-7f02ea8a2000 ---p 00000000 00:00 0 
7f02ea8a2000-7f02eb0a2000 rw-p 00000000 00:00 0 
7f02eb0a2000-7f02eb0a3000 ---p 00000000 00:00 0 
7f02eb0a3000-7f02eb8a3000 rw-p 00000000 00:00 0 
7f02eb8a3000-7f02eb8a4000 ---p 00000000 00:00 0 
7f02eb8a4000-7f02ec1e4000 rw-p 00000000 00:00 0 
7f02ec1e4000-7f02ec2a4000 ---p 00000000 00:00 0 
7f02ec2a4000-7f02ec2e4000 rw-s 00000000 08:01 16256830                   /home/sam/#16256830 (deleted)
7f02ec2e4000-7f02ec324000 r-xs 00000000 08:01 16256830                   /home/sam/#16256830 (deleted)
7f02ec324000-7f02ec37c000 r-xp 00000000 103:02 15990859                  /tmp/lwjglsam/3.2.3-build-13/liblwjgl_opengl.so
7f02ec37c000-7f02ec57b000 ---p 00058000 103:02 15990859                  /tmp/lwjglsam/3.2.3-build-13/liblwjgl_opengl.so
7f02ec57b000-7f02ec57c000 r--p 00057000 103:02 15990859                  /tmp/lwjglsam/3.2.3-build-13/liblwjgl_opengl.so
7f02ec57c000-7f02ec57d000 rw-p 00058000 103:02 15990859                  /tmp/lwjglsam/3.2.3-build-13/liblwjgl_opengl.so
7f02ec57d000-7f02ec582000 r-xp 00000000 103:02 9839193                   /usr/lib/x86_64-linux-gnu/libxcb-sync.so.1.0.0
7f02ec582000-7f02ec782000 ---p 00005000 103:02 9839193                   /usr/lib/x86_64-linux-gnu/libxcb-sync.so.1.0.0
7f02ec782000-7f02ec783000 r--p 00005000 103:02 9839193                   /usr/lib/x86_64-linux-gnu/libxcb-sync.so.1.0.0
7f02ec783000-7f02ec784000 rw-p 00006000 103:02 9839193                   /usr/lib/x86_64-linux-gnu/libxcb-sync.so.1.0.0
7f02ec784000-7f02ec786000 r-xp 00000000 103:02 9839185                   /usr/lib/x86_64-linux-gnu/libxcb-present.so.0.0.0
7f02ec786000-7f02ec985000 ---p 00002000 103:02 9839185                   /usr/lib/x86_64-linux-gnu/libxcb-present.so.0.0.0
7f02ec985000-7f02ec986000 r--p 00001000 103:02 9839185                   /usr/lib/x86_64-linux-gnu/libxcb-present.so.0.0.0
7f02ec986000-7f02ec987000 rw-p 00002000 103:02 9839185                   /usr/lib/x86_64-linux-gnu/libxcb-present.so.0.0.0
7f02ec987000-7f02ec98a000 r-xp 00000000 103:02 9839181                   /usr/lib/x86_64-linux-gnu/libxcb-dri3.so.0.0.0
7f02ec98a000-7f02ecb89000 ---p 00003000 103:02 9839181                   /usr/lib/x86_64-linux-gnu/libxcb-dri3.so.0.0.0
7f02ecb89000-7f02ecb8a000 r--p 00002000 103:02 9839181                   /usr/lib/x86_64-linux-gnu/libxcb-dri3.so.0.0.0
7f02ecb8a000-7f02ecb8b000 rw-p 00003000 103:02 9839181                   /usr/lib/x86_64-linux-gnu/libxcb-dri3.so.0.0.0
7f02ecb8b000-7f02ecba3000 r-xp 00000000 103:02 9839183                   /usr/lib/x86_64-linux-gnu/libxcb-glx.so.0.0.0
7f02ecba3000-7f02ecda3000 ---p 00018000 103:02 9839183                   /usr/lib/x86_64-linux-gnu/libxcb-glx.so.0.0.0
7f02ecda3000-7f02ecda5000 r--p 00018000 103:02 9839183                   /usr/lib/x86_64-linux-gnu/libxcb-glx.so.0.0.0
7f02ecda5000-7f02ecda6000 rw-p 0001a000 103:02 9839183                   /usr/lib/x86_64-linux-gnu/libxcb-glx.so.0.0.0
7f02ecdc0000-7f02ece40000 rw-s 00000000 00:06 553                        /dev/nvidiactl
7f02ecf40000-7f02ecf80000 rw-s 00000000 00:06 553                        /dev/nvidiactl
7f02ecf80000-7f02ecfa0000 rw-s 00000000 00:06 553                        /dev/nvidiactl
7f02ecfa0000-7f02ecfe0000 rw-s 00000000 00:06 553                        /dev/nvidiactl
7f02ecfe0000-7f02ed000000 rw-s 00000000 00:06 553                        /dev/nvidiactl
7f02ed000000-7f02ed010000 r-xp 00000000 103:02 9840432                   /usr/lib/x86_64-linux-gnu/libdrm.so.2.4.0
7f02ed010000-7f02ed20f000 ---p 00010000 103:02 9840432                   /usr/lib/x86_64-linux-gnu/libdrm.so.2.4.0
7f02ed20f000-7f02ed210000 r--p 0000f000 103:02 9840432                   /usr/lib/x86_64-linux-gnu/libdrm.so.2.4.0
7f02ed210000-7f02ed211000 rw-p 00010000 103:02 9840432                   /usr/lib/x86_64-linux-gnu/libdrm.so.2.4.0
7f02ed211000-7f02ed3b6000 rw-s 00000000 00:06 553                        /dev/nvidiactl
7f02ed3b6000-7f02ee691000 r-xp 00000000 103:02 9840523                   /usr/lib/x86_64-linux-gnu/libnvidia-glcore.so.440.31
7f02ee691000-7f02ee6b2000 rwxp 012db000 103:02 9840523                   /usr/lib/x86_64-linux-gnu/libnvidia-glcore.so.440.31
7f02ee6b2000-7f02eebc3000 r-xp 012fc000 103:02 9840523                   /usr/lib/x86_64-linux-gnu/libnvidia-glcore.so.440.31
7f02eebc3000-7f02eedc2000 ---p 0180d000 103:02 9840523                   /usr/lib/x86_64-linux-gnu/libnvidia-glcore.so.440.31
7f02eedc2000-7f02ef108000 rw-p 0180c000 103:02 9840523                   /usr/lib/x86_64-linux-gnu/libnvidia-glcore.so.440.31
7f02ef108000-7f02ef124000 rw-p 00000000 00:00 0 
7f02ef124000-7f02ef127000 r-xp 00000000 103:02 9840527                   /usr/lib/x86_64-linux-gnu/libnvidia-tls.so.440.31
7f02ef127000-7f02ef327000 ---p 00003000 103:02 9840527                   /usr/lib/x86_64-linux-gnu/libnvidia-tls.so.440.31
7f02ef327000-7f02ef328000 rw-p 00003000 103:02 9840527                   /usr/lib/x86_64-linux-gnu/libnvidia-tls.so.440.31
7f02ef328000-7f02ef3d1000 r-xp 00000000 103:02 9840520                   /usr/lib/x86_64-linux-gnu/libGLX_nvidia.so.440.31
7f02ef3d1000-7f02ef406000 rwxp 000a9000 103:02 9840520                   /usr/lib/x86_64-linux-gnu/libGLX_nvidia.so.440.31
7f02ef406000-7f02ef415000 r-xp 000de000 103:02 9840520                   /usr/lib/x86_64-linux-gnu/libGLX_nvidia.so.440.31
7f02ef415000-7f02ef614000 ---p 000ed000 103:02 9840520                   /usr/lib/x86_64-linux-gnu/libGLX_nvidia.so.440.31
7f02ef614000-7f02ef638000 rw-p 000ec000 103:02 9840520                   /usr/lib/x86_64-linux-gnu/libGLX_nvidia.so.440.31
7f02ef638000-7f02ef63a000 rw-p 00000000 00:00 0 
7f02ef63a000-7f02ef67c000 r-xp 00000000 103:02 9837994                   /usr/lib/x86_64-linux-gnu/libGLdispatch.so.0.0.0
7f02ef67c000-7f02ef695000 r-xp 00042000 103:02 9837994                   /usr/lib/x86_64-linux-gnu/libGLdispatch.so.0.0.0
7f02ef695000-7f02ef6a8000 r-xp 0005b000 103:02 9837994                   /usr/lib/x86_64-linux-gnu/libGLdispatch.so.0.0.0
7f02ef6a8000-7f02ef8a7000 ---p 0006e000 103:02 9837994                   /usr/lib/x86_64-linux-gnu/libGLdispatch.so.0.0.0
7f02ef8a7000-7f02ef8cf000 r--p 0006d000 103:02 9837994                   /usr/lib/x86_64-linux-gnu/libGLdispatch.so.0.0.0
7f02ef8cf000-7f02ef8d0000 rw-p 00095000 103:02 9837994                   /usr/lib/x86_64-linux-gnu/libGLdispatch.so.0.0.0
7f02ef8d0000-7f02ef8f0000 rw-p 00000000 00:00 0 
7f02ef8f0000-7f02ef900000 r-xp 00000000 103:02 9837992                   /usr/lib/x86_64-linux-gnu/libGLX.so.0.0.0
7f02ef900000-7f02efaff000 ---p 00010000 103:02 9837992                   /usr/lib/x86_64-linux-gnu/libGLX.so.0.0.0
7f02efaff000-7f02efb00000 r--p 0000f000 103:02 9837992                   /usr/lib/x86_64-linux-gnu/libGLX.so.0.0.0
7f02efb00000-7f02efb01000 rw-p 00010000 103:02 9837992                   /usr/lib/x86_64-linux-gnu/libGLX.so.0.0.0
7f02efb01000-7f02efb21000 rw-p 00000000 00:00 0 
7f02efb21000-7f02efb65000 r-xp 00000000 103:02 9837986                   /usr/lib/x86_64-linux-gnu/libGL.so.1.0.0
7f02efb65000-7f02efb7e000 r-xp 00044000 103:02 9837986                   /usr/lib/x86_64-linux-gnu/libGL.so.1.0.0
7f02efb7e000-7f02efb92000 r-xp 0005d000 103:02 9837986                   /usr/lib/x86_64-linux-gnu/libGL.so.1.0.0
7f02efb92000-7f02efd91000 ---p 00071000 103:02 9837986                   /usr/lib/x86_64-linux-gnu/libGL.so.1.0.0
7f02efd91000-7f02efdab000 r--p 00070000 103:02 9837986                   /usr/lib/x86_64-linux-gnu/libGL.so.1.0.0
7f02efdab000-7f02efdac000 rw-p 0008a000 103:02 9837986                   /usr/lib/x86_64-linux-gnu/libGL.so.1.0.0
7f02efdac000-7f02efdad000 rw-p 00000000 00:00 0 
7f02efdad000-7f02efdae000 r-xp 00000000 103:02 9840453                   /usr/lib/x86_64-linux-gnu/libX11-xcb.so.1.0.0
7f02efdae000-7f02effad000 ---p 00001000 103:02 9840453                   /usr/lib/x86_64-linux-gnu/libX11-xcb.so.1.0.0
7f02effad000-7f02effae000 r--p 00000000 103:02 9840453                   /usr/lib/x86_64-linux-gnu/libX11-xcb.so.1.0.0
7f02effae000-7f02effaf000 rw-p 00001000 103:02 9840453                   /usr/lib/x86_64-linux-gnu/libX11-xcb.so.1.0.0
7f02effaf000-7f02effb1000 r-xp 00000000 103:02 9838067                   /usr/lib/x86_64-linux-gnu/libXinerama.so.1.0.0
7f02effb1000-7f02f01b0000 ---p 00002000 103:02 9838067                   /usr/lib/x86_64-linux-gnu/libXinerama.so.1.0.0
7f02f01b0000-7f02f01b1000 r--p 00001000 103:02 9838067                   /usr/lib/x86_64-linux-gnu/libXinerama.so.1.0.0
7f02f01b1000-7f02f01b2000 rw-p 00002000 103:02 9838067                   /usr/lib/x86_64-linux-gnu/libXinerama.so.1.0.0
7f02f01b2000-7f02f01b7000 r-xp 00000000 103:02 9838059                   /usr/lib/x86_64-linux-gnu/libXfixes.so.3.1.0
7f02f01b7000-7f02f03b6000 ---p 00005000 103:02 9838059                   /usr/lib/x86_64-linux-gnu/libXfixes.so.3.1.0
7f02f03b6000-7f02f03b7000 r--p 00004000 103:02 9838059                   /usr/lib/x86_64-linux-gnu/libXfixes.so.3.1.0
7f02f03b7000-7f02f03b8000 rw-p 00005000 103:02 9838059                   /usr/lib/x86_64-linux-gnu/libXfixes.so.3.1.0
7f02f03b8000-7f02f03c1000 r-xp 00000000 103:02 9838051                   /usr/lib/x86_64-linux-gnu/libXcursor.so.1.0.2
7f02f03c1000-7f02f05c0000 ---p 00009000 103:02 9838051                   /usr/lib/x86_64-linux-gnu/libXcursor.so.1.0.2
7f02f05c0000-7f02f05c1000 r--p 00008000 103:02 9838051                   /usr/lib/x86_64-linux-gnu/libXcursor.so.1.0.2
7f02f05c1000-7f02f05c2000 rw-p 00009000 103:02 9838051                   /usr/lib/x86_64-linux-gnu/libXcursor.so.1.0.2
7f02f05c2000-7f02f05cb000 r-xp 00000000 103:02 9838077                   /usr/lib/x86_64-linux-gnu/libXrender.so.1.3.0
7f02f05cb000-7f02f07ca000 ---p 00009000 103:02 9838077                   /usr/lib/x86_64-linux-gnu/libXrender.so.1.3.0
7f02f07ca000-7f02f07cb000 r--p 00008000 103:02 9838077                   /usr/lib/x86_64-linux-gnu/libXrender.so.1.3.0
7f02f07cb000-7f02f07cc000 rw-p 00009000 103:02 9838077                   /usr/lib/x86_64-linux-gnu/libXrender.so.1.3.0
7f02f07cc000-7f02f07d6000 r-xp 00000000 103:02 9838075                   /usr/lib/x86_64-linux-gnu/libXrandr.so.2.2.0
7f02f07d6000-7f02f09d5000 ---p 0000a000 103:02 9838075                   /usr/lib/x86_64-linux-gnu/libXrandr.so.2.2.0
7f02f09d5000-7f02f09d6000 r--p 00009000 103:02 9838075                   /usr/lib/x86_64-linux-gnu/libXrandr.so.2.2.0
7f02f09d6000-7f02f09d7000 rw-p 0000a000 103:02 9838075                   /usr/lib/x86_64-linux-gnu/libXrandr.so.2.2.0
7f02f09d7000-7f02f09e6000 r-xp 00000000 103:02 9838065                   /usr/lib/x86_64-linux-gnu/libXi.so.6.1.0
7f02f09e6000-7f02f0be5000 ---p 0000f000 103:02 9838065                   /usr/lib/x86_64-linux-gnu/libXi.so.6.1.0
7f02f0be5000-7f02f0be6000 r--p 0000e000 103:02 9838065                   /usr/lib/x86_64-linux-gnu/libXi.so.6.1.0
7f02f0be6000-7f02f0be7000 rw-p 0000f000 103:02 9838065                   /usr/lib/x86_64-linux-gnu/libXi.so.6.1.0
7f02f0be7000-7f02f0bf8000 r-xp 00000000 103:02 9838057                   /usr/lib/x86_64-linux-gnu/libXext.so.6.4.0
7f02f0bf8000-7f02f0df7000 ---p 00011000 103:02 9838057                   /usr/lib/x86_64-linux-gnu/libXext.so.6.4.0
7f02f0df7000-7f02f0df8000 r--p 00010000 103:02 9838057                   /usr/lib/x86_64-linux-gnu/libXext.so.6.4.0
7f02f0df8000-7f02f0df9000 rw-p 00011000 103:02 9838057                   /usr/lib/x86_64-linux-gnu/libXext.so.6.4.0
7f02f0df9000-7f02f0dfe000 r-xp 00000000 103:02 9838093                   /usr/lib/x86_64-linux-gnu/libXxf86vm.so.1.0.0
7f02f0dfe000-7f02f0ffd000 ---p 00005000 103:02 9838093                   /usr/lib/x86_64-linux-gnu/libXxf86vm.so.1.0.0
7f02f0ffd000-7f02f0ffe000 r--p 00004000 103:02 9838093                   /usr/lib/x86_64-linux-gnu/libXxf86vm.so.1.0.0
7f02f0ffe000-7f02f0fff000 rw-p 00005000 103:02 9838093                   /usr/lib/x86_64-linux-gnu/libXxf86vm.so.1.0.0
7f02f0fff000-7f02f4000000 rw-p 00000000 00:00 0 
7f02f4000000-7f02f4021000 rw-p 00000000 00:00 0 
7f02f4021000-7f02f8000000 ---p 00000000 00:00 0 
7f02f8000000-7f02f8021000 rw-p 00000000 00:00 0 
7f02f8021000-7f02fc000000 ---p 00000000 00:00 0 
7f02fc000000-7f02fc4bb000 rw-p 00000000 00:00 0 
7f02fc4bb000-7f0300000000 ---p 00000000 00:00 0 
7f0300000000-7f03002e3000 rw-p 00000000 00:00 0 
7f03002e3000-7f0304000000 ---p 00000000 00:00 0 
7f0304000000-7f0304c81000 rw-p 00000000 00:00 0 
7f0304c81000-7f0308000000 ---p 00000000 00:00 0 
7f0308000000-7f0308198000 rw-p 00000000 00:00 0 
7f0308198000-7f030c000000 ---p 00000000 00:00 0 
7f030c000000-7f030c021000 rw-p 00000000 00:00 0 
7f030c021000-7f0310000000 ---p 00000000 00:00 0 
7f0310000000-7f0310021000 rw-p 00000000 00:00 0 
7f0310021000-7f0314000000 ---p 00000000 00:00 0 
7f0314000000-7f0314021000 rw-p 00000000 00:00 0 
7f0314021000-7f0318000000 ---p 00000000 00:00 0 
7f0318000000-7f0318021000 rw-p 00000000 00:00 0 
7f0318021000-7f031c000000 ---p 00000000 00:00 0 
7f031c000000-7f031c021000 rw-p 00000000 00:00 0 
7f031c021000-7f0320000000 ---p 00000000 00:00 0 
7f0320004000-7f0320008000 r-xp 00000000 00:00 0 
7f0320008000-7f032000b000 rw-s 00000000 00:06 553                        /dev/nvidiactl
7f032000b000-7f032001e000 rw-s 00000000 00:06 553                        /dev/nvidiactl
7f032001e000-7f032005e000 rw-s 00000000 00:06 553                        /dev/nvidiactl
7f0320079000-7f032007e000 r--s 000a3000 103:02 9837971                   /usr/lib/jvm/java-8-openjdk-amd64/jre/lib/jsse.jar
7f032007e000-7f0320091000 r-xp 00000000 103:02 22942382                  /lib/x86_64-linux-gnu/libbsd.so.0.8.7
7f0320091000-7f0320290000 ---p 00013000 103:02 22942382                  /lib/x86_64-linux-gnu/libbsd.so.0.8.7
7f0320290000-7f0320291000 r--p 00012000 103:02 22942382                  /lib/x86_64-linux-gnu/libbsd.so.0.8.7
7f0320291000-7f0320292000 rw-p 00013000 103:02 22942382                  /lib/x86_64-linux-gnu/libbsd.so.0.8.7
7f0320292000-7f0320293000 rw-p 00000000 00:00 0 
7f0320293000-7f0320298000 r-xp 00000000 103:02 9838055                   /usr/lib/x86_64-linux-gnu/libXdmcp.so.6.0.0
7f0320298000-7f0320497000 ---p 00005000 103:02 9838055                   /usr/lib/x86_64-linux-gnu/libXdmcp.so.6.0.0
7f0320497000-7f0320498000 r--p 00004000 103:02 9838055                   /usr/lib/x86_64-linux-gnu/libXdmcp.so.6.0.0
7f0320498000-7f0320499000 rw-p 00005000 103:02 9838055                   /usr/lib/x86_64-linux-gnu/libXdmcp.so.6.0.0
7f0320499000-7f032049b000 r-xp 00000000 103:02 9838044                   /usr/lib/x86_64-linux-gnu/libXau.so.6.0.0
7f032049b000-7f032069b000 ---p 00002000 103:02 9838044                   /usr/lib/x86_64-linux-gnu/libXau.so.6.0.0
7f032069b000-7f032069c000 r--p 00002000 103:02 9838044                   /usr/lib/x86_64-linux-gnu/libXau.so.6.0.0
7f032069c000-7f032069d000 rw-p 00003000 103:02 9838044                   /usr/lib/x86_64-linux-gnu/libXau.so.6.0.0
7f032069d000-7f03206c3000 r-xp 00000000 103:02 9840409                   /usr/lib/x86_64-linux-gnu/libxcb.so.1.1.0
7f03206c3000-7f03208c3000 ---p 00026000 103:02 9840409                   /usr/lib/x86_64-linux-gnu/libxcb.so.1.1.0
7f03208c3000-7f03208c4000 r--p 00026000 103:02 9840409                   /usr/lib/x86_64-linux-gnu/libxcb.so.1.1.0
7f03208c4000-7f03208c5000 rw-p 00027000 103:02 9840409                   /usr/lib/x86_64-linux-gnu/libxcb.so.1.1.0
7f03208c5000-7f03209f8000 r-xp 00000000 103:02 9839217                   /usr/lib/x86_64-linux-gnu/libX11.so.6.3.0
7f03209f8000-7f0320bf8000 ---p 00133000 103:02 9839217                   /usr/lib/x86_64-linux-gnu/libX11.so.6.3.0
7f0320bf8000-7f0320bf9000 r--p 00133000 103:02 9839217                   /usr/lib/x86_64-linux-gnu/libX11.so.6.3.0
7f0320bf9000-7f0320bfd000 rw-p 00134000 103:02 9839217                   /usr/lib/x86_64-linux-gnu/libX11.so.6.3.0
7f0320bfd000-7f0320bff000 rw-s 00000000 103:02 15728658                  /tmp/.glboQ2mv (deleted)
7f0320c03000-7f0320c04000 rw-s 00000000 00:06 554                        /dev/nvidia0
7f0320c04000-7f0320c06000 rw-s 00000000 00:06 553                        /dev/nvidiactl
7f0320c06000-7f0320c0a000 rw-s 00000000 00:06 553                        /dev/nvidiactl
7f0320c0a000-7f0320c0b000 rw-s 00000000 00:06 554                        /dev/nvidia0
7f0320c0b000-7f0320c0c000 rw-s 00000000 00:06 554                        /dev/nvidia0
7f0320c0c000-7f0320c0d000 rw-s 00000000 00:06 554                        /dev/nvidia0
7f0320c0d000-7f0320c0e000 rw-s 00000000 00:06 553                        /dev/nvidiactl
7f0320c0e000-7f0320c0f000 rw-s 00000000 00:06 553                        /dev/nvidiactl
7f0320c0f000-7f0320c10000 rw-s 00000000 00:06 553                        /dev/nvidiactl
7f0320c10000-7f0320c17000 r--s 00000000 103:02 10095718                  /usr/lib/x86_64-linux-gnu/gconv/gconv-modules.cache
7f0320c17000-7f0320c5a000 r-xp 00000000 103:02 15990858                  /tmp/lwjglsam/3.2.3-build-13/libglfw.so
7f0320c5a000-7f0320e59000 ---p 00043000 103:02 15990858                  /tmp/lwjglsam/3.2.3-build-13/libglfw.so
7f0320e59000-7f0320e5a000 r--p 00042000 103:02 15990858                  /tmp/lwjglsam/3.2.3-build-13/libglfw.so
7f0320e5a000-7f0320e5c000 rw-p 00043000 103:02 15990858                  /tmp/lwjglsam/3.2.3-build-13/libglfw.so
7f0320e5c000-7f0320e7d000 rw-p 00000000 00:00 0 
7f0320e7d000-7f0320ece000 r-xp 00000000 103:02 15990805                  /tmp/lwjglsam/3.2.3-build-13/liblwjgl.so
7f0320ece000-7f03210cd000 ---p 00051000 103:02 15990805                  /tmp/lwjglsam/3.2.3-build-13/liblwjgl.so
7f03210cd000-7f03210ce000 r--p 00050000 103:02 15990805                  /tmp/lwjglsam/3.2.3-build-13/liblwjgl.so
7f03210ce000-7f03210cf000 rw-p 00051000 103:02 15990805                  /tmp/lwjglsam/3.2.3-build-13/liblwjgl.so
7f03210cf000-7f03210e2000 r--s 00346000 103:02 9837979                   /usr/lib/jvm/java-8-openjdk-amd64/jre/lib/resources.jar
7f03210e2000-7f03210f9000 r-xp 00000000 103:02 9837855                   /usr/lib/jvm/java-8-openjdk-amd64/jre/lib/amd64/libnet.so
7f03210f9000-7f03212f8000 ---p 00017000 103:02 9837855                   /usr/lib/jvm/java-8-openjdk-amd64/jre/lib/amd64/libnet.so
7f03212f8000-7f03212f9000 r--p 00016000 103:02 9837855                   /usr/lib/jvm/java-8-openjdk-amd64/jre/lib/amd64/libnet.so
7f03212f9000-7f03212fa000 rw-p 00017000 103:02 9837855                   /usr/lib/jvm/java-8-openjdk-amd64/jre/lib/amd64/libnet.so
7f03212fa000-7f032130b000 r-xp 00000000 103:02 9837857                   /usr/lib/jvm/java-8-openjdk-amd64/jre/lib/amd64/libnio.so
7f032130b000-7f032150b000 ---p 00011000 103:02 9837857                   /usr/lib/jvm/java-8-openjdk-amd64/jre/lib/amd64/libnio.so
7f032150b000-7f032150c000 r--p 00011000 103:02 9837857                   /usr/lib/jvm/java-8-openjdk-amd64/jre/lib/amd64/libnio.so
7f032150c000-7f032150d000 rw-p 00012000 103:02 9837857                   /usr/lib/jvm/java-8-openjdk-amd64/jre/lib/amd64/libnio.so
7f032150d000-7f032150e000 r--s 00002000 08:01 16253464                   /home/sam/Downloads/pngdecoder-1.0.jar
7f032150e000-7f032150f000 r--s 00022000 08:01 17960234                   /home/sam/Downloads/lwjgl-3.2.3/lwjgl-glfw/lwjgl-glfw-natives-linux-arm64.jar
7f032150f000-7f032152a000 r--s 001d6000 103:02 9837906                   /usr/lib/jvm/java-8-openjdk-amd64/jre/lib/ext/nashorn.jar
7f032152a000-7f032152b000 ---p 00000000 00:00 0 
7f032152b000-7f032162b000 rw-p 00000000 00:00 0 
7f032162b000-7f032162e000 ---p 00000000 00:00 0 
7f032162e000-7f032172c000 rw-p 00000000 00:00 0 
7f032172c000-7f032172d000 ---p 00000000 00:00 0 
7f032172d000-7f0321730000 ---p 00000000 00:00 0 
7f0321730000-7f032182d000 rw-p 00000000 00:00 0 
7f032182d000-7f032182e000 ---p 00000000 00:00 0 
7f032182e000-7f0321831000 ---p 00000000 00:00 0 
7f0321831000-7f032192e000 rw-p 00000000 00:00 0 
7f032192e000-7f032192f000 ---p 00000000 00:00 0 
7f032192f000-7f0321932000 ---p 00000000 00:00 0 
7f0321932000-7f0321a2f000 rw-p 00000000 00:00 0 
7f0321a2f000-7f0321a30000 ---p 00000000 00:00 0 
7f0321a30000-7f0321a33000 ---p 00000000 00:00 0 
7f0321a33000-7f0321b30000 rw-p 00000000 00:00 0 
7f0321b30000-7f0321b33000 ---p 00000000 00:00 0 
7f0321b33000-7f0321c31000 rw-p 00000000 00:00 0 
7f0321c31000-7f0322600000 r--p 00000000 103:02 9837060                   /usr/lib/locale/locale-archive
7f0322600000-7f0322603000 ---p 00000000 00:00 0 
7f0322603000-7f0322701000 rw-p 00000000 00:00 0 
7f0322701000-7f0322704000 ---p 00000000 00:00 0 
7f0322704000-7f0322802000 rw-p 00000000 00:00 0 
7f0322802000-7f0322803000 ---p 00000000 00:00 0 
7f0322803000-7f0324000000 rw-p 00000000 00:00 0 
7f0324000000-7f0324021000 rw-p 00000000 00:00 0 
7f0324021000-7f0328000000 ---p 00000000 00:00 0 
7f0328000000-7f0328001000 r--s 00026000 08:01 17960235                   /home/sam/Downloads/lwjgl-3.2.3/lwjgl-glfw/lwjgl-glfw-natives-linux.jar
7f0328001000-7f0328004000 r--s 00018000 08:01 17960240                   /home/sam/Downloads/lwjgl-3.2.3/lwjgl-glfw/lwjgl-glfw.jar
7f0328004000-7f0328006000 r--s 0000d000 08:01 19795215                   /home/sam/Downloads/lwjgl-3.2.3/lwjgl-opengl/lwjgl-opengl-natives-linux-arm64.jar
7f0328006000-7f0328011000 r--s 000da000 08:01 19795221                   /home/sam/Downloads/lwjgl-3.2.3/lwjgl-opengl/lwjgl-opengl.jar
7f0328011000-7f0328018000 r--s 00081000 08:01 16518147                   /home/sam/Downloads/lwjgl-3.2.3/lwjgl/lwjgl.jar
7f0328018000-7f0338000000 rw-p 00000000 00:00 0 
7f0338000000-7f0338021000 rw-p 00000000 00:00 0 
7f0338021000-7f033c000000 ---p 00000000 00:00 0 
7f033c000000-7f033c021000 rw-p 00000000 00:00 0 
7f033c021000-7f0340000000 ---p 00000000 00:00 0 
7f0340000000-7f0340021000 rw-p 00000000 00:00 0 
7f0340021000-7f0344000000 ---p 00000000 00:00 0 
7f0344000000-7f0344021000 rw-p 00000000 00:00 0 
7f0344021000-7f0348000000 ---p 00000000 00:00 0 
7f0348000000-7f0348021000 rw-p 00000000 00:00 0 
7f0348021000-7f034c000000 ---p 00000000 00:00 0 
7f034c000000-7f034c021000 rw-p 00000000 00:00 0 
7f034c021000-7f0350000000 ---p 00000000 00:00 0 
7f0350000000-7f0350021000 rw-p 00000000 00:00 0 
7f0350021000-7f0354000000 ---p 00000000 00:00 0 
7f0354000000-7f0354021000 rw-p 00000000 00:00 0 
7f0354021000-7f0358000000 ---p 00000000 00:00 0 
7f0358000000-7f0358001000 r--s 00013000 08:01 19795216                   /home/sam/Downloads/lwjgl-3.2.3/lwjgl-opengl/lwjgl-opengl-natives-linux.jar
7f0358001000-7f0358002000 r--s 0000c000 08:01 16517972                   /home/sam/Downloads/lwjgl-3.2.3/lwjgl/lwjgl-natives-linux-arm64.jar
7f0358002000-7f0358003000 r--s 00012000 08:01 16517973                   /home/sam/Downloads/lwjgl-3.2.3/lwjgl/lwjgl-natives-linux.jar
7f0358003000-7f0358008000 r--s 0003d000 103:02 9837915                   /usr/lib/jvm/java-8-openjdk-amd64/jre/lib/ext/sunjce_provider.jar
7f0358008000-7f035800c000 r--s 0003a000 103:02 9837917                   /usr/lib/jvm/java-8-openjdk-amd64/jre/lib/ext/sunpkcs11.jar
7f035800c000-7f0358580000 rw-p 00000000 00:00 0 
7f0358580000-7f0358750000 r--s 03c5f000 103:02 9837981                   /usr/lib/jvm/java-8-openjdk-amd64/jre/lib/rt.jar
7f0358750000-7f0359eea000 rw-p 00000000 00:00 0 
7f0359eea000-7f0359eeb000 ---p 00000000 00:00 0 
7f0359eeb000-7f0359feb000 rw-p 00000000 00:00 0 
7f0359feb000-7f0359fec000 ---p 00000000 00:00 0 
7f0359fec000-7f035a0ec000 rw-p 00000000 00:00 0 
7f035a0ec000-7f035a0ed000 ---p 00000000 00:00 0 
7f035a0ed000-7f035a1ed000 rw-p 00000000 00:00 0 
7f035a1ed000-7f035a1ee000 ---p 00000000 00:00 0 
7f035a1ee000-7f035a2ee000 rw-p 00000000 00:00 0 
7f035a2ee000-7f035a2ef000 ---p 00000000 00:00 0 
7f035a2ef000-7f035a3ef000 rw-p 00000000 00:00 0 
7f035a3ef000-7f035a3f0000 ---p 00000000 00:00 0 
7f035a3f0000-7f035a4f0000 rw-p 00000000 00:00 0 
7f035a4f0000-7f035a4f1000 ---p 00000000 00:00 0 
7f035a4f1000-7f035a5f1000 rw-p 00000000 00:00 0 
7f035a5f1000-7f035a5f2000 ---p 00000000 00:00 0 
7f035a5f2000-7f035a6f2000 rw-p 00000000 00:00 0 
7f035a6f2000-7f035a6f3000 ---p 00000000 00:00 0 
7f035a6f3000-7f035a89a000 rw-p 00000000 00:00 0 
7f035a89a000-7f035b25a000 ---p 00000000 00:00 0 
7f035b25a000-7f035b301000 rw-p 00000000 00:00 0 
7f035b301000-7f035bcc0000 ---p 00000000 00:00 0 
7f035bcc0000-7f035bd53000 rw-p 00000000 00:00 0 
7f035bd53000-7f035c1f4000 ---p 00000000 00:00 0 
7f035c1f4000-7f035c205000 rw-p 00000000 00:00 0 
7f035c205000-7f035c5b5000 ---p 00000000 00:00 0 
7f035c5b5000-7f035c995000 rwxp 00000000 00:00 0 
7f035c995000-7f036b5b5000 ---p 00000000 00:00 0 
7f036b5b5000-7f036b5bd000 r-xp 00000000 103:02 9837871                   /usr/lib/jvm/java-8-openjdk-amd64/jre/lib/amd64/libzip.so
7f036b5bd000-7f036b7bc000 ---p 00008000 103:02 9837871                   /usr/lib/jvm/java-8-openjdk-amd64/jre/lib/amd64/libzip.so
7f036b7bc000-7f036b7bd000 r--p 00007000 103:02 9837871                   /usr/lib/jvm/java-8-openjdk-amd64/jre/lib/amd64/libzip.so
7f036b7bd000-7f036b7be000 rw-p 00008000 103:02 9837871                   /usr/lib/jvm/java-8-openjdk-amd64/jre/lib/amd64/libzip.so
7f036b7be000-7f036b7c9000 r-xp 00000000 103:02 22942476                  /lib/x86_64-linux-gnu/libnss_files-2.27.so
7f036b7c9000-7f036b9c8000 ---p 0000b000 103:02 22942476                  /lib/x86_64-linux-gnu/libnss_files-2.27.so
7f036b9c8000-7f036b9c9000 r--p 0000a000 103:02 22942476                  /lib/x86_64-linux-gnu/libnss_files-2.27.so
7f036b9c9000-7f036b9ca000 rw-p 0000b000 103:02 22942476                  /lib/x86_64-linux-gnu/libnss_files-2.27.so
7f036b9ca000-7f036b9d0000 rw-p 00000000 00:00 0 
7f036b9d0000-7f036b9e7000 r-xp 00000000 103:02 22942470                  /lib/x86_64-linux-gnu/libnsl-2.27.so
7f036b9e7000-7f036bbe6000 ---p 00017000 103:02 22942470                  /lib/x86_64-linux-gnu/libnsl-2.27.so
7f036bbe6000-7f036bbe7000 r--p 00016000 103:02 22942470                  /lib/x86_64-linux-gnu/libnsl-2.27.so
7f036bbe7000-7f036bbe8000 rw-p 00017000 103:02 22942470                  /lib/x86_64-linux-gnu/libnsl-2.27.so
7f036bbe8000-7f036bbea000 rw-p 00000000 00:00 0 
7f036bbea000-7f036bbf5000 r-xp 00000000 103:02 22942487                  /lib/x86_64-linux-gnu/libnss_nis-2.27.so
7f036bbf5000-7f036bdf4000 ---p 0000b000 103:02 22942487                  /lib/x86_64-linux-gnu/libnss_nis-2.27.so
7f036bdf4000-7f036bdf5000 r--p 0000a000 103:02 22942487                  /lib/x86_64-linux-gnu/libnss_nis-2.27.so
7f036bdf5000-7f036bdf6000 rw-p 0000b000 103:02 22942487                  /lib/x86_64-linux-gnu/libnss_nis-2.27.so
7f036bdf6000-7f036bdfe000 r-xp 00000000 103:02 22942472                  /lib/x86_64-linux-gnu/libnss_compat-2.27.so
7f036bdfe000-7f036bffe000 ---p 00008000 103:02 22942472                  /lib/x86_64-linux-gnu/libnss_compat-2.27.so
7f036bffe000-7f036bfff000 r--p 00008000 103:02 22942472                  /lib/x86_64-linux-gnu/libnss_compat-2.27.so
7f036bfff000-7f036c000000 rw-p 00009000 103:02 22942472                  /lib/x86_64-linux-gnu/libnss_compat-2.27.so
7f036c000000-7f036e172000 rw-p 00000000 00:00 0 
7f036e172000-7f0370000000 ---p 00000000 00:00 0 
7f0370000000-7f0370003000 r--s 0000f000 103:02 9837900                   /usr/lib/jvm/java-8-openjdk-amd64/jre/lib/ext/icedtea-sound.jar
7f0370003000-7f03700f5000 rw-p 00000000 00:00 0 
7f03700f5000-7f03700f6000 ---p 00000000 00:00 0 
7f03700f6000-7f03701f6000 rw-p 00000000 00:00 0 
7f03701f6000-7f0370220000 r-xp 00000000 103:02 9837833                   /usr/lib/jvm/java-8-openjdk-amd64/jre/lib/amd64/libjava.so
7f0370220000-7f037041f000 ---p 0002a000 103:02 9837833                   /usr/lib/jvm/java-8-openjdk-amd64/jre/lib/amd64/libjava.so
7f037041f000-7f0370420000 r--p 00029000 103:02 9837833                   /usr/lib/jvm/java-8-openjdk-amd64/jre/lib/amd64/libjava.so
7f0370420000-7f0370422000 rw-p 0002a000 103:02 9837833                   /usr/lib/jvm/java-8-openjdk-amd64/jre/lib/amd64/libjava.so
7f0370422000-7f0370432000 r-xp 00000000 103:02 9837869                   /usr/lib/jvm/java-8-openjdk-amd64/jre/lib/amd64/libverify.so
7f0370432000-7f0370631000 ---p 00010000 103:02 9837869                   /usr/lib/jvm/java-8-openjdk-amd64/jre/lib/amd64/libverify.so
7f0370631000-7f0370633000 r--p 0000f000 103:02 9837869                   /usr/lib/jvm/java-8-openjdk-amd64/jre/lib/amd64/libverify.so
7f0370633000-7f0370634000 rw-p 00011000 103:02 9837869                   /usr/lib/jvm/java-8-openjdk-amd64/jre/lib/amd64/libverify.so
7f0370634000-7f037063b000 r-xp 00000000 103:02 22942527                  /lib/x86_64-linux-gnu/librt-2.27.so
7f037063b000-7f037083a000 ---p 00007000 103:02 22942527                  /lib/x86_64-linux-gnu/librt-2.27.so
7f037083a000-7f037083b000 r--p 00006000 103:02 22942527                  /lib/x86_64-linux-gnu/librt-2.27.so
7f037083b000-7f037083c000 rw-p 00007000 103:02 22942527                  /lib/x86_64-linux-gnu/librt-2.27.so
7f037083c000-7f0370853000 r-xp 00000000 103:02 22937606                  /lib/x86_64-linux-gnu/libgcc_s.so.1
7f0370853000-7f0370a52000 ---p 00017000 103:02 22937606                  /lib/x86_64-linux-gnu/libgcc_s.so.1
7f0370a52000-7f0370a53000 r--p 00016000 103:02 22937606                  /lib/x86_64-linux-gnu/libgcc_s.so.1
7f0370a53000-7f0370a54000 rw-p 00017000 103:02 22937606                  /lib/x86_64-linux-gnu/libgcc_s.so.1
7f0370a54000-7f0370bf1000 r-xp 00000000 103:02 22942449                  /lib/x86_64-linux-gnu/libm-2.27.so
7f0370bf1000-7f0370df0000 ---p 0019d000 103:02 22942449                  /lib/x86_64-linux-gnu/libm-2.27.so
7f0370df0000-7f0370df1000 r--p 0019c000 103:02 22942449                  /lib/x86_64-linux-gnu/libm-2.27.so
7f0370df1000-7f0370df2000 rw-p 0019d000 103:02 22942449                  /lib/x86_64-linux-gnu/libm-2.27.so
7f0370df2000-7f0370f6b000 r-xp 00000000 103:02 9830530                   /usr/lib/x86_64-linux-gnu/libstdc++.so.6.0.25
7f0370f6b000-7f037116b000 ---p 00179000 103:02 9830530                   /usr/lib/x86_64-linux-gnu/libstdc++.so.6.0.25
7f037116b000-7f0371175000 r--p 00179000 103:02 9830530                   /usr/lib/x86_64-linux-gnu/libstdc++.so.6.0.25
7f0371175000-7f0371177000 rw-p 00183000 103:02 9830530                   /usr/lib/x86_64-linux-gnu/libstdc++.so.6.0.25
7f0371177000-7f037117b000 rw-p 00000000 00:00 0 
7f037117b000-7f0371e1d000 r-xp 00000000 103:02 9837875                   /usr/lib/jvm/java-8-openjdk-amd64/jre/lib/amd64/server/libjvm.so
7f0371e1d000-7f037201c000 ---p 00ca2000 103:02 9837875                   /usr/lib/jvm/java-8-openjdk-amd64/jre/lib/amd64/server/libjvm.so
7f037201c000-7f03720b0000 r--p 00ca1000 103:02 9837875                   /usr/lib/jvm/java-8-openjdk-amd64/jre/lib/amd64/server/libjvm.so
7f03720b0000-7f03720d9000 rw-p 00d35000 103:02 9837875                   /usr/lib/jvm/java-8-openjdk-amd64/jre/lib/amd64/server/libjvm.so
7f03720d9000-7f0372109000 rw-p 00000000 00:00 0 
7f0372109000-7f0372123000 r-xp 00000000 103:02 22942519                  /lib/x86_64-linux-gnu/libpthread-2.27.so
7f0372123000-7f0372322000 ---p 0001a000 103:02 22942519                  /lib/x86_64-linux-gnu/libpthread-2.27.so
7f0372322000-7f0372323000 r--p 00019000 103:02 22942519                  /lib/x86_64-linux-gnu/libpthread-2.27.so
7f0372323000-7f0372324000 rw-p 0001a000 103:02 22942519                  /lib/x86_64-linux-gnu/libpthread-2.27.so
7f0372324000-7f0372328000 rw-p 00000000 00:00 0 
7f0372328000-7f037232b000 r-xp 00000000 103:02 22942409                  /lib/x86_64-linux-gnu/libdl-2.27.so
7f037232b000-7f037252a000 ---p 00003000 103:02 22942409                  /lib/x86_64-linux-gnu/libdl-2.27.so
7f037252a000-7f037252b000 r--p 00002000 103:02 22942409                  /lib/x86_64-linux-gnu/libdl-2.27.so
7f037252b000-7f037252c000 rw-p 00003000 103:02 22942409                  /lib/x86_64-linux-gnu/libdl-2.27.so
7f037252c000-7f0372548000 r-xp 00000000 103:02 22942558                  /lib/x86_64-linux-gnu/libz.so.1.2.11
7f0372548000-7f0372747000 ---p 0001c000 103:02 22942558                  /lib/x86_64-linux-gnu/libz.so.1.2.11
7f0372747000-7f0372748000 r--p 0001b000 103:02 22942558                  /lib/x86_64-linux-gnu/libz.so.1.2.11
7f0372748000-7f0372749000 rw-p 0001c000 103:02 22942558                  /lib/x86_64-linux-gnu/libz.so.1.2.11
7f0372749000-7f0372930000 r-xp 00000000 103:02 22942386                  /lib/x86_64-linux-gnu/libc-2.27.so
7f0372930000-7f0372b30000 ---p 001e7000 103:02 22942386                  /lib/x86_64-linux-gnu/libc-2.27.so
7f0372b30000-7f0372b34000 r--p 001e7000 103:02 22942386                  /lib/x86_64-linux-gnu/libc-2.27.so
7f0372b34000-7f0372b36000 rw-p 001eb000 103:02 22942386                  /lib/x86_64-linux-gnu/libc-2.27.so
7f0372b36000-7f0372b3a000 rw-p 00000000 00:00 0 
7f0372b3a000-7f0372b48000 r-xp 00000000 103:02 9833482                   /usr/lib/jvm/java-8-openjdk-amd64/jre/lib/amd64/jli/libjli.so
7f0372b48000-7f0372d47000 ---p 0000e000 103:02 9833482                   /usr/lib/jvm/java-8-openjdk-amd64/jre/lib/amd64/jli/libjli.so
7f0372d47000-7f0372d48000 r--p 0000d000 103:02 9833482                   /usr/lib/jvm/java-8-openjdk-amd64/jre/lib/amd64/jli/libjli.so
7f0372d48000-7f0372d49000 rw-p 0000e000 103:02 9833482                   /usr/lib/jvm/java-8-openjdk-amd64/jre/lib/amd64/jli/libjli.so
7f0372d49000-7f0372d70000 r-xp 00000000 103:02 22942358                  /lib/x86_64-linux-gnu/ld-2.27.so
7f0372d70000-7f0372d71000 r--s 0000a000 103:02 9837902                   /usr/lib/jvm/java-8-openjdk-amd64/jre/lib/ext/jaccess.jar
7f0372d71000-7f0372d8c000 r--s 00394000 103:02 9837896                   /usr/lib/jvm/java-8-openjdk-amd64/jre/lib/ext/cldrdata.jar
7f0372d8c000-7f0372e51000 rw-p 00000000 00:00 0 
7f0372e51000-7f0372e52000 ---p 00000000 00:00 0 
7f0372e52000-7f0372e55000 ---p 00000000 00:00 0 
7f0372e55000-7f0372f54000 rw-p 00000000 00:00 0 
7f0372f54000-7f0372f56000 r--s 00001000 103:02 9837898                   /usr/lib/jvm/java-8-openjdk-amd64/jre/lib/ext/dnsns.jar
7f0372f56000-7f0372f60000 r--s 00116000 103:02 9837904                   /usr/lib/jvm/java-8-openjdk-amd64/jre/lib/ext/localedata.jar
7f0372f60000-7f0372f62000 r--s 00007000 103:02 10224650                  /usr/share/java/java-atk-wrapper.jar
7f0372f62000-7f0372f63000 r--s 0000d000 103:02 9837913                   /usr/lib/jvm/java-8-openjdk-amd64/jre/lib/ext/sunec.jar
7f0372f63000-7f0372f64000 r--s 00010000 103:02 9837919                   /usr/lib/jvm/java-8-openjdk-amd64/jre/lib/ext/zipfs.jar
7f0372f64000-7f0372f6c000 rw-s 00000000 103:02 15990798                  /tmp/hsperfdata_sam/7783
7f0372f6c000-7f0372f6d000 rw-p 00000000 00:00 0 
7f0372f6d000-7f0372f6e000 r--p 00000000 00:00 0 
7f0372f6e000-7f0372f70000 rw-p 00000000 00:00 0 
7f0372f70000-7f0372f71000 r--p 00027000 103:02 22942358                  /lib/x86_64-linux-gnu/ld-2.27.so
7f0372f71000-7f0372f72000 rw-p 00028000 103:02 22942358                  /lib/x86_64-linux-gnu/ld-2.27.so
7f0372f72000-7f0372f73000 rw-p 00000000 00:00 0 
7fffcb5bd000-7fffcb5de000 rw-p 00000000 00:00 0                          [stack]
7fffcb5eb000-7fffcb5ee000 r--p 00000000 00:00 0                          [vvar]
7fffcb5ee000-7fffcb5ef000 r-xp 00000000 00:00 0                          [vdso]
ffffffffff600000-ffffffffff601000 --xp 00000000 00:00 0                  [vsyscall]

VM Arguments:
jvm_args: -Dfile.encoding=UTF-8 
java_command: main.Main
java_class_path (initial): /home/sam/Downloads/lwjgl-3.2.3/lwjgl/lwjgl.jar:/home/sam/Downloads/lwjgl-3.2.3/lwjgl/lwjgl-natives-linux.jar:/home/sam/Downloads/lwjgl-3.2.3/lwjgl/lwjgl-natives-linux-arm64.jar:/home/sam/Downloads/lwjgl-3.2.3/lwjgl-opengl/lwjgl-opengl.jar:/home/sam/Downloads/lwjgl-3.2.3/lwjgl-opengl/lwjgl-opengl-natives-linux.jar:/home/sam/Downloads/lwjgl-3.2.3/lwjgl-opengl/lwjgl-opengl-natives-linux-arm64.jar:/home/sam/Downloads/lwjgl-3.2.3/lwjgl-glfw/lwjgl-glfw.jar:/home/sam/Downloads/lwjgl-3.2.3/lwjgl-glfw/lwjgl-glfw-natives-linux.jar:/home/sam/Downloads/lwjgl-3.2.3/lwjgl-glfw/lwjgl-glfw-natives-linux-arm64.jar:/home/sam/Downloads/pngdecoder-1.0.jar:/home/sam/eclipse/workspace/LWJGL-ENGINE/bin
Launcher Type: SUN_STANDARD

Environment Variables:
PATH=/usr/local/sbin:/usr/local/bin:/usr/sbin:/usr/bin:/sbin:/bin:/usr/games:/usr/local/games:/snap/bin
USERNAME=sam
SHELL=/bin/bash
DISPLAY=:0

Signal Handlers:
SIGSEGV: [libjvm.so+0xabafd0], sa_mask[0]=11111111011111111101111111111110, sa_flags=SA_RESTART|SA_SIGINFO
SIGBUS: [libjvm.so+0xabafd0], sa_mask[0]=11111111011111111101111111111110, sa_flags=SA_RESTART|SA_SIGINFO
SIGFPE: [libjvm.so+0x8f05b0], sa_mask[0]=11111111011111111101111111111110, sa_flags=SA_RESTART|SA_SIGINFO
SIGPIPE: [libjvm.so+0x8f05b0], sa_mask[0]=11111111011111111101111111111110, sa_flags=SA_RESTART|SA_SIGINFO
SIGXFSZ: [libjvm.so+0x8f05b0], sa_mask[0]=11111111011111111101111111111110, sa_flags=SA_RESTART|SA_SIGINFO
SIGILL: [libjvm.so+0x8f05b0], sa_mask[0]=11111111011111111101111111111110, sa_flags=SA_RESTART|SA_SIGINFO
SIGUSR1: SIG_DFL, sa_mask[0]=00000000000000000000000000000000, sa_flags=none
SIGUSR2: [libjvm.so+0x8f0460], sa_mask[0]=00100000000000000000000000000000, sa_flags=SA_RESTART|SA_SIGINFO
SIGHUP: [libjvm.so+0x8f0ad0], sa_mask[0]=11111111011111111101111111111110, sa_flags=SA_RESTART|SA_SIGINFO
SIGINT: [libjvm.so+0x8f0ad0], sa_mask[0]=11111111011111111101111111111110, sa_flags=SA_RESTART|SA_SIGINFO
SIGTERM: [libjvm.so+0x8f0ad0], sa_mask[0]=11111111011111111101111111111110, sa_flags=SA_RESTART|SA_SIGINFO
SIGQUIT: [libjvm.so+0x8f0ad0], sa_mask[0]=11111111011111111101111111111110, sa_flags=SA_RESTART|SA_SIGINFO


---------------  S Y S T E M  ---------------

OS:DISTRIB_ID=Ubuntu
DISTRIB_RELEASE=18.04
DISTRIB_CODENAME=bionic
DISTRIB_DESCRIPTION="Ubuntu 18.04.3 LTS"

uname:Linux 5.3.0-23-generic #25~18.04.2-Ubuntu SMP Thu Nov 21 22:27:50 UTC 2019 x86_64
libc:glibc 2.27 NPTL 2.27 
rlimit: STACK 8192k, CORE 0k, NPROC 127594, NOFILE 1048576, AS infinity
load average:10.29 3.98 2.03

/proc/meminfo:
MemTotal:       32713520 kB
MemFree:        28117300 kB
MemAvailable:   29059056 kB
Buffers:           87740 kB
Cached:          1414788 kB
SwapCached:            0 kB
Active:          3309388 kB
Inactive:         859716 kB
Active(anon):    2708508 kB
Inactive(anon):   185572 kB
Active(file):     600880 kB
Inactive(file):   674144 kB
Unevictable:       40736 kB
Mlocked:             128 kB
SwapTotal:       2097148 kB
SwapFree:        2097148 kB
Dirty:               404 kB
Writeback:             0 kB
AnonPages:       2707296 kB
Mapped:           576168 kB
Shmem:            227512 kB
KReclaimable:      72144 kB
Slab:             152604 kB
SReclaimable:      72144 kB
SUnreclaim:        80460 kB
KernelStack:       17648 kB
PageTables:        55760 kB
NFS_Unstable:          0 kB
Bounce:                0 kB
WritebackTmp:          0 kB
CommitLimit:    18453908 kB
Committed_AS:    9349300 kB
VmallocTotal:   34359738367 kB
VmallocUsed:       61236 kB
VmallocChunk:          0 kB
Percpu:             5760 kB
HardwareCorrupted:     0 kB
AnonHugePages:         0 kB
ShmemHugePages:        0 kB
ShmemPmdMapped:        0 kB
CmaTotal:              0 kB
CmaFree:               0 kB
HugePages_Total:       0
HugePages_Free:        0
HugePages_Rsvd:        0
HugePages_Surp:        0
Hugepagesize:       2048 kB
Hugetlb:               0 kB
DirectMap4k:      330400 kB
DirectMap2M:     7884800 kB
DirectMap1G:    25165824 kB

container (cgroup) information:
container_type: cgroupv1
cpu_cpuset_cpus: 0-11
cpu_memory_nodes: 0
active_processor_count: 12
cpu_quota: -1
cpu_period: 100000
cpu_shares: -1
memory_limit_in_bytes: -1
memory_and_swap_limit_in_bytes: -2
memory_soft_limit_in_bytes: -1
memory_usage_in_bytes: 4309921792
memory_max_usage_in_bytes: 0


CPU:total 12 (initial active 12) (6 cores per cpu, 2 threads per core) family 6 model 158 stepping 10, cmov, cx8, fxsr, mmx, sse, sse2, sse3, ssse3, sse4.1, sse4.2, popcnt, avx, avx2, aes, clmul, erms, 3dnowpref, lzcnt, ht, tsc, tscinvbit, bmi1, bmi2, adx

/proc/cpuinfo:
processor	: 0
vendor_id	: GenuineIntel
cpu family	: 6
model		: 158
model name	: Intel(R) Core(TM) i7-8750H CPU @ 2.20GHz
stepping	: 10
microcode	: 0xca
cpu MHz		: 4000.316
cache size	: 9216 KB
physical id	: 0
siblings	: 12
core id		: 0
cpu cores	: 6
apicid		: 0
initial apicid	: 0
fpu		: yes
fpu_exception	: yes
cpuid level	: 22
wp		: yes
flags		: fpu vme de pse tsc msr pae mce cx8 apic sep mtrr pge mca cmov pat pse36 clflush dts acpi mmx fxsr sse sse2 ss ht tm pbe syscall nx pdpe1gb rdtscp lm constant_tsc art arch_perfmon pebs bts rep_good nopl xtopology nonstop_tsc cpuid aperfmperf pni pclmulqdq dtes64 monitor ds_cpl vmx est tm2 ssse3 sdbg fma cx16 xtpr pdcm pcid sse4_1 sse4_2 x2apic movbe popcnt tsc_deadline_timer aes xsave avx f16c rdrand lahf_lm abm 3dnowprefetch cpuid_fault epb invpcid_single pti ssbd ibrs ibpb stibp tpr_shadow vnmi flexpriority ept vpid ept_ad fsgsbase tsc_adjust bmi1 avx2 smep bmi2 erms invpcid mpx rdseed adx smap clflushopt intel_pt xsaveopt xsavec xgetbv1 xsaves dtherm ida arat pln pts hwp hwp_notify hwp_act_window hwp_epp md_clear flush_l1d
bugs		: cpu_meltdown spectre_v1 spectre_v2 spec_store_bypass l1tf mds swapgs itlb_multihit
bogomips	: 4399.99
clflush size	: 64
cache_alignment	: 64
address sizes	: 39 bits physical, 48 bits virtual
power management:

processor	: 1
vendor_id	: GenuineIntel
cpu family	: 6
model		: 158
model name	: Intel(R) Core(TM) i7-8750H CPU @ 2.20GHz
stepping	: 10
microcode	: 0xca
cpu MHz		: 4000.845
cache size	: 9216 KB
physical id	: 0
siblings	: 12
core id		: 1
cpu cores	: 6
apicid		: 2
initial apicid	: 2
fpu		: yes
fpu_exception	: yes
cpuid level	: 22
wp		: yes
flags		: fpu vme de pse tsc msr pae mce cx8 apic sep mtrr pge mca cmov pat pse36 clflush dts acpi mmx fxsr sse sse2 ss ht tm pbe syscall nx pdpe1gb rdtscp lm constant_tsc art arch_perfmon pebs bts rep_good nopl xtopology nonstop_tsc cpuid aperfmperf pni pclmulqdq dtes64 monitor ds_cpl vmx est tm2 ssse3 sdbg fma cx16 xtpr pdcm pcid sse4_1 sse4_2 x2apic movbe popcnt tsc_deadline_timer aes xsave avx f16c rdrand lahf_lm abm 3dnowprefetch cpuid_fault epb invpcid_single pti ssbd ibrs ibpb stibp tpr_shadow vnmi flexpriority ept vpid ept_ad fsgsbase tsc_adjust bmi1 avx2 smep bmi2 erms invpcid mpx rdseed adx smap clflushopt intel_pt xsaveopt xsavec xgetbv1 xsaves dtherm ida arat pln pts hwp hwp_notify hwp_act_window hwp_epp flush_l1d
bugs		: cpu_meltdown spectre_v1 spectre_v2 spec_store_bypass l1tf mds swapgs itlb_multihit
bogomips	: 4399.99
clflush size	: 64
cache_alignment	: 64
address sizes	: 39 bits physical, 48 bits virtual
power management:

processor	: 2
vendor_id	: GenuineIntel
cpu family	: 6
model		: 158
model name	: Intel(R) Core(TM) i7-8750H CPU @ 2.20GHz
stepping	: 10
microcode	: 0xca
cpu MHz		: 4000.153
cache size	: 9216 KB
physical id	: 0
siblings	: 12
core id		: 2
cpu cores	: 6
apicid		: 4
initial apicid	: 4
fpu		: yes
fpu_exception	: yes
cpuid level	: 22
wp		: yes
flags		: fpu vme de pse tsc msr pae mce cx8 apic sep mtrr pge mca cmov pat pse36 clflush dts acpi mmx fxsr sse sse2 ss ht tm pbe syscall nx pdpe1gb rdtscp lm constant_tsc art arch_perfmon pebs bts rep_good nopl xtopology nonstop_tsc cpuid aperfmperf pni pclmulqdq dtes64 monitor ds_cpl vmx est tm2 ssse3 sdbg fma cx16 xtpr pdcm pcid sse4_1 sse4_2 x2apic movbe popcnt tsc_deadline_timer aes xsave avx f16c rdrand lahf_lm abm 3dnowprefetch cpuid_fault epb invpcid_single pti ssbd ibrs ibpb stibp tpr_shadow vnmi flexpriority ept vpid ept_ad fsgsbase tsc_adjust bmi1 avx2 smep bmi2 erms invpcid mpx rdseed adx smap clflushopt intel_pt xsaveopt xsavec xgetbv1 xsaves dtherm ida arat pln pts hwp hwp_notify hwp_act_window hwp_epp flush_l1d
bugs		: cpu_meltdown spectre_v1 spectre_v2 spec_store_bypass l1tf mds swapgs itlb_multihit
bogomips	: 4399.99
clflush size	: 64
cache_alignment	: 64
address sizes	: 39 bits physical, 48 bits virtual
power management:

processor	: 3
vendor_id	: GenuineIntel
cpu family	: 6
model		: 158
model name	: Intel(R) Core(TM) i7-8750H CPU @ 2.20GHz
stepping	: 10
microcode	: 0xca
cpu MHz		: 3999.926
cache size	: 9216 KB
physical id	: 0
siblings	: 12
core id		: 3
cpu cores	: 6
apicid		: 6
initial apicid	: 6
fpu		: yes
fpu_exception	: yes
cpuid level	: 22
wp		: yes
flags		: fpu vme de pse tsc msr pae mce cx8 apic sep mtrr pge mca cmov pat pse36 clflush dts acpi mmx fxsr sse sse2 ss ht tm pbe syscall nx pdpe1gb rdtscp lm constant_tsc art arch_perfmon pebs bts rep_good nopl xtopology nonstop_tsc cpuid aperfmperf pni pclmulqdq dtes64 monitor ds_cpl vmx est tm2 ssse3 sdbg fma cx16 xtpr pdcm pcid sse4_1 sse4_2 x2apic movbe popcnt tsc_deadline_timer aes xsave avx f16c rdrand lahf_lm abm 3dnowprefetch cpuid_fault epb invpcid_single pti ssbd ibrs ibpb stibp tpr_shadow vnmi flexpriority ept vpid ept_ad fsgsbase tsc_adjust bmi1 avx2 smep bmi2 erms invpcid mpx rdseed adx smap clflushopt intel_pt xsaveopt xsavec xgetbv1 xsaves dtherm ida arat pln pts hwp hwp_notify hwp_act_window hwp_epp flush_l1d
bugs		: cpu_meltdown spectre_v1 spectre_v2 spec_store_bypass l1tf mds swapgs itlb_multihit
bogomips	: 4399.99
clflush size	: 64
cache_alignment	: 64
address sizes	: 39 bits physical, 48 bits virtual
power management:

processor	: 4
vendor_id	: GenuineIntel
cpu family	: 6
model		: 158
model name	: Intel(R) Core(TM) i7-8750H CPU @ 2.20GHz
stepping	: 10
microcode	: 0xca
cpu MHz		: 3999.901
cache size	: 9216 KB
physical id	: 0
siblings	: 12
core id		: 4
cpu cores	: 6
apicid		: 8
initial apicid	: 8
fpu		: yes
fpu_exception	: yes
cpuid level	: 22
wp		: yes
flags		: fpu vme de pse tsc msr pae mce cx8 apic sep mtrr pge mca cmov pat pse36 clflush dts acpi mmx fxsr sse sse2 ss ht tm pbe syscall nx pdpe1gb rdtscp lm constant_tsc art arch_perfmon pebs bts rep_good nopl xtopology nonstop_tsc cpuid aperfmperf pni pclmulqdq dtes64 monitor ds_cpl vmx est tm2 ssse3 sdbg fma cx16 xtpr pdcm pcid sse4_1 sse4_2 x2apic movbe popcnt tsc_deadline_timer aes xsave avx f16c rdrand lahf_lm abm 3dnowprefetch cpuid_fault epb invpcid_single pti ssbd ibrs ibpb stibp tpr_shadow vnmi flexpriority ept vpid ept_ad fsgsbase tsc_adjust bmi1 avx2 smep bmi2 erms invpcid mpx rdseed adx smap clflushopt intel_pt xsaveopt xsavec xgetbv1 xsaves dtherm ida arat pln pts hwp hwp_notify hwp_act_window hwp_epp flush_l1d
bugs		: cpu_meltdown spectre_v1 spectre_v2 spec_store_bypass l1tf mds swapgs itlb_multihit
bogomips	: 4399.99
clflush size	: 64
cache_alignment	: 64
address sizes	: 39 bits physical, 48 bits virtual
power management:

processor	: 5
vendor_id	: GenuineIntel
cpu family	: 6
model		: 158
model name	: Intel(R) Core(TM) i7-8750H CPU @ 2.20GHz
stepping	: 10
microcode	: 0xca
cpu MHz		: 3998.267
cache size	: 9216 KB
physical id	: 0
siblings	: 12
core id		: 5
cpu cores	: 6
apicid		: 10
initial apicid	: 10
fpu		: yes
fpu_exception	: yes
cpuid level	: 22
wp		: yes
flags		: fpu vme de pse tsc msr pae mce cx8 apic sep mtrr pge mca cmov pat pse36 clflush dts acpi mmx fxsr sse sse2 ss ht tm pbe syscall nx pdpe1gb rdtscp lm constant_tsc art arch_perfmon pebs bts rep_good nopl xtopology nonstop_tsc cpuid aperfmperf pni pclmulqdq dtes64 monitor ds_cpl vmx est tm2 ssse3 sdbg fma cx16 xtpr pdcm pcid sse4_1 sse4_2 x2apic movbe popcnt tsc_deadline_timer aes xsave avx f16c rdrand lahf_lm abm 3dnowprefetch cpuid_fault epb invpcid_single pti ssbd ibrs ibpb stibp tpr_shadow vnmi flexpriority ept vpid ept_ad fsgsbase tsc_adjust bmi1 avx2 smep bmi2 erms invpcid mpx rdseed adx smap clflushopt intel_pt xsaveopt xsavec xgetbv1 xsaves dtherm ida arat pln pts hwp hwp_notify hwp_act_window hwp_epp flush_l1d
bugs		: cpu_meltdown spectre_v1 spectre_v2 spec_store_bypass l1tf mds swapgs itlb_multihit
bogomips	: 4399.99
clflush size	: 64
cache_alignment	: 64
address sizes	: 39 bits physical, 48 bits virtual
power management:

processor	: 6
vendor_id	: GenuineIntel
cpu family	: 6
model		: 158
model name	: Intel(R) Core(TM) i7-8750H CPU @ 2.20GHz
stepping	: 10
microcode	: 0xca
cpu MHz		: 3999.590
cache size	: 9216 KB
physical id	: 0
siblings	: 12
core id		: 0
cpu cores	: 6
apicid		: 1
initial apicid	: 1
fpu		: yes
fpu_exception	: yes
cpuid level	: 22
wp		: yes
flags		: fpu vme de pse tsc msr pae mce cx8 apic sep mtrr pge mca cmov pat pse36 clflush dts acpi mmx fxsr sse sse2 ss ht tm pbe syscall nx pdpe1gb rdtscp lm constant_tsc art arch_perfmon pebs bts rep_good nopl xtopology nonstop_tsc cpuid aperfmperf pni pclmulqdq dtes64 monitor ds_cpl vmx est tm2 ssse3 sdbg fma cx16 xtpr pdcm pcid sse4_1 sse4_2 x2apic movbe popcnt tsc_deadline_timer aes xsave avx f16c rdrand lahf_lm abm 3dnowprefetch cpuid_fault epb invpcid_single pti ssbd ibrs ibpb stibp tpr_shadow vnmi flexpriority ept vpid ept_ad fsgsbase tsc_adjust bmi1 avx2 smep bmi2 erms invpcid mpx rdseed adx smap clflushopt intel_pt xsaveopt xsavec xgetbv1 xsaves dtherm ida arat pln pts hwp hwp_notify hwp_act_window hwp_epp md_clear flush_l1d
bugs		: cpu_meltdown spectre_v1 spectre_v2 spec_store_bypass l1tf mds swapgs itlb_multihit
bogomips	: 4399.99
clflush size	: 64
cache_alignment	: 64
address sizes	: 39 bits physical, 48 bits virtual
power management:

processor	: 7
vendor_id	: GenuineIntel
cpu family	: 6
model		: 158
model name	: Intel(R) Core(TM) i7-8750H CPU @ 2.20GHz
stepping	: 10
microcode	: 0xca
cpu MHz		: 4000.070
cache size	: 9216 KB
physical id	: 0
siblings	: 12
core id		: 1
cpu cores	: 6
apicid		: 3
initial apicid	: 3
fpu		: yes
fpu_exception	: yes
cpuid level	: 22
wp		: yes
flags		: fpu vme de pse tsc msr pae mce cx8 apic sep mtrr pge mca cmov pat pse36 clflush dts acpi mmx fxsr sse sse2 ss ht tm pbe syscall nx pdpe1gb rdtscp lm constant_tsc art arch_perfmon pebs bts rep_good nopl xtopology nonstop_tsc cpuid aperfmperf pni pclmulqdq dtes64 monitor ds_cpl vmx est tm2 ssse3 sdbg fma cx16 xtpr pdcm pcid sse4_1 sse4_2 x2apic movbe popcnt tsc_deadline_timer aes xsave avx f16c rdrand lahf_lm abm 3dnowprefetch cpuid_fault epb invpcid_single pti ssbd ibrs ibpb stibp tpr_shadow vnmi flexpriority ept vpid ept_ad fsgsbase tsc_adjust bmi1 avx2 smep bmi2 erms invpcid mpx rdseed adx smap clflushopt intel_pt xsaveopt xsavec xgetbv1 xsaves dtherm ida arat pln pts hwp hwp_notify hwp_act_window hwp_epp md_clear flush_l1d
bugs		: cpu_meltdown spectre_v1 spectre_v2 spec_store_bypass l1tf mds swapgs itlb_multihit
bogomips	: 4399.99
clflush size	: 64
cache_alignment	: 64
address sizes	: 39 bits physical, 48 bits virtual
power management:

processor	: 8
vendor_id	: GenuineIntel
cpu family	: 6
model		: 158
model name	: Intel(R) Core(TM) i7-8750H CPU @ 2.20GHz
stepping	: 10
microcode	: 0xca
cpu MHz		: 3999.133
cache size	: 9216 KB
physical id	: 0
siblings	: 12
core id		: 2
cpu cores	: 6
apicid		: 5
initial apicid	: 5
fpu		: yes
fpu_exception	: yes
cpuid level	: 22
wp		: yes
flags		: fpu vme de pse tsc msr pae mce cx8 apic sep mtrr pge mca cmov pat pse36 clflush dts acpi mmx fxsr sse sse2 ss ht tm pbe syscall nx pdpe1gb rdtscp lm constant_tsc art arch_perfmon pebs bts rep_good nopl xtopology nonstop_tsc cpuid aperfmperf pni pclmulqdq dtes64 monitor ds_cpl vmx est tm2 ssse3 sdbg fma cx16 xtpr pdcm pcid sse4_1 sse4_2 x2apic movbe popcnt tsc_deadline_timer aes xsave avx f16c rdrand lahf_lm abm 3dnowprefetch cpuid_fault epb invpcid_single pti ssbd ibrs ibpb stibp tpr_shadow vnmi flexpriority ept vpid ept_ad fsgsbase tsc_adjust bmi1 avx2 smep bmi2 erms invpcid mpx rdseed adx smap clflushopt intel_pt xsaveopt xsavec xgetbv1 xsaves dtherm ida arat pln pts hwp hwp_notify hwp_act_window hwp_epp md_clear flush_l1d
bugs		: cpu_meltdown spectre_v1 spectre_v2 spec_store_bypass l1tf mds swapgs itlb_multihit
bogomips	: 4399.99
clflush size	: 64
cache_alignment	: 64
address sizes	: 39 bits physical, 48 bits virtual
power management:

processor	: 9
vendor_id	: GenuineIntel
cpu family	: 6
model		: 158
model name	: Intel(R) Core(TM) i7-8750H CPU @ 2.20GHz
stepping	: 10
microcode	: 0xca
cpu MHz		: 3946.450
cache size	: 9216 KB
physical id	: 0
siblings	: 12
core id		: 3
cpu cores	: 6
apicid		: 7
initial apicid	: 7
fpu		: yes
fpu_exception	: yes
cpuid level	: 22
wp		: yes
flags		: fpu vme de pse tsc msr pae mce cx8 apic sep mtrr pge mca cmov pat pse36 clflush dts acpi mmx fxsr sse sse2 ss ht tm pbe syscall nx pdpe1gb rdtscp lm constant_tsc art arch_perfmon pebs bts rep_good nopl xtopology nonstop_tsc cpuid aperfmperf pni pclmulqdq dtes64 monitor ds_cpl vmx est tm2 ssse3 sdbg fma cx16 xtpr pdcm pcid sse4_1 sse4_2 x2apic movbe popcnt tsc_deadline_timer aes xsave avx f16c rdrand lahf_lm abm 3dnowprefetch cpuid_fault epb invpcid_single pti ssbd ibrs ibpb stibp tpr_shadow vnmi flexpriority ept vpid ept_ad fsgsbase tsc_adjust bmi1 avx2 smep bmi2 erms invpcid mpx rdseed adx smap clflushopt intel_pt xsaveopt xsavec xgetbv1 xsaves dtherm ida arat pln pts hwp hwp_notify hwp_act_window hwp_epp md_clear flush_l1d
bugs		: cpu_meltdown spectre_v1 spectre_v2 spec_store_bypass l1tf mds swapgs itlb_multihit
bogomips	: 4399.99
clflush size	: 64
cache_alignment	: 64
address sizes	: 39 bits physical, 48 bits virtual
power management:

processor	: 10
vendor_id	: GenuineIntel
cpu family	: 6
model		: 158
model name	: Intel(R) Core(TM) i7-8750H CPU @ 2.20GHz
stepping	: 10
microcode	: 0xca
cpu MHz		: 4000.031
cache size	: 9216 KB
physical id	: 0
siblings	: 12
core id		: 4
cpu cores	: 6
apicid		: 9
initial apicid	: 9
fpu		: yes
fpu_exception	: yes
cpuid level	: 22
wp		: yes
flags		: fpu vme de pse tsc msr pae mce cx8 apic sep mtrr pge mca cmov pat pse36 clflush dts acpi mmx fxsr sse sse2 ss ht tm pbe syscall nx pdpe1gb rdtscp lm constant_tsc art arch_perfmon pebs bts rep_good nopl xtopology nonstop_tsc cpuid aperfmperf pni pclmulqdq dtes64 monitor ds_cpl vmx est tm2 ssse3 sdbg fma cx16 xtpr pdcm pcid sse4_1 sse4_2 x2apic movbe popcnt tsc_deadline_timer aes xsave avx f16c rdrand lahf_lm abm 3dnowprefetch cpuid_fault epb invpcid_single pti ssbd ibrs ibpb stibp tpr_shadow vnmi flexpriority ept vpid ept_ad fsgsbase tsc_adjust bmi1 avx2 smep bmi2 erms invpcid mpx rdseed adx smap clflushopt intel_pt xsaveopt xsavec xgetbv1 xsaves dtherm ida arat pln pts hwp hwp_notify hwp_act_window hwp_epp md_clear flush_l1d
bugs		: cpu_meltdown spectre_v1 spectre_v2 spec_store_bypass l1tf mds swapgs itlb_multihit
bogomips	: 4399.99
clflush size	: 64
cache_alignment	: 64
address sizes	: 39 bits physical, 48 bits virtual
power management:

processor	: 11
vendor_id	: GenuineIntel
cpu family	: 6
model		: 158
model name	: Intel(R) Core(TM) i7-8750H CPU @ 2.20GHz
stepping	: 10
microcode	: 0xca
cpu MHz		: 4001.521
cache size	: 9216 KB
physical id	: 0
siblings	: 12
core id		: 5
cpu cores	: 6
apicid		: 11
initial apicid	: 11
fpu		: yes
fpu_exception	: yes
cpuid level	: 22
wp		: yes
flags		: fpu vme de pse tsc msr pae mce cx8 apic sep mtrr pge mca cmov pat pse36 clflush dts acpi mmx fxsr sse sse2 ss ht tm pbe syscall nx pdpe1gb rdtscp lm constant_tsc art arch_perfmon pebs bts rep_good nopl xtopology nonstop_tsc cpuid aperfmperf pni pclmulqdq dtes64 monitor ds_cpl vmx est tm2 ssse3 sdbg fma cx16 xtpr pdcm pcid sse4_1 sse4_2 x2apic movbe popcnt tsc_deadline_timer aes xsave avx f16c rdrand lahf_lm abm 3dnowprefetch cpuid_fault epb invpcid_single pti ssbd ibrs ibpb stibp tpr_shadow vnmi flexpriority ept vpid ept_ad fsgsbase tsc_adjust bmi1 avx2 smep bmi2 erms invpcid mpx rdseed adx smap clflushopt intel_pt xsaveopt xsavec xgetbv1 xsaves dtherm ida arat pln pts hwp hwp_notify hwp_act_window hwp_epp md_clear flush_l1d
bugs		: cpu_meltdown spectre_v1 spectre_v2 spec_store_bypass l1tf mds swapgs itlb_multihit
bogomips	: 4399.99
clflush size	: 64
cache_alignment	: 64
address sizes	: 39 bits physical, 48 bits virtual
power management:



Memory: 4k page, physical 32713520k(28117292k free), swap 2097148k(2097148k free)

vm_info: OpenJDK 64-Bit Server VM (25.232-b09) for linux-amd64 JRE (1.8.0_232-8u232-b09-0ubuntu1~18.04.1-b09), built on Oct 16 2019 20:38:15 by "buildd" with gcc 7.4.0

time: Sat Dec 21 14:37:41 2019
timezone: CST
elapsed time: 0 seconds (0d 0h 0m 0s)

