#
# A fatal error has been detected by the Java Runtime Environment:
#
#  SIGSEGV (0xb) at pc=0x00007fb6bb0410e0, pid=9848, tid=0x00007fb73ff04700
#
# JRE version: OpenJDK Runtime Environment (8.0_222-b10) (build 1.8.0_222-8u222-b10-1ubuntu1~18.04.1-b10)
# Java VM: OpenJDK 64-Bit Server VM (25.222-b10 mixed mode linux-amd64 compressed oops)
# Problematic frame:
# C  [libnvidia-glcore.so.430.34+0xf190e0]
#
# Failed to write core dump. Core dumps have been disabled. To enable core dumping, try "ulimit -c unlimited" before starting Java again
#
# If you would like to submit a bug report, please visit:
#   http://bugreport.java.com/bugreport/crash.jsp
# The crash happened outside the Java Virtual Machine in native code.
# See problematic frame for where to report the bug.
#

---------------  T H R E A D  ---------------

Current thread (0x00007fb73800b800):  JavaThread "main" [_thread_in_native, id=9853, stack(0x00007fb73fe05000,0x00007fb73ff05000)]

siginfo: si_signo: 11 (SIGSEGV), si_code: 1 (SEGV_MAPERR), si_addr: 0x0000000000000000

Registers:
RAX=0x00007fb738927798, RBX=0x00007fb738927468, RCX=0x0000000000000014, RDX=0x0000000000000010
RSP=0x00007fb73ff03488, RBP=0x00007fb738663450, RSI=0x0000000000000000, RDI=0x00007fb6b90cf968
R8 =0x00007fb6b90cf968, R9 =0x0000000000000014, R10=0x0000000000000000, R11=0x0000000000000000
R12=0x00007fb738927a70, R13=0x00007fb73837f4d0, R14=0x00007fb73837f4c0, R15=0x00007fb6b9e796b0
RIP=0x00007fb6bb0410e0, EFLAGS=0x0000000000010246, CSGSFS=0x002b000000000033, ERR=0x0000000000000004
  TRAPNO=0x000000000000000e

Top of Stack: (sp=0x00007fb73ff03488)
0x00007fb73ff03488:   00007fb6bb1149d3 00007fb738927768
0x00007fb73ff03498:   0000000000000001 0000000000000001
0x00007fb73ff034a8:   0000000000927768 0000000000000014
0x00007fb73ff034b8:   0000000040742000 00007fb6b90cf968
0x00007fb73ff034c8:   00007fb6bb0410d0 0000000104212aa8
0x00007fb73ff034d8:   00007fb738927468 0000000000000000
0x00007fb73ff034e8:   00007fb6bab6f6de 00007fb738928020
0x00007fb73ff034f8:   00000003baf4a524 0000000000000001
0x00007fb73ff03508:   00007fb738927798 00007fb7387334e0
0x00007fb73ff03518:   0000000000000001 0000000000000102
0x00007fb73ff03528:   1080000000000000 0000000000000102
0x00007fb73ff03538:   1080000000000000 00007fb73ff034a0
0x00007fb73ff03548:   0000000000000000 0000000040742000
0x00007fb73ff03558:   00007fb738927a70 00007fb73837f4d0
0x00007fb73ff03568:   00007fb73837f4c0 0000000040799208
0x00007fb73ff03578:   00007fb6bb11a485 00007fb73ff0364c
0x00007fb73ff03588:   00007fb73ff03648 0000140500000000
0x00007fb73ff03598:   ffffffff00000024 0000000400000000
0x00007fb73ff035a8:   0000000040742220 00007fb738663450
0x00007fb73ff035b8:   00007fb73ff03560 0000000000001401
0x00007fb73ff035c8:   00007fb73ff04700 0000000000000000
0x00007fb73ff035d8:   0000000000000000 0000000000000102
0x00007fb73ff035e8:   00007fb738927a70 0000000040742000
0x00007fb73ff035f8:   00007fb73837f4d0 00007fb73837f4c0
0x00007fb73ff03608:   00007fb738663450 0000000000000000
0x00007fb73ff03618:   00007fb6bb11b07f 0000000000001401
0x00007fb73ff03628:   00007fb73ff04700 00007fb73ff03760
0x00007fb73ff03638:   00007fb725f31428 00007fb73800b800
0x00007fb73ff03648:   0000000000000014 0000000040742001
0x00007fb73ff03658:   0000000040742000 000000004078d080
0x00007fb73ff03668:   0000000000000004 0000000000001405
0x00007fb73ff03678:   0000000000000010 0000000000000000 

Instructions: (pc=0x00007fb6bb0410e0)
0x00007fb6bb0410c0:   d0 48 8d 44 07 0c c3 90 90 90 90 90 90 90 90 90
0x00007fb6bb0410d0:   48 63 d2 49 89 f8 41 89 c9 0f 1f 80 00 00 00 00
0x00007fb6bb0410e0:   8b 06 41 89 00 8b 46 04 41 89 40 04 8b 46 08 41
0x00007fb6bb0410f0:   89 40 08 8b 46 0c 48 01 d6 41 89 40 0c 49 83 c0 

Register to memory mapping:

RAX=0x00007fb738927798 is an unknown value
RBX=0x00007fb738927468 is an unknown value
RCX=0x0000000000000014 is an unknown value
RDX=0x0000000000000010 is an unknown value
RSP=0x00007fb73ff03488 is pointing into the stack for thread: 0x00007fb73800b800
RBP=0x00007fb738663450 is an unknown value
RSI=0x0000000000000000 is an unknown value
RDI=0x00007fb6b90cf968 is an unknown value
R8 =0x00007fb6b90cf968 is an unknown value
R9 =0x0000000000000014 is an unknown value
R10=0x0000000000000000 is an unknown value
R11=0x0000000000000000 is an unknown value
R12=0x00007fb738927a70 is an unknown value
R13=0x00007fb73837f4d0 is an unknown value
R14=0x00007fb73837f4c0 is an unknown value
R15=0x00007fb6b9e796b0 is an unknown value


Stack: [0x00007fb73fe05000,0x00007fb73ff05000],  sp=0x00007fb73ff03488,  free space=1017k
Native frames: (J=compiled Java code, j=interpreted, Vv=VM code, C=native code)
C  [libnvidia-glcore.so.430.34+0xf190e0]

Java frames: (J=compiled Java code, j=interpreted, Vv=VM code)
j  org.lwjgl.opengl.GL11C.nglDrawElements(IIIJ)V+0
j  org.lwjgl.opengl.GL11C.glDrawElements(IIIJ)V+4
j  org.lwjgl.opengl.GL11.glDrawElements(IIIJ)V+4
j  GUI.FontRenderer.renderText(LGUI/TextMesh;)V+21
j  main.Main.main([Ljava/lang/String;)V+966
v  ~StubRoutines::call_stub

---------------  P R O C E S S  ---------------

Java Threads: ( => current thread )
  0x00007fb7380d0000 JavaThread "Service Thread" daemon [_thread_blocked, id=9872, stack(0x00007fb70df1a000,0x00007fb70e01b000)]
  0x00007fb7380cd000 JavaThread "C1 CompilerThread3" daemon [_thread_blocked, id=9871, stack(0x00007fb70e01c000,0x00007fb70e11c000)]
  0x00007fb7380ca800 JavaThread "C2 CompilerThread2" daemon [_thread_blocked, id=9870, stack(0x00007fb70e11d000,0x00007fb70e21d000)]
  0x00007fb7380c9000 JavaThread "C2 CompilerThread1" daemon [_thread_in_native, id=9869, stack(0x00007fb70e21e000,0x00007fb70e31e000)]
  0x00007fb7380c6000 JavaThread "C2 CompilerThread0" daemon [_thread_blocked, id=9868, stack(0x00007fb70e31f000,0x00007fb70e41f000)]
  0x00007fb7380c4800 JavaThread "Signal Dispatcher" daemon [_thread_blocked, id=9867, stack(0x00007fb70e41f000,0x00007fb70e520000)]
  0x00007fb738092000 JavaThread "Finalizer" daemon [_thread_blocked, id=9866, stack(0x00007fb70eeef000,0x00007fb70eff0000)]
  0x00007fb73808f800 JavaThread "Reference Handler" daemon [_thread_blocked, id=9865, stack(0x00007fb70eff0000,0x00007fb70f0f1000)]
=>0x00007fb73800b800 JavaThread "main" [_thread_in_native, id=9853, stack(0x00007fb73fe05000,0x00007fb73ff05000)]

Other Threads:
  0x00007fb738085800 VMThread [stack: 0x00007fb70f0f2000,0x00007fb70f1f2000] [id=9864]
  0x00007fb7380d2800 WatcherThread [stack: 0x00007fb70de1a000,0x00007fb70df1a000] [id=9873]

VM state:not at safepoint (normal execution)

VM Mutex/Monitor currently owned by a thread: None

heap address: 0x00000005ccc00000, size: 7988 MB, Compressed Oops mode: Zero based, Oop shift amount: 3
Narrow klass base: 0x0000000000000000, Narrow klass shift: 3
Compressed class space size: 1073741824 Address: 0x00000007c0000000

Heap:
 PSYoungGen      total 149504K, used 12159K [0x0000000719980000, 0x0000000724000000, 0x00000007c0000000)
  eden space 128512K, 6% used [0x0000000719980000,0x000000071a190900,0x0000000721700000)
  from space 20992K, 18% used [0x0000000722b80000,0x0000000722f4f618,0x0000000724000000)
  to   space 20992K, 0% used [0x0000000721700000,0x0000000721700000,0x0000000722b80000)
 ParOldGen       total 341504K, used 16K [0x00000005ccc00000, 0x00000005e1980000, 0x0000000719980000)
  object space 341504K, 0% used [0x00000005ccc00000,0x00000005ccc04000,0x00000005e1980000)
 Metaspace       used 9222K, capacity 9401K, committed 9600K, reserved 1058816K
  class space    used 700K, capacity 807K, committed 896K, reserved 1048576K

Card table byte_map: [0x00007fb728065000,0x00007fb729000000] byte_map_base: 0x00007fb7251ff000

Marking Bits: (ParMarkBitMap*) 0x00007fb73f09f360
 Begin Bits: [0x00007fb6f0660000, 0x00007fb6f8330000)
 End Bits:   [0x00007fb6f8330000, 0x00007fb700000000)

Polling page: 0x00007fb73ff20000

CodeCache: size=245760Kb used=3590Kb max_used=3596Kb free=242169Kb
 bounds [0x00007fb729000000, 0x00007fb729390000, 0x00007fb738000000]
 total_blobs=1696 nmethods=798 adapters=813
 compilation: enabled

Compilation events (10 events):
Event: 1.554 Thread 0x00007fb7380c9000 nmethod 794 0x00007fb7293724d0 code [0x00007fb729372640, 0x00007fb729372778]
Event: 1.554 Thread 0x00007fb7380c6000  795 %     4       models.TerrainGenerator::generateMesh @ 239 (360 bytes)
Event: 1.555 Thread 0x00007fb7380cd000  796       3       java.util.ArrayList$Itr::hasNext (20 bytes)
Event: 1.555 Thread 0x00007fb7380cd000 nmethod 796 0x00007fb729372a10 code [0x00007fb729372b80, 0x00007fb729372d50]
Event: 1.555 Thread 0x00007fb7380ca800  797       4       java.util.ArrayList$Itr::hasNext (20 bytes)
Event: 1.556 Thread 0x00007fb7380ca800 nmethod 797 0x00007fb729376810 code [0x00007fb729376960, 0x00007fb7293769f8]
Event: 1.558 Thread 0x00007fb7380c6000 nmethod 795% 0x00007fb729378910 code [0x00007fb729378ac0, 0x00007fb7293790b8]
Event: 1.558 Thread 0x00007fb7380c9000  798 %     4       models.TerrainGenerator::generateMesh @ 303 (360 bytes)
Event: 1.560 Thread 0x00007fb7380cd000  799       3       java.io.UnixFileSystem::prefixLength (25 bytes)
Event: 1.561 Thread 0x00007fb7380cd000 nmethod 799 0x00007fb729375fd0 code [0x00007fb729376160, 0x00007fb729376628]

GC Heap History (4 events):
Event: 1.162 GC heap before
{Heap before GC invocations=1 (full 0):
 PSYoungGen      total 149504K, used 128512K [0x0000000719980000, 0x0000000724000000, 0x00000007c0000000)
  eden space 128512K, 100% used [0x0000000719980000,0x0000000721700000,0x0000000721700000)
  from space 20992K, 0% used [0x0000000722b80000,0x0000000722b80000,0x0000000724000000)
  to   space 20992K, 0% used [0x0000000721700000,0x0000000721700000,0x0000000722b80000)
 ParOldGen       total 341504K, used 0K [0x00000005ccc00000, 0x00000005e1980000, 0x0000000719980000)
  object space 341504K, 0% used [0x00000005ccc00000,0x00000005ccc00000,0x00000005e1980000)
 Metaspace       used 8824K, capacity 9015K, committed 9216K, reserved 1058816K
  class space    used 676K, capacity 742K, committed 768K, reserved 1048576K
Event: 1.166 GC heap after
Heap after GC invocations=1 (full 0):
 PSYoungGen      total 149504K, used 9078K [0x0000000719980000, 0x0000000724000000, 0x00000007c0000000)
  eden space 128512K, 0% used [0x0000000719980000,0x0000000719980000,0x0000000721700000)
  from space 20992K, 43% used [0x0000000721700000,0x0000000721fddb40,0x0000000722b80000)
  to   space 20992K, 0% used [0x0000000722b80000,0x0000000722b80000,0x0000000724000000)
 ParOldGen       total 341504K, used 8K [0x00000005ccc00000, 0x00000005e1980000, 0x0000000719980000)
  object space 341504K, 0% used [0x00000005ccc00000,0x00000005ccc02000,0x00000005e1980000)
 Metaspace       used 8824K, capacity 9015K, committed 9216K, reserved 1058816K
  class space    used 676K, capacity 742K, committed 768K, reserved 1048576K
}
Event: 1.543 GC heap before
{Heap before GC invocations=2 (full 0):
 PSYoungGen      total 149504K, used 137590K [0x0000000719980000, 0x0000000724000000, 0x00000007c0000000)
  eden space 128512K, 100% used [0x0000000719980000,0x0000000721700000,0x0000000721700000)
  from space 20992K, 43% used [0x0000000721700000,0x0000000721fddb40,0x0000000722b80000)
  to   space 20992K, 0% used [0x0000000722b80000,0x0000000722b80000,0x0000000724000000)
 ParOldGen       total 341504K, used 8K [0x00000005ccc00000, 0x00000005e1980000, 0x0000000719980000)
  object space 341504K, 0% used [0x00000005ccc00000,0x00000005ccc02000,0x00000005e1980000)
 Metaspace       used 9210K, capacity 9401K, committed 9600K, reserved 1058816K
  class space    used 697K, capacity 807K, committed 896K, reserved 1048576K
Event: 1.546 GC heap after
Heap after GC invocations=2 (full 0):
 PSYoungGen      total 149504K, used 3901K [0x0000000719980000, 0x0000000724000000, 0x00000007c0000000)
  eden space 128512K, 0% used [0x0000000719980000,0x0000000719980000,0x0000000721700000)
  from space 20992K, 18% used [0x0000000722b80000,0x0000000722f4f618,0x0000000724000000)
  to   space 20992K, 0% used [0x0000000721700000,0x0000000721700000,0x0000000722b80000)
 ParOldGen       total 341504K, used 16K [0x00000005ccc00000, 0x00000005e1980000, 0x0000000719980000)
  object space 341504K, 0% used [0x00000005ccc00000,0x00000005ccc04000,0x00000005e1980000)
 Metaspace       used 9210K, capacity 9401K, committed 9600K, reserved 1058816K
  class space    used 697K, capacity 807K, committed 896K, reserved 1048576K
}

Deoptimization events (10 events):
Event: 0.842 Thread 0x00007fb73800b800 Uncommon trap: reason=array_check action=maybe_recompile pc=0x00007fb7292b3318 method=java.util.AbstractCollection.toArray([Ljava/lang/Object;)[Ljava/lang/Object; @ 119
Event: 0.842 Thread 0x00007fb73800b800 Uncommon trap: reason=array_check action=maybe_recompile pc=0x00007fb7292b3318 method=java.util.AbstractCollection.toArray([Ljava/lang/Object;)[Ljava/lang/Object; @ 119
Event: 0.849 Thread 0x00007fb73800b800 Uncommon trap: reason=unstable_if action=reinterpret pc=0x00007fb7292a1480 method=sun.misc.FloatingDecimal.readJavaFormatString(Ljava/lang/String;)Lsun/misc/FloatingDecimal$ASCIIToBinaryConverter; @ 235
Event: 0.849 Thread 0x00007fb73800b800 Uncommon trap: reason=class_check action=maybe_recompile pc=0x00007fb72928c708 method=sun.misc.FloatingDecimal.parseFloat(Ljava/lang/String;)F @ 4
Event: 0.869 Thread 0x00007fb73800b800 Uncommon trap: reason=class_check action=maybe_recompile pc=0x00007fb72928c708 method=sun.misc.FloatingDecimal.parseFloat(Ljava/lang/String;)F @ 4
Event: 0.881 Thread 0x00007fb73800b800 Uncommon trap: reason=class_check action=maybe_recompile pc=0x00007fb72928c708 method=sun.misc.FloatingDecimal.parseFloat(Ljava/lang/String;)F @ 4
Event: 0.881 Thread 0x00007fb73800b800 Uncommon trap: reason=class_check action=maybe_recompile pc=0x00007fb72928c708 method=sun.misc.FloatingDecimal.parseFloat(Ljava/lang/String;)F @ 4
Event: 1.495 Thread 0x00007fb73800b800 Uncommon trap: reason=unstable_if action=reinterpret pc=0x00007fb729292130 method=java.io.BufferedReader.readLine(Z)Ljava/lang/String; @ 55
Event: 1.495 Thread 0x00007fb73800b800 Uncommon trap: reason=unstable_if action=reinterpret pc=0x00007fb7293496ec method=files.OBJFile.read()Lmodels/Mesh; @ 369
Event: 1.498 Thread 0x00007fb73800b800 Uncommon trap: reason=unstable_if action=reinterpret pc=0x00007fb7293139bc method=java.util.ArrayList$Itr.hasNext()Z @ 11

Classes redefined (0 events):
No events

Internal exceptions (10 events):
Event: 0.097 Thread 0x00007fb73800b800 Exception <a 'java/security/PrivilegedActionException'> (0x0000000719f5a040) thrown at [/build/openjdk-8-OqY7zN/openjdk-8-8u222-b10/src/hotspot/src/share/vm/prims/jvm.cpp, line 1502]
Event: 0.097 Thread 0x00007fb73800b800 Exception <a 'java/security/PrivilegedActionException'> (0x0000000719f5a250) thrown at [/build/openjdk-8-OqY7zN/openjdk-8-8u222-b10/src/hotspot/src/share/vm/prims/jvm.cpp, line 1502]
Event: 0.097 Thread 0x00007fb73800b800 Exception <a 'java/security/PrivilegedActionException'> (0x0000000719f5c2d8) thrown at [/build/openjdk-8-OqY7zN/openjdk-8-8u222-b10/src/hotspot/src/share/vm/prims/jvm.cpp, line 1502]
Event: 0.097 Thread 0x00007fb73800b800 Exception <a 'java/security/PrivilegedActionException'> (0x0000000719f5c4e8) thrown at [/build/openjdk-8-OqY7zN/openjdk-8-8u222-b10/src/hotspot/src/share/vm/prims/jvm.cpp, line 1502]
Event: 0.097 Thread 0x00007fb73800b800 Exception <a 'java/security/PrivilegedActionException'> (0x0000000719f5cfc0) thrown at [/build/openjdk-8-OqY7zN/openjdk-8-8u222-b10/src/hotspot/src/share/vm/prims/jvm.cpp, line 1502]
Event: 0.097 Thread 0x00007fb73800b800 Exception <a 'java/security/PrivilegedActionException'> (0x0000000719f5d1d0) thrown at [/build/openjdk-8-OqY7zN/openjdk-8-8u222-b10/src/hotspot/src/share/vm/prims/jvm.cpp, line 1502]
Event: 0.105 Thread 0x00007fb73800b800 Exception <a 'sun/nio/fs/UnixException'> (0x0000000719f8a2f8) thrown at [/build/openjdk-8-OqY7zN/openjdk-8-8u222-b10/src/hotspot/src/share/vm/prims/jni.cpp, line 710]
Event: 0.109 Thread 0x00007fb73800b800 Exception <a 'sun/nio/fs/UnixException'> (0x0000000719fb4068) thrown at [/build/openjdk-8-OqY7zN/openjdk-8-8u222-b10/src/hotspot/src/share/vm/prims/jni.cpp, line 710]
Event: 0.621 Thread 0x00007fb73800b800 Exception <a 'sun/nio/fs/UnixException'> (0x000000071a098280) thrown at [/build/openjdk-8-OqY7zN/openjdk-8-8u222-b10/src/hotspot/src/share/vm/prims/jni.cpp, line 710]
Event: 0.622 Thread 0x00007fb73800b800 Exception <a 'sun/nio/fs/UnixException'> (0x000000071a0a0840) thrown at [/build/openjdk-8-OqY7zN/openjdk-8-8u222-b10/src/hotspot/src/share/vm/prims/jni.cpp, line 710]

Events (10 events):
Event: 1.543 Executing VM operation: ParallelGCFailedAllocation
Event: 1.546 Executing VM operation: ParallelGCFailedAllocation done
Event: 1.551 loading class java/lang/Math$RandomNumberGeneratorHolder
Event: 1.551 loading class java/lang/Math$RandomNumberGeneratorHolder done
Event: 1.560 loading class shaders/TextShader
Event: 1.560 loading class shaders/TextShader done
Event: 1.560 loading class GUI/FontRenderer
Event: 1.560 loading class GUI/FontRenderer done
Event: 1.560 loading class rendering/ModelBatch
Event: 1.560 loading class rendering/ModelBatch done


Dynamic libraries:
40742000-407f4000 rw-p 00000000 00:00 0 
41642000-41644000 r-xs 00000000 103:02 15728653                          /tmp/.glRxthKY (deleted)
5ccc00000-5e1980000 rw-p 00000000 00:00 0 
5e1980000-719980000 ---p 00000000 00:00 0 
719980000-724000000 rw-p 00000000 00:00 0 
724000000-7c0000000 ---p 00000000 00:00 0 
7c0000000-7c00e0000 rw-p 00000000 00:00 0 
7c00e0000-800000000 ---p 00000000 00:00 0 
559cbb264000-559cbb265000 r-xp 00000000 103:02 9838898                   /usr/lib/jvm/java-8-openjdk-amd64/jre/bin/java
559cbb464000-559cbb465000 r--p 00000000 103:02 9838898                   /usr/lib/jvm/java-8-openjdk-amd64/jre/bin/java
559cbb465000-559cbb466000 rw-p 00001000 103:02 9838898                   /usr/lib/jvm/java-8-openjdk-amd64/jre/bin/java
559cbb5b7000-559cbb5d8000 rw-p 00000000 00:00 0                          [heap]
7fb6b8abc000-7fb6b8ebd000 rw-p 00000000 00:00 0 
7fb6b8ebd000-7fb6b92bd000 rw-s 00000000 00:06 577                        /dev/nvidiactl
7fb6b96be000-7fb6b98be000 rw-s 00000000 00:06 577                        /dev/nvidiactl
7fb6b98be000-7fb6b993e000 rw-p 00000000 00:00 0 
7fb6b993e000-7fb6b9abe000 ---p 00000000 00:00 0 
7fb6b9abe000-7fb6b9afe000 rw-s 00000000 08:01 16254236                   /home/sam/#16254236 (deleted)
7fb6b9afe000-7fb6b9b3e000 r-xs 00000000 08:01 16254236                   /home/sam/#16254236 (deleted)
7fb6b9b3e000-7fb6b9b96000 r-xp 00000000 103:02 18483175                  /tmp/lwjglsam/3.2.3-build-13/liblwjgl_opengl.so
7fb6b9b96000-7fb6b9d95000 ---p 00058000 103:02 18483175                  /tmp/lwjglsam/3.2.3-build-13/liblwjgl_opengl.so
7fb6b9d95000-7fb6b9d96000 r--p 00057000 103:02 18483175                  /tmp/lwjglsam/3.2.3-build-13/liblwjgl_opengl.so
7fb6b9d96000-7fb6b9d97000 rw-p 00058000 103:02 18483175                  /tmp/lwjglsam/3.2.3-build-13/liblwjgl_opengl.so
7fb6b9d97000-7fb6b9e17000 rw-s 00000000 00:06 577                        /dev/nvidiactl
7fb6b9e17000-7fb6b9e97000 rw-s 00000000 00:06 577                        /dev/nvidiactl
7fb6b9e97000-7fb6b9f17000 rw-s 00000000 00:06 577                        /dev/nvidiactl
7fb6b9f17000-7fb6b9f27000 r-xp 00000000 103:02 9840432                   /usr/lib/x86_64-linux-gnu/libdrm.so.2.4.0
7fb6b9f27000-7fb6ba126000 ---p 00010000 103:02 9840432                   /usr/lib/x86_64-linux-gnu/libdrm.so.2.4.0
7fb6ba126000-7fb6ba127000 r--p 0000f000 103:02 9840432                   /usr/lib/x86_64-linux-gnu/libdrm.so.2.4.0
7fb6ba127000-7fb6ba128000 rw-p 00010000 103:02 9840432                   /usr/lib/x86_64-linux-gnu/libdrm.so.2.4.0
7fb6ba128000-7fb6bb391000 r-xp 00000000 103:02 9840564                   /usr/lib/x86_64-linux-gnu/libnvidia-glcore.so.430.34
7fb6bb391000-7fb6bb3b2000 rwxp 01269000 103:02 9840564                   /usr/lib/x86_64-linux-gnu/libnvidia-glcore.so.430.34
7fb6bb3b2000-7fb6bb8ac000 r-xp 0128a000 103:02 9840564                   /usr/lib/x86_64-linux-gnu/libnvidia-glcore.so.430.34
7fb6bb8ac000-7fb6bbaab000 ---p 01784000 103:02 9840564                   /usr/lib/x86_64-linux-gnu/libnvidia-glcore.so.430.34
7fb6bbaab000-7fb6bbde0000 rw-p 01783000 103:02 9840564                   /usr/lib/x86_64-linux-gnu/libnvidia-glcore.so.430.34
7fb6bbde0000-7fb6bbdfc000 rw-p 00000000 00:00 0 
7fb6bbdfc000-7fb6bbdff000 r-xp 00000000 103:02 9840568                   /usr/lib/x86_64-linux-gnu/libnvidia-tls.so.430.34
7fb6bbdff000-7fb6bbfff000 ---p 00003000 103:02 9840568                   /usr/lib/x86_64-linux-gnu/libnvidia-tls.so.430.34
7fb6bbfff000-7fb6bc000000 rw-p 00003000 103:02 9840568                   /usr/lib/x86_64-linux-gnu/libnvidia-tls.so.430.34
7fb6bc000000-7fb6bc021000 rw-p 00000000 00:00 0 
7fb6bc021000-7fb6c0000000 ---p 00000000 00:00 0 
7fb6c0000000-7fb6c0021000 rw-p 00000000 00:00 0 
7fb6c0021000-7fb6c4000000 ---p 00000000 00:00 0 
7fb6c4000000-7fb6c43e1000 rw-p 00000000 00:00 0 
7fb6c43e1000-7fb6c8000000 ---p 00000000 00:00 0 
7fb6c8000000-7fb6c82f1000 rw-p 00000000 00:00 0 
7fb6c82f1000-7fb6cc000000 ---p 00000000 00:00 0 
7fb6cc000000-7fb6cd688000 rw-p 00000000 00:00 0 
7fb6cd688000-7fb6d0000000 ---p 00000000 00:00 0 
7fb6d0000000-7fb6d0397000 rw-p 00000000 00:00 0 
7fb6d0397000-7fb6d4000000 ---p 00000000 00:00 0 
7fb6d4000000-7fb6d4021000 rw-p 00000000 00:00 0 
7fb6d4021000-7fb6d8000000 ---p 00000000 00:00 0 
7fb6d8000000-7fb6d8021000 rw-p 00000000 00:00 0 
7fb6d8021000-7fb6dc000000 ---p 00000000 00:00 0 
7fb6dc000000-7fb6dc021000 rw-p 00000000 00:00 0 
7fb6dc021000-7fb6e0000000 ---p 00000000 00:00 0 
7fb6e0000000-7fb6e0021000 rw-p 00000000 00:00 0 
7fb6e0021000-7fb6e4000000 ---p 00000000 00:00 0 
7fb6e4000000-7fb6e4021000 rw-p 00000000 00:00 0 
7fb6e4021000-7fb6e8000000 ---p 00000000 00:00 0 
7fb6e800b000-7fb6e810b000 rw-s 00000000 00:06 577                        /dev/nvidiactl
7fb6e810b000-7fb6e811e000 rw-s 00000000 00:06 577                        /dev/nvidiactl
7fb6e811e000-7fb6e812e000 rw-s 00000000 00:06 578                        /dev/nvidia0
7fb6e812e000-7fb6e816e000 rw-s 00000000 00:06 577                        /dev/nvidiactl
7fb6e816e000-7fb6e821d000 r-xp 00000000 103:02 9840561                   /usr/lib/x86_64-linux-gnu/libGLX_nvidia.so.430.34
7fb6e821d000-7fb6e8252000 rwxp 000af000 103:02 9840561                   /usr/lib/x86_64-linux-gnu/libGLX_nvidia.so.430.34
7fb6e8252000-7fb6e8261000 r-xp 000e4000 103:02 9840561                   /usr/lib/x86_64-linux-gnu/libGLX_nvidia.so.430.34
7fb6e8261000-7fb6e8461000 ---p 000f3000 103:02 9840561                   /usr/lib/x86_64-linux-gnu/libGLX_nvidia.so.430.34
7fb6e8461000-7fb6e8485000 rw-p 000f3000 103:02 9840561                   /usr/lib/x86_64-linux-gnu/libGLX_nvidia.so.430.34
7fb6e8485000-7fb6e8487000 rw-p 00000000 00:00 0 
7fb6e8487000-7fb6e84c9000 r-xp 00000000 103:02 9837994                   /usr/lib/x86_64-linux-gnu/libGLdispatch.so.0.0.0
7fb6e84c9000-7fb6e84e2000 r-xp 00042000 103:02 9837994                   /usr/lib/x86_64-linux-gnu/libGLdispatch.so.0.0.0
7fb6e84e2000-7fb6e84f5000 r-xp 0005b000 103:02 9837994                   /usr/lib/x86_64-linux-gnu/libGLdispatch.so.0.0.0
7fb6e84f5000-7fb6e86f4000 ---p 0006e000 103:02 9837994                   /usr/lib/x86_64-linux-gnu/libGLdispatch.so.0.0.0
7fb6e86f4000-7fb6e871c000 r--p 0006d000 103:02 9837994                   /usr/lib/x86_64-linux-gnu/libGLdispatch.so.0.0.0
7fb6e871c000-7fb6e871d000 rw-p 00095000 103:02 9837994                   /usr/lib/x86_64-linux-gnu/libGLdispatch.so.0.0.0
7fb6e871d000-7fb6e873d000 rw-p 00000000 00:00 0 
7fb6e873d000-7fb6e874d000 r-xp 00000000 103:02 9837992                   /usr/lib/x86_64-linux-gnu/libGLX.so.0.0.0
7fb6e874d000-7fb6e894c000 ---p 00010000 103:02 9837992                   /usr/lib/x86_64-linux-gnu/libGLX.so.0.0.0
7fb6e894c000-7fb6e894d000 r--p 0000f000 103:02 9837992                   /usr/lib/x86_64-linux-gnu/libGLX.so.0.0.0
7fb6e894d000-7fb6e894e000 rw-p 00010000 103:02 9837992                   /usr/lib/x86_64-linux-gnu/libGLX.so.0.0.0
7fb6e894e000-7fb6e896e000 rw-p 00000000 00:00 0 
7fb6e896e000-7fb6e89b2000 r-xp 00000000 103:02 9837986                   /usr/lib/x86_64-linux-gnu/libGL.so.1.0.0
7fb6e89b2000-7fb6e89cb000 r-xp 00044000 103:02 9837986                   /usr/lib/x86_64-linux-gnu/libGL.so.1.0.0
7fb6e89cb000-7fb6e89df000 r-xp 0005d000 103:02 9837986                   /usr/lib/x86_64-linux-gnu/libGL.so.1.0.0
7fb6e89df000-7fb6e8bde000 ---p 00071000 103:02 9837986                   /usr/lib/x86_64-linux-gnu/libGL.so.1.0.0
7fb6e8bde000-7fb6e8bf8000 r--p 00070000 103:02 9837986                   /usr/lib/x86_64-linux-gnu/libGL.so.1.0.0
7fb6e8bf8000-7fb6e8bf9000 rw-p 0008a000 103:02 9837986                   /usr/lib/x86_64-linux-gnu/libGL.so.1.0.0
7fb6e8bf9000-7fb6e8bfa000 rw-p 00000000 00:00 0 
7fb6e8bfa000-7fb6e8bfb000 r-xp 00000000 103:02 9840453                   /usr/lib/x86_64-linux-gnu/libX11-xcb.so.1.0.0
7fb6e8bfb000-7fb6e8dfa000 ---p 00001000 103:02 9840453                   /usr/lib/x86_64-linux-gnu/libX11-xcb.so.1.0.0
7fb6e8dfa000-7fb6e8dfb000 r--p 00000000 103:02 9840453                   /usr/lib/x86_64-linux-gnu/libX11-xcb.so.1.0.0
7fb6e8dfb000-7fb6e8dfc000 rw-p 00001000 103:02 9840453                   /usr/lib/x86_64-linux-gnu/libX11-xcb.so.1.0.0
7fb6e8dfc000-7fb6e8dfe000 r-xp 00000000 103:02 9838067                   /usr/lib/x86_64-linux-gnu/libXinerama.so.1.0.0
7fb6e8dfe000-7fb6e8ffd000 ---p 00002000 103:02 9838067                   /usr/lib/x86_64-linux-gnu/libXinerama.so.1.0.0
7fb6e8ffd000-7fb6e8ffe000 r--p 00001000 103:02 9838067                   /usr/lib/x86_64-linux-gnu/libXinerama.so.1.0.0
7fb6e8ffe000-7fb6e8fff000 rw-p 00002000 103:02 9838067                   /usr/lib/x86_64-linux-gnu/libXinerama.so.1.0.0
7fb6e8fff000-7fb6ec000000 rw-p 00000000 00:00 0 
7fb6ec000000-7fb6ec021000 rw-p 00000000 00:00 0 
7fb6ec021000-7fb6f0000000 ---p 00000000 00:00 0 
7fb6f0006000-7fb6f0046000 rw-s 00000000 00:06 577                        /dev/nvidiactl
7fb6f0046000-7fb6f004b000 r-xp 00000000 103:02 9838059                   /usr/lib/x86_64-linux-gnu/libXfixes.so.3.1.0
7fb6f004b000-7fb6f024a000 ---p 00005000 103:02 9838059                   /usr/lib/x86_64-linux-gnu/libXfixes.so.3.1.0
7fb6f024a000-7fb6f024b000 r--p 00004000 103:02 9838059                   /usr/lib/x86_64-linux-gnu/libXfixes.so.3.1.0
7fb6f024b000-7fb6f024c000 rw-p 00005000 103:02 9838059                   /usr/lib/x86_64-linux-gnu/libXfixes.so.3.1.0
7fb6f024c000-7fb6f0255000 r-xp 00000000 103:02 9838051                   /usr/lib/x86_64-linux-gnu/libXcursor.so.1.0.2
7fb6f0255000-7fb6f0454000 ---p 00009000 103:02 9838051                   /usr/lib/x86_64-linux-gnu/libXcursor.so.1.0.2
7fb6f0454000-7fb6f0455000 r--p 00008000 103:02 9838051                   /usr/lib/x86_64-linux-gnu/libXcursor.so.1.0.2
7fb6f0455000-7fb6f0456000 rw-p 00009000 103:02 9838051                   /usr/lib/x86_64-linux-gnu/libXcursor.so.1.0.2
7fb6f0456000-7fb6f045f000 r-xp 00000000 103:02 9838077                   /usr/lib/x86_64-linux-gnu/libXrender.so.1.3.0
7fb6f045f000-7fb6f065e000 ---p 00009000 103:02 9838077                   /usr/lib/x86_64-linux-gnu/libXrender.so.1.3.0
7fb6f065e000-7fb6f065f000 r--p 00008000 103:02 9838077                   /usr/lib/x86_64-linux-gnu/libXrender.so.1.3.0
7fb6f065f000-7fb6f0660000 rw-p 00009000 103:02 9838077                   /usr/lib/x86_64-linux-gnu/libXrender.so.1.3.0
7fb6f0660000-7fb700000000 rw-p 00000000 00:00 0 
7fb700000000-7fb700021000 rw-p 00000000 00:00 0 
7fb700021000-7fb704000000 ---p 00000000 00:00 0 
7fb704000000-7fb704021000 rw-p 00000000 00:00 0 
7fb704021000-7fb708000000 ---p 00000000 00:00 0 
7fb708000000-7fb708021000 rw-p 00000000 00:00 0 
7fb708021000-7fb70c000000 ---p 00000000 00:00 0 
7fb70c001000-7fb70c021000 rw-s 00000000 00:06 577                        /dev/nvidiactl
7fb70c021000-7fb70c041000 rw-s 00000000 00:06 577                        /dev/nvidiactl
7fb70c041000-7fb70c081000 rw-s 00000000 00:06 577                        /dev/nvidiactl
7fb70c081000-7fb70c186000 rw-s 00000000 00:06 577                        /dev/nvidiactl
7fb70c186000-7fb70c190000 r-xp 00000000 103:02 9838075                   /usr/lib/x86_64-linux-gnu/libXrandr.so.2.2.0
7fb70c190000-7fb70c38f000 ---p 0000a000 103:02 9838075                   /usr/lib/x86_64-linux-gnu/libXrandr.so.2.2.0
7fb70c38f000-7fb70c390000 r--p 00009000 103:02 9838075                   /usr/lib/x86_64-linux-gnu/libXrandr.so.2.2.0
7fb70c390000-7fb70c391000 rw-p 0000a000 103:02 9838075                   /usr/lib/x86_64-linux-gnu/libXrandr.so.2.2.0
7fb70c391000-7fb70c3a0000 r-xp 00000000 103:02 9838065                   /usr/lib/x86_64-linux-gnu/libXi.so.6.1.0
7fb70c3a0000-7fb70c59f000 ---p 0000f000 103:02 9838065                   /usr/lib/x86_64-linux-gnu/libXi.so.6.1.0
7fb70c59f000-7fb70c5a0000 r--p 0000e000 103:02 9838065                   /usr/lib/x86_64-linux-gnu/libXi.so.6.1.0
7fb70c5a0000-7fb70c5a1000 rw-p 0000f000 103:02 9838065                   /usr/lib/x86_64-linux-gnu/libXi.so.6.1.0
7fb70c5a1000-7fb70c5b2000 r-xp 00000000 103:02 9838057                   /usr/lib/x86_64-linux-gnu/libXext.so.6.4.0
7fb70c5b2000-7fb70c7b1000 ---p 00011000 103:02 9838057                   /usr/lib/x86_64-linux-gnu/libXext.so.6.4.0
7fb70c7b1000-7fb70c7b2000 r--p 00010000 103:02 9838057                   /usr/lib/x86_64-linux-gnu/libXext.so.6.4.0
7fb70c7b2000-7fb70c7b3000 rw-p 00011000 103:02 9838057                   /usr/lib/x86_64-linux-gnu/libXext.so.6.4.0
7fb70c7b3000-7fb70c7b8000 r-xp 00000000 103:02 9838093                   /usr/lib/x86_64-linux-gnu/libXxf86vm.so.1.0.0
7fb70c7b8000-7fb70c9b7000 ---p 00005000 103:02 9838093                   /usr/lib/x86_64-linux-gnu/libXxf86vm.so.1.0.0
7fb70c9b7000-7fb70c9b8000 r--p 00004000 103:02 9838093                   /usr/lib/x86_64-linux-gnu/libXxf86vm.so.1.0.0
7fb70c9b8000-7fb70c9b9000 rw-p 00005000 103:02 9838093                   /usr/lib/x86_64-linux-gnu/libXxf86vm.so.1.0.0
7fb70c9b9000-7fb70c9cc000 r-xp 00000000 103:02 22942382                  /lib/x86_64-linux-gnu/libbsd.so.0.8.7
7fb70c9cc000-7fb70cbcb000 ---p 00013000 103:02 22942382                  /lib/x86_64-linux-gnu/libbsd.so.0.8.7
7fb70cbcb000-7fb70cbcc000 r--p 00012000 103:02 22942382                  /lib/x86_64-linux-gnu/libbsd.so.0.8.7
7fb70cbcc000-7fb70cbcd000 rw-p 00013000 103:02 22942382                  /lib/x86_64-linux-gnu/libbsd.so.0.8.7
7fb70cbcd000-7fb70cbce000 rw-p 00000000 00:00 0 
7fb70cbce000-7fb70cbd3000 r-xp 00000000 103:02 9838055                   /usr/lib/x86_64-linux-gnu/libXdmcp.so.6.0.0
7fb70cbd3000-7fb70cdd2000 ---p 00005000 103:02 9838055                   /usr/lib/x86_64-linux-gnu/libXdmcp.so.6.0.0
7fb70cdd2000-7fb70cdd3000 r--p 00004000 103:02 9838055                   /usr/lib/x86_64-linux-gnu/libXdmcp.so.6.0.0
7fb70cdd3000-7fb70cdd4000 rw-p 00005000 103:02 9838055                   /usr/lib/x86_64-linux-gnu/libXdmcp.so.6.0.0
7fb70cdd4000-7fb70cdd6000 r-xp 00000000 103:02 9838044                   /usr/lib/x86_64-linux-gnu/libXau.so.6.0.0
7fb70cdd6000-7fb70cfd6000 ---p 00002000 103:02 9838044                   /usr/lib/x86_64-linux-gnu/libXau.so.6.0.0
7fb70cfd6000-7fb70cfd7000 r--p 00002000 103:02 9838044                   /usr/lib/x86_64-linux-gnu/libXau.so.6.0.0
7fb70cfd7000-7fb70cfd8000 rw-p 00003000 103:02 9838044                   /usr/lib/x86_64-linux-gnu/libXau.so.6.0.0
7fb70cfd8000-7fb70cffe000 r-xp 00000000 103:02 9840409                   /usr/lib/x86_64-linux-gnu/libxcb.so.1.1.0
7fb70cffe000-7fb70d1fe000 ---p 00026000 103:02 9840409                   /usr/lib/x86_64-linux-gnu/libxcb.so.1.1.0
7fb70d1fe000-7fb70d1ff000 r--p 00026000 103:02 9840409                   /usr/lib/x86_64-linux-gnu/libxcb.so.1.1.0
7fb70d1ff000-7fb70d200000 rw-p 00027000 103:02 9840409                   /usr/lib/x86_64-linux-gnu/libxcb.so.1.1.0
7fb70d200000-7fb70d333000 r-xp 00000000 103:02 9839217                   /usr/lib/x86_64-linux-gnu/libX11.so.6.3.0
7fb70d333000-7fb70d533000 ---p 00133000 103:02 9839217                   /usr/lib/x86_64-linux-gnu/libX11.so.6.3.0
7fb70d533000-7fb70d534000 r--p 00133000 103:02 9839217                   /usr/lib/x86_64-linux-gnu/libX11.so.6.3.0
7fb70d534000-7fb70d538000 rw-p 00134000 103:02 9839217                   /usr/lib/x86_64-linux-gnu/libX11.so.6.3.0
7fb70d538000-7fb70d57b000 r-xp 00000000 103:02 18483174                  /tmp/lwjglsam/3.2.3-build-13/libglfw.so
7fb70d57b000-7fb70d77a000 ---p 00043000 103:02 18483174                  /tmp/lwjglsam/3.2.3-build-13/libglfw.so
7fb70d77a000-7fb70d77b000 r--p 00042000 103:02 18483174                  /tmp/lwjglsam/3.2.3-build-13/libglfw.so
7fb70d77b000-7fb70d77d000 rw-p 00043000 103:02 18483174                  /tmp/lwjglsam/3.2.3-build-13/libglfw.so
7fb70d77d000-7fb70d79e000 rw-p 00000000 00:00 0 
7fb70d79e000-7fb70d7ef000 r-xp 00000000 103:02 18483173                  /tmp/lwjglsam/3.2.3-build-13/liblwjgl.so
7fb70d7ef000-7fb70d9ee000 ---p 00051000 103:02 18483173                  /tmp/lwjglsam/3.2.3-build-13/liblwjgl.so
7fb70d9ee000-7fb70d9ef000 r--p 00050000 103:02 18483173                  /tmp/lwjglsam/3.2.3-build-13/liblwjgl.so
7fb70d9ef000-7fb70d9f0000 rw-p 00051000 103:02 18483173                  /tmp/lwjglsam/3.2.3-build-13/liblwjgl.so
7fb70d9f0000-7fb70da06000 r-xp 00000000 103:02 9839031                   /usr/lib/jvm/java-8-openjdk-amd64/jre/lib/amd64/libnet.so
7fb70da06000-7fb70dc05000 ---p 00016000 103:02 9839031                   /usr/lib/jvm/java-8-openjdk-amd64/jre/lib/amd64/libnet.so
7fb70dc05000-7fb70dc06000 r--p 00015000 103:02 9839031                   /usr/lib/jvm/java-8-openjdk-amd64/jre/lib/amd64/libnet.so
7fb70dc06000-7fb70dc07000 rw-p 00016000 103:02 9839031                   /usr/lib/jvm/java-8-openjdk-amd64/jre/lib/amd64/libnet.so
7fb70dc07000-7fb70dc18000 r-xp 00000000 103:02 9839036                   /usr/lib/jvm/java-8-openjdk-amd64/jre/lib/amd64/libnio.so
7fb70dc18000-7fb70de17000 ---p 00011000 103:02 9839036                   /usr/lib/jvm/java-8-openjdk-amd64/jre/lib/amd64/libnio.so
7fb70de17000-7fb70de18000 r--p 00010000 103:02 9839036                   /usr/lib/jvm/java-8-openjdk-amd64/jre/lib/amd64/libnio.so
7fb70de18000-7fb70de19000 rw-p 00011000 103:02 9839036                   /usr/lib/jvm/java-8-openjdk-amd64/jre/lib/amd64/libnio.so
7fb70de19000-7fb70de1a000 ---p 00000000 00:00 0 
7fb70de1a000-7fb70df1a000 rw-p 00000000 00:00 0 
7fb70df1a000-7fb70df1d000 ---p 00000000 00:00 0 
7fb70df1d000-7fb70e01b000 rw-p 00000000 00:00 0 
7fb70e01b000-7fb70e01c000 ---p 00000000 00:00 0 
7fb70e01c000-7fb70e01f000 ---p 00000000 00:00 0 
7fb70e01f000-7fb70e11c000 rw-p 00000000 00:00 0 
7fb70e11c000-7fb70e11d000 ---p 00000000 00:00 0 
7fb70e11d000-7fb70e120000 ---p 00000000 00:00 0 
7fb70e120000-7fb70e21d000 rw-p 00000000 00:00 0 
7fb70e21d000-7fb70e21e000 ---p 00000000 00:00 0 
7fb70e21e000-7fb70e221000 ---p 00000000 00:00 0 
7fb70e221000-7fb70e31e000 rw-p 00000000 00:00 0 
7fb70e31e000-7fb70e31f000 ---p 00000000 00:00 0 
7fb70e31f000-7fb70e322000 ---p 00000000 00:00 0 
7fb70e322000-7fb70e41f000 rw-p 00000000 00:00 0 
7fb70e41f000-7fb70e422000 ---p 00000000 00:00 0 
7fb70e422000-7fb70e520000 rw-p 00000000 00:00 0 
7fb70e520000-7fb70eeef000 r--p 00000000 103:02 9837060                   /usr/lib/locale/locale-archive
7fb70eeef000-7fb70eef2000 ---p 00000000 00:00 0 
7fb70eef2000-7fb70eff0000 rw-p 00000000 00:00 0 
7fb70eff0000-7fb70eff3000 ---p 00000000 00:00 0 
7fb70eff3000-7fb70f0f1000 rw-p 00000000 00:00 0 
7fb70f0f1000-7fb70f0f2000 ---p 00000000 00:00 0 
7fb70f0f2000-7fb710000000 rw-p 00000000 00:00 0 
7fb710000000-7fb710021000 rw-p 00000000 00:00 0 
7fb710021000-7fb714000000 ---p 00000000 00:00 0 
7fb714000000-7fb714021000 rw-p 00000000 00:00 0 
7fb714021000-7fb718000000 ---p 00000000 00:00 0 
7fb718000000-7fb718021000 rw-p 00000000 00:00 0 
7fb718021000-7fb71c000000 ---p 00000000 00:00 0 
7fb71c000000-7fb71c021000 rw-p 00000000 00:00 0 
7fb71c021000-7fb720000000 ---p 00000000 00:00 0 
7fb720000000-7fb720021000 rw-p 00000000 00:00 0 
7fb720021000-7fb724000000 ---p 00000000 00:00 0 
7fb724000000-7fb724002000 rw-s 00000000 103:02 15728653                  /tmp/.glRxthKY (deleted)
7fb724002000-7fb724003000 rw-s 00000000 00:06 577                        /dev/nvidiactl
7fb724003000-7fb724007000 rw-s 00000000 00:06 577                        /dev/nvidiactl
7fb724007000-7fb724008000 rw-s 00000000 00:06 578                        /dev/nvidia0
7fb724008000-7fb724009000 rw-s 00000000 00:06 578                        /dev/nvidia0
7fb724009000-7fb72400a000 rw-s 00000000 00:06 578                        /dev/nvidia0
7fb72402a000-7fb72402b000 rw-s 00000000 00:06 577                        /dev/nvidiactl
7fb72402b000-7fb72402c000 rw-s 00000000 00:06 577                        /dev/nvidiactl
7fb72402c000-7fb724033000 r--s 00000000 103:02 10095718                  /usr/lib/x86_64-linux-gnu/gconv/gconv-modules.cache
7fb724033000-7fb724034000 r--s 0002c000 08:01 21106431                   /home/sam/Downloads/lwjgl-3.2.3/lwjgl-stb/lwjgl-stb-natives-linux-arm64.jar
7fb724034000-7fb724035000 r--s 00030000 08:01 21106432                   /home/sam/Downloads/lwjgl-3.2.3/lwjgl-stb/lwjgl-stb-natives-linux.jar
7fb724035000-7fb724037000 r--s 00018000 08:01 21106437                   /home/sam/Downloads/lwjgl-3.2.3/lwjgl-stb/lwjgl-stb.jar
7fb724037000-7fb72404a000 r--s 00346000 103:02 9839324                   /usr/lib/jvm/java-8-openjdk-amd64/jre/lib/resources.jar
7fb72404a000-7fb72404b000 r--s 00002000 08:01 16253464                   /home/sam/Downloads/pngdecoder-1.0.jar
7fb72404b000-7fb72404c000 r--s 00022000 08:01 17960234                   /home/sam/Downloads/lwjgl-3.2.3/lwjgl-glfw/lwjgl-glfw-natives-linux-arm64.jar
7fb72404c000-7fb72404d000 r--s 00026000 08:01 17960235                   /home/sam/Downloads/lwjgl-3.2.3/lwjgl-glfw/lwjgl-glfw-natives-linux.jar
7fb72404d000-7fb724050000 r--s 00018000 08:01 17960240                   /home/sam/Downloads/lwjgl-3.2.3/lwjgl-glfw/lwjgl-glfw.jar
7fb724050000-7fb724052000 r--s 0000d000 08:01 19795215                   /home/sam/Downloads/lwjgl-3.2.3/lwjgl-opengl/lwjgl-opengl-natives-linux-arm64.jar
7fb724052000-7fb724053000 r--s 00013000 08:01 19795216                   /home/sam/Downloads/lwjgl-3.2.3/lwjgl-opengl/lwjgl-opengl-natives-linux.jar
7fb724053000-7fb72405e000 r--s 000da000 08:01 19795221                   /home/sam/Downloads/lwjgl-3.2.3/lwjgl-opengl/lwjgl-opengl.jar
7fb72405e000-7fb72405f000 r--s 0000c000 08:01 16517972                   /home/sam/Downloads/lwjgl-3.2.3/lwjgl/lwjgl-natives-linux-arm64.jar
7fb72405f000-7fb724060000 r--s 00012000 08:01 16517973                   /home/sam/Downloads/lwjgl-3.2.3/lwjgl/lwjgl-natives-linux.jar
7fb724060000-7fb724067000 r--s 00081000 08:01 16518147                   /home/sam/Downloads/lwjgl-3.2.3/lwjgl/lwjgl.jar
7fb724067000-7fb72406c000 r--s 0003c000 103:02 9839214                   /usr/lib/jvm/java-8-openjdk-amd64/jre/lib/ext/sunjce_provider.jar
7fb72406c000-7fb72406f000 r--s 00039000 103:02 9839215                   /usr/lib/jvm/java-8-openjdk-amd64/jre/lib/ext/sunpkcs11.jar
7fb72406f000-7fb724072000 r--s 0000f000 103:02 9839204                   /usr/lib/jvm/java-8-openjdk-amd64/jre/lib/ext/icedtea-sound.jar
7fb724072000-7fb72408d000 r--s 001d6000 103:02 9839212                   /usr/lib/jvm/java-8-openjdk-amd64/jre/lib/ext/nashorn.jar
7fb72408d000-7fb725517000 rw-p 00000000 00:00 0 
7fb725517000-7fb7256e7000 r--s 03c5c000 103:02 9839328                   /usr/lib/jvm/java-8-openjdk-amd64/jre/lib/rt.jar
7fb7256e7000-7fb726ef7000 rw-p 00000000 00:00 0 
7fb726ef7000-7fb726ef8000 ---p 00000000 00:00 0 
7fb726ef8000-7fb726ff8000 rw-p 00000000 00:00 0 
7fb726ff8000-7fb726ff9000 ---p 00000000 00:00 0 
7fb726ff9000-7fb7270f9000 rw-p 00000000 00:00 0 
7fb7270f9000-7fb7270fa000 ---p 00000000 00:00 0 
7fb7270fa000-7fb7271fa000 rw-p 00000000 00:00 0 
7fb7271fa000-7fb7271fb000 ---p 00000000 00:00 0 
7fb7271fb000-7fb7272fb000 rw-p 00000000 00:00 0 
7fb7272fb000-7fb7272fc000 ---p 00000000 00:00 0 
7fb7272fc000-7fb7273fc000 rw-p 00000000 00:00 0 
7fb7273fc000-7fb7273fd000 ---p 00000000 00:00 0 
7fb7273fd000-7fb7274fd000 rw-p 00000000 00:00 0 
7fb7274fd000-7fb7274fe000 ---p 00000000 00:00 0 
7fb7274fe000-7fb7276a5000 rw-p 00000000 00:00 0 
7fb7276a5000-7fb728065000 ---p 00000000 00:00 0 
7fb728065000-7fb72810c000 rw-p 00000000 00:00 0 
7fb72810c000-7fb728acb000 ---p 00000000 00:00 0 
7fb728acb000-7fb728b1f000 rw-p 00000000 00:00 0 
7fb728b1f000-7fb728fff000 ---p 00000000 00:00 0 
7fb728fff000-7fb729000000 rw-p 00000000 00:00 0 
7fb729000000-7fb729390000 rwxp 00000000 00:00 0 
7fb729390000-7fb738000000 ---p 00000000 00:00 0 
7fb738000000-7fb739102000 rw-p 00000000 00:00 0 
7fb739102000-7fb73c000000 ---p 00000000 00:00 0 
7fb73c000000-7fb73c09d000 rw-p 00000000 00:00 0 
7fb73c09d000-7fb73c09e000 ---p 00000000 00:00 0 
7fb73c09e000-7fb73c19e000 rw-p 00000000 00:00 0 
7fb73c19e000-7fb73c19f000 ---p 00000000 00:00 0 
7fb73c19f000-7fb73c29f000 rw-p 00000000 00:00 0 
7fb73c29f000-7fb73c2a0000 ---p 00000000 00:00 0 
7fb73c2a0000-7fb73c3af000 rw-p 00000000 00:00 0 
7fb73c3af000-7fb73c760000 ---p 00000000 00:00 0 
7fb73c760000-7fb73c768000 r-xp 00000000 103:02 9839091                   /usr/lib/jvm/java-8-openjdk-amd64/jre/lib/amd64/libzip.so
7fb73c768000-7fb73c967000 ---p 00008000 103:02 9839091                   /usr/lib/jvm/java-8-openjdk-amd64/jre/lib/amd64/libzip.so
7fb73c967000-7fb73c968000 r--p 00007000 103:02 9839091                   /usr/lib/jvm/java-8-openjdk-amd64/jre/lib/amd64/libzip.so
7fb73c968000-7fb73c969000 rw-p 00008000 103:02 9839091                   /usr/lib/jvm/java-8-openjdk-amd64/jre/lib/amd64/libzip.so
7fb73c969000-7fb73c974000 r-xp 00000000 103:02 22942476                  /lib/x86_64-linux-gnu/libnss_files-2.27.so
7fb73c974000-7fb73cb73000 ---p 0000b000 103:02 22942476                  /lib/x86_64-linux-gnu/libnss_files-2.27.so
7fb73cb73000-7fb73cb74000 r--p 0000a000 103:02 22942476                  /lib/x86_64-linux-gnu/libnss_files-2.27.so
7fb73cb74000-7fb73cb75000 rw-p 0000b000 103:02 22942476                  /lib/x86_64-linux-gnu/libnss_files-2.27.so
7fb73cb75000-7fb73cb7b000 rw-p 00000000 00:00 0 
7fb73cb7b000-7fb73cb92000 r-xp 00000000 103:02 22942470                  /lib/x86_64-linux-gnu/libnsl-2.27.so
7fb73cb92000-7fb73cd91000 ---p 00017000 103:02 22942470                  /lib/x86_64-linux-gnu/libnsl-2.27.so
7fb73cd91000-7fb73cd92000 r--p 00016000 103:02 22942470                  /lib/x86_64-linux-gnu/libnsl-2.27.so
7fb73cd92000-7fb73cd93000 rw-p 00017000 103:02 22942470                  /lib/x86_64-linux-gnu/libnsl-2.27.so
7fb73cd93000-7fb73cd95000 rw-p 00000000 00:00 0 
7fb73cd95000-7fb73cda0000 r-xp 00000000 103:02 22942487                  /lib/x86_64-linux-gnu/libnss_nis-2.27.so
7fb73cda0000-7fb73cf9f000 ---p 0000b000 103:02 22942487                  /lib/x86_64-linux-gnu/libnss_nis-2.27.so
7fb73cf9f000-7fb73cfa0000 r--p 0000a000 103:02 22942487                  /lib/x86_64-linux-gnu/libnss_nis-2.27.so
7fb73cfa0000-7fb73cfa1000 rw-p 0000b000 103:02 22942487                  /lib/x86_64-linux-gnu/libnss_nis-2.27.so
7fb73cfa1000-7fb73cfa9000 r-xp 00000000 103:02 22942472                  /lib/x86_64-linux-gnu/libnss_compat-2.27.so
7fb73cfa9000-7fb73d1a9000 ---p 00008000 103:02 22942472                  /lib/x86_64-linux-gnu/libnss_compat-2.27.so
7fb73d1a9000-7fb73d1aa000 r--p 00008000 103:02 22942472                  /lib/x86_64-linux-gnu/libnss_compat-2.27.so
7fb73d1aa000-7fb73d1ab000 rw-p 00009000 103:02 22942472                  /lib/x86_64-linux-gnu/libnss_compat-2.27.so
7fb73d1ab000-7fb73d1d5000 r-xp 00000000 103:02 9838982                   /usr/lib/jvm/java-8-openjdk-amd64/jre/lib/amd64/libjava.so
7fb73d1d5000-7fb73d3d4000 ---p 0002a000 103:02 9838982                   /usr/lib/jvm/java-8-openjdk-amd64/jre/lib/amd64/libjava.so
7fb73d3d4000-7fb73d3d5000 r--p 00029000 103:02 9838982                   /usr/lib/jvm/java-8-openjdk-amd64/jre/lib/amd64/libjava.so
7fb73d3d5000-7fb73d3d7000 rw-p 0002a000 103:02 9838982                   /usr/lib/jvm/java-8-openjdk-amd64/jre/lib/amd64/libjava.so
7fb73d3d7000-7fb73d3e7000 r-xp 00000000 103:02 9839073                   /usr/lib/jvm/java-8-openjdk-amd64/jre/lib/amd64/libverify.so
7fb73d3e7000-7fb73d5e6000 ---p 00010000 103:02 9839073                   /usr/lib/jvm/java-8-openjdk-amd64/jre/lib/amd64/libverify.so
7fb73d5e6000-7fb73d5e8000 r--p 0000f000 103:02 9839073                   /usr/lib/jvm/java-8-openjdk-amd64/jre/lib/amd64/libverify.so
7fb73d5e8000-7fb73d5e9000 rw-p 00011000 103:02 9839073                   /usr/lib/jvm/java-8-openjdk-amd64/jre/lib/amd64/libverify.so
7fb73d5e9000-7fb73d5f0000 r-xp 00000000 103:02 22942527                  /lib/x86_64-linux-gnu/librt-2.27.so
7fb73d5f0000-7fb73d7ef000 ---p 00007000 103:02 22942527                  /lib/x86_64-linux-gnu/librt-2.27.so
7fb73d7ef000-7fb73d7f0000 r--p 00006000 103:02 22942527                  /lib/x86_64-linux-gnu/librt-2.27.so
7fb73d7f0000-7fb73d7f1000 rw-p 00007000 103:02 22942527                  /lib/x86_64-linux-gnu/librt-2.27.so
7fb73d7f1000-7fb73d808000 r-xp 00000000 103:02 22937606                  /lib/x86_64-linux-gnu/libgcc_s.so.1
7fb73d808000-7fb73da07000 ---p 00017000 103:02 22937606                  /lib/x86_64-linux-gnu/libgcc_s.so.1
7fb73da07000-7fb73da08000 r--p 00016000 103:02 22937606                  /lib/x86_64-linux-gnu/libgcc_s.so.1
7fb73da08000-7fb73da09000 rw-p 00017000 103:02 22937606                  /lib/x86_64-linux-gnu/libgcc_s.so.1
7fb73da09000-7fb73dba6000 r-xp 00000000 103:02 22942449                  /lib/x86_64-linux-gnu/libm-2.27.so
7fb73dba6000-7fb73dda5000 ---p 0019d000 103:02 22942449                  /lib/x86_64-linux-gnu/libm-2.27.so
7fb73dda5000-7fb73dda6000 r--p 0019c000 103:02 22942449                  /lib/x86_64-linux-gnu/libm-2.27.so
7fb73dda6000-7fb73dda7000 rw-p 0019d000 103:02 22942449                  /lib/x86_64-linux-gnu/libm-2.27.so
7fb73dda7000-7fb73df20000 r-xp 00000000 103:02 9830530                   /usr/lib/x86_64-linux-gnu/libstdc++.so.6.0.25
7fb73df20000-7fb73e120000 ---p 00179000 103:02 9830530                   /usr/lib/x86_64-linux-gnu/libstdc++.so.6.0.25
7fb73e120000-7fb73e12a000 r--p 00179000 103:02 9830530                   /usr/lib/x86_64-linux-gnu/libstdc++.so.6.0.25
7fb73e12a000-7fb73e12c000 rw-p 00183000 103:02 9830530                   /usr/lib/x86_64-linux-gnu/libstdc++.so.6.0.25
7fb73e12c000-7fb73e130000 rw-p 00000000 00:00 0 
7fb73e130000-7fb73edcf000 r-xp 00000000 103:02 9839139                   /usr/lib/jvm/java-8-openjdk-amd64/jre/lib/amd64/server/libjvm.so
7fb73edcf000-7fb73efcf000 ---p 00c9f000 103:02 9839139                   /usr/lib/jvm/java-8-openjdk-amd64/jre/lib/amd64/server/libjvm.so
7fb73efcf000-7fb73f063000 r--p 00c9f000 103:02 9839139                   /usr/lib/jvm/java-8-openjdk-amd64/jre/lib/amd64/server/libjvm.so
7fb73f063000-7fb73f08c000 rw-p 00d33000 103:02 9839139                   /usr/lib/jvm/java-8-openjdk-amd64/jre/lib/amd64/server/libjvm.so
7fb73f08c000-7fb73f0bc000 rw-p 00000000 00:00 0 
7fb73f0bc000-7fb73f0d6000 r-xp 00000000 103:02 22942519                  /lib/x86_64-linux-gnu/libpthread-2.27.so
7fb73f0d6000-7fb73f2d5000 ---p 0001a000 103:02 22942519                  /lib/x86_64-linux-gnu/libpthread-2.27.so
7fb73f2d5000-7fb73f2d6000 r--p 00019000 103:02 22942519                  /lib/x86_64-linux-gnu/libpthread-2.27.so
7fb73f2d6000-7fb73f2d7000 rw-p 0001a000 103:02 22942519                  /lib/x86_64-linux-gnu/libpthread-2.27.so
7fb73f2d7000-7fb73f2db000 rw-p 00000000 00:00 0 
7fb73f2db000-7fb73f2de000 r-xp 00000000 103:02 22942409                  /lib/x86_64-linux-gnu/libdl-2.27.so
7fb73f2de000-7fb73f4dd000 ---p 00003000 103:02 22942409                  /lib/x86_64-linux-gnu/libdl-2.27.so
7fb73f4dd000-7fb73f4de000 r--p 00002000 103:02 22942409                  /lib/x86_64-linux-gnu/libdl-2.27.so
7fb73f4de000-7fb73f4df000 rw-p 00003000 103:02 22942409                  /lib/x86_64-linux-gnu/libdl-2.27.so
7fb73f4df000-7fb73f4fb000 r-xp 00000000 103:02 22942558                  /lib/x86_64-linux-gnu/libz.so.1.2.11
7fb73f4fb000-7fb73f6fa000 ---p 0001c000 103:02 22942558                  /lib/x86_64-linux-gnu/libz.so.1.2.11
7fb73f6fa000-7fb73f6fb000 r--p 0001b000 103:02 22942558                  /lib/x86_64-linux-gnu/libz.so.1.2.11
7fb73f6fb000-7fb73f6fc000 rw-p 0001c000 103:02 22942558                  /lib/x86_64-linux-gnu/libz.so.1.2.11
7fb73f6fc000-7fb73f8e3000 r-xp 00000000 103:02 22942386                  /lib/x86_64-linux-gnu/libc-2.27.so
7fb73f8e3000-7fb73fae3000 ---p 001e7000 103:02 22942386                  /lib/x86_64-linux-gnu/libc-2.27.so
7fb73fae3000-7fb73fae7000 r--p 001e7000 103:02 22942386                  /lib/x86_64-linux-gnu/libc-2.27.so
7fb73fae7000-7fb73fae9000 rw-p 001eb000 103:02 22942386                  /lib/x86_64-linux-gnu/libc-2.27.so
7fb73fae9000-7fb73faed000 rw-p 00000000 00:00 0 
7fb73faed000-7fb73fafb000 r-xp 00000000 103:02 9838942                   /usr/lib/jvm/java-8-openjdk-amd64/jre/lib/amd64/jli/libjli.so
7fb73fafb000-7fb73fcfa000 ---p 0000e000 103:02 9838942                   /usr/lib/jvm/java-8-openjdk-amd64/jre/lib/amd64/jli/libjli.so
7fb73fcfa000-7fb73fcfb000 r--p 0000d000 103:02 9838942                   /usr/lib/jvm/java-8-openjdk-amd64/jre/lib/amd64/jli/libjli.so
7fb73fcfb000-7fb73fcfc000 rw-p 0000e000 103:02 9838942                   /usr/lib/jvm/java-8-openjdk-amd64/jre/lib/amd64/jli/libjli.so
7fb73fcfc000-7fb73fd23000 r-xp 00000000 103:02 22942358                  /lib/x86_64-linux-gnu/ld-2.27.so
7fb73fd23000-7fb73fd24000 r--s 0000a000 103:02 9839205                   /usr/lib/jvm/java-8-openjdk-amd64/jre/lib/ext/jaccess.jar
7fb73fd24000-7fb73fd3f000 r--s 00394000 103:02 9839202                   /usr/lib/jvm/java-8-openjdk-amd64/jre/lib/ext/cldrdata.jar
7fb73fd3f000-7fb73fe04000 rw-p 00000000 00:00 0 
7fb73fe04000-7fb73fe05000 ---p 00000000 00:00 0 
7fb73fe05000-7fb73fe08000 ---p 00000000 00:00 0 
7fb73fe08000-7fb73ff07000 rw-p 00000000 00:00 0 
7fb73ff07000-7fb73ff09000 r--s 00001000 103:02 9839203                   /usr/lib/jvm/java-8-openjdk-amd64/jre/lib/ext/dnsns.jar
7fb73ff09000-7fb73ff13000 r--s 00116000 103:02 9839206                   /usr/lib/jvm/java-8-openjdk-amd64/jre/lib/ext/localedata.jar
7fb73ff13000-7fb73ff15000 r--s 00007000 103:02 10224650                  /usr/share/java/java-atk-wrapper.jar
7fb73ff15000-7fb73ff16000 r--s 0000d000 103:02 9839213                   /usr/lib/jvm/java-8-openjdk-amd64/jre/lib/ext/sunec.jar
7fb73ff16000-7fb73ff17000 r--s 00010000 103:02 9839216                   /usr/lib/jvm/java-8-openjdk-amd64/jre/lib/ext/zipfs.jar
7fb73ff17000-7fb73ff1f000 rw-s 00000000 103:02 18483149                  /tmp/hsperfdata_sam/9848
7fb73ff1f000-7fb73ff20000 rw-p 00000000 00:00 0 
7fb73ff20000-7fb73ff21000 r--p 00000000 00:00 0 
7fb73ff21000-7fb73ff23000 rw-p 00000000 00:00 0 
7fb73ff23000-7fb73ff24000 r--p 00027000 103:02 22942358                  /lib/x86_64-linux-gnu/ld-2.27.so
7fb73ff24000-7fb73ff25000 rw-p 00028000 103:02 22942358                  /lib/x86_64-linux-gnu/ld-2.27.so
7fb73ff25000-7fb73ff26000 rw-p 00000000 00:00 0 
7fffed8e7000-7fffed908000 rw-p 00000000 00:00 0                          [stack]
7fffed954000-7fffed957000 r--p 00000000 00:00 0                          [vvar]
7fffed957000-7fffed958000 r-xp 00000000 00:00 0                          [vdso]
ffffffffff600000-ffffffffff601000 --xp 00000000 00:00 0                  [vsyscall]

VM Arguments:
jvm_args: -Dfile.encoding=UTF-8 
java_command: main.Main
java_class_path (initial): /home/sam/Downloads/lwjgl-3.2.3/lwjgl/lwjgl.jar:/home/sam/Downloads/lwjgl-3.2.3/lwjgl/lwjgl-natives-linux.jar:/home/sam/Downloads/lwjgl-3.2.3/lwjgl/lwjgl-natives-linux-arm64.jar:/home/sam/Downloads/lwjgl-3.2.3/lwjgl-opengl/lwjgl-opengl.jar:/home/sam/Downloads/lwjgl-3.2.3/lwjgl-opengl/lwjgl-opengl-natives-linux.jar:/home/sam/Downloads/lwjgl-3.2.3/lwjgl-opengl/lwjgl-opengl-natives-linux-arm64.jar:/home/sam/Downloads/lwjgl-3.2.3/lwjgl-glfw/lwjgl-glfw.jar:/home/sam/Downloads/lwjgl-3.2.3/lwjgl-glfw/lwjgl-glfw-natives-linux.jar:/home/sam/Downloads/lwjgl-3.2.3/lwjgl-glfw/lwjgl-glfw-natives-linux-arm64.jar:/home/sam/Downloads/pngdecoder-1.0.jar:/home/sam/eclipse/workspace/LWJGL-ENGINE/bin:/home/sam/Downloads/lwjgl-3.2.3/lwjgl-stb/lwjgl-stb.jar:/home/sam/Downloads/lwjgl-3.2.3/lwjgl-stb/lwjgl-stb-natives-linux.jar:/home/sam/Downloads/lwjgl-3.2.3/lwjgl-stb/lwjgl-stb-natives-linux-arm64.jar
Launcher Type: SUN_STANDARD

Environment Variables:
PATH=/usr/local/sbin:/usr/local/bin:/usr/sbin:/usr/bin:/sbin:/bin:/usr/games:/usr/local/games:/snap/bin
USERNAME=sam
SHELL=/bin/bash
DISPLAY=:0

Signal Handlers:
SIGSEGV: [libjvm.so+0xab92f0], sa_mask[0]=11111111011111111101111111111110, sa_flags=SA_RESTART|SA_SIGINFO
SIGBUS: [libjvm.so+0xab92f0], sa_mask[0]=11111111011111111101111111111110, sa_flags=SA_RESTART|SA_SIGINFO
SIGFPE: [libjvm.so+0x8ee560], sa_mask[0]=11111111011111111101111111111110, sa_flags=SA_RESTART|SA_SIGINFO
SIGPIPE: [libjvm.so+0x8ee560], sa_mask[0]=11111111011111111101111111111110, sa_flags=SA_RESTART|SA_SIGINFO
SIGXFSZ: [libjvm.so+0x8ee560], sa_mask[0]=11111111011111111101111111111110, sa_flags=SA_RESTART|SA_SIGINFO
SIGILL: [libjvm.so+0x8ee560], sa_mask[0]=11111111011111111101111111111110, sa_flags=SA_RESTART|SA_SIGINFO
SIGUSR1: SIG_DFL, sa_mask[0]=00000000000000000000000000000000, sa_flags=none
SIGUSR2: [libjvm.so+0x8ee410], sa_mask[0]=00100000000000000000000000000000, sa_flags=SA_RESTART|SA_SIGINFO
SIGHUP: [libjvm.so+0x8eea80], sa_mask[0]=11111111011111111101111111111110, sa_flags=SA_RESTART|SA_SIGINFO
SIGINT: [libjvm.so+0x8eea80], sa_mask[0]=11111111011111111101111111111110, sa_flags=SA_RESTART|SA_SIGINFO
SIGTERM: [libjvm.so+0x8eea80], sa_mask[0]=11111111011111111101111111111110, sa_flags=SA_RESTART|SA_SIGINFO
SIGQUIT: [libjvm.so+0x8eea80], sa_mask[0]=11111111011111111101111111111110, sa_flags=SA_RESTART|SA_SIGINFO


---------------  S Y S T E M  ---------------

OS:DISTRIB_ID=Ubuntu
DISTRIB_RELEASE=18.04
DISTRIB_CODENAME=bionic
DISTRIB_DESCRIPTION="Ubuntu 18.04.2 LTS"

uname:Linux 5.3.0-23-generic #25~18.04.1-Ubuntu SMP Tue Nov 12 10:58:57 UTC 2019 x86_64
libc:glibc 2.27 NPTL 2.27 
rlimit: STACK 8192k, CORE 0k, NPROC 127605, NOFILE 1048576, AS infinity
load average:0.51 0.70 0.73

/proc/meminfo:
MemTotal:       32713520 kB
MemFree:        28016432 kB
MemAvailable:   29221252 kB
Buffers:          213884 kB
Cached:          1434120 kB
SwapCached:            0 kB
Active:          3384240 kB
Inactive:         830936 kB
Active(anon):    2609028 kB
Inactive(anon):    82080 kB
Active(file):     775212 kB
Inactive(file):   748856 kB
Unevictable:       40640 kB
Mlocked:             176 kB
SwapTotal:       2097148 kB
SwapFree:        2097148 kB
Dirty:               400 kB
Writeback:             0 kB
AnonPages:       2607920 kB
Mapped:           468316 kB
Shmem:            123944 kB
KReclaimable:     100208 kB
Slab:             191644 kB
SReclaimable:     100208 kB
SUnreclaim:        91436 kB
KernelStack:       16576 kB
PageTables:        58496 kB
NFS_Unstable:          0 kB
Bounce:                0 kB
WritebackTmp:          0 kB
CommitLimit:    18453908 kB
Committed_AS:    9117096 kB
VmallocTotal:   34359738367 kB
VmallocUsed:       59284 kB
VmallocChunk:          0 kB
Percpu:             5760 kB
HardwareCorrupted:     0 kB
AnonHugePages:         0 kB
ShmemHugePages:        0 kB
ShmemPmdMapped:        0 kB
CmaTotal:              0 kB
CmaFree:               0 kB
HugePages_Total:       0
HugePages_Free:        0
HugePages_Rsvd:        0
HugePages_Surp:        0
Hugepagesize:       2048 kB
Hugetlb:               0 kB
DirectMap4k:      375456 kB
DirectMap2M:     5742592 kB
DirectMap1G:    27262976 kB

container (cgroup) information:
container_type: cgroupv1
cpu_cpuset_cpus: 0-11
cpu_memory_nodes: 0
active_processor_count: 12
cpu_quota: -1
cpu_period: 100000
cpu_shares: -1
memory_limit_in_bytes: -1
memory_and_swap_limit_in_bytes: -2
memory_soft_limit_in_bytes: -1
memory_usage_in_bytes: 4357619712
memory_max_usage_in_bytes: 0


CPU:total 12 (initial active 12) (6 cores per cpu, 2 threads per core) family 6 model 158 stepping 10, cmov, cx8, fxsr, mmx, sse, sse2, sse3, ssse3, sse4.1, sse4.2, popcnt, avx, avx2, aes, clmul, erms, 3dnowpref, lzcnt, ht, tsc, tscinvbit, bmi1, bmi2, adx

/proc/cpuinfo:
processor	: 0
vendor_id	: GenuineIntel
cpu family	: 6
model		: 158
model name	: Intel(R) Core(TM) i7-8750H CPU @ 2.20GHz
stepping	: 10
microcode	: 0xca
cpu MHz		: 3900.004
cache size	: 9216 KB
physical id	: 0
siblings	: 12
core id		: 0
cpu cores	: 6
apicid		: 0
initial apicid	: 0
fpu		: yes
fpu_exception	: yes
cpuid level	: 22
wp		: yes
flags		: fpu vme de pse tsc msr pae mce cx8 apic sep mtrr pge mca cmov pat pse36 clflush dts acpi mmx fxsr sse sse2 ss ht tm pbe syscall nx pdpe1gb rdtscp lm constant_tsc art arch_perfmon pebs bts rep_good nopl xtopology nonstop_tsc cpuid aperfmperf pni pclmulqdq dtes64 monitor ds_cpl vmx est tm2 ssse3 sdbg fma cx16 xtpr pdcm pcid sse4_1 sse4_2 x2apic movbe popcnt tsc_deadline_timer aes xsave avx f16c rdrand lahf_lm abm 3dnowprefetch cpuid_fault epb invpcid_single pti ssbd ibrs ibpb stibp tpr_shadow vnmi flexpriority ept vpid ept_ad fsgsbase tsc_adjust bmi1 avx2 smep bmi2 erms invpcid mpx rdseed adx smap clflushopt intel_pt xsaveopt xsavec xgetbv1 xsaves dtherm ida arat pln pts hwp hwp_notify hwp_act_window hwp_epp md_clear flush_l1d
bugs		: cpu_meltdown spectre_v1 spectre_v2 spec_store_bypass l1tf mds swapgs itlb_multihit
bogomips	: 4399.99
clflush size	: 64
cache_alignment	: 64
address sizes	: 39 bits physical, 48 bits virtual
power management:

processor	: 1
vendor_id	: GenuineIntel
cpu family	: 6
model		: 158
model name	: Intel(R) Core(TM) i7-8750H CPU @ 2.20GHz
stepping	: 10
microcode	: 0xca
cpu MHz		: 3900.055
cache size	: 9216 KB
physical id	: 0
siblings	: 12
core id		: 1
cpu cores	: 6
apicid		: 2
initial apicid	: 2
fpu		: yes
fpu_exception	: yes
cpuid level	: 22
wp		: yes
flags		: fpu vme de pse tsc msr pae mce cx8 apic sep mtrr pge mca cmov pat pse36 clflush dts acpi mmx fxsr sse sse2 ss ht tm pbe syscall nx pdpe1gb rdtscp lm constant_tsc art arch_perfmon pebs bts rep_good nopl xtopology nonstop_tsc cpuid aperfmperf pni pclmulqdq dtes64 monitor ds_cpl vmx est tm2 ssse3 sdbg fma cx16 xtpr pdcm pcid sse4_1 sse4_2 x2apic movbe popcnt tsc_deadline_timer aes xsave avx f16c rdrand lahf_lm abm 3dnowprefetch cpuid_fault epb invpcid_single pti ssbd ibrs ibpb stibp tpr_shadow vnmi flexpriority ept vpid ept_ad fsgsbase tsc_adjust bmi1 avx2 smep bmi2 erms invpcid mpx rdseed adx smap clflushopt intel_pt xsaveopt xsavec xgetbv1 xsaves dtherm ida arat pln pts hwp hwp_notify hwp_act_window hwp_epp md_clear flush_l1d
bugs		: cpu_meltdown spectre_v1 spectre_v2 spec_store_bypass l1tf mds swapgs itlb_multihit
bogomips	: 4399.99
clflush size	: 64
cache_alignment	: 64
address sizes	: 39 bits physical, 48 bits virtual
power management:

processor	: 2
vendor_id	: GenuineIntel
cpu family	: 6
model		: 158
model name	: Intel(R) Core(TM) i7-8750H CPU @ 2.20GHz
stepping	: 10
microcode	: 0xca
cpu MHz		: 3900.020
cache size	: 9216 KB
physical id	: 0
siblings	: 12
core id		: 2
cpu cores	: 6
apicid		: 4
initial apicid	: 4
fpu		: yes
fpu_exception	: yes
cpuid level	: 22
wp		: yes
flags		: fpu vme de pse tsc msr pae mce cx8 apic sep mtrr pge mca cmov pat pse36 clflush dts acpi mmx fxsr sse sse2 ss ht tm pbe syscall nx pdpe1gb rdtscp lm constant_tsc art arch_perfmon pebs bts rep_good nopl xtopology nonstop_tsc cpuid aperfmperf pni pclmulqdq dtes64 monitor ds_cpl vmx est tm2 ssse3 sdbg fma cx16 xtpr pdcm pcid sse4_1 sse4_2 x2apic movbe popcnt tsc_deadline_timer aes xsave avx f16c rdrand lahf_lm abm 3dnowprefetch cpuid_fault epb invpcid_single pti ssbd ibrs ibpb stibp tpr_shadow vnmi flexpriority ept vpid ept_ad fsgsbase tsc_adjust bmi1 avx2 smep bmi2 erms invpcid mpx rdseed adx smap clflushopt intel_pt xsaveopt xsavec xgetbv1 xsaves dtherm ida arat pln pts hwp hwp_notify hwp_act_window hwp_epp md_clear flush_l1d
bugs		: cpu_meltdown spectre_v1 spectre_v2 spec_store_bypass l1tf mds swapgs itlb_multihit
bogomips	: 4399.99
clflush size	: 64
cache_alignment	: 64
address sizes	: 39 bits physical, 48 bits virtual
power management:

processor	: 3
vendor_id	: GenuineIntel
cpu family	: 6
model		: 158
model name	: Intel(R) Core(TM) i7-8750H CPU @ 2.20GHz
stepping	: 10
microcode	: 0xca
cpu MHz		: 3900.021
cache size	: 9216 KB
physical id	: 0
siblings	: 12
core id		: 3
cpu cores	: 6
apicid		: 6
initial apicid	: 6
fpu		: yes
fpu_exception	: yes
cpuid level	: 22
wp		: yes
flags		: fpu vme de pse tsc msr pae mce cx8 apic sep mtrr pge mca cmov pat pse36 clflush dts acpi mmx fxsr sse sse2 ss ht tm pbe syscall nx pdpe1gb rdtscp lm constant_tsc art arch_perfmon pebs bts rep_good nopl xtopology nonstop_tsc cpuid aperfmperf pni pclmulqdq dtes64 monitor ds_cpl vmx est tm2 ssse3 sdbg fma cx16 xtpr pdcm pcid sse4_1 sse4_2 x2apic movbe popcnt tsc_deadline_timer aes xsave avx f16c rdrand lahf_lm abm 3dnowprefetch cpuid_fault epb invpcid_single pti ssbd ibrs ibpb stibp tpr_shadow vnmi flexpriority ept vpid ept_ad fsgsbase tsc_adjust bmi1 avx2 smep bmi2 erms invpcid mpx rdseed adx smap clflushopt intel_pt xsaveopt xsavec xgetbv1 xsaves dtherm ida arat pln pts hwp hwp_notify hwp_act_window hwp_epp md_clear flush_l1d
bugs		: cpu_meltdown spectre_v1 spectre_v2 spec_store_bypass l1tf mds swapgs itlb_multihit
bogomips	: 4399.99
clflush size	: 64
cache_alignment	: 64
address sizes	: 39 bits physical, 48 bits virtual
power management:

processor	: 4
vendor_id	: GenuineIntel
cpu family	: 6
model		: 158
model name	: Intel(R) Core(TM) i7-8750H CPU @ 2.20GHz
stepping	: 10
microcode	: 0xca
cpu MHz		: 3900.002
cache size	: 9216 KB
physical id	: 0
siblings	: 12
core id		: 4
cpu cores	: 6
apicid		: 8
initial apicid	: 8
fpu		: yes
fpu_exception	: yes
cpuid level	: 22
wp		: yes
flags		: fpu vme de pse tsc msr pae mce cx8 apic sep mtrr pge mca cmov pat pse36 clflush dts acpi mmx fxsr sse sse2 ss ht tm pbe syscall nx pdpe1gb rdtscp lm constant_tsc art arch_perfmon pebs bts rep_good nopl xtopology nonstop_tsc cpuid aperfmperf pni pclmulqdq dtes64 monitor ds_cpl vmx est tm2 ssse3 sdbg fma cx16 xtpr pdcm pcid sse4_1 sse4_2 x2apic movbe popcnt tsc_deadline_timer aes xsave avx f16c rdrand lahf_lm abm 3dnowprefetch cpuid_fault epb invpcid_single pti ssbd ibrs ibpb stibp tpr_shadow vnmi flexpriority ept vpid ept_ad fsgsbase tsc_adjust bmi1 avx2 smep bmi2 erms invpcid mpx rdseed adx smap clflushopt intel_pt xsaveopt xsavec xgetbv1 xsaves dtherm ida arat pln pts hwp hwp_notify hwp_act_window hwp_epp md_clear flush_l1d
bugs		: cpu_meltdown spectre_v1 spectre_v2 spec_store_bypass l1tf mds swapgs itlb_multihit
bogomips	: 4399.99
clflush size	: 64
cache_alignment	: 64
address sizes	: 39 bits physical, 48 bits virtual
power management:

processor	: 5
vendor_id	: GenuineIntel
cpu family	: 6
model		: 158
model name	: Intel(R) Core(TM) i7-8750H CPU @ 2.20GHz
stepping	: 10
microcode	: 0xca
cpu MHz		: 3900.003
cache size	: 9216 KB
physical id	: 0
siblings	: 12
core id		: 5
cpu cores	: 6
apicid		: 10
initial apicid	: 10
fpu		: yes
fpu_exception	: yes
cpuid level	: 22
wp		: yes
flags		: fpu vme de pse tsc msr pae mce cx8 apic sep mtrr pge mca cmov pat pse36 clflush dts acpi mmx fxsr sse sse2 ss ht tm pbe syscall nx pdpe1gb rdtscp lm constant_tsc art arch_perfmon pebs bts rep_good nopl xtopology nonstop_tsc cpuid aperfmperf pni pclmulqdq dtes64 monitor ds_cpl vmx est tm2 ssse3 sdbg fma cx16 xtpr pdcm pcid sse4_1 sse4_2 x2apic movbe popcnt tsc_deadline_timer aes xsave avx f16c rdrand lahf_lm abm 3dnowprefetch cpuid_fault epb invpcid_single pti ssbd ibrs ibpb stibp tpr_shadow vnmi flexpriority ept vpid ept_ad fsgsbase tsc_adjust bmi1 avx2 smep bmi2 erms invpcid mpx rdseed adx smap clflushopt intel_pt xsaveopt xsavec xgetbv1 xsaves dtherm ida arat pln pts hwp hwp_notify hwp_act_window hwp_epp md_clear flush_l1d
bugs		: cpu_meltdown spectre_v1 spectre_v2 spec_store_bypass l1tf mds swapgs itlb_multihit
bogomips	: 4399.99
clflush size	: 64
cache_alignment	: 64
address sizes	: 39 bits physical, 48 bits virtual
power management:

processor	: 6
vendor_id	: GenuineIntel
cpu family	: 6
model		: 158
model name	: Intel(R) Core(TM) i7-8750H CPU @ 2.20GHz
stepping	: 10
microcode	: 0xca
cpu MHz		: 3900.416
cache size	: 9216 KB
physical id	: 0
siblings	: 12
core id		: 0
cpu cores	: 6
apicid		: 1
initial apicid	: 1
fpu		: yes
fpu_exception	: yes
cpuid level	: 22
wp		: yes
flags		: fpu vme de pse tsc msr pae mce cx8 apic sep mtrr pge mca cmov pat pse36 clflush dts acpi mmx fxsr sse sse2 ss ht tm pbe syscall nx pdpe1gb rdtscp lm constant_tsc art arch_perfmon pebs bts rep_good nopl xtopology nonstop_tsc cpuid aperfmperf pni pclmulqdq dtes64 monitor ds_cpl vmx est tm2 ssse3 sdbg fma cx16 xtpr pdcm pcid sse4_1 sse4_2 x2apic movbe popcnt tsc_deadline_timer aes xsave avx f16c rdrand lahf_lm abm 3dnowprefetch cpuid_fault epb invpcid_single pti ssbd ibrs ibpb stibp tpr_shadow vnmi flexpriority ept vpid ept_ad fsgsbase tsc_adjust bmi1 avx2 smep bmi2 erms invpcid mpx rdseed adx smap clflushopt intel_pt xsaveopt xsavec xgetbv1 xsaves dtherm ida arat pln pts hwp hwp_notify hwp_act_window hwp_epp md_clear flush_l1d
bugs		: cpu_meltdown spectre_v1 spectre_v2 spec_store_bypass l1tf mds swapgs itlb_multihit
bogomips	: 4399.99
clflush size	: 64
cache_alignment	: 64
address sizes	: 39 bits physical, 48 bits virtual
power management:

processor	: 7
vendor_id	: GenuineIntel
cpu family	: 6
model		: 158
model name	: Intel(R) Core(TM) i7-8750H CPU @ 2.20GHz
stepping	: 10
microcode	: 0xca
cpu MHz		: 3900.133
cache size	: 9216 KB
physical id	: 0
siblings	: 12
core id		: 1
cpu cores	: 6
apicid		: 3
initial apicid	: 3
fpu		: yes
fpu_exception	: yes
cpuid level	: 22
wp		: yes
flags		: fpu vme de pse tsc msr pae mce cx8 apic sep mtrr pge mca cmov pat pse36 clflush dts acpi mmx fxsr sse sse2 ss ht tm pbe syscall nx pdpe1gb rdtscp lm constant_tsc art arch_perfmon pebs bts rep_good nopl xtopology nonstop_tsc cpuid aperfmperf pni pclmulqdq dtes64 monitor ds_cpl vmx est tm2 ssse3 sdbg fma cx16 xtpr pdcm pcid sse4_1 sse4_2 x2apic movbe popcnt tsc_deadline_timer aes xsave avx f16c rdrand lahf_lm abm 3dnowprefetch cpuid_fault epb invpcid_single pti ssbd ibrs ibpb stibp tpr_shadow vnmi flexpriority ept vpid ept_ad fsgsbase tsc_adjust bmi1 avx2 smep bmi2 erms invpcid mpx rdseed adx smap clflushopt intel_pt xsaveopt xsavec xgetbv1 xsaves dtherm ida arat pln pts hwp hwp_notify hwp_act_window hwp_epp md_clear flush_l1d
bugs		: cpu_meltdown spectre_v1 spectre_v2 spec_store_bypass l1tf mds swapgs itlb_multihit
bogomips	: 4399.99
clflush size	: 64
cache_alignment	: 64
address sizes	: 39 bits physical, 48 bits virtual
power management:

processor	: 8
vendor_id	: GenuineIntel
cpu family	: 6
model		: 158
model name	: Intel(R) Core(TM) i7-8750H CPU @ 2.20GHz
stepping	: 10
microcode	: 0xca
cpu MHz		: 3900.019
cache size	: 9216 KB
physical id	: 0
siblings	: 12
core id		: 2
cpu cores	: 6
apicid		: 5
initial apicid	: 5
fpu		: yes
fpu_exception	: yes
cpuid level	: 22
wp		: yes
flags		: fpu vme de pse tsc msr pae mce cx8 apic sep mtrr pge mca cmov pat pse36 clflush dts acpi mmx fxsr sse sse2 ss ht tm pbe syscall nx pdpe1gb rdtscp lm constant_tsc art arch_perfmon pebs bts rep_good nopl xtopology nonstop_tsc cpuid aperfmperf pni pclmulqdq dtes64 monitor ds_cpl vmx est tm2 ssse3 sdbg fma cx16 xtpr pdcm pcid sse4_1 sse4_2 x2apic movbe popcnt tsc_deadline_timer aes xsave avx f16c rdrand lahf_lm abm 3dnowprefetch cpuid_fault epb invpcid_single pti ssbd ibrs ibpb stibp tpr_shadow vnmi flexpriority ept vpid ept_ad fsgsbase tsc_adjust bmi1 avx2 smep bmi2 erms invpcid mpx rdseed adx smap clflushopt intel_pt xsaveopt xsavec xgetbv1 xsaves dtherm ida arat pln pts hwp hwp_notify hwp_act_window hwp_epp md_clear flush_l1d
bugs		: cpu_meltdown spectre_v1 spectre_v2 spec_store_bypass l1tf mds swapgs itlb_multihit
bogomips	: 4399.99
clflush size	: 64
cache_alignment	: 64
address sizes	: 39 bits physical, 48 bits virtual
power management:

processor	: 9
vendor_id	: GenuineIntel
cpu family	: 6
model		: 158
model name	: Intel(R) Core(TM) i7-8750H CPU @ 2.20GHz
stepping	: 10
microcode	: 0xca
cpu MHz		: 3900.006
cache size	: 9216 KB
physical id	: 0
siblings	: 12
core id		: 3
cpu cores	: 6
apicid		: 7
initial apicid	: 7
fpu		: yes
fpu_exception	: yes
cpuid level	: 22
wp		: yes
flags		: fpu vme de pse tsc msr pae mce cx8 apic sep mtrr pge mca cmov pat pse36 clflush dts acpi mmx fxsr sse sse2 ss ht tm pbe syscall nx pdpe1gb rdtscp lm constant_tsc art arch_perfmon pebs bts rep_good nopl xtopology nonstop_tsc cpuid aperfmperf pni pclmulqdq dtes64 monitor ds_cpl vmx est tm2 ssse3 sdbg fma cx16 xtpr pdcm pcid sse4_1 sse4_2 x2apic movbe popcnt tsc_deadline_timer aes xsave avx f16c rdrand lahf_lm abm 3dnowprefetch cpuid_fault epb invpcid_single pti ssbd ibrs ibpb stibp tpr_shadow vnmi flexpriority ept vpid ept_ad fsgsbase tsc_adjust bmi1 avx2 smep bmi2 erms invpcid mpx rdseed adx smap clflushopt intel_pt xsaveopt xsavec xgetbv1 xsaves dtherm ida arat pln pts hwp hwp_notify hwp_act_window hwp_epp md_clear flush_l1d
bugs		: cpu_meltdown spectre_v1 spectre_v2 spec_store_bypass l1tf mds swapgs itlb_multihit
bogomips	: 4399.99
clflush size	: 64
cache_alignment	: 64
address sizes	: 39 bits physical, 48 bits virtual
power management:

processor	: 10
vendor_id	: GenuineIntel
cpu family	: 6
model		: 158
model name	: Intel(R) Core(TM) i7-8750H CPU @ 2.20GHz
stepping	: 10
microcode	: 0xca
cpu MHz		: 3900.004
cache size	: 9216 KB
physical id	: 0
siblings	: 12
core id		: 4
cpu cores	: 6
apicid		: 9
initial apicid	: 9
fpu		: yes
fpu_exception	: yes
cpuid level	: 22
wp		: yes
flags		: fpu vme de pse tsc msr pae mce cx8 apic sep mtrr pge mca cmov pat pse36 clflush dts acpi mmx fxsr sse sse2 ss ht tm pbe syscall nx pdpe1gb rdtscp lm constant_tsc art arch_perfmon pebs bts rep_good nopl xtopology nonstop_tsc cpuid aperfmperf pni pclmulqdq dtes64 monitor ds_cpl vmx est tm2 ssse3 sdbg fma cx16 xtpr pdcm pcid sse4_1 sse4_2 x2apic movbe popcnt tsc_deadline_timer aes xsave avx f16c rdrand lahf_lm abm 3dnowprefetch cpuid_fault epb invpcid_single pti ssbd ibrs ibpb stibp tpr_shadow vnmi flexpriority ept vpid ept_ad fsgsbase tsc_adjust bmi1 avx2 smep bmi2 erms invpcid mpx rdseed adx smap clflushopt intel_pt xsaveopt xsavec xgetbv1 xsaves dtherm ida arat pln pts hwp hwp_notify hwp_act_window hwp_epp md_clear flush_l1d
bugs		: cpu_meltdown spectre_v1 spectre_v2 spec_store_bypass l1tf mds swapgs itlb_multihit
bogomips	: 4399.99
clflush size	: 64
cache_alignment	: 64
address sizes	: 39 bits physical, 48 bits virtual
power management:

processor	: 11
vendor_id	: GenuineIntel
cpu family	: 6
model		: 158
model name	: Intel(R) Core(TM) i7-8750H CPU @ 2.20GHz
stepping	: 10
microcode	: 0xca
cpu MHz		: 3900.024
cache size	: 9216 KB
physical id	: 0
siblings	: 12
core id		: 5
cpu cores	: 6
apicid		: 11
initial apicid	: 11
fpu		: yes
fpu_exception	: yes
cpuid level	: 22
wp		: yes
flags		: fpu vme de pse tsc msr pae mce cx8 apic sep mtrr pge mca cmov pat pse36 clflush dts acpi mmx fxsr sse sse2 ss ht tm pbe syscall nx pdpe1gb rdtscp lm constant_tsc art arch_perfmon pebs bts rep_good nopl xtopology nonstop_tsc cpuid aperfmperf pni pclmulqdq dtes64 monitor ds_cpl vmx est tm2 ssse3 sdbg fma cx16 xtpr pdcm pcid sse4_1 sse4_2 x2apic movbe popcnt tsc_deadline_timer aes xsave avx f16c rdrand lahf_lm abm 3dnowprefetch cpuid_fault epb invpcid_single pti ssbd ibrs ibpb stibp tpr_shadow vnmi flexpriority ept vpid ept_ad fsgsbase tsc_adjust bmi1 avx2 smep bmi2 erms invpcid mpx rdseed adx smap clflushopt intel_pt xsaveopt xsavec xgetbv1 xsaves dtherm ida arat pln pts hwp hwp_notify hwp_act_window hwp_epp md_clear flush_l1d
bugs		: cpu_meltdown spectre_v1 spectre_v2 spec_store_bypass l1tf mds swapgs itlb_multihit
bogomips	: 4399.99
clflush size	: 64
cache_alignment	: 64
address sizes	: 39 bits physical, 48 bits virtual
power management:



Memory: 4k page, physical 32713520k(28016432k free), swap 2097148k(2097148k free)

vm_info: OpenJDK 64-Bit Server VM (25.222-b10) for linux-amd64 JRE (1.8.0_222-8u222-b10-1ubuntu1~18.04.1-b10), built on Jul 18 2019 18:52:48 by "buildd" with gcc 7.4.0

time: Sun Nov 24 20:40:48 2019
timezone: CST
elapsed time: 1 seconds (0d 0h 0m 1s)

