#
# A fatal error has been detected by the Java Runtime Environment:
#
#  SIGSEGV (0xb) at pc=0x00007f5a3fa2efc0, pid=29299, tid=0x00007f5ac47b4700
#
# JRE version: OpenJDK Runtime Environment (8.0_242-b08) (build 1.8.0_242-8u242-b08-0ubuntu3~18.04-b08)
# Java VM: OpenJDK 64-Bit Server VM (25.242-b08 mixed mode linux-amd64 compressed oops)
# Problematic frame:
# C  [libnvidia-glcore.so.440.31+0xf69fc0]
#
# Failed to write core dump. Core dumps have been disabled. To enable core dumping, try "ulimit -c unlimited" before starting Java again
#
# If you would like to submit a bug report, please visit:
#   http://bugreport.java.com/bugreport/crash.jsp
# The crash happened outside the Java Virtual Machine in native code.
# See problematic frame for where to report the bug.
#

---------------  T H R E A D  ---------------

Current thread (0x00007f5abc00b800):  JavaThread "main" [_thread_in_native, id=29304, stack(0x00007f5ac46b5000,0x00007f5ac47b5000)]

siginfo: si_signo: 11 (SIGSEGV), si_code: 1 (SEGV_MAPERR), si_addr: 0x0000000000000000

Registers:
RAX=0x00007f5abc9bc448, RBX=0x00007f5abc9bc118, RCX=0x0000000000000362, RDX=0x0000000000000008
RSP=0x00007f5ac47b3228, RBP=0x00007f5abc6891c0, RSI=0x0000000000000000, RDI=0x00007f5a3c65a7bc
R8 =0x00007f5a3c65a7bc, R9 =0x0000000000000362, R10=0x0000000000000000, R11=0x0000000000000000
R12=0x00007f5abc9bc720, R13=0x00007f5abc633e30, R14=0x00007f5abc633e20, R15=0x00007f5a3d88d0fc
RIP=0x00007f5a3fa2efc0, EFLAGS=0x0000000000010246, CSGSFS=0x002b000000000033, ERR=0x0000000000000004
  TRAPNO=0x000000000000000e

Top of Stack: (sp=0x00007f5ac47b3228)
0x00007f5ac47b3228:   00007f5a3fb037c3 00007f5abc9bc478
0x00007f5ac47b3238:   0000000000000004 0000000000000007
0x00007f5ac47b3248:   00000000009bc478 0000000000000362
0x00007f5ac47b3258:   0000000041249000 00007f5a3c65a7bc
0x00007f5ac47b3268:   00007f5a3fa2efb0 000000010701bb64
0x00007f5ac47b3278:   00007f5abc9bc118 00007f5a00000000
0x00007f5ac47b3288:   00007f5a3f56284e 00007f5abc9bcc00
0x00007f5ac47b3298:   000000073f939c94 0000000100000001
0x00007f5ac47b32a8:   00007f5abc9bc448 00007f5abc690020
0x00007f5ac47b32b8:   0000000000000001 0000000000003083
0x00007f5ac47b32c8:   10c0000000000000 0000000000003083
0x00007f5ac47b32d8:   10c0000000000000 0000002000000000
0x00007f5ac47b32e8:   0000000000000000 0000000041249000
0x00007f5ac47b32f8:   00007f5abc9bc720 00007f5abc633e30
0x00007f5ac47b3308:   00007f5abc633e20 000000004129fbf0
0x00007f5ac47b3318:   00007f5a3fb153bc 00007f5ac47b33ec
0x00007f5ac47b3328:   00007f5ac47b33e8 0000140500003083
0x00007f5ac47b3338:   ffffffff00001440 0000000400000000
0x00007f5ac47b3348:   0000000041249210 00007f5abc6891c0
0x00007f5ac47b3358:   00007f5a3fb31415 0000000041249001
0x00007f5ac47b3368:   00007f5ac47b4700 0000000000003083
0x00007f5ac47b3378:   00c0000000000000 00000000c47b3400
0x00007f5ac47b3388:   000000023f9404de 0000000000000000
0x00007f5ac47b3398:   0000000000c00000 00007f5abc633e30
0x00007f5ac47b33a8:   0000000000000000 0000000000000000
0x00007f5ac47b33b8:   0000000000003083 0000000041249001
0x00007f5ac47b33c8:   00007f5ac47b4700 0000000000003083
0x00007f5ac47b33d8:   00c0000000000000 0000000000003083
0x00007f5ac47b33e8:   0000000000000362 00c0000000000000
0x00007f5ac47b33f8:   00007f5abc6891c0 00007f5abc633e30
0x00007f5ac47b3408:   00007f5abc633e20 0000000041249000
0x00007f5ac47b3418:   00007f5abc9bc118 0000000000000000 

Instructions: (pc=0x00007f5a3fa2efc0)
0x00007f5a3fa2efa0:   ef 8d 41 ff 48 8d 44 87 04 c3 90 90 90 90 90 90
0x00007f5a3fa2efb0:   48 63 d2 49 89 f8 41 89 c9 0f 1f 80 00 00 00 00
0x00007f5a3fa2efc0:   8b 06 41 89 00 8b 46 04 48 01 d6 41 89 40 04 49
0x00007f5a3fa2efd0:   83 c0 08 41 ff c9 75 e8 8d 41 ff 48 8d 44 c7 08 

Register to memory mapping:

RAX=0x00007f5abc9bc448 is an unknown value
RBX=0x00007f5abc9bc118 is an unknown value
RCX=0x0000000000000362 is an unknown value
RDX=0x0000000000000008 is an unknown value
RSP=0x00007f5ac47b3228 is pointing into the stack for thread: 0x00007f5abc00b800
RBP=0x00007f5abc6891c0 is an unknown value
RSI=0x0000000000000000 is an unknown value
RDI=0x00007f5a3c65a7bc is an unknown value
R8 =0x00007f5a3c65a7bc is an unknown value
R9 =0x0000000000000362 is an unknown value
R10=0x0000000000000000 is an unknown value
R11=0x0000000000000000 is an unknown value
R12=0x00007f5abc9bc720 is an unknown value
R13=0x00007f5abc633e30 is an unknown value
R14=0x00007f5abc633e20 is an unknown value
R15=0x00007f5a3d88d0fc is an unknown value


Stack: [0x00007f5ac46b5000,0x00007f5ac47b5000],  sp=0x00007f5ac47b3228,  free space=1016k
Native frames: (J=compiled Java code, j=interpreted, Vv=VM code, C=native code)
C  [libnvidia-glcore.so.440.31+0xf69fc0]

Java frames: (J=compiled Java code, j=interpreted, Vv=VM code)
J 1105  org.lwjgl.opengl.GL11C.nglDrawElements(IIIJ)V (0 bytes) @ 0x00007f5aad4355ca [0x00007f5aad435580+0x4a]
J 1120 C2 org.lwjgl.opengl.GL11.glDrawElements(IIIJ)V (8 bytes) @ 0x00007f5aad44b274 [0x00007f5aad44b260+0x14]
j  terrain.PlanetRenderer.render(Lmodels/Mesh;Ljava/util/List;)V+53
j  rendering.MasterRenderer.render()V+629
j  misc.Game.render()V+52
j  main.Main.main([Ljava/lang/String;)V+45
v  ~StubRoutines::call_stub

---------------  P R O C E S S  ---------------

Java Threads: ( => current thread )
  0x00007f5abc0d8000 JavaThread "Service Thread" daemon [_thread_blocked, id=29323, stack(0x00007f5a6ee29000,0x00007f5a6ef2a000)]
  0x00007f5abc0cc800 JavaThread "C1 CompilerThread3" daemon [_thread_blocked, id=29322, stack(0x00007f5a6ef2b000,0x00007f5a6f02b000)]
  0x00007f5abc0ca800 JavaThread "C2 CompilerThread2" daemon [_thread_in_native, id=29321, stack(0x00007f5a6f02c000,0x00007f5a6f12c000)]
  0x00007f5abc0c9000 JavaThread "C2 CompilerThread1" daemon [_thread_blocked, id=29320, stack(0x00007f5a6f12d000,0x00007f5a6f22d000)]
  0x00007f5abc0c6000 JavaThread "C2 CompilerThread0" daemon [_thread_blocked, id=29319, stack(0x00007f5a6f22e000,0x00007f5a6f32e000)]
  0x00007f5abc0c2000 JavaThread "Signal Dispatcher" daemon [_thread_blocked, id=29318, stack(0x00007f5a6f32e000,0x00007f5a6f42f000)]
  0x00007f5abc093800 JavaThread "Finalizer" daemon [_thread_blocked, id=29317, stack(0x00007f5a6fdfe000,0x00007f5a6feff000)]
  0x00007f5abc08f000 JavaThread "Reference Handler" daemon [_thread_blocked, id=29316, stack(0x00007f5a6feff000,0x00007f5a70000000)]
=>0x00007f5abc00b800 JavaThread "main" [_thread_in_native, id=29304, stack(0x00007f5ac46b5000,0x00007f5ac47b5000)]

Other Threads:
  0x00007f5abc085800 VMThread [stack: 0x00007f5a7405b000,0x00007f5a7415b000] [id=29315]
  0x00007f5abc0da800 WatcherThread [stack: 0x00007f5a6ed29000,0x00007f5a6ee29000] [id=29324]

VM state:not at safepoint (normal execution)

VM Mutex/Monitor currently owned by a thread: None

heap address: 0x00000005ccc00000, size: 7988 MB, Compressed Oops mode: Zero based, Oop shift amount: 3
Narrow klass base: 0x0000000000000000, Narrow klass shift: 3
Compressed class space size: 1073741824 Address: 0x00000007c0000000

Heap:
 PSYoungGen      total 149504K, used 50373K [0x0000000719980000, 0x0000000724000000, 0x00000007c0000000)
  eden space 128512K, 35% used [0x0000000719980000,0x000000071c62de20,0x0000000721700000)
  from space 20992K, 22% used [0x0000000721700000,0x0000000721b839a0,0x0000000722b80000)
  to   space 20992K, 0% used [0x0000000722b80000,0x0000000722b80000,0x0000000724000000)
 ParOldGen       total 341504K, used 88K [0x00000005ccc00000, 0x00000005e1980000, 0x0000000719980000)
  object space 341504K, 0% used [0x00000005ccc00000,0x00000005ccc16010,0x00000005e1980000)
 Metaspace       used 11422K, capacity 11603K, committed 11776K, reserved 1060864K
  class space    used 921K, capacity 1006K, committed 1024K, reserved 1048576K

Card table byte_map: [0x00007f5aac065000,0x00007f5aad000000] byte_map_base: 0x00007f5aa91ff000

Marking Bits: (ParMarkBitMap*) 0x00007f5ac394f3e0
 Begin Bits: [0x00007f5a74660000, 0x00007f5a7c330000)
 End Bits:   [0x00007f5a7c330000, 0x00007f5a84000000)

Polling page: 0x00007f5ac47d0000

CodeCache: size=245760Kb used=4420Kb max_used=4420Kb free=241339Kb
 bounds [0x00007f5aad000000, 0x00007f5aad460000, 0x00007f5abc000000]
 total_blobs=2055 nmethods=1135 adapters=835
 compilation: enabled

Compilation events (10 events):
Event: 2.072 Thread 0x00007f5abc0cc800 1130       1       lights.PointLight::getRadius (3 bytes)
Event: 2.072 Thread 0x00007f5abc0cc800 nmethod 1130 0x00007f5aad43fc10 code [0x00007f5aad43fd80, 0x00007f5aad43fe90]
Event: 2.072 Thread 0x00007f5abc0cc800 1132       3       models.Entity::update (29 bytes)
Event: 2.073 Thread 0x00007f5abc0cc800 nmethod 1132 0x00007f5aad44e250 code [0x00007f5aad44e3e0, 0x00007f5aad44e7f8]
Event: 2.073 Thread 0x00007f5abc0cc800 1133       3       models.Mesh::update (1 bytes)
Event: 2.073 Thread 0x00007f5abc0cc800 nmethod 1133 0x00007f5aad44df10 code [0x00007f5aad44e060, 0x00007f5aad44e1b0]
Event: 2.073 Thread 0x00007f5abc0cc800 1134       3       math.Transform::checkForUpdates (16 bytes)
Event: 2.073 Thread 0x00007f5abc0cc800 nmethod 1134 0x00007f5aad44db50 code [0x00007f5aad44dcc0, 0x00007f5aad44de70]
Event: 2.074 Thread 0x00007f5abc0cc800 1136       3       shaders.BasicShader::setTransformationMatrix (8 bytes)
Event: 2.074 Thread 0x00007f5abc0cc800 nmethod 1136 0x00007f5aad44d250 code [0x00007f5aad44d400, 0x00007f5aad44d8e8]

GC Heap History (6 events):
Event: 1.090 GC heap before
{Heap before GC invocations=1 (full 0):
 PSYoungGen      total 149504K, used 128512K [0x0000000719980000, 0x0000000724000000, 0x00000007c0000000)
  eden space 128512K, 100% used [0x0000000719980000,0x0000000721700000,0x0000000721700000)
  from space 20992K, 0% used [0x0000000722b80000,0x0000000722b80000,0x0000000724000000)
  to   space 20992K, 0% used [0x0000000721700000,0x0000000721700000,0x0000000722b80000)
 ParOldGen       total 341504K, used 0K [0x00000005ccc00000, 0x00000005e1980000, 0x0000000719980000)
  object space 341504K, 0% used [0x00000005ccc00000,0x00000005ccc00000,0x00000005e1980000)
 Metaspace       used 10783K, capacity 11057K, committed 11264K, reserved 1058816K
  class space    used 863K, capacity 973K, committed 1024K, reserved 1048576K
Event: 1.098 GC heap after
Heap after GC invocations=1 (full 0):
 PSYoungGen      total 149504K, used 9262K [0x0000000719980000, 0x0000000724000000, 0x00000007c0000000)
  eden space 128512K, 0% used [0x0000000719980000,0x0000000719980000,0x0000000721700000)
  from space 20992K, 44% used [0x0000000721700000,0x000000072200bae0,0x0000000722b80000)
  to   space 20992K, 0% used [0x0000000722b80000,0x0000000722b80000,0x0000000724000000)
 ParOldGen       total 341504K, used 72K [0x00000005ccc00000, 0x00000005e1980000, 0x0000000719980000)
  object space 341504K, 0% used [0x00000005ccc00000,0x00000005ccc12010,0x00000005e1980000)
 Metaspace       used 10783K, capacity 11057K, committed 11264K, reserved 1058816K
  class space    used 863K, capacity 973K, committed 1024K, reserved 1048576K
}
Event: 1.400 GC heap before
{Heap before GC invocations=2 (full 0):
 PSYoungGen      total 149504K, used 137774K [0x0000000719980000, 0x0000000724000000, 0x00000007c0000000)
  eden space 128512K, 100% used [0x0000000719980000,0x0000000721700000,0x0000000721700000)
  from space 20992K, 44% used [0x0000000721700000,0x000000072200bae0,0x0000000722b80000)
  to   space 20992K, 0% used [0x0000000722b80000,0x0000000722b80000,0x0000000724000000)
 ParOldGen       total 341504K, used 72K [0x00000005ccc00000, 0x00000005e1980000, 0x0000000719980000)
  object space 341504K, 0% used [0x00000005ccc00000,0x00000005ccc12010,0x00000005e1980000)
 Metaspace       used 11019K, capacity 11281K, committed 11520K, reserved 1060864K
  class space    used 892K, capacity 1005K, committed 1024K, reserved 1048576K
Event: 1.404 GC heap after
Heap after GC invocations=2 (full 0):
 PSYoungGen      total 149504K, used 4954K [0x0000000719980000, 0x0000000724000000, 0x00000007c0000000)
  eden space 128512K, 0% used [0x0000000719980000,0x0000000719980000,0x0000000721700000)
  from space 20992K, 23% used [0x0000000722b80000,0x0000000723056810,0x0000000724000000)
  to   space 20992K, 0% used [0x0000000721700000,0x0000000721700000,0x0000000722b80000)
 ParOldGen       total 341504K, used 80K [0x00000005ccc00000, 0x00000005e1980000, 0x0000000719980000)
  object space 341504K, 0% used [0x00000005ccc00000,0x00000005ccc14010,0x00000005e1980000)
 Metaspace       used 11019K, capacity 11281K, committed 11520K, reserved 1060864K
  class space    used 892K, capacity 1005K, committed 1024K, reserved 1048576K
}
Event: 2.026 GC heap before
{Heap before GC invocations=3 (full 0):
 PSYoungGen      total 149504K, used 133466K [0x0000000719980000, 0x0000000724000000, 0x00000007c0000000)
  eden space 128512K, 100% used [0x0000000719980000,0x0000000721700000,0x0000000721700000)
  from space 20992K, 23% used [0x0000000722b80000,0x0000000723056810,0x0000000724000000)
  to   space 20992K, 0% used [0x0000000721700000,0x0000000721700000,0x0000000722b80000)
 ParOldGen       total 341504K, used 80K [0x00000005ccc00000, 0x00000005e1980000, 0x0000000719980000)
  object space 341504K, 0% used [0x00000005ccc00000,0x00000005ccc14010,0x00000005e1980000)
 Metaspace       used 11369K, capacity 11539K, committed 11776K, reserved 1060864K
  class space    used 918K, capacity 1006K, committed 1024K, reserved 1048576K
Event: 2.029 GC heap after
Heap after GC invocations=3 (full 0):
 PSYoungGen      total 149504K, used 4622K [0x0000000719980000, 0x0000000724000000, 0x00000007c0000000)
  eden space 128512K, 0% used [0x0000000719980000,0x0000000719980000,0x0000000721700000)
  from space 20992K, 22% used [0x0000000721700000,0x0000000721b839a0,0x0000000722b80000)
  to   space 20992K, 0% used [0x0000000722b80000,0x0000000722b80000,0x0000000724000000)
 ParOldGen       total 341504K, used 88K [0x00000005ccc00000, 0x00000005e1980000, 0x0000000719980000)
  object space 341504K, 0% used [0x00000005ccc00000,0x00000005ccc16010,0x00000005e1980000)
 Metaspace       used 11369K, capacity 11539K, committed 11776K, reserved 1060864K
  class space    used 918K, capacity 1006K, committed 1024K, reserved 1048576K
}

Deoptimization events (10 events):
Event: 0.892 Thread 0x00007f5abc00b800 Uncommon trap: reason=unstable_if action=reinterpret pc=0x00007f5aad31c540 method=sun.misc.FloatingDecimal.readJavaFormatString(Ljava/lang/String;)Lsun/misc/FloatingDecimal$ASCIIToBinaryConverter; @ 235
Event: 0.892 Thread 0x00007f5abc00b800 Uncommon trap: reason=class_check action=maybe_recompile pc=0x00007f5aad2f65c8 method=sun.misc.FloatingDecimal.parseFloat(Ljava/lang/String;)F @ 4
Event: 0.921 Thread 0x00007f5abc00b800 Uncommon trap: reason=class_check action=maybe_recompile pc=0x00007f5aad2f65c8 method=sun.misc.FloatingDecimal.parseFloat(Ljava/lang/String;)F @ 4
Event: 0.947 Thread 0x00007f5abc00b800 Uncommon trap: reason=class_check action=maybe_recompile pc=0x00007f5aad2f65c8 method=sun.misc.FloatingDecimal.parseFloat(Ljava/lang/String;)F @ 4
Event: 0.947 Thread 0x00007f5abc00b800 Uncommon trap: reason=class_check action=maybe_recompile pc=0x00007f5aad2f65c8 method=sun.misc.FloatingDecimal.parseFloat(Ljava/lang/String;)F @ 4
Event: 1.396 Thread 0x00007f5abc00b800 Uncommon trap: reason=unstable_if action=reinterpret pc=0x00007f5aad1b8730 method=java.lang.String.indexOf([CII[CIII)I @ 3
Event: 1.470 Thread 0x00007f5abc00b800 Uncommon trap: reason=unstable_if action=reinterpret pc=0x00007f5aad3d00ac method=sun.security.provider.NativePRNG$RandomIO.ensureBufferValid()V @ 57
Event: 1.598 Thread 0x00007f5abc00b800 Uncommon trap: reason=unstable_if action=reinterpret pc=0x00007f5aad3f7d6c method=terrain.TerrainMesh.getVertexNormals([F[I)[F @ 211
Event: 1.838 Thread 0x00007f5abc00b800 Uncommon trap: reason=predicate action=maybe_recompile pc=0x00007f5aad3ee72c method=java.util.ArrayList.indexOf(Ljava/lang/Object;)I @ 44
Event: 1.838 Thread 0x00007f5abc00b800 Uncommon trap: reason=predicate action=maybe_recompile pc=0x00007f5aad3dc1f0 method=java.util.ArrayList.indexOf(Ljava/lang/Object;)I @ 44

Classes redefined (0 events):
No events

Internal exceptions (10 events):
Event: 0.174 Thread 0x00007f5abc00b800 Exception <a 'java/security/PrivilegedActionException'> (0x0000000719f7e5d0) thrown at [/build/openjdk-8-58sEEn/openjdk-8-8u242-b08/src/hotspot/src/share/vm/prims/jvm.cpp, line 1502]
Event: 0.174 Thread 0x00007f5abc00b800 Exception <a 'java/security/PrivilegedActionException'> (0x0000000719f7e7e0) thrown at [/build/openjdk-8-58sEEn/openjdk-8-8u242-b08/src/hotspot/src/share/vm/prims/jvm.cpp, line 1502]
Event: 0.174 Thread 0x00007f5abc00b800 Exception <a 'java/security/PrivilegedActionException'> (0x0000000719f80868) thrown at [/build/openjdk-8-58sEEn/openjdk-8-8u242-b08/src/hotspot/src/share/vm/prims/jvm.cpp, line 1502]
Event: 0.174 Thread 0x00007f5abc00b800 Exception <a 'java/security/PrivilegedActionException'> (0x0000000719f80a78) thrown at [/build/openjdk-8-58sEEn/openjdk-8-8u242-b08/src/hotspot/src/share/vm/prims/jvm.cpp, line 1502]
Event: 0.174 Thread 0x00007f5abc00b800 Exception <a 'java/security/PrivilegedActionException'> (0x0000000719f81550) thrown at [/build/openjdk-8-58sEEn/openjdk-8-8u242-b08/src/hotspot/src/share/vm/prims/jvm.cpp, line 1502]
Event: 0.174 Thread 0x00007f5abc00b800 Exception <a 'java/security/PrivilegedActionException'> (0x0000000719f81760) thrown at [/build/openjdk-8-58sEEn/openjdk-8-8u242-b08/src/hotspot/src/share/vm/prims/jvm.cpp, line 1502]
Event: 0.188 Thread 0x00007f5abc00b800 Exception <a 'sun/nio/fs/UnixException'> (0x0000000719fae888) thrown at [/build/openjdk-8-58sEEn/openjdk-8-8u242-b08/src/hotspot/src/share/vm/prims/jni.cpp, line 710]
Event: 0.194 Thread 0x00007f5abc00b800 Exception <a 'sun/nio/fs/UnixException'> (0x0000000719fbee08) thrown at [/build/openjdk-8-58sEEn/openjdk-8-8u242-b08/src/hotspot/src/share/vm/prims/jni.cpp, line 710]
Event: 0.342 Thread 0x00007f5abc00b800 Exception <a 'sun/nio/fs/UnixException'> (0x000000071a12f528) thrown at [/build/openjdk-8-58sEEn/openjdk-8-8u242-b08/src/hotspot/src/share/vm/prims/jni.cpp, line 710]
Event: 0.344 Thread 0x00007f5abc00b800 Exception <a 'sun/nio/fs/UnixException'> (0x000000071a1375c0) thrown at [/build/openjdk-8-58sEEn/openjdk-8-8u242-b08/src/hotspot/src/share/vm/prims/jni.cpp, line 710]

Events (10 events):
Event: 2.043 loading class particles/Particle
Event: 2.043 loading class particles/Particle done
Event: 2.044 loading class particles/CircularEmission
Event: 2.044 loading class particles/CircularEmission done
Event: 2.044 loading class particles/ParticleMesh
Event: 2.044 loading class particles/ParticleMesh done
Event: 2.044 loading class org/lwjgl/opengl/GL33C
Event: 2.044 loading class org/lwjgl/opengl/GL33C done
Event: 2.062 loading class particles/ParticleMaster
Event: 2.062 loading class particles/ParticleMaster done


Dynamic libraries:
40b4b000-40b4d000 r-xs 00000000 103:02 15729223                          /tmp/.glplfpEH (deleted)
41249000-412f8000 rw-p 00000000 00:00 0 
5ccc00000-5e1980000 rw-p 00000000 00:00 0 
5e1980000-719980000 ---p 00000000 00:00 0 
719980000-724000000 rw-p 00000000 00:00 0 
724000000-7c0000000 ---p 00000000 00:00 0 
7c0000000-7c0100000 rw-p 00000000 00:00 0 
7c0100000-800000000 ---p 00000000 00:00 0 
55e758787000-55e758788000 r-xp 00000000 103:02 9833134                   /usr/lib/jvm/java-8-openjdk-amd64/jre/bin/java
55e758987000-55e758988000 r--p 00000000 103:02 9833134                   /usr/lib/jvm/java-8-openjdk-amd64/jre/bin/java
55e758988000-55e758989000 rw-p 00001000 103:02 9833134                   /usr/lib/jvm/java-8-openjdk-amd64/jre/bin/java
55e759d19000-55e759d3a000 rw-p 00000000 00:00 0                          [heap]
7f59f4000000-7f59f5a85000 rw-p 00000000 00:00 0 
7f59f5a85000-7f59f8000000 ---p 00000000 00:00 0 
7f59fc000000-7f59fc021000 rw-p 00000000 00:00 0 
7f59fc021000-7f5a00000000 ---p 00000000 00:00 0 
7f5a00000000-7f5a00021000 rw-p 00000000 00:00 0 
7f5a00021000-7f5a04000000 ---p 00000000 00:00 0 
7f5a04000000-7f5a04021000 rw-p 00000000 00:00 0 
7f5a04021000-7f5a08000000 ---p 00000000 00:00 0 
7f5a08000000-7f5a08021000 rw-p 00000000 00:00 0 
7f5a08021000-7f5a0c000000 ---p 00000000 00:00 0 
7f5a0c000000-7f5a0c021000 rw-p 00000000 00:00 0 
7f5a0c021000-7f5a10000000 ---p 00000000 00:00 0 
7f5a10000000-7f5a10021000 rw-p 00000000 00:00 0 
7f5a10021000-7f5a14000000 ---p 00000000 00:00 0 
7f5a177ff000-7f5a17800000 ---p 00000000 00:00 0 
7f5a17800000-7f5a18000000 rw-p 00000000 00:00 0 
7f5a18000000-7f5a18021000 rw-p 00000000 00:00 0 
7f5a18021000-7f5a1c000000 ---p 00000000 00:00 0 
7f5a1c000000-7f5a1c021000 rw-p 00000000 00:00 0 
7f5a1c021000-7f5a20000000 ---p 00000000 00:00 0 
7f5a20000000-7f5a20021000 rw-p 00000000 00:00 0 
7f5a20021000-7f5a24000000 ---p 00000000 00:00 0 
7f5a24000000-7f5a24021000 rw-p 00000000 00:00 0 
7f5a24021000-7f5a28000000 ---p 00000000 00:00 0 
7f5a28000000-7f5a28021000 rw-p 00000000 00:00 0 
7f5a28021000-7f5a2c000000 ---p 00000000 00:00 0 
7f5a2c000000-7f5a2c021000 rw-p 00000000 00:00 0 
7f5a2c021000-7f5a30000000 ---p 00000000 00:00 0 
7f5a307f9000-7f5a307fa000 ---p 00000000 00:00 0 
7f5a307fa000-7f5a30ffa000 rw-p 00000000 00:00 0 
7f5a30ffa000-7f5a30ffb000 ---p 00000000 00:00 0 
7f5a30ffb000-7f5a317fb000 rw-p 00000000 00:00 0 
7f5a317fb000-7f5a317fc000 ---p 00000000 00:00 0 
7f5a317fc000-7f5a31ffc000 rw-p 00000000 00:00 0 
7f5a31ffc000-7f5a31ffd000 ---p 00000000 00:00 0 
7f5a31ffd000-7f5a327fd000 rw-p 00000000 00:00 0 
7f5a327fd000-7f5a327fe000 ---p 00000000 00:00 0 
7f5a327fe000-7f5a32ffe000 rw-p 00000000 00:00 0 
7f5a32ffe000-7f5a32fff000 ---p 00000000 00:00 0 
7f5a32fff000-7f5a337ff000 rw-p 00000000 00:00 0 
7f5a337ff000-7f5a33800000 ---p 00000000 00:00 0 
7f5a33800000-7f5a34000000 rw-p 00000000 00:00 0 
7f5a34000000-7f5a37f81000 rw-p 00000000 00:00 0 
7f5a37f81000-7f5a38000000 ---p 00000000 00:00 0 
7f5a386fe000-7f5a386ff000 ---p 00000000 00:00 0 
7f5a386ff000-7f5a38eff000 rw-p 00000000 00:00 0 
7f5a38eff000-7f5a38f00000 ---p 00000000 00:00 0 
7f5a38f00000-7f5a39700000 rw-p 00000000 00:00 0 
7f5a39700000-7f5a39701000 ---p 00000000 00:00 0 
7f5a39701000-7f5a39f81000 rw-p 00000000 00:00 0 
7f5a39f81000-7f5a3a101000 ---p 00000000 00:00 0 
7f5a3a501000-7f5a3b502000 rw-p 00000000 00:00 0 
7f5a3b902000-7f5a3b903000 ---p 00000000 00:00 0 
7f5a3b903000-7f5a3c103000 rw-p 00000000 00:00 0 
7f5a3c103000-7f5a3c503000 rw-s 00000000 00:06 558                        /dev/nvidiactl
7f5a3c503000-7f5a3c903000 rw-s 00000000 00:06 558                        /dev/nvidiactl
7f5a3c903000-7f5a3cb03000 rw-s 00000000 00:06 558                        /dev/nvidiactl
7f5a3cb03000-7f5a3cf03000 rw-s 00000000 00:06 558                        /dev/nvidiactl
7f5a3d103000-7f5a3d504000 rw-p 00000000 00:00 0 
7f5a3d705000-7f5a3d905000 rw-s 00000000 00:06 558                        /dev/nvidiactl
7f5a3d905000-7f5a3db05000 rw-p 00000000 00:00 0 
7f5a3db05000-7f5a3db45000 rw-s 00000000 08:01 16253115                   /home/sam/#16253115 (deleted)
7f5a3db45000-7f5a3db85000 r-xs 00000000 08:01 16253115                   /home/sam/#16253115 (deleted)
7f5a3db85000-7f5a3dbdd000 r-xp 00000000 103:02 15729244                  /tmp/lwjglsam/3.2.3-build-13/liblwjgl_opengl.so
7f5a3dbdd000-7f5a3dddc000 ---p 00058000 103:02 15729244                  /tmp/lwjglsam/3.2.3-build-13/liblwjgl_opengl.so
7f5a3dddc000-7f5a3dddd000 r--p 00057000 103:02 15729244                  /tmp/lwjglsam/3.2.3-build-13/liblwjgl_opengl.so
7f5a3dddd000-7f5a3ddde000 rw-p 00058000 103:02 15729244                  /tmp/lwjglsam/3.2.3-build-13/liblwjgl_opengl.so
7f5a3ddde000-7f5a3dde3000 r-xp 00000000 103:02 9839193                   /usr/lib/x86_64-linux-gnu/libxcb-sync.so.1.0.0
7f5a3dde3000-7f5a3dfe3000 ---p 00005000 103:02 9839193                   /usr/lib/x86_64-linux-gnu/libxcb-sync.so.1.0.0
7f5a3dfe3000-7f5a3dfe4000 r--p 00005000 103:02 9839193                   /usr/lib/x86_64-linux-gnu/libxcb-sync.so.1.0.0
7f5a3dfe4000-7f5a3dfe5000 rw-p 00006000 103:02 9839193                   /usr/lib/x86_64-linux-gnu/libxcb-sync.so.1.0.0
7f5a3dfe5000-7f5a3dfe7000 r-xp 00000000 103:02 9839185                   /usr/lib/x86_64-linux-gnu/libxcb-present.so.0.0.0
7f5a3dfe7000-7f5a3e1e6000 ---p 00002000 103:02 9839185                   /usr/lib/x86_64-linux-gnu/libxcb-present.so.0.0.0
7f5a3e1e6000-7f5a3e1e7000 r--p 00001000 103:02 9839185                   /usr/lib/x86_64-linux-gnu/libxcb-present.so.0.0.0
7f5a3e1e7000-7f5a3e1e8000 rw-p 00002000 103:02 9839185                   /usr/lib/x86_64-linux-gnu/libxcb-present.so.0.0.0
7f5a3e1e8000-7f5a3e1eb000 r-xp 00000000 103:02 9839181                   /usr/lib/x86_64-linux-gnu/libxcb-dri3.so.0.0.0
7f5a3e1eb000-7f5a3e3ea000 ---p 00003000 103:02 9839181                   /usr/lib/x86_64-linux-gnu/libxcb-dri3.so.0.0.0
7f5a3e3ea000-7f5a3e3eb000 r--p 00002000 103:02 9839181                   /usr/lib/x86_64-linux-gnu/libxcb-dri3.so.0.0.0
7f5a3e3eb000-7f5a3e3ec000 rw-p 00003000 103:02 9839181                   /usr/lib/x86_64-linux-gnu/libxcb-dri3.so.0.0.0
7f5a3e3ec000-7f5a3e404000 r-xp 00000000 103:02 9839183                   /usr/lib/x86_64-linux-gnu/libxcb-glx.so.0.0.0
7f5a3e404000-7f5a3e604000 ---p 00018000 103:02 9839183                   /usr/lib/x86_64-linux-gnu/libxcb-glx.so.0.0.0
7f5a3e604000-7f5a3e606000 r--p 00018000 103:02 9839183                   /usr/lib/x86_64-linux-gnu/libxcb-glx.so.0.0.0
7f5a3e606000-7f5a3e607000 rw-p 0001a000 103:02 9839183                   /usr/lib/x86_64-linux-gnu/libxcb-glx.so.0.0.0
7f5a3e621000-7f5a3e6a1000 rw-s 00000000 00:06 558                        /dev/nvidiactl
7f5a3e7a1000-7f5a3e7b4000 rw-s 00000000 00:06 558                        /dev/nvidiactl
7f5a3e7b4000-7f5a3e7f4000 rw-s 00000000 00:06 558                        /dev/nvidiactl
7f5a3e7f4000-7f5a3e814000 rw-s 00000000 00:06 558                        /dev/nvidiactl
7f5a3e814000-7f5a3e854000 rw-s 00000000 00:06 558                        /dev/nvidiactl
7f5a3e854000-7f5a3e874000 rw-s 00000000 00:06 558                        /dev/nvidiactl
7f5a3e874000-7f5a3e8b4000 rw-s 00000000 00:06 558                        /dev/nvidiactl
7f5a3e8b4000-7f5a3e8c4000 r-xp 00000000 103:02 9835939                   /usr/lib/x86_64-linux-gnu/libdrm.so.2.4.0
7f5a3e8c4000-7f5a3eac3000 ---p 00010000 103:02 9835939                   /usr/lib/x86_64-linux-gnu/libdrm.so.2.4.0
7f5a3eac3000-7f5a3eac4000 r--p 0000f000 103:02 9835939                   /usr/lib/x86_64-linux-gnu/libdrm.so.2.4.0
7f5a3eac4000-7f5a3eac5000 rw-p 00010000 103:02 9835939                   /usr/lib/x86_64-linux-gnu/libdrm.so.2.4.0
7f5a3eac5000-7f5a3fda0000 r-xp 00000000 103:02 9840523                   /usr/lib/x86_64-linux-gnu/libnvidia-glcore.so.440.31
7f5a3fda0000-7f5a3fdc1000 rwxp 012db000 103:02 9840523                   /usr/lib/x86_64-linux-gnu/libnvidia-glcore.so.440.31
7f5a3fdc1000-7f5a402d2000 r-xp 012fc000 103:02 9840523                   /usr/lib/x86_64-linux-gnu/libnvidia-glcore.so.440.31
7f5a402d2000-7f5a404d1000 ---p 0180d000 103:02 9840523                   /usr/lib/x86_64-linux-gnu/libnvidia-glcore.so.440.31
7f5a404d1000-7f5a40817000 rw-p 0180c000 103:02 9840523                   /usr/lib/x86_64-linux-gnu/libnvidia-glcore.so.440.31
7f5a40817000-7f5a40833000 rw-p 00000000 00:00 0 
7f5a40833000-7f5a40836000 r-xp 00000000 103:02 9840527                   /usr/lib/x86_64-linux-gnu/libnvidia-tls.so.440.31
7f5a40836000-7f5a40a36000 ---p 00003000 103:02 9840527                   /usr/lib/x86_64-linux-gnu/libnvidia-tls.so.440.31
7f5a40a36000-7f5a40a37000 rw-p 00003000 103:02 9840527                   /usr/lib/x86_64-linux-gnu/libnvidia-tls.so.440.31
7f5a40a37000-7f5a40ae0000 r-xp 00000000 103:02 9840520                   /usr/lib/x86_64-linux-gnu/libGLX_nvidia.so.440.31
7f5a40ae0000-7f5a40b15000 rwxp 000a9000 103:02 9840520                   /usr/lib/x86_64-linux-gnu/libGLX_nvidia.so.440.31
7f5a40b15000-7f5a40b24000 r-xp 000de000 103:02 9840520                   /usr/lib/x86_64-linux-gnu/libGLX_nvidia.so.440.31
7f5a40b24000-7f5a40d23000 ---p 000ed000 103:02 9840520                   /usr/lib/x86_64-linux-gnu/libGLX_nvidia.so.440.31
7f5a40d23000-7f5a40d47000 rw-p 000ec000 103:02 9840520                   /usr/lib/x86_64-linux-gnu/libGLX_nvidia.so.440.31
7f5a40d47000-7f5a40d49000 rw-p 00000000 00:00 0 
7f5a40d49000-7f5a40d8b000 r-xp 00000000 103:02 9837994                   /usr/lib/x86_64-linux-gnu/libGLdispatch.so.0.0.0
7f5a40d8b000-7f5a40da4000 r-xp 00042000 103:02 9837994                   /usr/lib/x86_64-linux-gnu/libGLdispatch.so.0.0.0
7f5a40da4000-7f5a40db7000 r-xp 0005b000 103:02 9837994                   /usr/lib/x86_64-linux-gnu/libGLdispatch.so.0.0.0
7f5a40db7000-7f5a40fb6000 ---p 0006e000 103:02 9837994                   /usr/lib/x86_64-linux-gnu/libGLdispatch.so.0.0.0
7f5a40fb6000-7f5a40fde000 r--p 0006d000 103:02 9837994                   /usr/lib/x86_64-linux-gnu/libGLdispatch.so.0.0.0
7f5a40fde000-7f5a40fdf000 rw-p 00095000 103:02 9837994                   /usr/lib/x86_64-linux-gnu/libGLdispatch.so.0.0.0
7f5a40fdf000-7f5a44000000 rw-p 00000000 00:00 0 
7f5a44000000-7f5a44021000 rw-p 00000000 00:00 0 
7f5a44021000-7f5a48000000 ---p 00000000 00:00 0 
7f5a48000000-7f5a48021000 rw-p 00000000 00:00 0 
7f5a48021000-7f5a4c000000 ---p 00000000 00:00 0 
7f5a4c000000-7f5a4cb99000 rw-p 00000000 00:00 0 
7f5a4cb99000-7f5a50000000 ---p 00000000 00:00 0 
7f5a50000000-7f5a5035d000 rw-p 00000000 00:00 0 
7f5a5035d000-7f5a54000000 ---p 00000000 00:00 0 
7f5a54000000-7f5a546ff000 rw-p 00000000 00:00 0 
7f5a546ff000-7f5a58000000 ---p 00000000 00:00 0 
7f5a58000000-7f5a58639000 rw-p 00000000 00:00 0 
7f5a58639000-7f5a5c000000 ---p 00000000 00:00 0 
7f5a5c000000-7f5a5c021000 rw-p 00000000 00:00 0 
7f5a5c021000-7f5a60000000 ---p 00000000 00:00 0 
7f5a60000000-7f5a60021000 rw-p 00000000 00:00 0 
7f5a60021000-7f5a64000000 ---p 00000000 00:00 0 
7f5a64000000-7f5a64021000 rw-p 00000000 00:00 0 
7f5a64021000-7f5a68000000 ---p 00000000 00:00 0 
7f5a68000000-7f5a68021000 rw-p 00000000 00:00 0 
7f5a68021000-7f5a6c000000 ---p 00000000 00:00 0 
7f5a6c004000-7f5a6c008000 r-xp 00000000 00:00 0 
7f5a6c008000-7f5a6c00b000 rw-s 00000000 00:06 558                        /dev/nvidiactl
7f5a6c00b000-7f5a6c00d000 rw-s 00000000 103:02 15729223                  /tmp/.glplfpEH (deleted)
7f5a6c011000-7f5a6c012000 rw-s 00000000 00:06 559                        /dev/nvidia0
7f5a6c012000-7f5a6c1b7000 rw-s 00000000 00:06 558                        /dev/nvidiactl
7f5a6c1b7000-7f5a6c1c7000 r-xp 00000000 103:02 9837992                   /usr/lib/x86_64-linux-gnu/libGLX.so.0.0.0
7f5a6c1c7000-7f5a6c3c6000 ---p 00010000 103:02 9837992                   /usr/lib/x86_64-linux-gnu/libGLX.so.0.0.0
7f5a6c3c6000-7f5a6c3c7000 r--p 0000f000 103:02 9837992                   /usr/lib/x86_64-linux-gnu/libGLX.so.0.0.0
7f5a6c3c7000-7f5a6c3c8000 rw-p 00010000 103:02 9837992                   /usr/lib/x86_64-linux-gnu/libGLX.so.0.0.0
7f5a6c3c8000-7f5a6c3e8000 rw-p 00000000 00:00 0 
7f5a6c3e8000-7f5a6c42c000 r-xp 00000000 103:02 9837986                   /usr/lib/x86_64-linux-gnu/libGL.so.1.0.0
7f5a6c42c000-7f5a6c445000 r-xp 00044000 103:02 9837986                   /usr/lib/x86_64-linux-gnu/libGL.so.1.0.0
7f5a6c445000-7f5a6c459000 r-xp 0005d000 103:02 9837986                   /usr/lib/x86_64-linux-gnu/libGL.so.1.0.0
7f5a6c459000-7f5a6c658000 ---p 00071000 103:02 9837986                   /usr/lib/x86_64-linux-gnu/libGL.so.1.0.0
7f5a6c658000-7f5a6c672000 r--p 00070000 103:02 9837986                   /usr/lib/x86_64-linux-gnu/libGL.so.1.0.0
7f5a6c672000-7f5a6c673000 rw-p 0008a000 103:02 9837986                   /usr/lib/x86_64-linux-gnu/libGL.so.1.0.0
7f5a6c673000-7f5a6c674000 rw-p 00000000 00:00 0 
7f5a6c674000-7f5a6c675000 r-xp 00000000 103:02 9840453                   /usr/lib/x86_64-linux-gnu/libX11-xcb.so.1.0.0
7f5a6c675000-7f5a6c874000 ---p 00001000 103:02 9840453                   /usr/lib/x86_64-linux-gnu/libX11-xcb.so.1.0.0
7f5a6c874000-7f5a6c875000 r--p 00000000 103:02 9840453                   /usr/lib/x86_64-linux-gnu/libX11-xcb.so.1.0.0
7f5a6c875000-7f5a6c876000 rw-p 00001000 103:02 9840453                   /usr/lib/x86_64-linux-gnu/libX11-xcb.so.1.0.0
7f5a6c876000-7f5a6c878000 r-xp 00000000 103:02 9838067                   /usr/lib/x86_64-linux-gnu/libXinerama.so.1.0.0
7f5a6c878000-7f5a6ca77000 ---p 00002000 103:02 9838067                   /usr/lib/x86_64-linux-gnu/libXinerama.so.1.0.0
7f5a6ca77000-7f5a6ca78000 r--p 00001000 103:02 9838067                   /usr/lib/x86_64-linux-gnu/libXinerama.so.1.0.0
7f5a6ca78000-7f5a6ca79000 rw-p 00002000 103:02 9838067                   /usr/lib/x86_64-linux-gnu/libXinerama.so.1.0.0
7f5a6ca79000-7f5a6ca7e000 r-xp 00000000 103:02 9838059                   /usr/lib/x86_64-linux-gnu/libXfixes.so.3.1.0
7f5a6ca7e000-7f5a6cc7d000 ---p 00005000 103:02 9838059                   /usr/lib/x86_64-linux-gnu/libXfixes.so.3.1.0
7f5a6cc7d000-7f5a6cc7e000 r--p 00004000 103:02 9838059                   /usr/lib/x86_64-linux-gnu/libXfixes.so.3.1.0
7f5a6cc7e000-7f5a6cc7f000 rw-p 00005000 103:02 9838059                   /usr/lib/x86_64-linux-gnu/libXfixes.so.3.1.0
7f5a6cc7f000-7f5a6cc88000 r-xp 00000000 103:02 9838051                   /usr/lib/x86_64-linux-gnu/libXcursor.so.1.0.2
7f5a6cc88000-7f5a6ce87000 ---p 00009000 103:02 9838051                   /usr/lib/x86_64-linux-gnu/libXcursor.so.1.0.2
7f5a6ce87000-7f5a6ce88000 r--p 00008000 103:02 9838051                   /usr/lib/x86_64-linux-gnu/libXcursor.so.1.0.2
7f5a6ce88000-7f5a6ce89000 rw-p 00009000 103:02 9838051                   /usr/lib/x86_64-linux-gnu/libXcursor.so.1.0.2
7f5a6ce89000-7f5a6ce92000 r-xp 00000000 103:02 9838077                   /usr/lib/x86_64-linux-gnu/libXrender.so.1.3.0
7f5a6ce92000-7f5a6d091000 ---p 00009000 103:02 9838077                   /usr/lib/x86_64-linux-gnu/libXrender.so.1.3.0
7f5a6d091000-7f5a6d092000 r--p 00008000 103:02 9838077                   /usr/lib/x86_64-linux-gnu/libXrender.so.1.3.0
7f5a6d092000-7f5a6d093000 rw-p 00009000 103:02 9838077                   /usr/lib/x86_64-linux-gnu/libXrender.so.1.3.0
7f5a6d093000-7f5a6d09d000 r-xp 00000000 103:02 9838075                   /usr/lib/x86_64-linux-gnu/libXrandr.so.2.2.0
7f5a6d09d000-7f5a6d29c000 ---p 0000a000 103:02 9838075                   /usr/lib/x86_64-linux-gnu/libXrandr.so.2.2.0
7f5a6d29c000-7f5a6d29d000 r--p 00009000 103:02 9838075                   /usr/lib/x86_64-linux-gnu/libXrandr.so.2.2.0
7f5a6d29d000-7f5a6d29e000 rw-p 0000a000 103:02 9838075                   /usr/lib/x86_64-linux-gnu/libXrandr.so.2.2.0
7f5a6d29e000-7f5a6d2ad000 r-xp 00000000 103:02 9838065                   /usr/lib/x86_64-linux-gnu/libXi.so.6.1.0
7f5a6d2ad000-7f5a6d4ac000 ---p 0000f000 103:02 9838065                   /usr/lib/x86_64-linux-gnu/libXi.so.6.1.0
7f5a6d4ac000-7f5a6d4ad000 r--p 0000e000 103:02 9838065                   /usr/lib/x86_64-linux-gnu/libXi.so.6.1.0
7f5a6d4ad000-7f5a6d4ae000 rw-p 0000f000 103:02 9838065                   /usr/lib/x86_64-linux-gnu/libXi.so.6.1.0
7f5a6d4ae000-7f5a6d4bf000 r-xp 00000000 103:02 9838057                   /usr/lib/x86_64-linux-gnu/libXext.so.6.4.0
7f5a6d4bf000-7f5a6d6be000 ---p 00011000 103:02 9838057                   /usr/lib/x86_64-linux-gnu/libXext.so.6.4.0
7f5a6d6be000-7f5a6d6bf000 r--p 00010000 103:02 9838057                   /usr/lib/x86_64-linux-gnu/libXext.so.6.4.0
7f5a6d6bf000-7f5a6d6c0000 rw-p 00011000 103:02 9838057                   /usr/lib/x86_64-linux-gnu/libXext.so.6.4.0
7f5a6d6c0000-7f5a6d6c5000 r-xp 00000000 103:02 9838093                   /usr/lib/x86_64-linux-gnu/libXxf86vm.so.1.0.0
7f5a6d6c5000-7f5a6d8c4000 ---p 00005000 103:02 9838093                   /usr/lib/x86_64-linux-gnu/libXxf86vm.so.1.0.0
7f5a6d8c4000-7f5a6d8c5000 r--p 00004000 103:02 9838093                   /usr/lib/x86_64-linux-gnu/libXxf86vm.so.1.0.0
7f5a6d8c5000-7f5a6d8c6000 rw-p 00005000 103:02 9838093                   /usr/lib/x86_64-linux-gnu/libXxf86vm.so.1.0.0
7f5a6d8c6000-7f5a6d8d9000 r-xp 00000000 103:02 22937869                  /lib/x86_64-linux-gnu/libbsd.so.0.8.7
7f5a6d8d9000-7f5a6dad8000 ---p 00013000 103:02 22937869                  /lib/x86_64-linux-gnu/libbsd.so.0.8.7
7f5a6dad8000-7f5a6dad9000 r--p 00012000 103:02 22937869                  /lib/x86_64-linux-gnu/libbsd.so.0.8.7
7f5a6dad9000-7f5a6dada000 rw-p 00013000 103:02 22937869                  /lib/x86_64-linux-gnu/libbsd.so.0.8.7
7f5a6dada000-7f5a6dadb000 rw-p 00000000 00:00 0 
7f5a6dadb000-7f5a6dae0000 r-xp 00000000 103:02 9838055                   /usr/lib/x86_64-linux-gnu/libXdmcp.so.6.0.0
7f5a6dae0000-7f5a6dcdf000 ---p 00005000 103:02 9838055                   /usr/lib/x86_64-linux-gnu/libXdmcp.so.6.0.0
7f5a6dcdf000-7f5a6dce0000 r--p 00004000 103:02 9838055                   /usr/lib/x86_64-linux-gnu/libXdmcp.so.6.0.0
7f5a6dce0000-7f5a6dce1000 rw-p 00005000 103:02 9838055                   /usr/lib/x86_64-linux-gnu/libXdmcp.so.6.0.0
7f5a6dce1000-7f5a6dce3000 r-xp 00000000 103:02 9838044                   /usr/lib/x86_64-linux-gnu/libXau.so.6.0.0
7f5a6dce3000-7f5a6dee3000 ---p 00002000 103:02 9838044                   /usr/lib/x86_64-linux-gnu/libXau.so.6.0.0
7f5a6dee3000-7f5a6dee4000 r--p 00002000 103:02 9838044                   /usr/lib/x86_64-linux-gnu/libXau.so.6.0.0
7f5a6dee4000-7f5a6dee5000 rw-p 00003000 103:02 9838044                   /usr/lib/x86_64-linux-gnu/libXau.so.6.0.0
7f5a6dee5000-7f5a6df0b000 r-xp 00000000 103:02 9840409                   /usr/lib/x86_64-linux-gnu/libxcb.so.1.1.0
7f5a6df0b000-7f5a6e10b000 ---p 00026000 103:02 9840409                   /usr/lib/x86_64-linux-gnu/libxcb.so.1.1.0
7f5a6e10b000-7f5a6e10c000 r--p 00026000 103:02 9840409                   /usr/lib/x86_64-linux-gnu/libxcb.so.1.1.0
7f5a6e10c000-7f5a6e10d000 rw-p 00027000 103:02 9840409                   /usr/lib/x86_64-linux-gnu/libxcb.so.1.1.0
7f5a6e10d000-7f5a6e240000 r-xp 00000000 103:02 9839217                   /usr/lib/x86_64-linux-gnu/libX11.so.6.3.0
7f5a6e240000-7f5a6e440000 ---p 00133000 103:02 9839217                   /usr/lib/x86_64-linux-gnu/libX11.so.6.3.0
7f5a6e440000-7f5a6e441000 r--p 00133000 103:02 9839217                   /usr/lib/x86_64-linux-gnu/libX11.so.6.3.0
7f5a6e441000-7f5a6e445000 rw-p 00134000 103:02 9839217                   /usr/lib/x86_64-linux-gnu/libX11.so.6.3.0
7f5a6e445000-7f5a6e488000 r-xp 00000000 103:02 15729242                  /tmp/lwjglsam/3.2.3-build-13/libglfw.so
7f5a6e488000-7f5a6e687000 ---p 00043000 103:02 15729242                  /tmp/lwjglsam/3.2.3-build-13/libglfw.so
7f5a6e687000-7f5a6e688000 r--p 00042000 103:02 15729242                  /tmp/lwjglsam/3.2.3-build-13/libglfw.so
7f5a6e688000-7f5a6e68a000 rw-p 00043000 103:02 15729242                  /tmp/lwjglsam/3.2.3-build-13/libglfw.so
7f5a6e68a000-7f5a6e6ab000 rw-p 00000000 00:00 0 
7f5a6e6ab000-7f5a6e6fc000 r-xp 00000000 103:02 15729241                  /tmp/lwjglsam/3.2.3-build-13/liblwjgl.so
7f5a6e6fc000-7f5a6e8fb000 ---p 00051000 103:02 15729241                  /tmp/lwjglsam/3.2.3-build-13/liblwjgl.so
7f5a6e8fb000-7f5a6e8fc000 r--p 00050000 103:02 15729241                  /tmp/lwjglsam/3.2.3-build-13/liblwjgl.so
7f5a6e8fc000-7f5a6e8fd000 rw-p 00051000 103:02 15729241                  /tmp/lwjglsam/3.2.3-build-13/liblwjgl.so
7f5a6e8fd000-7f5a6e914000 r-xp 00000000 103:02 9836014                   /usr/lib/jvm/java-8-openjdk-amd64/jre/lib/amd64/libnet.so
7f5a6e914000-7f5a6eb13000 ---p 00017000 103:02 9836014                   /usr/lib/jvm/java-8-openjdk-amd64/jre/lib/amd64/libnet.so
7f5a6eb13000-7f5a6eb14000 r--p 00016000 103:02 9836014                   /usr/lib/jvm/java-8-openjdk-amd64/jre/lib/amd64/libnet.so
7f5a6eb14000-7f5a6eb15000 rw-p 00017000 103:02 9836014                   /usr/lib/jvm/java-8-openjdk-amd64/jre/lib/amd64/libnet.so
7f5a6eb15000-7f5a6eb26000 r-xp 00000000 103:02 9836015                   /usr/lib/jvm/java-8-openjdk-amd64/jre/lib/amd64/libnio.so
7f5a6eb26000-7f5a6ed26000 ---p 00011000 103:02 9836015                   /usr/lib/jvm/java-8-openjdk-amd64/jre/lib/amd64/libnio.so
7f5a6ed26000-7f5a6ed27000 r--p 00011000 103:02 9836015                   /usr/lib/jvm/java-8-openjdk-amd64/jre/lib/amd64/libnio.so
7f5a6ed27000-7f5a6ed28000 rw-p 00012000 103:02 9836015                   /usr/lib/jvm/java-8-openjdk-amd64/jre/lib/amd64/libnio.so
7f5a6ed28000-7f5a6ed29000 ---p 00000000 00:00 0 
7f5a6ed29000-7f5a6ee29000 rw-p 00000000 00:00 0 
7f5a6ee29000-7f5a6ee2c000 ---p 00000000 00:00 0 
7f5a6ee2c000-7f5a6ef2a000 rw-p 00000000 00:00 0 
7f5a6ef2a000-7f5a6ef2b000 ---p 00000000 00:00 0 
7f5a6ef2b000-7f5a6ef2e000 ---p 00000000 00:00 0 
7f5a6ef2e000-7f5a6f02b000 rw-p 00000000 00:00 0 
7f5a6f02b000-7f5a6f02c000 ---p 00000000 00:00 0 
7f5a6f02c000-7f5a6f02f000 ---p 00000000 00:00 0 
7f5a6f02f000-7f5a6f12c000 rw-p 00000000 00:00 0 
7f5a6f12c000-7f5a6f12d000 ---p 00000000 00:00 0 
7f5a6f12d000-7f5a6f130000 ---p 00000000 00:00 0 
7f5a6f130000-7f5a6f22d000 rw-p 00000000 00:00 0 
7f5a6f22d000-7f5a6f22e000 ---p 00000000 00:00 0 
7f5a6f22e000-7f5a6f231000 ---p 00000000 00:00 0 
7f5a6f231000-7f5a6f32e000 rw-p 00000000 00:00 0 
7f5a6f32e000-7f5a6f331000 ---p 00000000 00:00 0 
7f5a6f331000-7f5a6f42f000 rw-p 00000000 00:00 0 
7f5a6f42f000-7f5a6fdfe000 r--p 00000000 103:02 9837060                   /usr/lib/locale/locale-archive
7f5a6fdfe000-7f5a6fe01000 ---p 00000000 00:00 0 
7f5a6fe01000-7f5a6feff000 rw-p 00000000 00:00 0 
7f5a6feff000-7f5a6ff02000 ---p 00000000 00:00 0 
7f5a6ff02000-7f5a70000000 rw-p 00000000 00:00 0 
7f5a70000000-7f5a70021000 rw-p 00000000 00:00 0 
7f5a70021000-7f5a74000000 ---p 00000000 00:00 0 
7f5a74000000-7f5a74002000 rw-s 00000000 00:06 558                        /dev/nvidiactl
7f5a74002000-7f5a74006000 rw-s 00000000 00:06 558                        /dev/nvidiactl
7f5a74006000-7f5a74007000 rw-s 00000000 00:06 559                        /dev/nvidia0
7f5a74007000-7f5a74008000 rw-s 00000000 00:06 559                        /dev/nvidia0
7f5a74008000-7f5a74009000 rw-s 00000000 00:06 559                        /dev/nvidia0
7f5a74024000-7f5a74029000 r--s 000a3000 103:02 9836054                   /usr/lib/jvm/java-8-openjdk-amd64/jre/lib/jsse.jar
7f5a74029000-7f5a7402a000 rw-s 00000000 00:06 558                        /dev/nvidiactl
7f5a7402a000-7f5a7402b000 rw-s 00000000 00:06 558                        /dev/nvidiactl
7f5a7402b000-7f5a7402c000 rw-s 00000000 00:06 558                        /dev/nvidiactl
7f5a7402c000-7f5a74033000 r--s 00000000 103:02 10095718                  /usr/lib/x86_64-linux-gnu/gconv/gconv-modules.cache
7f5a74033000-7f5a74046000 r--s 00346000 103:02 9836058                   /usr/lib/jvm/java-8-openjdk-amd64/jre/lib/resources.jar
7f5a74046000-7f5a74047000 r--s 00002000 08:01 16253464                   /home/sam/Downloads/pngdecoder-1.0.jar
7f5a74047000-7f5a74048000 r--s 00022000 08:01 17960234                   /home/sam/Downloads/lwjgl-3.2.3/lwjgl-glfw/lwjgl-glfw-natives-linux-arm64.jar
7f5a74048000-7f5a74049000 r--s 00026000 08:01 17960235                   /home/sam/Downloads/lwjgl-3.2.3/lwjgl-glfw/lwjgl-glfw-natives-linux.jar
7f5a74049000-7f5a7404c000 r--s 00018000 08:01 17960240                   /home/sam/Downloads/lwjgl-3.2.3/lwjgl-glfw/lwjgl-glfw.jar
7f5a7404c000-7f5a7404e000 r--s 0000d000 08:01 19795215                   /home/sam/Downloads/lwjgl-3.2.3/lwjgl-opengl/lwjgl-opengl-natives-linux-arm64.jar
7f5a7404e000-7f5a7404f000 r--s 00013000 08:01 19795216                   /home/sam/Downloads/lwjgl-3.2.3/lwjgl-opengl/lwjgl-opengl-natives-linux.jar
7f5a7404f000-7f5a7405a000 r--s 000da000 08:01 19795221                   /home/sam/Downloads/lwjgl-3.2.3/lwjgl-opengl/lwjgl-opengl.jar
7f5a7405a000-7f5a7405b000 ---p 00000000 00:00 0 
7f5a7405b000-7f5a84000000 rw-p 00000000 00:00 0 
7f5a84000000-7f5a84021000 rw-p 00000000 00:00 0 
7f5a84021000-7f5a88000000 ---p 00000000 00:00 0 
7f5a88000000-7f5a88021000 rw-p 00000000 00:00 0 
7f5a88021000-7f5a8c000000 ---p 00000000 00:00 0 
7f5a8c000000-7f5a8c021000 rw-p 00000000 00:00 0 
7f5a8c021000-7f5a90000000 ---p 00000000 00:00 0 
7f5a90000000-7f5a90021000 rw-p 00000000 00:00 0 
7f5a90021000-7f5a94000000 ---p 00000000 00:00 0 
7f5a94000000-7f5a94021000 rw-p 00000000 00:00 0 
7f5a94021000-7f5a98000000 ---p 00000000 00:00 0 
7f5a98000000-7f5a98021000 rw-p 00000000 00:00 0 
7f5a98021000-7f5a9c000000 ---p 00000000 00:00 0 
7f5a9c000000-7f5a9c021000 rw-p 00000000 00:00 0 
7f5a9c021000-7f5aa0000000 ---p 00000000 00:00 0 
7f5aa0000000-7f5aa0021000 rw-p 00000000 00:00 0 
7f5aa0021000-7f5aa4000000 ---p 00000000 00:00 0 
7f5aa4000000-7f5aa4021000 rw-p 00000000 00:00 0 
7f5aa4021000-7f5aa8000000 ---p 00000000 00:00 0 
7f5aa8000000-7f5aa8001000 r--s 0000c000 08:01 16517972                   /home/sam/Downloads/lwjgl-3.2.3/lwjgl/lwjgl-natives-linux-arm64.jar
7f5aa8001000-7f5aa8002000 r--s 00012000 08:01 16517973                   /home/sam/Downloads/lwjgl-3.2.3/lwjgl/lwjgl-natives-linux.jar
7f5aa8002000-7f5aa801d000 r--s 001d6000 103:02 9836038                   /usr/lib/jvm/java-8-openjdk-amd64/jre/lib/ext/nashorn.jar
7f5aa801d000-7f5aa9df2000 rw-p 00000000 00:00 0 
7f5aa9df2000-7f5aa9fc2000 r--s 03c68000 103:02 9836059                   /usr/lib/jvm/java-8-openjdk-amd64/jre/lib/rt.jar
7f5aa9fc2000-7f5aab75c000 rw-p 00000000 00:00 0 
7f5aab75c000-7f5aab75d000 ---p 00000000 00:00 0 
7f5aab75d000-7f5aab85d000 rw-p 00000000 00:00 0 
7f5aab85d000-7f5aab85e000 ---p 00000000 00:00 0 
7f5aab85e000-7f5aab95e000 rw-p 00000000 00:00 0 
7f5aab95e000-7f5aab95f000 ---p 00000000 00:00 0 
7f5aab95f000-7f5aaba5f000 rw-p 00000000 00:00 0 
7f5aaba5f000-7f5aaba60000 ---p 00000000 00:00 0 
7f5aaba60000-7f5aabb60000 rw-p 00000000 00:00 0 
7f5aabb60000-7f5aabb61000 ---p 00000000 00:00 0 
7f5aabb61000-7f5aabc61000 rw-p 00000000 00:00 0 
7f5aabc61000-7f5aabc62000 ---p 00000000 00:00 0 
7f5aabc62000-7f5aabd62000 rw-p 00000000 00:00 0 
7f5aabd62000-7f5aabd63000 ---p 00000000 00:00 0 
7f5aabd63000-7f5aabe63000 rw-p 00000000 00:00 0 
7f5aabe63000-7f5aabe64000 ---p 00000000 00:00 0 
7f5aabe64000-7f5aabf64000 rw-p 00000000 00:00 0 
7f5aabf64000-7f5aabf65000 ---p 00000000 00:00 0 
7f5aabf65000-7f5aac10c000 rw-p 00000000 00:00 0 
7f5aac10c000-7f5aacacb000 ---p 00000000 00:00 0 
7f5aacacb000-7f5aacb1f000 rw-p 00000000 00:00 0 
7f5aacb1f000-7f5aacfff000 ---p 00000000 00:00 0 
7f5aacfff000-7f5aad000000 rw-p 00000000 00:00 0 
7f5aad000000-7f5aad460000 rwxp 00000000 00:00 0 
7f5aad460000-7f5abc000000 ---p 00000000 00:00 0 
7f5abc000000-7f5abfef2000 rw-p 00000000 00:00 0 
7f5abfef2000-7f5ac0000000 ---p 00000000 00:00 0 
7f5ac0000000-7f5ac0007000 r--s 00081000 08:01 16518147                   /home/sam/Downloads/lwjgl-3.2.3/lwjgl/lwjgl.jar
7f5ac0007000-7f5ac000c000 r--s 0003d000 103:02 9836040                   /usr/lib/jvm/java-8-openjdk-amd64/jre/lib/ext/sunjce_provider.jar
7f5ac000c000-7f5ac0010000 r--s 0003a000 103:02 9836041                   /usr/lib/jvm/java-8-openjdk-amd64/jre/lib/ext/sunpkcs11.jar
7f5ac0010000-7f5ac0013000 r--s 0000f000 103:02 9836035                   /usr/lib/jvm/java-8-openjdk-amd64/jre/lib/ext/icedtea-sound.jar
7f5ac0013000-7f5ac00e4000 rw-p 00000000 00:00 0 
7f5ac00e4000-7f5ac00e5000 ---p 00000000 00:00 0 
7f5ac00e5000-7f5ac028c000 rw-p 00000000 00:00 0 
7f5ac028c000-7f5ac0c4c000 ---p 00000000 00:00 0 
7f5ac0c4c000-7f5ac0c5e000 rw-p 00000000 00:00 0 
7f5ac0c5e000-7f5ac100c000 ---p 00000000 00:00 0 
7f5ac100c000-7f5ac1014000 r-xp 00000000 103:02 9836022                   /usr/lib/jvm/java-8-openjdk-amd64/jre/lib/amd64/libzip.so
7f5ac1014000-7f5ac1213000 ---p 00008000 103:02 9836022                   /usr/lib/jvm/java-8-openjdk-amd64/jre/lib/amd64/libzip.so
7f5ac1213000-7f5ac1214000 r--p 00007000 103:02 9836022                   /usr/lib/jvm/java-8-openjdk-amd64/jre/lib/amd64/libzip.so
7f5ac1214000-7f5ac1215000 rw-p 00008000 103:02 9836022                   /usr/lib/jvm/java-8-openjdk-amd64/jre/lib/amd64/libzip.so
7f5ac1215000-7f5ac1220000 r-xp 00000000 103:02 22942476                  /lib/x86_64-linux-gnu/libnss_files-2.27.so
7f5ac1220000-7f5ac141f000 ---p 0000b000 103:02 22942476                  /lib/x86_64-linux-gnu/libnss_files-2.27.so
7f5ac141f000-7f5ac1420000 r--p 0000a000 103:02 22942476                  /lib/x86_64-linux-gnu/libnss_files-2.27.so
7f5ac1420000-7f5ac1421000 rw-p 0000b000 103:02 22942476                  /lib/x86_64-linux-gnu/libnss_files-2.27.so
7f5ac1421000-7f5ac1427000 rw-p 00000000 00:00 0 
7f5ac1427000-7f5ac143e000 r-xp 00000000 103:02 22942470                  /lib/x86_64-linux-gnu/libnsl-2.27.so
7f5ac143e000-7f5ac163d000 ---p 00017000 103:02 22942470                  /lib/x86_64-linux-gnu/libnsl-2.27.so
7f5ac163d000-7f5ac163e000 r--p 00016000 103:02 22942470                  /lib/x86_64-linux-gnu/libnsl-2.27.so
7f5ac163e000-7f5ac163f000 rw-p 00017000 103:02 22942470                  /lib/x86_64-linux-gnu/libnsl-2.27.so
7f5ac163f000-7f5ac1641000 rw-p 00000000 00:00 0 
7f5ac1641000-7f5ac164c000 r-xp 00000000 103:02 22942487                  /lib/x86_64-linux-gnu/libnss_nis-2.27.so
7f5ac164c000-7f5ac184b000 ---p 0000b000 103:02 22942487                  /lib/x86_64-linux-gnu/libnss_nis-2.27.so
7f5ac184b000-7f5ac184c000 r--p 0000a000 103:02 22942487                  /lib/x86_64-linux-gnu/libnss_nis-2.27.so
7f5ac184c000-7f5ac184d000 rw-p 0000b000 103:02 22942487                  /lib/x86_64-linux-gnu/libnss_nis-2.27.so
7f5ac184d000-7f5ac1855000 r-xp 00000000 103:02 22942472                  /lib/x86_64-linux-gnu/libnss_compat-2.27.so
7f5ac1855000-7f5ac1a55000 ---p 00008000 103:02 22942472                  /lib/x86_64-linux-gnu/libnss_compat-2.27.so
7f5ac1a55000-7f5ac1a56000 r--p 00008000 103:02 22942472                  /lib/x86_64-linux-gnu/libnss_compat-2.27.so
7f5ac1a56000-7f5ac1a57000 rw-p 00009000 103:02 22942472                  /lib/x86_64-linux-gnu/libnss_compat-2.27.so
7f5ac1a57000-7f5ac1a81000 r-xp 00000000 103:02 9836003                   /usr/lib/jvm/java-8-openjdk-amd64/jre/lib/amd64/libjava.so
7f5ac1a81000-7f5ac1c80000 ---p 0002a000 103:02 9836003                   /usr/lib/jvm/java-8-openjdk-amd64/jre/lib/amd64/libjava.so
7f5ac1c80000-7f5ac1c81000 r--p 00029000 103:02 9836003                   /usr/lib/jvm/java-8-openjdk-amd64/jre/lib/amd64/libjava.so
7f5ac1c81000-7f5ac1c83000 rw-p 0002a000 103:02 9836003                   /usr/lib/jvm/java-8-openjdk-amd64/jre/lib/amd64/libjava.so
7f5ac1c83000-7f5ac1c93000 r-xp 00000000 103:02 9836021                   /usr/lib/jvm/java-8-openjdk-amd64/jre/lib/amd64/libverify.so
7f5ac1c93000-7f5ac1e92000 ---p 00010000 103:02 9836021                   /usr/lib/jvm/java-8-openjdk-amd64/jre/lib/amd64/libverify.so
7f5ac1e92000-7f5ac1e94000 r--p 0000f000 103:02 9836021                   /usr/lib/jvm/java-8-openjdk-amd64/jre/lib/amd64/libverify.so
7f5ac1e94000-7f5ac1e95000 rw-p 00011000 103:02 9836021                   /usr/lib/jvm/java-8-openjdk-amd64/jre/lib/amd64/libverify.so
7f5ac1e95000-7f5ac1e9c000 r-xp 00000000 103:02 22942527                  /lib/x86_64-linux-gnu/librt-2.27.so
7f5ac1e9c000-7f5ac209b000 ---p 00007000 103:02 22942527                  /lib/x86_64-linux-gnu/librt-2.27.so
7f5ac209b000-7f5ac209c000 r--p 00006000 103:02 22942527                  /lib/x86_64-linux-gnu/librt-2.27.so
7f5ac209c000-7f5ac209d000 rw-p 00007000 103:02 22942527                  /lib/x86_64-linux-gnu/librt-2.27.so
7f5ac209d000-7f5ac20b4000 r-xp 00000000 103:02 22937606                  /lib/x86_64-linux-gnu/libgcc_s.so.1
7f5ac20b4000-7f5ac22b3000 ---p 00017000 103:02 22937606                  /lib/x86_64-linux-gnu/libgcc_s.so.1
7f5ac22b3000-7f5ac22b4000 r--p 00016000 103:02 22937606                  /lib/x86_64-linux-gnu/libgcc_s.so.1
7f5ac22b4000-7f5ac22b5000 rw-p 00017000 103:02 22937606                  /lib/x86_64-linux-gnu/libgcc_s.so.1
7f5ac22b5000-7f5ac2452000 r-xp 00000000 103:02 22942449                  /lib/x86_64-linux-gnu/libm-2.27.so
7f5ac2452000-7f5ac2651000 ---p 0019d000 103:02 22942449                  /lib/x86_64-linux-gnu/libm-2.27.so
7f5ac2651000-7f5ac2652000 r--p 0019c000 103:02 22942449                  /lib/x86_64-linux-gnu/libm-2.27.so
7f5ac2652000-7f5ac2653000 rw-p 0019d000 103:02 22942449                  /lib/x86_64-linux-gnu/libm-2.27.so
7f5ac2653000-7f5ac27cc000 r-xp 00000000 103:02 9830530                   /usr/lib/x86_64-linux-gnu/libstdc++.so.6.0.25
7f5ac27cc000-7f5ac29cc000 ---p 00179000 103:02 9830530                   /usr/lib/x86_64-linux-gnu/libstdc++.so.6.0.25
7f5ac29cc000-7f5ac29d6000 r--p 00179000 103:02 9830530                   /usr/lib/x86_64-linux-gnu/libstdc++.so.6.0.25
7f5ac29d6000-7f5ac29d8000 rw-p 00183000 103:02 9830530                   /usr/lib/x86_64-linux-gnu/libstdc++.so.6.0.25
7f5ac29d8000-7f5ac29dc000 rw-p 00000000 00:00 0 
7f5ac29dc000-7f5ac367f000 r-xp 00000000 103:02 9836024                   /usr/lib/jvm/java-8-openjdk-amd64/jre/lib/amd64/server/libjvm.so
7f5ac367f000-7f5ac387f000 ---p 00ca3000 103:02 9836024                   /usr/lib/jvm/java-8-openjdk-amd64/jre/lib/amd64/server/libjvm.so
7f5ac387f000-7f5ac3913000 r--p 00ca3000 103:02 9836024                   /usr/lib/jvm/java-8-openjdk-amd64/jre/lib/amd64/server/libjvm.so
7f5ac3913000-7f5ac393c000 rw-p 00d37000 103:02 9836024                   /usr/lib/jvm/java-8-openjdk-amd64/jre/lib/amd64/server/libjvm.so
7f5ac393c000-7f5ac396c000 rw-p 00000000 00:00 0 
7f5ac396c000-7f5ac3986000 r-xp 00000000 103:02 22942519                  /lib/x86_64-linux-gnu/libpthread-2.27.so
7f5ac3986000-7f5ac3b85000 ---p 0001a000 103:02 22942519                  /lib/x86_64-linux-gnu/libpthread-2.27.so
7f5ac3b85000-7f5ac3b86000 r--p 00019000 103:02 22942519                  /lib/x86_64-linux-gnu/libpthread-2.27.so
7f5ac3b86000-7f5ac3b87000 rw-p 0001a000 103:02 22942519                  /lib/x86_64-linux-gnu/libpthread-2.27.so
7f5ac3b87000-7f5ac3b8b000 rw-p 00000000 00:00 0 
7f5ac3b8b000-7f5ac3b8e000 r-xp 00000000 103:02 22942409                  /lib/x86_64-linux-gnu/libdl-2.27.so
7f5ac3b8e000-7f5ac3d8d000 ---p 00003000 103:02 22942409                  /lib/x86_64-linux-gnu/libdl-2.27.so
7f5ac3d8d000-7f5ac3d8e000 r--p 00002000 103:02 22942409                  /lib/x86_64-linux-gnu/libdl-2.27.so
7f5ac3d8e000-7f5ac3d8f000 rw-p 00003000 103:02 22942409                  /lib/x86_64-linux-gnu/libdl-2.27.so
7f5ac3d8f000-7f5ac3dab000 r-xp 00000000 103:02 22942558                  /lib/x86_64-linux-gnu/libz.so.1.2.11
7f5ac3dab000-7f5ac3faa000 ---p 0001c000 103:02 22942558                  /lib/x86_64-linux-gnu/libz.so.1.2.11
7f5ac3faa000-7f5ac3fab000 r--p 0001b000 103:02 22942558                  /lib/x86_64-linux-gnu/libz.so.1.2.11
7f5ac3fab000-7f5ac3fac000 rw-p 0001c000 103:02 22942558                  /lib/x86_64-linux-gnu/libz.so.1.2.11
7f5ac3fac000-7f5ac4193000 r-xp 00000000 103:02 22942386                  /lib/x86_64-linux-gnu/libc-2.27.so
7f5ac4193000-7f5ac4393000 ---p 001e7000 103:02 22942386                  /lib/x86_64-linux-gnu/libc-2.27.so
7f5ac4393000-7f5ac4397000 r--p 001e7000 103:02 22942386                  /lib/x86_64-linux-gnu/libc-2.27.so
7f5ac4397000-7f5ac4399000 rw-p 001eb000 103:02 22942386                  /lib/x86_64-linux-gnu/libc-2.27.so
7f5ac4399000-7f5ac439d000 rw-p 00000000 00:00 0 
7f5ac439d000-7f5ac43ab000 r-xp 00000000 103:02 9835989                   /usr/lib/jvm/java-8-openjdk-amd64/jre/lib/amd64/jli/libjli.so
7f5ac43ab000-7f5ac45aa000 ---p 0000e000 103:02 9835989                   /usr/lib/jvm/java-8-openjdk-amd64/jre/lib/amd64/jli/libjli.so
7f5ac45aa000-7f5ac45ab000 r--p 0000d000 103:02 9835989                   /usr/lib/jvm/java-8-openjdk-amd64/jre/lib/amd64/jli/libjli.so
7f5ac45ab000-7f5ac45ac000 rw-p 0000e000 103:02 9835989                   /usr/lib/jvm/java-8-openjdk-amd64/jre/lib/amd64/jli/libjli.so
7f5ac45ac000-7f5ac45d3000 r-xp 00000000 103:02 22942358                  /lib/x86_64-linux-gnu/ld-2.27.so
7f5ac45d3000-7f5ac45d4000 r--s 0000a000 103:02 9836036                   /usr/lib/jvm/java-8-openjdk-amd64/jre/lib/ext/jaccess.jar
7f5ac45d4000-7f5ac45ef000 r--s 00394000 103:02 9836033                   /usr/lib/jvm/java-8-openjdk-amd64/jre/lib/ext/cldrdata.jar
7f5ac45ef000-7f5ac46b4000 rw-p 00000000 00:00 0 
7f5ac46b4000-7f5ac46b5000 ---p 00000000 00:00 0 
7f5ac46b5000-7f5ac46b8000 ---p 00000000 00:00 0 
7f5ac46b8000-7f5ac47b7000 rw-p 00000000 00:00 0 
7f5ac47b7000-7f5ac47b9000 r--s 00001000 103:02 9836034                   /usr/lib/jvm/java-8-openjdk-amd64/jre/lib/ext/dnsns.jar
7f5ac47b9000-7f5ac47c3000 r--s 00116000 103:02 9836037                   /usr/lib/jvm/java-8-openjdk-amd64/jre/lib/ext/localedata.jar
7f5ac47c3000-7f5ac47c5000 r--s 00007000 103:02 10224650                  /usr/share/java/java-atk-wrapper.jar
7f5ac47c5000-7f5ac47c6000 r--s 0000d000 103:02 9836039                   /usr/lib/jvm/java-8-openjdk-amd64/jre/lib/ext/sunec.jar
7f5ac47c6000-7f5ac47c7000 r--s 00010000 103:02 9836042                   /usr/lib/jvm/java-8-openjdk-amd64/jre/lib/ext/zipfs.jar
7f5ac47c7000-7f5ac47cf000 rw-s 00000000 103:02 15729222                  /tmp/hsperfdata_sam/29299
7f5ac47cf000-7f5ac47d0000 rw-p 00000000 00:00 0 
7f5ac47d0000-7f5ac47d1000 r--p 00000000 00:00 0 
7f5ac47d1000-7f5ac47d3000 rw-p 00000000 00:00 0 
7f5ac47d3000-7f5ac47d4000 r--p 00027000 103:02 22942358                  /lib/x86_64-linux-gnu/ld-2.27.so
7f5ac47d4000-7f5ac47d5000 rw-p 00028000 103:02 22942358                  /lib/x86_64-linux-gnu/ld-2.27.so
7f5ac47d5000-7f5ac47d6000 rw-p 00000000 00:00 0 
7ffe7f9ed000-7ffe7fa0e000 rw-p 00000000 00:00 0                          [stack]
7ffe7fac4000-7ffe7fac7000 r--p 00000000 00:00 0                          [vvar]
7ffe7fac7000-7ffe7fac8000 r-xp 00000000 00:00 0                          [vdso]
ffffffffff600000-ffffffffff601000 --xp 00000000 00:00 0                  [vsyscall]

VM Arguments:
jvm_args: -Dfile.encoding=UTF-8 
java_command: main.Main
java_class_path (initial): /home/sam/Downloads/lwjgl-3.2.3/lwjgl/lwjgl.jar:/home/sam/Downloads/lwjgl-3.2.3/lwjgl/lwjgl-natives-linux.jar:/home/sam/Downloads/lwjgl-3.2.3/lwjgl/lwjgl-natives-linux-arm64.jar:/home/sam/Downloads/lwjgl-3.2.3/lwjgl-opengl/lwjgl-opengl.jar:/home/sam/Downloads/lwjgl-3.2.3/lwjgl-opengl/lwjgl-opengl-natives-linux.jar:/home/sam/Downloads/lwjgl-3.2.3/lwjgl-opengl/lwjgl-opengl-natives-linux-arm64.jar:/home/sam/Downloads/lwjgl-3.2.3/lwjgl-glfw/lwjgl-glfw.jar:/home/sam/Downloads/lwjgl-3.2.3/lwjgl-glfw/lwjgl-glfw-natives-linux.jar:/home/sam/Downloads/lwjgl-3.2.3/lwjgl-glfw/lwjgl-glfw-natives-linux-arm64.jar:/home/sam/Downloads/pngdecoder-1.0.jar:/home/sam/eclipse/workspace/LWJGL-ENGINE/bin
Launcher Type: SUN_STANDARD

Environment Variables:
PATH=/usr/local/sbin:/usr/local/bin:/usr/sbin:/usr/bin:/sbin:/bin:/usr/games:/usr/local/games:/snap/bin
USERNAME=sam
SHELL=/bin/bash
DISPLAY=:0

Signal Handlers:
SIGSEGV: [libjvm.so+0xabc3b0], sa_mask[0]=11111111011111111101111111111110, sa_flags=SA_RESTART|SA_SIGINFO
SIGBUS: [libjvm.so+0xabc3b0], sa_mask[0]=11111111011111111101111111111110, sa_flags=SA_RESTART|SA_SIGINFO
SIGFPE: [libjvm.so+0x8f0bb0], sa_mask[0]=11111111011111111101111111111110, sa_flags=SA_RESTART|SA_SIGINFO
SIGPIPE: [libjvm.so+0x8f0bb0], sa_mask[0]=11111111011111111101111111111110, sa_flags=SA_RESTART|SA_SIGINFO
SIGXFSZ: [libjvm.so+0x8f0bb0], sa_mask[0]=11111111011111111101111111111110, sa_flags=SA_RESTART|SA_SIGINFO
SIGILL: [libjvm.so+0x8f0bb0], sa_mask[0]=11111111011111111101111111111110, sa_flags=SA_RESTART|SA_SIGINFO
SIGUSR1: SIG_DFL, sa_mask[0]=00000000000000000000000000000000, sa_flags=none
SIGUSR2: [libjvm.so+0x8f0a60], sa_mask[0]=00100000000000000000000000000000, sa_flags=SA_RESTART|SA_SIGINFO
SIGHUP: [libjvm.so+0x8f10d0], sa_mask[0]=11111111011111111101111111111110, sa_flags=SA_RESTART|SA_SIGINFO
SIGINT: [libjvm.so+0x8f10d0], sa_mask[0]=11111111011111111101111111111110, sa_flags=SA_RESTART|SA_SIGINFO
SIGTERM: [libjvm.so+0x8f10d0], sa_mask[0]=11111111011111111101111111111110, sa_flags=SA_RESTART|SA_SIGINFO
SIGQUIT: [libjvm.so+0x8f10d0], sa_mask[0]=11111111011111111101111111111110, sa_flags=SA_RESTART|SA_SIGINFO


---------------  S Y S T E M  ---------------

OS:DISTRIB_ID=Ubuntu
DISTRIB_RELEASE=18.04
DISTRIB_CODENAME=bionic
DISTRIB_DESCRIPTION="Ubuntu 18.04.3 LTS"

uname:Linux 5.3.0-28-generic #30~18.04.1-Ubuntu SMP Fri Jan 17 06:14:09 UTC 2020 x86_64
libc:glibc 2.27 NPTL 2.27 
rlimit: STACK 8192k, CORE 0k, NPROC 127594, NOFILE 1048576, AS infinity
load average:29.25 8.92 3.79

/proc/meminfo:
MemTotal:       32713532 kB
MemFree:        25553116 kB
MemAvailable:   26937136 kB
Buffers:          302700 kB
Cached:          2245008 kB
SwapCached:            0 kB
Active:          4876760 kB
Inactive:        1519332 kB
Active(anon):    4034968 kB
Inactive(anon):   706352 kB
Active(file):     841792 kB
Inactive(file):   812980 kB
Unevictable:      184692 kB
Mlocked:             288 kB
SwapTotal:       2097148 kB
SwapFree:        2097148 kB
Dirty:               160 kB
Writeback:             0 kB
AnonPages:       4033352 kB
Mapped:          1213396 kB
Shmem:            892944 kB
KReclaimable:     197176 kB
Slab:             297240 kB
SReclaimable:     197176 kB
SUnreclaim:       100064 kB
KernelStack:       23952 kB
PageTables:        76076 kB
NFS_Unstable:          0 kB
Bounce:                0 kB
WritebackTmp:          0 kB
CommitLimit:    18453912 kB
Committed_AS:   13175436 kB
VmallocTotal:   34359738367 kB
VmallocUsed:       67540 kB
VmallocChunk:          0 kB
Percpu:             6016 kB
HardwareCorrupted:     0 kB
AnonHugePages:         0 kB
ShmemHugePages:        0 kB
ShmemPmdMapped:        0 kB
CmaTotal:              0 kB
CmaFree:               0 kB
HugePages_Total:       0
HugePages_Free:        0
HugePages_Rsvd:        0
HugePages_Surp:        0
Hugepagesize:       2048 kB
Hugetlb:               0 kB
DirectMap4k:      453280 kB
DirectMap2M:    10907648 kB
DirectMap1G:    22020096 kB

container (cgroup) information:
container_type: cgroupv1
cpu_cpuset_cpus: 0-11
cpu_memory_nodes: 0
active_processor_count: 12
cpu_quota: -1
cpu_period: 100000
cpu_shares: -1
memory_limit_in_bytes: -1
memory_and_swap_limit_in_bytes: -2
memory_soft_limit_in_bytes: -1
memory_usage_in_bytes: 6738567168
memory_max_usage_in_bytes: 0


CPU:total 12 (initial active 12) (6 cores per cpu, 2 threads per core) family 6 model 158 stepping 10, cmov, cx8, fxsr, mmx, sse, sse2, sse3, ssse3, sse4.1, sse4.2, popcnt, avx, avx2, aes, clmul, erms, 3dnowpref, lzcnt, ht, tsc, tscinvbit, bmi1, bmi2, adx

/proc/cpuinfo:
processor	: 0
vendor_id	: GenuineIntel
cpu family	: 6
model		: 158
model name	: Intel(R) Core(TM) i7-8750H CPU @ 2.20GHz
stepping	: 10
microcode	: 0xca
cpu MHz		: 2200.357
cache size	: 9216 KB
physical id	: 0
siblings	: 12
core id		: 0
cpu cores	: 6
apicid		: 0
initial apicid	: 0
fpu		: yes
fpu_exception	: yes
cpuid level	: 22
wp		: yes
flags		: fpu vme de pse tsc msr pae mce cx8 apic sep mtrr pge mca cmov pat pse36 clflush dts acpi mmx fxsr sse sse2 ss ht tm pbe syscall nx pdpe1gb rdtscp lm constant_tsc art arch_perfmon pebs bts rep_good nopl xtopology nonstop_tsc cpuid aperfmperf pni pclmulqdq dtes64 monitor ds_cpl vmx est tm2 ssse3 sdbg fma cx16 xtpr pdcm pcid sse4_1 sse4_2 x2apic movbe popcnt tsc_deadline_timer aes xsave avx f16c rdrand lahf_lm abm 3dnowprefetch cpuid_fault epb invpcid_single pti ssbd ibrs ibpb stibp tpr_shadow vnmi flexpriority ept vpid ept_ad fsgsbase tsc_adjust bmi1 avx2 smep bmi2 erms invpcid mpx rdseed adx smap clflushopt intel_pt xsaveopt xsavec xgetbv1 xsaves dtherm ida arat pln pts hwp hwp_notify hwp_act_window hwp_epp md_clear flush_l1d
bugs		: cpu_meltdown spectre_v1 spectre_v2 spec_store_bypass l1tf mds swapgs itlb_multihit
bogomips	: 4399.99
clflush size	: 64
cache_alignment	: 64
address sizes	: 39 bits physical, 48 bits virtual
power management:

processor	: 1
vendor_id	: GenuineIntel
cpu family	: 6
model		: 158
model name	: Intel(R) Core(TM) i7-8750H CPU @ 2.20GHz
stepping	: 10
microcode	: 0xca
cpu MHz		: 2200.193
cache size	: 9216 KB
physical id	: 0
siblings	: 12
core id		: 1
cpu cores	: 6
apicid		: 2
initial apicid	: 2
fpu		: yes
fpu_exception	: yes
cpuid level	: 22
wp		: yes
flags		: fpu vme de pse tsc msr pae mce cx8 apic sep mtrr pge mca cmov pat pse36 clflush dts acpi mmx fxsr sse sse2 ss ht tm pbe syscall nx pdpe1gb rdtscp lm constant_tsc art arch_perfmon pebs bts rep_good nopl xtopology nonstop_tsc cpuid aperfmperf pni pclmulqdq dtes64 monitor ds_cpl vmx est tm2 ssse3 sdbg fma cx16 xtpr pdcm pcid sse4_1 sse4_2 x2apic movbe popcnt tsc_deadline_timer aes xsave avx f16c rdrand lahf_lm abm 3dnowprefetch cpuid_fault epb invpcid_single pti ssbd ibrs ibpb stibp tpr_shadow vnmi flexpriority ept vpid ept_ad fsgsbase tsc_adjust bmi1 avx2 smep bmi2 erms invpcid mpx rdseed adx smap clflushopt intel_pt xsaveopt xsavec xgetbv1 xsaves dtherm ida arat pln pts hwp hwp_notify hwp_act_window hwp_epp md_clear flush_l1d
bugs		: cpu_meltdown spectre_v1 spectre_v2 spec_store_bypass l1tf mds swapgs itlb_multihit
bogomips	: 4399.99
clflush size	: 64
cache_alignment	: 64
address sizes	: 39 bits physical, 48 bits virtual
power management:

processor	: 2
vendor_id	: GenuineIntel
cpu family	: 6
model		: 158
model name	: Intel(R) Core(TM) i7-8750H CPU @ 2.20GHz
stepping	: 10
microcode	: 0xca
cpu MHz		: 2200.477
cache size	: 9216 KB
physical id	: 0
siblings	: 12
core id		: 2
cpu cores	: 6
apicid		: 4
initial apicid	: 4
fpu		: yes
fpu_exception	: yes
cpuid level	: 22
wp		: yes
flags		: fpu vme de pse tsc msr pae mce cx8 apic sep mtrr pge mca cmov pat pse36 clflush dts acpi mmx fxsr sse sse2 ss ht tm pbe syscall nx pdpe1gb rdtscp lm constant_tsc art arch_perfmon pebs bts rep_good nopl xtopology nonstop_tsc cpuid aperfmperf pni pclmulqdq dtes64 monitor ds_cpl vmx est tm2 ssse3 sdbg fma cx16 xtpr pdcm pcid sse4_1 sse4_2 x2apic movbe popcnt tsc_deadline_timer aes xsave avx f16c rdrand lahf_lm abm 3dnowprefetch cpuid_fault epb invpcid_single pti ssbd ibrs ibpb stibp tpr_shadow vnmi flexpriority ept vpid ept_ad fsgsbase tsc_adjust bmi1 avx2 smep bmi2 erms invpcid mpx rdseed adx smap clflushopt intel_pt xsaveopt xsavec xgetbv1 xsaves dtherm ida arat pln pts hwp hwp_notify hwp_act_window hwp_epp md_clear flush_l1d
bugs		: cpu_meltdown spectre_v1 spectre_v2 spec_store_bypass l1tf mds swapgs itlb_multihit
bogomips	: 4399.99
clflush size	: 64
cache_alignment	: 64
address sizes	: 39 bits physical, 48 bits virtual
power management:

processor	: 3
vendor_id	: GenuineIntel
cpu family	: 6
model		: 158
model name	: Intel(R) Core(TM) i7-8750H CPU @ 2.20GHz
stepping	: 10
microcode	: 0xca
cpu MHz		: 2200.653
cache size	: 9216 KB
physical id	: 0
siblings	: 12
core id		: 3
cpu cores	: 6
apicid		: 6
initial apicid	: 6
fpu		: yes
fpu_exception	: yes
cpuid level	: 22
wp		: yes
flags		: fpu vme de pse tsc msr pae mce cx8 apic sep mtrr pge mca cmov pat pse36 clflush dts acpi mmx fxsr sse sse2 ss ht tm pbe syscall nx pdpe1gb rdtscp lm constant_tsc art arch_perfmon pebs bts rep_good nopl xtopology nonstop_tsc cpuid aperfmperf pni pclmulqdq dtes64 monitor ds_cpl vmx est tm2 ssse3 sdbg fma cx16 xtpr pdcm pcid sse4_1 sse4_2 x2apic movbe popcnt tsc_deadline_timer aes xsave avx f16c rdrand lahf_lm abm 3dnowprefetch cpuid_fault epb invpcid_single pti ssbd ibrs ibpb stibp tpr_shadow vnmi flexpriority ept vpid ept_ad fsgsbase tsc_adjust bmi1 avx2 smep bmi2 erms invpcid mpx rdseed adx smap clflushopt intel_pt xsaveopt xsavec xgetbv1 xsaves dtherm ida arat pln pts hwp hwp_notify hwp_act_window hwp_epp md_clear flush_l1d
bugs		: cpu_meltdown spectre_v1 spectre_v2 spec_store_bypass l1tf mds swapgs itlb_multihit
bogomips	: 4399.99
clflush size	: 64
cache_alignment	: 64
address sizes	: 39 bits physical, 48 bits virtual
power management:

processor	: 4
vendor_id	: GenuineIntel
cpu family	: 6
model		: 158
model name	: Intel(R) Core(TM) i7-8750H CPU @ 2.20GHz
stepping	: 10
microcode	: 0xca
cpu MHz		: 2199.999
cache size	: 9216 KB
physical id	: 0
siblings	: 12
core id		: 4
cpu cores	: 6
apicid		: 8
initial apicid	: 8
fpu		: yes
fpu_exception	: yes
cpuid level	: 22
wp		: yes
flags		: fpu vme de pse tsc msr pae mce cx8 apic sep mtrr pge mca cmov pat pse36 clflush dts acpi mmx fxsr sse sse2 ss ht tm pbe syscall nx pdpe1gb rdtscp lm constant_tsc art arch_perfmon pebs bts rep_good nopl xtopology nonstop_tsc cpuid aperfmperf pni pclmulqdq dtes64 monitor ds_cpl vmx est tm2 ssse3 sdbg fma cx16 xtpr pdcm pcid sse4_1 sse4_2 x2apic movbe popcnt tsc_deadline_timer aes xsave avx f16c rdrand lahf_lm abm 3dnowprefetch cpuid_fault epb invpcid_single pti ssbd ibrs ibpb stibp tpr_shadow vnmi flexpriority ept vpid ept_ad fsgsbase tsc_adjust bmi1 avx2 smep bmi2 erms invpcid mpx rdseed adx smap clflushopt intel_pt xsaveopt xsavec xgetbv1 xsaves dtherm ida arat pln pts hwp hwp_notify hwp_act_window hwp_epp md_clear flush_l1d
bugs		: cpu_meltdown spectre_v1 spectre_v2 spec_store_bypass l1tf mds swapgs itlb_multihit
bogomips	: 4399.99
clflush size	: 64
cache_alignment	: 64
address sizes	: 39 bits physical, 48 bits virtual
power management:

processor	: 5
vendor_id	: GenuineIntel
cpu family	: 6
model		: 158
model name	: Intel(R) Core(TM) i7-8750H CPU @ 2.20GHz
stepping	: 10
microcode	: 0xca
cpu MHz		: 2200.312
cache size	: 9216 KB
physical id	: 0
siblings	: 12
core id		: 5
cpu cores	: 6
apicid		: 10
initial apicid	: 10
fpu		: yes
fpu_exception	: yes
cpuid level	: 22
wp		: yes
flags		: fpu vme de pse tsc msr pae mce cx8 apic sep mtrr pge mca cmov pat pse36 clflush dts acpi mmx fxsr sse sse2 ss ht tm pbe syscall nx pdpe1gb rdtscp lm constant_tsc art arch_perfmon pebs bts rep_good nopl xtopology nonstop_tsc cpuid aperfmperf pni pclmulqdq dtes64 monitor ds_cpl vmx est tm2 ssse3 sdbg fma cx16 xtpr pdcm pcid sse4_1 sse4_2 x2apic movbe popcnt tsc_deadline_timer aes xsave avx f16c rdrand lahf_lm abm 3dnowprefetch cpuid_fault epb invpcid_single pti ssbd ibrs ibpb stibp tpr_shadow vnmi flexpriority ept vpid ept_ad fsgsbase tsc_adjust bmi1 avx2 smep bmi2 erms invpcid mpx rdseed adx smap clflushopt intel_pt xsaveopt xsavec xgetbv1 xsaves dtherm ida arat pln pts hwp hwp_notify hwp_act_window hwp_epp md_clear flush_l1d
bugs		: cpu_meltdown spectre_v1 spectre_v2 spec_store_bypass l1tf mds swapgs itlb_multihit
bogomips	: 4399.99
clflush size	: 64
cache_alignment	: 64
address sizes	: 39 bits physical, 48 bits virtual
power management:

processor	: 6
vendor_id	: GenuineIntel
cpu family	: 6
model		: 158
model name	: Intel(R) Core(TM) i7-8750H CPU @ 2.20GHz
stepping	: 10
microcode	: 0xca
cpu MHz		: 2200.125
cache size	: 9216 KB
physical id	: 0
siblings	: 12
core id		: 0
cpu cores	: 6
apicid		: 1
initial apicid	: 1
fpu		: yes
fpu_exception	: yes
cpuid level	: 22
wp		: yes
flags		: fpu vme de pse tsc msr pae mce cx8 apic sep mtrr pge mca cmov pat pse36 clflush dts acpi mmx fxsr sse sse2 ss ht tm pbe syscall nx pdpe1gb rdtscp lm constant_tsc art arch_perfmon pebs bts rep_good nopl xtopology nonstop_tsc cpuid aperfmperf pni pclmulqdq dtes64 monitor ds_cpl vmx est tm2 ssse3 sdbg fma cx16 xtpr pdcm pcid sse4_1 sse4_2 x2apic movbe popcnt tsc_deadline_timer aes xsave avx f16c rdrand lahf_lm abm 3dnowprefetch cpuid_fault epb invpcid_single pti ssbd ibrs ibpb stibp tpr_shadow vnmi flexpriority ept vpid ept_ad fsgsbase tsc_adjust bmi1 avx2 smep bmi2 erms invpcid mpx rdseed adx smap clflushopt intel_pt xsaveopt xsavec xgetbv1 xsaves dtherm ida arat pln pts hwp hwp_notify hwp_act_window hwp_epp md_clear flush_l1d
bugs		: cpu_meltdown spectre_v1 spectre_v2 spec_store_bypass l1tf mds swapgs itlb_multihit
bogomips	: 4399.99
clflush size	: 64
cache_alignment	: 64
address sizes	: 39 bits physical, 48 bits virtual
power management:

processor	: 7
vendor_id	: GenuineIntel
cpu family	: 6
model		: 158
model name	: Intel(R) Core(TM) i7-8750H CPU @ 2.20GHz
stepping	: 10
microcode	: 0xca
cpu MHz		: 2200.030
cache size	: 9216 KB
physical id	: 0
siblings	: 12
core id		: 1
cpu cores	: 6
apicid		: 3
initial apicid	: 3
fpu		: yes
fpu_exception	: yes
cpuid level	: 22
wp		: yes
flags		: fpu vme de pse tsc msr pae mce cx8 apic sep mtrr pge mca cmov pat pse36 clflush dts acpi mmx fxsr sse sse2 ss ht tm pbe syscall nx pdpe1gb rdtscp lm constant_tsc art arch_perfmon pebs bts rep_good nopl xtopology nonstop_tsc cpuid aperfmperf pni pclmulqdq dtes64 monitor ds_cpl vmx est tm2 ssse3 sdbg fma cx16 xtpr pdcm pcid sse4_1 sse4_2 x2apic movbe popcnt tsc_deadline_timer aes xsave avx f16c rdrand lahf_lm abm 3dnowprefetch cpuid_fault epb invpcid_single pti ssbd ibrs ibpb stibp tpr_shadow vnmi flexpriority ept vpid ept_ad fsgsbase tsc_adjust bmi1 avx2 smep bmi2 erms invpcid mpx rdseed adx smap clflushopt intel_pt xsaveopt xsavec xgetbv1 xsaves dtherm ida arat pln pts hwp hwp_notify hwp_act_window hwp_epp md_clear flush_l1d
bugs		: cpu_meltdown spectre_v1 spectre_v2 spec_store_bypass l1tf mds swapgs itlb_multihit
bogomips	: 4399.99
clflush size	: 64
cache_alignment	: 64
address sizes	: 39 bits physical, 48 bits virtual
power management:

processor	: 8
vendor_id	: GenuineIntel
cpu family	: 6
model		: 158
model name	: Intel(R) Core(TM) i7-8750H CPU @ 2.20GHz
stepping	: 10
microcode	: 0xca
cpu MHz		: 2200.257
cache size	: 9216 KB
physical id	: 0
siblings	: 12
core id		: 2
cpu cores	: 6
apicid		: 5
initial apicid	: 5
fpu		: yes
fpu_exception	: yes
cpuid level	: 22
wp		: yes
flags		: fpu vme de pse tsc msr pae mce cx8 apic sep mtrr pge mca cmov pat pse36 clflush dts acpi mmx fxsr sse sse2 ss ht tm pbe syscall nx pdpe1gb rdtscp lm constant_tsc art arch_perfmon pebs bts rep_good nopl xtopology nonstop_tsc cpuid aperfmperf pni pclmulqdq dtes64 monitor ds_cpl vmx est tm2 ssse3 sdbg fma cx16 xtpr pdcm pcid sse4_1 sse4_2 x2apic movbe popcnt tsc_deadline_timer aes xsave avx f16c rdrand lahf_lm abm 3dnowprefetch cpuid_fault epb invpcid_single pti ssbd ibrs ibpb stibp tpr_shadow vnmi flexpriority ept vpid ept_ad fsgsbase tsc_adjust bmi1 avx2 smep bmi2 erms invpcid mpx rdseed adx smap clflushopt intel_pt xsaveopt xsavec xgetbv1 xsaves dtherm ida arat pln pts hwp hwp_notify hwp_act_window hwp_epp md_clear flush_l1d
bugs		: cpu_meltdown spectre_v1 spectre_v2 spec_store_bypass l1tf mds swapgs itlb_multihit
bogomips	: 4399.99
clflush size	: 64
cache_alignment	: 64
address sizes	: 39 bits physical, 48 bits virtual
power management:

processor	: 9
vendor_id	: GenuineIntel
cpu family	: 6
model		: 158
model name	: Intel(R) Core(TM) i7-8750H CPU @ 2.20GHz
stepping	: 10
microcode	: 0xca
cpu MHz		: 2201.656
cache size	: 9216 KB
physical id	: 0
siblings	: 12
core id		: 3
cpu cores	: 6
apicid		: 7
initial apicid	: 7
fpu		: yes
fpu_exception	: yes
cpuid level	: 22
wp		: yes
flags		: fpu vme de pse tsc msr pae mce cx8 apic sep mtrr pge mca cmov pat pse36 clflush dts acpi mmx fxsr sse sse2 ss ht tm pbe syscall nx pdpe1gb rdtscp lm constant_tsc art arch_perfmon pebs bts rep_good nopl xtopology nonstop_tsc cpuid aperfmperf pni pclmulqdq dtes64 monitor ds_cpl vmx est tm2 ssse3 sdbg fma cx16 xtpr pdcm pcid sse4_1 sse4_2 x2apic movbe popcnt tsc_deadline_timer aes xsave avx f16c rdrand lahf_lm abm 3dnowprefetch cpuid_fault epb invpcid_single pti ssbd ibrs ibpb stibp tpr_shadow vnmi flexpriority ept vpid ept_ad fsgsbase tsc_adjust bmi1 avx2 smep bmi2 erms invpcid mpx rdseed adx smap clflushopt intel_pt xsaveopt xsavec xgetbv1 xsaves dtherm ida arat pln pts hwp hwp_notify hwp_act_window hwp_epp md_clear flush_l1d
bugs		: cpu_meltdown spectre_v1 spectre_v2 spec_store_bypass l1tf mds swapgs itlb_multihit
bogomips	: 4399.99
clflush size	: 64
cache_alignment	: 64
address sizes	: 39 bits physical, 48 bits virtual
power management:

processor	: 10
vendor_id	: GenuineIntel
cpu family	: 6
model		: 158
model name	: Intel(R) Core(TM) i7-8750H CPU @ 2.20GHz
stepping	: 10
microcode	: 0xca
cpu MHz		: 2199.953
cache size	: 9216 KB
physical id	: 0
siblings	: 12
core id		: 4
cpu cores	: 6
apicid		: 9
initial apicid	: 9
fpu		: yes
fpu_exception	: yes
cpuid level	: 22
wp		: yes
flags		: fpu vme de pse tsc msr pae mce cx8 apic sep mtrr pge mca cmov pat pse36 clflush dts acpi mmx fxsr sse sse2 ss ht tm pbe syscall nx pdpe1gb rdtscp lm constant_tsc art arch_perfmon pebs bts rep_good nopl xtopology nonstop_tsc cpuid aperfmperf pni pclmulqdq dtes64 monitor ds_cpl vmx est tm2 ssse3 sdbg fma cx16 xtpr pdcm pcid sse4_1 sse4_2 x2apic movbe popcnt tsc_deadline_timer aes xsave avx f16c rdrand lahf_lm abm 3dnowprefetch cpuid_fault epb invpcid_single pti ssbd ibrs ibpb stibp tpr_shadow vnmi flexpriority ept vpid ept_ad fsgsbase tsc_adjust bmi1 avx2 smep bmi2 erms invpcid mpx rdseed adx smap clflushopt intel_pt xsaveopt xsavec xgetbv1 xsaves dtherm ida arat pln pts hwp hwp_notify hwp_act_window hwp_epp md_clear flush_l1d
bugs		: cpu_meltdown spectre_v1 spectre_v2 spec_store_bypass l1tf mds swapgs itlb_multihit
bogomips	: 4399.99
clflush size	: 64
cache_alignment	: 64
address sizes	: 39 bits physical, 48 bits virtual
power management:

processor	: 11
vendor_id	: GenuineIntel
cpu family	: 6
model		: 158
model name	: Intel(R) Core(TM) i7-8750H CPU @ 2.20GHz
stepping	: 10
microcode	: 0xca
cpu MHz		: 2200.063
cache size	: 9216 KB
physical id	: 0
siblings	: 12
core id		: 5
cpu cores	: 6
apicid		: 11
initial apicid	: 11
fpu		: yes
fpu_exception	: yes
cpuid level	: 22
wp		: yes
flags		: fpu vme de pse tsc msr pae mce cx8 apic sep mtrr pge mca cmov pat pse36 clflush dts acpi mmx fxsr sse sse2 ss ht tm pbe syscall nx pdpe1gb rdtscp lm constant_tsc art arch_perfmon pebs bts rep_good nopl xtopology nonstop_tsc cpuid aperfmperf pni pclmulqdq dtes64 monitor ds_cpl vmx est tm2 ssse3 sdbg fma cx16 xtpr pdcm pcid sse4_1 sse4_2 x2apic movbe popcnt tsc_deadline_timer aes xsave avx f16c rdrand lahf_lm abm 3dnowprefetch cpuid_fault epb invpcid_single pti ssbd ibrs ibpb stibp tpr_shadow vnmi flexpriority ept vpid ept_ad fsgsbase tsc_adjust bmi1 avx2 smep bmi2 erms invpcid mpx rdseed adx smap clflushopt intel_pt xsaveopt xsavec xgetbv1 xsaves dtherm ida arat pln pts hwp hwp_notify hwp_act_window hwp_epp md_clear flush_l1d
bugs		: cpu_meltdown spectre_v1 spectre_v2 spec_store_bypass l1tf mds swapgs itlb_multihit
bogomips	: 4399.99
clflush size	: 64
cache_alignment	: 64
address sizes	: 39 bits physical, 48 bits virtual
power management:



Memory: 4k page, physical 32713532k(25553108k free), swap 2097148k(2097148k free)

vm_info: OpenJDK 64-Bit Server VM (25.242-b08) for linux-amd64 JRE (1.8.0_242-8u242-b08-0ubuntu3~18.04-b08), built on Jan 17 2020 23:41:21 by "buildd" with gcc 7.4.0

time: Mon Feb 17 15:54:00 2020
timezone: CST
elapsed time: 2 seconds (0d 0h 0m 2s)

