#
# A fatal error has been detected by the Java Runtime Environment:
#
#  SIGSEGV (0xb) at pc=0x00007fb7bece6050, pid=5815, tid=0x00007fb843abe700
#
# JRE version: OpenJDK Runtime Environment (8.0_232-b09) (build 1.8.0_232-8u232-b09-0ubuntu1~18.04.1-b09)
# Java VM: OpenJDK 64-Bit Server VM (25.232-b09 mixed mode linux-amd64 compressed oops)
# Problematic frame:
# C  [libnvidia-glcore.so.440.31+0xf6a050]
#
# Failed to write core dump. Core dumps have been disabled. To enable core dumping, try "ulimit -c unlimited" before starting Java again
#
# If you would like to submit a bug report, please visit:
#   http://bugreport.java.com/bugreport/crash.jsp
# The crash happened outside the Java Virtual Machine in native code.
# See problematic frame for where to report the bug.
#

---------------  T H R E A D  ---------------

Current thread (0x00007fb83c00b800):  JavaThread "main" [_thread_in_native, id=5821, stack(0x00007fb8439bf000,0x00007fb843abf000)]

siginfo: si_signo: 11 (SIGSEGV), si_code: 1 (SEGV_MAPERR), si_addr: 0x0000000000000000

Registers:
RAX=0x00007fb83feb8758, RBX=0x00007fb83feb83f8, RCX=0x0000000000000019, RDX=0x0000000000000010
RSP=0x00007fb843abd488, RBP=0x00007fb83c65f190, RSI=0x0000000000000000, RDI=0x00007fb7b9269924
R8 =0x00007fb7b9269924, R9 =0x0000000000000019, R10=0x0000000000000000, R11=0x0000000000000000
R12=0x00007fb83feb8a00, R13=0x00007fb83c47a600, R14=0x00007fb83c47a5f0, R15=0x00007fb7bcba1078
RIP=0x00007fb7bece6050, EFLAGS=0x0000000000010246, CSGSFS=0x002b000000000033, ERR=0x0000000000000004
  TRAPNO=0x000000000000000e

Top of Stack: (sp=0x00007fb843abd488)
0x00007fb843abd488:   00007fb7bedba7c3 00007fb83feb8728
0x00007fb843abd498:   0000000000000002 0000000000000003
0x00007fb843abd4a8:   0000000000eb8728 0000000000000019
0x00007fb843abd4b8:   0000000040a7d000 00007fb7b9269924
0x00007fb843abd4c8:   00007fb7bece6040 00000001090a9ab4
0x00007fb843abd4d8:   00007fb83feb83f8 0000000000000000
0x00007fb843abd4e8:   00007fb7be81984e 00007fb83d59dfe0
0x00007fb843abd4f8:   00000007bebf0c94 0000000000000002
0x00007fb843abd508:   00007fb83feb8758 00007fb83c665ff0
0x00007fb843abd518:   0000000000000002 00000000000040c3
0x00007fb843abd528:   10c0000000000000 00000000000040c3
0x00007fb843abd538:   10c0000000000000 000000003f800000
0x00007fb843abd548:   0000000000000000 0000000040a7d000
0x00007fb843abd558:   00007fb83feb8a00 00007fb83c47a600
0x00007fb843abd568:   00007fb83c47a5f0 0000000040ad3bf0
0x00007fb843abd578:   00007fb7bedcc3bc 00007fb843abd64c
0x00007fb843abd588:   00007fb843abd648 0000140501000000
0x00007fb843abd598:   ffffffff00000060 0000000400000000
0x00007fb843abd5a8:   0000000040a7d210 00007fb83c65f190
0x00007fb843abd5b8:   00007fb843abd430 0000000000001401
0x00007fb843abd5c8:   00007fb843abe700 00007fb700001401
0x00007fb843abd5d8:   00007fb843abe700 00000000000040c3
0x00007fb843abd5e8:   00c0000000000000 00007fb700000001
0x00007fb843abd5f8:   00007fb83feb8a00 0000000040a7d000
0x00007fb843abd608:   00007fb83feb83f8 0000000000001405
0x00007fb843abd618:   00007fb7bedbff03 0000000000001401
0x00007fb843abd628:   00007fb843abe700 00007fb700000001
0x00007fb843abd638:   00007fb843abe700 00007fb7ec0ce300
0x00007fb843abd648:   0000000000000019 000000071be7dad8
0x00007fb843abd658:   0000000040a7d000 0000000040ac7a80
0x00007fb843abd668:   0000000000000004 0000000000001405
0x00007fb843abd678:   0000000000000010 0000000000000000 

Instructions: (pc=0x00007fb7bece6050)
0x00007fb7bece6030:   d0 48 8d 44 07 0c c3 90 90 90 90 90 90 90 90 90
0x00007fb7bece6040:   48 63 d2 49 89 f8 41 89 c9 0f 1f 80 00 00 00 00
0x00007fb7bece6050:   8b 06 41 89 00 8b 46 04 41 89 40 04 8b 46 08 41
0x00007fb7bece6060:   89 40 08 8b 46 0c 48 01 d6 41 89 40 0c 49 83 c0 

Register to memory mapping:

RAX=0x00007fb83feb8758 is an unknown value
RBX=0x00007fb83feb83f8 is an unknown value
RCX=0x0000000000000019 is an unknown value
RDX=0x0000000000000010 is an unknown value
RSP=0x00007fb843abd488 is pointing into the stack for thread: 0x00007fb83c00b800
RBP=0x00007fb83c65f190 is an unknown value
RSI=0x0000000000000000 is an unknown value
RDI=0x00007fb7b9269924 is an unknown value
R8 =0x00007fb7b9269924 is an unknown value
R9 =0x0000000000000019 is an unknown value
R10=0x0000000000000000 is an unknown value
R11=0x0000000000000000 is an unknown value
R12=0x00007fb83feb8a00 is an unknown value
R13=0x00007fb83c47a600 is an unknown value
R14=0x00007fb83c47a5f0 is an unknown value
R15=0x00007fb7bcba1078 is an unknown value


Stack: [0x00007fb8439bf000,0x00007fb843abf000],  sp=0x00007fb843abd488,  free space=1017k
Native frames: (J=compiled Java code, j=interpreted, Vv=VM code, C=native code)
C  [libnvidia-glcore.so.440.31+0xf6a050]

Java frames: (J=compiled Java code, j=interpreted, Vv=VM code)
J 1060  org.lwjgl.opengl.GL11C.nglDrawElements(IIIJ)V (0 bytes) @ 0x00007fb82d4231ca [0x00007fb82d423180+0x4a]
J 1076 C2 org.lwjgl.opengl.GL11.glDrawElements(IIIJ)V (8 bytes) @ 0x00007fb82d3fed34 [0x00007fb82d3fed20+0x14]
j  rendering.BasicRenderer.render(Lmodels/Mesh;Ljava/util/List;)V+69
j  rendering.MasterRenderer.render()V+373
j  misc.Game.render()V+52
j  main.Main.main([Ljava/lang/String;)V+45
v  ~StubRoutines::call_stub

---------------  P R O C E S S  ---------------

Java Threads: ( => current thread )
  0x00007fb83c0d7800 JavaThread "Service Thread" daemon [_thread_blocked, id=5841, stack(0x00007fb7f611c000,0x00007fb7f621d000)]
  0x00007fb83c0cc800 JavaThread "C1 CompilerThread3" daemon [_thread_blocked, id=5840, stack(0x00007fb7f621e000,0x00007fb7f631e000)]
  0x00007fb83c0ca800 JavaThread "C2 CompilerThread2" daemon [_thread_blocked, id=5839, stack(0x00007fb7f631f000,0x00007fb7f641f000)]
  0x00007fb83c0c8800 JavaThread "C2 CompilerThread1" daemon [_thread_in_native, id=5838, stack(0x00007fb7f6420000,0x00007fb7f6520000)]
  0x00007fb83c0c6000 JavaThread "C2 CompilerThread0" daemon [_thread_blocked, id=5837, stack(0x00007fb7f6521000,0x00007fb7f6621000)]
  0x00007fb83c0c4800 JavaThread "Signal Dispatcher" daemon [_thread_blocked, id=5836, stack(0x00007fb7f6621000,0x00007fb7f6722000)]
  0x00007fb83c091800 JavaThread "Finalizer" daemon [_thread_blocked, id=5835, stack(0x00007fb7f70f1000,0x00007fb7f71f2000)]
  0x00007fb83c08f000 JavaThread "Reference Handler" daemon [_thread_blocked, id=5834, stack(0x00007fb7f71f2000,0x00007fb7f72f3000)]
=>0x00007fb83c00b800 JavaThread "main" [_thread_in_native, id=5821, stack(0x00007fb8439bf000,0x00007fb843abf000)]

Other Threads:
  0x00007fb83c085800 VMThread [stack: 0x00007fb7f72f4000,0x00007fb7f73f4000] [id=5832]
  0x00007fb83c0da000 WatcherThread [stack: 0x00007fb7f601c000,0x00007fb7f611c000] [id=5842]

VM state:not at safepoint (normal execution)

VM Mutex/Monitor currently owned by a thread: None

heap address: 0x00000005ccc00000, size: 7988 MB, Compressed Oops mode: Zero based, Oop shift amount: 3
Narrow klass base: 0x0000000000000000, Narrow klass shift: 3
Compressed class space size: 1073741824 Address: 0x00000007c0000000

Heap:
 PSYoungGen      total 149504K, used 42407K [0x0000000719980000, 0x0000000724000000, 0x00000007c0000000)
  eden space 128512K, 29% used [0x0000000719980000,0x000000071be93518,0x0000000721700000)
  from space 20992K, 21% used [0x0000000721700000,0x0000000721b56870,0x0000000722b80000)
  to   space 20992K, 0% used [0x0000000722b80000,0x0000000722b80000,0x0000000724000000)
 ParOldGen       total 341504K, used 96K [0x00000005ccc00000, 0x00000005e1980000, 0x0000000719980000)
  object space 341504K, 0% used [0x00000005ccc00000,0x00000005ccc18010,0x00000005e1980000)
 Metaspace       used 11374K, capacity 11603K, committed 11776K, reserved 1060864K
  class space    used 921K, capacity 1006K, committed 1024K, reserved 1048576K

Card table byte_map: [0x00007fb82bca5000,0x00007fb82cc40000] byte_map_base: 0x00007fb828e3f000

Marking Bits: (ParMarkBitMap*) 0x00007fb842c59380
 Begin Bits: [0x00007fb7fc660000, 0x00007fb804330000)
 End Bits:   [0x00007fb804330000, 0x00007fb80c000000)

Polling page: 0x00007fb843ada000

CodeCache: size=245760Kb used=4361Kb max_used=4361Kb free=241398Kb
 bounds [0x00007fb82d000000, 0x00007fb82d450000, 0x00007fb83c000000]
 total_blobs=2016 nmethods=1094 adapters=835
 compilation: enabled

Compilation events (10 events):
Event: 1.116 Thread 0x00007fb83c0cc800 1089       1       lights.PointLight::getRadius (3 bytes)
Event: 1.116 Thread 0x00007fb83c0cc800 nmethod 1089 0x00007fb82d437ed0 code [0x00007fb82d438040, 0x00007fb82d438150]
Event: 1.116 Thread 0x00007fb83c0cc800 1092       3       models.Mesh::update (1 bytes)
Event: 1.116 Thread 0x00007fb83c0cc800 nmethod 1092 0x00007fb82d437b90 code [0x00007fb82d437ce0, 0x00007fb82d437e30]
Event: 1.116 Thread 0x00007fb83c0cc800 1093       3       math.Transform::checkForUpdates (16 bytes)
Event: 1.116 Thread 0x00007fb83c0cc800 nmethod 1093 0x00007fb82d4377d0 code [0x00007fb82d437940, 0x00007fb82d437af0]
Event: 1.116 Thread 0x00007fb83c0cc800 1091       3       models.Entity::update (29 bytes)
Event: 1.116 Thread 0x00007fb83c0cc800 nmethod 1091 0x00007fb82d439590 code [0x00007fb82d439720, 0x00007fb82d439b38]
Event: 1.116 Thread 0x00007fb83c0cc800 1095       3       shaders.BasicShader::setTransformationMatrix (8 bytes)
Event: 1.117 Thread 0x00007fb83c0cc800 nmethod 1095 0x00007fb82d438c90 code [0x00007fb82d438e40, 0x00007fb82d439328]

GC Heap History (6 events):
Event: 0.609 GC heap before
{Heap before GC invocations=1 (full 0):
 PSYoungGen      total 149504K, used 128512K [0x0000000719980000, 0x0000000724000000, 0x00000007c0000000)
  eden space 128512K, 100% used [0x0000000719980000,0x0000000721700000,0x0000000721700000)
  from space 20992K, 0% used [0x0000000722b80000,0x0000000722b80000,0x0000000724000000)
  to   space 20992K, 0% used [0x0000000721700000,0x0000000721700000,0x0000000722b80000)
 ParOldGen       total 341504K, used 0K [0x00000005ccc00000, 0x00000005e1980000, 0x0000000719980000)
  object space 341504K, 0% used [0x00000005ccc00000,0x00000005ccc00000,0x00000005e1980000)
 Metaspace       used 10772K, capacity 10993K, committed 11264K, reserved 1058816K
  class space    used 864K, capacity 973K, committed 1024K, reserved 1048576K
Event: 0.614 GC heap after
Heap after GC invocations=1 (full 0):
 PSYoungGen      total 149504K, used 9248K [0x0000000719980000, 0x0000000724000000, 0x00000007c0000000)
  eden space 128512K, 0% used [0x0000000719980000,0x0000000719980000,0x0000000721700000)
  from space 20992K, 44% used [0x0000000721700000,0x00000007220082a0,0x0000000722b80000)
  to   space 20992K, 0% used [0x0000000722b80000,0x0000000722b80000,0x0000000724000000)
 ParOldGen       total 341504K, used 80K [0x00000005ccc00000, 0x00000005e1980000, 0x0000000719980000)
  object space 341504K, 0% used [0x00000005ccc00000,0x00000005ccc14010,0x00000005e1980000)
 Metaspace       used 10772K, capacity 10993K, committed 11264K, reserved 1058816K
  class space    used 864K, capacity 973K, committed 1024K, reserved 1048576K
}
Event: 0.792 GC heap before
{Heap before GC invocations=2 (full 0):
 PSYoungGen      total 149504K, used 136655K [0x0000000719980000, 0x0000000724000000, 0x00000007c0000000)
  eden space 128512K, 99% used [0x0000000719980000,0x00000007215ebc38,0x0000000721700000)
  from space 20992K, 44% used [0x0000000721700000,0x00000007220082a0,0x0000000722b80000)
  to   space 20992K, 0% used [0x0000000722b80000,0x0000000722b80000,0x0000000724000000)
 ParOldGen       total 341504K, used 80K [0x00000005ccc00000, 0x00000005e1980000, 0x0000000719980000)
  object space 341504K, 0% used [0x00000005ccc00000,0x00000005ccc14010,0x00000005e1980000)
 Metaspace       used 11001K, capacity 11281K, committed 11520K, reserved 1060864K
  class space    used 892K, capacity 1005K, committed 1024K, reserved 1048576K
Event: 0.794 GC heap after
Heap after GC invocations=2 (full 0):
 PSYoungGen      total 149504K, used 4971K [0x0000000719980000, 0x0000000724000000, 0x00000007c0000000)
  eden space 128512K, 0% used [0x0000000719980000,0x0000000719980000,0x0000000721700000)
  from space 20992K, 23% used [0x0000000722b80000,0x000000072305aee0,0x0000000724000000)
  to   space 20992K, 0% used [0x0000000721700000,0x0000000721700000,0x0000000722b80000)
 ParOldGen       total 341504K, used 88K [0x00000005ccc00000, 0x00000005e1980000, 0x0000000719980000)
  object space 341504K, 0% used [0x00000005ccc00000,0x00000005ccc16010,0x00000005e1980000)
 Metaspace       used 11001K, capacity 11281K, committed 11520K, reserved 1060864K
  class space    used 892K, capacity 1005K, committed 1024K, reserved 1048576K
}
Event: 1.090 GC heap before
{Heap before GC invocations=3 (full 0):
 PSYoungGen      total 149504K, used 133483K [0x0000000719980000, 0x0000000724000000, 0x00000007c0000000)
  eden space 128512K, 100% used [0x0000000719980000,0x0000000721700000,0x0000000721700000)
  from space 20992K, 23% used [0x0000000722b80000,0x000000072305aee0,0x0000000724000000)
  to   space 20992K, 0% used [0x0000000721700000,0x0000000721700000,0x0000000722b80000)
 ParOldGen       total 341504K, used 88K [0x00000005ccc00000, 0x00000005e1980000, 0x0000000719980000)
  object space 341504K, 0% used [0x00000005ccc00000,0x00000005ccc16010,0x00000005e1980000)
 Metaspace       used 11320K, capacity 11539K, committed 11776K, reserved 1060864K
  class space    used 916K, capacity 1006K, committed 1024K, reserved 1048576K
Event: 1.091 GC heap after
Heap after GC invocations=3 (full 0):
 PSYoungGen      total 149504K, used 4442K [0x0000000719980000, 0x0000000724000000, 0x00000007c0000000)
  eden space 128512K, 0% used [0x0000000719980000,0x0000000719980000,0x0000000721700000)
  from space 20992K, 21% used [0x0000000721700000,0x0000000721b56870,0x0000000722b80000)
  to   space 20992K, 0% used [0x0000000722b80000,0x0000000722b80000,0x0000000724000000)
 ParOldGen       total 341504K, used 96K [0x00000005ccc00000, 0x00000005e1980000, 0x0000000719980000)
  object space 341504K, 0% used [0x00000005ccc00000,0x00000005ccc18010,0x00000005e1980000)
 Metaspace       used 11320K, capacity 11539K, committed 11776K, reserved 1060864K
  class space    used 916K, capacity 1006K, committed 1024K, reserved 1048576K
}

Deoptimization events (10 events):
Event: 0.489 Thread 0x00007fb83c00b800 Uncommon trap: reason=array_check action=maybe_recompile pc=0x00007fb82d2f8b58 method=java.util.AbstractCollection.toArray([Ljava/lang/Object;)[Ljava/lang/Object; @ 119
Event: 0.489 Thread 0x00007fb83c00b800 Uncommon trap: reason=array_check action=maybe_recompile pc=0x00007fb82d2f8b58 method=java.util.AbstractCollection.toArray([Ljava/lang/Object;)[Ljava/lang/Object; @ 119
Event: 0.497 Thread 0x00007fb83c00b800 Uncommon trap: reason=unstable_if action=reinterpret pc=0x00007fb82d31a77c method=sun.misc.FloatingDecimal.readJavaFormatString(Ljava/lang/String;)Lsun/misc/FloatingDecimal$ASCIIToBinaryConverter; @ 235
Event: 0.497 Thread 0x00007fb83c00b800 Uncommon trap: reason=class_check action=maybe_recompile pc=0x00007fb82d2e7ac8 method=sun.misc.FloatingDecimal.parseFloat(Ljava/lang/String;)F @ 4
Event: 0.513 Thread 0x00007fb83c00b800 Uncommon trap: reason=class_check action=maybe_recompile pc=0x00007fb82d2e7ac8 method=sun.misc.FloatingDecimal.parseFloat(Ljava/lang/String;)F @ 4
Event: 0.528 Thread 0x00007fb83c00b800 Uncommon trap: reason=class_check action=maybe_recompile pc=0x00007fb82d2e7ac8 method=sun.misc.FloatingDecimal.parseFloat(Ljava/lang/String;)F @ 4
Event: 0.528 Thread 0x00007fb83c00b800 Uncommon trap: reason=class_check action=maybe_recompile pc=0x00007fb82d2e7ac8 method=sun.misc.FloatingDecimal.parseFloat(Ljava/lang/String;)F @ 4
Event: 0.790 Thread 0x00007fb83c00b800 Uncommon trap: reason=unstable_if action=reinterpret pc=0x00007fb82d1b8f40 method=java.lang.String.indexOf([CII[CIII)I @ 3
Event: 0.840 Thread 0x00007fb83c00b800 Uncommon trap: reason=unstable_if action=reinterpret pc=0x00007fb82d3c6b2c method=sun.security.provider.NativePRNG$RandomIO.ensureBufferValid()V @ 57
Event: 0.918 Thread 0x00007fb83c00b800 Uncommon trap: reason=unstable_if action=reinterpret pc=0x00007fb82d3f0580 method=terrain.TerrainMesh.getVertexNormals([F[I)[F @ 211

Classes redefined (0 events):
No events

Internal exceptions (10 events):
Event: 0.110 Thread 0x00007fb83c00b800 Exception <a 'java/security/PrivilegedActionException'> (0x0000000719f6d838) thrown at [/build/openjdk-8-4aHi5C/openjdk-8-8u232-b09/src/hotspot/src/share/vm/prims/jvm.cpp, line 1502]
Event: 0.110 Thread 0x00007fb83c00b800 Exception <a 'java/security/PrivilegedActionException'> (0x0000000719f6da48) thrown at [/build/openjdk-8-4aHi5C/openjdk-8-8u232-b09/src/hotspot/src/share/vm/prims/jvm.cpp, line 1502]
Event: 0.111 Thread 0x00007fb83c00b800 Exception <a 'java/security/PrivilegedActionException'> (0x0000000719f6fad0) thrown at [/build/openjdk-8-4aHi5C/openjdk-8-8u232-b09/src/hotspot/src/share/vm/prims/jvm.cpp, line 1502]
Event: 0.111 Thread 0x00007fb83c00b800 Exception <a 'java/security/PrivilegedActionException'> (0x0000000719f6fce0) thrown at [/build/openjdk-8-4aHi5C/openjdk-8-8u232-b09/src/hotspot/src/share/vm/prims/jvm.cpp, line 1502]
Event: 0.111 Thread 0x00007fb83c00b800 Exception <a 'java/security/PrivilegedActionException'> (0x0000000719f707b8) thrown at [/build/openjdk-8-4aHi5C/openjdk-8-8u232-b09/src/hotspot/src/share/vm/prims/jvm.cpp, line 1502]
Event: 0.111 Thread 0x00007fb83c00b800 Exception <a 'java/security/PrivilegedActionException'> (0x0000000719f709c8) thrown at [/build/openjdk-8-4aHi5C/openjdk-8-8u232-b09/src/hotspot/src/share/vm/prims/jvm.cpp, line 1502]
Event: 0.118 Thread 0x00007fb83c00b800 Exception <a 'sun/nio/fs/UnixException'> (0x0000000719f9daf0) thrown at [/build/openjdk-8-4aHi5C/openjdk-8-8u232-b09/src/hotspot/src/share/vm/prims/jni.cpp, line 710]
Event: 0.122 Thread 0x00007fb83c00b800 Exception <a 'sun/nio/fs/UnixException'> (0x0000000719fae070) thrown at [/build/openjdk-8-4aHi5C/openjdk-8-8u232-b09/src/hotspot/src/share/vm/prims/jni.cpp, line 710]
Event: 0.208 Thread 0x00007fb83c00b800 Exception <a 'sun/nio/fs/UnixException'> (0x000000071a11d6a8) thrown at [/build/openjdk-8-4aHi5C/openjdk-8-8u232-b09/src/hotspot/src/share/vm/prims/jni.cpp, line 710]
Event: 0.209 Thread 0x00007fb83c00b800 Exception <a 'sun/nio/fs/UnixException'> (0x000000071a1259d0) thrown at [/build/openjdk-8-4aHi5C/openjdk-8-8u232-b09/src/hotspot/src/share/vm/prims/jni.cpp, line 710]

Events (10 events):
Event: 1.099 loading class particles/Particle
Event: 1.099 loading class particles/Particle done
Event: 1.099 loading class particles/CircularEmission
Event: 1.099 loading class particles/CircularEmission done
Event: 1.099 loading class particles/ParticleMesh
Event: 1.099 loading class particles/ParticleMesh done
Event: 1.099 loading class org/lwjgl/opengl/GL33C
Event: 1.099 loading class org/lwjgl/opengl/GL33C done
Event: 1.109 loading class particles/ParticleMaster
Event: 1.109 loading class particles/ParticleMaster done


Dynamic libraries:
40a7d000-40b2c000 rw-p 00000000 00:00 0 
41b9e000-41ba0000 r-xs 00000000 103:02 15728658                          /tmp/.gl6AA8T3 (deleted)
5ccc00000-5e1980000 rw-p 00000000 00:00 0 
5e1980000-719980000 ---p 00000000 00:00 0 
719980000-724000000 rw-p 00000000 00:00 0 
724000000-7c0000000 ---p 00000000 00:00 0 
7c0000000-7c0100000 rw-p 00000000 00:00 0 
7c0100000-800000000 ---p 00000000 00:00 0 
558df712d000-558df712e000 r-xp 00000000 103:02 9833149                   /usr/lib/jvm/java-8-openjdk-amd64/jre/bin/java
558df732d000-558df732e000 r--p 00000000 103:02 9833149                   /usr/lib/jvm/java-8-openjdk-amd64/jre/bin/java
558df732e000-558df732f000 rw-p 00001000 103:02 9833149                   /usr/lib/jvm/java-8-openjdk-amd64/jre/bin/java
558df7957000-558df7978000 rw-p 00000000 00:00 0                          [heap]
7fb77c000000-7fb77c021000 rw-p 00000000 00:00 0 
7fb77c021000-7fb780000000 ---p 00000000 00:00 0 
7fb780000000-7fb780021000 rw-p 00000000 00:00 0 
7fb780021000-7fb784000000 ---p 00000000 00:00 0 
7fb784000000-7fb784021000 rw-p 00000000 00:00 0 
7fb784021000-7fb788000000 ---p 00000000 00:00 0 
7fb788000000-7fb788021000 rw-p 00000000 00:00 0 
7fb788021000-7fb78c000000 ---p 00000000 00:00 0 
7fb78c000000-7fb78c021000 rw-p 00000000 00:00 0 
7fb78c021000-7fb790000000 ---p 00000000 00:00 0 
7fb790000000-7fb790021000 rw-p 00000000 00:00 0 
7fb790021000-7fb794000000 ---p 00000000 00:00 0 
7fb794000000-7fb794021000 rw-p 00000000 00:00 0 
7fb794021000-7fb798000000 ---p 00000000 00:00 0 
7fb798000000-7fb798021000 rw-p 00000000 00:00 0 
7fb798021000-7fb79c000000 ---p 00000000 00:00 0 
7fb79c000000-7fb79c021000 rw-p 00000000 00:00 0 
7fb79c021000-7fb7a0000000 ---p 00000000 00:00 0 
7fb7a0000000-7fb7a0021000 rw-p 00000000 00:00 0 
7fb7a0021000-7fb7a4000000 ---p 00000000 00:00 0 
7fb7a4000000-7fb7a4021000 rw-p 00000000 00:00 0 
7fb7a4021000-7fb7a8000000 ---p 00000000 00:00 0 
7fb7aa7fd000-7fb7aa7fe000 ---p 00000000 00:00 0 
7fb7aa7fe000-7fb7aaffe000 rw-p 00000000 00:00 0 
7fb7aaffe000-7fb7aafff000 ---p 00000000 00:00 0 
7fb7aafff000-7fb7ab7ff000 rw-p 00000000 00:00 0 
7fb7ab7ff000-7fb7ab800000 ---p 00000000 00:00 0 
7fb7ab800000-7fb7ac000000 rw-p 00000000 00:00 0 
7fb7ac000000-7fb7ac021000 rw-p 00000000 00:00 0 
7fb7ac021000-7fb7b0000000 ---p 00000000 00:00 0 
7fb7b07f9000-7fb7b07fa000 ---p 00000000 00:00 0 
7fb7b07fa000-7fb7b0ffa000 rw-p 00000000 00:00 0 
7fb7b0ffa000-7fb7b0ffb000 ---p 00000000 00:00 0 
7fb7b0ffb000-7fb7b17fb000 rw-p 00000000 00:00 0 
7fb7b17fb000-7fb7b17fc000 ---p 00000000 00:00 0 
7fb7b17fc000-7fb7b1ffc000 rw-p 00000000 00:00 0 
7fb7b1ffc000-7fb7b1ffd000 ---p 00000000 00:00 0 
7fb7b1ffd000-7fb7b27fd000 rw-p 00000000 00:00 0 
7fb7b27fd000-7fb7b27fe000 ---p 00000000 00:00 0 
7fb7b27fe000-7fb7b2ffe000 rw-p 00000000 00:00 0 
7fb7b2ffe000-7fb7b2fff000 ---p 00000000 00:00 0 
7fb7b2fff000-7fb7b37ff000 rw-p 00000000 00:00 0 
7fb7b37ff000-7fb7b3800000 ---p 00000000 00:00 0 
7fb7b3800000-7fb7b4000000 rw-p 00000000 00:00 0 
7fb7b4000000-7fb7b7385000 rw-p 00000000 00:00 0 
7fb7b7385000-7fb7b8000000 ---p 00000000 00:00 0 
7fb7b85bf000-7fb7b85c0000 ---p 00000000 00:00 0 
7fb7b85c0000-7fb7b8e40000 rw-p 00000000 00:00 0 
7fb7b8e40000-7fb7b8fc0000 ---p 00000000 00:00 0 
7fb7b8fc0000-7fb7b93c0000 rw-s 00000000 00:06 552                        /dev/nvidiactl
7fb7b93c0000-7fb7b97c0000 rw-s 00000000 00:06 552                        /dev/nvidiactl
7fb7b97c0000-7fb7ba7c1000 rw-p 00000000 00:00 0 
7fb7babc1000-7fb7babc2000 ---p 00000000 00:00 0 
7fb7babc2000-7fb7bb3c2000 rw-p 00000000 00:00 0 
7fb7bb3c2000-7fb7bb7c2000 rw-s 00000000 00:06 552                        /dev/nvidiactl
7fb7bbbc2000-7fb7bbdc2000 rw-s 00000000 00:06 552                        /dev/nvidiactl
7fb7bbdc2000-7fb7bc1c2000 rw-s 00000000 00:06 552                        /dev/nvidiactl
7fb7bc3c2000-7fb7bc7c3000 rw-p 00000000 00:00 0 
7fb7bc9c4000-7fb7bcbc4000 rw-s 00000000 00:06 552                        /dev/nvidiactl
7fb7bcbc4000-7fb7bcdc4000 rw-p 00000000 00:00 0 
7fb7bcdc4000-7fb7bce1c000 r-xp 00000000 103:02 15991432                  /tmp/lwjglsam/3.2.3-build-13/liblwjgl_opengl.so
7fb7bce1c000-7fb7bd01b000 ---p 00058000 103:02 15991432                  /tmp/lwjglsam/3.2.3-build-13/liblwjgl_opengl.so
7fb7bd01b000-7fb7bd01c000 r--p 00057000 103:02 15991432                  /tmp/lwjglsam/3.2.3-build-13/liblwjgl_opengl.so
7fb7bd01c000-7fb7bd01d000 rw-p 00058000 103:02 15991432                  /tmp/lwjglsam/3.2.3-build-13/liblwjgl_opengl.so
7fb7bd01d000-7fb7bd022000 r-xp 00000000 103:02 9839193                   /usr/lib/x86_64-linux-gnu/libxcb-sync.so.1.0.0
7fb7bd022000-7fb7bd222000 ---p 00005000 103:02 9839193                   /usr/lib/x86_64-linux-gnu/libxcb-sync.so.1.0.0
7fb7bd222000-7fb7bd223000 r--p 00005000 103:02 9839193                   /usr/lib/x86_64-linux-gnu/libxcb-sync.so.1.0.0
7fb7bd223000-7fb7bd224000 rw-p 00006000 103:02 9839193                   /usr/lib/x86_64-linux-gnu/libxcb-sync.so.1.0.0
7fb7bd224000-7fb7bd226000 r-xp 00000000 103:02 9839185                   /usr/lib/x86_64-linux-gnu/libxcb-present.so.0.0.0
7fb7bd226000-7fb7bd425000 ---p 00002000 103:02 9839185                   /usr/lib/x86_64-linux-gnu/libxcb-present.so.0.0.0
7fb7bd425000-7fb7bd426000 r--p 00001000 103:02 9839185                   /usr/lib/x86_64-linux-gnu/libxcb-present.so.0.0.0
7fb7bd426000-7fb7bd427000 rw-p 00002000 103:02 9839185                   /usr/lib/x86_64-linux-gnu/libxcb-present.so.0.0.0
7fb7bd427000-7fb7bd42a000 r-xp 00000000 103:02 9839181                   /usr/lib/x86_64-linux-gnu/libxcb-dri3.so.0.0.0
7fb7bd42a000-7fb7bd629000 ---p 00003000 103:02 9839181                   /usr/lib/x86_64-linux-gnu/libxcb-dri3.so.0.0.0
7fb7bd629000-7fb7bd62a000 r--p 00002000 103:02 9839181                   /usr/lib/x86_64-linux-gnu/libxcb-dri3.so.0.0.0
7fb7bd62a000-7fb7bd62b000 rw-p 00003000 103:02 9839181                   /usr/lib/x86_64-linux-gnu/libxcb-dri3.so.0.0.0
7fb7bd62b000-7fb7bd643000 r-xp 00000000 103:02 9839183                   /usr/lib/x86_64-linux-gnu/libxcb-glx.so.0.0.0
7fb7bd643000-7fb7bd843000 ---p 00018000 103:02 9839183                   /usr/lib/x86_64-linux-gnu/libxcb-glx.so.0.0.0
7fb7bd843000-7fb7bd845000 r--p 00018000 103:02 9839183                   /usr/lib/x86_64-linux-gnu/libxcb-glx.so.0.0.0
7fb7bd845000-7fb7bd846000 rw-p 0001a000 103:02 9839183                   /usr/lib/x86_64-linux-gnu/libxcb-glx.so.0.0.0
7fb7bd846000-7fb7bd8c6000 rw-s 00000000 00:06 552                        /dev/nvidiactl
7fb7bd9c6000-7fb7bd9d6000 r-xp 00000000 103:02 9840432                   /usr/lib/x86_64-linux-gnu/libdrm.so.2.4.0
7fb7bd9d6000-7fb7bdbd5000 ---p 00010000 103:02 9840432                   /usr/lib/x86_64-linux-gnu/libdrm.so.2.4.0
7fb7bdbd5000-7fb7bdbd6000 r--p 0000f000 103:02 9840432                   /usr/lib/x86_64-linux-gnu/libdrm.so.2.4.0
7fb7bdbd6000-7fb7bdbd7000 rw-p 00010000 103:02 9840432                   /usr/lib/x86_64-linux-gnu/libdrm.so.2.4.0
7fb7bdbd7000-7fb7bdd7c000 rw-s 00000000 00:06 552                        /dev/nvidiactl
7fb7bdd7c000-7fb7bf057000 r-xp 00000000 103:02 9840523                   /usr/lib/x86_64-linux-gnu/libnvidia-glcore.so.440.31
7fb7bf057000-7fb7bf078000 rwxp 012db000 103:02 9840523                   /usr/lib/x86_64-linux-gnu/libnvidia-glcore.so.440.31
7fb7bf078000-7fb7bf589000 r-xp 012fc000 103:02 9840523                   /usr/lib/x86_64-linux-gnu/libnvidia-glcore.so.440.31
7fb7bf589000-7fb7bf788000 ---p 0180d000 103:02 9840523                   /usr/lib/x86_64-linux-gnu/libnvidia-glcore.so.440.31
7fb7bf788000-7fb7bface000 rw-p 0180c000 103:02 9840523                   /usr/lib/x86_64-linux-gnu/libnvidia-glcore.so.440.31
7fb7bface000-7fb7bfaea000 rw-p 00000000 00:00 0 
7fb7bfaea000-7fb7bfaed000 r-xp 00000000 103:02 9840527                   /usr/lib/x86_64-linux-gnu/libnvidia-tls.so.440.31
7fb7bfaed000-7fb7bfced000 ---p 00003000 103:02 9840527                   /usr/lib/x86_64-linux-gnu/libnvidia-tls.so.440.31
7fb7bfced000-7fb7bfcee000 rw-p 00003000 103:02 9840527                   /usr/lib/x86_64-linux-gnu/libnvidia-tls.so.440.31
7fb7bfcee000-7fb7bfd97000 r-xp 00000000 103:02 9840520                   /usr/lib/x86_64-linux-gnu/libGLX_nvidia.so.440.31
7fb7bfd97000-7fb7bfdcc000 rwxp 000a9000 103:02 9840520                   /usr/lib/x86_64-linux-gnu/libGLX_nvidia.so.440.31
7fb7bfdcc000-7fb7bfddb000 r-xp 000de000 103:02 9840520                   /usr/lib/x86_64-linux-gnu/libGLX_nvidia.so.440.31
7fb7bfddb000-7fb7bffda000 ---p 000ed000 103:02 9840520                   /usr/lib/x86_64-linux-gnu/libGLX_nvidia.so.440.31
7fb7bffda000-7fb7bfffe000 rw-p 000ec000 103:02 9840520                   /usr/lib/x86_64-linux-gnu/libGLX_nvidia.so.440.31
7fb7bfffe000-7fb7c0000000 rw-p 00000000 00:00 0 
7fb7c0000000-7fb7c0021000 rw-p 00000000 00:00 0 
7fb7c0021000-7fb7c4000000 ---p 00000000 00:00 0 
7fb7c4000000-7fb7c4021000 rw-p 00000000 00:00 0 
7fb7c4021000-7fb7c8000000 ---p 00000000 00:00 0 
7fb7c8000000-7fb7c8a92000 rw-p 00000000 00:00 0 
7fb7c8a92000-7fb7cc000000 ---p 00000000 00:00 0 
7fb7cc000000-7fb7cc358000 rw-p 00000000 00:00 0 
7fb7cc358000-7fb7d0000000 ---p 00000000 00:00 0 
7fb7d0000000-7fb7d066c000 rw-p 00000000 00:00 0 
7fb7d066c000-7fb7d4000000 ---p 00000000 00:00 0 
7fb7d4000000-7fb7d46af000 rw-p 00000000 00:00 0 
7fb7d46af000-7fb7d8000000 ---p 00000000 00:00 0 
7fb7d8000000-7fb7d8021000 rw-p 00000000 00:00 0 
7fb7d8021000-7fb7dc000000 ---p 00000000 00:00 0 
7fb7dc000000-7fb7dc021000 rw-p 00000000 00:00 0 
7fb7dc021000-7fb7e0000000 ---p 00000000 00:00 0 
7fb7e0000000-7fb7e0021000 rw-p 00000000 00:00 0 
7fb7e0021000-7fb7e4000000 ---p 00000000 00:00 0 
7fb7e4000000-7fb7e4021000 rw-p 00000000 00:00 0 
7fb7e4021000-7fb7e8000000 ---p 00000000 00:00 0 
7fb7e8000000-7fb7e8021000 rw-p 00000000 00:00 0 
7fb7e8021000-7fb7ec000000 ---p 00000000 00:00 0 
7fb7ec037000-7fb7ec077000 rw-s 00000000 08:01 16256176                   /home/sam/#16256176 (deleted)
7fb7ec077000-7fb7ec0b9000 r-xp 00000000 103:02 9837994                   /usr/lib/x86_64-linux-gnu/libGLdispatch.so.0.0.0
7fb7ec0b9000-7fb7ec0d2000 r-xp 00042000 103:02 9837994                   /usr/lib/x86_64-linux-gnu/libGLdispatch.so.0.0.0
7fb7ec0d2000-7fb7ec0e5000 r-xp 0005b000 103:02 9837994                   /usr/lib/x86_64-linux-gnu/libGLdispatch.so.0.0.0
7fb7ec0e5000-7fb7ec2e4000 ---p 0006e000 103:02 9837994                   /usr/lib/x86_64-linux-gnu/libGLdispatch.so.0.0.0
7fb7ec2e4000-7fb7ec30c000 r--p 0006d000 103:02 9837994                   /usr/lib/x86_64-linux-gnu/libGLdispatch.so.0.0.0
7fb7ec30c000-7fb7ec30d000 rw-p 00095000 103:02 9837994                   /usr/lib/x86_64-linux-gnu/libGLdispatch.so.0.0.0
7fb7ec30d000-7fb7ec32d000 rw-p 00000000 00:00 0 
7fb7ec32d000-7fb7ec33d000 r-xp 00000000 103:02 9837992                   /usr/lib/x86_64-linux-gnu/libGLX.so.0.0.0
7fb7ec33d000-7fb7ec53c000 ---p 00010000 103:02 9837992                   /usr/lib/x86_64-linux-gnu/libGLX.so.0.0.0
7fb7ec53c000-7fb7ec53d000 r--p 0000f000 103:02 9837992                   /usr/lib/x86_64-linux-gnu/libGLX.so.0.0.0
7fb7ec53d000-7fb7ec53e000 rw-p 00010000 103:02 9837992                   /usr/lib/x86_64-linux-gnu/libGLX.so.0.0.0
7fb7ec53e000-7fb7ec55e000 rw-p 00000000 00:00 0 
7fb7ec55e000-7fb7ec5a2000 r-xp 00000000 103:02 9837986                   /usr/lib/x86_64-linux-gnu/libGL.so.1.0.0
7fb7ec5a2000-7fb7ec5bb000 r-xp 00044000 103:02 9837986                   /usr/lib/x86_64-linux-gnu/libGL.so.1.0.0
7fb7ec5bb000-7fb7ec5cf000 r-xp 0005d000 103:02 9837986                   /usr/lib/x86_64-linux-gnu/libGL.so.1.0.0
7fb7ec5cf000-7fb7ec7ce000 ---p 00071000 103:02 9837986                   /usr/lib/x86_64-linux-gnu/libGL.so.1.0.0
7fb7ec7ce000-7fb7ec7e8000 r--p 00070000 103:02 9837986                   /usr/lib/x86_64-linux-gnu/libGL.so.1.0.0
7fb7ec7e8000-7fb7ec7e9000 rw-p 0008a000 103:02 9837986                   /usr/lib/x86_64-linux-gnu/libGL.so.1.0.0
7fb7ec7e9000-7fb7ec7ea000 rw-p 00000000 00:00 0 
7fb7ec7ea000-7fb7ec7eb000 r-xp 00000000 103:02 9840453                   /usr/lib/x86_64-linux-gnu/libX11-xcb.so.1.0.0
7fb7ec7eb000-7fb7ec9ea000 ---p 00001000 103:02 9840453                   /usr/lib/x86_64-linux-gnu/libX11-xcb.so.1.0.0
7fb7ec9ea000-7fb7ec9eb000 r--p 00000000 103:02 9840453                   /usr/lib/x86_64-linux-gnu/libX11-xcb.so.1.0.0
7fb7ec9eb000-7fb7ec9ec000 rw-p 00001000 103:02 9840453                   /usr/lib/x86_64-linux-gnu/libX11-xcb.so.1.0.0
7fb7ec9ec000-7fb7ec9ee000 r-xp 00000000 103:02 9838067                   /usr/lib/x86_64-linux-gnu/libXinerama.so.1.0.0
7fb7ec9ee000-7fb7ecbed000 ---p 00002000 103:02 9838067                   /usr/lib/x86_64-linux-gnu/libXinerama.so.1.0.0
7fb7ecbed000-7fb7ecbee000 r--p 00001000 103:02 9838067                   /usr/lib/x86_64-linux-gnu/libXinerama.so.1.0.0
7fb7ecbee000-7fb7ecbef000 rw-p 00002000 103:02 9838067                   /usr/lib/x86_64-linux-gnu/libXinerama.so.1.0.0
7fb7ecbef000-7fb7ecbf4000 r-xp 00000000 103:02 9838059                   /usr/lib/x86_64-linux-gnu/libXfixes.so.3.1.0
7fb7ecbf4000-7fb7ecdf3000 ---p 00005000 103:02 9838059                   /usr/lib/x86_64-linux-gnu/libXfixes.so.3.1.0
7fb7ecdf3000-7fb7ecdf4000 r--p 00004000 103:02 9838059                   /usr/lib/x86_64-linux-gnu/libXfixes.so.3.1.0
7fb7ecdf4000-7fb7ecdf5000 rw-p 00005000 103:02 9838059                   /usr/lib/x86_64-linux-gnu/libXfixes.so.3.1.0
7fb7ecdf5000-7fb7ecdfe000 r-xp 00000000 103:02 9838051                   /usr/lib/x86_64-linux-gnu/libXcursor.so.1.0.2
7fb7ecdfe000-7fb7ecffd000 ---p 00009000 103:02 9838051                   /usr/lib/x86_64-linux-gnu/libXcursor.so.1.0.2
7fb7ecffd000-7fb7ecffe000 r--p 00008000 103:02 9838051                   /usr/lib/x86_64-linux-gnu/libXcursor.so.1.0.2
7fb7ecffe000-7fb7ecfff000 rw-p 00009000 103:02 9838051                   /usr/lib/x86_64-linux-gnu/libXcursor.so.1.0.2
7fb7ecfff000-7fb7f0000000 rw-p 00000000 00:00 0 
7fb7f0000000-7fb7f0021000 rw-p 00000000 00:00 0 
7fb7f0021000-7fb7f4000000 ---p 00000000 00:00 0 
7fb7f4034000-7fb7f4074000 r-xs 00000000 08:01 16256176                   /home/sam/#16256176 (deleted)
7fb7f4074000-7fb7f4077000 r-xp 00000000 00:00 0 
7fb7f4077000-7fb7f407a000 rw-s 00000000 00:06 552                        /dev/nvidiactl
7fb7f407a000-7fb7f407c000 rw-s 00000000 103:02 15728658                  /tmp/.gl6AA8T3 (deleted)
7fb7f407c000-7fb7f40bc000 rw-s 00000000 00:06 552                        /dev/nvidiactl
7fb7f40bc000-7fb7f40dc000 rw-s 00000000 00:06 552                        /dev/nvidiactl
7fb7f40dc000-7fb7f411c000 rw-s 00000000 00:06 552                        /dev/nvidiactl
7fb7f411c000-7fb7f413c000 rw-s 00000000 00:06 552                        /dev/nvidiactl
7fb7f413c000-7fb7f417c000 rw-s 00000000 00:06 552                        /dev/nvidiactl
7fb7f417c000-7fb7f4185000 r-xp 00000000 103:02 9838077                   /usr/lib/x86_64-linux-gnu/libXrender.so.1.3.0
7fb7f4185000-7fb7f4384000 ---p 00009000 103:02 9838077                   /usr/lib/x86_64-linux-gnu/libXrender.so.1.3.0
7fb7f4384000-7fb7f4385000 r--p 00008000 103:02 9838077                   /usr/lib/x86_64-linux-gnu/libXrender.so.1.3.0
7fb7f4385000-7fb7f4386000 rw-p 00009000 103:02 9838077                   /usr/lib/x86_64-linux-gnu/libXrender.so.1.3.0
7fb7f4386000-7fb7f4390000 r-xp 00000000 103:02 9838075                   /usr/lib/x86_64-linux-gnu/libXrandr.so.2.2.0
7fb7f4390000-7fb7f458f000 ---p 0000a000 103:02 9838075                   /usr/lib/x86_64-linux-gnu/libXrandr.so.2.2.0
7fb7f458f000-7fb7f4590000 r--p 00009000 103:02 9838075                   /usr/lib/x86_64-linux-gnu/libXrandr.so.2.2.0
7fb7f4590000-7fb7f4591000 rw-p 0000a000 103:02 9838075                   /usr/lib/x86_64-linux-gnu/libXrandr.so.2.2.0
7fb7f4591000-7fb7f45a0000 r-xp 00000000 103:02 9838065                   /usr/lib/x86_64-linux-gnu/libXi.so.6.1.0
7fb7f45a0000-7fb7f479f000 ---p 0000f000 103:02 9838065                   /usr/lib/x86_64-linux-gnu/libXi.so.6.1.0
7fb7f479f000-7fb7f47a0000 r--p 0000e000 103:02 9838065                   /usr/lib/x86_64-linux-gnu/libXi.so.6.1.0
7fb7f47a0000-7fb7f47a1000 rw-p 0000f000 103:02 9838065                   /usr/lib/x86_64-linux-gnu/libXi.so.6.1.0
7fb7f47a1000-7fb7f47b2000 r-xp 00000000 103:02 9838057                   /usr/lib/x86_64-linux-gnu/libXext.so.6.4.0
7fb7f47b2000-7fb7f49b1000 ---p 00011000 103:02 9838057                   /usr/lib/x86_64-linux-gnu/libXext.so.6.4.0
7fb7f49b1000-7fb7f49b2000 r--p 00010000 103:02 9838057                   /usr/lib/x86_64-linux-gnu/libXext.so.6.4.0
7fb7f49b2000-7fb7f49b3000 rw-p 00011000 103:02 9838057                   /usr/lib/x86_64-linux-gnu/libXext.so.6.4.0
7fb7f49b3000-7fb7f49b8000 r-xp 00000000 103:02 9838093                   /usr/lib/x86_64-linux-gnu/libXxf86vm.so.1.0.0
7fb7f49b8000-7fb7f4bb7000 ---p 00005000 103:02 9838093                   /usr/lib/x86_64-linux-gnu/libXxf86vm.so.1.0.0
7fb7f4bb7000-7fb7f4bb8000 r--p 00004000 103:02 9838093                   /usr/lib/x86_64-linux-gnu/libXxf86vm.so.1.0.0
7fb7f4bb8000-7fb7f4bb9000 rw-p 00005000 103:02 9838093                   /usr/lib/x86_64-linux-gnu/libXxf86vm.so.1.0.0
7fb7f4bb9000-7fb7f4bcc000 r-xp 00000000 103:02 22937869                  /lib/x86_64-linux-gnu/libbsd.so.0.8.7
7fb7f4bcc000-7fb7f4dcb000 ---p 00013000 103:02 22937869                  /lib/x86_64-linux-gnu/libbsd.so.0.8.7
7fb7f4dcb000-7fb7f4dcc000 r--p 00012000 103:02 22937869                  /lib/x86_64-linux-gnu/libbsd.so.0.8.7
7fb7f4dcc000-7fb7f4dcd000 rw-p 00013000 103:02 22937869                  /lib/x86_64-linux-gnu/libbsd.so.0.8.7
7fb7f4dcd000-7fb7f4dce000 rw-p 00000000 00:00 0 
7fb7f4dce000-7fb7f4dd3000 r-xp 00000000 103:02 9838055                   /usr/lib/x86_64-linux-gnu/libXdmcp.so.6.0.0
7fb7f4dd3000-7fb7f4fd2000 ---p 00005000 103:02 9838055                   /usr/lib/x86_64-linux-gnu/libXdmcp.so.6.0.0
7fb7f4fd2000-7fb7f4fd3000 r--p 00004000 103:02 9838055                   /usr/lib/x86_64-linux-gnu/libXdmcp.so.6.0.0
7fb7f4fd3000-7fb7f4fd4000 rw-p 00005000 103:02 9838055                   /usr/lib/x86_64-linux-gnu/libXdmcp.so.6.0.0
7fb7f4fd4000-7fb7f4fd6000 r-xp 00000000 103:02 9838044                   /usr/lib/x86_64-linux-gnu/libXau.so.6.0.0
7fb7f4fd6000-7fb7f51d6000 ---p 00002000 103:02 9838044                   /usr/lib/x86_64-linux-gnu/libXau.so.6.0.0
7fb7f51d6000-7fb7f51d7000 r--p 00002000 103:02 9838044                   /usr/lib/x86_64-linux-gnu/libXau.so.6.0.0
7fb7f51d7000-7fb7f51d8000 rw-p 00003000 103:02 9838044                   /usr/lib/x86_64-linux-gnu/libXau.so.6.0.0
7fb7f51d8000-7fb7f51fe000 r-xp 00000000 103:02 9840409                   /usr/lib/x86_64-linux-gnu/libxcb.so.1.1.0
7fb7f51fe000-7fb7f53fe000 ---p 00026000 103:02 9840409                   /usr/lib/x86_64-linux-gnu/libxcb.so.1.1.0
7fb7f53fe000-7fb7f53ff000 r--p 00026000 103:02 9840409                   /usr/lib/x86_64-linux-gnu/libxcb.so.1.1.0
7fb7f53ff000-7fb7f5400000 rw-p 00027000 103:02 9840409                   /usr/lib/x86_64-linux-gnu/libxcb.so.1.1.0
7fb7f5400000-7fb7f5533000 r-xp 00000000 103:02 9839217                   /usr/lib/x86_64-linux-gnu/libX11.so.6.3.0
7fb7f5533000-7fb7f5733000 ---p 00133000 103:02 9839217                   /usr/lib/x86_64-linux-gnu/libX11.so.6.3.0
7fb7f5733000-7fb7f5734000 r--p 00133000 103:02 9839217                   /usr/lib/x86_64-linux-gnu/libX11.so.6.3.0
7fb7f5734000-7fb7f5738000 rw-p 00134000 103:02 9839217                   /usr/lib/x86_64-linux-gnu/libX11.so.6.3.0
7fb7f5738000-7fb7f577b000 r-xp 00000000 103:02 15991431                  /tmp/lwjglsam/3.2.3-build-13/libglfw.so
7fb7f577b000-7fb7f597a000 ---p 00043000 103:02 15991431                  /tmp/lwjglsam/3.2.3-build-13/libglfw.so
7fb7f597a000-7fb7f597b000 r--p 00042000 103:02 15991431                  /tmp/lwjglsam/3.2.3-build-13/libglfw.so
7fb7f597b000-7fb7f597d000 rw-p 00043000 103:02 15991431                  /tmp/lwjglsam/3.2.3-build-13/libglfw.so
7fb7f597d000-7fb7f599e000 rw-p 00000000 00:00 0 
7fb7f599e000-7fb7f59ef000 r-xp 00000000 103:02 15991430                  /tmp/lwjglsam/3.2.3-build-13/liblwjgl.so
7fb7f59ef000-7fb7f5bee000 ---p 00051000 103:02 15991430                  /tmp/lwjglsam/3.2.3-build-13/liblwjgl.so
7fb7f5bee000-7fb7f5bef000 r--p 00050000 103:02 15991430                  /tmp/lwjglsam/3.2.3-build-13/liblwjgl.so
7fb7f5bef000-7fb7f5bf0000 rw-p 00051000 103:02 15991430                  /tmp/lwjglsam/3.2.3-build-13/liblwjgl.so
7fb7f5bf0000-7fb7f5c07000 r-xp 00000000 103:02 9837855                   /usr/lib/jvm/java-8-openjdk-amd64/jre/lib/amd64/libnet.so
7fb7f5c07000-7fb7f5e06000 ---p 00017000 103:02 9837855                   /usr/lib/jvm/java-8-openjdk-amd64/jre/lib/amd64/libnet.so
7fb7f5e06000-7fb7f5e07000 r--p 00016000 103:02 9837855                   /usr/lib/jvm/java-8-openjdk-amd64/jre/lib/amd64/libnet.so
7fb7f5e07000-7fb7f5e08000 rw-p 00017000 103:02 9837855                   /usr/lib/jvm/java-8-openjdk-amd64/jre/lib/amd64/libnet.so
7fb7f5e08000-7fb7f5e19000 r-xp 00000000 103:02 9837857                   /usr/lib/jvm/java-8-openjdk-amd64/jre/lib/amd64/libnio.so
7fb7f5e19000-7fb7f6019000 ---p 00011000 103:02 9837857                   /usr/lib/jvm/java-8-openjdk-amd64/jre/lib/amd64/libnio.so
7fb7f6019000-7fb7f601a000 r--p 00011000 103:02 9837857                   /usr/lib/jvm/java-8-openjdk-amd64/jre/lib/amd64/libnio.so
7fb7f601a000-7fb7f601b000 rw-p 00012000 103:02 9837857                   /usr/lib/jvm/java-8-openjdk-amd64/jre/lib/amd64/libnio.so
7fb7f601b000-7fb7f601c000 ---p 00000000 00:00 0 
7fb7f601c000-7fb7f611c000 rw-p 00000000 00:00 0 
7fb7f611c000-7fb7f611f000 ---p 00000000 00:00 0 
7fb7f611f000-7fb7f621d000 rw-p 00000000 00:00 0 
7fb7f621d000-7fb7f621e000 ---p 00000000 00:00 0 
7fb7f621e000-7fb7f6221000 ---p 00000000 00:00 0 
7fb7f6221000-7fb7f631e000 rw-p 00000000 00:00 0 
7fb7f631e000-7fb7f631f000 ---p 00000000 00:00 0 
7fb7f631f000-7fb7f6322000 ---p 00000000 00:00 0 
7fb7f6322000-7fb7f641f000 rw-p 00000000 00:00 0 
7fb7f641f000-7fb7f6420000 ---p 00000000 00:00 0 
7fb7f6420000-7fb7f6423000 ---p 00000000 00:00 0 
7fb7f6423000-7fb7f6520000 rw-p 00000000 00:00 0 
7fb7f6520000-7fb7f6521000 ---p 00000000 00:00 0 
7fb7f6521000-7fb7f6524000 ---p 00000000 00:00 0 
7fb7f6524000-7fb7f6621000 rw-p 00000000 00:00 0 
7fb7f6621000-7fb7f6624000 ---p 00000000 00:00 0 
7fb7f6624000-7fb7f6722000 rw-p 00000000 00:00 0 
7fb7f6722000-7fb7f70f1000 r--p 00000000 103:02 9837060                   /usr/lib/locale/locale-archive
7fb7f70f1000-7fb7f70f4000 ---p 00000000 00:00 0 
7fb7f70f4000-7fb7f71f2000 rw-p 00000000 00:00 0 
7fb7f71f2000-7fb7f71f5000 ---p 00000000 00:00 0 
7fb7f71f5000-7fb7f72f3000 rw-p 00000000 00:00 0 
7fb7f72f3000-7fb7f72f4000 ---p 00000000 00:00 0 
7fb7f72f4000-7fb7f8000000 rw-p 00000000 00:00 0 
7fb7f8000000-7fb7f8021000 rw-p 00000000 00:00 0 
7fb7f8021000-7fb7fc000000 ---p 00000000 00:00 0 
7fb7fc000000-7fb7fc001000 r-xp 00000000 00:00 0 
7fb7fc005000-7fb7fc018000 rw-s 00000000 00:06 552                        /dev/nvidiactl
7fb7fc018000-7fb7fc019000 rw-s 00000000 00:06 553                        /dev/nvidia0
7fb7fc019000-7fb7fc01b000 rw-s 00000000 00:06 552                        /dev/nvidiactl
7fb7fc01b000-7fb7fc01f000 rw-s 00000000 00:06 552                        /dev/nvidiactl
7fb7fc03a000-7fb7fc03f000 r--s 000a3000 103:02 9837971                   /usr/lib/jvm/java-8-openjdk-amd64/jre/lib/jsse.jar
7fb7fc03f000-7fb7fc046000 r--s 00000000 103:02 10095718                  /usr/lib/x86_64-linux-gnu/gconv/gconv-modules.cache
7fb7fc046000-7fb7fc059000 r--s 00346000 103:02 9837979                   /usr/lib/jvm/java-8-openjdk-amd64/jre/lib/resources.jar
7fb7fc059000-7fb7fc074000 r--s 001d6000 103:02 9837906                   /usr/lib/jvm/java-8-openjdk-amd64/jre/lib/ext/nashorn.jar
7fb7fc074000-7fb80c000000 rw-p 00000000 00:00 0 
7fb80c000000-7fb80c021000 rw-p 00000000 00:00 0 
7fb80c021000-7fb810000000 ---p 00000000 00:00 0 
7fb810000000-7fb810021000 rw-p 00000000 00:00 0 
7fb810021000-7fb814000000 ---p 00000000 00:00 0 
7fb814000000-7fb814021000 rw-p 00000000 00:00 0 
7fb814021000-7fb818000000 ---p 00000000 00:00 0 
7fb818000000-7fb818021000 rw-p 00000000 00:00 0 
7fb818021000-7fb81c000000 ---p 00000000 00:00 0 
7fb81c000000-7fb81c021000 rw-p 00000000 00:00 0 
7fb81c021000-7fb820000000 ---p 00000000 00:00 0 
7fb820000000-7fb820021000 rw-p 00000000 00:00 0 
7fb820021000-7fb824000000 ---p 00000000 00:00 0 
7fb824000000-7fb824021000 rw-p 00000000 00:00 0 
7fb824021000-7fb828000000 ---p 00000000 00:00 0 
7fb828000000-7fb828001000 rw-s 00000000 00:06 553                        /dev/nvidia0
7fb828001000-7fb828002000 rw-s 00000000 00:06 553                        /dev/nvidia0
7fb828002000-7fb828003000 rw-s 00000000 00:06 553                        /dev/nvidia0
7fb828003000-7fb828004000 rw-s 00000000 00:06 552                        /dev/nvidiactl
7fb828004000-7fb828005000 rw-s 00000000 00:06 552                        /dev/nvidiactl
7fb828005000-7fb828006000 rw-s 00000000 00:06 552                        /dev/nvidiactl
7fb828006000-7fb828007000 r--s 00002000 08:01 16253464                   /home/sam/Downloads/pngdecoder-1.0.jar
7fb828007000-7fb828008000 r--s 00022000 08:01 17960234                   /home/sam/Downloads/lwjgl-3.2.3/lwjgl-glfw/lwjgl-glfw-natives-linux-arm64.jar
7fb828008000-7fb828009000 r--s 00026000 08:01 17960235                   /home/sam/Downloads/lwjgl-3.2.3/lwjgl-glfw/lwjgl-glfw-natives-linux.jar
7fb828009000-7fb82800c000 r--s 00018000 08:01 17960240                   /home/sam/Downloads/lwjgl-3.2.3/lwjgl-glfw/lwjgl-glfw.jar
7fb82800c000-7fb82800e000 r--s 0000d000 08:01 19795215                   /home/sam/Downloads/lwjgl-3.2.3/lwjgl-opengl/lwjgl-opengl-natives-linux-arm64.jar
7fb82800e000-7fb82800f000 r--s 00013000 08:01 19795216                   /home/sam/Downloads/lwjgl-3.2.3/lwjgl-opengl/lwjgl-opengl-natives-linux.jar
7fb82800f000-7fb82801a000 r--s 000da000 08:01 19795221                   /home/sam/Downloads/lwjgl-3.2.3/lwjgl-opengl/lwjgl-opengl.jar
7fb82801a000-7fb8290fc000 rw-p 00000000 00:00 0 
7fb8290fc000-7fb8292cc000 r--s 03c5f000 103:02 9837981                   /usr/lib/jvm/java-8-openjdk-amd64/jre/lib/rt.jar
7fb8292cc000-7fb82ab37000 rw-p 00000000 00:00 0 
7fb82ab37000-7fb82ab38000 ---p 00000000 00:00 0 
7fb82ab38000-7fb82ac38000 rw-p 00000000 00:00 0 
7fb82ac38000-7fb82ac39000 ---p 00000000 00:00 0 
7fb82ac39000-7fb82ad39000 rw-p 00000000 00:00 0 
7fb82ad39000-7fb82ad3a000 ---p 00000000 00:00 0 
7fb82ad3a000-7fb82ae3a000 rw-p 00000000 00:00 0 
7fb82ae3a000-7fb82ae3b000 ---p 00000000 00:00 0 
7fb82ae3b000-7fb82af3b000 rw-p 00000000 00:00 0 
7fb82af3b000-7fb82af3c000 ---p 00000000 00:00 0 
7fb82af3c000-7fb82b03c000 rw-p 00000000 00:00 0 
7fb82b03c000-7fb82b03d000 ---p 00000000 00:00 0 
7fb82b03d000-7fb82b13d000 rw-p 00000000 00:00 0 
7fb82b13d000-7fb82b13e000 ---p 00000000 00:00 0 
7fb82b13e000-7fb82b2e5000 rw-p 00000000 00:00 0 
7fb82b2e5000-7fb82bca5000 ---p 00000000 00:00 0 
7fb82bca5000-7fb82bd4c000 rw-p 00000000 00:00 0 
7fb82bd4c000-7fb82c70b000 ---p 00000000 00:00 0 
7fb82c70b000-7fb82c75f000 rw-p 00000000 00:00 0 
7fb82c75f000-7fb82cc3f000 ---p 00000000 00:00 0 
7fb82cc3f000-7fb82cc52000 rw-p 00000000 00:00 0 
7fb82cc52000-7fb82d000000 ---p 00000000 00:00 0 
7fb82d000000-7fb82d450000 rwxp 00000000 00:00 0 
7fb82d450000-7fb83c000000 ---p 00000000 00:00 0 
7fb83c000000-7fb83feb9000 rw-p 00000000 00:00 0 
7fb83feb9000-7fb840000000 ---p 00000000 00:00 0 
7fb840000000-7fb840001000 r--s 0000c000 08:01 16517972                   /home/sam/Downloads/lwjgl-3.2.3/lwjgl/lwjgl-natives-linux-arm64.jar
7fb840001000-7fb840002000 r--s 00012000 08:01 16517973                   /home/sam/Downloads/lwjgl-3.2.3/lwjgl/lwjgl-natives-linux.jar
7fb840002000-7fb840009000 r--s 00081000 08:01 16518147                   /home/sam/Downloads/lwjgl-3.2.3/lwjgl/lwjgl.jar
7fb840009000-7fb84000e000 r--s 0003d000 103:02 9837915                   /usr/lib/jvm/java-8-openjdk-amd64/jre/lib/ext/sunjce_provider.jar
7fb84000e000-7fb840012000 r--s 0003a000 103:02 9837917                   /usr/lib/jvm/java-8-openjdk-amd64/jre/lib/ext/sunpkcs11.jar
7fb840012000-7fb840015000 r--s 0000f000 103:02 9837900                   /usr/lib/jvm/java-8-openjdk-amd64/jre/lib/ext/icedtea-sound.jar
7fb840015000-7fb840016000 ---p 00000000 00:00 0 
7fb840016000-7fb840116000 rw-p 00000000 00:00 0 
7fb840116000-7fb840117000 ---p 00000000 00:00 0 
7fb840117000-7fb840217000 rw-p 00000000 00:00 0 
7fb840217000-7fb840218000 ---p 00000000 00:00 0 
7fb840218000-7fb840318000 rw-p 00000000 00:00 0 
7fb840318000-7fb840320000 r-xp 00000000 103:02 9837871                   /usr/lib/jvm/java-8-openjdk-amd64/jre/lib/amd64/libzip.so
7fb840320000-7fb84051f000 ---p 00008000 103:02 9837871                   /usr/lib/jvm/java-8-openjdk-amd64/jre/lib/amd64/libzip.so
7fb84051f000-7fb840520000 r--p 00007000 103:02 9837871                   /usr/lib/jvm/java-8-openjdk-amd64/jre/lib/amd64/libzip.so
7fb840520000-7fb840521000 rw-p 00008000 103:02 9837871                   /usr/lib/jvm/java-8-openjdk-amd64/jre/lib/amd64/libzip.so
7fb840521000-7fb84052c000 r-xp 00000000 103:02 22942476                  /lib/x86_64-linux-gnu/libnss_files-2.27.so
7fb84052c000-7fb84072b000 ---p 0000b000 103:02 22942476                  /lib/x86_64-linux-gnu/libnss_files-2.27.so
7fb84072b000-7fb84072c000 r--p 0000a000 103:02 22942476                  /lib/x86_64-linux-gnu/libnss_files-2.27.so
7fb84072c000-7fb84072d000 rw-p 0000b000 103:02 22942476                  /lib/x86_64-linux-gnu/libnss_files-2.27.so
7fb84072d000-7fb840733000 rw-p 00000000 00:00 0 
7fb840733000-7fb84074a000 r-xp 00000000 103:02 22942470                  /lib/x86_64-linux-gnu/libnsl-2.27.so
7fb84074a000-7fb840949000 ---p 00017000 103:02 22942470                  /lib/x86_64-linux-gnu/libnsl-2.27.so
7fb840949000-7fb84094a000 r--p 00016000 103:02 22942470                  /lib/x86_64-linux-gnu/libnsl-2.27.so
7fb84094a000-7fb84094b000 rw-p 00017000 103:02 22942470                  /lib/x86_64-linux-gnu/libnsl-2.27.so
7fb84094b000-7fb84094d000 rw-p 00000000 00:00 0 
7fb84094d000-7fb840958000 r-xp 00000000 103:02 22942487                  /lib/x86_64-linux-gnu/libnss_nis-2.27.so
7fb840958000-7fb840b57000 ---p 0000b000 103:02 22942487                  /lib/x86_64-linux-gnu/libnss_nis-2.27.so
7fb840b57000-7fb840b58000 r--p 0000a000 103:02 22942487                  /lib/x86_64-linux-gnu/libnss_nis-2.27.so
7fb840b58000-7fb840b59000 rw-p 0000b000 103:02 22942487                  /lib/x86_64-linux-gnu/libnss_nis-2.27.so
7fb840b59000-7fb840b61000 r-xp 00000000 103:02 22942472                  /lib/x86_64-linux-gnu/libnss_compat-2.27.so
7fb840b61000-7fb840d61000 ---p 00008000 103:02 22942472                  /lib/x86_64-linux-gnu/libnss_compat-2.27.so
7fb840d61000-7fb840d62000 r--p 00008000 103:02 22942472                  /lib/x86_64-linux-gnu/libnss_compat-2.27.so
7fb840d62000-7fb840d63000 rw-p 00009000 103:02 22942472                  /lib/x86_64-linux-gnu/libnss_compat-2.27.so
7fb840d63000-7fb840d8d000 r-xp 00000000 103:02 9837833                   /usr/lib/jvm/java-8-openjdk-amd64/jre/lib/amd64/libjava.so
7fb840d8d000-7fb840f8c000 ---p 0002a000 103:02 9837833                   /usr/lib/jvm/java-8-openjdk-amd64/jre/lib/amd64/libjava.so
7fb840f8c000-7fb840f8d000 r--p 00029000 103:02 9837833                   /usr/lib/jvm/java-8-openjdk-amd64/jre/lib/amd64/libjava.so
7fb840f8d000-7fb840f8f000 rw-p 0002a000 103:02 9837833                   /usr/lib/jvm/java-8-openjdk-amd64/jre/lib/amd64/libjava.so
7fb840f8f000-7fb840f9f000 r-xp 00000000 103:02 9837869                   /usr/lib/jvm/java-8-openjdk-amd64/jre/lib/amd64/libverify.so
7fb840f9f000-7fb84119e000 ---p 00010000 103:02 9837869                   /usr/lib/jvm/java-8-openjdk-amd64/jre/lib/amd64/libverify.so
7fb84119e000-7fb8411a0000 r--p 0000f000 103:02 9837869                   /usr/lib/jvm/java-8-openjdk-amd64/jre/lib/amd64/libverify.so
7fb8411a0000-7fb8411a1000 rw-p 00011000 103:02 9837869                   /usr/lib/jvm/java-8-openjdk-amd64/jre/lib/amd64/libverify.so
7fb8411a1000-7fb8411a8000 r-xp 00000000 103:02 22942527                  /lib/x86_64-linux-gnu/librt-2.27.so
7fb8411a8000-7fb8413a7000 ---p 00007000 103:02 22942527                  /lib/x86_64-linux-gnu/librt-2.27.so
7fb8413a7000-7fb8413a8000 r--p 00006000 103:02 22942527                  /lib/x86_64-linux-gnu/librt-2.27.so
7fb8413a8000-7fb8413a9000 rw-p 00007000 103:02 22942527                  /lib/x86_64-linux-gnu/librt-2.27.so
7fb8413a9000-7fb8413c0000 r-xp 00000000 103:02 22937606                  /lib/x86_64-linux-gnu/libgcc_s.so.1
7fb8413c0000-7fb8415bf000 ---p 00017000 103:02 22937606                  /lib/x86_64-linux-gnu/libgcc_s.so.1
7fb8415bf000-7fb8415c0000 r--p 00016000 103:02 22937606                  /lib/x86_64-linux-gnu/libgcc_s.so.1
7fb8415c0000-7fb8415c1000 rw-p 00017000 103:02 22937606                  /lib/x86_64-linux-gnu/libgcc_s.so.1
7fb8415c1000-7fb84175e000 r-xp 00000000 103:02 22942449                  /lib/x86_64-linux-gnu/libm-2.27.so
7fb84175e000-7fb84195d000 ---p 0019d000 103:02 22942449                  /lib/x86_64-linux-gnu/libm-2.27.so
7fb84195d000-7fb84195e000 r--p 0019c000 103:02 22942449                  /lib/x86_64-linux-gnu/libm-2.27.so
7fb84195e000-7fb84195f000 rw-p 0019d000 103:02 22942449                  /lib/x86_64-linux-gnu/libm-2.27.so
7fb84195f000-7fb841ad8000 r-xp 00000000 103:02 9830530                   /usr/lib/x86_64-linux-gnu/libstdc++.so.6.0.25
7fb841ad8000-7fb841cd8000 ---p 00179000 103:02 9830530                   /usr/lib/x86_64-linux-gnu/libstdc++.so.6.0.25
7fb841cd8000-7fb841ce2000 r--p 00179000 103:02 9830530                   /usr/lib/x86_64-linux-gnu/libstdc++.so.6.0.25
7fb841ce2000-7fb841ce4000 rw-p 00183000 103:02 9830530                   /usr/lib/x86_64-linux-gnu/libstdc++.so.6.0.25
7fb841ce4000-7fb841ce8000 rw-p 00000000 00:00 0 
7fb841ce8000-7fb84298a000 r-xp 00000000 103:02 9837875                   /usr/lib/jvm/java-8-openjdk-amd64/jre/lib/amd64/server/libjvm.so
7fb84298a000-7fb842b89000 ---p 00ca2000 103:02 9837875                   /usr/lib/jvm/java-8-openjdk-amd64/jre/lib/amd64/server/libjvm.so
7fb842b89000-7fb842c1d000 r--p 00ca1000 103:02 9837875                   /usr/lib/jvm/java-8-openjdk-amd64/jre/lib/amd64/server/libjvm.so
7fb842c1d000-7fb842c46000 rw-p 00d35000 103:02 9837875                   /usr/lib/jvm/java-8-openjdk-amd64/jre/lib/amd64/server/libjvm.so
7fb842c46000-7fb842c76000 rw-p 00000000 00:00 0 
7fb842c76000-7fb842c90000 r-xp 00000000 103:02 22942519                  /lib/x86_64-linux-gnu/libpthread-2.27.so
7fb842c90000-7fb842e8f000 ---p 0001a000 103:02 22942519                  /lib/x86_64-linux-gnu/libpthread-2.27.so
7fb842e8f000-7fb842e90000 r--p 00019000 103:02 22942519                  /lib/x86_64-linux-gnu/libpthread-2.27.so
7fb842e90000-7fb842e91000 rw-p 0001a000 103:02 22942519                  /lib/x86_64-linux-gnu/libpthread-2.27.so
7fb842e91000-7fb842e95000 rw-p 00000000 00:00 0 
7fb842e95000-7fb842e98000 r-xp 00000000 103:02 22942409                  /lib/x86_64-linux-gnu/libdl-2.27.so
7fb842e98000-7fb843097000 ---p 00003000 103:02 22942409                  /lib/x86_64-linux-gnu/libdl-2.27.so
7fb843097000-7fb843098000 r--p 00002000 103:02 22942409                  /lib/x86_64-linux-gnu/libdl-2.27.so
7fb843098000-7fb843099000 rw-p 00003000 103:02 22942409                  /lib/x86_64-linux-gnu/libdl-2.27.so
7fb843099000-7fb8430b5000 r-xp 00000000 103:02 22942558                  /lib/x86_64-linux-gnu/libz.so.1.2.11
7fb8430b5000-7fb8432b4000 ---p 0001c000 103:02 22942558                  /lib/x86_64-linux-gnu/libz.so.1.2.11
7fb8432b4000-7fb8432b5000 r--p 0001b000 103:02 22942558                  /lib/x86_64-linux-gnu/libz.so.1.2.11
7fb8432b5000-7fb8432b6000 rw-p 0001c000 103:02 22942558                  /lib/x86_64-linux-gnu/libz.so.1.2.11
7fb8432b6000-7fb84349d000 r-xp 00000000 103:02 22942386                  /lib/x86_64-linux-gnu/libc-2.27.so
7fb84349d000-7fb84369d000 ---p 001e7000 103:02 22942386                  /lib/x86_64-linux-gnu/libc-2.27.so
7fb84369d000-7fb8436a1000 r--p 001e7000 103:02 22942386                  /lib/x86_64-linux-gnu/libc-2.27.so
7fb8436a1000-7fb8436a3000 rw-p 001eb000 103:02 22942386                  /lib/x86_64-linux-gnu/libc-2.27.so
7fb8436a3000-7fb8436a7000 rw-p 00000000 00:00 0 
7fb8436a7000-7fb8436b5000 r-xp 00000000 103:02 9833482                   /usr/lib/jvm/java-8-openjdk-amd64/jre/lib/amd64/jli/libjli.so
7fb8436b5000-7fb8438b4000 ---p 0000e000 103:02 9833482                   /usr/lib/jvm/java-8-openjdk-amd64/jre/lib/amd64/jli/libjli.so
7fb8438b4000-7fb8438b5000 r--p 0000d000 103:02 9833482                   /usr/lib/jvm/java-8-openjdk-amd64/jre/lib/amd64/jli/libjli.so
7fb8438b5000-7fb8438b6000 rw-p 0000e000 103:02 9833482                   /usr/lib/jvm/java-8-openjdk-amd64/jre/lib/amd64/jli/libjli.so
7fb8438b6000-7fb8438dd000 r-xp 00000000 103:02 22942358                  /lib/x86_64-linux-gnu/ld-2.27.so
7fb8438dd000-7fb8438de000 r--s 0000a000 103:02 9837902                   /usr/lib/jvm/java-8-openjdk-amd64/jre/lib/ext/jaccess.jar
7fb8438de000-7fb8438f9000 r--s 00394000 103:02 9837896                   /usr/lib/jvm/java-8-openjdk-amd64/jre/lib/ext/cldrdata.jar
7fb8438f9000-7fb8439be000 rw-p 00000000 00:00 0 
7fb8439be000-7fb8439bf000 ---p 00000000 00:00 0 
7fb8439bf000-7fb8439c2000 ---p 00000000 00:00 0 
7fb8439c2000-7fb843ac1000 rw-p 00000000 00:00 0 
7fb843ac1000-7fb843ac3000 r--s 00001000 103:02 9837898                   /usr/lib/jvm/java-8-openjdk-amd64/jre/lib/ext/dnsns.jar
7fb843ac3000-7fb843acd000 r--s 00116000 103:02 9837904                   /usr/lib/jvm/java-8-openjdk-amd64/jre/lib/ext/localedata.jar
7fb843acd000-7fb843acf000 r--s 00007000 103:02 10224650                  /usr/share/java/java-atk-wrapper.jar
7fb843acf000-7fb843ad0000 r--s 0000d000 103:02 9837913                   /usr/lib/jvm/java-8-openjdk-amd64/jre/lib/ext/sunec.jar
7fb843ad0000-7fb843ad1000 r--s 00010000 103:02 9837919                   /usr/lib/jvm/java-8-openjdk-amd64/jre/lib/ext/zipfs.jar
7fb843ad1000-7fb843ad9000 rw-s 00000000 103:02 15990796                  /tmp/hsperfdata_sam/5815
7fb843ad9000-7fb843ada000 rw-p 00000000 00:00 0 
7fb843ada000-7fb843adb000 r--p 00000000 00:00 0 
7fb843adb000-7fb843add000 rw-p 00000000 00:00 0 
7fb843add000-7fb843ade000 r--p 00027000 103:02 22942358                  /lib/x86_64-linux-gnu/ld-2.27.so
7fb843ade000-7fb843adf000 rw-p 00028000 103:02 22942358                  /lib/x86_64-linux-gnu/ld-2.27.so
7fb843adf000-7fb843ae0000 rw-p 00000000 00:00 0 
7ffc985c8000-7ffc985e9000 rw-p 00000000 00:00 0                          [stack]
7ffc985f7000-7ffc985fa000 r--p 00000000 00:00 0                          [vvar]
7ffc985fa000-7ffc985fb000 r-xp 00000000 00:00 0                          [vdso]
ffffffffff600000-ffffffffff601000 --xp 00000000 00:00 0                  [vsyscall]

VM Arguments:
jvm_args: -Dfile.encoding=UTF-8 
java_command: main.Main
java_class_path (initial): /home/sam/Downloads/lwjgl-3.2.3/lwjgl/lwjgl.jar:/home/sam/Downloads/lwjgl-3.2.3/lwjgl/lwjgl-natives-linux.jar:/home/sam/Downloads/lwjgl-3.2.3/lwjgl/lwjgl-natives-linux-arm64.jar:/home/sam/Downloads/lwjgl-3.2.3/lwjgl-opengl/lwjgl-opengl.jar:/home/sam/Downloads/lwjgl-3.2.3/lwjgl-opengl/lwjgl-opengl-natives-linux.jar:/home/sam/Downloads/lwjgl-3.2.3/lwjgl-opengl/lwjgl-opengl-natives-linux-arm64.jar:/home/sam/Downloads/lwjgl-3.2.3/lwjgl-glfw/lwjgl-glfw.jar:/home/sam/Downloads/lwjgl-3.2.3/lwjgl-glfw/lwjgl-glfw-natives-linux.jar:/home/sam/Downloads/lwjgl-3.2.3/lwjgl-glfw/lwjgl-glfw-natives-linux-arm64.jar:/home/sam/Downloads/pngdecoder-1.0.jar:/home/sam/eclipse/workspace/LWJGL-ENGINE/bin
Launcher Type: SUN_STANDARD

Environment Variables:
PATH=/usr/local/sbin:/usr/local/bin:/usr/sbin:/usr/bin:/sbin:/bin:/usr/games:/usr/local/games:/snap/bin
USERNAME=sam
SHELL=/bin/bash
DISPLAY=:0

Signal Handlers:
SIGSEGV: [libjvm.so+0xabafd0], sa_mask[0]=11111111011111111101111111111110, sa_flags=SA_RESTART|SA_SIGINFO
SIGBUS: [libjvm.so+0xabafd0], sa_mask[0]=11111111011111111101111111111110, sa_flags=SA_RESTART|SA_SIGINFO
SIGFPE: [libjvm.so+0x8f05b0], sa_mask[0]=11111111011111111101111111111110, sa_flags=SA_RESTART|SA_SIGINFO
SIGPIPE: [libjvm.so+0x8f05b0], sa_mask[0]=11111111011111111101111111111110, sa_flags=SA_RESTART|SA_SIGINFO
SIGXFSZ: [libjvm.so+0x8f05b0], sa_mask[0]=11111111011111111101111111111110, sa_flags=SA_RESTART|SA_SIGINFO
SIGILL: [libjvm.so+0x8f05b0], sa_mask[0]=11111111011111111101111111111110, sa_flags=SA_RESTART|SA_SIGINFO
SIGUSR1: SIG_DFL, sa_mask[0]=00000000000000000000000000000000, sa_flags=none
SIGUSR2: [libjvm.so+0x8f0460], sa_mask[0]=00100000000000000000000000000000, sa_flags=SA_RESTART|SA_SIGINFO
SIGHUP: [libjvm.so+0x8f0ad0], sa_mask[0]=11111111011111111101111111111110, sa_flags=SA_RESTART|SA_SIGINFO
SIGINT: [libjvm.so+0x8f0ad0], sa_mask[0]=11111111011111111101111111111110, sa_flags=SA_RESTART|SA_SIGINFO
SIGTERM: [libjvm.so+0x8f0ad0], sa_mask[0]=11111111011111111101111111111110, sa_flags=SA_RESTART|SA_SIGINFO
SIGQUIT: [libjvm.so+0x8f0ad0], sa_mask[0]=11111111011111111101111111111110, sa_flags=SA_RESTART|SA_SIGINFO


---------------  S Y S T E M  ---------------

OS:DISTRIB_ID=Ubuntu
DISTRIB_RELEASE=18.04
DISTRIB_CODENAME=bionic
DISTRIB_DESCRIPTION="Ubuntu 18.04.3 LTS"

uname:Linux 5.3.0-26-generic #28~18.04.1-Ubuntu SMP Wed Dec 18 16:40:14 UTC 2019 x86_64
libc:glibc 2.27 NPTL 2.27 
rlimit: STACK 8192k, CORE 0k, NPROC 127594, NOFILE 1048576, AS infinity
load average:1.78 3.35 2.10

/proc/meminfo:
MemTotal:       32713532 kB
MemFree:        27244424 kB
MemAvailable:   28479512 kB
Buffers:          226088 kB
Cached:          1863072 kB
SwapCached:            0 kB
Active:          3590096 kB
Inactive:        1182920 kB
Active(anon):    2869312 kB
Inactive(anon):   390900 kB
Active(file):     720784 kB
Inactive(file):   792020 kB
Unevictable:      184276 kB
Mlocked:             128 kB
SwapTotal:       2097148 kB
SwapFree:        2097148 kB
Dirty:               192 kB
Writeback:             0 kB
AnonPages:       2868392 kB
Mapped:           846900 kB
Shmem:            576364 kB
KReclaimable:     183248 kB
Slab:             268496 kB
SReclaimable:     183248 kB
SUnreclaim:        85248 kB
KernelStack:       18312 kB
PageTables:        60020 kB
NFS_Unstable:          0 kB
Bounce:                0 kB
WritebackTmp:          0 kB
CommitLimit:    18453912 kB
Committed_AS:    9940696 kB
VmallocTotal:   34359738367 kB
VmallocUsed:       61972 kB
VmallocChunk:          0 kB
Percpu:             5824 kB
HardwareCorrupted:     0 kB
AnonHugePages:         0 kB
ShmemHugePages:        0 kB
ShmemPmdMapped:        0 kB
CmaTotal:              0 kB
CmaFree:               0 kB
HugePages_Total:       0
HugePages_Free:        0
HugePages_Rsvd:        0
HugePages_Surp:        0
Hugepagesize:       2048 kB
Hugetlb:               0 kB
DirectMap4k:      350880 kB
DirectMap2M:     7864320 kB
DirectMap1G:    25165824 kB

container (cgroup) information:
container_type: cgroupv1
cpu_cpuset_cpus: 0-11
cpu_memory_nodes: 0
active_processor_count: 12
cpu_quota: -1
cpu_period: 100000
cpu_shares: -1
memory_limit_in_bytes: -1
memory_and_swap_limit_in_bytes: -2
memory_soft_limit_in_bytes: -1
memory_usage_in_bytes: 5076008960
memory_max_usage_in_bytes: 0


CPU:total 12 (initial active 12) (6 cores per cpu, 2 threads per core) family 6 model 158 stepping 10, cmov, cx8, fxsr, mmx, sse, sse2, sse3, ssse3, sse4.1, sse4.2, popcnt, avx, avx2, aes, clmul, erms, 3dnowpref, lzcnt, ht, tsc, tscinvbit, bmi1, bmi2, adx

/proc/cpuinfo:
processor	: 0
vendor_id	: GenuineIntel
cpu family	: 6
model		: 158
model name	: Intel(R) Core(TM) i7-8750H CPU @ 2.20GHz
stepping	: 10
microcode	: 0xca
cpu MHz		: 3901.043
cache size	: 9216 KB
physical id	: 0
siblings	: 12
core id		: 0
cpu cores	: 6
apicid		: 0
initial apicid	: 0
fpu		: yes
fpu_exception	: yes
cpuid level	: 22
wp		: yes
flags		: fpu vme de pse tsc msr pae mce cx8 apic sep mtrr pge mca cmov pat pse36 clflush dts acpi mmx fxsr sse sse2 ss ht tm pbe syscall nx pdpe1gb rdtscp lm constant_tsc art arch_perfmon pebs bts rep_good nopl xtopology nonstop_tsc cpuid aperfmperf pni pclmulqdq dtes64 monitor ds_cpl vmx est tm2 ssse3 sdbg fma cx16 xtpr pdcm pcid sse4_1 sse4_2 x2apic movbe popcnt tsc_deadline_timer aes xsave avx f16c rdrand lahf_lm abm 3dnowprefetch cpuid_fault epb invpcid_single pti ssbd ibrs ibpb stibp tpr_shadow vnmi flexpriority ept vpid ept_ad fsgsbase tsc_adjust bmi1 avx2 smep bmi2 erms invpcid mpx rdseed adx smap clflushopt intel_pt xsaveopt xsavec xgetbv1 xsaves dtherm ida arat pln pts hwp hwp_notify hwp_act_window hwp_epp md_clear flush_l1d
bugs		: cpu_meltdown spectre_v1 spectre_v2 spec_store_bypass l1tf mds swapgs itlb_multihit
bogomips	: 4399.99
clflush size	: 64
cache_alignment	: 64
address sizes	: 39 bits physical, 48 bits virtual
power management:

processor	: 1
vendor_id	: GenuineIntel
cpu family	: 6
model		: 158
model name	: Intel(R) Core(TM) i7-8750H CPU @ 2.20GHz
stepping	: 10
microcode	: 0xca
cpu MHz		: 3900.094
cache size	: 9216 KB
physical id	: 0
siblings	: 12
core id		: 1
cpu cores	: 6
apicid		: 2
initial apicid	: 2
fpu		: yes
fpu_exception	: yes
cpuid level	: 22
wp		: yes
flags		: fpu vme de pse tsc msr pae mce cx8 apic sep mtrr pge mca cmov pat pse36 clflush dts acpi mmx fxsr sse sse2 ss ht tm pbe syscall nx pdpe1gb rdtscp lm constant_tsc art arch_perfmon pebs bts rep_good nopl xtopology nonstop_tsc cpuid aperfmperf pni pclmulqdq dtes64 monitor ds_cpl vmx est tm2 ssse3 sdbg fma cx16 xtpr pdcm pcid sse4_1 sse4_2 x2apic movbe popcnt tsc_deadline_timer aes xsave avx f16c rdrand lahf_lm abm 3dnowprefetch cpuid_fault epb invpcid_single pti ssbd ibrs ibpb stibp tpr_shadow vnmi flexpriority ept vpid ept_ad fsgsbase tsc_adjust bmi1 avx2 smep bmi2 erms invpcid mpx rdseed adx smap clflushopt intel_pt xsaveopt xsavec xgetbv1 xsaves dtherm ida arat pln pts hwp hwp_notify hwp_act_window hwp_epp md_clear flush_l1d
bugs		: cpu_meltdown spectre_v1 spectre_v2 spec_store_bypass l1tf mds swapgs itlb_multihit
bogomips	: 4399.99
clflush size	: 64
cache_alignment	: 64
address sizes	: 39 bits physical, 48 bits virtual
power management:

processor	: 2
vendor_id	: GenuineIntel
cpu family	: 6
model		: 158
model name	: Intel(R) Core(TM) i7-8750H CPU @ 2.20GHz
stepping	: 10
microcode	: 0xca
cpu MHz		: 3899.468
cache size	: 9216 KB
physical id	: 0
siblings	: 12
core id		: 2
cpu cores	: 6
apicid		: 4
initial apicid	: 4
fpu		: yes
fpu_exception	: yes
cpuid level	: 22
wp		: yes
flags		: fpu vme de pse tsc msr pae mce cx8 apic sep mtrr pge mca cmov pat pse36 clflush dts acpi mmx fxsr sse sse2 ss ht tm pbe syscall nx pdpe1gb rdtscp lm constant_tsc art arch_perfmon pebs bts rep_good nopl xtopology nonstop_tsc cpuid aperfmperf pni pclmulqdq dtes64 monitor ds_cpl vmx est tm2 ssse3 sdbg fma cx16 xtpr pdcm pcid sse4_1 sse4_2 x2apic movbe popcnt tsc_deadline_timer aes xsave avx f16c rdrand lahf_lm abm 3dnowprefetch cpuid_fault epb invpcid_single pti ssbd ibrs ibpb stibp tpr_shadow vnmi flexpriority ept vpid ept_ad fsgsbase tsc_adjust bmi1 avx2 smep bmi2 erms invpcid mpx rdseed adx smap clflushopt intel_pt xsaveopt xsavec xgetbv1 xsaves dtherm ida arat pln pts hwp hwp_notify hwp_act_window hwp_epp md_clear flush_l1d
bugs		: cpu_meltdown spectre_v1 spectre_v2 spec_store_bypass l1tf mds swapgs itlb_multihit
bogomips	: 4399.99
clflush size	: 64
cache_alignment	: 64
address sizes	: 39 bits physical, 48 bits virtual
power management:

processor	: 3
vendor_id	: GenuineIntel
cpu family	: 6
model		: 158
model name	: Intel(R) Core(TM) i7-8750H CPU @ 2.20GHz
stepping	: 10
microcode	: 0xca
cpu MHz		: 3899.689
cache size	: 9216 KB
physical id	: 0
siblings	: 12
core id		: 3
cpu cores	: 6
apicid		: 6
initial apicid	: 6
fpu		: yes
fpu_exception	: yes
cpuid level	: 22
wp		: yes
flags		: fpu vme de pse tsc msr pae mce cx8 apic sep mtrr pge mca cmov pat pse36 clflush dts acpi mmx fxsr sse sse2 ss ht tm pbe syscall nx pdpe1gb rdtscp lm constant_tsc art arch_perfmon pebs bts rep_good nopl xtopology nonstop_tsc cpuid aperfmperf pni pclmulqdq dtes64 monitor ds_cpl vmx est tm2 ssse3 sdbg fma cx16 xtpr pdcm pcid sse4_1 sse4_2 x2apic movbe popcnt tsc_deadline_timer aes xsave avx f16c rdrand lahf_lm abm 3dnowprefetch cpuid_fault epb invpcid_single pti ssbd ibrs ibpb stibp tpr_shadow vnmi flexpriority ept vpid ept_ad fsgsbase tsc_adjust bmi1 avx2 smep bmi2 erms invpcid mpx rdseed adx smap clflushopt intel_pt xsaveopt xsavec xgetbv1 xsaves dtherm ida arat pln pts hwp hwp_notify hwp_act_window hwp_epp md_clear flush_l1d
bugs		: cpu_meltdown spectre_v1 spectre_v2 spec_store_bypass l1tf mds swapgs itlb_multihit
bogomips	: 4399.99
clflush size	: 64
cache_alignment	: 64
address sizes	: 39 bits physical, 48 bits virtual
power management:

processor	: 4
vendor_id	: GenuineIntel
cpu family	: 6
model		: 158
model name	: Intel(R) Core(TM) i7-8750H CPU @ 2.20GHz
stepping	: 10
microcode	: 0xca
cpu MHz		: 3900.926
cache size	: 9216 KB
physical id	: 0
siblings	: 12
core id		: 4
cpu cores	: 6
apicid		: 8
initial apicid	: 8
fpu		: yes
fpu_exception	: yes
cpuid level	: 22
wp		: yes
flags		: fpu vme de pse tsc msr pae mce cx8 apic sep mtrr pge mca cmov pat pse36 clflush dts acpi mmx fxsr sse sse2 ss ht tm pbe syscall nx pdpe1gb rdtscp lm constant_tsc art arch_perfmon pebs bts rep_good nopl xtopology nonstop_tsc cpuid aperfmperf pni pclmulqdq dtes64 monitor ds_cpl vmx est tm2 ssse3 sdbg fma cx16 xtpr pdcm pcid sse4_1 sse4_2 x2apic movbe popcnt tsc_deadline_timer aes xsave avx f16c rdrand lahf_lm abm 3dnowprefetch cpuid_fault epb invpcid_single pti ssbd ibrs ibpb stibp tpr_shadow vnmi flexpriority ept vpid ept_ad fsgsbase tsc_adjust bmi1 avx2 smep bmi2 erms invpcid mpx rdseed adx smap clflushopt intel_pt xsaveopt xsavec xgetbv1 xsaves dtherm ida arat pln pts hwp hwp_notify hwp_act_window hwp_epp md_clear flush_l1d
bugs		: cpu_meltdown spectre_v1 spectre_v2 spec_store_bypass l1tf mds swapgs itlb_multihit
bogomips	: 4399.99
clflush size	: 64
cache_alignment	: 64
address sizes	: 39 bits physical, 48 bits virtual
power management:

processor	: 5
vendor_id	: GenuineIntel
cpu family	: 6
model		: 158
model name	: Intel(R) Core(TM) i7-8750H CPU @ 2.20GHz
stepping	: 10
microcode	: 0xca
cpu MHz		: 3900.364
cache size	: 9216 KB
physical id	: 0
siblings	: 12
core id		: 5
cpu cores	: 6
apicid		: 10
initial apicid	: 10
fpu		: yes
fpu_exception	: yes
cpuid level	: 22
wp		: yes
flags		: fpu vme de pse tsc msr pae mce cx8 apic sep mtrr pge mca cmov pat pse36 clflush dts acpi mmx fxsr sse sse2 ss ht tm pbe syscall nx pdpe1gb rdtscp lm constant_tsc art arch_perfmon pebs bts rep_good nopl xtopology nonstop_tsc cpuid aperfmperf pni pclmulqdq dtes64 monitor ds_cpl vmx est tm2 ssse3 sdbg fma cx16 xtpr pdcm pcid sse4_1 sse4_2 x2apic movbe popcnt tsc_deadline_timer aes xsave avx f16c rdrand lahf_lm abm 3dnowprefetch cpuid_fault epb invpcid_single pti ssbd ibrs ibpb stibp tpr_shadow vnmi flexpriority ept vpid ept_ad fsgsbase tsc_adjust bmi1 avx2 smep bmi2 erms invpcid mpx rdseed adx smap clflushopt intel_pt xsaveopt xsavec xgetbv1 xsaves dtherm ida arat pln pts hwp hwp_notify hwp_act_window hwp_epp md_clear flush_l1d
bugs		: cpu_meltdown spectre_v1 spectre_v2 spec_store_bypass l1tf mds swapgs itlb_multihit
bogomips	: 4399.99
clflush size	: 64
cache_alignment	: 64
address sizes	: 39 bits physical, 48 bits virtual
power management:

processor	: 6
vendor_id	: GenuineIntel
cpu family	: 6
model		: 158
model name	: Intel(R) Core(TM) i7-8750H CPU @ 2.20GHz
stepping	: 10
microcode	: 0xca
cpu MHz		: 3900.069
cache size	: 9216 KB
physical id	: 0
siblings	: 12
core id		: 0
cpu cores	: 6
apicid		: 1
initial apicid	: 1
fpu		: yes
fpu_exception	: yes
cpuid level	: 22
wp		: yes
flags		: fpu vme de pse tsc msr pae mce cx8 apic sep mtrr pge mca cmov pat pse36 clflush dts acpi mmx fxsr sse sse2 ss ht tm pbe syscall nx pdpe1gb rdtscp lm constant_tsc art arch_perfmon pebs bts rep_good nopl xtopology nonstop_tsc cpuid aperfmperf pni pclmulqdq dtes64 monitor ds_cpl vmx est tm2 ssse3 sdbg fma cx16 xtpr pdcm pcid sse4_1 sse4_2 x2apic movbe popcnt tsc_deadline_timer aes xsave avx f16c rdrand lahf_lm abm 3dnowprefetch cpuid_fault epb invpcid_single pti ssbd ibrs ibpb stibp tpr_shadow vnmi flexpriority ept vpid ept_ad fsgsbase tsc_adjust bmi1 avx2 smep bmi2 erms invpcid mpx rdseed adx smap clflushopt intel_pt xsaveopt xsavec xgetbv1 xsaves dtherm ida arat pln pts hwp hwp_notify hwp_act_window hwp_epp md_clear flush_l1d
bugs		: cpu_meltdown spectre_v1 spectre_v2 spec_store_bypass l1tf mds swapgs itlb_multihit
bogomips	: 4399.99
clflush size	: 64
cache_alignment	: 64
address sizes	: 39 bits physical, 48 bits virtual
power management:

processor	: 7
vendor_id	: GenuineIntel
cpu family	: 6
model		: 158
model name	: Intel(R) Core(TM) i7-8750H CPU @ 2.20GHz
stepping	: 10
microcode	: 0xca
cpu MHz		: 3900.357
cache size	: 9216 KB
physical id	: 0
siblings	: 12
core id		: 1
cpu cores	: 6
apicid		: 3
initial apicid	: 3
fpu		: yes
fpu_exception	: yes
cpuid level	: 22
wp		: yes
flags		: fpu vme de pse tsc msr pae mce cx8 apic sep mtrr pge mca cmov pat pse36 clflush dts acpi mmx fxsr sse sse2 ss ht tm pbe syscall nx pdpe1gb rdtscp lm constant_tsc art arch_perfmon pebs bts rep_good nopl xtopology nonstop_tsc cpuid aperfmperf pni pclmulqdq dtes64 monitor ds_cpl vmx est tm2 ssse3 sdbg fma cx16 xtpr pdcm pcid sse4_1 sse4_2 x2apic movbe popcnt tsc_deadline_timer aes xsave avx f16c rdrand lahf_lm abm 3dnowprefetch cpuid_fault epb invpcid_single pti ssbd ibrs ibpb stibp tpr_shadow vnmi flexpriority ept vpid ept_ad fsgsbase tsc_adjust bmi1 avx2 smep bmi2 erms invpcid mpx rdseed adx smap clflushopt intel_pt xsaveopt xsavec xgetbv1 xsaves dtherm ida arat pln pts hwp hwp_notify hwp_act_window hwp_epp md_clear flush_l1d
bugs		: cpu_meltdown spectre_v1 spectre_v2 spec_store_bypass l1tf mds swapgs itlb_multihit
bogomips	: 4399.99
clflush size	: 64
cache_alignment	: 64
address sizes	: 39 bits physical, 48 bits virtual
power management:

processor	: 8
vendor_id	: GenuineIntel
cpu family	: 6
model		: 158
model name	: Intel(R) Core(TM) i7-8750H CPU @ 2.20GHz
stepping	: 10
microcode	: 0xca
cpu MHz		: 3900.043
cache size	: 9216 KB
physical id	: 0
siblings	: 12
core id		: 2
cpu cores	: 6
apicid		: 5
initial apicid	: 5
fpu		: yes
fpu_exception	: yes
cpuid level	: 22
wp		: yes
flags		: fpu vme de pse tsc msr pae mce cx8 apic sep mtrr pge mca cmov pat pse36 clflush dts acpi mmx fxsr sse sse2 ss ht tm pbe syscall nx pdpe1gb rdtscp lm constant_tsc art arch_perfmon pebs bts rep_good nopl xtopology nonstop_tsc cpuid aperfmperf pni pclmulqdq dtes64 monitor ds_cpl vmx est tm2 ssse3 sdbg fma cx16 xtpr pdcm pcid sse4_1 sse4_2 x2apic movbe popcnt tsc_deadline_timer aes xsave avx f16c rdrand lahf_lm abm 3dnowprefetch cpuid_fault epb invpcid_single pti ssbd ibrs ibpb stibp tpr_shadow vnmi flexpriority ept vpid ept_ad fsgsbase tsc_adjust bmi1 avx2 smep bmi2 erms invpcid mpx rdseed adx smap clflushopt intel_pt xsaveopt xsavec xgetbv1 xsaves dtherm ida arat pln pts hwp hwp_notify hwp_act_window hwp_epp md_clear flush_l1d
bugs		: cpu_meltdown spectre_v1 spectre_v2 spec_store_bypass l1tf mds swapgs itlb_multihit
bogomips	: 4399.99
clflush size	: 64
cache_alignment	: 64
address sizes	: 39 bits physical, 48 bits virtual
power management:

processor	: 9
vendor_id	: GenuineIntel
cpu family	: 6
model		: 158
model name	: Intel(R) Core(TM) i7-8750H CPU @ 2.20GHz
stepping	: 10
microcode	: 0xca
cpu MHz		: 3900.027
cache size	: 9216 KB
physical id	: 0
siblings	: 12
core id		: 3
cpu cores	: 6
apicid		: 7
initial apicid	: 7
fpu		: yes
fpu_exception	: yes
cpuid level	: 22
wp		: yes
flags		: fpu vme de pse tsc msr pae mce cx8 apic sep mtrr pge mca cmov pat pse36 clflush dts acpi mmx fxsr sse sse2 ss ht tm pbe syscall nx pdpe1gb rdtscp lm constant_tsc art arch_perfmon pebs bts rep_good nopl xtopology nonstop_tsc cpuid aperfmperf pni pclmulqdq dtes64 monitor ds_cpl vmx est tm2 ssse3 sdbg fma cx16 xtpr pdcm pcid sse4_1 sse4_2 x2apic movbe popcnt tsc_deadline_timer aes xsave avx f16c rdrand lahf_lm abm 3dnowprefetch cpuid_fault epb invpcid_single pti ssbd ibrs ibpb stibp tpr_shadow vnmi flexpriority ept vpid ept_ad fsgsbase tsc_adjust bmi1 avx2 smep bmi2 erms invpcid mpx rdseed adx smap clflushopt intel_pt xsaveopt xsavec xgetbv1 xsaves dtherm ida arat pln pts hwp hwp_notify hwp_act_window hwp_epp md_clear flush_l1d
bugs		: cpu_meltdown spectre_v1 spectre_v2 spec_store_bypass l1tf mds swapgs itlb_multihit
bogomips	: 4399.99
clflush size	: 64
cache_alignment	: 64
address sizes	: 39 bits physical, 48 bits virtual
power management:

processor	: 10
vendor_id	: GenuineIntel
cpu family	: 6
model		: 158
model name	: Intel(R) Core(TM) i7-8750H CPU @ 2.20GHz
stepping	: 10
microcode	: 0xca
cpu MHz		: 3899.974
cache size	: 9216 KB
physical id	: 0
siblings	: 12
core id		: 4
cpu cores	: 6
apicid		: 9
initial apicid	: 9
fpu		: yes
fpu_exception	: yes
cpuid level	: 22
wp		: yes
flags		: fpu vme de pse tsc msr pae mce cx8 apic sep mtrr pge mca cmov pat pse36 clflush dts acpi mmx fxsr sse sse2 ss ht tm pbe syscall nx pdpe1gb rdtscp lm constant_tsc art arch_perfmon pebs bts rep_good nopl xtopology nonstop_tsc cpuid aperfmperf pni pclmulqdq dtes64 monitor ds_cpl vmx est tm2 ssse3 sdbg fma cx16 xtpr pdcm pcid sse4_1 sse4_2 x2apic movbe popcnt tsc_deadline_timer aes xsave avx f16c rdrand lahf_lm abm 3dnowprefetch cpuid_fault epb invpcid_single pti ssbd ibrs ibpb stibp tpr_shadow vnmi flexpriority ept vpid ept_ad fsgsbase tsc_adjust bmi1 avx2 smep bmi2 erms invpcid mpx rdseed adx smap clflushopt intel_pt xsaveopt xsavec xgetbv1 xsaves dtherm ida arat pln pts hwp hwp_notify hwp_act_window hwp_epp md_clear flush_l1d
bugs		: cpu_meltdown spectre_v1 spectre_v2 spec_store_bypass l1tf mds swapgs itlb_multihit
bogomips	: 4399.99
clflush size	: 64
cache_alignment	: 64
address sizes	: 39 bits physical, 48 bits virtual
power management:

processor	: 11
vendor_id	: GenuineIntel
cpu family	: 6
model		: 158
model name	: Intel(R) Core(TM) i7-8750H CPU @ 2.20GHz
stepping	: 10
microcode	: 0xca
cpu MHz		: 3900.028
cache size	: 9216 KB
physical id	: 0
siblings	: 12
core id		: 5
cpu cores	: 6
apicid		: 11
initial apicid	: 11
fpu		: yes
fpu_exception	: yes
cpuid level	: 22
wp		: yes
flags		: fpu vme de pse tsc msr pae mce cx8 apic sep mtrr pge mca cmov pat pse36 clflush dts acpi mmx fxsr sse sse2 ss ht tm pbe syscall nx pdpe1gb rdtscp lm constant_tsc art arch_perfmon pebs bts rep_good nopl xtopology nonstop_tsc cpuid aperfmperf pni pclmulqdq dtes64 monitor ds_cpl vmx est tm2 ssse3 sdbg fma cx16 xtpr pdcm pcid sse4_1 sse4_2 x2apic movbe popcnt tsc_deadline_timer aes xsave avx f16c rdrand lahf_lm abm 3dnowprefetch cpuid_fault epb invpcid_single pti ssbd ibrs ibpb stibp tpr_shadow vnmi flexpriority ept vpid ept_ad fsgsbase tsc_adjust bmi1 avx2 smep bmi2 erms invpcid mpx rdseed adx smap clflushopt intel_pt xsaveopt xsavec xgetbv1 xsaves dtherm ida arat pln pts hwp hwp_notify hwp_act_window hwp_epp md_clear flush_l1d
bugs		: cpu_meltdown spectre_v1 spectre_v2 spec_store_bypass l1tf mds swapgs itlb_multihit
bogomips	: 4399.99
clflush size	: 64
cache_alignment	: 64
address sizes	: 39 bits physical, 48 bits virtual
power management:



Memory: 4k page, physical 32713532k(27244472k free), swap 2097148k(2097148k free)

vm_info: OpenJDK 64-Bit Server VM (25.232-b09) for linux-amd64 JRE (1.8.0_232-8u232-b09-0ubuntu1~18.04.1-b09), built on Oct 16 2019 20:38:15 by "buildd" with gcc 7.4.0

time: Sat Feb 15 11:43:50 2020
timezone: CST
elapsed time: 1 seconds (0d 0h 0m 1s)

