#
# A fatal error has been detected by the Java Runtime Environment:
#
#  SIGSEGV (0xb) at pc=0x0000000040c75f44, pid=15376, tid=0x00007f1a06a48700
#
# JRE version: OpenJDK Runtime Environment (8.0_222-b10) (build 1.8.0_222-8u222-b10-1ubuntu1~18.04.1-b10)
# Java VM: OpenJDK 64-Bit Server VM (25.222-b10 mixed mode linux-amd64 compressed oops)
# Problematic frame:
# C  0x0000000040c75f44
#
# Failed to write core dump. Core dumps have been disabled. To enable core dumping, try "ulimit -c unlimited" before starting Java again
#
# If you would like to submit a bug report, please visit:
#   http://bugreport.java.com/bugreport/crash.jsp
# The crash happened outside the Java Virtual Machine in native code.
# See problematic frame for where to report the bug.
#

---------------  T H R E A D  ---------------

Current thread (0x00007f1a0000b800):  JavaThread "main" [_thread_in_native, id=15382, stack(0x00007f1a06949000,0x00007f1a06a49000)]

siginfo: si_signo: 11 (SIGSEGV), si_code: 1 (SEGV_MAPERR), si_addr: 0x0000000000000020

Registers:
RAX=0x00007f198096efc0, RBX=0x0000000041cd4000, RCX=0x0000000000000002, RDX=0x00007f1a00926344
RSP=0x00007f1a06a47278, RBP=0x000000003f800000, RSI=0x0000000000000020, RDI=0x0000000000000020
R8 =0x00007f1a00763eb0, R9 =0x0000000105000000, R10=0x0000000041d51fa8, R11=0x00007f1a0092634c
R12=0x0000000000000003, R13=0x0000000000000003, R14=0x00007f1a00926340, R15=0x0000000000000054
RIP=0x0000000040c75f44, EFLAGS=0x0000000000010202, CSGSFS=0x002b000000000033, ERR=0x0000000000000004
  TRAPNO=0x000000000000000e

Top of Stack: (sp=0x00007f1a06a47278)
0x00007f1a06a47278:   00007f1981c67c49 00007f1a0092bc50
0x00007f1a06a47288:   00007f1a00672380 00007f1a06a472b0
0x00007f1a06a47298:   0000000300001405 0000000000000000
0x00007f1a06a472a8:   0000000406a473b0 0000000041cd4000
0x00007f1a06a472b8:   00007f1a00926f38 00007f1a00672b00
0x00007f1a06a472c8:   0000000040c75ec0 0000000000000000
0x00007f1a06a472d8:   0000000000000000 0000000000000000
0x00007f1a06a472e8:   0000000000000000 0000000300000000
0x00007f1a06a472f8:   00007f1a00926340 0000000100401aa0
0x00007f1a06a47308:   00007f1a0092fc90 0000000141cd4000
0x00007f1a06a47318:   0000000000000000 0000000000000000
0x00007f1a06a47328:   00007f1900000001 00007f1a00672b00
0x00007f1a06a47338:   0000000000000000 0000000000000000
0x00007f1a06a47348:   0000000000000000 0000000200000002
0x00007f1a06a47358:   0000000000000000 0000000100000001
0x00007f1a06a47368:   0000000000000001 00000002f00df00d
0x00007f1a06a47378:   00000000000000a4 00000001beefbeef
0x00007f1a06a47388:   0000000000000000 00000000f00df00d
0x00007f1a06a47398:   0000000000000027 0000000041cd4000
0x00007f1a06a473a8:   00007f1a00927540 0000000000000001
0x00007f1a06a473b8:   00007f198175864a 0000000000000103
0x00007f1a06a473c8:   00007f1981b97c17 0000000000000043
0x00007f1a06a473d8:   0000000000000000 0000000000000000
0x00007f1a06a473e8:   0000000041d2c45c 00007f1a06a47430
0x00007f1a06a473f8:   0000000041cd4000 0000000041d2c458
0x00007f1a06a47408:   0000000000000007 0000000041d2c358
0x00007f1a06a47418:   00007f1981b98661 0101000000000000
0x00007f1a06a47428:   000000030074b5dc 0000000300002133
0x00007f1a06a47438:   0000000100000003 0000000c00000003
0x00007f1a06a47448:   0000000400000001 00007f1a00000010
0x00007f1a06a47458:   0000001c00927f00 0000000000000103
0x00007f1a06a47468:   00c0000000000000 3fffffff3fffffff 

Instructions: (pc=0x0000000040c75f44)
0x0000000040c75f24:   78 08 48 be f8 bc d2 41 00 00 00 00 48 8b 36 48
0x0000000040c75f34:   8b b6 38 03 00 00 48 8b f9 48 c1 e7 04 48 03 f7
0x0000000040c75f44:   8b 3e 8b 6e 04 89 78 0c 89 68 10 8b 7e 08 8b 6e
0x0000000040c75f54:   0c 89 78 14 89 68 18 48 83 c0 1c 49 3b d3 75 83 

Register to memory mapping:

RAX=0x00007f198096efc0 is an unknown value
RBX=0x0000000041cd4000 is an unknown value
RCX=0x0000000000000002 is an unknown value
RDX=0x00007f1a00926344 is an unknown value
RSP=0x00007f1a06a47278 is pointing into the stack for thread: 0x00007f1a0000b800
RBP=0x000000003f800000 is an unknown value
RSI=0x0000000000000020 is an unknown value
RDI=0x0000000000000020 is an unknown value
R8 =0x00007f1a00763eb0 is an unknown value
R9 =0x0000000105000000 is an unknown value
R10=0x0000000041d51fa8 is an unknown value
R11=0x00007f1a0092634c is an unknown value
R12=0x0000000000000003 is an unknown value
R13=0x0000000000000003 is an unknown value
R14=0x00007f1a00926340 is an unknown value
R15=0x0000000000000054 is an unknown value


Stack: [0x00007f1a06949000,0x00007f1a06a49000],  sp=0x00007f1a06a47278,  free space=1016k
Native frames: (J=compiled Java code, j=interpreted, Vv=VM code, C=native code)
C  0x0000000040c75f44

Java frames: (J=compiled Java code, j=interpreted, Vv=VM code)
j  org.lwjgl.opengl.GL11C.nglDrawElements(IIIJ)V+0
j  org.lwjgl.opengl.GL11C.glDrawElements(IIIJ)V+4
j  org.lwjgl.opengl.GL11.glDrawElements(IIIJ)V+4
j  models.Renderer.renderElements(Lrendering/ModelBatch;)V+106
j  main.Main.main([Ljava/lang/String;)V+739
v  ~StubRoutines::call_stub

---------------  P R O C E S S  ---------------

Java Threads: ( => current thread )
  0x00007f1a000d8000 JavaThread "Service Thread" daemon [_thread_blocked, id=15401, stack(0x00007f19ccade000,0x00007f19ccbdf000)]
  0x00007f1a000cd000 JavaThread "C1 CompilerThread3" daemon [_thread_blocked, id=15400, stack(0x00007f19ccbe0000,0x00007f19ccce0000)]
  0x00007f1a000ca800 JavaThread "C2 CompilerThread2" daemon [_thread_blocked, id=15399, stack(0x00007f19ccce1000,0x00007f19ccde1000)]
  0x00007f1a000c9000 JavaThread "C2 CompilerThread1" daemon [_thread_blocked, id=15398, stack(0x00007f19ccde2000,0x00007f19ccee2000)]
  0x00007f1a000c6000 JavaThread "C2 CompilerThread0" daemon [_thread_blocked, id=15397, stack(0x00007f19ccee3000,0x00007f19ccfe3000)]
  0x00007f1a000c4800 JavaThread "Signal Dispatcher" daemon [_thread_blocked, id=15396, stack(0x00007f19ccfe3000,0x00007f19cd0e4000)]
  0x00007f1a00092000 JavaThread "Finalizer" daemon [_thread_blocked, id=15395, stack(0x00007f19cdab3000,0x00007f19cdbb4000)]
  0x00007f1a0008f800 JavaThread "Reference Handler" daemon [_thread_blocked, id=15394, stack(0x00007f19cdbb4000,0x00007f19cdcb5000)]
=>0x00007f1a0000b800 JavaThread "main" [_thread_in_native, id=15382, stack(0x00007f1a06949000,0x00007f1a06a49000)]

Other Threads:
  0x00007f1a00085800 VMThread [stack: 0x00007f19cdcb6000,0x00007f19cddb6000] [id=15393]
  0x00007f1a000da800 WatcherThread [stack: 0x00007f19cc9de000,0x00007f19ccade000] [id=15402]

VM state:not at safepoint (normal execution)

VM Mutex/Monitor currently owned by a thread: None

heap address: 0x00000005ccc00000, size: 7988 MB, Compressed Oops mode: Zero based, Oop shift amount: 3
Narrow klass base: 0x0000000000000000, Narrow klass shift: 3
Compressed class space size: 1073741824 Address: 0x00000007c0000000

Heap:
 PSYoungGen      total 149504K, used 18231K [0x0000000719980000, 0x0000000724000000, 0x00000007c0000000)
  eden space 128512K, 14% used [0x0000000719980000,0x000000071ab4dd60,0x0000000721700000)
  from space 20992K, 0% used [0x0000000722b80000,0x0000000722b80000,0x0000000724000000)
  to   space 20992K, 0% used [0x0000000721700000,0x0000000721700000,0x0000000722b80000)
 ParOldGen       total 341504K, used 0K [0x00000005ccc00000, 0x00000005e1980000, 0x0000000719980000)
  object space 341504K, 0% used [0x00000005ccc00000,0x00000005ccc00000,0x00000005e1980000)
 Metaspace       used 9016K, capacity 9181K, committed 9344K, reserved 1058816K
  class space    used 689K, capacity 775K, committed 896K, reserved 1048576K

Card table byte_map: [0x00007f19eee1c000,0x00007f19efdb7000] byte_map_base: 0x00007f19ebfb6000

Marking Bits: (ParMarkBitMap*) 0x00007f1a05be3360
 Begin Bits: [0x00007f19b0660000, 0x00007f19b8330000)
 End Bits:   [0x00007f19b8330000, 0x00007f19c0000000)

Polling page: 0x00007f1a06a64000

CodeCache: size=245760Kb used=2533Kb max_used=2533Kb free=243226Kb
 bounds [0x00007f19f0177000, 0x00007f19f03f7000, 0x00007f19ff177000]
 total_blobs=1464 nmethods=569 adapters=810
 compilation: enabled

Compilation events (10 events):
Event: 0.708 Thread 0x00007f1a000cd000  565       3       java.lang.ClassLoader::compareCerts (149 bytes)
Event: 0.709 Thread 0x00007f1a000cd000 nmethod 565 0x00007f19f03ee810 code [0x00007f19f03ee9e0, 0x00007f19f03ef298]
Event: 0.709 Thread 0x00007f1a000cd000  566       3       java.lang.invoke.MemberName$Factory::resolveOrFail (52 bytes)
Event: 0.709 Thread 0x00007f1a000cd000 nmethod 566 0x00007f19f03ef590 code [0x00007f19f03ef760, 0x00007f19f03f0058]
Event: 0.709 Thread 0x00007f1a000cd000  567       3       sun.misc.URLClassPath$JarLoader$2::getCodeSourceURL (8 bytes)
Event: 0.710 Thread 0x00007f1a000cd000 nmethod 567 0x00007f19f03f0350 code [0x00007f19f03f04c0, 0x00007f19f03f0630]
Event: 0.710 Thread 0x00007f1a000cd000  569       3       java.lang.StringCoding::safeTrim (24 bytes)
Event: 0.711 Thread 0x00007f1a000cd000 nmethod 569 0x00007f19f03f06d0 code [0x00007f19f03f0860, 0x00007f19f03f0d28]
Event: 0.711 Thread 0x00007f1a000cd000  568       1       java.net.URL::getUserInfo (5 bytes)
Event: 0.711 Thread 0x00007f1a000cd000 nmethod 568 0x00007f19f03f0ed0 code [0x00007f19f03f1020, 0x00007f19f03f1130]

GC Heap History (0 events):
No events

Deoptimization events (0 events):
No events

Classes redefined (0 events):
No events

Internal exceptions (10 events):
Event: 0.164 Thread 0x00007f1a0000b800 Exception <a 'java/security/PrivilegedActionException'> (0x0000000719f591d8) thrown at [/build/openjdk-8-OqY7zN/openjdk-8-8u222-b10/src/hotspot/src/share/vm/prims/jvm.cpp, line 1502]
Event: 0.164 Thread 0x00007f1a0000b800 Exception <a 'java/security/PrivilegedActionException'> (0x0000000719f593e8) thrown at [/build/openjdk-8-OqY7zN/openjdk-8-8u222-b10/src/hotspot/src/share/vm/prims/jvm.cpp, line 1502]
Event: 0.164 Thread 0x00007f1a0000b800 Exception <a 'java/security/PrivilegedActionException'> (0x0000000719f5b470) thrown at [/build/openjdk-8-OqY7zN/openjdk-8-8u222-b10/src/hotspot/src/share/vm/prims/jvm.cpp, line 1502]
Event: 0.164 Thread 0x00007f1a0000b800 Exception <a 'java/security/PrivilegedActionException'> (0x0000000719f5b680) thrown at [/build/openjdk-8-OqY7zN/openjdk-8-8u222-b10/src/hotspot/src/share/vm/prims/jvm.cpp, line 1502]
Event: 0.164 Thread 0x00007f1a0000b800 Exception <a 'java/security/PrivilegedActionException'> (0x0000000719f5c158) thrown at [/build/openjdk-8-OqY7zN/openjdk-8-8u222-b10/src/hotspot/src/share/vm/prims/jvm.cpp, line 1502]
Event: 0.164 Thread 0x00007f1a0000b800 Exception <a 'java/security/PrivilegedActionException'> (0x0000000719f5c368) thrown at [/build/openjdk-8-OqY7zN/openjdk-8-8u222-b10/src/hotspot/src/share/vm/prims/jvm.cpp, line 1502]
Event: 0.177 Thread 0x00007f1a0000b800 Exception <a 'sun/nio/fs/UnixException'> (0x0000000719f89490) thrown at [/build/openjdk-8-OqY7zN/openjdk-8-8u222-b10/src/hotspot/src/share/vm/prims/jni.cpp, line 710]
Event: 0.184 Thread 0x00007f1a0000b800 Exception <a 'sun/nio/fs/UnixException'> (0x0000000719fb3200) thrown at [/build/openjdk-8-OqY7zN/openjdk-8-8u222-b10/src/hotspot/src/share/vm/prims/jni.cpp, line 710]
Event: 0.354 Thread 0x00007f1a0000b800 Exception <a 'sun/nio/fs/UnixException'> (0x000000071a097368) thrown at [/build/openjdk-8-OqY7zN/openjdk-8-8u222-b10/src/hotspot/src/share/vm/prims/jni.cpp, line 710]
Event: 0.356 Thread 0x00007f1a0000b800 Exception <a 'sun/nio/fs/UnixException'> (0x000000071a09f928) thrown at [/build/openjdk-8-OqY7zN/openjdk-8-8u222-b10/src/hotspot/src/share/vm/prims/jni.cpp, line 710]

Events (10 events):
Event: 0.711 loading class rendering/Time
Event: 0.711 loading class rendering/Time done
Event: 0.711 loading class models/GameElement
Event: 0.711 loading class models/GameElement done
Event: 0.711 loading class rendering/ModelBatch
Event: 0.711 loading class rendering/ModelBatch done
Event: 0.712 loading class math/Matrix
Event: 0.712 loading class math/Matrix done
Event: 0.713 loading class org/lwjgl/opengl/GL$ICDStatic$WriteOnce
Event: 0.713 loading class org/lwjgl/opengl/GL$ICDStatic$WriteOnce done


Dynamic libraries:
40c74000-40c76000 r-xs 00000000 103:02 15728659                          /tmp/.gloFv4S0 (deleted)
41cd4000-41d86000 rw-p 00000000 00:00 0 
5ccc00000-5e1980000 rw-p 00000000 00:00 0 
5e1980000-719980000 ---p 00000000 00:00 0 
719980000-724000000 rw-p 00000000 00:00 0 
724000000-7c0000000 ---p 00000000 00:00 0 
7c0000000-7c00e0000 rw-p 00000000 00:00 0 
7c00e0000-800000000 ---p 00000000 00:00 0 
556543719000-55654371a000 r-xp 00000000 103:02 9838898                   /usr/lib/jvm/java-8-openjdk-amd64/jre/bin/java
556543919000-55654391a000 r--p 00000000 103:02 9838898                   /usr/lib/jvm/java-8-openjdk-amd64/jre/bin/java
55654391a000-55654391b000 rw-p 00001000 103:02 9838898                   /usr/lib/jvm/java-8-openjdk-amd64/jre/bin/java
556545311000-556545332000 rw-p 00000000 00:00 0                          [heap]
7f19803d3000-7f1980413000 rw-p 00000000 00:00 0 
7f1980413000-7f19805d3000 ---p 00000000 00:00 0 
7f19805d3000-7f1980613000 rw-s 00000000 08:01 16253876                   /home/sam/#16253876 (deleted)
7f1980613000-7f198066b000 r-xp 00000000 103:02 18483154                  /tmp/lwjglsam/3.2.3-build-13/liblwjgl_opengl.so
7f198066b000-7f198086a000 ---p 00058000 103:02 18483154                  /tmp/lwjglsam/3.2.3-build-13/liblwjgl_opengl.so
7f198086a000-7f198086b000 r--p 00057000 103:02 18483154                  /tmp/lwjglsam/3.2.3-build-13/liblwjgl_opengl.so
7f198086b000-7f198086c000 rw-p 00058000 103:02 18483154                  /tmp/lwjglsam/3.2.3-build-13/liblwjgl_opengl.so
7f198086c000-7f19808ec000 rw-s 00000000 00:06 582                        /dev/nvidiactl
7f19808ec000-7f198096c000 rw-s 00000000 00:06 582                        /dev/nvidiactl
7f198096c000-7f1980a6c000 rw-s 00000000 00:06 582                        /dev/nvidiactl
7f1980a6c000-7f1980a7c000 r-xp 00000000 103:02 9840432                   /usr/lib/x86_64-linux-gnu/libdrm.so.2.4.0
7f1980a7c000-7f1980c7b000 ---p 00010000 103:02 9840432                   /usr/lib/x86_64-linux-gnu/libdrm.so.2.4.0
7f1980c7b000-7f1980c7c000 r--p 0000f000 103:02 9840432                   /usr/lib/x86_64-linux-gnu/libdrm.so.2.4.0
7f1980c7c000-7f1980c7d000 rw-p 00010000 103:02 9840432                   /usr/lib/x86_64-linux-gnu/libdrm.so.2.4.0
7f1980c7d000-7f1981ee6000 r-xp 00000000 103:02 9840564                   /usr/lib/x86_64-linux-gnu/libnvidia-glcore.so.430.34
7f1981ee6000-7f1981f07000 rwxp 01269000 103:02 9840564                   /usr/lib/x86_64-linux-gnu/libnvidia-glcore.so.430.34
7f1981f07000-7f1982401000 r-xp 0128a000 103:02 9840564                   /usr/lib/x86_64-linux-gnu/libnvidia-glcore.so.430.34
7f1982401000-7f1982600000 ---p 01784000 103:02 9840564                   /usr/lib/x86_64-linux-gnu/libnvidia-glcore.so.430.34
7f1982600000-7f1982935000 rw-p 01783000 103:02 9840564                   /usr/lib/x86_64-linux-gnu/libnvidia-glcore.so.430.34
7f1982935000-7f1982951000 rw-p 00000000 00:00 0 
7f1982951000-7f1982954000 r-xp 00000000 103:02 9840568                   /usr/lib/x86_64-linux-gnu/libnvidia-tls.so.430.34
7f1982954000-7f1982b54000 ---p 00003000 103:02 9840568                   /usr/lib/x86_64-linux-gnu/libnvidia-tls.so.430.34
7f1982b54000-7f1982b55000 rw-p 00003000 103:02 9840568                   /usr/lib/x86_64-linux-gnu/libnvidia-tls.so.430.34
7f1982b55000-7f1982c04000 r-xp 00000000 103:02 9840561                   /usr/lib/x86_64-linux-gnu/libGLX_nvidia.so.430.34
7f1982c04000-7f1982c39000 rwxp 000af000 103:02 9840561                   /usr/lib/x86_64-linux-gnu/libGLX_nvidia.so.430.34
7f1982c39000-7f1982c48000 r-xp 000e4000 103:02 9840561                   /usr/lib/x86_64-linux-gnu/libGLX_nvidia.so.430.34
7f1982c48000-7f1982e48000 ---p 000f3000 103:02 9840561                   /usr/lib/x86_64-linux-gnu/libGLX_nvidia.so.430.34
7f1982e48000-7f1982e6c000 rw-p 000f3000 103:02 9840561                   /usr/lib/x86_64-linux-gnu/libGLX_nvidia.so.430.34
7f1982e6c000-7f1982e6e000 rw-p 00000000 00:00 0 
7f1982e6e000-7f1982eb0000 r-xp 00000000 103:02 9837994                   /usr/lib/x86_64-linux-gnu/libGLdispatch.so.0.0.0
7f1982eb0000-7f1982ec9000 r-xp 00042000 103:02 9837994                   /usr/lib/x86_64-linux-gnu/libGLdispatch.so.0.0.0
7f1982ec9000-7f1982edc000 r-xp 0005b000 103:02 9837994                   /usr/lib/x86_64-linux-gnu/libGLdispatch.so.0.0.0
7f1982edc000-7f19830db000 ---p 0006e000 103:02 9837994                   /usr/lib/x86_64-linux-gnu/libGLdispatch.so.0.0.0
7f19830db000-7f1983103000 r--p 0006d000 103:02 9837994                   /usr/lib/x86_64-linux-gnu/libGLdispatch.so.0.0.0
7f1983103000-7f1983104000 rw-p 00095000 103:02 9837994                   /usr/lib/x86_64-linux-gnu/libGLdispatch.so.0.0.0
7f1983104000-7f1983124000 rw-p 00000000 00:00 0 
7f1983124000-7f1983134000 r-xp 00000000 103:02 9837992                   /usr/lib/x86_64-linux-gnu/libGLX.so.0.0.0
7f1983134000-7f1983333000 ---p 00010000 103:02 9837992                   /usr/lib/x86_64-linux-gnu/libGLX.so.0.0.0
7f1983333000-7f1983334000 r--p 0000f000 103:02 9837992                   /usr/lib/x86_64-linux-gnu/libGLX.so.0.0.0
7f1983334000-7f1983335000 rw-p 00010000 103:02 9837992                   /usr/lib/x86_64-linux-gnu/libGLX.so.0.0.0
7f1983335000-7f1983355000 rw-p 00000000 00:00 0 
7f1983355000-7f1983399000 r-xp 00000000 103:02 9837986                   /usr/lib/x86_64-linux-gnu/libGL.so.1.0.0
7f1983399000-7f19833b2000 r-xp 00044000 103:02 9837986                   /usr/lib/x86_64-linux-gnu/libGL.so.1.0.0
7f19833b2000-7f19833c6000 r-xp 0005d000 103:02 9837986                   /usr/lib/x86_64-linux-gnu/libGL.so.1.0.0
7f19833c6000-7f19835c5000 ---p 00071000 103:02 9837986                   /usr/lib/x86_64-linux-gnu/libGL.so.1.0.0
7f19835c5000-7f19835df000 r--p 00070000 103:02 9837986                   /usr/lib/x86_64-linux-gnu/libGL.so.1.0.0
7f19835df000-7f19835e0000 rw-p 0008a000 103:02 9837986                   /usr/lib/x86_64-linux-gnu/libGL.so.1.0.0
7f19835e0000-7f19835e1000 rw-p 00000000 00:00 0 
7f19835e1000-7f19835e2000 r-xp 00000000 103:02 9840453                   /usr/lib/x86_64-linux-gnu/libX11-xcb.so.1.0.0
7f19835e2000-7f19837e1000 ---p 00001000 103:02 9840453                   /usr/lib/x86_64-linux-gnu/libX11-xcb.so.1.0.0
7f19837e1000-7f19837e2000 r--p 00000000 103:02 9840453                   /usr/lib/x86_64-linux-gnu/libX11-xcb.so.1.0.0
7f19837e2000-7f19837e3000 rw-p 00001000 103:02 9840453                   /usr/lib/x86_64-linux-gnu/libX11-xcb.so.1.0.0
7f19837e3000-7f19837e5000 r-xp 00000000 103:02 9838067                   /usr/lib/x86_64-linux-gnu/libXinerama.so.1.0.0
7f19837e5000-7f19839e4000 ---p 00002000 103:02 9838067                   /usr/lib/x86_64-linux-gnu/libXinerama.so.1.0.0
7f19839e4000-7f19839e5000 r--p 00001000 103:02 9838067                   /usr/lib/x86_64-linux-gnu/libXinerama.so.1.0.0
7f19839e5000-7f19839e6000 rw-p 00002000 103:02 9838067                   /usr/lib/x86_64-linux-gnu/libXinerama.so.1.0.0
7f19839e6000-7f19839eb000 r-xp 00000000 103:02 9838059                   /usr/lib/x86_64-linux-gnu/libXfixes.so.3.1.0
7f19839eb000-7f1983bea000 ---p 00005000 103:02 9838059                   /usr/lib/x86_64-linux-gnu/libXfixes.so.3.1.0
7f1983bea000-7f1983beb000 r--p 00004000 103:02 9838059                   /usr/lib/x86_64-linux-gnu/libXfixes.so.3.1.0
7f1983beb000-7f1983bec000 rw-p 00005000 103:02 9838059                   /usr/lib/x86_64-linux-gnu/libXfixes.so.3.1.0
7f1983bec000-7f1983bf5000 r-xp 00000000 103:02 9838051                   /usr/lib/x86_64-linux-gnu/libXcursor.so.1.0.2
7f1983bf5000-7f1983df4000 ---p 00009000 103:02 9838051                   /usr/lib/x86_64-linux-gnu/libXcursor.so.1.0.2
7f1983df4000-7f1983df5000 r--p 00008000 103:02 9838051                   /usr/lib/x86_64-linux-gnu/libXcursor.so.1.0.2
7f1983df5000-7f1983df6000 rw-p 00009000 103:02 9838051                   /usr/lib/x86_64-linux-gnu/libXcursor.so.1.0.2
7f1983df6000-7f1983dff000 r-xp 00000000 103:02 9838077                   /usr/lib/x86_64-linux-gnu/libXrender.so.1.3.0
7f1983dff000-7f1983ffe000 ---p 00009000 103:02 9838077                   /usr/lib/x86_64-linux-gnu/libXrender.so.1.3.0
7f1983ffe000-7f1983fff000 r--p 00008000 103:02 9838077                   /usr/lib/x86_64-linux-gnu/libXrender.so.1.3.0
7f1983fff000-7f1984000000 rw-p 00009000 103:02 9838077                   /usr/lib/x86_64-linux-gnu/libXrender.so.1.3.0
7f1984000000-7f1984021000 rw-p 00000000 00:00 0 
7f1984021000-7f1988000000 ---p 00000000 00:00 0 
7f1988028000-7f19880a8000 rw-s 00000000 00:06 582                        /dev/nvidiactl
7f19880a8000-7f19881ad000 rw-s 00000000 00:06 582                        /dev/nvidiactl
7f19881ad000-7f19881b7000 r-xp 00000000 103:02 9838075                   /usr/lib/x86_64-linux-gnu/libXrandr.so.2.2.0
7f19881b7000-7f19883b6000 ---p 0000a000 103:02 9838075                   /usr/lib/x86_64-linux-gnu/libXrandr.so.2.2.0
7f19883b6000-7f19883b7000 r--p 00009000 103:02 9838075                   /usr/lib/x86_64-linux-gnu/libXrandr.so.2.2.0
7f19883b7000-7f19883b8000 rw-p 0000a000 103:02 9838075                   /usr/lib/x86_64-linux-gnu/libXrandr.so.2.2.0
7f19883b8000-7f19883c7000 r-xp 00000000 103:02 9838065                   /usr/lib/x86_64-linux-gnu/libXi.so.6.1.0
7f19883c7000-7f19885c6000 ---p 0000f000 103:02 9838065                   /usr/lib/x86_64-linux-gnu/libXi.so.6.1.0
7f19885c6000-7f19885c7000 r--p 0000e000 103:02 9838065                   /usr/lib/x86_64-linux-gnu/libXi.so.6.1.0
7f19885c7000-7f19885c8000 rw-p 0000f000 103:02 9838065                   /usr/lib/x86_64-linux-gnu/libXi.so.6.1.0
7f19885c8000-7f19885d9000 r-xp 00000000 103:02 9838057                   /usr/lib/x86_64-linux-gnu/libXext.so.6.4.0
7f19885d9000-7f19887d8000 ---p 00011000 103:02 9838057                   /usr/lib/x86_64-linux-gnu/libXext.so.6.4.0
7f19887d8000-7f19887d9000 r--p 00010000 103:02 9838057                   /usr/lib/x86_64-linux-gnu/libXext.so.6.4.0
7f19887d9000-7f19887da000 rw-p 00011000 103:02 9838057                   /usr/lib/x86_64-linux-gnu/libXext.so.6.4.0
7f19887da000-7f19887df000 r-xp 00000000 103:02 9838093                   /usr/lib/x86_64-linux-gnu/libXxf86vm.so.1.0.0
7f19887df000-7f19889de000 ---p 00005000 103:02 9838093                   /usr/lib/x86_64-linux-gnu/libXxf86vm.so.1.0.0
7f19889de000-7f19889df000 r--p 00004000 103:02 9838093                   /usr/lib/x86_64-linux-gnu/libXxf86vm.so.1.0.0
7f19889df000-7f19889e0000 rw-p 00005000 103:02 9838093                   /usr/lib/x86_64-linux-gnu/libXxf86vm.so.1.0.0
7f19889e0000-7f19889f3000 r-xp 00000000 103:02 22942382                  /lib/x86_64-linux-gnu/libbsd.so.0.8.7
7f19889f3000-7f1988bf2000 ---p 00013000 103:02 22942382                  /lib/x86_64-linux-gnu/libbsd.so.0.8.7
7f1988bf2000-7f1988bf3000 r--p 00012000 103:02 22942382                  /lib/x86_64-linux-gnu/libbsd.so.0.8.7
7f1988bf3000-7f1988bf4000 rw-p 00013000 103:02 22942382                  /lib/x86_64-linux-gnu/libbsd.so.0.8.7
7f1988bf4000-7f1988bf5000 rw-p 00000000 00:00 0 
7f1988bf5000-7f1988bfa000 r-xp 00000000 103:02 9838055                   /usr/lib/x86_64-linux-gnu/libXdmcp.so.6.0.0
7f1988bfa000-7f1988df9000 ---p 00005000 103:02 9838055                   /usr/lib/x86_64-linux-gnu/libXdmcp.so.6.0.0
7f1988df9000-7f1988dfa000 r--p 00004000 103:02 9838055                   /usr/lib/x86_64-linux-gnu/libXdmcp.so.6.0.0
7f1988dfa000-7f1988dfb000 rw-p 00005000 103:02 9838055                   /usr/lib/x86_64-linux-gnu/libXdmcp.so.6.0.0
7f1988dfb000-7f1988dfd000 r-xp 00000000 103:02 9838044                   /usr/lib/x86_64-linux-gnu/libXau.so.6.0.0
7f1988dfd000-7f1988ffd000 ---p 00002000 103:02 9838044                   /usr/lib/x86_64-linux-gnu/libXau.so.6.0.0
7f1988ffd000-7f1988ffe000 r--p 00002000 103:02 9838044                   /usr/lib/x86_64-linux-gnu/libXau.so.6.0.0
7f1988ffe000-7f1988fff000 rw-p 00003000 103:02 9838044                   /usr/lib/x86_64-linux-gnu/libXau.so.6.0.0
7f1988fff000-7f198c000000 rw-p 00000000 00:00 0 
7f198c000000-7f198c1d4000 rw-p 00000000 00:00 0 
7f198c1d4000-7f1990000000 ---p 00000000 00:00 0 
7f1990000000-7f1990021000 rw-p 00000000 00:00 0 
7f1990021000-7f1994000000 ---p 00000000 00:00 0 
7f1994000000-7f1994032000 rw-p 00000000 00:00 0 
7f1994032000-7f1998000000 ---p 00000000 00:00 0 
7f1998000000-7f1998021000 rw-p 00000000 00:00 0 
7f1998021000-7f199c000000 ---p 00000000 00:00 0 
7f199c000000-7f199c021000 rw-p 00000000 00:00 0 
7f199c021000-7f19a0000000 ---p 00000000 00:00 0 
7f19a0000000-7f19a0116000 rw-p 00000000 00:00 0 
7f19a0116000-7f19a4000000 ---p 00000000 00:00 0 
7f19a4000000-7f19a4021000 rw-p 00000000 00:00 0 
7f19a4021000-7f19a8000000 ---p 00000000 00:00 0 
7f19a8000000-7f19a8021000 rw-p 00000000 00:00 0 
7f19a8021000-7f19ac000000 ---p 00000000 00:00 0 
7f19ac000000-7f19ac021000 rw-p 00000000 00:00 0 
7f19ac021000-7f19b0000000 ---p 00000000 00:00 0 
7f19b0019000-7f19b0059000 r-xs 00000000 08:01 16253876                   /home/sam/#16253876 (deleted)
7f19b0059000-7f19b006c000 rw-s 00000000 00:06 582                        /dev/nvidiactl
7f19b006c000-7f19b007c000 rw-s 00000000 00:06 583                        /dev/nvidia0
7f19b007c000-7f19b0080000 rw-s 00000000 00:06 582                        /dev/nvidiactl
7f19b0080000-7f19b00c0000 rw-s 00000000 00:06 582                        /dev/nvidiactl
7f19b00c0000-7f19b0100000 rw-s 00000000 00:06 582                        /dev/nvidiactl
7f19b0100000-7f19b0126000 r-xp 00000000 103:02 9840409                   /usr/lib/x86_64-linux-gnu/libxcb.so.1.1.0
7f19b0126000-7f19b0326000 ---p 00026000 103:02 9840409                   /usr/lib/x86_64-linux-gnu/libxcb.so.1.1.0
7f19b0326000-7f19b0327000 r--p 00026000 103:02 9840409                   /usr/lib/x86_64-linux-gnu/libxcb.so.1.1.0
7f19b0327000-7f19b0328000 rw-p 00027000 103:02 9840409                   /usr/lib/x86_64-linux-gnu/libxcb.so.1.1.0
7f19b0328000-7f19b045b000 r-xp 00000000 103:02 9839217                   /usr/lib/x86_64-linux-gnu/libX11.so.6.3.0
7f19b045b000-7f19b065b000 ---p 00133000 103:02 9839217                   /usr/lib/x86_64-linux-gnu/libX11.so.6.3.0
7f19b065b000-7f19b065c000 r--p 00133000 103:02 9839217                   /usr/lib/x86_64-linux-gnu/libX11.so.6.3.0
7f19b065c000-7f19b0660000 rw-p 00134000 103:02 9839217                   /usr/lib/x86_64-linux-gnu/libX11.so.6.3.0
7f19b0660000-7f19c0000000 rw-p 00000000 00:00 0 
7f19c0000000-7f19c0021000 rw-p 00000000 00:00 0 
7f19c0021000-7f19c4000000 ---p 00000000 00:00 0 
7f19c4000000-7f19c4021000 rw-p 00000000 00:00 0 
7f19c4021000-7f19c8000000 ---p 00000000 00:00 0 
7f19c8000000-7f19c8021000 rw-p 00000000 00:00 0 
7f19c8021000-7f19cc000000 ---p 00000000 00:00 0 
7f19cc000000-7f19cc002000 rw-s 00000000 103:02 15728659                  /tmp/.gloFv4S0 (deleted)
7f19cc002000-7f19cc003000 rw-s 00000000 00:06 582                        /dev/nvidiactl
7f19cc003000-7f19cc004000 rw-s 00000000 00:06 583                        /dev/nvidia0
7f19cc004000-7f19cc024000 rw-s 00000000 00:06 582                        /dev/nvidiactl
7f19cc024000-7f19cc025000 rw-s 00000000 00:06 583                        /dev/nvidia0
7f19cc025000-7f19cc045000 rw-s 00000000 00:06 582                        /dev/nvidiactl
7f19cc045000-7f19cc046000 rw-s 00000000 00:06 583                        /dev/nvidia0
7f19cc046000-7f19cc086000 rw-s 00000000 00:06 582                        /dev/nvidiactl
7f19cc086000-7f19cc0a6000 rw-s 00000000 00:06 582                        /dev/nvidiactl
7f19cc0a6000-7f19cc0a7000 rw-s 00000000 00:06 582                        /dev/nvidiactl
7f19cc0a7000-7f19cc0a8000 rw-s 00000000 00:06 582                        /dev/nvidiactl
7f19cc0a8000-7f19cc0af000 r--s 00000000 103:02 10095718                  /usr/lib/x86_64-linux-gnu/gconv/gconv-modules.cache
7f19cc0af000-7f19cc0f2000 r-xp 00000000 103:02 18483153                  /tmp/lwjglsam/3.2.3-build-13/libglfw.so
7f19cc0f2000-7f19cc2f1000 ---p 00043000 103:02 18483153                  /tmp/lwjglsam/3.2.3-build-13/libglfw.so
7f19cc2f1000-7f19cc2f2000 r--p 00042000 103:02 18483153                  /tmp/lwjglsam/3.2.3-build-13/libglfw.so
7f19cc2f2000-7f19cc2f4000 rw-p 00043000 103:02 18483153                  /tmp/lwjglsam/3.2.3-build-13/libglfw.so
7f19cc2f4000-7f19cc315000 rw-p 00000000 00:00 0 
7f19cc315000-7f19cc316000 r--s 0002c000 08:01 21106431                   /home/sam/Downloads/lwjgl-3.2.3/lwjgl-stb/lwjgl-stb-natives-linux-arm64.jar
7f19cc316000-7f19cc317000 r--s 00030000 08:01 21106432                   /home/sam/Downloads/lwjgl-3.2.3/lwjgl-stb/lwjgl-stb-natives-linux.jar
7f19cc317000-7f19cc319000 r--s 00018000 08:01 21106437                   /home/sam/Downloads/lwjgl-3.2.3/lwjgl-stb/lwjgl-stb.jar
7f19cc319000-7f19cc36a000 r-xp 00000000 103:02 18483152                  /tmp/lwjglsam/3.2.3-build-13/liblwjgl.so
7f19cc36a000-7f19cc569000 ---p 00051000 103:02 18483152                  /tmp/lwjglsam/3.2.3-build-13/liblwjgl.so
7f19cc569000-7f19cc56a000 r--p 00050000 103:02 18483152                  /tmp/lwjglsam/3.2.3-build-13/liblwjgl.so
7f19cc56a000-7f19cc56b000 rw-p 00051000 103:02 18483152                  /tmp/lwjglsam/3.2.3-build-13/liblwjgl.so
7f19cc56b000-7f19cc581000 r-xp 00000000 103:02 9839031                   /usr/lib/jvm/java-8-openjdk-amd64/jre/lib/amd64/libnet.so
7f19cc581000-7f19cc780000 ---p 00016000 103:02 9839031                   /usr/lib/jvm/java-8-openjdk-amd64/jre/lib/amd64/libnet.so
7f19cc780000-7f19cc781000 r--p 00015000 103:02 9839031                   /usr/lib/jvm/java-8-openjdk-amd64/jre/lib/amd64/libnet.so
7f19cc781000-7f19cc782000 rw-p 00016000 103:02 9839031                   /usr/lib/jvm/java-8-openjdk-amd64/jre/lib/amd64/libnet.so
7f19cc782000-7f19cc793000 r-xp 00000000 103:02 9839036                   /usr/lib/jvm/java-8-openjdk-amd64/jre/lib/amd64/libnio.so
7f19cc793000-7f19cc992000 ---p 00011000 103:02 9839036                   /usr/lib/jvm/java-8-openjdk-amd64/jre/lib/amd64/libnio.so
7f19cc992000-7f19cc993000 r--p 00010000 103:02 9839036                   /usr/lib/jvm/java-8-openjdk-amd64/jre/lib/amd64/libnio.so
7f19cc993000-7f19cc994000 rw-p 00011000 103:02 9839036                   /usr/lib/jvm/java-8-openjdk-amd64/jre/lib/amd64/libnio.so
7f19cc994000-7f19cc9a7000 r--s 00346000 103:02 9839324                   /usr/lib/jvm/java-8-openjdk-amd64/jre/lib/resources.jar
7f19cc9a7000-7f19cc9a8000 r--s 00002000 08:01 16253464                   /home/sam/Downloads/pngdecoder-1.0.jar
7f19cc9a8000-7f19cc9a9000 r--s 00022000 08:01 17960234                   /home/sam/Downloads/lwjgl-3.2.3/lwjgl-glfw/lwjgl-glfw-natives-linux-arm64.jar
7f19cc9a9000-7f19cc9aa000 r--s 00026000 08:01 17960235                   /home/sam/Downloads/lwjgl-3.2.3/lwjgl-glfw/lwjgl-glfw-natives-linux.jar
7f19cc9aa000-7f19cc9ad000 r--s 00018000 08:01 17960240                   /home/sam/Downloads/lwjgl-3.2.3/lwjgl-glfw/lwjgl-glfw.jar
7f19cc9ad000-7f19cc9af000 r--s 0000d000 08:01 19795215                   /home/sam/Downloads/lwjgl-3.2.3/lwjgl-opengl/lwjgl-opengl-natives-linux-arm64.jar
7f19cc9af000-7f19cc9b0000 r--s 00013000 08:01 19795216                   /home/sam/Downloads/lwjgl-3.2.3/lwjgl-opengl/lwjgl-opengl-natives-linux.jar
7f19cc9b0000-7f19cc9bb000 r--s 000da000 08:01 19795221                   /home/sam/Downloads/lwjgl-3.2.3/lwjgl-opengl/lwjgl-opengl.jar
7f19cc9bb000-7f19cc9c2000 r--s 00081000 08:01 16518147                   /home/sam/Downloads/lwjgl-3.2.3/lwjgl/lwjgl.jar
7f19cc9c2000-7f19cc9dd000 r--s 001d6000 103:02 9839212                   /usr/lib/jvm/java-8-openjdk-amd64/jre/lib/ext/nashorn.jar
7f19cc9dd000-7f19cc9de000 ---p 00000000 00:00 0 
7f19cc9de000-7f19ccade000 rw-p 00000000 00:00 0 
7f19ccade000-7f19ccae1000 ---p 00000000 00:00 0 
7f19ccae1000-7f19ccbdf000 rw-p 00000000 00:00 0 
7f19ccbdf000-7f19ccbe0000 ---p 00000000 00:00 0 
7f19ccbe0000-7f19ccbe3000 ---p 00000000 00:00 0 
7f19ccbe3000-7f19ccce0000 rw-p 00000000 00:00 0 
7f19ccce0000-7f19ccce1000 ---p 00000000 00:00 0 
7f19ccce1000-7f19ccce4000 ---p 00000000 00:00 0 
7f19ccce4000-7f19ccde1000 rw-p 00000000 00:00 0 
7f19ccde1000-7f19ccde2000 ---p 00000000 00:00 0 
7f19ccde2000-7f19ccde5000 ---p 00000000 00:00 0 
7f19ccde5000-7f19ccee2000 rw-p 00000000 00:00 0 
7f19ccee2000-7f19ccee3000 ---p 00000000 00:00 0 
7f19ccee3000-7f19ccee6000 ---p 00000000 00:00 0 
7f19ccee6000-7f19ccfe3000 rw-p 00000000 00:00 0 
7f19ccfe3000-7f19ccfe6000 ---p 00000000 00:00 0 
7f19ccfe6000-7f19cd0e4000 rw-p 00000000 00:00 0 
7f19cd0e4000-7f19cdab3000 r--p 00000000 103:02 9837060                   /usr/lib/locale/locale-archive
7f19cdab3000-7f19cdab6000 ---p 00000000 00:00 0 
7f19cdab6000-7f19cdbb4000 rw-p 00000000 00:00 0 
7f19cdbb4000-7f19cdbb7000 ---p 00000000 00:00 0 
7f19cdbb7000-7f19cdcb5000 rw-p 00000000 00:00 0 
7f19cdcb5000-7f19cdcb6000 ---p 00000000 00:00 0 
7f19cdcb6000-7f19d0000000 rw-p 00000000 00:00 0 
7f19d0000000-7f19d0021000 rw-p 00000000 00:00 0 
7f19d0021000-7f19d4000000 ---p 00000000 00:00 0 
7f19d4000000-7f19d4021000 rw-p 00000000 00:00 0 
7f19d4021000-7f19d8000000 ---p 00000000 00:00 0 
7f19d8000000-7f19d8021000 rw-p 00000000 00:00 0 
7f19d8021000-7f19dc000000 ---p 00000000 00:00 0 
7f19dc000000-7f19dc021000 rw-p 00000000 00:00 0 
7f19dc021000-7f19e0000000 ---p 00000000 00:00 0 
7f19e0000000-7f19e0021000 rw-p 00000000 00:00 0 
7f19e0021000-7f19e4000000 ---p 00000000 00:00 0 
7f19e4000000-7f19e4021000 rw-p 00000000 00:00 0 
7f19e4021000-7f19e8000000 ---p 00000000 00:00 0 
7f19e8000000-7f19e8021000 rw-p 00000000 00:00 0 
7f19e8021000-7f19ec000000 ---p 00000000 00:00 0 
7f19ec000000-7f19ec001000 r--s 0000c000 08:01 16517972                   /home/sam/Downloads/lwjgl-3.2.3/lwjgl/lwjgl-natives-linux-arm64.jar
7f19ec001000-7f19ec002000 r--s 00012000 08:01 16517973                   /home/sam/Downloads/lwjgl-3.2.3/lwjgl/lwjgl-natives-linux.jar
7f19ec002000-7f19ec071000 rw-p 00000000 00:00 0 
7f19ec071000-7f19ec241000 r--s 03c5c000 103:02 9839328                   /usr/lib/jvm/java-8-openjdk-amd64/jre/lib/rt.jar
7f19ec241000-7f19edaac000 rw-p 00000000 00:00 0 
7f19edaac000-7f19edaad000 ---p 00000000 00:00 0 
7f19edaad000-7f19edbad000 rw-p 00000000 00:00 0 
7f19edbad000-7f19edbae000 ---p 00000000 00:00 0 
7f19edbae000-7f19edcae000 rw-p 00000000 00:00 0 
7f19edcae000-7f19edcaf000 ---p 00000000 00:00 0 
7f19edcaf000-7f19eddaf000 rw-p 00000000 00:00 0 
7f19eddaf000-7f19eddb0000 ---p 00000000 00:00 0 
7f19eddb0000-7f19edeb0000 rw-p 00000000 00:00 0 
7f19edeb0000-7f19edeb1000 ---p 00000000 00:00 0 
7f19edeb1000-7f19edfb1000 rw-p 00000000 00:00 0 
7f19edfb1000-7f19edfb2000 ---p 00000000 00:00 0 
7f19edfb2000-7f19ee0b2000 rw-p 00000000 00:00 0 
7f19ee0b2000-7f19ee0b3000 ---p 00000000 00:00 0 
7f19ee0b3000-7f19ee1b3000 rw-p 00000000 00:00 0 
7f19ee1b3000-7f19ee1b4000 ---p 00000000 00:00 0 
7f19ee1b4000-7f19ee2b4000 rw-p 00000000 00:00 0 
7f19ee2b4000-7f19ee2b5000 ---p 00000000 00:00 0 
7f19ee2b5000-7f19ee45c000 rw-p 00000000 00:00 0 
7f19ee45c000-7f19eee1c000 ---p 00000000 00:00 0 
7f19eee1c000-7f19eeec3000 rw-p 00000000 00:00 0 
7f19eeec3000-7f19ef882000 ---p 00000000 00:00 0 
7f19ef882000-7f19ef8d6000 rw-p 00000000 00:00 0 
7f19ef8d6000-7f19efdb6000 ---p 00000000 00:00 0 
7f19efdb6000-7f19efdc1000 rw-p 00000000 00:00 0 
7f19efdc1000-7f19f0177000 ---p 00000000 00:00 0 
7f19f0177000-7f19f03f7000 rwxp 00000000 00:00 0 
7f19f03f7000-7f19ff177000 ---p 00000000 00:00 0 
7f19ff177000-7f19ff17f000 r-xp 00000000 103:02 9839091                   /usr/lib/jvm/java-8-openjdk-amd64/jre/lib/amd64/libzip.so
7f19ff17f000-7f19ff37e000 ---p 00008000 103:02 9839091                   /usr/lib/jvm/java-8-openjdk-amd64/jre/lib/amd64/libzip.so
7f19ff37e000-7f19ff37f000 r--p 00007000 103:02 9839091                   /usr/lib/jvm/java-8-openjdk-amd64/jre/lib/amd64/libzip.so
7f19ff37f000-7f19ff380000 rw-p 00008000 103:02 9839091                   /usr/lib/jvm/java-8-openjdk-amd64/jre/lib/amd64/libzip.so
7f19ff380000-7f19ff38b000 r-xp 00000000 103:02 22942476                  /lib/x86_64-linux-gnu/libnss_files-2.27.so
7f19ff38b000-7f19ff58a000 ---p 0000b000 103:02 22942476                  /lib/x86_64-linux-gnu/libnss_files-2.27.so
7f19ff58a000-7f19ff58b000 r--p 0000a000 103:02 22942476                  /lib/x86_64-linux-gnu/libnss_files-2.27.so
7f19ff58b000-7f19ff58c000 rw-p 0000b000 103:02 22942476                  /lib/x86_64-linux-gnu/libnss_files-2.27.so
7f19ff58c000-7f19ff592000 rw-p 00000000 00:00 0 
7f19ff592000-7f19ff5a9000 r-xp 00000000 103:02 22942470                  /lib/x86_64-linux-gnu/libnsl-2.27.so
7f19ff5a9000-7f19ff7a8000 ---p 00017000 103:02 22942470                  /lib/x86_64-linux-gnu/libnsl-2.27.so
7f19ff7a8000-7f19ff7a9000 r--p 00016000 103:02 22942470                  /lib/x86_64-linux-gnu/libnsl-2.27.so
7f19ff7a9000-7f19ff7aa000 rw-p 00017000 103:02 22942470                  /lib/x86_64-linux-gnu/libnsl-2.27.so
7f19ff7aa000-7f19ff7ac000 rw-p 00000000 00:00 0 
7f19ff7ac000-7f19ff7b7000 r-xp 00000000 103:02 22942487                  /lib/x86_64-linux-gnu/libnss_nis-2.27.so
7f19ff7b7000-7f19ff9b6000 ---p 0000b000 103:02 22942487                  /lib/x86_64-linux-gnu/libnss_nis-2.27.so
7f19ff9b6000-7f19ff9b7000 r--p 0000a000 103:02 22942487                  /lib/x86_64-linux-gnu/libnss_nis-2.27.so
7f19ff9b7000-7f19ff9b8000 rw-p 0000b000 103:02 22942487                  /lib/x86_64-linux-gnu/libnss_nis-2.27.so
7f19ff9b8000-7f19ff9c0000 r-xp 00000000 103:02 22942472                  /lib/x86_64-linux-gnu/libnss_compat-2.27.so
7f19ff9c0000-7f19ffbc0000 ---p 00008000 103:02 22942472                  /lib/x86_64-linux-gnu/libnss_compat-2.27.so
7f19ffbc0000-7f19ffbc1000 r--p 00008000 103:02 22942472                  /lib/x86_64-linux-gnu/libnss_compat-2.27.so
7f19ffbc1000-7f19ffbc2000 rw-p 00009000 103:02 22942472                  /lib/x86_64-linux-gnu/libnss_compat-2.27.so
7f19ffbc2000-7f19ffbec000 r-xp 00000000 103:02 9838982                   /usr/lib/jvm/java-8-openjdk-amd64/jre/lib/amd64/libjava.so
7f19ffbec000-7f19ffdeb000 ---p 0002a000 103:02 9838982                   /usr/lib/jvm/java-8-openjdk-amd64/jre/lib/amd64/libjava.so
7f19ffdeb000-7f19ffdec000 r--p 00029000 103:02 9838982                   /usr/lib/jvm/java-8-openjdk-amd64/jre/lib/amd64/libjava.so
7f19ffdec000-7f19ffdee000 rw-p 0002a000 103:02 9838982                   /usr/lib/jvm/java-8-openjdk-amd64/jre/lib/amd64/libjava.so
7f19ffdee000-7f19ffdfe000 r-xp 00000000 103:02 9839073                   /usr/lib/jvm/java-8-openjdk-amd64/jre/lib/amd64/libverify.so
7f19ffdfe000-7f19ffffd000 ---p 00010000 103:02 9839073                   /usr/lib/jvm/java-8-openjdk-amd64/jre/lib/amd64/libverify.so
7f19ffffd000-7f19fffff000 r--p 0000f000 103:02 9839073                   /usr/lib/jvm/java-8-openjdk-amd64/jre/lib/amd64/libverify.so
7f19fffff000-7f1a00000000 rw-p 00011000 103:02 9839073                   /usr/lib/jvm/java-8-openjdk-amd64/jre/lib/amd64/libverify.so
7f1a00000000-7f1a00957000 rw-p 00000000 00:00 0 
7f1a00957000-7f1a04000000 ---p 00000000 00:00 0 
7f1a04000000-7f1a04005000 r--s 0003c000 103:02 9839214                   /usr/lib/jvm/java-8-openjdk-amd64/jre/lib/ext/sunjce_provider.jar
7f1a04005000-7f1a04008000 r--s 00039000 103:02 9839215                   /usr/lib/jvm/java-8-openjdk-amd64/jre/lib/ext/sunpkcs11.jar
7f1a04008000-7f1a0400b000 r--s 0000f000 103:02 9839204                   /usr/lib/jvm/java-8-openjdk-amd64/jre/lib/ext/icedtea-sound.jar
7f1a0400b000-7f1a0402c000 rw-p 00000000 00:00 0 
7f1a0402c000-7f1a0402d000 ---p 00000000 00:00 0 
7f1a0402d000-7f1a0412d000 rw-p 00000000 00:00 0 
7f1a0412d000-7f1a04134000 r-xp 00000000 103:02 22942527                  /lib/x86_64-linux-gnu/librt-2.27.so
7f1a04134000-7f1a04333000 ---p 00007000 103:02 22942527                  /lib/x86_64-linux-gnu/librt-2.27.so
7f1a04333000-7f1a04334000 r--p 00006000 103:02 22942527                  /lib/x86_64-linux-gnu/librt-2.27.so
7f1a04334000-7f1a04335000 rw-p 00007000 103:02 22942527                  /lib/x86_64-linux-gnu/librt-2.27.so
7f1a04335000-7f1a0434c000 r-xp 00000000 103:02 22937606                  /lib/x86_64-linux-gnu/libgcc_s.so.1
7f1a0434c000-7f1a0454b000 ---p 00017000 103:02 22937606                  /lib/x86_64-linux-gnu/libgcc_s.so.1
7f1a0454b000-7f1a0454c000 r--p 00016000 103:02 22937606                  /lib/x86_64-linux-gnu/libgcc_s.so.1
7f1a0454c000-7f1a0454d000 rw-p 00017000 103:02 22937606                  /lib/x86_64-linux-gnu/libgcc_s.so.1
7f1a0454d000-7f1a046ea000 r-xp 00000000 103:02 22942449                  /lib/x86_64-linux-gnu/libm-2.27.so
7f1a046ea000-7f1a048e9000 ---p 0019d000 103:02 22942449                  /lib/x86_64-linux-gnu/libm-2.27.so
7f1a048e9000-7f1a048ea000 r--p 0019c000 103:02 22942449                  /lib/x86_64-linux-gnu/libm-2.27.so
7f1a048ea000-7f1a048eb000 rw-p 0019d000 103:02 22942449                  /lib/x86_64-linux-gnu/libm-2.27.so
7f1a048eb000-7f1a04a64000 r-xp 00000000 103:02 9830530                   /usr/lib/x86_64-linux-gnu/libstdc++.so.6.0.25
7f1a04a64000-7f1a04c64000 ---p 00179000 103:02 9830530                   /usr/lib/x86_64-linux-gnu/libstdc++.so.6.0.25
7f1a04c64000-7f1a04c6e000 r--p 00179000 103:02 9830530                   /usr/lib/x86_64-linux-gnu/libstdc++.so.6.0.25
7f1a04c6e000-7f1a04c70000 rw-p 00183000 103:02 9830530                   /usr/lib/x86_64-linux-gnu/libstdc++.so.6.0.25
7f1a04c70000-7f1a04c74000 rw-p 00000000 00:00 0 
7f1a04c74000-7f1a05913000 r-xp 00000000 103:02 9839139                   /usr/lib/jvm/java-8-openjdk-amd64/jre/lib/amd64/server/libjvm.so
7f1a05913000-7f1a05b13000 ---p 00c9f000 103:02 9839139                   /usr/lib/jvm/java-8-openjdk-amd64/jre/lib/amd64/server/libjvm.so
7f1a05b13000-7f1a05ba7000 r--p 00c9f000 103:02 9839139                   /usr/lib/jvm/java-8-openjdk-amd64/jre/lib/amd64/server/libjvm.so
7f1a05ba7000-7f1a05bd0000 rw-p 00d33000 103:02 9839139                   /usr/lib/jvm/java-8-openjdk-amd64/jre/lib/amd64/server/libjvm.so
7f1a05bd0000-7f1a05c00000 rw-p 00000000 00:00 0 
7f1a05c00000-7f1a05c1a000 r-xp 00000000 103:02 22942519                  /lib/x86_64-linux-gnu/libpthread-2.27.so
7f1a05c1a000-7f1a05e19000 ---p 0001a000 103:02 22942519                  /lib/x86_64-linux-gnu/libpthread-2.27.so
7f1a05e19000-7f1a05e1a000 r--p 00019000 103:02 22942519                  /lib/x86_64-linux-gnu/libpthread-2.27.so
7f1a05e1a000-7f1a05e1b000 rw-p 0001a000 103:02 22942519                  /lib/x86_64-linux-gnu/libpthread-2.27.so
7f1a05e1b000-7f1a05e1f000 rw-p 00000000 00:00 0 
7f1a05e1f000-7f1a05e22000 r-xp 00000000 103:02 22942409                  /lib/x86_64-linux-gnu/libdl-2.27.so
7f1a05e22000-7f1a06021000 ---p 00003000 103:02 22942409                  /lib/x86_64-linux-gnu/libdl-2.27.so
7f1a06021000-7f1a06022000 r--p 00002000 103:02 22942409                  /lib/x86_64-linux-gnu/libdl-2.27.so
7f1a06022000-7f1a06023000 rw-p 00003000 103:02 22942409                  /lib/x86_64-linux-gnu/libdl-2.27.so
7f1a06023000-7f1a0603f000 r-xp 00000000 103:02 22942558                  /lib/x86_64-linux-gnu/libz.so.1.2.11
7f1a0603f000-7f1a0623e000 ---p 0001c000 103:02 22942558                  /lib/x86_64-linux-gnu/libz.so.1.2.11
7f1a0623e000-7f1a0623f000 r--p 0001b000 103:02 22942558                  /lib/x86_64-linux-gnu/libz.so.1.2.11
7f1a0623f000-7f1a06240000 rw-p 0001c000 103:02 22942558                  /lib/x86_64-linux-gnu/libz.so.1.2.11
7f1a06240000-7f1a06427000 r-xp 00000000 103:02 22942386                  /lib/x86_64-linux-gnu/libc-2.27.so
7f1a06427000-7f1a06627000 ---p 001e7000 103:02 22942386                  /lib/x86_64-linux-gnu/libc-2.27.so
7f1a06627000-7f1a0662b000 r--p 001e7000 103:02 22942386                  /lib/x86_64-linux-gnu/libc-2.27.so
7f1a0662b000-7f1a0662d000 rw-p 001eb000 103:02 22942386                  /lib/x86_64-linux-gnu/libc-2.27.so
7f1a0662d000-7f1a06631000 rw-p 00000000 00:00 0 
7f1a06631000-7f1a0663f000 r-xp 00000000 103:02 9838942                   /usr/lib/jvm/java-8-openjdk-amd64/jre/lib/amd64/jli/libjli.so
7f1a0663f000-7f1a0683e000 ---p 0000e000 103:02 9838942                   /usr/lib/jvm/java-8-openjdk-amd64/jre/lib/amd64/jli/libjli.so
7f1a0683e000-7f1a0683f000 r--p 0000d000 103:02 9838942                   /usr/lib/jvm/java-8-openjdk-amd64/jre/lib/amd64/jli/libjli.so
7f1a0683f000-7f1a06840000 rw-p 0000e000 103:02 9838942                   /usr/lib/jvm/java-8-openjdk-amd64/jre/lib/amd64/jli/libjli.so
7f1a06840000-7f1a06867000 r-xp 00000000 103:02 22942358                  /lib/x86_64-linux-gnu/ld-2.27.so
7f1a06867000-7f1a06868000 r--s 0000a000 103:02 9839205                   /usr/lib/jvm/java-8-openjdk-amd64/jre/lib/ext/jaccess.jar
7f1a06868000-7f1a06883000 r--s 00394000 103:02 9839202                   /usr/lib/jvm/java-8-openjdk-amd64/jre/lib/ext/cldrdata.jar
7f1a06883000-7f1a06948000 rw-p 00000000 00:00 0 
7f1a06948000-7f1a06949000 ---p 00000000 00:00 0 
7f1a06949000-7f1a0694c000 ---p 00000000 00:00 0 
7f1a0694c000-7f1a06a4b000 rw-p 00000000 00:00 0 
7f1a06a4b000-7f1a06a4d000 r--s 00001000 103:02 9839203                   /usr/lib/jvm/java-8-openjdk-amd64/jre/lib/ext/dnsns.jar
7f1a06a4d000-7f1a06a57000 r--s 00116000 103:02 9839206                   /usr/lib/jvm/java-8-openjdk-amd64/jre/lib/ext/localedata.jar
7f1a06a57000-7f1a06a59000 r--s 00007000 103:02 10224650                  /usr/share/java/java-atk-wrapper.jar
7f1a06a59000-7f1a06a5a000 r--s 0000d000 103:02 9839213                   /usr/lib/jvm/java-8-openjdk-amd64/jre/lib/ext/sunec.jar
7f1a06a5a000-7f1a06a5b000 r--s 00010000 103:02 9839216                   /usr/lib/jvm/java-8-openjdk-amd64/jre/lib/ext/zipfs.jar
7f1a06a5b000-7f1a06a63000 rw-s 00000000 103:02 18483138                  /tmp/hsperfdata_sam/15376
7f1a06a63000-7f1a06a64000 rw-p 00000000 00:00 0 
7f1a06a64000-7f1a06a65000 r--p 00000000 00:00 0 
7f1a06a65000-7f1a06a67000 rw-p 00000000 00:00 0 
7f1a06a67000-7f1a06a68000 r--p 00027000 103:02 22942358                  /lib/x86_64-linux-gnu/ld-2.27.so
7f1a06a68000-7f1a06a69000 rw-p 00028000 103:02 22942358                  /lib/x86_64-linux-gnu/ld-2.27.so
7f1a06a69000-7f1a06a6a000 rw-p 00000000 00:00 0 
7fffa3eba000-7fffa3edb000 rw-p 00000000 00:00 0                          [stack]
7fffa3fd2000-7fffa3fd5000 r--p 00000000 00:00 0                          [vvar]
7fffa3fd5000-7fffa3fd6000 r-xp 00000000 00:00 0                          [vdso]
ffffffffff600000-ffffffffff601000 --xp 00000000 00:00 0                  [vsyscall]

VM Arguments:
jvm_args: -Dfile.encoding=UTF-8 
java_command: main.Main
java_class_path (initial): /home/sam/Downloads/lwjgl-3.2.3/lwjgl/lwjgl.jar:/home/sam/Downloads/lwjgl-3.2.3/lwjgl/lwjgl-natives-linux.jar:/home/sam/Downloads/lwjgl-3.2.3/lwjgl/lwjgl-natives-linux-arm64.jar:/home/sam/Downloads/lwjgl-3.2.3/lwjgl-opengl/lwjgl-opengl.jar:/home/sam/Downloads/lwjgl-3.2.3/lwjgl-opengl/lwjgl-opengl-natives-linux.jar:/home/sam/Downloads/lwjgl-3.2.3/lwjgl-opengl/lwjgl-opengl-natives-linux-arm64.jar:/home/sam/Downloads/lwjgl-3.2.3/lwjgl-glfw/lwjgl-glfw.jar:/home/sam/Downloads/lwjgl-3.2.3/lwjgl-glfw/lwjgl-glfw-natives-linux.jar:/home/sam/Downloads/lwjgl-3.2.3/lwjgl-glfw/lwjgl-glfw-natives-linux-arm64.jar:/home/sam/Downloads/pngdecoder-1.0.jar:/home/sam/eclipse/workspace/LWJGL-ENGINE/bin:/home/sam/Downloads/lwjgl-3.2.3/lwjgl-stb/lwjgl-stb.jar:/home/sam/Downloads/lwjgl-3.2.3/lwjgl-stb/lwjgl-stb-natives-linux.jar:/home/sam/Downloads/lwjgl-3.2.3/lwjgl-stb/lwjgl-stb-natives-linux-arm64.jar
Launcher Type: SUN_STANDARD

Environment Variables:
PATH=/usr/local/sbin:/usr/local/bin:/usr/sbin:/usr/bin:/sbin:/bin:/usr/games:/usr/local/games:/snap/bin
USERNAME=sam
SHELL=/bin/bash
DISPLAY=:0

Signal Handlers:
SIGSEGV: [libjvm.so+0xab92f0], sa_mask[0]=11111111011111111101111111111110, sa_flags=SA_RESTART|SA_SIGINFO
SIGBUS: [libjvm.so+0xab92f0], sa_mask[0]=11111111011111111101111111111110, sa_flags=SA_RESTART|SA_SIGINFO
SIGFPE: [libjvm.so+0x8ee560], sa_mask[0]=11111111011111111101111111111110, sa_flags=SA_RESTART|SA_SIGINFO
SIGPIPE: [libjvm.so+0x8ee560], sa_mask[0]=11111111011111111101111111111110, sa_flags=SA_RESTART|SA_SIGINFO
SIGXFSZ: [libjvm.so+0x8ee560], sa_mask[0]=11111111011111111101111111111110, sa_flags=SA_RESTART|SA_SIGINFO
SIGILL: [libjvm.so+0x8ee560], sa_mask[0]=11111111011111111101111111111110, sa_flags=SA_RESTART|SA_SIGINFO
SIGUSR1: SIG_DFL, sa_mask[0]=00000000000000000000000000000000, sa_flags=none
SIGUSR2: [libjvm.so+0x8ee410], sa_mask[0]=00100000000000000000000000000000, sa_flags=SA_RESTART|SA_SIGINFO
SIGHUP: [libjvm.so+0x8eea80], sa_mask[0]=11111111011111111101111111111110, sa_flags=SA_RESTART|SA_SIGINFO
SIGINT: [libjvm.so+0x8eea80], sa_mask[0]=11111111011111111101111111111110, sa_flags=SA_RESTART|SA_SIGINFO
SIGTERM: [libjvm.so+0x8eea80], sa_mask[0]=11111111011111111101111111111110, sa_flags=SA_RESTART|SA_SIGINFO
SIGQUIT: [libjvm.so+0x8eea80], sa_mask[0]=11111111011111111101111111111110, sa_flags=SA_RESTART|SA_SIGINFO


---------------  S Y S T E M  ---------------

OS:DISTRIB_ID=Ubuntu
DISTRIB_RELEASE=18.04
DISTRIB_CODENAME=bionic
DISTRIB_DESCRIPTION="Ubuntu 18.04.2 LTS"

uname:Linux 5.3.0-23-generic #25~18.04.1-Ubuntu SMP Tue Nov 12 10:58:57 UTC 2019 x86_64
libc:glibc 2.27 NPTL 2.27 
rlimit: STACK 8192k, CORE 0k, NPROC 127605, NOFILE 1048576, AS infinity
load average:0.59 0.51 0.63

/proc/meminfo:
MemTotal:       32713504 kB
MemFree:        26591824 kB
MemAvailable:   27779212 kB
Buffers:          247316 kB
Cached:          1653104 kB
SwapCached:            0 kB
Active:          4446088 kB
Inactive:         992472 kB
Active(anon):    3582408 kB
Inactive(anon):   394080 kB
Active(file):     863680 kB
Inactive(file):   598392 kB
Unevictable:       43080 kB
Mlocked:             192 kB
SwapTotal:       2097148 kB
SwapFree:        2097148 kB
Dirty:               108 kB
Writeback:             0 kB
AnonPages:       3581200 kB
Mapped:          1023268 kB
Shmem:            438356 kB
KReclaimable:     189552 kB
Slab:             281204 kB
SReclaimable:     189552 kB
SUnreclaim:        91652 kB
KernelStack:       19632 kB
PageTables:        68688 kB
NFS_Unstable:          0 kB
Bounce:                0 kB
WritebackTmp:          0 kB
CommitLimit:    18453900 kB
Committed_AS:   11121632 kB
VmallocTotal:   34359738367 kB
VmallocUsed:       62468 kB
VmallocChunk:          0 kB
Percpu:             5952 kB
HardwareCorrupted:     0 kB
AnonHugePages:         0 kB
ShmemHugePages:        0 kB
ShmemPmdMapped:        0 kB
CmaTotal:              0 kB
CmaFree:               0 kB
HugePages_Total:       0
HugePages_Free:        0
HugePages_Rsvd:        0
HugePages_Surp:        0
Hugepagesize:       2048 kB
Hugetlb:               0 kB
DirectMap4k:      475808 kB
DirectMap2M:     7739392 kB
DirectMap1G:    25165824 kB

container (cgroup) information:
container_type: cgroupv1
cpu_cpuset_cpus: 0-11
cpu_memory_nodes: 0
active_processor_count: 12
cpu_quota: -1
cpu_period: 100000
cpu_shares: -1
memory_limit_in_bytes: -1
memory_and_swap_limit_in_bytes: -2
memory_soft_limit_in_bytes: -1
memory_usage_in_bytes: 5613178880
memory_max_usage_in_bytes: 0


CPU:total 12 (initial active 12) (6 cores per cpu, 2 threads per core) family 6 model 158 stepping 10, cmov, cx8, fxsr, mmx, sse, sse2, sse3, ssse3, sse4.1, sse4.2, popcnt, avx, avx2, aes, clmul, erms, 3dnowpref, lzcnt, ht, tsc, tscinvbit, bmi1, bmi2, adx

/proc/cpuinfo:
processor	: 0
vendor_id	: GenuineIntel
cpu family	: 6
model		: 158
model name	: Intel(R) Core(TM) i7-8750H CPU @ 2.20GHz
stepping	: 10
microcode	: 0xca
cpu MHz		: 2200.001
cache size	: 9216 KB
physical id	: 0
siblings	: 12
core id		: 0
cpu cores	: 6
apicid		: 0
initial apicid	: 0
fpu		: yes
fpu_exception	: yes
cpuid level	: 22
wp		: yes
flags		: fpu vme de pse tsc msr pae mce cx8 apic sep mtrr pge mca cmov pat pse36 clflush dts acpi mmx fxsr sse sse2 ss ht tm pbe syscall nx pdpe1gb rdtscp lm constant_tsc art arch_perfmon pebs bts rep_good nopl xtopology nonstop_tsc cpuid aperfmperf pni pclmulqdq dtes64 monitor ds_cpl vmx est tm2 ssse3 sdbg fma cx16 xtpr pdcm pcid sse4_1 sse4_2 x2apic movbe popcnt tsc_deadline_timer aes xsave avx f16c rdrand lahf_lm abm 3dnowprefetch cpuid_fault epb invpcid_single pti ssbd ibrs ibpb stibp tpr_shadow vnmi flexpriority ept vpid ept_ad fsgsbase tsc_adjust bmi1 avx2 smep bmi2 erms invpcid mpx rdseed adx smap clflushopt intel_pt xsaveopt xsavec xgetbv1 xsaves dtherm ida arat pln pts hwp hwp_notify hwp_act_window hwp_epp md_clear flush_l1d
bugs		: cpu_meltdown spectre_v1 spectre_v2 spec_store_bypass l1tf mds swapgs itlb_multihit
bogomips	: 4399.99
clflush size	: 64
cache_alignment	: 64
address sizes	: 39 bits physical, 48 bits virtual
power management:

processor	: 1
vendor_id	: GenuineIntel
cpu family	: 6
model		: 158
model name	: Intel(R) Core(TM) i7-8750H CPU @ 2.20GHz
stepping	: 10
microcode	: 0xca
cpu MHz		: 2200.053
cache size	: 9216 KB
physical id	: 0
siblings	: 12
core id		: 1
cpu cores	: 6
apicid		: 2
initial apicid	: 2
fpu		: yes
fpu_exception	: yes
cpuid level	: 22
wp		: yes
flags		: fpu vme de pse tsc msr pae mce cx8 apic sep mtrr pge mca cmov pat pse36 clflush dts acpi mmx fxsr sse sse2 ss ht tm pbe syscall nx pdpe1gb rdtscp lm constant_tsc art arch_perfmon pebs bts rep_good nopl xtopology nonstop_tsc cpuid aperfmperf pni pclmulqdq dtes64 monitor ds_cpl vmx est tm2 ssse3 sdbg fma cx16 xtpr pdcm pcid sse4_1 sse4_2 x2apic movbe popcnt tsc_deadline_timer aes xsave avx f16c rdrand lahf_lm abm 3dnowprefetch cpuid_fault epb invpcid_single pti ssbd ibrs ibpb stibp tpr_shadow vnmi flexpriority ept vpid ept_ad fsgsbase tsc_adjust bmi1 avx2 smep bmi2 erms invpcid mpx rdseed adx smap clflushopt intel_pt xsaveopt xsavec xgetbv1 xsaves dtherm ida arat pln pts hwp hwp_notify hwp_act_window hwp_epp flush_l1d
bugs		: cpu_meltdown spectre_v1 spectre_v2 spec_store_bypass l1tf mds swapgs itlb_multihit
bogomips	: 4399.99
clflush size	: 64
cache_alignment	: 64
address sizes	: 39 bits physical, 48 bits virtual
power management:

processor	: 2
vendor_id	: GenuineIntel
cpu family	: 6
model		: 158
model name	: Intel(R) Core(TM) i7-8750H CPU @ 2.20GHz
stepping	: 10
microcode	: 0xca
cpu MHz		: 2199.999
cache size	: 9216 KB
physical id	: 0
siblings	: 12
core id		: 2
cpu cores	: 6
apicid		: 4
initial apicid	: 4
fpu		: yes
fpu_exception	: yes
cpuid level	: 22
wp		: yes
flags		: fpu vme de pse tsc msr pae mce cx8 apic sep mtrr pge mca cmov pat pse36 clflush dts acpi mmx fxsr sse sse2 ss ht tm pbe syscall nx pdpe1gb rdtscp lm constant_tsc art arch_perfmon pebs bts rep_good nopl xtopology nonstop_tsc cpuid aperfmperf pni pclmulqdq dtes64 monitor ds_cpl vmx est tm2 ssse3 sdbg fma cx16 xtpr pdcm pcid sse4_1 sse4_2 x2apic movbe popcnt tsc_deadline_timer aes xsave avx f16c rdrand lahf_lm abm 3dnowprefetch cpuid_fault epb invpcid_single pti ssbd ibrs ibpb stibp tpr_shadow vnmi flexpriority ept vpid ept_ad fsgsbase tsc_adjust bmi1 avx2 smep bmi2 erms invpcid mpx rdseed adx smap clflushopt intel_pt xsaveopt xsavec xgetbv1 xsaves dtherm ida arat pln pts hwp hwp_notify hwp_act_window hwp_epp flush_l1d
bugs		: cpu_meltdown spectre_v1 spectre_v2 spec_store_bypass l1tf mds swapgs itlb_multihit
bogomips	: 4399.99
clflush size	: 64
cache_alignment	: 64
address sizes	: 39 bits physical, 48 bits virtual
power management:

processor	: 3
vendor_id	: GenuineIntel
cpu family	: 6
model		: 158
model name	: Intel(R) Core(TM) i7-8750H CPU @ 2.20GHz
stepping	: 10
microcode	: 0xca
cpu MHz		: 2200.071
cache size	: 9216 KB
physical id	: 0
siblings	: 12
core id		: 3
cpu cores	: 6
apicid		: 6
initial apicid	: 6
fpu		: yes
fpu_exception	: yes
cpuid level	: 22
wp		: yes
flags		: fpu vme de pse tsc msr pae mce cx8 apic sep mtrr pge mca cmov pat pse36 clflush dts acpi mmx fxsr sse sse2 ss ht tm pbe syscall nx pdpe1gb rdtscp lm constant_tsc art arch_perfmon pebs bts rep_good nopl xtopology nonstop_tsc cpuid aperfmperf pni pclmulqdq dtes64 monitor ds_cpl vmx est tm2 ssse3 sdbg fma cx16 xtpr pdcm pcid sse4_1 sse4_2 x2apic movbe popcnt tsc_deadline_timer aes xsave avx f16c rdrand lahf_lm abm 3dnowprefetch cpuid_fault epb invpcid_single pti ssbd ibrs ibpb stibp tpr_shadow vnmi flexpriority ept vpid ept_ad fsgsbase tsc_adjust bmi1 avx2 smep bmi2 erms invpcid mpx rdseed adx smap clflushopt intel_pt xsaveopt xsavec xgetbv1 xsaves dtherm ida arat pln pts hwp hwp_notify hwp_act_window hwp_epp flush_l1d
bugs		: cpu_meltdown spectre_v1 spectre_v2 spec_store_bypass l1tf mds swapgs itlb_multihit
bogomips	: 4399.99
clflush size	: 64
cache_alignment	: 64
address sizes	: 39 bits physical, 48 bits virtual
power management:

processor	: 4
vendor_id	: GenuineIntel
cpu family	: 6
model		: 158
model name	: Intel(R) Core(TM) i7-8750H CPU @ 2.20GHz
stepping	: 10
microcode	: 0xca
cpu MHz		: 2205.076
cache size	: 9216 KB
physical id	: 0
siblings	: 12
core id		: 4
cpu cores	: 6
apicid		: 8
initial apicid	: 8
fpu		: yes
fpu_exception	: yes
cpuid level	: 22
wp		: yes
flags		: fpu vme de pse tsc msr pae mce cx8 apic sep mtrr pge mca cmov pat pse36 clflush dts acpi mmx fxsr sse sse2 ss ht tm pbe syscall nx pdpe1gb rdtscp lm constant_tsc art arch_perfmon pebs bts rep_good nopl xtopology nonstop_tsc cpuid aperfmperf pni pclmulqdq dtes64 monitor ds_cpl vmx est tm2 ssse3 sdbg fma cx16 xtpr pdcm pcid sse4_1 sse4_2 x2apic movbe popcnt tsc_deadline_timer aes xsave avx f16c rdrand lahf_lm abm 3dnowprefetch cpuid_fault epb invpcid_single pti ssbd ibrs ibpb stibp tpr_shadow vnmi flexpriority ept vpid ept_ad fsgsbase tsc_adjust bmi1 avx2 smep bmi2 erms invpcid mpx rdseed adx smap clflushopt intel_pt xsaveopt xsavec xgetbv1 xsaves dtherm ida arat pln pts hwp hwp_notify hwp_act_window hwp_epp flush_l1d
bugs		: cpu_meltdown spectre_v1 spectre_v2 spec_store_bypass l1tf mds swapgs itlb_multihit
bogomips	: 4399.99
clflush size	: 64
cache_alignment	: 64
address sizes	: 39 bits physical, 48 bits virtual
power management:

processor	: 5
vendor_id	: GenuineIntel
cpu family	: 6
model		: 158
model name	: Intel(R) Core(TM) i7-8750H CPU @ 2.20GHz
stepping	: 10
microcode	: 0xca
cpu MHz		: 2200.028
cache size	: 9216 KB
physical id	: 0
siblings	: 12
core id		: 5
cpu cores	: 6
apicid		: 10
initial apicid	: 10
fpu		: yes
fpu_exception	: yes
cpuid level	: 22
wp		: yes
flags		: fpu vme de pse tsc msr pae mce cx8 apic sep mtrr pge mca cmov pat pse36 clflush dts acpi mmx fxsr sse sse2 ss ht tm pbe syscall nx pdpe1gb rdtscp lm constant_tsc art arch_perfmon pebs bts rep_good nopl xtopology nonstop_tsc cpuid aperfmperf pni pclmulqdq dtes64 monitor ds_cpl vmx est tm2 ssse3 sdbg fma cx16 xtpr pdcm pcid sse4_1 sse4_2 x2apic movbe popcnt tsc_deadline_timer aes xsave avx f16c rdrand lahf_lm abm 3dnowprefetch cpuid_fault epb invpcid_single pti ssbd ibrs ibpb stibp tpr_shadow vnmi flexpriority ept vpid ept_ad fsgsbase tsc_adjust bmi1 avx2 smep bmi2 erms invpcid mpx rdseed adx smap clflushopt intel_pt xsaveopt xsavec xgetbv1 xsaves dtherm ida arat pln pts hwp hwp_notify hwp_act_window hwp_epp flush_l1d
bugs		: cpu_meltdown spectre_v1 spectre_v2 spec_store_bypass l1tf mds swapgs itlb_multihit
bogomips	: 4399.99
clflush size	: 64
cache_alignment	: 64
address sizes	: 39 bits physical, 48 bits virtual
power management:

processor	: 6
vendor_id	: GenuineIntel
cpu family	: 6
model		: 158
model name	: Intel(R) Core(TM) i7-8750H CPU @ 2.20GHz
stepping	: 10
microcode	: 0xca
cpu MHz		: 2200.064
cache size	: 9216 KB
physical id	: 0
siblings	: 12
core id		: 0
cpu cores	: 6
apicid		: 1
initial apicid	: 1
fpu		: yes
fpu_exception	: yes
cpuid level	: 22
wp		: yes
flags		: fpu vme de pse tsc msr pae mce cx8 apic sep mtrr pge mca cmov pat pse36 clflush dts acpi mmx fxsr sse sse2 ss ht tm pbe syscall nx pdpe1gb rdtscp lm constant_tsc art arch_perfmon pebs bts rep_good nopl xtopology nonstop_tsc cpuid aperfmperf pni pclmulqdq dtes64 monitor ds_cpl vmx est tm2 ssse3 sdbg fma cx16 xtpr pdcm pcid sse4_1 sse4_2 x2apic movbe popcnt tsc_deadline_timer aes xsave avx f16c rdrand lahf_lm abm 3dnowprefetch cpuid_fault epb invpcid_single pti ssbd ibrs ibpb stibp tpr_shadow vnmi flexpriority ept vpid ept_ad fsgsbase tsc_adjust bmi1 avx2 smep bmi2 erms invpcid mpx rdseed adx smap clflushopt intel_pt xsaveopt xsavec xgetbv1 xsaves dtherm ida arat pln pts hwp hwp_notify hwp_act_window hwp_epp md_clear flush_l1d
bugs		: cpu_meltdown spectre_v1 spectre_v2 spec_store_bypass l1tf mds swapgs itlb_multihit
bogomips	: 4399.99
clflush size	: 64
cache_alignment	: 64
address sizes	: 39 bits physical, 48 bits virtual
power management:

processor	: 7
vendor_id	: GenuineIntel
cpu family	: 6
model		: 158
model name	: Intel(R) Core(TM) i7-8750H CPU @ 2.20GHz
stepping	: 10
microcode	: 0xca
cpu MHz		: 2200.062
cache size	: 9216 KB
physical id	: 0
siblings	: 12
core id		: 1
cpu cores	: 6
apicid		: 3
initial apicid	: 3
fpu		: yes
fpu_exception	: yes
cpuid level	: 22
wp		: yes
flags		: fpu vme de pse tsc msr pae mce cx8 apic sep mtrr pge mca cmov pat pse36 clflush dts acpi mmx fxsr sse sse2 ss ht tm pbe syscall nx pdpe1gb rdtscp lm constant_tsc art arch_perfmon pebs bts rep_good nopl xtopology nonstop_tsc cpuid aperfmperf pni pclmulqdq dtes64 monitor ds_cpl vmx est tm2 ssse3 sdbg fma cx16 xtpr pdcm pcid sse4_1 sse4_2 x2apic movbe popcnt tsc_deadline_timer aes xsave avx f16c rdrand lahf_lm abm 3dnowprefetch cpuid_fault epb invpcid_single pti ssbd ibrs ibpb stibp tpr_shadow vnmi flexpriority ept vpid ept_ad fsgsbase tsc_adjust bmi1 avx2 smep bmi2 erms invpcid mpx rdseed adx smap clflushopt intel_pt xsaveopt xsavec xgetbv1 xsaves dtherm ida arat pln pts hwp hwp_notify hwp_act_window hwp_epp md_clear flush_l1d
bugs		: cpu_meltdown spectre_v1 spectre_v2 spec_store_bypass l1tf mds swapgs itlb_multihit
bogomips	: 4399.99
clflush size	: 64
cache_alignment	: 64
address sizes	: 39 bits physical, 48 bits virtual
power management:

processor	: 8
vendor_id	: GenuineIntel
cpu family	: 6
model		: 158
model name	: Intel(R) Core(TM) i7-8750H CPU @ 2.20GHz
stepping	: 10
microcode	: 0xca
cpu MHz		: 2199.965
cache size	: 9216 KB
physical id	: 0
siblings	: 12
core id		: 2
cpu cores	: 6
apicid		: 5
initial apicid	: 5
fpu		: yes
fpu_exception	: yes
cpuid level	: 22
wp		: yes
flags		: fpu vme de pse tsc msr pae mce cx8 apic sep mtrr pge mca cmov pat pse36 clflush dts acpi mmx fxsr sse sse2 ss ht tm pbe syscall nx pdpe1gb rdtscp lm constant_tsc art arch_perfmon pebs bts rep_good nopl xtopology nonstop_tsc cpuid aperfmperf pni pclmulqdq dtes64 monitor ds_cpl vmx est tm2 ssse3 sdbg fma cx16 xtpr pdcm pcid sse4_1 sse4_2 x2apic movbe popcnt tsc_deadline_timer aes xsave avx f16c rdrand lahf_lm abm 3dnowprefetch cpuid_fault epb invpcid_single pti ssbd ibrs ibpb stibp tpr_shadow vnmi flexpriority ept vpid ept_ad fsgsbase tsc_adjust bmi1 avx2 smep bmi2 erms invpcid mpx rdseed adx smap clflushopt intel_pt xsaveopt xsavec xgetbv1 xsaves dtherm ida arat pln pts hwp hwp_notify hwp_act_window hwp_epp md_clear flush_l1d
bugs		: cpu_meltdown spectre_v1 spectre_v2 spec_store_bypass l1tf mds swapgs itlb_multihit
bogomips	: 4399.99
clflush size	: 64
cache_alignment	: 64
address sizes	: 39 bits physical, 48 bits virtual
power management:

processor	: 9
vendor_id	: GenuineIntel
cpu family	: 6
model		: 158
model name	: Intel(R) Core(TM) i7-8750H CPU @ 2.20GHz
stepping	: 10
microcode	: 0xca
cpu MHz		: 2200.249
cache size	: 9216 KB
physical id	: 0
siblings	: 12
core id		: 3
cpu cores	: 6
apicid		: 7
initial apicid	: 7
fpu		: yes
fpu_exception	: yes
cpuid level	: 22
wp		: yes
flags		: fpu vme de pse tsc msr pae mce cx8 apic sep mtrr pge mca cmov pat pse36 clflush dts acpi mmx fxsr sse sse2 ss ht tm pbe syscall nx pdpe1gb rdtscp lm constant_tsc art arch_perfmon pebs bts rep_good nopl xtopology nonstop_tsc cpuid aperfmperf pni pclmulqdq dtes64 monitor ds_cpl vmx est tm2 ssse3 sdbg fma cx16 xtpr pdcm pcid sse4_1 sse4_2 x2apic movbe popcnt tsc_deadline_timer aes xsave avx f16c rdrand lahf_lm abm 3dnowprefetch cpuid_fault epb invpcid_single pti ssbd ibrs ibpb stibp tpr_shadow vnmi flexpriority ept vpid ept_ad fsgsbase tsc_adjust bmi1 avx2 smep bmi2 erms invpcid mpx rdseed adx smap clflushopt intel_pt xsaveopt xsavec xgetbv1 xsaves dtherm ida arat pln pts hwp hwp_notify hwp_act_window hwp_epp md_clear flush_l1d
bugs		: cpu_meltdown spectre_v1 spectre_v2 spec_store_bypass l1tf mds swapgs itlb_multihit
bogomips	: 4399.99
clflush size	: 64
cache_alignment	: 64
address sizes	: 39 bits physical, 48 bits virtual
power management:

processor	: 10
vendor_id	: GenuineIntel
cpu family	: 6
model		: 158
model name	: Intel(R) Core(TM) i7-8750H CPU @ 2.20GHz
stepping	: 10
microcode	: 0xca
cpu MHz		: 2200.069
cache size	: 9216 KB
physical id	: 0
siblings	: 12
core id		: 4
cpu cores	: 6
apicid		: 9
initial apicid	: 9
fpu		: yes
fpu_exception	: yes
cpuid level	: 22
wp		: yes
flags		: fpu vme de pse tsc msr pae mce cx8 apic sep mtrr pge mca cmov pat pse36 clflush dts acpi mmx fxsr sse sse2 ss ht tm pbe syscall nx pdpe1gb rdtscp lm constant_tsc art arch_perfmon pebs bts rep_good nopl xtopology nonstop_tsc cpuid aperfmperf pni pclmulqdq dtes64 monitor ds_cpl vmx est tm2 ssse3 sdbg fma cx16 xtpr pdcm pcid sse4_1 sse4_2 x2apic movbe popcnt tsc_deadline_timer aes xsave avx f16c rdrand lahf_lm abm 3dnowprefetch cpuid_fault epb invpcid_single pti ssbd ibrs ibpb stibp tpr_shadow vnmi flexpriority ept vpid ept_ad fsgsbase tsc_adjust bmi1 avx2 smep bmi2 erms invpcid mpx rdseed adx smap clflushopt intel_pt xsaveopt xsavec xgetbv1 xsaves dtherm ida arat pln pts hwp hwp_notify hwp_act_window hwp_epp md_clear flush_l1d
bugs		: cpu_meltdown spectre_v1 spectre_v2 spec_store_bypass l1tf mds swapgs itlb_multihit
bogomips	: 4399.99
clflush size	: 64
cache_alignment	: 64
address sizes	: 39 bits physical, 48 bits virtual
power management:

processor	: 11
vendor_id	: GenuineIntel
cpu family	: 6
model		: 158
model name	: Intel(R) Core(TM) i7-8750H CPU @ 2.20GHz
stepping	: 10
microcode	: 0xca
cpu MHz		: 2200.059
cache size	: 9216 KB
physical id	: 0
siblings	: 12
core id		: 5
cpu cores	: 6
apicid		: 11
initial apicid	: 11
fpu		: yes
fpu_exception	: yes
cpuid level	: 22
wp		: yes
flags		: fpu vme de pse tsc msr pae mce cx8 apic sep mtrr pge mca cmov pat pse36 clflush dts acpi mmx fxsr sse sse2 ss ht tm pbe syscall nx pdpe1gb rdtscp lm constant_tsc art arch_perfmon pebs bts rep_good nopl xtopology nonstop_tsc cpuid aperfmperf pni pclmulqdq dtes64 monitor ds_cpl vmx est tm2 ssse3 sdbg fma cx16 xtpr pdcm pcid sse4_1 sse4_2 x2apic movbe popcnt tsc_deadline_timer aes xsave avx f16c rdrand lahf_lm abm 3dnowprefetch cpuid_fault epb invpcid_single pti ssbd ibrs ibpb stibp tpr_shadow vnmi flexpriority ept vpid ept_ad fsgsbase tsc_adjust bmi1 avx2 smep bmi2 erms invpcid mpx rdseed adx smap clflushopt intel_pt xsaveopt xsavec xgetbv1 xsaves dtherm ida arat pln pts hwp hwp_notify hwp_act_window hwp_epp md_clear flush_l1d
bugs		: cpu_meltdown spectre_v1 spectre_v2 spec_store_bypass l1tf mds swapgs itlb_multihit
bogomips	: 4399.99
clflush size	: 64
cache_alignment	: 64
address sizes	: 39 bits physical, 48 bits virtual
power management:



Memory: 4k page, physical 32713504k(26591856k free), swap 2097148k(2097148k free)

vm_info: OpenJDK 64-Bit Server VM (25.222-b10) for linux-amd64 JRE (1.8.0_222-8u222-b10-1ubuntu1~18.04.1-b10), built on Jul 18 2019 18:52:48 by "buildd" with gcc 7.4.0

time: Sun Nov 24 12:04:51 2019
timezone: CST
elapsed time: 0 seconds (0d 0h 0m 0s)

