#
# A fatal error has been detected by the Java Runtime Environment:
#
#  SIGSEGV (0xb) at pc=0x00007f50ebb06699, pid=16117, tid=0x00007f51707df700
#
# JRE version: OpenJDK Runtime Environment (8.0_222-b10) (build 1.8.0_222-8u222-b10-1ubuntu1~18.04.1-b10)
# Java VM: OpenJDK 64-Bit Server VM (25.222-b10 mixed mode linux-amd64 compressed oops)
# Problematic frame:
# C  [libnvidia-glcore.so.440.31+0x1041699]
#
# Failed to write core dump. Core dumps have been disabled. To enable core dumping, try "ulimit -c unlimited" before starting Java again
#
# If you would like to submit a bug report, please visit:
#   http://bugreport.java.com/bugreport/crash.jsp
# The crash happened outside the Java Virtual Machine in native code.
# See problematic frame for where to report the bug.
#

---------------  T H R E A D  ---------------

Current thread (0x00007f516800b800):  JavaThread "main" [_thread_in_native, id=16122, stack(0x00007f51706e0000,0x00007f51707e0000)]

siginfo: si_signo: 11 (SIGSEGV), si_code: 1 (SEGV_MAPERR), si_addr: 0x0000000000000000

Registers:
RAX=0x0000000000000000, RBX=0x0000000000000000, RCX=0x00007f50cf780e78, RDX=0x0000000000000000
RSP=0x00007f51707de480, RBP=0x0000000000000003, RSI=0x0000000000000003, RDI=0x00007f50cf780e78
R8 =0x0000000000000000, R9 =0x0000000000000000, R10=0x0000000000000020, R11=0x0000000000000004
R12=0x0000000000000003, R13=0x0000000041254000, R14=0x0000000000000000, R15=0x0000000000000682
RIP=0x00007f50ebb06699, EFLAGS=0x0000000000010202, CSGSFS=0x002b000000000033, ERR=0x0000000000000004
  TRAPNO=0x000000000000000e

Top of Stack: (sp=0x00007f51707de480)
0x00007f51707de480:   00007f51707de6ec 00007f51707de540
0x00007f51707de490:   0000000000000000 00007f51707de540
0x00007f51707de4a0:   00007f51684bcd50 00007f51684bcd40
0x00007f51707de4b0:   0000000041254000 00007f5168965398
0x00007f51707de4c0:   0000000000000000 00007f50ebb164b8
0x00007f51707de4d0:   0000000000000000 0000000000000001
0x00007f51707de4e0:   0000000000000000 0008000000020006
0x00007f51707de4f0:   0000000100000000 00007f51707de540
0x00007f51707de500:   00001405707de5b0 ffffffff00000006
0x00007f51707de510:   0000000400000000 00007f51689659a0
0x00007f51707de520:   00007f51686a18e0 0100000000000000
0x00007f51707de530:   00007f5141254001 00007f51707df700
0x00007f51707de540:   00007f51688041b0 00007f516f09d0fd
0x00007f51707de550:   00007f51563950ee 00007f50ecda0300
0x00007f51707de560:   0000000000000000 0000000000000010
0x00007f51707de570:   00007f51707de5c8 00007f50ecda0300
0x00007f51707de580:   00007f51707de5e0 00007f5159381359
0x00007f51707de590:   00007f50ecda0300 0000000000000000
0x00007f51707de5a0:   00000007295601f8 00007f515939dfe0
0x00007f51707de5b0:   000000071aef3060 00000007295601f8
0x00007f51707de5c0:   00000007295601d8 00000005ccc02000
0x00007f51707de5d0:   00007f51707de630 00007f516f48136f
0x00007f51707de5e0:   00007f51707de758 00007f5159383a2c
0x00007f51707de5f0:   00007f5159007815 ea60b6a66c951800
0x00007f51707de600:   00007f51707de600 00007f516800b800
0x00007f51707de610:   000000000000000c 00007f516f9765b0
0x00007f51707de620:   00000007c00003c8 0000000000000001
0x00007f51707de630:   00007f51707de6a0 00007f516f2dccf7
0x00007f51707de640:   00007f51707de6b0 00007f5159007ffd
0x00007f51707de650:   0000000000000008 00007f51707de4d0
0x00007f51707de660:   00007f510e55d515 ea60b6a66c951800
0x00007f51707de670:   00007f5141254001 00007f51707df700 

Instructions: (pc=0x00007f50ebb06699)
0x00007f50ebb06679:   0f 83 03 01 00 00 89 e8 48 8d 7a 04 89 ee c1 e0
0x00007f50ebb06689:   10 0d 7c 05 00 60 48 89 f9 89 02 4c 89 f2 89 d8
0x00007f50ebb06699:   03 02 66 89 01 89 d8 03 42 04 48 83 c2 08 66 89
0x00007f50ebb066a9:   41 02 48 83 c1 04 ff ce 75 e4 8d 45 ff 41 29 ec 

Register to memory mapping:

RAX=0x0000000000000000 is an unknown value
RBX=0x0000000000000000 is an unknown value
RCX=0x00007f50cf780e78 is an unknown value
RDX=0x0000000000000000 is an unknown value
RSP=0x00007f51707de480 is pointing into the stack for thread: 0x00007f516800b800
RBP=0x0000000000000003 is an unknown value
RSI=0x0000000000000003 is an unknown value
RDI=0x00007f50cf780e78 is an unknown value
R8 =0x0000000000000000 is an unknown value
R9 =0x0000000000000000 is an unknown value
R10=0x0000000000000020 is an unknown value
R11=0x0000000000000004 is an unknown value
R12=0x0000000000000003 is an unknown value
R13=0x0000000041254000 is an unknown value
R14=0x0000000000000000 is an unknown value
R15=0x0000000000000682 is an unknown value


Stack: [0x00007f51706e0000,0x00007f51707e0000],  sp=0x00007f51707de480,  free space=1017k
Native frames: (J=compiled Java code, j=interpreted, Vv=VM code, C=native code)
C  [libnvidia-glcore.so.440.31+0x1041699]

Java frames: (J=compiled Java code, j=interpreted, Vv=VM code)
J 892  org.lwjgl.opengl.GL11C.nglDrawElements(IIIJ)V (0 bytes) @ 0x00007f515939990a [0x00007f51593998c0+0x4a]
J 915 C2 rendering.MasterRenderer.renderEntity(Lmodels/Entity;)V (39 bytes) @ 0x00007f51593b3f9c [0x00007f51593b1ee0+0x20bc]
J 950 C2 rendering.MasterRenderer.render()V (319 bytes) @ 0x00007f51593d1034 [0x00007f51593d0b20+0x514]
j  rendering.Game.render()V+4
j  main.Main.main([Ljava/lang/String;)V+27
v  ~StubRoutines::call_stub

---------------  P R O C E S S  ---------------

Java Threads: ( => current thread )
  0x00007f51680d8000 JavaThread "Service Thread" daemon [_thread_blocked, id=16141, stack(0x00007f511ae29000,0x00007f511af2a000)]
  0x00007f51680cc800 JavaThread "C1 CompilerThread3" daemon [_thread_blocked, id=16140, stack(0x00007f511af2b000,0x00007f511b02b000)]
  0x00007f51680ca800 JavaThread "C2 CompilerThread2" daemon [_thread_blocked, id=16139, stack(0x00007f511b02c000,0x00007f511b12c000)]
  0x00007f51680c9000 JavaThread "C2 CompilerThread1" daemon [_thread_blocked, id=16138, stack(0x00007f511b12d000,0x00007f511b22d000)]
  0x00007f51680c6000 JavaThread "C2 CompilerThread0" daemon [_thread_blocked, id=16137, stack(0x00007f511b22e000,0x00007f511b32e000)]
  0x00007f51680c4800 JavaThread "Signal Dispatcher" daemon [_thread_blocked, id=16136, stack(0x00007f511b32e000,0x00007f511b42f000)]
  0x00007f5168091800 JavaThread "Finalizer" daemon [_thread_blocked, id=16135, stack(0x00007f511bdfe000,0x00007f511beff000)]
  0x00007f516808f800 JavaThread "Reference Handler" daemon [_thread_blocked, id=16134, stack(0x00007f511beff000,0x00007f511c000000)]
=>0x00007f516800b800 JavaThread "main" [_thread_in_native, id=16122, stack(0x00007f51706e0000,0x00007f51707e0000)]

Other Threads:
  0x00007f5168085800 VMThread [stack: 0x00007f512005b000,0x00007f512015b000] [id=16133]
  0x00007f51680da800 WatcherThread [stack: 0x00007f511ad29000,0x00007f511ae29000] [id=16142]

VM state:not at safepoint (normal execution)

VM Mutex/Monitor currently owned by a thread: None

heap address: 0x00000005ccc00000, size: 7988 MB, Compressed Oops mode: Zero based, Oop shift amount: 3
Narrow klass base: 0x0000000000000000, Narrow klass shift: 3
Compressed class space size: 1073741824 Address: 0x00000007c0000000

Heap:
 PSYoungGen      total 278016K, used 28080K [0x0000000719980000, 0x000000073a180000, 0x00000007c0000000)
  eden space 257024K, 9% used [0x0000000719980000,0x000000071b2840a8,0x0000000729480000)
  from space 20992K, 11% used [0x0000000729480000,0x00000007296e8080,0x000000072a900000)
  to   space 9216K, 0% used [0x0000000739880000,0x0000000739880000,0x000000073a180000)
 ParOldGen       total 341504K, used 57K [0x00000005ccc00000, 0x00000005e1980000, 0x0000000719980000)
  object space 341504K, 0% used [0x00000005ccc00000,0x00000005ccc0e6d0,0x00000005e1980000)
 Metaspace       used 9549K, capacity 9833K, committed 10112K, reserved 1058816K
  class space    used 727K, capacity 841K, committed 896K, reserved 1048576K

Card table byte_map: [0x00007f5158065000,0x00007f5159000000] byte_map_base: 0x00007f51551ff000

Marking Bits: (ParMarkBitMap*) 0x00007f516f97a360
 Begin Bits: [0x00007f5120660000, 0x00007f5128330000)
 End Bits:   [0x00007f5128330000, 0x00007f5130000000)

Polling page: 0x00007f51707fb000

CodeCache: size=245760Kb used=3925Kb max_used=3925Kb free=241834Kb
 bounds [0x00007f5159000000, 0x00007f51593e0000, 0x00007f5168000000]
 total_blobs=1888 nmethods=982 adapters=821
 compilation: enabled

Compilation events (10 events):
Event: 1.206 Thread 0x00007f51680cc800 nmethod 973 0x00007f51593d4410 code [0x00007f51593d45a0, 0x00007f51593d4958]
Event: 1.206 Thread 0x00007f51680cc800  975       3       models.Model::getVAO_ID (18 bytes)
Event: 1.206 Thread 0x00007f51680cc800 nmethod 975 0x00007f51593d4b50 code [0x00007f51593d4ce0, 0x00007f51593d5128]
Event: 1.206 Thread 0x00007f51680cc800  974       3       shaders.Shader::setUniform (19 bytes)
Event: 1.206 Thread 0x00007f51680cc800 nmethod 974 0x00007f51593d52d0 code [0x00007f51593d5460, 0x00007f51593d5898]
Event: 1.225 Thread 0x00007f51680cc800  977       3       java.nio.DirectByteBuffer$Deallocator::run (37 bytes)
Event: 1.225 Thread 0x00007f51680cc800 nmethod 977 0x00007f51593d5d50 code [0x00007f51593d5ee0, 0x00007f51593d61b8]
Event: 1.225 Thread 0x00007f51680cc800  978       3       java.nio.Bits::unreserveMemory (63 bytes)
Event: 1.225 Thread 0x00007f51680cc800 nmethod 978 0x00007f51593d6290 code [0x00007f51593d6400, 0x00007f51593d6850]
Event: 1.242 Thread 0x00007f51680cc800  979       3       java.lang.Character::valueOf (21 bytes)

GC Heap History (10 events):
Event: 0.660 GC heap before
{Heap before GC invocations=1 (full 0):
 PSYoungGen      total 149504K, used 128512K [0x0000000719980000, 0x0000000724000000, 0x00000007c0000000)
  eden space 128512K, 100% used [0x0000000719980000,0x0000000721700000,0x0000000721700000)
  from space 20992K, 0% used [0x0000000722b80000,0x0000000722b80000,0x0000000724000000)
  to   space 20992K, 0% used [0x0000000721700000,0x0000000721700000,0x0000000722b80000)
 ParOldGen       total 341504K, used 0K [0x00000005ccc00000, 0x00000005e1980000, 0x0000000719980000)
  object space 341504K, 0% used [0x00000005ccc00000,0x00000005ccc00000,0x00000005e1980000)
 Metaspace       used 9417K, capacity 9641K, committed 9856K, reserved 1058816K
  class space    used 720K, capacity 841K, committed 896K, reserved 1048576K
Event: 0.665 GC heap after
Heap after GC invocations=1 (full 0):
 PSYoungGen      total 149504K, used 9379K [0x0000000719980000, 0x0000000724000000, 0x00000007c0000000)
  eden space 128512K, 0% used [0x0000000719980000,0x0000000719980000,0x0000000721700000)
  from space 20992K, 44% used [0x0000000721700000,0x0000000722028f00,0x0000000722b80000)
  to   space 20992K, 0% used [0x0000000722b80000,0x0000000722b80000,0x0000000724000000)
 ParOldGen       total 341504K, used 8K [0x00000005ccc00000, 0x00000005e1980000, 0x0000000719980000)
  object space 341504K, 0% used [0x00000005ccc00000,0x00000005ccc02000,0x00000005e1980000)
 Metaspace       used 9417K, capacity 9641K, committed 9856K, reserved 1058816K
  class space    used 720K, capacity 841K, committed 896K, reserved 1048576K
}
Event: 0.783 GC heap before
{Heap before GC invocations=2 (full 0):
 PSYoungGen      total 149504K, used 137891K [0x0000000719980000, 0x0000000724000000, 0x00000007c0000000)
  eden space 128512K, 100% used [0x0000000719980000,0x0000000721700000,0x0000000721700000)
  from space 20992K, 44% used [0x0000000721700000,0x0000000722028f00,0x0000000722b80000)
  to   space 20992K, 0% used [0x0000000722b80000,0x0000000722b80000,0x0000000724000000)
 ParOldGen       total 341504K, used 8K [0x00000005ccc00000, 0x00000005e1980000, 0x0000000719980000)
  object space 341504K, 0% used [0x00000005ccc00000,0x00000005ccc02000,0x00000005e1980000)
 Metaspace       used 9514K, capacity 9705K, committed 9856K, reserved 1058816K
  class space    used 727K, capacity 841K, committed 896K, reserved 1048576K
Event: 0.784 GC heap after
Heap after GC invocations=2 (full 0):
 PSYoungGen      total 149504K, used 2512K [0x0000000719980000, 0x000000072bd80000, 0x00000007c0000000)
  eden space 128512K, 0% used [0x0000000719980000,0x0000000719980000,0x0000000721700000)
  from space 20992K, 11% used [0x0000000722b80000,0x0000000722df4050,0x0000000724000000)
  to   space 20992K, 0% used [0x0000000721700000,0x0000000721700000,0x0000000722b80000)
 ParOldGen       total 341504K, used 33K [0x00000005ccc00000, 0x00000005e1980000, 0x0000000719980000)
  object space 341504K, 0% used [0x00000005ccc00000,0x00000005ccc086d0,0x00000005e1980000)
 Metaspace       used 9514K, capacity 9705K, committed 9856K, reserved 1058816K
  class space    used 727K, capacity 841K, committed 896K, reserved 1048576K
}
Event: 0.882 GC heap before
{Heap before GC invocations=3 (full 0):
 PSYoungGen      total 149504K, used 131024K [0x0000000719980000, 0x000000072bd80000, 0x00000007c0000000)
  eden space 128512K, 100% used [0x0000000719980000,0x0000000721700000,0x0000000721700000)
  from space 20992K, 11% used [0x0000000722b80000,0x0000000722df4050,0x0000000724000000)
  to   space 20992K, 0% used [0x0000000721700000,0x0000000721700000,0x0000000722b80000)
 ParOldGen       total 341504K, used 33K [0x00000005ccc00000, 0x00000005e1980000, 0x0000000719980000)
  object space 341504K, 0% used [0x00000005ccc00000,0x00000005ccc086d0,0x00000005e1980000)
 Metaspace       used 9519K, capacity 9705K, committed 9856K, reserved 1058816K
  class space    used 727K, capacity 841K, committed 896K, reserved 1048576K
Event: 0.884 GC heap after
Heap after GC invocations=3 (full 0):
 PSYoungGen      total 149504K, used 2496K [0x0000000719980000, 0x000000072bd80000, 0x00000007c0000000)
  eden space 128512K, 0% used [0x0000000719980000,0x0000000719980000,0x0000000721700000)
  from space 20992K, 11% used [0x0000000721700000,0x0000000721970060,0x0000000722b80000)
  to   space 20992K, 0% used [0x000000072a900000,0x000000072a900000,0x000000072bd80000)
 ParOldGen       total 341504K, used 41K [0x00000005ccc00000, 0x00000005e1980000, 0x0000000719980000)
  object space 341504K, 0% used [0x00000005ccc00000,0x00000005ccc0a6d0,0x00000005e1980000)
 Metaspace       used 9519K, capacity 9705K, committed 9856K, reserved 1058816K
  class space    used 727K, capacity 841K, committed 896K, reserved 1048576K
}
Event: 0.992 GC heap before
{Heap before GC invocations=4 (full 0):
 PSYoungGen      total 149504K, used 131008K [0x0000000719980000, 0x000000072bd80000, 0x00000007c0000000)
  eden space 128512K, 100% used [0x0000000719980000,0x0000000721700000,0x0000000721700000)
  from space 20992K, 11% used [0x0000000721700000,0x0000000721970060,0x0000000722b80000)
  to   space 20992K, 0% used [0x000000072a900000,0x000000072a900000,0x000000072bd80000)
 ParOldGen       total 341504K, used 41K [0x00000005ccc00000, 0x00000005e1980000, 0x0000000719980000)
  object space 341504K, 0% used [0x00000005ccc00000,0x00000005ccc0a6d0,0x00000005e1980000)
 Metaspace       used 9535K, capacity 9769K, committed 9856K, reserved 1058816K
  class space    used 727K, capacity 841K, committed 896K, reserved 1048576K
Event: 0.993 GC heap after
Heap after GC invocations=4 (full 0):
 PSYoungGen      total 278016K, used 2480K [0x0000000719980000, 0x000000072bd80000, 0x00000007c0000000)
  eden space 257024K, 0% used [0x0000000719980000,0x0000000719980000,0x0000000729480000)
  from space 20992K, 11% used [0x000000072a900000,0x000000072ab6c050,0x000000072bd80000)
  to   space 20992K, 0% used [0x0000000729480000,0x0000000729480000,0x000000072a900000)
 ParOldGen       total 341504K, used 49K [0x00000005ccc00000, 0x00000005e1980000, 0x0000000719980000)
  object space 341504K, 0% used [0x00000005ccc00000,0x00000005ccc0c6d0,0x00000005e1980000)
 Metaspace       used 9535K, capacity 9769K, committed 9856K, reserved 1058816K
  class space    used 727K, capacity 841K, committed 896K, reserved 1048576K
}
Event: 1.223 GC heap before
{Heap before GC invocations=5 (full 0):
 PSYoungGen      total 278016K, used 259504K [0x0000000719980000, 0x000000072bd80000, 0x00000007c0000000)
  eden space 257024K, 100% used [0x0000000719980000,0x0000000729480000,0x0000000729480000)
  from space 20992K, 11% used [0x000000072a900000,0x000000072ab6c050,0x000000072bd80000)
  to   space 20992K, 0% used [0x0000000729480000,0x0000000729480000,0x000000072a900000)
 ParOldGen       total 341504K, used 49K [0x00000005ccc00000, 0x00000005e1980000, 0x0000000719980000)
  object space 341504K, 0% used [0x00000005ccc00000,0x00000005ccc0c6d0,0x00000005e1980000)
 Metaspace       used 9546K, capacity 9833K, committed 10112K, reserved 1058816K
  class space    used 727K, capacity 841K, committed 896K, reserved 1048576K
Event: 1.224 GC heap after
Heap after GC invocations=5 (full 0):
 PSYoungGen      total 278016K, used 2464K [0x0000000719980000, 0x000000073a180000, 0x00000007c0000000)
  eden space 257024K, 0% used [0x0000000719980000,0x0000000719980000,0x0000000729480000)
  from space 20992K, 11% used [0x0000000729480000,0x00000007296e8080,0x000000072a900000)
  to   space 9216K, 0% used [0x0000000739880000,0x0000000739880000,0x000000073a180000)
 ParOldGen       total 341504K, used 57K [0x00000005ccc00000, 0x00000005e1980000, 0x0000000719980000)
  object space 341504K, 0% used [0x00000005ccc00000,0x00000005ccc0e6d0,0x00000005e1980000)
 Metaspace       used 9546K, capacity 9833K, committed 10112K, reserved 1058816K
  class space    used 727K, capacity 841K, committed 896K, reserved 1048576K
}

Deoptimization events (10 events):
Event: 0.544 Thread 0x00007f516800b800 Uncommon trap: reason=class_check action=maybe_recompile pc=0x00007f51592e6f08 method=sun.misc.FloatingDecimal.parseFloat(Ljava/lang/String;)F @ 4
Event: 0.564 Thread 0x00007f516800b800 Uncommon trap: reason=class_check action=maybe_recompile pc=0x00007f51592e6f08 method=sun.misc.FloatingDecimal.parseFloat(Ljava/lang/String;)F @ 4
Event: 0.578 Thread 0x00007f516800b800 Uncommon trap: reason=class_check action=maybe_recompile pc=0x00007f51592e6f08 method=sun.misc.FloatingDecimal.parseFloat(Ljava/lang/String;)F @ 4
Event: 0.578 Thread 0x00007f516800b800 Uncommon trap: reason=class_check action=maybe_recompile pc=0x00007f51592e6f08 method=sun.misc.FloatingDecimal.parseFloat(Ljava/lang/String;)F @ 4
Event: 0.730 Thread 0x00007f516800b800 Uncommon trap: reason=unstable_if action=reinterpret pc=0x00007f515935db3c method=java.util.ArrayList$Itr.hasNext()Z @ 11
Event: 0.767 Thread 0x00007f516800b800 Uncommon trap: reason=unstable_if action=reinterpret pc=0x00007f515930bb78 method=sun.misc.FloatingDecimal$ASCIIToBinaryBuffer.floatValue()F @ 65
Event: 0.803 Thread 0x00007f516800b800 Uncommon trap: reason=bimorphic action=maybe_recompile pc=0x00007f51593a0340 method=models.Entity.update()V @ 4
Event: 0.803 Thread 0x00007f516800b800 Uncommon trap: reason=bimorphic action=maybe_recompile pc=0x00007f51593a0340 method=models.Entity.update()V @ 4
Event: 0.803 Thread 0x00007f516800b800 Uncommon trap: reason=bimorphic action=maybe_recompile pc=0x00007f51593a0340 method=models.Entity.update()V @ 4
Event: 0.803 Thread 0x00007f516800b800 Uncommon trap: reason=bimorphic action=maybe_recompile pc=0x00007f51593a0340 method=models.Entity.update()V @ 4

Classes redefined (0 events):
No events

Internal exceptions (10 events):
Event: 0.098 Thread 0x00007f516800b800 Exception <a 'java/security/PrivilegedActionException'> (0x0000000719f812a0) thrown at [/build/openjdk-8-OqY7zN/openjdk-8-8u222-b10/src/hotspot/src/share/vm/prims/jvm.cpp, line 1502]
Event: 0.098 Thread 0x00007f516800b800 Exception <a 'java/security/PrivilegedActionException'> (0x0000000719f814b0) thrown at [/build/openjdk-8-OqY7zN/openjdk-8-8u222-b10/src/hotspot/src/share/vm/prims/jvm.cpp, line 1502]
Event: 0.098 Thread 0x00007f516800b800 Exception <a 'java/security/PrivilegedActionException'> (0x0000000719f83538) thrown at [/build/openjdk-8-OqY7zN/openjdk-8-8u222-b10/src/hotspot/src/share/vm/prims/jvm.cpp, line 1502]
Event: 0.098 Thread 0x00007f516800b800 Exception <a 'java/security/PrivilegedActionException'> (0x0000000719f83748) thrown at [/build/openjdk-8-OqY7zN/openjdk-8-8u222-b10/src/hotspot/src/share/vm/prims/jvm.cpp, line 1502]
Event: 0.098 Thread 0x00007f516800b800 Exception <a 'java/security/PrivilegedActionException'> (0x0000000719f84220) thrown at [/build/openjdk-8-OqY7zN/openjdk-8-8u222-b10/src/hotspot/src/share/vm/prims/jvm.cpp, line 1502]
Event: 0.098 Thread 0x00007f516800b800 Exception <a 'java/security/PrivilegedActionException'> (0x0000000719f84430) thrown at [/build/openjdk-8-OqY7zN/openjdk-8-8u222-b10/src/hotspot/src/share/vm/prims/jvm.cpp, line 1502]
Event: 0.106 Thread 0x00007f516800b800 Exception <a 'sun/nio/fs/UnixException'> (0x0000000719fb2228) thrown at [/build/openjdk-8-OqY7zN/openjdk-8-8u222-b10/src/hotspot/src/share/vm/prims/jni.cpp, line 710]
Event: 0.109 Thread 0x00007f516800b800 Exception <a 'sun/nio/fs/UnixException'> (0x0000000719fc27a8) thrown at [/build/openjdk-8-OqY7zN/openjdk-8-8u222-b10/src/hotspot/src/share/vm/prims/jni.cpp, line 710]
Event: 0.261 Thread 0x00007f516800b800 Exception <a 'sun/nio/fs/UnixException'> (0x000000071a1005d8) thrown at [/build/openjdk-8-OqY7zN/openjdk-8-8u222-b10/src/hotspot/src/share/vm/prims/jni.cpp, line 710]
Event: 0.262 Thread 0x00007f516800b800 Exception <a 'sun/nio/fs/UnixException'> (0x000000071a1086e0) thrown at [/build/openjdk-8-OqY7zN/openjdk-8-8u222-b10/src/hotspot/src/share/vm/prims/jni.cpp, line 710]

Events (10 events):
Event: 0.803 Thread 0x00007f516800b800 DEOPT PACKING pc=0x00007f51593a0340 sp=0x00007f51707de840
Event: 0.803 Thread 0x00007f516800b800 DEOPT UNPACKING pc=0x00007f515904547a sp=0x00007f51707de7f8 mode 2
Event: 0.882 Executing VM operation: ParallelGCFailedAllocation
Event: 0.884 Executing VM operation: ParallelGCFailedAllocation done
Event: 0.992 Executing VM operation: ParallelGCFailedAllocation
Event: 0.993 Executing VM operation: ParallelGCFailedAllocation done
Event: 1.054 Thread 0x00007f516800b800 DEOPT PACKING pc=0x00007f51593c5c78 sp=0x00007f51707de800
Event: 1.054 Thread 0x00007f516800b800 DEOPT UNPACKING pc=0x00007f51590474c4 sp=0x00007f51707de5b8 mode 0
Event: 1.223 Executing VM operation: ParallelGCFailedAllocation
Event: 1.224 Executing VM operation: ParallelGCFailedAllocation done


Dynamic libraries:
40f2d000-40f2f000 r-xs 00000000 103:02 15728652                          /tmp/.gldcFlo8 (deleted)
41254000-41303000 rw-p 00000000 00:00 0 
5ccc00000-5e1980000 rw-p 00000000 00:00 0 
5e1980000-719980000 ---p 00000000 00:00 0 
719980000-73a180000 rw-p 00000000 00:00 0 
73a180000-7c0000000 ---p 00000000 00:00 0 
7c0000000-7c00e0000 rw-p 00000000 00:00 0 
7c00e0000-800000000 ---p 00000000 00:00 0 
560d852a7000-560d852a8000 r-xp 00000000 103:02 9838898                   /usr/lib/jvm/java-8-openjdk-amd64/jre/bin/java
560d854a7000-560d854a8000 r--p 00000000 103:02 9838898                   /usr/lib/jvm/java-8-openjdk-amd64/jre/bin/java
560d854a8000-560d854a9000 rw-p 00001000 103:02 9838898                   /usr/lib/jvm/java-8-openjdk-amd64/jre/bin/java
560d86fcf000-560d86ff0000 rw-p 00000000 00:00 0                          [heap]
7f50b0000000-7f50b0021000 rw-p 00000000 00:00 0 
7f50b0021000-7f50b4000000 ---p 00000000 00:00 0 
7f50b4000000-7f50b4021000 rw-p 00000000 00:00 0 
7f50b4021000-7f50b8000000 ---p 00000000 00:00 0 
7f50b8000000-7f50b8021000 rw-p 00000000 00:00 0 
7f50b8021000-7f50bc000000 ---p 00000000 00:00 0 
7f50bc000000-7f50bc021000 rw-p 00000000 00:00 0 
7f50bc021000-7f50c0000000 ---p 00000000 00:00 0 
7f50c0000000-7f50c0021000 rw-p 00000000 00:00 0 
7f50c0021000-7f50c4000000 ---p 00000000 00:00 0 
7f50c4000000-7f50c4021000 rw-p 00000000 00:00 0 
7f50c4021000-7f50c8000000 ---p 00000000 00:00 0 
7f50c8000000-7f50c8021000 rw-p 00000000 00:00 0 
7f50c8021000-7f50cc000000 ---p 00000000 00:00 0 
7f50ce3fd000-7f50ce7fd000 rw-s 00000000 00:06 583                        /dev/nvidiactl
7f50ce7fd000-7f50ce9fd000 rw-s 00000000 00:06 583                        /dev/nvidiactl
7f50cebfd000-7f50cedfd000 rw-s 00000000 00:06 583                        /dev/nvidiactl
7f50cedfd000-7f50cf1fe000 rw-p 00000000 00:00 0 
7f50cf1ff000-7f50cf5ff000 rw-s 00000000 00:06 583                        /dev/nvidiactl
7f50cf5ff000-7f50cf7ff000 rw-s 00000000 00:06 583                        /dev/nvidiactl
7f50cf7ff000-7f50cf800000 ---p 00000000 00:00 0 
7f50cf800000-7f50d0000000 rw-p 00000000 00:00 0 
7f50d0000000-7f50d0021000 rw-p 00000000 00:00 0 
7f50d0021000-7f50d4000000 ---p 00000000 00:00 0 
7f50d4000000-7f50d4021000 rw-p 00000000 00:00 0 
7f50d4021000-7f50d8000000 ---p 00000000 00:00 0 
7f50d8000000-7f50d8021000 rw-p 00000000 00:00 0 
7f50d8021000-7f50dc000000 ---p 00000000 00:00 0 
7f50dc000000-7f50dc021000 rw-p 00000000 00:00 0 
7f50dc021000-7f50e0000000 ---p 00000000 00:00 0 
7f50e0000000-7f50e0021000 rw-p 00000000 00:00 0 
7f50e0021000-7f50e4000000 ---p 00000000 00:00 0 
7f50e412d000-7f50e412e000 ---p 00000000 00:00 0 
7f50e412e000-7f50e492e000 rw-p 00000000 00:00 0 
7f50e492e000-7f50e492f000 ---p 00000000 00:00 0 
7f50e492f000-7f50e512f000 rw-p 00000000 00:00 0 
7f50e512f000-7f50e5130000 ---p 00000000 00:00 0 
7f50e5130000-7f50e5930000 rw-p 00000000 00:00 0 
7f50e5930000-7f50e5931000 ---p 00000000 00:00 0 
7f50e5931000-7f50e6131000 rw-p 00000000 00:00 0 
7f50e6131000-7f50e6132000 ---p 00000000 00:00 0 
7f50e6132000-7f50e6932000 rw-p 00000000 00:00 0 
7f50e6932000-7f50e6933000 ---p 00000000 00:00 0 
7f50e6933000-7f50e7133000 rw-p 00000000 00:00 0 
7f50e7133000-7f50e7134000 ---p 00000000 00:00 0 
7f50e7134000-7f50e7934000 rw-p 00000000 00:00 0 
7f50e7934000-7f50e7935000 ---p 00000000 00:00 0 
7f50e7935000-7f50e8135000 rw-p 00000000 00:00 0 
7f50e8135000-7f50e8136000 ---p 00000000 00:00 0 
7f50e8136000-7f50e8936000 rw-p 00000000 00:00 0 
7f50e8936000-7f50e8937000 ---p 00000000 00:00 0 
7f50e8937000-7f50e9137000 rw-p 00000000 00:00 0 
7f50e9137000-7f50e9138000 ---p 00000000 00:00 0 
7f50e9138000-7f50e9a38000 rw-p 00000000 00:00 0 
7f50e9a38000-7f50e9b38000 ---p 00000000 00:00 0 
7f50e9b38000-7f50e9b78000 rw-s 00000000 08:01 16256634                   /home/sam/#16256634 (deleted)
7f50e9b78000-7f50e9bb8000 r-xs 00000000 08:01 16256634                   /home/sam/#16256634 (deleted)
7f50e9bb8000-7f50e9c10000 r-xp 00000000 103:02 15990858                  /tmp/lwjglsam/3.2.3-build-13/liblwjgl_opengl.so
7f50e9c10000-7f50e9e0f000 ---p 00058000 103:02 15990858                  /tmp/lwjglsam/3.2.3-build-13/liblwjgl_opengl.so
7f50e9e0f000-7f50e9e10000 r--p 00057000 103:02 15990858                  /tmp/lwjglsam/3.2.3-build-13/liblwjgl_opengl.so
7f50e9e10000-7f50e9e11000 rw-p 00058000 103:02 15990858                  /tmp/lwjglsam/3.2.3-build-13/liblwjgl_opengl.so
7f50e9e11000-7f50e9e16000 r-xp 00000000 103:02 9839193                   /usr/lib/x86_64-linux-gnu/libxcb-sync.so.1.0.0
7f50e9e16000-7f50ea016000 ---p 00005000 103:02 9839193                   /usr/lib/x86_64-linux-gnu/libxcb-sync.so.1.0.0
7f50ea016000-7f50ea017000 r--p 00005000 103:02 9839193                   /usr/lib/x86_64-linux-gnu/libxcb-sync.so.1.0.0
7f50ea017000-7f50ea018000 rw-p 00006000 103:02 9839193                   /usr/lib/x86_64-linux-gnu/libxcb-sync.so.1.0.0
7f50ea018000-7f50ea01a000 r-xp 00000000 103:02 9839185                   /usr/lib/x86_64-linux-gnu/libxcb-present.so.0.0.0
7f50ea01a000-7f50ea219000 ---p 00002000 103:02 9839185                   /usr/lib/x86_64-linux-gnu/libxcb-present.so.0.0.0
7f50ea219000-7f50ea21a000 r--p 00001000 103:02 9839185                   /usr/lib/x86_64-linux-gnu/libxcb-present.so.0.0.0
7f50ea21a000-7f50ea21b000 rw-p 00002000 103:02 9839185                   /usr/lib/x86_64-linux-gnu/libxcb-present.so.0.0.0
7f50ea21b000-7f50ea21e000 r-xp 00000000 103:02 9839181                   /usr/lib/x86_64-linux-gnu/libxcb-dri3.so.0.0.0
7f50ea21e000-7f50ea41d000 ---p 00003000 103:02 9839181                   /usr/lib/x86_64-linux-gnu/libxcb-dri3.so.0.0.0
7f50ea41d000-7f50ea41e000 r--p 00002000 103:02 9839181                   /usr/lib/x86_64-linux-gnu/libxcb-dri3.so.0.0.0
7f50ea41e000-7f50ea41f000 rw-p 00003000 103:02 9839181                   /usr/lib/x86_64-linux-gnu/libxcb-dri3.so.0.0.0
7f50ea41f000-7f50ea437000 r-xp 00000000 103:02 9839183                   /usr/lib/x86_64-linux-gnu/libxcb-glx.so.0.0.0
7f50ea437000-7f50ea637000 ---p 00018000 103:02 9839183                   /usr/lib/x86_64-linux-gnu/libxcb-glx.so.0.0.0
7f50ea637000-7f50ea639000 r--p 00018000 103:02 9839183                   /usr/lib/x86_64-linux-gnu/libxcb-glx.so.0.0.0
7f50ea639000-7f50ea63a000 rw-p 0001a000 103:02 9839183                   /usr/lib/x86_64-linux-gnu/libxcb-glx.so.0.0.0
7f50ea654000-7f50ea6d4000 rw-s 00000000 00:06 583                        /dev/nvidiactl
7f50ea7d4000-7f50ea814000 rw-s 00000000 00:06 583                        /dev/nvidiactl
7f50ea814000-7f50ea834000 rw-s 00000000 00:06 583                        /dev/nvidiactl
7f50ea834000-7f50ea874000 rw-s 00000000 00:06 583                        /dev/nvidiactl
7f50ea874000-7f50ea8b4000 rw-s 00000000 00:06 583                        /dev/nvidiactl
7f50ea8b4000-7f50ea8c4000 r-xp 00000000 103:02 9840432                   /usr/lib/x86_64-linux-gnu/libdrm.so.2.4.0
7f50ea8c4000-7f50eaac3000 ---p 00010000 103:02 9840432                   /usr/lib/x86_64-linux-gnu/libdrm.so.2.4.0
7f50eaac3000-7f50eaac4000 r--p 0000f000 103:02 9840432                   /usr/lib/x86_64-linux-gnu/libdrm.so.2.4.0
7f50eaac4000-7f50eaac5000 rw-p 00010000 103:02 9840432                   /usr/lib/x86_64-linux-gnu/libdrm.so.2.4.0
7f50eaac5000-7f50ebda0000 r-xp 00000000 103:02 9840523                   /usr/lib/x86_64-linux-gnu/libnvidia-glcore.so.440.31
7f50ebda0000-7f50ebdc1000 rwxp 012db000 103:02 9840523                   /usr/lib/x86_64-linux-gnu/libnvidia-glcore.so.440.31
7f50ebdc1000-7f50ec2d2000 r-xp 012fc000 103:02 9840523                   /usr/lib/x86_64-linux-gnu/libnvidia-glcore.so.440.31
7f50ec2d2000-7f50ec4d1000 ---p 0180d000 103:02 9840523                   /usr/lib/x86_64-linux-gnu/libnvidia-glcore.so.440.31
7f50ec4d1000-7f50ec817000 rw-p 0180c000 103:02 9840523                   /usr/lib/x86_64-linux-gnu/libnvidia-glcore.so.440.31
7f50ec817000-7f50ec833000 rw-p 00000000 00:00 0 
7f50ec833000-7f50ec836000 r-xp 00000000 103:02 9840527                   /usr/lib/x86_64-linux-gnu/libnvidia-tls.so.440.31
7f50ec836000-7f50eca36000 ---p 00003000 103:02 9840527                   /usr/lib/x86_64-linux-gnu/libnvidia-tls.so.440.31
7f50eca36000-7f50eca37000 rw-p 00003000 103:02 9840527                   /usr/lib/x86_64-linux-gnu/libnvidia-tls.so.440.31
7f50eca37000-7f50ecae0000 r-xp 00000000 103:02 9840520                   /usr/lib/x86_64-linux-gnu/libGLX_nvidia.so.440.31
7f50ecae0000-7f50ecb15000 rwxp 000a9000 103:02 9840520                   /usr/lib/x86_64-linux-gnu/libGLX_nvidia.so.440.31
7f50ecb15000-7f50ecb24000 r-xp 000de000 103:02 9840520                   /usr/lib/x86_64-linux-gnu/libGLX_nvidia.so.440.31
7f50ecb24000-7f50ecd23000 ---p 000ed000 103:02 9840520                   /usr/lib/x86_64-linux-gnu/libGLX_nvidia.so.440.31
7f50ecd23000-7f50ecd47000 rw-p 000ec000 103:02 9840520                   /usr/lib/x86_64-linux-gnu/libGLX_nvidia.so.440.31
7f50ecd47000-7f50ecd49000 rw-p 00000000 00:00 0 
7f50ecd49000-7f50ecd8b000 r-xp 00000000 103:02 9837994                   /usr/lib/x86_64-linux-gnu/libGLdispatch.so.0.0.0
7f50ecd8b000-7f50ecda4000 r-xp 00042000 103:02 9837994                   /usr/lib/x86_64-linux-gnu/libGLdispatch.so.0.0.0
7f50ecda4000-7f50ecdb7000 r-xp 0005b000 103:02 9837994                   /usr/lib/x86_64-linux-gnu/libGLdispatch.so.0.0.0
7f50ecdb7000-7f50ecfb6000 ---p 0006e000 103:02 9837994                   /usr/lib/x86_64-linux-gnu/libGLdispatch.so.0.0.0
7f50ecfb6000-7f50ecfde000 r--p 0006d000 103:02 9837994                   /usr/lib/x86_64-linux-gnu/libGLdispatch.so.0.0.0
7f50ecfde000-7f50ecfdf000 rw-p 00095000 103:02 9837994                   /usr/lib/x86_64-linux-gnu/libGLdispatch.so.0.0.0
7f50ecfdf000-7f50f0000000 rw-p 00000000 00:00 0 
7f50f0000000-7f50f0021000 rw-p 00000000 00:00 0 
7f50f0021000-7f50f4000000 ---p 00000000 00:00 0 
7f50f4000000-7f50f4021000 rw-p 00000000 00:00 0 
7f50f4021000-7f50f8000000 ---p 00000000 00:00 0 
7f50f8000000-7f50f8a4a000 rw-p 00000000 00:00 0 
7f50f8a4a000-7f50fc000000 ---p 00000000 00:00 0 
7f50fc000000-7f50fc38c000 rw-p 00000000 00:00 0 
7f50fc38c000-7f5100000000 ---p 00000000 00:00 0 
7f5100000000-7f510062e000 rw-p 00000000 00:00 0 
7f510062e000-7f5104000000 ---p 00000000 00:00 0 
7f5104000000-7f5104615000 rw-p 00000000 00:00 0 
7f5104615000-7f5108000000 ---p 00000000 00:00 0 
7f5108000000-7f5108021000 rw-p 00000000 00:00 0 
7f5108021000-7f510c000000 ---p 00000000 00:00 0 
7f510c000000-7f510c021000 rw-p 00000000 00:00 0 
7f510c021000-7f5110000000 ---p 00000000 00:00 0 
7f5110000000-7f5110021000 rw-p 00000000 00:00 0 
7f5110021000-7f5114000000 ---p 00000000 00:00 0 
7f5114000000-7f5114021000 rw-p 00000000 00:00 0 
7f5114021000-7f5118000000 ---p 00000000 00:00 0 
7f5118001000-7f5118014000 rw-s 00000000 00:06 583                        /dev/nvidiactl
7f5118014000-7f51181b9000 rw-s 00000000 00:06 583                        /dev/nvidiactl
7f51181b9000-7f51181c9000 r-xp 00000000 103:02 9837992                   /usr/lib/x86_64-linux-gnu/libGLX.so.0.0.0
7f51181c9000-7f51183c8000 ---p 00010000 103:02 9837992                   /usr/lib/x86_64-linux-gnu/libGLX.so.0.0.0
7f51183c8000-7f51183c9000 r--p 0000f000 103:02 9837992                   /usr/lib/x86_64-linux-gnu/libGLX.so.0.0.0
7f51183c9000-7f51183ca000 rw-p 00010000 103:02 9837992                   /usr/lib/x86_64-linux-gnu/libGLX.so.0.0.0
7f51183ca000-7f51183ea000 rw-p 00000000 00:00 0 
7f51183ea000-7f511842e000 r-xp 00000000 103:02 9837986                   /usr/lib/x86_64-linux-gnu/libGL.so.1.0.0
7f511842e000-7f5118447000 r-xp 00044000 103:02 9837986                   /usr/lib/x86_64-linux-gnu/libGL.so.1.0.0
7f5118447000-7f511845b000 r-xp 0005d000 103:02 9837986                   /usr/lib/x86_64-linux-gnu/libGL.so.1.0.0
7f511845b000-7f511865a000 ---p 00071000 103:02 9837986                   /usr/lib/x86_64-linux-gnu/libGL.so.1.0.0
7f511865a000-7f5118674000 r--p 00070000 103:02 9837986                   /usr/lib/x86_64-linux-gnu/libGL.so.1.0.0
7f5118674000-7f5118675000 rw-p 0008a000 103:02 9837986                   /usr/lib/x86_64-linux-gnu/libGL.so.1.0.0
7f5118675000-7f5118676000 rw-p 00000000 00:00 0 
7f5118676000-7f5118677000 r-xp 00000000 103:02 9840453                   /usr/lib/x86_64-linux-gnu/libX11-xcb.so.1.0.0
7f5118677000-7f5118876000 ---p 00001000 103:02 9840453                   /usr/lib/x86_64-linux-gnu/libX11-xcb.so.1.0.0
7f5118876000-7f5118877000 r--p 00000000 103:02 9840453                   /usr/lib/x86_64-linux-gnu/libX11-xcb.so.1.0.0
7f5118877000-7f5118878000 rw-p 00001000 103:02 9840453                   /usr/lib/x86_64-linux-gnu/libX11-xcb.so.1.0.0
7f5118878000-7f511887a000 r-xp 00000000 103:02 9838067                   /usr/lib/x86_64-linux-gnu/libXinerama.so.1.0.0
7f511887a000-7f5118a79000 ---p 00002000 103:02 9838067                   /usr/lib/x86_64-linux-gnu/libXinerama.so.1.0.0
7f5118a79000-7f5118a7a000 r--p 00001000 103:02 9838067                   /usr/lib/x86_64-linux-gnu/libXinerama.so.1.0.0
7f5118a7a000-7f5118a7b000 rw-p 00002000 103:02 9838067                   /usr/lib/x86_64-linux-gnu/libXinerama.so.1.0.0
7f5118a7b000-7f5118a80000 r-xp 00000000 103:02 9838059                   /usr/lib/x86_64-linux-gnu/libXfixes.so.3.1.0
7f5118a80000-7f5118c7f000 ---p 00005000 103:02 9838059                   /usr/lib/x86_64-linux-gnu/libXfixes.so.3.1.0
7f5118c7f000-7f5118c80000 r--p 00004000 103:02 9838059                   /usr/lib/x86_64-linux-gnu/libXfixes.so.3.1.0
7f5118c80000-7f5118c81000 rw-p 00005000 103:02 9838059                   /usr/lib/x86_64-linux-gnu/libXfixes.so.3.1.0
7f5118c81000-7f5118c8a000 r-xp 00000000 103:02 9838051                   /usr/lib/x86_64-linux-gnu/libXcursor.so.1.0.2
7f5118c8a000-7f5118e89000 ---p 00009000 103:02 9838051                   /usr/lib/x86_64-linux-gnu/libXcursor.so.1.0.2
7f5118e89000-7f5118e8a000 r--p 00008000 103:02 9838051                   /usr/lib/x86_64-linux-gnu/libXcursor.so.1.0.2
7f5118e8a000-7f5118e8b000 rw-p 00009000 103:02 9838051                   /usr/lib/x86_64-linux-gnu/libXcursor.so.1.0.2
7f5118e8b000-7f5118e94000 r-xp 00000000 103:02 9838077                   /usr/lib/x86_64-linux-gnu/libXrender.so.1.3.0
7f5118e94000-7f5119093000 ---p 00009000 103:02 9838077                   /usr/lib/x86_64-linux-gnu/libXrender.so.1.3.0
7f5119093000-7f5119094000 r--p 00008000 103:02 9838077                   /usr/lib/x86_64-linux-gnu/libXrender.so.1.3.0
7f5119094000-7f5119095000 rw-p 00009000 103:02 9838077                   /usr/lib/x86_64-linux-gnu/libXrender.so.1.3.0
7f5119095000-7f511909f000 r-xp 00000000 103:02 9838075                   /usr/lib/x86_64-linux-gnu/libXrandr.so.2.2.0
7f511909f000-7f511929e000 ---p 0000a000 103:02 9838075                   /usr/lib/x86_64-linux-gnu/libXrandr.so.2.2.0
7f511929e000-7f511929f000 r--p 00009000 103:02 9838075                   /usr/lib/x86_64-linux-gnu/libXrandr.so.2.2.0
7f511929f000-7f51192a0000 rw-p 0000a000 103:02 9838075                   /usr/lib/x86_64-linux-gnu/libXrandr.so.2.2.0
7f51192a0000-7f51192af000 r-xp 00000000 103:02 9838065                   /usr/lib/x86_64-linux-gnu/libXi.so.6.1.0
7f51192af000-7f51194ae000 ---p 0000f000 103:02 9838065                   /usr/lib/x86_64-linux-gnu/libXi.so.6.1.0
7f51194ae000-7f51194af000 r--p 0000e000 103:02 9838065                   /usr/lib/x86_64-linux-gnu/libXi.so.6.1.0
7f51194af000-7f51194b0000 rw-p 0000f000 103:02 9838065                   /usr/lib/x86_64-linux-gnu/libXi.so.6.1.0
7f51194b0000-7f51194c1000 r-xp 00000000 103:02 9838057                   /usr/lib/x86_64-linux-gnu/libXext.so.6.4.0
7f51194c1000-7f51196c0000 ---p 00011000 103:02 9838057                   /usr/lib/x86_64-linux-gnu/libXext.so.6.4.0
7f51196c0000-7f51196c1000 r--p 00010000 103:02 9838057                   /usr/lib/x86_64-linux-gnu/libXext.so.6.4.0
7f51196c1000-7f51196c2000 rw-p 00011000 103:02 9838057                   /usr/lib/x86_64-linux-gnu/libXext.so.6.4.0
7f51196c2000-7f51196c7000 r-xp 00000000 103:02 9838093                   /usr/lib/x86_64-linux-gnu/libXxf86vm.so.1.0.0
7f51196c7000-7f51198c6000 ---p 00005000 103:02 9838093                   /usr/lib/x86_64-linux-gnu/libXxf86vm.so.1.0.0
7f51198c6000-7f51198c7000 r--p 00004000 103:02 9838093                   /usr/lib/x86_64-linux-gnu/libXxf86vm.so.1.0.0
7f51198c7000-7f51198c8000 rw-p 00005000 103:02 9838093                   /usr/lib/x86_64-linux-gnu/libXxf86vm.so.1.0.0
7f51198c8000-7f51198db000 r-xp 00000000 103:02 22942382                  /lib/x86_64-linux-gnu/libbsd.so.0.8.7
7f51198db000-7f5119ada000 ---p 00013000 103:02 22942382                  /lib/x86_64-linux-gnu/libbsd.so.0.8.7
7f5119ada000-7f5119adb000 r--p 00012000 103:02 22942382                  /lib/x86_64-linux-gnu/libbsd.so.0.8.7
7f5119adb000-7f5119adc000 rw-p 00013000 103:02 22942382                  /lib/x86_64-linux-gnu/libbsd.so.0.8.7
7f5119adc000-7f5119add000 rw-p 00000000 00:00 0 
7f5119add000-7f5119ae2000 r-xp 00000000 103:02 9838055                   /usr/lib/x86_64-linux-gnu/libXdmcp.so.6.0.0
7f5119ae2000-7f5119ce1000 ---p 00005000 103:02 9838055                   /usr/lib/x86_64-linux-gnu/libXdmcp.so.6.0.0
7f5119ce1000-7f5119ce2000 r--p 00004000 103:02 9838055                   /usr/lib/x86_64-linux-gnu/libXdmcp.so.6.0.0
7f5119ce2000-7f5119ce3000 rw-p 00005000 103:02 9838055                   /usr/lib/x86_64-linux-gnu/libXdmcp.so.6.0.0
7f5119ce3000-7f5119ce5000 r-xp 00000000 103:02 9838044                   /usr/lib/x86_64-linux-gnu/libXau.so.6.0.0
7f5119ce5000-7f5119ee5000 ---p 00002000 103:02 9838044                   /usr/lib/x86_64-linux-gnu/libXau.so.6.0.0
7f5119ee5000-7f5119ee6000 r--p 00002000 103:02 9838044                   /usr/lib/x86_64-linux-gnu/libXau.so.6.0.0
7f5119ee6000-7f5119ee7000 rw-p 00003000 103:02 9838044                   /usr/lib/x86_64-linux-gnu/libXau.so.6.0.0
7f5119ee7000-7f5119f0d000 r-xp 00000000 103:02 9840409                   /usr/lib/x86_64-linux-gnu/libxcb.so.1.1.0
7f5119f0d000-7f511a10d000 ---p 00026000 103:02 9840409                   /usr/lib/x86_64-linux-gnu/libxcb.so.1.1.0
7f511a10d000-7f511a10e000 r--p 00026000 103:02 9840409                   /usr/lib/x86_64-linux-gnu/libxcb.so.1.1.0
7f511a10e000-7f511a10f000 rw-p 00027000 103:02 9840409                   /usr/lib/x86_64-linux-gnu/libxcb.so.1.1.0
7f511a10f000-7f511a242000 r-xp 00000000 103:02 9839217                   /usr/lib/x86_64-linux-gnu/libX11.so.6.3.0
7f511a242000-7f511a442000 ---p 00133000 103:02 9839217                   /usr/lib/x86_64-linux-gnu/libX11.so.6.3.0
7f511a442000-7f511a443000 r--p 00133000 103:02 9839217                   /usr/lib/x86_64-linux-gnu/libX11.so.6.3.0
7f511a443000-7f511a447000 rw-p 00134000 103:02 9839217                   /usr/lib/x86_64-linux-gnu/libX11.so.6.3.0
7f511a447000-7f511a48a000 r-xp 00000000 103:02 15990857                  /tmp/lwjglsam/3.2.3-build-13/libglfw.so
7f511a48a000-7f511a689000 ---p 00043000 103:02 15990857                  /tmp/lwjglsam/3.2.3-build-13/libglfw.so
7f511a689000-7f511a68a000 r--p 00042000 103:02 15990857                  /tmp/lwjglsam/3.2.3-build-13/libglfw.so
7f511a68a000-7f511a68c000 rw-p 00043000 103:02 15990857                  /tmp/lwjglsam/3.2.3-build-13/libglfw.so
7f511a68c000-7f511a6ad000 rw-p 00000000 00:00 0 
7f511a6ad000-7f511a6fe000 r-xp 00000000 103:02 15990805                  /tmp/lwjglsam/3.2.3-build-13/liblwjgl.so
7f511a6fe000-7f511a8fd000 ---p 00051000 103:02 15990805                  /tmp/lwjglsam/3.2.3-build-13/liblwjgl.so
7f511a8fd000-7f511a8fe000 r--p 00050000 103:02 15990805                  /tmp/lwjglsam/3.2.3-build-13/liblwjgl.so
7f511a8fe000-7f511a8ff000 rw-p 00051000 103:02 15990805                  /tmp/lwjglsam/3.2.3-build-13/liblwjgl.so
7f511a8ff000-7f511a915000 r-xp 00000000 103:02 9839031                   /usr/lib/jvm/java-8-openjdk-amd64/jre/lib/amd64/libnet.so
7f511a915000-7f511ab14000 ---p 00016000 103:02 9839031                   /usr/lib/jvm/java-8-openjdk-amd64/jre/lib/amd64/libnet.so
7f511ab14000-7f511ab15000 r--p 00015000 103:02 9839031                   /usr/lib/jvm/java-8-openjdk-amd64/jre/lib/amd64/libnet.so
7f511ab15000-7f511ab16000 rw-p 00016000 103:02 9839031                   /usr/lib/jvm/java-8-openjdk-amd64/jre/lib/amd64/libnet.so
7f511ab16000-7f511ab27000 r-xp 00000000 103:02 9839036                   /usr/lib/jvm/java-8-openjdk-amd64/jre/lib/amd64/libnio.so
7f511ab27000-7f511ad26000 ---p 00011000 103:02 9839036                   /usr/lib/jvm/java-8-openjdk-amd64/jre/lib/amd64/libnio.so
7f511ad26000-7f511ad27000 r--p 00010000 103:02 9839036                   /usr/lib/jvm/java-8-openjdk-amd64/jre/lib/amd64/libnio.so
7f511ad27000-7f511ad28000 rw-p 00011000 103:02 9839036                   /usr/lib/jvm/java-8-openjdk-amd64/jre/lib/amd64/libnio.so
7f511ad28000-7f511ad29000 ---p 00000000 00:00 0 
7f511ad29000-7f511ae29000 rw-p 00000000 00:00 0 
7f511ae29000-7f511ae2c000 ---p 00000000 00:00 0 
7f511ae2c000-7f511af2a000 rw-p 00000000 00:00 0 
7f511af2a000-7f511af2b000 ---p 00000000 00:00 0 
7f511af2b000-7f511af2e000 ---p 00000000 00:00 0 
7f511af2e000-7f511b02b000 rw-p 00000000 00:00 0 
7f511b02b000-7f511b02c000 ---p 00000000 00:00 0 
7f511b02c000-7f511b02f000 ---p 00000000 00:00 0 
7f511b02f000-7f511b12c000 rw-p 00000000 00:00 0 
7f511b12c000-7f511b12d000 ---p 00000000 00:00 0 
7f511b12d000-7f511b130000 ---p 00000000 00:00 0 
7f511b130000-7f511b22d000 rw-p 00000000 00:00 0 
7f511b22d000-7f511b22e000 ---p 00000000 00:00 0 
7f511b22e000-7f511b231000 ---p 00000000 00:00 0 
7f511b231000-7f511b32e000 rw-p 00000000 00:00 0 
7f511b32e000-7f511b331000 ---p 00000000 00:00 0 
7f511b331000-7f511b42f000 rw-p 00000000 00:00 0 
7f511b42f000-7f511bdfe000 r--p 00000000 103:02 9837060                   /usr/lib/locale/locale-archive
7f511bdfe000-7f511be01000 ---p 00000000 00:00 0 
7f511be01000-7f511beff000 rw-p 00000000 00:00 0 
7f511beff000-7f511bf02000 ---p 00000000 00:00 0 
7f511bf02000-7f511c000000 rw-p 00000000 00:00 0 
7f511c000000-7f511c021000 rw-p 00000000 00:00 0 
7f511c021000-7f5120000000 ---p 00000000 00:00 0 
7f5120005000-7f5120006000 r-xp 00000000 00:00 0 
7f5120006000-7f5120009000 rw-s 00000000 00:06 583                        /dev/nvidiactl
7f5120009000-7f512000b000 rw-s 00000000 103:02 15728652                  /tmp/.gldcFlo8 (deleted)
7f512000f000-7f5120010000 rw-s 00000000 00:06 584                        /dev/nvidia0
7f5120010000-7f5120012000 rw-s 00000000 00:06 583                        /dev/nvidiactl
7f5120012000-7f5120016000 rw-s 00000000 00:06 583                        /dev/nvidiactl
7f5120016000-7f5120017000 rw-s 00000000 00:06 584                        /dev/nvidia0
7f5120017000-7f5120018000 rw-s 00000000 00:06 584                        /dev/nvidia0
7f5120018000-7f5120038000 rw-s 00000000 00:06 583                        /dev/nvidiactl
7f5120038000-7f5120039000 rw-s 00000000 00:06 584                        /dev/nvidia0
7f5120059000-7f512005a000 rw-s 00000000 00:06 583                        /dev/nvidiactl
7f512005a000-7f512005b000 ---p 00000000 00:00 0 
7f512005b000-7f5130000000 rw-p 00000000 00:00 0 
7f5130000000-7f5130021000 rw-p 00000000 00:00 0 
7f5130021000-7f5134000000 ---p 00000000 00:00 0 
7f5134000000-7f5134021000 rw-p 00000000 00:00 0 
7f5134021000-7f5138000000 ---p 00000000 00:00 0 
7f5138000000-7f5138021000 rw-p 00000000 00:00 0 
7f5138021000-7f513c000000 ---p 00000000 00:00 0 
7f513c000000-7f513c021000 rw-p 00000000 00:00 0 
7f513c021000-7f5140000000 ---p 00000000 00:00 0 
7f5140000000-7f5140021000 rw-p 00000000 00:00 0 
7f5140021000-7f5144000000 ---p 00000000 00:00 0 
7f5144000000-7f5144021000 rw-p 00000000 00:00 0 
7f5144021000-7f5148000000 ---p 00000000 00:00 0 
7f5148000000-7f5148021000 rw-p 00000000 00:00 0 
7f5148021000-7f514c000000 ---p 00000000 00:00 0 
7f514c000000-7f514c021000 rw-p 00000000 00:00 0 
7f514c021000-7f5150000000 ---p 00000000 00:00 0 
7f5150000000-7f5150021000 rw-p 00000000 00:00 0 
7f5150021000-7f5154000000 ---p 00000000 00:00 0 
7f5154000000-7f5154001000 rw-s 00000000 00:06 583                        /dev/nvidiactl
7f5154001000-7f5154002000 rw-s 00000000 00:06 583                        /dev/nvidiactl
7f5154002000-7f5154009000 r--s 00000000 103:02 10095718                  /usr/lib/x86_64-linux-gnu/gconv/gconv-modules.cache
7f5154009000-7f515401c000 r--s 00346000 103:02 9839324                   /usr/lib/jvm/java-8-openjdk-amd64/jre/lib/resources.jar
7f515401c000-7f515401d000 r--s 00002000 08:01 16253464                   /home/sam/Downloads/pngdecoder-1.0.jar
7f515401d000-7f515401e000 r--s 00022000 08:01 17960234                   /home/sam/Downloads/lwjgl-3.2.3/lwjgl-glfw/lwjgl-glfw-natives-linux-arm64.jar
7f515401e000-7f515401f000 r--s 00026000 08:01 17960235                   /home/sam/Downloads/lwjgl-3.2.3/lwjgl-glfw/lwjgl-glfw-natives-linux.jar
7f515401f000-7f5154022000 r--s 00018000 08:01 17960240                   /home/sam/Downloads/lwjgl-3.2.3/lwjgl-glfw/lwjgl-glfw.jar
7f5154022000-7f5154024000 r--s 0000d000 08:01 19795215                   /home/sam/Downloads/lwjgl-3.2.3/lwjgl-opengl/lwjgl-opengl-natives-linux-arm64.jar
7f5154024000-7f5154025000 r--s 00013000 08:01 19795216                   /home/sam/Downloads/lwjgl-3.2.3/lwjgl-opengl/lwjgl-opengl-natives-linux.jar
7f5154025000-7f5154030000 r--s 000da000 08:01 19795221                   /home/sam/Downloads/lwjgl-3.2.3/lwjgl-opengl/lwjgl-opengl.jar
7f5154030000-7f5154031000 r--s 0000c000 08:01 16517972                   /home/sam/Downloads/lwjgl-3.2.3/lwjgl/lwjgl-natives-linux-arm64.jar
7f5154031000-7f5154032000 r--s 00012000 08:01 16517973                   /home/sam/Downloads/lwjgl-3.2.3/lwjgl/lwjgl-natives-linux.jar
7f5154032000-7f515404d000 r--s 001d6000 103:02 9839212                   /usr/lib/jvm/java-8-openjdk-amd64/jre/lib/ext/nashorn.jar
7f515404d000-7f5155e22000 rw-p 00000000 00:00 0 
7f5155e22000-7f5155ff2000 r--s 03c5c000 103:02 9839328                   /usr/lib/jvm/java-8-openjdk-amd64/jre/lib/rt.jar
7f5155ff2000-7f515785d000 rw-p 00000000 00:00 0 
7f515785d000-7f515785e000 ---p 00000000 00:00 0 
7f515785e000-7f515795e000 rw-p 00000000 00:00 0 
7f515795e000-7f515795f000 ---p 00000000 00:00 0 
7f515795f000-7f5157a5f000 rw-p 00000000 00:00 0 
7f5157a5f000-7f5157a60000 ---p 00000000 00:00 0 
7f5157a60000-7f5157b60000 rw-p 00000000 00:00 0 
7f5157b60000-7f5157b61000 ---p 00000000 00:00 0 
7f5157b61000-7f5157c61000 rw-p 00000000 00:00 0 
7f5157c61000-7f5157c62000 ---p 00000000 00:00 0 
7f5157c62000-7f5157d62000 rw-p 00000000 00:00 0 
7f5157d62000-7f5157d63000 ---p 00000000 00:00 0 
7f5157d63000-7f5157e63000 rw-p 00000000 00:00 0 
7f5157e63000-7f5157e64000 ---p 00000000 00:00 0 
7f5157e64000-7f5157f64000 rw-p 00000000 00:00 0 
7f5157f64000-7f5157f65000 ---p 00000000 00:00 0 
7f5157f65000-7f515810c000 rw-p 00000000 00:00 0 
7f515810c000-7f5158acb000 ---p 00000000 00:00 0 
7f5158acb000-7f5158bd0000 rw-p 00000000 00:00 0 
7f5158bd0000-7f5158fff000 ---p 00000000 00:00 0 
7f5158fff000-7f5159000000 rw-p 00000000 00:00 0 
7f5159000000-7f51593e0000 rwxp 00000000 00:00 0 
7f51593e0000-7f5168000000 ---p 00000000 00:00 0 
7f5168000000-7f5169737000 rw-p 00000000 00:00 0 
7f5169737000-7f516c000000 ---p 00000000 00:00 0 
7f516c000000-7f516c007000 r--s 00081000 08:01 16518147                   /home/sam/Downloads/lwjgl-3.2.3/lwjgl/lwjgl.jar
7f516c007000-7f516c00c000 r--s 0003c000 103:02 9839214                   /usr/lib/jvm/java-8-openjdk-amd64/jre/lib/ext/sunjce_provider.jar
7f516c00c000-7f516c00f000 r--s 00039000 103:02 9839215                   /usr/lib/jvm/java-8-openjdk-amd64/jre/lib/ext/sunpkcs11.jar
7f516c00f000-7f516c012000 r--s 0000f000 103:02 9839204                   /usr/lib/jvm/java-8-openjdk-amd64/jre/lib/ext/icedtea-sound.jar
7f516c012000-7f516c013000 ---p 00000000 00:00 0 
7f516c013000-7f516c113000 rw-p 00000000 00:00 0 
7f516c113000-7f516c114000 ---p 00000000 00:00 0 
7f516c114000-7f516c2bb000 rw-p 00000000 00:00 0 
7f516c2bb000-7f516cc7b000 ---p 00000000 00:00 0 
7f516cc7b000-7f516cc8b000 rw-p 00000000 00:00 0 
7f516cc8b000-7f516d03b000 ---p 00000000 00:00 0 
7f516d03b000-7f516d043000 r-xp 00000000 103:02 9839091                   /usr/lib/jvm/java-8-openjdk-amd64/jre/lib/amd64/libzip.so
7f516d043000-7f516d242000 ---p 00008000 103:02 9839091                   /usr/lib/jvm/java-8-openjdk-amd64/jre/lib/amd64/libzip.so
7f516d242000-7f516d243000 r--p 00007000 103:02 9839091                   /usr/lib/jvm/java-8-openjdk-amd64/jre/lib/amd64/libzip.so
7f516d243000-7f516d244000 rw-p 00008000 103:02 9839091                   /usr/lib/jvm/java-8-openjdk-amd64/jre/lib/amd64/libzip.so
7f516d244000-7f516d24f000 r-xp 00000000 103:02 22942476                  /lib/x86_64-linux-gnu/libnss_files-2.27.so
7f516d24f000-7f516d44e000 ---p 0000b000 103:02 22942476                  /lib/x86_64-linux-gnu/libnss_files-2.27.so
7f516d44e000-7f516d44f000 r--p 0000a000 103:02 22942476                  /lib/x86_64-linux-gnu/libnss_files-2.27.so
7f516d44f000-7f516d450000 rw-p 0000b000 103:02 22942476                  /lib/x86_64-linux-gnu/libnss_files-2.27.so
7f516d450000-7f516d456000 rw-p 00000000 00:00 0 
7f516d456000-7f516d46d000 r-xp 00000000 103:02 22942470                  /lib/x86_64-linux-gnu/libnsl-2.27.so
7f516d46d000-7f516d66c000 ---p 00017000 103:02 22942470                  /lib/x86_64-linux-gnu/libnsl-2.27.so
7f516d66c000-7f516d66d000 r--p 00016000 103:02 22942470                  /lib/x86_64-linux-gnu/libnsl-2.27.so
7f516d66d000-7f516d66e000 rw-p 00017000 103:02 22942470                  /lib/x86_64-linux-gnu/libnsl-2.27.so
7f516d66e000-7f516d670000 rw-p 00000000 00:00 0 
7f516d670000-7f516d67b000 r-xp 00000000 103:02 22942487                  /lib/x86_64-linux-gnu/libnss_nis-2.27.so
7f516d67b000-7f516d87a000 ---p 0000b000 103:02 22942487                  /lib/x86_64-linux-gnu/libnss_nis-2.27.so
7f516d87a000-7f516d87b000 r--p 0000a000 103:02 22942487                  /lib/x86_64-linux-gnu/libnss_nis-2.27.so
7f516d87b000-7f516d87c000 rw-p 0000b000 103:02 22942487                  /lib/x86_64-linux-gnu/libnss_nis-2.27.so
7f516d87c000-7f516d884000 r-xp 00000000 103:02 22942472                  /lib/x86_64-linux-gnu/libnss_compat-2.27.so
7f516d884000-7f516da84000 ---p 00008000 103:02 22942472                  /lib/x86_64-linux-gnu/libnss_compat-2.27.so
7f516da84000-7f516da85000 r--p 00008000 103:02 22942472                  /lib/x86_64-linux-gnu/libnss_compat-2.27.so
7f516da85000-7f516da86000 rw-p 00009000 103:02 22942472                  /lib/x86_64-linux-gnu/libnss_compat-2.27.so
7f516da86000-7f516dab0000 r-xp 00000000 103:02 9838982                   /usr/lib/jvm/java-8-openjdk-amd64/jre/lib/amd64/libjava.so
7f516dab0000-7f516dcaf000 ---p 0002a000 103:02 9838982                   /usr/lib/jvm/java-8-openjdk-amd64/jre/lib/amd64/libjava.so
7f516dcaf000-7f516dcb0000 r--p 00029000 103:02 9838982                   /usr/lib/jvm/java-8-openjdk-amd64/jre/lib/amd64/libjava.so
7f516dcb0000-7f516dcb2000 rw-p 0002a000 103:02 9838982                   /usr/lib/jvm/java-8-openjdk-amd64/jre/lib/amd64/libjava.so
7f516dcb2000-7f516dcc2000 r-xp 00000000 103:02 9839073                   /usr/lib/jvm/java-8-openjdk-amd64/jre/lib/amd64/libverify.so
7f516dcc2000-7f516dec1000 ---p 00010000 103:02 9839073                   /usr/lib/jvm/java-8-openjdk-amd64/jre/lib/amd64/libverify.so
7f516dec1000-7f516dec3000 r--p 0000f000 103:02 9839073                   /usr/lib/jvm/java-8-openjdk-amd64/jre/lib/amd64/libverify.so
7f516dec3000-7f516dec4000 rw-p 00011000 103:02 9839073                   /usr/lib/jvm/java-8-openjdk-amd64/jre/lib/amd64/libverify.so
7f516dec4000-7f516decb000 r-xp 00000000 103:02 22942527                  /lib/x86_64-linux-gnu/librt-2.27.so
7f516decb000-7f516e0ca000 ---p 00007000 103:02 22942527                  /lib/x86_64-linux-gnu/librt-2.27.so
7f516e0ca000-7f516e0cb000 r--p 00006000 103:02 22942527                  /lib/x86_64-linux-gnu/librt-2.27.so
7f516e0cb000-7f516e0cc000 rw-p 00007000 103:02 22942527                  /lib/x86_64-linux-gnu/librt-2.27.so
7f516e0cc000-7f516e0e3000 r-xp 00000000 103:02 22937606                  /lib/x86_64-linux-gnu/libgcc_s.so.1
7f516e0e3000-7f516e2e2000 ---p 00017000 103:02 22937606                  /lib/x86_64-linux-gnu/libgcc_s.so.1
7f516e2e2000-7f516e2e3000 r--p 00016000 103:02 22937606                  /lib/x86_64-linux-gnu/libgcc_s.so.1
7f516e2e3000-7f516e2e4000 rw-p 00017000 103:02 22937606                  /lib/x86_64-linux-gnu/libgcc_s.so.1
7f516e2e4000-7f516e481000 r-xp 00000000 103:02 22942449                  /lib/x86_64-linux-gnu/libm-2.27.so
7f516e481000-7f516e680000 ---p 0019d000 103:02 22942449                  /lib/x86_64-linux-gnu/libm-2.27.so
7f516e680000-7f516e681000 r--p 0019c000 103:02 22942449                  /lib/x86_64-linux-gnu/libm-2.27.so
7f516e681000-7f516e682000 rw-p 0019d000 103:02 22942449                  /lib/x86_64-linux-gnu/libm-2.27.so
7f516e682000-7f516e7fb000 r-xp 00000000 103:02 9830530                   /usr/lib/x86_64-linux-gnu/libstdc++.so.6.0.25
7f516e7fb000-7f516e9fb000 ---p 00179000 103:02 9830530                   /usr/lib/x86_64-linux-gnu/libstdc++.so.6.0.25
7f516e9fb000-7f516ea05000 r--p 00179000 103:02 9830530                   /usr/lib/x86_64-linux-gnu/libstdc++.so.6.0.25
7f516ea05000-7f516ea07000 rw-p 00183000 103:02 9830530                   /usr/lib/x86_64-linux-gnu/libstdc++.so.6.0.25
7f516ea07000-7f516ea0b000 rw-p 00000000 00:00 0 
7f516ea0b000-7f516f6aa000 r-xp 00000000 103:02 9839139                   /usr/lib/jvm/java-8-openjdk-amd64/jre/lib/amd64/server/libjvm.so
7f516f6aa000-7f516f8aa000 ---p 00c9f000 103:02 9839139                   /usr/lib/jvm/java-8-openjdk-amd64/jre/lib/amd64/server/libjvm.so
7f516f8aa000-7f516f93e000 r--p 00c9f000 103:02 9839139                   /usr/lib/jvm/java-8-openjdk-amd64/jre/lib/amd64/server/libjvm.so
7f516f93e000-7f516f967000 rw-p 00d33000 103:02 9839139                   /usr/lib/jvm/java-8-openjdk-amd64/jre/lib/amd64/server/libjvm.so
7f516f967000-7f516f997000 rw-p 00000000 00:00 0 
7f516f997000-7f516f9b1000 r-xp 00000000 103:02 22942519                  /lib/x86_64-linux-gnu/libpthread-2.27.so
7f516f9b1000-7f516fbb0000 ---p 0001a000 103:02 22942519                  /lib/x86_64-linux-gnu/libpthread-2.27.so
7f516fbb0000-7f516fbb1000 r--p 00019000 103:02 22942519                  /lib/x86_64-linux-gnu/libpthread-2.27.so
7f516fbb1000-7f516fbb2000 rw-p 0001a000 103:02 22942519                  /lib/x86_64-linux-gnu/libpthread-2.27.so
7f516fbb2000-7f516fbb6000 rw-p 00000000 00:00 0 
7f516fbb6000-7f516fbb9000 r-xp 00000000 103:02 22942409                  /lib/x86_64-linux-gnu/libdl-2.27.so
7f516fbb9000-7f516fdb8000 ---p 00003000 103:02 22942409                  /lib/x86_64-linux-gnu/libdl-2.27.so
7f516fdb8000-7f516fdb9000 r--p 00002000 103:02 22942409                  /lib/x86_64-linux-gnu/libdl-2.27.so
7f516fdb9000-7f516fdba000 rw-p 00003000 103:02 22942409                  /lib/x86_64-linux-gnu/libdl-2.27.so
7f516fdba000-7f516fdd6000 r-xp 00000000 103:02 22942558                  /lib/x86_64-linux-gnu/libz.so.1.2.11
7f516fdd6000-7f516ffd5000 ---p 0001c000 103:02 22942558                  /lib/x86_64-linux-gnu/libz.so.1.2.11
7f516ffd5000-7f516ffd6000 r--p 0001b000 103:02 22942558                  /lib/x86_64-linux-gnu/libz.so.1.2.11
7f516ffd6000-7f516ffd7000 rw-p 0001c000 103:02 22942558                  /lib/x86_64-linux-gnu/libz.so.1.2.11
7f516ffd7000-7f51701be000 r-xp 00000000 103:02 22942386                  /lib/x86_64-linux-gnu/libc-2.27.so
7f51701be000-7f51703be000 ---p 001e7000 103:02 22942386                  /lib/x86_64-linux-gnu/libc-2.27.so
7f51703be000-7f51703c2000 r--p 001e7000 103:02 22942386                  /lib/x86_64-linux-gnu/libc-2.27.so
7f51703c2000-7f51703c4000 rw-p 001eb000 103:02 22942386                  /lib/x86_64-linux-gnu/libc-2.27.so
7f51703c4000-7f51703c8000 rw-p 00000000 00:00 0 
7f51703c8000-7f51703d6000 r-xp 00000000 103:02 9838942                   /usr/lib/jvm/java-8-openjdk-amd64/jre/lib/amd64/jli/libjli.so
7f51703d6000-7f51705d5000 ---p 0000e000 103:02 9838942                   /usr/lib/jvm/java-8-openjdk-amd64/jre/lib/amd64/jli/libjli.so
7f51705d5000-7f51705d6000 r--p 0000d000 103:02 9838942                   /usr/lib/jvm/java-8-openjdk-amd64/jre/lib/amd64/jli/libjli.so
7f51705d6000-7f51705d7000 rw-p 0000e000 103:02 9838942                   /usr/lib/jvm/java-8-openjdk-amd64/jre/lib/amd64/jli/libjli.so
7f51705d7000-7f51705fe000 r-xp 00000000 103:02 22942358                  /lib/x86_64-linux-gnu/ld-2.27.so
7f51705fe000-7f51705ff000 r--s 0000a000 103:02 9839205                   /usr/lib/jvm/java-8-openjdk-amd64/jre/lib/ext/jaccess.jar
7f51705ff000-7f517061a000 r--s 00394000 103:02 9839202                   /usr/lib/jvm/java-8-openjdk-amd64/jre/lib/ext/cldrdata.jar
7f517061a000-7f51706df000 rw-p 00000000 00:00 0 
7f51706df000-7f51706e0000 ---p 00000000 00:00 0 
7f51706e0000-7f51706e3000 ---p 00000000 00:00 0 
7f51706e3000-7f51707e2000 rw-p 00000000 00:00 0 
7f51707e2000-7f51707e4000 r--s 00001000 103:02 9839203                   /usr/lib/jvm/java-8-openjdk-amd64/jre/lib/ext/dnsns.jar
7f51707e4000-7f51707ee000 r--s 00116000 103:02 9839206                   /usr/lib/jvm/java-8-openjdk-amd64/jre/lib/ext/localedata.jar
7f51707ee000-7f51707f0000 r--s 00007000 103:02 10224650                  /usr/share/java/java-atk-wrapper.jar
7f51707f0000-7f51707f1000 r--s 0000d000 103:02 9839213                   /usr/lib/jvm/java-8-openjdk-amd64/jre/lib/ext/sunec.jar
7f51707f1000-7f51707f2000 r--s 00010000 103:02 9839216                   /usr/lib/jvm/java-8-openjdk-amd64/jre/lib/ext/zipfs.jar
7f51707f2000-7f51707fa000 rw-s 00000000 103:02 15990796                  /tmp/hsperfdata_sam/16117
7f51707fa000-7f51707fb000 rw-p 00000000 00:00 0 
7f51707fb000-7f51707fc000 r--p 00000000 00:00 0 
7f51707fc000-7f51707fe000 rw-p 00000000 00:00 0 
7f51707fe000-7f51707ff000 r--p 00027000 103:02 22942358                  /lib/x86_64-linux-gnu/ld-2.27.so
7f51707ff000-7f5170800000 rw-p 00028000 103:02 22942358                  /lib/x86_64-linux-gnu/ld-2.27.so
7f5170800000-7f5170801000 rw-p 00000000 00:00 0 
7ffe16a6c000-7ffe16a8d000 rw-p 00000000 00:00 0                          [stack]
7ffe16aca000-7ffe16acd000 r--p 00000000 00:00 0                          [vvar]
7ffe16acd000-7ffe16ace000 r-xp 00000000 00:00 0                          [vdso]
ffffffffff600000-ffffffffff601000 --xp 00000000 00:00 0                  [vsyscall]

VM Arguments:
jvm_args: -Dfile.encoding=UTF-8 
java_command: main.Main
java_class_path (initial): /home/sam/Downloads/lwjgl-3.2.3/lwjgl/lwjgl.jar:/home/sam/Downloads/lwjgl-3.2.3/lwjgl/lwjgl-natives-linux.jar:/home/sam/Downloads/lwjgl-3.2.3/lwjgl/lwjgl-natives-linux-arm64.jar:/home/sam/Downloads/lwjgl-3.2.3/lwjgl-opengl/lwjgl-opengl.jar:/home/sam/Downloads/lwjgl-3.2.3/lwjgl-opengl/lwjgl-opengl-natives-linux.jar:/home/sam/Downloads/lwjgl-3.2.3/lwjgl-opengl/lwjgl-opengl-natives-linux-arm64.jar:/home/sam/Downloads/lwjgl-3.2.3/lwjgl-glfw/lwjgl-glfw.jar:/home/sam/Downloads/lwjgl-3.2.3/lwjgl-glfw/lwjgl-glfw-natives-linux.jar:/home/sam/Downloads/lwjgl-3.2.3/lwjgl-glfw/lwjgl-glfw-natives-linux-arm64.jar:/home/sam/Downloads/pngdecoder-1.0.jar:/home/sam/eclipse/workspace/LWJGL-ENGINE/bin
Launcher Type: SUN_STANDARD

Environment Variables:
PATH=/usr/local/sbin:/usr/local/bin:/usr/sbin:/usr/bin:/sbin:/bin:/usr/games:/usr/local/games:/snap/bin
USERNAME=sam
SHELL=/bin/bash
DISPLAY=:0

Signal Handlers:
SIGSEGV: [libjvm.so+0xab92f0], sa_mask[0]=11111111011111111101111111111110, sa_flags=SA_RESTART|SA_SIGINFO
SIGBUS: [libjvm.so+0xab92f0], sa_mask[0]=11111111011111111101111111111110, sa_flags=SA_RESTART|SA_SIGINFO
SIGFPE: [libjvm.so+0x8ee560], sa_mask[0]=11111111011111111101111111111110, sa_flags=SA_RESTART|SA_SIGINFO
SIGPIPE: [libjvm.so+0x8ee560], sa_mask[0]=11111111011111111101111111111110, sa_flags=SA_RESTART|SA_SIGINFO
SIGXFSZ: [libjvm.so+0x8ee560], sa_mask[0]=11111111011111111101111111111110, sa_flags=SA_RESTART|SA_SIGINFO
SIGILL: [libjvm.so+0x8ee560], sa_mask[0]=11111111011111111101111111111110, sa_flags=SA_RESTART|SA_SIGINFO
SIGUSR1: SIG_DFL, sa_mask[0]=00000000000000000000000000000000, sa_flags=none
SIGUSR2: [libjvm.so+0x8ee410], sa_mask[0]=00100000000000000000000000000000, sa_flags=SA_RESTART|SA_SIGINFO
SIGHUP: [libjvm.so+0x8eea80], sa_mask[0]=11111111011111111101111111111110, sa_flags=SA_RESTART|SA_SIGINFO
SIGINT: [libjvm.so+0x8eea80], sa_mask[0]=11111111011111111101111111111110, sa_flags=SA_RESTART|SA_SIGINFO
SIGTERM: [libjvm.so+0x8eea80], sa_mask[0]=11111111011111111101111111111110, sa_flags=SA_RESTART|SA_SIGINFO
SIGQUIT: [libjvm.so+0x8eea80], sa_mask[0]=11111111011111111101111111111110, sa_flags=SA_RESTART|SA_SIGINFO


---------------  S Y S T E M  ---------------

OS:DISTRIB_ID=Ubuntu
DISTRIB_RELEASE=18.04
DISTRIB_CODENAME=bionic
DISTRIB_DESCRIPTION="Ubuntu 18.04.3 LTS"

uname:Linux 5.3.0-23-generic #25~18.04.2-Ubuntu SMP Thu Nov 21 22:27:50 UTC 2019 x86_64
libc:glibc 2.27 NPTL 2.27 
rlimit: STACK 8192k, CORE 0k, NPROC 127594, NOFILE 1048576, AS infinity
load average:11.43 3.82 2.34

/proc/meminfo:
MemTotal:       32713520 kB
MemFree:        28209120 kB
MemAvailable:   29122200 kB
Buffers:           78400 kB
Cached:          1393020 kB
SwapCached:            0 kB
Active:          3298936 kB
Inactive:         752932 kB
Active(anon):    2640388 kB
Inactive(anon):   165296 kB
Active(file):     658548 kB
Inactive(file):   587636 kB
Unevictable:       58720 kB
Mlocked:             160 kB
SwapTotal:       2097148 kB
SwapFree:        2097148 kB
Dirty:               196 kB
Writeback:             0 kB
AnonPages:       2639488 kB
Mapped:           653832 kB
Shmem:            225244 kB
KReclaimable:      72472 kB
Slab:             158164 kB
SReclaimable:      72472 kB
SUnreclaim:        85692 kB
KernelStack:       17824 kB
PageTables:        57976 kB
NFS_Unstable:          0 kB
Bounce:                0 kB
WritebackTmp:          0 kB
CommitLimit:    18453908 kB
Committed_AS:    9652128 kB
VmallocTotal:   34359738367 kB
VmallocUsed:       61648 kB
VmallocChunk:          0 kB
Percpu:             5760 kB
HardwareCorrupted:     0 kB
AnonHugePages:         0 kB
ShmemHugePages:        0 kB
ShmemPmdMapped:        0 kB
CmaTotal:              0 kB
CmaFree:               0 kB
HugePages_Total:       0
HugePages_Free:        0
HugePages_Rsvd:        0
HugePages_Surp:        0
Hugepagesize:       2048 kB
Hugetlb:               0 kB
DirectMap4k:      338592 kB
DirectMap2M:     5779456 kB
DirectMap1G:    27262976 kB

container (cgroup) information:
container_type: cgroupv1
cpu_cpuset_cpus: 0-11
cpu_memory_nodes: 0
active_processor_count: 12
cpu_quota: -1
cpu_period: 100000
cpu_shares: -1
memory_limit_in_bytes: -1
memory_and_swap_limit_in_bytes: -2
memory_soft_limit_in_bytes: -1
memory_usage_in_bytes: 4208742400
memory_max_usage_in_bytes: 0


CPU:total 12 (initial active 12) (6 cores per cpu, 2 threads per core) family 6 model 158 stepping 10, cmov, cx8, fxsr, mmx, sse, sse2, sse3, ssse3, sse4.1, sse4.2, popcnt, avx, avx2, aes, clmul, erms, 3dnowpref, lzcnt, ht, tsc, tscinvbit, bmi1, bmi2, adx

/proc/cpuinfo:
processor	: 0
vendor_id	: GenuineIntel
cpu family	: 6
model		: 158
model name	: Intel(R) Core(TM) i7-8750H CPU @ 2.20GHz
stepping	: 10
microcode	: 0xca
cpu MHz		: 2315.124
cache size	: 9216 KB
physical id	: 0
siblings	: 12
core id		: 0
cpu cores	: 6
apicid		: 0
initial apicid	: 0
fpu		: yes
fpu_exception	: yes
cpuid level	: 22
wp		: yes
flags		: fpu vme de pse tsc msr pae mce cx8 apic sep mtrr pge mca cmov pat pse36 clflush dts acpi mmx fxsr sse sse2 ss ht tm pbe syscall nx pdpe1gb rdtscp lm constant_tsc art arch_perfmon pebs bts rep_good nopl xtopology nonstop_tsc cpuid aperfmperf pni pclmulqdq dtes64 monitor ds_cpl vmx est tm2 ssse3 sdbg fma cx16 xtpr pdcm pcid sse4_1 sse4_2 x2apic movbe popcnt tsc_deadline_timer aes xsave avx f16c rdrand lahf_lm abm 3dnowprefetch cpuid_fault epb invpcid_single pti ssbd ibrs ibpb stibp tpr_shadow vnmi flexpriority ept vpid ept_ad fsgsbase tsc_adjust bmi1 avx2 smep bmi2 erms invpcid mpx rdseed adx smap clflushopt intel_pt xsaveopt xsavec xgetbv1 xsaves dtherm ida arat pln pts hwp hwp_notify hwp_act_window hwp_epp md_clear flush_l1d
bugs		: cpu_meltdown spectre_v1 spectre_v2 spec_store_bypass l1tf mds swapgs itlb_multihit
bogomips	: 4399.99
clflush size	: 64
cache_alignment	: 64
address sizes	: 39 bits physical, 48 bits virtual
power management:

processor	: 1
vendor_id	: GenuineIntel
cpu family	: 6
model		: 158
model name	: Intel(R) Core(TM) i7-8750H CPU @ 2.20GHz
stepping	: 10
microcode	: 0xca
cpu MHz		: 3659.964
cache size	: 9216 KB
physical id	: 0
siblings	: 12
core id		: 1
cpu cores	: 6
apicid		: 2
initial apicid	: 2
fpu		: yes
fpu_exception	: yes
cpuid level	: 22
wp		: yes
flags		: fpu vme de pse tsc msr pae mce cx8 apic sep mtrr pge mca cmov pat pse36 clflush dts acpi mmx fxsr sse sse2 ss ht tm pbe syscall nx pdpe1gb rdtscp lm constant_tsc art arch_perfmon pebs bts rep_good nopl xtopology nonstop_tsc cpuid aperfmperf pni pclmulqdq dtes64 monitor ds_cpl vmx est tm2 ssse3 sdbg fma cx16 xtpr pdcm pcid sse4_1 sse4_2 x2apic movbe popcnt tsc_deadline_timer aes xsave avx f16c rdrand lahf_lm abm 3dnowprefetch cpuid_fault epb invpcid_single pti ssbd ibrs ibpb stibp tpr_shadow vnmi flexpriority ept vpid ept_ad fsgsbase tsc_adjust bmi1 avx2 smep bmi2 erms invpcid mpx rdseed adx smap clflushopt intel_pt xsaveopt xsavec xgetbv1 xsaves dtherm ida arat pln pts hwp hwp_notify hwp_act_window hwp_epp md_clear flush_l1d
bugs		: cpu_meltdown spectre_v1 spectre_v2 spec_store_bypass l1tf mds swapgs itlb_multihit
bogomips	: 4399.99
clflush size	: 64
cache_alignment	: 64
address sizes	: 39 bits physical, 48 bits virtual
power management:

processor	: 2
vendor_id	: GenuineIntel
cpu family	: 6
model		: 158
model name	: Intel(R) Core(TM) i7-8750H CPU @ 2.20GHz
stepping	: 10
microcode	: 0xca
cpu MHz		: 2506.780
cache size	: 9216 KB
physical id	: 0
siblings	: 12
core id		: 2
cpu cores	: 6
apicid		: 4
initial apicid	: 4
fpu		: yes
fpu_exception	: yes
cpuid level	: 22
wp		: yes
flags		: fpu vme de pse tsc msr pae mce cx8 apic sep mtrr pge mca cmov pat pse36 clflush dts acpi mmx fxsr sse sse2 ss ht tm pbe syscall nx pdpe1gb rdtscp lm constant_tsc art arch_perfmon pebs bts rep_good nopl xtopology nonstop_tsc cpuid aperfmperf pni pclmulqdq dtes64 monitor ds_cpl vmx est tm2 ssse3 sdbg fma cx16 xtpr pdcm pcid sse4_1 sse4_2 x2apic movbe popcnt tsc_deadline_timer aes xsave avx f16c rdrand lahf_lm abm 3dnowprefetch cpuid_fault epb invpcid_single pti ssbd ibrs ibpb stibp tpr_shadow vnmi flexpriority ept vpid ept_ad fsgsbase tsc_adjust bmi1 avx2 smep bmi2 erms invpcid mpx rdseed adx smap clflushopt intel_pt xsaveopt xsavec xgetbv1 xsaves dtherm ida arat pln pts hwp hwp_notify hwp_act_window hwp_epp md_clear flush_l1d
bugs		: cpu_meltdown spectre_v1 spectre_v2 spec_store_bypass l1tf mds swapgs itlb_multihit
bogomips	: 4399.99
clflush size	: 64
cache_alignment	: 64
address sizes	: 39 bits physical, 48 bits virtual
power management:

processor	: 3
vendor_id	: GenuineIntel
cpu family	: 6
model		: 158
model name	: Intel(R) Core(TM) i7-8750H CPU @ 2.20GHz
stepping	: 10
microcode	: 0xca
cpu MHz		: 3610.048
cache size	: 9216 KB
physical id	: 0
siblings	: 12
core id		: 3
cpu cores	: 6
apicid		: 6
initial apicid	: 6
fpu		: yes
fpu_exception	: yes
cpuid level	: 22
wp		: yes
flags		: fpu vme de pse tsc msr pae mce cx8 apic sep mtrr pge mca cmov pat pse36 clflush dts acpi mmx fxsr sse sse2 ss ht tm pbe syscall nx pdpe1gb rdtscp lm constant_tsc art arch_perfmon pebs bts rep_good nopl xtopology nonstop_tsc cpuid aperfmperf pni pclmulqdq dtes64 monitor ds_cpl vmx est tm2 ssse3 sdbg fma cx16 xtpr pdcm pcid sse4_1 sse4_2 x2apic movbe popcnt tsc_deadline_timer aes xsave avx f16c rdrand lahf_lm abm 3dnowprefetch cpuid_fault epb invpcid_single pti ssbd ibrs ibpb stibp tpr_shadow vnmi flexpriority ept vpid ept_ad fsgsbase tsc_adjust bmi1 avx2 smep bmi2 erms invpcid mpx rdseed adx smap clflushopt intel_pt xsaveopt xsavec xgetbv1 xsaves dtherm ida arat pln pts hwp hwp_notify hwp_act_window hwp_epp md_clear flush_l1d
bugs		: cpu_meltdown spectre_v1 spectre_v2 spec_store_bypass l1tf mds swapgs itlb_multihit
bogomips	: 4399.99
clflush size	: 64
cache_alignment	: 64
address sizes	: 39 bits physical, 48 bits virtual
power management:

processor	: 4
vendor_id	: GenuineIntel
cpu family	: 6
model		: 158
model name	: Intel(R) Core(TM) i7-8750H CPU @ 2.20GHz
stepping	: 10
microcode	: 0xca
cpu MHz		: 2127.901
cache size	: 9216 KB
physical id	: 0
siblings	: 12
core id		: 4
cpu cores	: 6
apicid		: 8
initial apicid	: 8
fpu		: yes
fpu_exception	: yes
cpuid level	: 22
wp		: yes
flags		: fpu vme de pse tsc msr pae mce cx8 apic sep mtrr pge mca cmov pat pse36 clflush dts acpi mmx fxsr sse sse2 ss ht tm pbe syscall nx pdpe1gb rdtscp lm constant_tsc art arch_perfmon pebs bts rep_good nopl xtopology nonstop_tsc cpuid aperfmperf pni pclmulqdq dtes64 monitor ds_cpl vmx est tm2 ssse3 sdbg fma cx16 xtpr pdcm pcid sse4_1 sse4_2 x2apic movbe popcnt tsc_deadline_timer aes xsave avx f16c rdrand lahf_lm abm 3dnowprefetch cpuid_fault epb invpcid_single pti ssbd ibrs ibpb stibp tpr_shadow vnmi flexpriority ept vpid ept_ad fsgsbase tsc_adjust bmi1 avx2 smep bmi2 erms invpcid mpx rdseed adx smap clflushopt intel_pt xsaveopt xsavec xgetbv1 xsaves dtherm ida arat pln pts hwp hwp_notify hwp_act_window hwp_epp md_clear flush_l1d
bugs		: cpu_meltdown spectre_v1 spectre_v2 spec_store_bypass l1tf mds swapgs itlb_multihit
bogomips	: 4399.99
clflush size	: 64
cache_alignment	: 64
address sizes	: 39 bits physical, 48 bits virtual
power management:

processor	: 5
vendor_id	: GenuineIntel
cpu family	: 6
model		: 158
model name	: Intel(R) Core(TM) i7-8750H CPU @ 2.20GHz
stepping	: 10
microcode	: 0xca
cpu MHz		: 2395.783
cache size	: 9216 KB
physical id	: 0
siblings	: 12
core id		: 5
cpu cores	: 6
apicid		: 10
initial apicid	: 10
fpu		: yes
fpu_exception	: yes
cpuid level	: 22
wp		: yes
flags		: fpu vme de pse tsc msr pae mce cx8 apic sep mtrr pge mca cmov pat pse36 clflush dts acpi mmx fxsr sse sse2 ss ht tm pbe syscall nx pdpe1gb rdtscp lm constant_tsc art arch_perfmon pebs bts rep_good nopl xtopology nonstop_tsc cpuid aperfmperf pni pclmulqdq dtes64 monitor ds_cpl vmx est tm2 ssse3 sdbg fma cx16 xtpr pdcm pcid sse4_1 sse4_2 x2apic movbe popcnt tsc_deadline_timer aes xsave avx f16c rdrand lahf_lm abm 3dnowprefetch cpuid_fault epb invpcid_single pti ssbd ibrs ibpb stibp tpr_shadow vnmi flexpriority ept vpid ept_ad fsgsbase tsc_adjust bmi1 avx2 smep bmi2 erms invpcid mpx rdseed adx smap clflushopt intel_pt xsaveopt xsavec xgetbv1 xsaves dtherm ida arat pln pts hwp hwp_notify hwp_act_window hwp_epp md_clear flush_l1d
bugs		: cpu_meltdown spectre_v1 spectre_v2 spec_store_bypass l1tf mds swapgs itlb_multihit
bogomips	: 4399.99
clflush size	: 64
cache_alignment	: 64
address sizes	: 39 bits physical, 48 bits virtual
power management:

processor	: 6
vendor_id	: GenuineIntel
cpu family	: 6
model		: 158
model name	: Intel(R) Core(TM) i7-8750H CPU @ 2.20GHz
stepping	: 10
microcode	: 0xca
cpu MHz		: 3240.909
cache size	: 9216 KB
physical id	: 0
siblings	: 12
core id		: 0
cpu cores	: 6
apicid		: 1
initial apicid	: 1
fpu		: yes
fpu_exception	: yes
cpuid level	: 22
wp		: yes
flags		: fpu vme de pse tsc msr pae mce cx8 apic sep mtrr pge mca cmov pat pse36 clflush dts acpi mmx fxsr sse sse2 ss ht tm pbe syscall nx pdpe1gb rdtscp lm constant_tsc art arch_perfmon pebs bts rep_good nopl xtopology nonstop_tsc cpuid aperfmperf pni pclmulqdq dtes64 monitor ds_cpl vmx est tm2 ssse3 sdbg fma cx16 xtpr pdcm pcid sse4_1 sse4_2 x2apic movbe popcnt tsc_deadline_timer aes xsave avx f16c rdrand lahf_lm abm 3dnowprefetch cpuid_fault epb invpcid_single pti ssbd ibrs ibpb stibp tpr_shadow vnmi flexpriority ept vpid ept_ad fsgsbase tsc_adjust bmi1 avx2 smep bmi2 erms invpcid mpx rdseed adx smap clflushopt intel_pt xsaveopt xsavec xgetbv1 xsaves dtherm ida arat pln pts hwp hwp_notify hwp_act_window hwp_epp md_clear flush_l1d
bugs		: cpu_meltdown spectre_v1 spectre_v2 spec_store_bypass l1tf mds swapgs itlb_multihit
bogomips	: 4399.99
clflush size	: 64
cache_alignment	: 64
address sizes	: 39 bits physical, 48 bits virtual
power management:

processor	: 7
vendor_id	: GenuineIntel
cpu family	: 6
model		: 158
model name	: Intel(R) Core(TM) i7-8750H CPU @ 2.20GHz
stepping	: 10
microcode	: 0xca
cpu MHz		: 1761.270
cache size	: 9216 KB
physical id	: 0
siblings	: 12
core id		: 1
cpu cores	: 6
apicid		: 3
initial apicid	: 3
fpu		: yes
fpu_exception	: yes
cpuid level	: 22
wp		: yes
flags		: fpu vme de pse tsc msr pae mce cx8 apic sep mtrr pge mca cmov pat pse36 clflush dts acpi mmx fxsr sse sse2 ss ht tm pbe syscall nx pdpe1gb rdtscp lm constant_tsc art arch_perfmon pebs bts rep_good nopl xtopology nonstop_tsc cpuid aperfmperf pni pclmulqdq dtes64 monitor ds_cpl vmx est tm2 ssse3 sdbg fma cx16 xtpr pdcm pcid sse4_1 sse4_2 x2apic movbe popcnt tsc_deadline_timer aes xsave avx f16c rdrand lahf_lm abm 3dnowprefetch cpuid_fault epb invpcid_single pti ssbd ibrs ibpb stibp tpr_shadow vnmi flexpriority ept vpid ept_ad fsgsbase tsc_adjust bmi1 avx2 smep bmi2 erms invpcid mpx rdseed adx smap clflushopt intel_pt xsaveopt xsavec xgetbv1 xsaves dtherm ida arat pln pts hwp hwp_notify hwp_act_window hwp_epp md_clear flush_l1d
bugs		: cpu_meltdown spectre_v1 spectre_v2 spec_store_bypass l1tf mds swapgs itlb_multihit
bogomips	: 4399.99
clflush size	: 64
cache_alignment	: 64
address sizes	: 39 bits physical, 48 bits virtual
power management:

processor	: 8
vendor_id	: GenuineIntel
cpu family	: 6
model		: 158
model name	: Intel(R) Core(TM) i7-8750H CPU @ 2.20GHz
stepping	: 10
microcode	: 0xca
cpu MHz		: 2529.094
cache size	: 9216 KB
physical id	: 0
siblings	: 12
core id		: 2
cpu cores	: 6
apicid		: 5
initial apicid	: 5
fpu		: yes
fpu_exception	: yes
cpuid level	: 22
wp		: yes
flags		: fpu vme de pse tsc msr pae mce cx8 apic sep mtrr pge mca cmov pat pse36 clflush dts acpi mmx fxsr sse sse2 ss ht tm pbe syscall nx pdpe1gb rdtscp lm constant_tsc art arch_perfmon pebs bts rep_good nopl xtopology nonstop_tsc cpuid aperfmperf pni pclmulqdq dtes64 monitor ds_cpl vmx est tm2 ssse3 sdbg fma cx16 xtpr pdcm pcid sse4_1 sse4_2 x2apic movbe popcnt tsc_deadline_timer aes xsave avx f16c rdrand lahf_lm abm 3dnowprefetch cpuid_fault epb invpcid_single pti ssbd ibrs ibpb stibp tpr_shadow vnmi flexpriority ept vpid ept_ad fsgsbase tsc_adjust bmi1 avx2 smep bmi2 erms invpcid mpx rdseed adx smap clflushopt intel_pt xsaveopt xsavec xgetbv1 xsaves dtherm ida arat pln pts hwp hwp_notify hwp_act_window hwp_epp md_clear flush_l1d
bugs		: cpu_meltdown spectre_v1 spectre_v2 spec_store_bypass l1tf mds swapgs itlb_multihit
bogomips	: 4399.99
clflush size	: 64
cache_alignment	: 64
address sizes	: 39 bits physical, 48 bits virtual
power management:

processor	: 9
vendor_id	: GenuineIntel
cpu family	: 6
model		: 158
model name	: Intel(R) Core(TM) i7-8750H CPU @ 2.20GHz
stepping	: 10
microcode	: 0xca
cpu MHz		: 1679.188
cache size	: 9216 KB
physical id	: 0
siblings	: 12
core id		: 3
cpu cores	: 6
apicid		: 7
initial apicid	: 7
fpu		: yes
fpu_exception	: yes
cpuid level	: 22
wp		: yes
flags		: fpu vme de pse tsc msr pae mce cx8 apic sep mtrr pge mca cmov pat pse36 clflush dts acpi mmx fxsr sse sse2 ss ht tm pbe syscall nx pdpe1gb rdtscp lm constant_tsc art arch_perfmon pebs bts rep_good nopl xtopology nonstop_tsc cpuid aperfmperf pni pclmulqdq dtes64 monitor ds_cpl vmx est tm2 ssse3 sdbg fma cx16 xtpr pdcm pcid sse4_1 sse4_2 x2apic movbe popcnt tsc_deadline_timer aes xsave avx f16c rdrand lahf_lm abm 3dnowprefetch cpuid_fault epb invpcid_single pti ssbd ibrs ibpb stibp tpr_shadow vnmi flexpriority ept vpid ept_ad fsgsbase tsc_adjust bmi1 avx2 smep bmi2 erms invpcid mpx rdseed adx smap clflushopt intel_pt xsaveopt xsavec xgetbv1 xsaves dtherm ida arat pln pts hwp hwp_notify hwp_act_window hwp_epp md_clear flush_l1d
bugs		: cpu_meltdown spectre_v1 spectre_v2 spec_store_bypass l1tf mds swapgs itlb_multihit
bogomips	: 4399.99
clflush size	: 64
cache_alignment	: 64
address sizes	: 39 bits physical, 48 bits virtual
power management:

processor	: 10
vendor_id	: GenuineIntel
cpu family	: 6
model		: 158
model name	: Intel(R) Core(TM) i7-8750H CPU @ 2.20GHz
stepping	: 10
microcode	: 0xca
cpu MHz		: 1532.016
cache size	: 9216 KB
physical id	: 0
siblings	: 12
core id		: 4
cpu cores	: 6
apicid		: 9
initial apicid	: 9
fpu		: yes
fpu_exception	: yes
cpuid level	: 22
wp		: yes
flags		: fpu vme de pse tsc msr pae mce cx8 apic sep mtrr pge mca cmov pat pse36 clflush dts acpi mmx fxsr sse sse2 ss ht tm pbe syscall nx pdpe1gb rdtscp lm constant_tsc art arch_perfmon pebs bts rep_good nopl xtopology nonstop_tsc cpuid aperfmperf pni pclmulqdq dtes64 monitor ds_cpl vmx est tm2 ssse3 sdbg fma cx16 xtpr pdcm pcid sse4_1 sse4_2 x2apic movbe popcnt tsc_deadline_timer aes xsave avx f16c rdrand lahf_lm abm 3dnowprefetch cpuid_fault epb invpcid_single pti ssbd ibrs ibpb stibp tpr_shadow vnmi flexpriority ept vpid ept_ad fsgsbase tsc_adjust bmi1 avx2 smep bmi2 erms invpcid mpx rdseed adx smap clflushopt intel_pt xsaveopt xsavec xgetbv1 xsaves dtherm ida arat pln pts hwp hwp_notify hwp_act_window hwp_epp md_clear flush_l1d
bugs		: cpu_meltdown spectre_v1 spectre_v2 spec_store_bypass l1tf mds swapgs itlb_multihit
bogomips	: 4399.99
clflush size	: 64
cache_alignment	: 64
address sizes	: 39 bits physical, 48 bits virtual
power management:

processor	: 11
vendor_id	: GenuineIntel
cpu family	: 6
model		: 158
model name	: Intel(R) Core(TM) i7-8750H CPU @ 2.20GHz
stepping	: 10
microcode	: 0xca
cpu MHz		: 2401.275
cache size	: 9216 KB
physical id	: 0
siblings	: 12
core id		: 5
cpu cores	: 6
apicid		: 11
initial apicid	: 11
fpu		: yes
fpu_exception	: yes
cpuid level	: 22
wp		: yes
flags		: fpu vme de pse tsc msr pae mce cx8 apic sep mtrr pge mca cmov pat pse36 clflush dts acpi mmx fxsr sse sse2 ss ht tm pbe syscall nx pdpe1gb rdtscp lm constant_tsc art arch_perfmon pebs bts rep_good nopl xtopology nonstop_tsc cpuid aperfmperf pni pclmulqdq dtes64 monitor ds_cpl vmx est tm2 ssse3 sdbg fma cx16 xtpr pdcm pcid sse4_1 sse4_2 x2apic movbe popcnt tsc_deadline_timer aes xsave avx f16c rdrand lahf_lm abm 3dnowprefetch cpuid_fault epb invpcid_single pti ssbd ibrs ibpb stibp tpr_shadow vnmi flexpriority ept vpid ept_ad fsgsbase tsc_adjust bmi1 avx2 smep bmi2 erms invpcid mpx rdseed adx smap clflushopt intel_pt xsaveopt xsavec xgetbv1 xsaves dtherm ida arat pln pts hwp hwp_notify hwp_act_window hwp_epp md_clear flush_l1d
bugs		: cpu_meltdown spectre_v1 spectre_v2 spec_store_bypass l1tf mds swapgs itlb_multihit
bogomips	: 4399.99
clflush size	: 64
cache_alignment	: 64
address sizes	: 39 bits physical, 48 bits virtual
power management:



Memory: 4k page, physical 32713520k(28208868k free), swap 2097148k(2097148k free)

vm_info: OpenJDK 64-Bit Server VM (25.222-b10) for linux-amd64 JRE (1.8.0_222-8u222-b10-1ubuntu1~18.04.1-b10), built on Jul 18 2019 18:52:48 by "buildd" with gcc 7.4.0

time: Sat Nov 30 15:23:47 2019
timezone: CST
elapsed time: 1 seconds (0d 0h 0m 1s)

