#
# A fatal error has been detected by the Java Runtime Environment:
#
#  SIGSEGV (0xb) at pc=0x00007ff6b6ee9fc0, pid=29454, tid=0x00007ff73bd2f700
#
# JRE version: OpenJDK Runtime Environment (8.0_242-b08) (build 1.8.0_242-8u242-b08-0ubuntu3~18.04-b08)
# Java VM: OpenJDK 64-Bit Server VM (25.242-b08 mixed mode linux-amd64 compressed oops)
# Problematic frame:
# C  [libnvidia-glcore.so.440.31+0xf69fc0]
#
# Failed to write core dump. Core dumps have been disabled. To enable core dumping, try "ulimit -c unlimited" before starting Java again
#
# If you would like to submit a bug report, please visit:
#   http://bugreport.java.com/bugreport/crash.jsp
# The crash happened outside the Java Virtual Machine in native code.
# See problematic frame for where to report the bug.
#

---------------  T H R E A D  ---------------

Current thread (0x00007ff73400b800):  JavaThread "main" [_thread_in_native, id=29459, stack(0x00007ff73bc30000,0x00007ff73bd30000)]

siginfo: si_signo: 11 (SIGSEGV), si_code: 1 (SEGV_MAPERR), si_addr: 0x0000000000000000

Registers:
RAX=0x00007ff73413c668, RBX=0x00007ff73413c338, RCX=0x0000000000000362, RDX=0x0000000000000008
RSP=0x00007ff73bd2e228, RBP=0x00007ff7346892f0, RSI=0x0000000000000000, RDI=0x00007ff6b3b9d7bc
R8 =0x00007ff6b3b9d7bc, R9 =0x0000000000000362, R10=0x0000000000000000, R11=0x0000000000000000
R12=0x00007ff73413c940, R13=0x00007ff734633f60, R14=0x00007ff734633f50, R15=0x00007ff6b4e05188
RIP=0x00007ff6b6ee9fc0, EFLAGS=0x0000000000010246, CSGSFS=0x002b000000000033, ERR=0x0000000000000004
  TRAPNO=0x000000000000000e

Top of Stack: (sp=0x00007ff73bd2e228)
0x00007ff73bd2e228:   00007ff6b6fbe7c3 00007ff73413c698
0x00007ff73bd2e238:   0000000000000004 0000000000000007
0x00007ff73bd2e248:   000000000013c698 0000000000000362
0x00007ff73bd2e258:   000000004113e000 00007ff6b3b9d7bc
0x00007ff73bd2e268:   00007ff6b6ee9fb0 000000010701bb64
0x00007ff73bd2e278:   00007ff73413c338 00007ff700000000
0x00007ff73bd2e288:   00007ff6b6a1d84e 00007ff7355f1400
0x00007ff73bd2e298:   00000007b6df4c94 0000000100000001
0x00007ff73bd2e2a8:   00007ff73413c668 00007ff734690150
0x00007ff73bd2e2b8:   0000000000000001 0000000000003083
0x00007ff73bd2e2c8:   10c0000000000000 0000000000003083
0x00007ff73bd2e2d8:   10c0000000000000 0000002000000000
0x00007ff73bd2e2e8:   0000000000000000 000000004113e000
0x00007ff73bd2e2f8:   00007ff73413c940 00007ff734633f60
0x00007ff73bd2e308:   00007ff734633f50 0000000041194bf0
0x00007ff73bd2e318:   00007ff6b6fd03bc 00007ff73bd2e3ec
0x00007ff73bd2e328:   00007ff73bd2e3e8 0000140500003083
0x00007ff73bd2e338:   ffffffff00001440 0000000400000000
0x00007ff73bd2e348:   000000004113e210 00007ff7346892f0
0x00007ff73bd2e358:   00007ff6b6fec415 000000004113e001
0x00007ff73bd2e368:   00007ff73bd2f700 0000000000003083
0x00007ff73bd2e378:   00c0000000000000 000000003bd2e400
0x00007ff73bd2e388:   00000002b6dfb4de 0000000000000000
0x00007ff73bd2e398:   0000000000c00000 00007ff734633f60
0x00007ff73bd2e3a8:   0000000000000000 0000000000000000
0x00007ff73bd2e3b8:   0000000000003083 000000004113e001
0x00007ff73bd2e3c8:   00007ff73bd2f700 0000000000003083
0x00007ff73bd2e3d8:   00c0000000000000 0000000000003083
0x00007ff73bd2e3e8:   0000000000000362 00c0000000000000
0x00007ff73bd2e3f8:   00007ff7346892f0 00007ff734633f60
0x00007ff73bd2e408:   00007ff734633f50 000000004113e000
0x00007ff73bd2e418:   00007ff73413c338 0000000000000000 

Instructions: (pc=0x00007ff6b6ee9fc0)
0x00007ff6b6ee9fa0:   ef 8d 41 ff 48 8d 44 87 04 c3 90 90 90 90 90 90
0x00007ff6b6ee9fb0:   48 63 d2 49 89 f8 41 89 c9 0f 1f 80 00 00 00 00
0x00007ff6b6ee9fc0:   8b 06 41 89 00 8b 46 04 48 01 d6 41 89 40 04 49
0x00007ff6b6ee9fd0:   83 c0 08 41 ff c9 75 e8 8d 41 ff 48 8d 44 c7 08 

Register to memory mapping:

RAX=0x00007ff73413c668 is an unknown value
RBX=0x00007ff73413c338 is an unknown value
RCX=0x0000000000000362 is an unknown value
RDX=0x0000000000000008 is an unknown value
RSP=0x00007ff73bd2e228 is pointing into the stack for thread: 0x00007ff73400b800
RBP=0x00007ff7346892f0 is an unknown value
RSI=0x0000000000000000 is an unknown value
RDI=0x00007ff6b3b9d7bc is an unknown value
R8 =0x00007ff6b3b9d7bc is an unknown value
R9 =0x0000000000000362 is an unknown value
R10=0x0000000000000000 is an unknown value
R11=0x0000000000000000 is an unknown value
R12=0x00007ff73413c940 is an unknown value
R13=0x00007ff734633f60 is an unknown value
R14=0x00007ff734633f50 is an unknown value
R15=0x00007ff6b4e05188 is an unknown value


Stack: [0x00007ff73bc30000,0x00007ff73bd30000],  sp=0x00007ff73bd2e228,  free space=1016k
Native frames: (J=compiled Java code, j=interpreted, Vv=VM code, C=native code)
C  [libnvidia-glcore.so.440.31+0xf69fc0]

Java frames: (J=compiled Java code, j=interpreted, Vv=VM code)
J 1103  org.lwjgl.opengl.GL11C.nglDrawElements(IIIJ)V (0 bytes) @ 0x00007ff72544394a [0x00007ff725443900+0x4a]
J 1118 C2 org.lwjgl.opengl.GL11.glDrawElements(IIIJ)V (8 bytes) @ 0x00007ff72544e974 [0x00007ff72544e960+0x14]
j  terrain.PlanetRenderer.render(Lmodels/Mesh;Ljava/util/List;)V+53
j  rendering.MasterRenderer.render()V+629
j  misc.Game.render()V+52
j  main.Main.main([Ljava/lang/String;)V+45
v  ~StubRoutines::call_stub

---------------  P R O C E S S  ---------------

Java Threads: ( => current thread )
  0x00007ff7340d8000 JavaThread "Service Thread" daemon [_thread_blocked, id=29478, stack(0x00007ff6e631e000,0x00007ff6e641f000)]
  0x00007ff7340cc800 JavaThread "C1 CompilerThread3" daemon [_thread_blocked, id=29477, stack(0x00007ff6e6420000,0x00007ff6e6520000)]
  0x00007ff7340ca800 JavaThread "C2 CompilerThread2" daemon [_thread_blocked, id=29476, stack(0x00007ff6e6521000,0x00007ff6e6621000)]
  0x00007ff7340c9000 JavaThread "C2 CompilerThread1" daemon [_thread_blocked, id=29475, stack(0x00007ff6e6622000,0x00007ff6e6722000)]
  0x00007ff7340c6000 JavaThread "C2 CompilerThread0" daemon [_thread_blocked, id=29474, stack(0x00007ff6e6723000,0x00007ff6e6823000)]
  0x00007ff7340c2000 JavaThread "Signal Dispatcher" daemon [_thread_blocked, id=29473, stack(0x00007ff6e6823000,0x00007ff6e6924000)]
  0x00007ff734093800 JavaThread "Finalizer" daemon [_thread_blocked, id=29472, stack(0x00007ff6e72f3000,0x00007ff6e73f4000)]
  0x00007ff73408f000 JavaThread "Reference Handler" daemon [_thread_blocked, id=29471, stack(0x00007ff6e73f4000,0x00007ff6e74f5000)]
=>0x00007ff73400b800 JavaThread "main" [_thread_in_native, id=29459, stack(0x00007ff73bc30000,0x00007ff73bd30000)]

Other Threads:
  0x00007ff734085800 VMThread [stack: 0x00007ff6e74f6000,0x00007ff6e75f6000] [id=29470]
  0x00007ff7340da800 WatcherThread [stack: 0x00007ff6e621e000,0x00007ff6e631e000] [id=29479]

VM state:not at safepoint (normal execution)

VM Mutex/Monitor currently owned by a thread: None

heap address: 0x00000005ccc00000, size: 7988 MB, Compressed Oops mode: Zero based, Oop shift amount: 3
Narrow klass base: 0x0000000000000000, Narrow klass shift: 3
Compressed class space size: 1073741824 Address: 0x00000007c0000000

Heap:
 PSYoungGen      total 149504K, used 48204K [0x0000000719980000, 0x0000000724000000, 0x00000007c0000000)
  eden space 128512K, 33% used [0x0000000719980000,0x000000071c40c9d8,0x0000000721700000)
  from space 20992K, 22% used [0x0000000721700000,0x0000000721b868b0,0x0000000722b80000)
  to   space 20992K, 0% used [0x0000000722b80000,0x0000000722b80000,0x0000000724000000)
 ParOldGen       total 341504K, used 88K [0x00000005ccc00000, 0x00000005e1980000, 0x0000000719980000)
  object space 341504K, 0% used [0x00000005ccc00000,0x00000005ccc16010,0x00000005e1980000)
 Metaspace       used 11420K, capacity 11603K, committed 11776K, reserved 1060864K
  class space    used 921K, capacity 1006K, committed 1024K, reserved 1048576K

Card table byte_map: [0x00007ff724065000,0x00007ff725000000] byte_map_base: 0x00007ff7211ff000

Marking Bits: (ParMarkBitMap*) 0x00007ff73aeca3e0
 Begin Bits: [0x00007ff6ec660000, 0x00007ff6f4330000)
 End Bits:   [0x00007ff6f4330000, 0x00007ff6fc000000)

Polling page: 0x00007ff73bd4b000

CodeCache: size=245760Kb used=4475Kb max_used=4488Kb free=241284Kb
 bounds [0x00007ff725000000, 0x00007ff725470000, 0x00007ff734000000]
 total_blobs=2054 nmethods=1134 adapters=835
 compilation: enabled

Compilation events (10 events):
Event: 2.069 Thread 0x00007ff7340cc800 nmethod 1133 0x00007ff725452fd0 code [0x00007ff725453180, 0x00007ff725453758]
Event: 2.069 Thread 0x00007ff7340cc800 1130       3       models.Entity::update (29 bytes)
Event: 2.069 Thread 0x00007ff7340cc800 nmethod 1130 0x00007ff72545ac50 code [0x00007ff72545ade0, 0x00007ff72545b1f8]
Event: 2.069 Thread 0x00007ff7340cc800 1131       3       models.Mesh::update (1 bytes)
Event: 2.069 Thread 0x00007ff7340cc800 nmethod 1131 0x00007ff72545a910 code [0x00007ff72545aa60, 0x00007ff72545abb0]
Event: 2.069 Thread 0x00007ff7340cc800 1132       3       math.Transform::checkForUpdates (16 bytes)
Event: 2.069 Thread 0x00007ff7340cc800 nmethod 1132 0x00007ff72545a550 code [0x00007ff72545a6c0, 0x00007ff72545a870]
Event: 2.070 Thread 0x00007ff7340ca800 nmethod 1115 0x00007ff725462110 code [0x00007ff7254624a0, 0x00007ff7254654a0]
Event: 2.070 Thread 0x00007ff7340cc800 1134       3       shaders.BasicShader::setTransformationMatrix (8 bytes)
Event: 2.071 Thread 0x00007ff7340cc800 nmethod 1134 0x00007ff725459c50 code [0x00007ff725459e00, 0x00007ff72545a2e8]

GC Heap History (6 events):
Event: 1.084 GC heap before
{Heap before GC invocations=1 (full 0):
 PSYoungGen      total 149504K, used 128512K [0x0000000719980000, 0x0000000724000000, 0x00000007c0000000)
  eden space 128512K, 100% used [0x0000000719980000,0x0000000721700000,0x0000000721700000)
  from space 20992K, 0% used [0x0000000722b80000,0x0000000722b80000,0x0000000724000000)
  to   space 20992K, 0% used [0x0000000721700000,0x0000000721700000,0x0000000722b80000)
 ParOldGen       total 341504K, used 0K [0x00000005ccc00000, 0x00000005e1980000, 0x0000000719980000)
  object space 341504K, 0% used [0x00000005ccc00000,0x00000005ccc00000,0x00000005e1980000)
 Metaspace       used 10777K, capacity 11057K, committed 11264K, reserved 1058816K
  class space    used 863K, capacity 973K, committed 1024K, reserved 1048576K
Event: 1.091 GC heap after
Heap after GC invocations=1 (full 0):
 PSYoungGen      total 149504K, used 9246K [0x0000000719980000, 0x0000000724000000, 0x00000007c0000000)
  eden space 128512K, 0% used [0x0000000719980000,0x0000000719980000,0x0000000721700000)
  from space 20992K, 44% used [0x0000000721700000,0x0000000722007a20,0x0000000722b80000)
  to   space 20992K, 0% used [0x0000000722b80000,0x0000000722b80000,0x0000000724000000)
 ParOldGen       total 341504K, used 72K [0x00000005ccc00000, 0x00000005e1980000, 0x0000000719980000)
  object space 341504K, 0% used [0x00000005ccc00000,0x00000005ccc12010,0x00000005e1980000)
 Metaspace       used 10777K, capacity 11057K, committed 11264K, reserved 1058816K
  class space    used 863K, capacity 973K, committed 1024K, reserved 1048576K
}
Event: 1.392 GC heap before
{Heap before GC invocations=2 (full 0):
 PSYoungGen      total 149504K, used 136655K [0x0000000719980000, 0x0000000724000000, 0x00000007c0000000)
  eden space 128512K, 99% used [0x0000000719980000,0x00000007215ec4c0,0x0000000721700000)
  from space 20992K, 44% used [0x0000000721700000,0x0000000722007a20,0x0000000722b80000)
  to   space 20992K, 0% used [0x0000000722b80000,0x0000000722b80000,0x0000000724000000)
 ParOldGen       total 341504K, used 72K [0x00000005ccc00000, 0x00000005e1980000, 0x0000000719980000)
  object space 341504K, 0% used [0x00000005ccc00000,0x00000005ccc12010,0x00000005e1980000)
 Metaspace       used 11014K, capacity 11281K, committed 11520K, reserved 1060864K
  class space    used 892K, capacity 1005K, committed 1024K, reserved 1048576K
Event: 1.395 GC heap after
Heap after GC invocations=2 (full 0):
 PSYoungGen      total 149504K, used 4970K [0x0000000719980000, 0x0000000724000000, 0x00000007c0000000)
  eden space 128512K, 0% used [0x0000000719980000,0x0000000719980000,0x0000000721700000)
  from space 20992K, 23% used [0x0000000722b80000,0x000000072305a800,0x0000000724000000)
  to   space 20992K, 0% used [0x0000000721700000,0x0000000721700000,0x0000000722b80000)
 ParOldGen       total 341504K, used 80K [0x00000005ccc00000, 0x00000005e1980000, 0x0000000719980000)
  object space 341504K, 0% used [0x00000005ccc00000,0x00000005ccc14010,0x00000005e1980000)
 Metaspace       used 11014K, capacity 11281K, committed 11520K, reserved 1060864K
  class space    used 892K, capacity 1005K, committed 1024K, reserved 1048576K
}
Event: 2.025 GC heap before
{Heap before GC invocations=3 (full 0):
 PSYoungGen      total 149504K, used 133482K [0x0000000719980000, 0x0000000724000000, 0x00000007c0000000)
  eden space 128512K, 100% used [0x0000000719980000,0x0000000721700000,0x0000000721700000)
  from space 20992K, 23% used [0x0000000722b80000,0x000000072305a800,0x0000000724000000)
  to   space 20992K, 0% used [0x0000000721700000,0x0000000721700000,0x0000000722b80000)
 ParOldGen       total 341504K, used 80K [0x00000005ccc00000, 0x00000005e1980000, 0x0000000719980000)
  object space 341504K, 0% used [0x00000005ccc00000,0x00000005ccc14010,0x00000005e1980000)
 Metaspace       used 11365K, capacity 11539K, committed 11776K, reserved 1060864K
  class space    used 918K, capacity 1006K, committed 1024K, reserved 1048576K
Event: 2.028 GC heap after
Heap after GC invocations=3 (full 0):
 PSYoungGen      total 149504K, used 4634K [0x0000000719980000, 0x0000000724000000, 0x00000007c0000000)
  eden space 128512K, 0% used [0x0000000719980000,0x0000000719980000,0x0000000721700000)
  from space 20992K, 22% used [0x0000000721700000,0x0000000721b868b0,0x0000000722b80000)
  to   space 20992K, 0% used [0x0000000722b80000,0x0000000722b80000,0x0000000724000000)
 ParOldGen       total 341504K, used 88K [0x00000005ccc00000, 0x00000005e1980000, 0x0000000719980000)
  object space 341504K, 0% used [0x00000005ccc00000,0x00000005ccc16010,0x00000005e1980000)
 Metaspace       used 11365K, capacity 11539K, committed 11776K, reserved 1060864K
  class space    used 918K, capacity 1006K, committed 1024K, reserved 1048576K
}

Deoptimization events (10 events):
Event: 0.892 Thread 0x00007ff73400b800 Uncommon trap: reason=class_check action=maybe_recompile pc=0x00007ff7252ee808 method=sun.misc.FloatingDecimal.parseFloat(Ljava/lang/String;)F @ 4
Event: 0.918 Thread 0x00007ff73400b800 Uncommon trap: reason=class_check action=maybe_recompile pc=0x00007ff7252ee808 method=sun.misc.FloatingDecimal.parseFloat(Ljava/lang/String;)F @ 4
Event: 0.943 Thread 0x00007ff73400b800 Uncommon trap: reason=class_check action=maybe_recompile pc=0x00007ff7252ee808 method=sun.misc.FloatingDecimal.parseFloat(Ljava/lang/String;)F @ 4
Event: 0.943 Thread 0x00007ff73400b800 Uncommon trap: reason=class_check action=maybe_recompile pc=0x00007ff7252ee808 method=sun.misc.FloatingDecimal.parseFloat(Ljava/lang/String;)F @ 4
Event: 1.386 Thread 0x00007ff73400b800 Uncommon trap: reason=unstable_if action=reinterpret pc=0x00007ff7251b9ac0 method=java.lang.String.indexOf([CII[CIII)I @ 3
Event: 1.387 Thread 0x00007ff73400b800 Uncommon trap: reason=class_check action=maybe_recompile pc=0x00007ff7252fead8 method=java.util.Arrays.copyOf([Ljava/lang/Object;ILjava/lang/Class;)[Ljava/lang/Object; @ 24
Event: 1.473 Thread 0x00007ff73400b800 Uncommon trap: reason=unstable_if action=reinterpret pc=0x00007ff7253c0e78 method=sun.security.provider.NativePRNG$RandomIO.ensureBufferValid()V @ 57
Event: 1.604 Thread 0x00007ff73400b800 Uncommon trap: reason=unstable_if action=reinterpret pc=0x00007ff7253f3e98 method=terrain.TerrainMesh.getVertexNormals([F[I)[F @ 211
Event: 1.835 Thread 0x00007ff73400b800 Uncommon trap: reason=predicate action=maybe_recompile pc=0x00007ff7253e9c2c method=java.util.ArrayList.indexOf(Ljava/lang/Object;)I @ 44
Event: 1.835 Thread 0x00007ff73400b800 Uncommon trap: reason=predicate action=maybe_recompile pc=0x00007ff7253d2a70 method=java.util.ArrayList.indexOf(Ljava/lang/Object;)I @ 44

Classes redefined (0 events):
No events

Internal exceptions (10 events):
Event: 0.213 Thread 0x00007ff73400b800 Exception <a 'java/security/PrivilegedActionException'> (0x0000000719f7e758) thrown at [/build/openjdk-8-58sEEn/openjdk-8-8u242-b08/src/hotspot/src/share/vm/prims/jvm.cpp, line 1502]
Event: 0.214 Thread 0x00007ff73400b800 Exception <a 'java/security/PrivilegedActionException'> (0x0000000719f7e968) thrown at [/build/openjdk-8-58sEEn/openjdk-8-8u242-b08/src/hotspot/src/share/vm/prims/jvm.cpp, line 1502]
Event: 0.214 Thread 0x00007ff73400b800 Exception <a 'java/security/PrivilegedActionException'> (0x0000000719f809f0) thrown at [/build/openjdk-8-58sEEn/openjdk-8-8u242-b08/src/hotspot/src/share/vm/prims/jvm.cpp, line 1502]
Event: 0.214 Thread 0x00007ff73400b800 Exception <a 'java/security/PrivilegedActionException'> (0x0000000719f80c00) thrown at [/build/openjdk-8-58sEEn/openjdk-8-8u242-b08/src/hotspot/src/share/vm/prims/jvm.cpp, line 1502]
Event: 0.214 Thread 0x00007ff73400b800 Exception <a 'java/security/PrivilegedActionException'> (0x0000000719f816d8) thrown at [/build/openjdk-8-58sEEn/openjdk-8-8u242-b08/src/hotspot/src/share/vm/prims/jvm.cpp, line 1502]
Event: 0.214 Thread 0x00007ff73400b800 Exception <a 'java/security/PrivilegedActionException'> (0x0000000719f818e8) thrown at [/build/openjdk-8-58sEEn/openjdk-8-8u242-b08/src/hotspot/src/share/vm/prims/jvm.cpp, line 1502]
Event: 0.228 Thread 0x00007ff73400b800 Exception <a 'sun/nio/fs/UnixException'> (0x0000000719faea10) thrown at [/build/openjdk-8-58sEEn/openjdk-8-8u242-b08/src/hotspot/src/share/vm/prims/jni.cpp, line 710]
Event: 0.235 Thread 0x00007ff73400b800 Exception <a 'sun/nio/fs/UnixException'> (0x0000000719fbef90) thrown at [/build/openjdk-8-58sEEn/openjdk-8-8u242-b08/src/hotspot/src/share/vm/prims/jni.cpp, line 710]
Event: 0.389 Thread 0x00007ff73400b800 Exception <a 'sun/nio/fs/UnixException'> (0x000000071a12f210) thrown at [/build/openjdk-8-58sEEn/openjdk-8-8u242-b08/src/hotspot/src/share/vm/prims/jni.cpp, line 710]
Event: 0.391 Thread 0x00007ff73400b800 Exception <a 'sun/nio/fs/UnixException'> (0x000000071a1372a8) thrown at [/build/openjdk-8-58sEEn/openjdk-8-8u242-b08/src/hotspot/src/share/vm/prims/jni.cpp, line 710]

Events (10 events):
Event: 2.041 loading class particles/Particle
Event: 2.041 loading class particles/Particle done
Event: 2.042 loading class particles/CircularEmission
Event: 2.042 loading class particles/CircularEmission done
Event: 2.042 loading class particles/ParticleMesh
Event: 2.042 loading class particles/ParticleMesh done
Event: 2.042 loading class org/lwjgl/opengl/GL33C
Event: 2.042 loading class org/lwjgl/opengl/GL33C done
Event: 2.059 loading class particles/ParticleMaster
Event: 2.059 loading class particles/ParticleMaster done


Dynamic libraries:
4113e000-411ed000 rw-p 00000000 00:00 0 
41695000-41697000 r-xs 00000000 103:02 15729223                          /tmp/.glSx2I09 (deleted)
5ccc00000-5e1980000 rw-p 00000000 00:00 0 
5e1980000-719980000 ---p 00000000 00:00 0 
719980000-724000000 rw-p 00000000 00:00 0 
724000000-7c0000000 ---p 00000000 00:00 0 
7c0000000-7c0100000 rw-p 00000000 00:00 0 
7c0100000-800000000 ---p 00000000 00:00 0 
56003b7a0000-56003b7a1000 r-xp 00000000 103:02 9833134                   /usr/lib/jvm/java-8-openjdk-amd64/jre/bin/java
56003b9a0000-56003b9a1000 r--p 00000000 103:02 9833134                   /usr/lib/jvm/java-8-openjdk-amd64/jre/bin/java
56003b9a1000-56003b9a2000 rw-p 00001000 103:02 9833134                   /usr/lib/jvm/java-8-openjdk-amd64/jre/bin/java
56003d8b7000-56003d8d8000 rw-p 00000000 00:00 0                          [heap]
7ff66c000000-7ff66da85000 rw-p 00000000 00:00 0 
7ff66da85000-7ff670000000 ---p 00000000 00:00 0 
7ff674000000-7ff674021000 rw-p 00000000 00:00 0 
7ff674021000-7ff678000000 ---p 00000000 00:00 0 
7ff678000000-7ff678021000 rw-p 00000000 00:00 0 
7ff678021000-7ff67c000000 ---p 00000000 00:00 0 
7ff67c000000-7ff67c021000 rw-p 00000000 00:00 0 
7ff67c021000-7ff680000000 ---p 00000000 00:00 0 
7ff680000000-7ff680021000 rw-p 00000000 00:00 0 
7ff680021000-7ff684000000 ---p 00000000 00:00 0 
7ff684000000-7ff684021000 rw-p 00000000 00:00 0 
7ff684021000-7ff688000000 ---p 00000000 00:00 0 
7ff688000000-7ff688021000 rw-p 00000000 00:00 0 
7ff688021000-7ff68c000000 ---p 00000000 00:00 0 
7ff68c000000-7ff68c021000 rw-p 00000000 00:00 0 
7ff68c021000-7ff690000000 ---p 00000000 00:00 0 
7ff692ffe000-7ff692fff000 ---p 00000000 00:00 0 
7ff692fff000-7ff6937ff000 rw-p 00000000 00:00 0 
7ff6937ff000-7ff693800000 ---p 00000000 00:00 0 
7ff693800000-7ff694000000 rw-p 00000000 00:00 0 
7ff694000000-7ff694021000 rw-p 00000000 00:00 0 
7ff694021000-7ff698000000 ---p 00000000 00:00 0 
7ff698000000-7ff698021000 rw-p 00000000 00:00 0 
7ff698021000-7ff69c000000 ---p 00000000 00:00 0 
7ff69c000000-7ff69c021000 rw-p 00000000 00:00 0 
7ff69c021000-7ff6a0000000 ---p 00000000 00:00 0 
7ff6a0000000-7ff6a0021000 rw-p 00000000 00:00 0 
7ff6a0021000-7ff6a4000000 ---p 00000000 00:00 0 
7ff6a4000000-7ff6a4021000 rw-p 00000000 00:00 0 
7ff6a4021000-7ff6a8000000 ---p 00000000 00:00 0 
7ff6a87f9000-7ff6a87fa000 ---p 00000000 00:00 0 
7ff6a87fa000-7ff6a8ffa000 rw-p 00000000 00:00 0 
7ff6a8ffa000-7ff6a8ffb000 ---p 00000000 00:00 0 
7ff6a8ffb000-7ff6a97fb000 rw-p 00000000 00:00 0 
7ff6a97fb000-7ff6a97fc000 ---p 00000000 00:00 0 
7ff6a97fc000-7ff6a9ffc000 rw-p 00000000 00:00 0 
7ff6a9ffc000-7ff6a9ffd000 ---p 00000000 00:00 0 
7ff6a9ffd000-7ff6aa7fd000 rw-p 00000000 00:00 0 
7ff6aa7fd000-7ff6aa7fe000 ---p 00000000 00:00 0 
7ff6aa7fe000-7ff6aaffe000 rw-p 00000000 00:00 0 
7ff6aaffe000-7ff6aafff000 ---p 00000000 00:00 0 
7ff6aafff000-7ff6ab7ff000 rw-p 00000000 00:00 0 
7ff6ab7ff000-7ff6ab800000 ---p 00000000 00:00 0 
7ff6ab800000-7ff6ac000000 rw-p 00000000 00:00 0 
7ff6ac000000-7ff6aff81000 rw-p 00000000 00:00 0 
7ff6aff81000-7ff6b0000000 ---p 00000000 00:00 0 
7ff6b0442000-7ff6b0443000 ---p 00000000 00:00 0 
7ff6b0443000-7ff6b0c43000 rw-p 00000000 00:00 0 
7ff6b0c43000-7ff6b0c44000 ---p 00000000 00:00 0 
7ff6b0c44000-7ff6b14c4000 rw-p 00000000 00:00 0 
7ff6b14c4000-7ff6b1644000 ---p 00000000 00:00 0 
7ff6b1a44000-7ff6b2a45000 rw-p 00000000 00:00 0 
7ff6b2e45000-7ff6b2e46000 ---p 00000000 00:00 0 
7ff6b2e46000-7ff6b3646000 rw-p 00000000 00:00 0 
7ff6b3646000-7ff6b3a46000 rw-s 00000000 00:06 558                        /dev/nvidiactl
7ff6b3a46000-7ff6b3e46000 rw-s 00000000 00:06 558                        /dev/nvidiactl
7ff6b3e46000-7ff6b4046000 rw-s 00000000 00:06 558                        /dev/nvidiactl
7ff6b4046000-7ff6b4446000 rw-s 00000000 00:06 558                        /dev/nvidiactl
7ff6b4646000-7ff6b4a47000 rw-p 00000000 00:00 0 
7ff6b4c48000-7ff6b4e48000 rw-s 00000000 00:06 558                        /dev/nvidiactl
7ff6b4e48000-7ff6b5048000 rw-p 00000000 00:00 0 
7ff6b5048000-7ff6b50a0000 r-xp 00000000 103:02 15729244                  /tmp/lwjglsam/3.2.3-build-13/liblwjgl_opengl.so
7ff6b50a0000-7ff6b529f000 ---p 00058000 103:02 15729244                  /tmp/lwjglsam/3.2.3-build-13/liblwjgl_opengl.so
7ff6b529f000-7ff6b52a0000 r--p 00057000 103:02 15729244                  /tmp/lwjglsam/3.2.3-build-13/liblwjgl_opengl.so
7ff6b52a0000-7ff6b52a1000 rw-p 00058000 103:02 15729244                  /tmp/lwjglsam/3.2.3-build-13/liblwjgl_opengl.so
7ff6b52a1000-7ff6b52a6000 r-xp 00000000 103:02 9839193                   /usr/lib/x86_64-linux-gnu/libxcb-sync.so.1.0.0
7ff6b52a6000-7ff6b54a6000 ---p 00005000 103:02 9839193                   /usr/lib/x86_64-linux-gnu/libxcb-sync.so.1.0.0
7ff6b54a6000-7ff6b54a7000 r--p 00005000 103:02 9839193                   /usr/lib/x86_64-linux-gnu/libxcb-sync.so.1.0.0
7ff6b54a7000-7ff6b54a8000 rw-p 00006000 103:02 9839193                   /usr/lib/x86_64-linux-gnu/libxcb-sync.so.1.0.0
7ff6b54a8000-7ff6b54aa000 r-xp 00000000 103:02 9839185                   /usr/lib/x86_64-linux-gnu/libxcb-present.so.0.0.0
7ff6b54aa000-7ff6b56a9000 ---p 00002000 103:02 9839185                   /usr/lib/x86_64-linux-gnu/libxcb-present.so.0.0.0
7ff6b56a9000-7ff6b56aa000 r--p 00001000 103:02 9839185                   /usr/lib/x86_64-linux-gnu/libxcb-present.so.0.0.0
7ff6b56aa000-7ff6b56ab000 rw-p 00002000 103:02 9839185                   /usr/lib/x86_64-linux-gnu/libxcb-present.so.0.0.0
7ff6b56ab000-7ff6b56ae000 r-xp 00000000 103:02 9839181                   /usr/lib/x86_64-linux-gnu/libxcb-dri3.so.0.0.0
7ff6b56ae000-7ff6b58ad000 ---p 00003000 103:02 9839181                   /usr/lib/x86_64-linux-gnu/libxcb-dri3.so.0.0.0
7ff6b58ad000-7ff6b58ae000 r--p 00002000 103:02 9839181                   /usr/lib/x86_64-linux-gnu/libxcb-dri3.so.0.0.0
7ff6b58ae000-7ff6b58af000 rw-p 00003000 103:02 9839181                   /usr/lib/x86_64-linux-gnu/libxcb-dri3.so.0.0.0
7ff6b58af000-7ff6b58c7000 r-xp 00000000 103:02 9839183                   /usr/lib/x86_64-linux-gnu/libxcb-glx.so.0.0.0
7ff6b58c7000-7ff6b5ac7000 ---p 00018000 103:02 9839183                   /usr/lib/x86_64-linux-gnu/libxcb-glx.so.0.0.0
7ff6b5ac7000-7ff6b5ac9000 r--p 00018000 103:02 9839183                   /usr/lib/x86_64-linux-gnu/libxcb-glx.so.0.0.0
7ff6b5ac9000-7ff6b5aca000 rw-p 0001a000 103:02 9839183                   /usr/lib/x86_64-linux-gnu/libxcb-glx.so.0.0.0
7ff6b5bca000-7ff6b5bda000 r-xp 00000000 103:02 9835939                   /usr/lib/x86_64-linux-gnu/libdrm.so.2.4.0
7ff6b5bda000-7ff6b5dd9000 ---p 00010000 103:02 9835939                   /usr/lib/x86_64-linux-gnu/libdrm.so.2.4.0
7ff6b5dd9000-7ff6b5dda000 r--p 0000f000 103:02 9835939                   /usr/lib/x86_64-linux-gnu/libdrm.so.2.4.0
7ff6b5dda000-7ff6b5ddb000 rw-p 00010000 103:02 9835939                   /usr/lib/x86_64-linux-gnu/libdrm.so.2.4.0
7ff6b5ddb000-7ff6b5f80000 rw-s 00000000 00:06 558                        /dev/nvidiactl
7ff6b5f80000-7ff6b725b000 r-xp 00000000 103:02 9840523                   /usr/lib/x86_64-linux-gnu/libnvidia-glcore.so.440.31
7ff6b725b000-7ff6b727c000 rwxp 012db000 103:02 9840523                   /usr/lib/x86_64-linux-gnu/libnvidia-glcore.so.440.31
7ff6b727c000-7ff6b778d000 r-xp 012fc000 103:02 9840523                   /usr/lib/x86_64-linux-gnu/libnvidia-glcore.so.440.31
7ff6b778d000-7ff6b798c000 ---p 0180d000 103:02 9840523                   /usr/lib/x86_64-linux-gnu/libnvidia-glcore.so.440.31
7ff6b798c000-7ff6b7cd2000 rw-p 0180c000 103:02 9840523                   /usr/lib/x86_64-linux-gnu/libnvidia-glcore.so.440.31
7ff6b7cd2000-7ff6b7cee000 rw-p 00000000 00:00 0 
7ff6b7cee000-7ff6b7d97000 r-xp 00000000 103:02 9840520                   /usr/lib/x86_64-linux-gnu/libGLX_nvidia.so.440.31
7ff6b7d97000-7ff6b7dcc000 rwxp 000a9000 103:02 9840520                   /usr/lib/x86_64-linux-gnu/libGLX_nvidia.so.440.31
7ff6b7dcc000-7ff6b7ddb000 r-xp 000de000 103:02 9840520                   /usr/lib/x86_64-linux-gnu/libGLX_nvidia.so.440.31
7ff6b7ddb000-7ff6b7fda000 ---p 000ed000 103:02 9840520                   /usr/lib/x86_64-linux-gnu/libGLX_nvidia.so.440.31
7ff6b7fda000-7ff6b7ffe000 rw-p 000ec000 103:02 9840520                   /usr/lib/x86_64-linux-gnu/libGLX_nvidia.so.440.31
7ff6b7ffe000-7ff6b8000000 rw-p 00000000 00:00 0 
7ff6b8000000-7ff6b8021000 rw-p 00000000 00:00 0 
7ff6b8021000-7ff6bc000000 ---p 00000000 00:00 0 
7ff6bc03d000-7ff6bc07d000 rw-s 00000000 08:01 16253115                   /home/sam/#16253115 (deleted)
7ff6bc07d000-7ff6bc080000 r-xp 00000000 103:02 9840527                   /usr/lib/x86_64-linux-gnu/libnvidia-tls.so.440.31
7ff6bc080000-7ff6bc280000 ---p 00003000 103:02 9840527                   /usr/lib/x86_64-linux-gnu/libnvidia-tls.so.440.31
7ff6bc280000-7ff6bc281000 rw-p 00003000 103:02 9840527                   /usr/lib/x86_64-linux-gnu/libnvidia-tls.so.440.31
7ff6bc281000-7ff6bc2c3000 r-xp 00000000 103:02 9837994                   /usr/lib/x86_64-linux-gnu/libGLdispatch.so.0.0.0
7ff6bc2c3000-7ff6bc2dc000 r-xp 00042000 103:02 9837994                   /usr/lib/x86_64-linux-gnu/libGLdispatch.so.0.0.0
7ff6bc2dc000-7ff6bc2ef000 r-xp 0005b000 103:02 9837994                   /usr/lib/x86_64-linux-gnu/libGLdispatch.so.0.0.0
7ff6bc2ef000-7ff6bc4ee000 ---p 0006e000 103:02 9837994                   /usr/lib/x86_64-linux-gnu/libGLdispatch.so.0.0.0
7ff6bc4ee000-7ff6bc516000 r--p 0006d000 103:02 9837994                   /usr/lib/x86_64-linux-gnu/libGLdispatch.so.0.0.0
7ff6bc516000-7ff6bc517000 rw-p 00095000 103:02 9837994                   /usr/lib/x86_64-linux-gnu/libGLdispatch.so.0.0.0
7ff6bc517000-7ff6bc537000 rw-p 00000000 00:00 0 
7ff6bc537000-7ff6bc547000 r-xp 00000000 103:02 9837992                   /usr/lib/x86_64-linux-gnu/libGLX.so.0.0.0
7ff6bc547000-7ff6bc746000 ---p 00010000 103:02 9837992                   /usr/lib/x86_64-linux-gnu/libGLX.so.0.0.0
7ff6bc746000-7ff6bc747000 r--p 0000f000 103:02 9837992                   /usr/lib/x86_64-linux-gnu/libGLX.so.0.0.0
7ff6bc747000-7ff6bc748000 rw-p 00010000 103:02 9837992                   /usr/lib/x86_64-linux-gnu/libGLX.so.0.0.0
7ff6bc748000-7ff6bc768000 rw-p 00000000 00:00 0 
7ff6bc768000-7ff6bc7ac000 r-xp 00000000 103:02 9837986                   /usr/lib/x86_64-linux-gnu/libGL.so.1.0.0
7ff6bc7ac000-7ff6bc7c5000 r-xp 00044000 103:02 9837986                   /usr/lib/x86_64-linux-gnu/libGL.so.1.0.0
7ff6bc7c5000-7ff6bc7d9000 r-xp 0005d000 103:02 9837986                   /usr/lib/x86_64-linux-gnu/libGL.so.1.0.0
7ff6bc7d9000-7ff6bc9d8000 ---p 00071000 103:02 9837986                   /usr/lib/x86_64-linux-gnu/libGL.so.1.0.0
7ff6bc9d8000-7ff6bc9f2000 r--p 00070000 103:02 9837986                   /usr/lib/x86_64-linux-gnu/libGL.so.1.0.0
7ff6bc9f2000-7ff6bc9f3000 rw-p 0008a000 103:02 9837986                   /usr/lib/x86_64-linux-gnu/libGL.so.1.0.0
7ff6bc9f3000-7ff6bc9f4000 rw-p 00000000 00:00 0 
7ff6bc9f4000-7ff6bc9f5000 r-xp 00000000 103:02 9840453                   /usr/lib/x86_64-linux-gnu/libX11-xcb.so.1.0.0
7ff6bc9f5000-7ff6bcbf4000 ---p 00001000 103:02 9840453                   /usr/lib/x86_64-linux-gnu/libX11-xcb.so.1.0.0
7ff6bcbf4000-7ff6bcbf5000 r--p 00000000 103:02 9840453                   /usr/lib/x86_64-linux-gnu/libX11-xcb.so.1.0.0
7ff6bcbf5000-7ff6bcbf6000 rw-p 00001000 103:02 9840453                   /usr/lib/x86_64-linux-gnu/libX11-xcb.so.1.0.0
7ff6bcbf6000-7ff6bcbf8000 r-xp 00000000 103:02 9838067                   /usr/lib/x86_64-linux-gnu/libXinerama.so.1.0.0
7ff6bcbf8000-7ff6bcdf7000 ---p 00002000 103:02 9838067                   /usr/lib/x86_64-linux-gnu/libXinerama.so.1.0.0
7ff6bcdf7000-7ff6bcdf8000 r--p 00001000 103:02 9838067                   /usr/lib/x86_64-linux-gnu/libXinerama.so.1.0.0
7ff6bcdf8000-7ff6bcdf9000 rw-p 00002000 103:02 9838067                   /usr/lib/x86_64-linux-gnu/libXinerama.so.1.0.0
7ff6bcdf9000-7ff6bcdfe000 r-xp 00000000 103:02 9838059                   /usr/lib/x86_64-linux-gnu/libXfixes.so.3.1.0
7ff6bcdfe000-7ff6bcffd000 ---p 00005000 103:02 9838059                   /usr/lib/x86_64-linux-gnu/libXfixes.so.3.1.0
7ff6bcffd000-7ff6bcffe000 r--p 00004000 103:02 9838059                   /usr/lib/x86_64-linux-gnu/libXfixes.so.3.1.0
7ff6bcffe000-7ff6bcfff000 rw-p 00005000 103:02 9838059                   /usr/lib/x86_64-linux-gnu/libXfixes.so.3.1.0
7ff6bcfff000-7ff6c0000000 rw-p 00000000 00:00 0 
7ff6c0000000-7ff6c0318000 rw-p 00000000 00:00 0 
7ff6c0318000-7ff6c4000000 ---p 00000000 00:00 0 
7ff6c4000000-7ff6c4021000 rw-p 00000000 00:00 0 
7ff6c4021000-7ff6c8000000 ---p 00000000 00:00 0 
7ff6c8000000-7ff6c8a48000 rw-p 00000000 00:00 0 
7ff6c8a48000-7ff6cc000000 ---p 00000000 00:00 0 
7ff6cc000000-7ff6cc722000 rw-p 00000000 00:00 0 
7ff6cc722000-7ff6d0000000 ---p 00000000 00:00 0 
7ff6d0000000-7ff6d0021000 rw-p 00000000 00:00 0 
7ff6d0021000-7ff6d4000000 ---p 00000000 00:00 0 
7ff6d4000000-7ff6d46dc000 rw-p 00000000 00:00 0 
7ff6d46dc000-7ff6d8000000 ---p 00000000 00:00 0 
7ff6d8000000-7ff6d8021000 rw-p 00000000 00:00 0 
7ff6d8021000-7ff6dc000000 ---p 00000000 00:00 0 
7ff6dc000000-7ff6dc021000 rw-p 00000000 00:00 0 
7ff6dc021000-7ff6e0000000 ---p 00000000 00:00 0 
7ff6e0000000-7ff6e0021000 rw-p 00000000 00:00 0 
7ff6e0021000-7ff6e4000000 ---p 00000000 00:00 0 
7ff6e4019000-7ff6e4059000 r-xs 00000000 08:01 16253115                   /home/sam/#16253115 (deleted)
7ff6e4059000-7ff6e405c000 r-xp 00000000 00:00 0 
7ff6e405c000-7ff6e405f000 rw-s 00000000 00:06 558                        /dev/nvidiactl
7ff6e405f000-7ff6e4061000 rw-s 00000000 103:02 15729223                  /tmp/.glSx2I09 (deleted)
7ff6e4061000-7ff6e40e1000 rw-s 00000000 00:06 558                        /dev/nvidiactl
7ff6e40e1000-7ff6e40f4000 rw-s 00000000 00:06 558                        /dev/nvidiactl
7ff6e40f4000-7ff6e4134000 rw-s 00000000 00:06 558                        /dev/nvidiactl
7ff6e4134000-7ff6e4174000 rw-s 00000000 00:06 558                        /dev/nvidiactl
7ff6e4174000-7ff6e417d000 r-xp 00000000 103:02 9838051                   /usr/lib/x86_64-linux-gnu/libXcursor.so.1.0.2
7ff6e417d000-7ff6e437c000 ---p 00009000 103:02 9838051                   /usr/lib/x86_64-linux-gnu/libXcursor.so.1.0.2
7ff6e437c000-7ff6e437d000 r--p 00008000 103:02 9838051                   /usr/lib/x86_64-linux-gnu/libXcursor.so.1.0.2
7ff6e437d000-7ff6e437e000 rw-p 00009000 103:02 9838051                   /usr/lib/x86_64-linux-gnu/libXcursor.so.1.0.2
7ff6e437e000-7ff6e4387000 r-xp 00000000 103:02 9838077                   /usr/lib/x86_64-linux-gnu/libXrender.so.1.3.0
7ff6e4387000-7ff6e4586000 ---p 00009000 103:02 9838077                   /usr/lib/x86_64-linux-gnu/libXrender.so.1.3.0
7ff6e4586000-7ff6e4587000 r--p 00008000 103:02 9838077                   /usr/lib/x86_64-linux-gnu/libXrender.so.1.3.0
7ff6e4587000-7ff6e4588000 rw-p 00009000 103:02 9838077                   /usr/lib/x86_64-linux-gnu/libXrender.so.1.3.0
7ff6e4588000-7ff6e4592000 r-xp 00000000 103:02 9838075                   /usr/lib/x86_64-linux-gnu/libXrandr.so.2.2.0
7ff6e4592000-7ff6e4791000 ---p 0000a000 103:02 9838075                   /usr/lib/x86_64-linux-gnu/libXrandr.so.2.2.0
7ff6e4791000-7ff6e4792000 r--p 00009000 103:02 9838075                   /usr/lib/x86_64-linux-gnu/libXrandr.so.2.2.0
7ff6e4792000-7ff6e4793000 rw-p 0000a000 103:02 9838075                   /usr/lib/x86_64-linux-gnu/libXrandr.so.2.2.0
7ff6e4793000-7ff6e47a2000 r-xp 00000000 103:02 9838065                   /usr/lib/x86_64-linux-gnu/libXi.so.6.1.0
7ff6e47a2000-7ff6e49a1000 ---p 0000f000 103:02 9838065                   /usr/lib/x86_64-linux-gnu/libXi.so.6.1.0
7ff6e49a1000-7ff6e49a2000 r--p 0000e000 103:02 9838065                   /usr/lib/x86_64-linux-gnu/libXi.so.6.1.0
7ff6e49a2000-7ff6e49a3000 rw-p 0000f000 103:02 9838065                   /usr/lib/x86_64-linux-gnu/libXi.so.6.1.0
7ff6e49a3000-7ff6e49b4000 r-xp 00000000 103:02 9838057                   /usr/lib/x86_64-linux-gnu/libXext.so.6.4.0
7ff6e49b4000-7ff6e4bb3000 ---p 00011000 103:02 9838057                   /usr/lib/x86_64-linux-gnu/libXext.so.6.4.0
7ff6e4bb3000-7ff6e4bb4000 r--p 00010000 103:02 9838057                   /usr/lib/x86_64-linux-gnu/libXext.so.6.4.0
7ff6e4bb4000-7ff6e4bb5000 rw-p 00011000 103:02 9838057                   /usr/lib/x86_64-linux-gnu/libXext.so.6.4.0
7ff6e4bb5000-7ff6e4bba000 r-xp 00000000 103:02 9838093                   /usr/lib/x86_64-linux-gnu/libXxf86vm.so.1.0.0
7ff6e4bba000-7ff6e4db9000 ---p 00005000 103:02 9838093                   /usr/lib/x86_64-linux-gnu/libXxf86vm.so.1.0.0
7ff6e4db9000-7ff6e4dba000 r--p 00004000 103:02 9838093                   /usr/lib/x86_64-linux-gnu/libXxf86vm.so.1.0.0
7ff6e4dba000-7ff6e4dbb000 rw-p 00005000 103:02 9838093                   /usr/lib/x86_64-linux-gnu/libXxf86vm.so.1.0.0
7ff6e4dbb000-7ff6e4dce000 r-xp 00000000 103:02 22937869                  /lib/x86_64-linux-gnu/libbsd.so.0.8.7
7ff6e4dce000-7ff6e4fcd000 ---p 00013000 103:02 22937869                  /lib/x86_64-linux-gnu/libbsd.so.0.8.7
7ff6e4fcd000-7ff6e4fce000 r--p 00012000 103:02 22937869                  /lib/x86_64-linux-gnu/libbsd.so.0.8.7
7ff6e4fce000-7ff6e4fcf000 rw-p 00013000 103:02 22937869                  /lib/x86_64-linux-gnu/libbsd.so.0.8.7
7ff6e4fcf000-7ff6e4fd0000 rw-p 00000000 00:00 0 
7ff6e4fd0000-7ff6e4fd5000 r-xp 00000000 103:02 9838055                   /usr/lib/x86_64-linux-gnu/libXdmcp.so.6.0.0
7ff6e4fd5000-7ff6e51d4000 ---p 00005000 103:02 9838055                   /usr/lib/x86_64-linux-gnu/libXdmcp.so.6.0.0
7ff6e51d4000-7ff6e51d5000 r--p 00004000 103:02 9838055                   /usr/lib/x86_64-linux-gnu/libXdmcp.so.6.0.0
7ff6e51d5000-7ff6e51d6000 rw-p 00005000 103:02 9838055                   /usr/lib/x86_64-linux-gnu/libXdmcp.so.6.0.0
7ff6e51d6000-7ff6e51d8000 r-xp 00000000 103:02 9838044                   /usr/lib/x86_64-linux-gnu/libXau.so.6.0.0
7ff6e51d8000-7ff6e53d8000 ---p 00002000 103:02 9838044                   /usr/lib/x86_64-linux-gnu/libXau.so.6.0.0
7ff6e53d8000-7ff6e53d9000 r--p 00002000 103:02 9838044                   /usr/lib/x86_64-linux-gnu/libXau.so.6.0.0
7ff6e53d9000-7ff6e53da000 rw-p 00003000 103:02 9838044                   /usr/lib/x86_64-linux-gnu/libXau.so.6.0.0
7ff6e53da000-7ff6e5400000 r-xp 00000000 103:02 9840409                   /usr/lib/x86_64-linux-gnu/libxcb.so.1.1.0
7ff6e5400000-7ff6e5600000 ---p 00026000 103:02 9840409                   /usr/lib/x86_64-linux-gnu/libxcb.so.1.1.0
7ff6e5600000-7ff6e5601000 r--p 00026000 103:02 9840409                   /usr/lib/x86_64-linux-gnu/libxcb.so.1.1.0
7ff6e5601000-7ff6e5602000 rw-p 00027000 103:02 9840409                   /usr/lib/x86_64-linux-gnu/libxcb.so.1.1.0
7ff6e5602000-7ff6e5735000 r-xp 00000000 103:02 9839217                   /usr/lib/x86_64-linux-gnu/libX11.so.6.3.0
7ff6e5735000-7ff6e5935000 ---p 00133000 103:02 9839217                   /usr/lib/x86_64-linux-gnu/libX11.so.6.3.0
7ff6e5935000-7ff6e5936000 r--p 00133000 103:02 9839217                   /usr/lib/x86_64-linux-gnu/libX11.so.6.3.0
7ff6e5936000-7ff6e593a000 rw-p 00134000 103:02 9839217                   /usr/lib/x86_64-linux-gnu/libX11.so.6.3.0
7ff6e593a000-7ff6e597d000 r-xp 00000000 103:02 15729242                  /tmp/lwjglsam/3.2.3-build-13/libglfw.so
7ff6e597d000-7ff6e5b7c000 ---p 00043000 103:02 15729242                  /tmp/lwjglsam/3.2.3-build-13/libglfw.so
7ff6e5b7c000-7ff6e5b7d000 r--p 00042000 103:02 15729242                  /tmp/lwjglsam/3.2.3-build-13/libglfw.so
7ff6e5b7d000-7ff6e5b7f000 rw-p 00043000 103:02 15729242                  /tmp/lwjglsam/3.2.3-build-13/libglfw.so
7ff6e5b7f000-7ff6e5ba0000 rw-p 00000000 00:00 0 
7ff6e5ba0000-7ff6e5bf1000 r-xp 00000000 103:02 15729241                  /tmp/lwjglsam/3.2.3-build-13/liblwjgl.so
7ff6e5bf1000-7ff6e5df0000 ---p 00051000 103:02 15729241                  /tmp/lwjglsam/3.2.3-build-13/liblwjgl.so
7ff6e5df0000-7ff6e5df1000 r--p 00050000 103:02 15729241                  /tmp/lwjglsam/3.2.3-build-13/liblwjgl.so
7ff6e5df1000-7ff6e5df2000 rw-p 00051000 103:02 15729241                  /tmp/lwjglsam/3.2.3-build-13/liblwjgl.so
7ff6e5df2000-7ff6e5e09000 r-xp 00000000 103:02 9836014                   /usr/lib/jvm/java-8-openjdk-amd64/jre/lib/amd64/libnet.so
7ff6e5e09000-7ff6e6008000 ---p 00017000 103:02 9836014                   /usr/lib/jvm/java-8-openjdk-amd64/jre/lib/amd64/libnet.so
7ff6e6008000-7ff6e6009000 r--p 00016000 103:02 9836014                   /usr/lib/jvm/java-8-openjdk-amd64/jre/lib/amd64/libnet.so
7ff6e6009000-7ff6e600a000 rw-p 00017000 103:02 9836014                   /usr/lib/jvm/java-8-openjdk-amd64/jre/lib/amd64/libnet.so
7ff6e600a000-7ff6e601b000 r-xp 00000000 103:02 9836015                   /usr/lib/jvm/java-8-openjdk-amd64/jre/lib/amd64/libnio.so
7ff6e601b000-7ff6e621b000 ---p 00011000 103:02 9836015                   /usr/lib/jvm/java-8-openjdk-amd64/jre/lib/amd64/libnio.so
7ff6e621b000-7ff6e621c000 r--p 00011000 103:02 9836015                   /usr/lib/jvm/java-8-openjdk-amd64/jre/lib/amd64/libnio.so
7ff6e621c000-7ff6e621d000 rw-p 00012000 103:02 9836015                   /usr/lib/jvm/java-8-openjdk-amd64/jre/lib/amd64/libnio.so
7ff6e621d000-7ff6e621e000 ---p 00000000 00:00 0 
7ff6e621e000-7ff6e631e000 rw-p 00000000 00:00 0 
7ff6e631e000-7ff6e6321000 ---p 00000000 00:00 0 
7ff6e6321000-7ff6e641f000 rw-p 00000000 00:00 0 
7ff6e641f000-7ff6e6420000 ---p 00000000 00:00 0 
7ff6e6420000-7ff6e6423000 ---p 00000000 00:00 0 
7ff6e6423000-7ff6e6520000 rw-p 00000000 00:00 0 
7ff6e6520000-7ff6e6521000 ---p 00000000 00:00 0 
7ff6e6521000-7ff6e6524000 ---p 00000000 00:00 0 
7ff6e6524000-7ff6e6621000 rw-p 00000000 00:00 0 
7ff6e6621000-7ff6e6622000 ---p 00000000 00:00 0 
7ff6e6622000-7ff6e6625000 ---p 00000000 00:00 0 
7ff6e6625000-7ff6e6722000 rw-p 00000000 00:00 0 
7ff6e6722000-7ff6e6723000 ---p 00000000 00:00 0 
7ff6e6723000-7ff6e6726000 ---p 00000000 00:00 0 
7ff6e6726000-7ff6e6823000 rw-p 00000000 00:00 0 
7ff6e6823000-7ff6e6826000 ---p 00000000 00:00 0 
7ff6e6826000-7ff6e6924000 rw-p 00000000 00:00 0 
7ff6e6924000-7ff6e72f3000 r--p 00000000 103:02 9837060                   /usr/lib/locale/locale-archive
7ff6e72f3000-7ff6e72f6000 ---p 00000000 00:00 0 
7ff6e72f6000-7ff6e73f4000 rw-p 00000000 00:00 0 
7ff6e73f4000-7ff6e73f7000 ---p 00000000 00:00 0 
7ff6e73f7000-7ff6e74f5000 rw-p 00000000 00:00 0 
7ff6e74f5000-7ff6e74f6000 ---p 00000000 00:00 0 
7ff6e74f6000-7ff6e8000000 rw-p 00000000 00:00 0 
7ff6e8000000-7ff6e8021000 rw-p 00000000 00:00 0 
7ff6e8021000-7ff6ec000000 ---p 00000000 00:00 0 
7ff6ec000000-7ff6ec001000 r-xp 00000000 00:00 0 
7ff6ec005000-7ff6ec006000 rw-s 00000000 00:06 559                        /dev/nvidia0
7ff6ec006000-7ff6ec008000 rw-s 00000000 00:06 558                        /dev/nvidiactl
7ff6ec008000-7ff6ec00c000 rw-s 00000000 00:06 558                        /dev/nvidiactl
7ff6ec00c000-7ff6ec00d000 rw-s 00000000 00:06 559                        /dev/nvidia0
7ff6ec00d000-7ff6ec02d000 rw-s 00000000 00:06 558                        /dev/nvidiactl
7ff6ec02d000-7ff6ec02e000 rw-s 00000000 00:06 559                        /dev/nvidia0
7ff6ec02e000-7ff6ec04e000 rw-s 00000000 00:06 558                        /dev/nvidiactl
7ff6ec04e000-7ff6ec04f000 rw-s 00000000 00:06 559                        /dev/nvidia0
7ff6ec04f000-7ff6ec08f000 rw-s 00000000 00:06 558                        /dev/nvidiactl
7ff6ec0aa000-7ff6ec0af000 r--s 000a3000 103:02 9836054                   /usr/lib/jvm/java-8-openjdk-amd64/jre/lib/jsse.jar
7ff6ec0af000-7ff6ec0b0000 rw-s 00000000 00:06 558                        /dev/nvidiactl
7ff6ec0b0000-7ff6ec0b1000 rw-s 00000000 00:06 558                        /dev/nvidiactl
7ff6ec0b1000-7ff6ec0b2000 rw-s 00000000 00:06 558                        /dev/nvidiactl
7ff6ec0b2000-7ff6ec0b9000 r--s 00000000 103:02 10095718                  /usr/lib/x86_64-linux-gnu/gconv/gconv-modules.cache
7ff6ec0b9000-7ff6ec0cc000 r--s 00346000 103:02 9836058                   /usr/lib/jvm/java-8-openjdk-amd64/jre/lib/resources.jar
7ff6ec0cc000-7ff6ec0d7000 r--s 000da000 08:01 19795221                   /home/sam/Downloads/lwjgl-3.2.3/lwjgl-opengl/lwjgl-opengl.jar
7ff6ec0d7000-7ff6fc000000 rw-p 00000000 00:00 0 
7ff6fc000000-7ff6fc021000 rw-p 00000000 00:00 0 
7ff6fc021000-7ff700000000 ---p 00000000 00:00 0 
7ff700000000-7ff700021000 rw-p 00000000 00:00 0 
7ff700021000-7ff704000000 ---p 00000000 00:00 0 
7ff704000000-7ff704021000 rw-p 00000000 00:00 0 
7ff704021000-7ff708000000 ---p 00000000 00:00 0 
7ff708000000-7ff708021000 rw-p 00000000 00:00 0 
7ff708021000-7ff70c000000 ---p 00000000 00:00 0 
7ff70c000000-7ff70c021000 rw-p 00000000 00:00 0 
7ff70c021000-7ff710000000 ---p 00000000 00:00 0 
7ff710000000-7ff710021000 rw-p 00000000 00:00 0 
7ff710021000-7ff714000000 ---p 00000000 00:00 0 
7ff714000000-7ff714021000 rw-p 00000000 00:00 0 
7ff714021000-7ff718000000 ---p 00000000 00:00 0 
7ff718000000-7ff718021000 rw-p 00000000 00:00 0 
7ff718021000-7ff71c000000 ---p 00000000 00:00 0 
7ff71c000000-7ff71c021000 rw-p 00000000 00:00 0 
7ff71c021000-7ff720000000 ---p 00000000 00:00 0 
7ff720000000-7ff720001000 r--s 00002000 08:01 16253464                   /home/sam/Downloads/pngdecoder-1.0.jar
7ff720001000-7ff720002000 r--s 00022000 08:01 17960234                   /home/sam/Downloads/lwjgl-3.2.3/lwjgl-glfw/lwjgl-glfw-natives-linux-arm64.jar
7ff720002000-7ff720003000 r--s 00026000 08:01 17960235                   /home/sam/Downloads/lwjgl-3.2.3/lwjgl-glfw/lwjgl-glfw-natives-linux.jar
7ff720003000-7ff720006000 r--s 00018000 08:01 17960240                   /home/sam/Downloads/lwjgl-3.2.3/lwjgl-glfw/lwjgl-glfw.jar
7ff720006000-7ff720008000 r--s 0000d000 08:01 19795215                   /home/sam/Downloads/lwjgl-3.2.3/lwjgl-opengl/lwjgl-opengl-natives-linux-arm64.jar
7ff720008000-7ff720009000 r--s 00013000 08:01 19795216                   /home/sam/Downloads/lwjgl-3.2.3/lwjgl-opengl/lwjgl-opengl-natives-linux.jar
7ff720009000-7ff720010000 r--s 00081000 08:01 16518147                   /home/sam/Downloads/lwjgl-3.2.3/lwjgl/lwjgl.jar
7ff720010000-7ff720015000 r--s 0003d000 103:02 9836040                   /usr/lib/jvm/java-8-openjdk-amd64/jre/lib/ext/sunjce_provider.jar
7ff720015000-7ff720019000 r--s 0003a000 103:02 9836041                   /usr/lib/jvm/java-8-openjdk-amd64/jre/lib/ext/sunpkcs11.jar
7ff720019000-7ff72001c000 r--s 0000f000 103:02 9836035                   /usr/lib/jvm/java-8-openjdk-amd64/jre/lib/ext/icedtea-sound.jar
7ff72001c000-7ff721315000 rw-p 00000000 00:00 0 
7ff721315000-7ff7214e5000 r--s 03c68000 103:02 9836059                   /usr/lib/jvm/java-8-openjdk-amd64/jre/lib/rt.jar
7ff7214e5000-7ff722cf5000 rw-p 00000000 00:00 0 
7ff722cf5000-7ff722cf6000 ---p 00000000 00:00 0 
7ff722cf6000-7ff722df6000 rw-p 00000000 00:00 0 
7ff722df6000-7ff722df7000 ---p 00000000 00:00 0 
7ff722df7000-7ff722ef7000 rw-p 00000000 00:00 0 
7ff722ef7000-7ff722ef8000 ---p 00000000 00:00 0 
7ff722ef8000-7ff722ff8000 rw-p 00000000 00:00 0 
7ff722ff8000-7ff722ff9000 ---p 00000000 00:00 0 
7ff722ff9000-7ff7230f9000 rw-p 00000000 00:00 0 
7ff7230f9000-7ff7230fa000 ---p 00000000 00:00 0 
7ff7230fa000-7ff7231fa000 rw-p 00000000 00:00 0 
7ff7231fa000-7ff7231fb000 ---p 00000000 00:00 0 
7ff7231fb000-7ff7232fb000 rw-p 00000000 00:00 0 
7ff7232fb000-7ff7232fc000 ---p 00000000 00:00 0 
7ff7232fc000-7ff7233fc000 rw-p 00000000 00:00 0 
7ff7233fc000-7ff7233fd000 ---p 00000000 00:00 0 
7ff7233fd000-7ff7234fd000 rw-p 00000000 00:00 0 
7ff7234fd000-7ff7234fe000 ---p 00000000 00:00 0 
7ff7234fe000-7ff7236a5000 rw-p 00000000 00:00 0 
7ff7236a5000-7ff724065000 ---p 00000000 00:00 0 
7ff724065000-7ff72410c000 rw-p 00000000 00:00 0 
7ff72410c000-7ff724acb000 ---p 00000000 00:00 0 
7ff724acb000-7ff724b1f000 rw-p 00000000 00:00 0 
7ff724b1f000-7ff724fff000 ---p 00000000 00:00 0 
7ff724fff000-7ff725000000 rw-p 00000000 00:00 0 
7ff725000000-7ff725470000 rwxp 00000000 00:00 0 
7ff725470000-7ff734000000 ---p 00000000 00:00 0 
7ff734000000-7ff737f02000 rw-p 00000000 00:00 0 
7ff737f02000-7ff738000000 ---p 00000000 00:00 0 
7ff738000000-7ff738001000 r--s 0000c000 08:01 16517972                   /home/sam/Downloads/lwjgl-3.2.3/lwjgl/lwjgl-natives-linux-arm64.jar
7ff738001000-7ff738002000 r--s 00012000 08:01 16517973                   /home/sam/Downloads/lwjgl-3.2.3/lwjgl/lwjgl-natives-linux.jar
7ff738002000-7ff73801d000 r--s 001d6000 103:02 9836038                   /usr/lib/jvm/java-8-openjdk-amd64/jre/lib/ext/nashorn.jar
7ff73801d000-7ff7380c6000 rw-p 00000000 00:00 0 
7ff7380c6000-7ff7380c7000 ---p 00000000 00:00 0 
7ff7380c7000-7ff7381d9000 rw-p 00000000 00:00 0 
7ff7381d9000-7ff738587000 ---p 00000000 00:00 0 
7ff738587000-7ff73858f000 r-xp 00000000 103:02 9836022                   /usr/lib/jvm/java-8-openjdk-amd64/jre/lib/amd64/libzip.so
7ff73858f000-7ff73878e000 ---p 00008000 103:02 9836022                   /usr/lib/jvm/java-8-openjdk-amd64/jre/lib/amd64/libzip.so
7ff73878e000-7ff73878f000 r--p 00007000 103:02 9836022                   /usr/lib/jvm/java-8-openjdk-amd64/jre/lib/amd64/libzip.so
7ff73878f000-7ff738790000 rw-p 00008000 103:02 9836022                   /usr/lib/jvm/java-8-openjdk-amd64/jre/lib/amd64/libzip.so
7ff738790000-7ff73879b000 r-xp 00000000 103:02 22942476                  /lib/x86_64-linux-gnu/libnss_files-2.27.so
7ff73879b000-7ff73899a000 ---p 0000b000 103:02 22942476                  /lib/x86_64-linux-gnu/libnss_files-2.27.so
7ff73899a000-7ff73899b000 r--p 0000a000 103:02 22942476                  /lib/x86_64-linux-gnu/libnss_files-2.27.so
7ff73899b000-7ff73899c000 rw-p 0000b000 103:02 22942476                  /lib/x86_64-linux-gnu/libnss_files-2.27.so
7ff73899c000-7ff7389a2000 rw-p 00000000 00:00 0 
7ff7389a2000-7ff7389b9000 r-xp 00000000 103:02 22942470                  /lib/x86_64-linux-gnu/libnsl-2.27.so
7ff7389b9000-7ff738bb8000 ---p 00017000 103:02 22942470                  /lib/x86_64-linux-gnu/libnsl-2.27.so
7ff738bb8000-7ff738bb9000 r--p 00016000 103:02 22942470                  /lib/x86_64-linux-gnu/libnsl-2.27.so
7ff738bb9000-7ff738bba000 rw-p 00017000 103:02 22942470                  /lib/x86_64-linux-gnu/libnsl-2.27.so
7ff738bba000-7ff738bbc000 rw-p 00000000 00:00 0 
7ff738bbc000-7ff738bc7000 r-xp 00000000 103:02 22942487                  /lib/x86_64-linux-gnu/libnss_nis-2.27.so
7ff738bc7000-7ff738dc6000 ---p 0000b000 103:02 22942487                  /lib/x86_64-linux-gnu/libnss_nis-2.27.so
7ff738dc6000-7ff738dc7000 r--p 0000a000 103:02 22942487                  /lib/x86_64-linux-gnu/libnss_nis-2.27.so
7ff738dc7000-7ff738dc8000 rw-p 0000b000 103:02 22942487                  /lib/x86_64-linux-gnu/libnss_nis-2.27.so
7ff738dc8000-7ff738dd0000 r-xp 00000000 103:02 22942472                  /lib/x86_64-linux-gnu/libnss_compat-2.27.so
7ff738dd0000-7ff738fd0000 ---p 00008000 103:02 22942472                  /lib/x86_64-linux-gnu/libnss_compat-2.27.so
7ff738fd0000-7ff738fd1000 r--p 00008000 103:02 22942472                  /lib/x86_64-linux-gnu/libnss_compat-2.27.so
7ff738fd1000-7ff738fd2000 rw-p 00009000 103:02 22942472                  /lib/x86_64-linux-gnu/libnss_compat-2.27.so
7ff738fd2000-7ff738ffc000 r-xp 00000000 103:02 9836003                   /usr/lib/jvm/java-8-openjdk-amd64/jre/lib/amd64/libjava.so
7ff738ffc000-7ff7391fb000 ---p 0002a000 103:02 9836003                   /usr/lib/jvm/java-8-openjdk-amd64/jre/lib/amd64/libjava.so
7ff7391fb000-7ff7391fc000 r--p 00029000 103:02 9836003                   /usr/lib/jvm/java-8-openjdk-amd64/jre/lib/amd64/libjava.so
7ff7391fc000-7ff7391fe000 rw-p 0002a000 103:02 9836003                   /usr/lib/jvm/java-8-openjdk-amd64/jre/lib/amd64/libjava.so
7ff7391fe000-7ff73920e000 r-xp 00000000 103:02 9836021                   /usr/lib/jvm/java-8-openjdk-amd64/jre/lib/amd64/libverify.so
7ff73920e000-7ff73940d000 ---p 00010000 103:02 9836021                   /usr/lib/jvm/java-8-openjdk-amd64/jre/lib/amd64/libverify.so
7ff73940d000-7ff73940f000 r--p 0000f000 103:02 9836021                   /usr/lib/jvm/java-8-openjdk-amd64/jre/lib/amd64/libverify.so
7ff73940f000-7ff739410000 rw-p 00011000 103:02 9836021                   /usr/lib/jvm/java-8-openjdk-amd64/jre/lib/amd64/libverify.so
7ff739410000-7ff739417000 r-xp 00000000 103:02 22942527                  /lib/x86_64-linux-gnu/librt-2.27.so
7ff739417000-7ff739616000 ---p 00007000 103:02 22942527                  /lib/x86_64-linux-gnu/librt-2.27.so
7ff739616000-7ff739617000 r--p 00006000 103:02 22942527                  /lib/x86_64-linux-gnu/librt-2.27.so
7ff739617000-7ff739618000 rw-p 00007000 103:02 22942527                  /lib/x86_64-linux-gnu/librt-2.27.so
7ff739618000-7ff73962f000 r-xp 00000000 103:02 22937606                  /lib/x86_64-linux-gnu/libgcc_s.so.1
7ff73962f000-7ff73982e000 ---p 00017000 103:02 22937606                  /lib/x86_64-linux-gnu/libgcc_s.so.1
7ff73982e000-7ff73982f000 r--p 00016000 103:02 22937606                  /lib/x86_64-linux-gnu/libgcc_s.so.1
7ff73982f000-7ff739830000 rw-p 00017000 103:02 22937606                  /lib/x86_64-linux-gnu/libgcc_s.so.1
7ff739830000-7ff7399cd000 r-xp 00000000 103:02 22942449                  /lib/x86_64-linux-gnu/libm-2.27.so
7ff7399cd000-7ff739bcc000 ---p 0019d000 103:02 22942449                  /lib/x86_64-linux-gnu/libm-2.27.so
7ff739bcc000-7ff739bcd000 r--p 0019c000 103:02 22942449                  /lib/x86_64-linux-gnu/libm-2.27.so
7ff739bcd000-7ff739bce000 rw-p 0019d000 103:02 22942449                  /lib/x86_64-linux-gnu/libm-2.27.so
7ff739bce000-7ff739d47000 r-xp 00000000 103:02 9830530                   /usr/lib/x86_64-linux-gnu/libstdc++.so.6.0.25
7ff739d47000-7ff739f47000 ---p 00179000 103:02 9830530                   /usr/lib/x86_64-linux-gnu/libstdc++.so.6.0.25
7ff739f47000-7ff739f51000 r--p 00179000 103:02 9830530                   /usr/lib/x86_64-linux-gnu/libstdc++.so.6.0.25
7ff739f51000-7ff739f53000 rw-p 00183000 103:02 9830530                   /usr/lib/x86_64-linux-gnu/libstdc++.so.6.0.25
7ff739f53000-7ff739f57000 rw-p 00000000 00:00 0 
7ff739f57000-7ff73abfa000 r-xp 00000000 103:02 9836024                   /usr/lib/jvm/java-8-openjdk-amd64/jre/lib/amd64/server/libjvm.so
7ff73abfa000-7ff73adfa000 ---p 00ca3000 103:02 9836024                   /usr/lib/jvm/java-8-openjdk-amd64/jre/lib/amd64/server/libjvm.so
7ff73adfa000-7ff73ae8e000 r--p 00ca3000 103:02 9836024                   /usr/lib/jvm/java-8-openjdk-amd64/jre/lib/amd64/server/libjvm.so
7ff73ae8e000-7ff73aeb7000 rw-p 00d37000 103:02 9836024                   /usr/lib/jvm/java-8-openjdk-amd64/jre/lib/amd64/server/libjvm.so
7ff73aeb7000-7ff73aee7000 rw-p 00000000 00:00 0 
7ff73aee7000-7ff73af01000 r-xp 00000000 103:02 22942519                  /lib/x86_64-linux-gnu/libpthread-2.27.so
7ff73af01000-7ff73b100000 ---p 0001a000 103:02 22942519                  /lib/x86_64-linux-gnu/libpthread-2.27.so
7ff73b100000-7ff73b101000 r--p 00019000 103:02 22942519                  /lib/x86_64-linux-gnu/libpthread-2.27.so
7ff73b101000-7ff73b102000 rw-p 0001a000 103:02 22942519                  /lib/x86_64-linux-gnu/libpthread-2.27.so
7ff73b102000-7ff73b106000 rw-p 00000000 00:00 0 
7ff73b106000-7ff73b109000 r-xp 00000000 103:02 22942409                  /lib/x86_64-linux-gnu/libdl-2.27.so
7ff73b109000-7ff73b308000 ---p 00003000 103:02 22942409                  /lib/x86_64-linux-gnu/libdl-2.27.so
7ff73b308000-7ff73b309000 r--p 00002000 103:02 22942409                  /lib/x86_64-linux-gnu/libdl-2.27.so
7ff73b309000-7ff73b30a000 rw-p 00003000 103:02 22942409                  /lib/x86_64-linux-gnu/libdl-2.27.so
7ff73b30a000-7ff73b326000 r-xp 00000000 103:02 22942558                  /lib/x86_64-linux-gnu/libz.so.1.2.11
7ff73b326000-7ff73b525000 ---p 0001c000 103:02 22942558                  /lib/x86_64-linux-gnu/libz.so.1.2.11
7ff73b525000-7ff73b526000 r--p 0001b000 103:02 22942558                  /lib/x86_64-linux-gnu/libz.so.1.2.11
7ff73b526000-7ff73b527000 rw-p 0001c000 103:02 22942558                  /lib/x86_64-linux-gnu/libz.so.1.2.11
7ff73b527000-7ff73b70e000 r-xp 00000000 103:02 22942386                  /lib/x86_64-linux-gnu/libc-2.27.so
7ff73b70e000-7ff73b90e000 ---p 001e7000 103:02 22942386                  /lib/x86_64-linux-gnu/libc-2.27.so
7ff73b90e000-7ff73b912000 r--p 001e7000 103:02 22942386                  /lib/x86_64-linux-gnu/libc-2.27.so
7ff73b912000-7ff73b914000 rw-p 001eb000 103:02 22942386                  /lib/x86_64-linux-gnu/libc-2.27.so
7ff73b914000-7ff73b918000 rw-p 00000000 00:00 0 
7ff73b918000-7ff73b926000 r-xp 00000000 103:02 9835989                   /usr/lib/jvm/java-8-openjdk-amd64/jre/lib/amd64/jli/libjli.so
7ff73b926000-7ff73bb25000 ---p 0000e000 103:02 9835989                   /usr/lib/jvm/java-8-openjdk-amd64/jre/lib/amd64/jli/libjli.so
7ff73bb25000-7ff73bb26000 r--p 0000d000 103:02 9835989                   /usr/lib/jvm/java-8-openjdk-amd64/jre/lib/amd64/jli/libjli.so
7ff73bb26000-7ff73bb27000 rw-p 0000e000 103:02 9835989                   /usr/lib/jvm/java-8-openjdk-amd64/jre/lib/amd64/jli/libjli.so
7ff73bb27000-7ff73bb4e000 r-xp 00000000 103:02 22942358                  /lib/x86_64-linux-gnu/ld-2.27.so
7ff73bb4e000-7ff73bb4f000 r--s 0000a000 103:02 9836036                   /usr/lib/jvm/java-8-openjdk-amd64/jre/lib/ext/jaccess.jar
7ff73bb4f000-7ff73bb6a000 r--s 00394000 103:02 9836033                   /usr/lib/jvm/java-8-openjdk-amd64/jre/lib/ext/cldrdata.jar
7ff73bb6a000-7ff73bc2f000 rw-p 00000000 00:00 0 
7ff73bc2f000-7ff73bc30000 ---p 00000000 00:00 0 
7ff73bc30000-7ff73bc33000 ---p 00000000 00:00 0 
7ff73bc33000-7ff73bd32000 rw-p 00000000 00:00 0 
7ff73bd32000-7ff73bd34000 r--s 00001000 103:02 9836034                   /usr/lib/jvm/java-8-openjdk-amd64/jre/lib/ext/dnsns.jar
7ff73bd34000-7ff73bd3e000 r--s 00116000 103:02 9836037                   /usr/lib/jvm/java-8-openjdk-amd64/jre/lib/ext/localedata.jar
7ff73bd3e000-7ff73bd40000 r--s 00007000 103:02 10224650                  /usr/share/java/java-atk-wrapper.jar
7ff73bd40000-7ff73bd41000 r--s 0000d000 103:02 9836039                   /usr/lib/jvm/java-8-openjdk-amd64/jre/lib/ext/sunec.jar
7ff73bd41000-7ff73bd42000 r--s 00010000 103:02 9836042                   /usr/lib/jvm/java-8-openjdk-amd64/jre/lib/ext/zipfs.jar
7ff73bd42000-7ff73bd4a000 rw-s 00000000 103:02 15729222                  /tmp/hsperfdata_sam/29454
7ff73bd4a000-7ff73bd4b000 rw-p 00000000 00:00 0 
7ff73bd4b000-7ff73bd4c000 r--p 00000000 00:00 0 
7ff73bd4c000-7ff73bd4e000 rw-p 00000000 00:00 0 
7ff73bd4e000-7ff73bd4f000 r--p 00027000 103:02 22942358                  /lib/x86_64-linux-gnu/ld-2.27.so
7ff73bd4f000-7ff73bd50000 rw-p 00028000 103:02 22942358                  /lib/x86_64-linux-gnu/ld-2.27.so
7ff73bd50000-7ff73bd51000 rw-p 00000000 00:00 0 
7ffc06822000-7ffc06843000 rw-p 00000000 00:00 0                          [stack]
7ffc06886000-7ffc06889000 r--p 00000000 00:00 0                          [vvar]
7ffc06889000-7ffc0688a000 r-xp 00000000 00:00 0                          [vdso]
ffffffffff600000-ffffffffff601000 --xp 00000000 00:00 0                  [vsyscall]

VM Arguments:
jvm_args: -Dfile.encoding=UTF-8 
java_command: main.Main
java_class_path (initial): /home/sam/Downloads/lwjgl-3.2.3/lwjgl/lwjgl.jar:/home/sam/Downloads/lwjgl-3.2.3/lwjgl/lwjgl-natives-linux.jar:/home/sam/Downloads/lwjgl-3.2.3/lwjgl/lwjgl-natives-linux-arm64.jar:/home/sam/Downloads/lwjgl-3.2.3/lwjgl-opengl/lwjgl-opengl.jar:/home/sam/Downloads/lwjgl-3.2.3/lwjgl-opengl/lwjgl-opengl-natives-linux.jar:/home/sam/Downloads/lwjgl-3.2.3/lwjgl-opengl/lwjgl-opengl-natives-linux-arm64.jar:/home/sam/Downloads/lwjgl-3.2.3/lwjgl-glfw/lwjgl-glfw.jar:/home/sam/Downloads/lwjgl-3.2.3/lwjgl-glfw/lwjgl-glfw-natives-linux.jar:/home/sam/Downloads/lwjgl-3.2.3/lwjgl-glfw/lwjgl-glfw-natives-linux-arm64.jar:/home/sam/Downloads/pngdecoder-1.0.jar:/home/sam/eclipse/workspace/LWJGL-ENGINE/bin
Launcher Type: SUN_STANDARD

Environment Variables:
PATH=/usr/local/sbin:/usr/local/bin:/usr/sbin:/usr/bin:/sbin:/bin:/usr/games:/usr/local/games:/snap/bin
USERNAME=sam
SHELL=/bin/bash
DISPLAY=:0

Signal Handlers:
SIGSEGV: [libjvm.so+0xabc3b0], sa_mask[0]=11111111011111111101111111111110, sa_flags=SA_RESTART|SA_SIGINFO
SIGBUS: [libjvm.so+0xabc3b0], sa_mask[0]=11111111011111111101111111111110, sa_flags=SA_RESTART|SA_SIGINFO
SIGFPE: [libjvm.so+0x8f0bb0], sa_mask[0]=11111111011111111101111111111110, sa_flags=SA_RESTART|SA_SIGINFO
SIGPIPE: [libjvm.so+0x8f0bb0], sa_mask[0]=11111111011111111101111111111110, sa_flags=SA_RESTART|SA_SIGINFO
SIGXFSZ: [libjvm.so+0x8f0bb0], sa_mask[0]=11111111011111111101111111111110, sa_flags=SA_RESTART|SA_SIGINFO
SIGILL: [libjvm.so+0x8f0bb0], sa_mask[0]=11111111011111111101111111111110, sa_flags=SA_RESTART|SA_SIGINFO
SIGUSR1: SIG_DFL, sa_mask[0]=00000000000000000000000000000000, sa_flags=none
SIGUSR2: [libjvm.so+0x8f0a60], sa_mask[0]=00100000000000000000000000000000, sa_flags=SA_RESTART|SA_SIGINFO
SIGHUP: [libjvm.so+0x8f10d0], sa_mask[0]=11111111011111111101111111111110, sa_flags=SA_RESTART|SA_SIGINFO
SIGINT: [libjvm.so+0x8f10d0], sa_mask[0]=11111111011111111101111111111110, sa_flags=SA_RESTART|SA_SIGINFO
SIGTERM: [libjvm.so+0x8f10d0], sa_mask[0]=11111111011111111101111111111110, sa_flags=SA_RESTART|SA_SIGINFO
SIGQUIT: [libjvm.so+0x8f10d0], sa_mask[0]=11111111011111111101111111111110, sa_flags=SA_RESTART|SA_SIGINFO


---------------  S Y S T E M  ---------------

OS:DISTRIB_ID=Ubuntu
DISTRIB_RELEASE=18.04
DISTRIB_CODENAME=bionic
DISTRIB_DESCRIPTION="Ubuntu 18.04.3 LTS"

uname:Linux 5.3.0-28-generic #30~18.04.1-Ubuntu SMP Fri Jan 17 06:14:09 UTC 2020 x86_64
libc:glibc 2.27 NPTL 2.27 
rlimit: STACK 8192k, CORE 0k, NPROC 127594, NOFILE 1048576, AS infinity
load average:11.20 11.44 5.55

/proc/meminfo:
MemTotal:       32713532 kB
MemFree:        25966796 kB
MemAvailable:   27328032 kB
Buffers:          302920 kB
Cached:          2222180 kB
SwapCached:            0 kB
Active:          4511176 kB
Inactive:        1494864 kB
Active(anon):    3667524 kB
Inactive(anon):   706352 kB
Active(file):     843652 kB
Inactive(file):   788512 kB
Unevictable:      184692 kB
Mlocked:             288 kB
SwapTotal:       2097148 kB
SwapFree:        2097148 kB
Dirty:                80 kB
Writeback:             0 kB
AnonPages:       3665832 kB
Mapped:          1190200 kB
Shmem:            892944 kB
KReclaimable:     196824 kB
Slab:             294204 kB
SReclaimable:     196824 kB
SUnreclaim:        97380 kB
KernelStack:       23312 kB
PageTables:        74372 kB
NFS_Unstable:          0 kB
Bounce:                0 kB
WritebackTmp:          0 kB
CommitLimit:    18453912 kB
Committed_AS:   12124060 kB
VmallocTotal:   34359738367 kB
VmallocUsed:       67012 kB
VmallocChunk:          0 kB
Percpu:             6016 kB
HardwareCorrupted:     0 kB
AnonHugePages:         0 kB
ShmemHugePages:        0 kB
ShmemPmdMapped:        0 kB
CmaTotal:              0 kB
CmaFree:               0 kB
HugePages_Total:       0
HugePages_Free:        0
HugePages_Rsvd:        0
HugePages_Surp:        0
Hugepagesize:       2048 kB
Hugetlb:               0 kB
DirectMap4k:      453280 kB
DirectMap2M:    10907648 kB
DirectMap1G:    22020096 kB

container (cgroup) information:
container_type: cgroupv1
cpu_cpuset_cpus: 0-11
cpu_memory_nodes: 0
active_processor_count: 12
cpu_quota: -1
cpu_period: 100000
cpu_shares: -1
memory_limit_in_bytes: -1
memory_and_swap_limit_in_bytes: -2
memory_soft_limit_in_bytes: -1
memory_usage_in_bytes: 6339133440
memory_max_usage_in_bytes: 0


CPU:total 12 (initial active 12) (6 cores per cpu, 2 threads per core) family 6 model 158 stepping 10, cmov, cx8, fxsr, mmx, sse, sse2, sse3, ssse3, sse4.1, sse4.2, popcnt, avx, avx2, aes, clmul, erms, 3dnowpref, lzcnt, ht, tsc, tscinvbit, bmi1, bmi2, adx

/proc/cpuinfo:
processor	: 0
vendor_id	: GenuineIntel
cpu family	: 6
model		: 158
model name	: Intel(R) Core(TM) i7-8750H CPU @ 2.20GHz
stepping	: 10
microcode	: 0xca
cpu MHz		: 2200.125
cache size	: 9216 KB
physical id	: 0
siblings	: 12
core id		: 0
cpu cores	: 6
apicid		: 0
initial apicid	: 0
fpu		: yes
fpu_exception	: yes
cpuid level	: 22
wp		: yes
flags		: fpu vme de pse tsc msr pae mce cx8 apic sep mtrr pge mca cmov pat pse36 clflush dts acpi mmx fxsr sse sse2 ss ht tm pbe syscall nx pdpe1gb rdtscp lm constant_tsc art arch_perfmon pebs bts rep_good nopl xtopology nonstop_tsc cpuid aperfmperf pni pclmulqdq dtes64 monitor ds_cpl vmx est tm2 ssse3 sdbg fma cx16 xtpr pdcm pcid sse4_1 sse4_2 x2apic movbe popcnt tsc_deadline_timer aes xsave avx f16c rdrand lahf_lm abm 3dnowprefetch cpuid_fault epb invpcid_single pti ssbd ibrs ibpb stibp tpr_shadow vnmi flexpriority ept vpid ept_ad fsgsbase tsc_adjust bmi1 avx2 smep bmi2 erms invpcid mpx rdseed adx smap clflushopt intel_pt xsaveopt xsavec xgetbv1 xsaves dtherm ida arat pln pts hwp hwp_notify hwp_act_window hwp_epp md_clear flush_l1d
bugs		: cpu_meltdown spectre_v1 spectre_v2 spec_store_bypass l1tf mds swapgs itlb_multihit
bogomips	: 4399.99
clflush size	: 64
cache_alignment	: 64
address sizes	: 39 bits physical, 48 bits virtual
power management:

processor	: 1
vendor_id	: GenuineIntel
cpu family	: 6
model		: 158
model name	: Intel(R) Core(TM) i7-8750H CPU @ 2.20GHz
stepping	: 10
microcode	: 0xca
cpu MHz		: 2200.076
cache size	: 9216 KB
physical id	: 0
siblings	: 12
core id		: 1
cpu cores	: 6
apicid		: 2
initial apicid	: 2
fpu		: yes
fpu_exception	: yes
cpuid level	: 22
wp		: yes
flags		: fpu vme de pse tsc msr pae mce cx8 apic sep mtrr pge mca cmov pat pse36 clflush dts acpi mmx fxsr sse sse2 ss ht tm pbe syscall nx pdpe1gb rdtscp lm constant_tsc art arch_perfmon pebs bts rep_good nopl xtopology nonstop_tsc cpuid aperfmperf pni pclmulqdq dtes64 monitor ds_cpl vmx est tm2 ssse3 sdbg fma cx16 xtpr pdcm pcid sse4_1 sse4_2 x2apic movbe popcnt tsc_deadline_timer aes xsave avx f16c rdrand lahf_lm abm 3dnowprefetch cpuid_fault epb invpcid_single pti ssbd ibrs ibpb stibp tpr_shadow vnmi flexpriority ept vpid ept_ad fsgsbase tsc_adjust bmi1 avx2 smep bmi2 erms invpcid mpx rdseed adx smap clflushopt intel_pt xsaveopt xsavec xgetbv1 xsaves dtherm ida arat pln pts hwp hwp_notify hwp_act_window hwp_epp md_clear flush_l1d
bugs		: cpu_meltdown spectre_v1 spectre_v2 spec_store_bypass l1tf mds swapgs itlb_multihit
bogomips	: 4399.99
clflush size	: 64
cache_alignment	: 64
address sizes	: 39 bits physical, 48 bits virtual
power management:

processor	: 2
vendor_id	: GenuineIntel
cpu family	: 6
model		: 158
model name	: Intel(R) Core(TM) i7-8750H CPU @ 2.20GHz
stepping	: 10
microcode	: 0xca
cpu MHz		: 2200.070
cache size	: 9216 KB
physical id	: 0
siblings	: 12
core id		: 2
cpu cores	: 6
apicid		: 4
initial apicid	: 4
fpu		: yes
fpu_exception	: yes
cpuid level	: 22
wp		: yes
flags		: fpu vme de pse tsc msr pae mce cx8 apic sep mtrr pge mca cmov pat pse36 clflush dts acpi mmx fxsr sse sse2 ss ht tm pbe syscall nx pdpe1gb rdtscp lm constant_tsc art arch_perfmon pebs bts rep_good nopl xtopology nonstop_tsc cpuid aperfmperf pni pclmulqdq dtes64 monitor ds_cpl vmx est tm2 ssse3 sdbg fma cx16 xtpr pdcm pcid sse4_1 sse4_2 x2apic movbe popcnt tsc_deadline_timer aes xsave avx f16c rdrand lahf_lm abm 3dnowprefetch cpuid_fault epb invpcid_single pti ssbd ibrs ibpb stibp tpr_shadow vnmi flexpriority ept vpid ept_ad fsgsbase tsc_adjust bmi1 avx2 smep bmi2 erms invpcid mpx rdseed adx smap clflushopt intel_pt xsaveopt xsavec xgetbv1 xsaves dtherm ida arat pln pts hwp hwp_notify hwp_act_window hwp_epp md_clear flush_l1d
bugs		: cpu_meltdown spectre_v1 spectre_v2 spec_store_bypass l1tf mds swapgs itlb_multihit
bogomips	: 4399.99
clflush size	: 64
cache_alignment	: 64
address sizes	: 39 bits physical, 48 bits virtual
power management:

processor	: 3
vendor_id	: GenuineIntel
cpu family	: 6
model		: 158
model name	: Intel(R) Core(TM) i7-8750H CPU @ 2.20GHz
stepping	: 10
microcode	: 0xca
cpu MHz		: 2200.172
cache size	: 9216 KB
physical id	: 0
siblings	: 12
core id		: 3
cpu cores	: 6
apicid		: 6
initial apicid	: 6
fpu		: yes
fpu_exception	: yes
cpuid level	: 22
wp		: yes
flags		: fpu vme de pse tsc msr pae mce cx8 apic sep mtrr pge mca cmov pat pse36 clflush dts acpi mmx fxsr sse sse2 ss ht tm pbe syscall nx pdpe1gb rdtscp lm constant_tsc art arch_perfmon pebs bts rep_good nopl xtopology nonstop_tsc cpuid aperfmperf pni pclmulqdq dtes64 monitor ds_cpl vmx est tm2 ssse3 sdbg fma cx16 xtpr pdcm pcid sse4_1 sse4_2 x2apic movbe popcnt tsc_deadline_timer aes xsave avx f16c rdrand lahf_lm abm 3dnowprefetch cpuid_fault epb invpcid_single pti ssbd ibrs ibpb stibp tpr_shadow vnmi flexpriority ept vpid ept_ad fsgsbase tsc_adjust bmi1 avx2 smep bmi2 erms invpcid mpx rdseed adx smap clflushopt intel_pt xsaveopt xsavec xgetbv1 xsaves dtherm ida arat pln pts hwp hwp_notify hwp_act_window hwp_epp md_clear flush_l1d
bugs		: cpu_meltdown spectre_v1 spectre_v2 spec_store_bypass l1tf mds swapgs itlb_multihit
bogomips	: 4399.99
clflush size	: 64
cache_alignment	: 64
address sizes	: 39 bits physical, 48 bits virtual
power management:

processor	: 4
vendor_id	: GenuineIntel
cpu family	: 6
model		: 158
model name	: Intel(R) Core(TM) i7-8750H CPU @ 2.20GHz
stepping	: 10
microcode	: 0xca
cpu MHz		: 2200.023
cache size	: 9216 KB
physical id	: 0
siblings	: 12
core id		: 4
cpu cores	: 6
apicid		: 8
initial apicid	: 8
fpu		: yes
fpu_exception	: yes
cpuid level	: 22
wp		: yes
flags		: fpu vme de pse tsc msr pae mce cx8 apic sep mtrr pge mca cmov pat pse36 clflush dts acpi mmx fxsr sse sse2 ss ht tm pbe syscall nx pdpe1gb rdtscp lm constant_tsc art arch_perfmon pebs bts rep_good nopl xtopology nonstop_tsc cpuid aperfmperf pni pclmulqdq dtes64 monitor ds_cpl vmx est tm2 ssse3 sdbg fma cx16 xtpr pdcm pcid sse4_1 sse4_2 x2apic movbe popcnt tsc_deadline_timer aes xsave avx f16c rdrand lahf_lm abm 3dnowprefetch cpuid_fault epb invpcid_single pti ssbd ibrs ibpb stibp tpr_shadow vnmi flexpriority ept vpid ept_ad fsgsbase tsc_adjust bmi1 avx2 smep bmi2 erms invpcid mpx rdseed adx smap clflushopt intel_pt xsaveopt xsavec xgetbv1 xsaves dtherm ida arat pln pts hwp hwp_notify hwp_act_window hwp_epp md_clear flush_l1d
bugs		: cpu_meltdown spectre_v1 spectre_v2 spec_store_bypass l1tf mds swapgs itlb_multihit
bogomips	: 4399.99
clflush size	: 64
cache_alignment	: 64
address sizes	: 39 bits physical, 48 bits virtual
power management:

processor	: 5
vendor_id	: GenuineIntel
cpu family	: 6
model		: 158
model name	: Intel(R) Core(TM) i7-8750H CPU @ 2.20GHz
stepping	: 10
microcode	: 0xca
cpu MHz		: 2200.307
cache size	: 9216 KB
physical id	: 0
siblings	: 12
core id		: 5
cpu cores	: 6
apicid		: 10
initial apicid	: 10
fpu		: yes
fpu_exception	: yes
cpuid level	: 22
wp		: yes
flags		: fpu vme de pse tsc msr pae mce cx8 apic sep mtrr pge mca cmov pat pse36 clflush dts acpi mmx fxsr sse sse2 ss ht tm pbe syscall nx pdpe1gb rdtscp lm constant_tsc art arch_perfmon pebs bts rep_good nopl xtopology nonstop_tsc cpuid aperfmperf pni pclmulqdq dtes64 monitor ds_cpl vmx est tm2 ssse3 sdbg fma cx16 xtpr pdcm pcid sse4_1 sse4_2 x2apic movbe popcnt tsc_deadline_timer aes xsave avx f16c rdrand lahf_lm abm 3dnowprefetch cpuid_fault epb invpcid_single pti ssbd ibrs ibpb stibp tpr_shadow vnmi flexpriority ept vpid ept_ad fsgsbase tsc_adjust bmi1 avx2 smep bmi2 erms invpcid mpx rdseed adx smap clflushopt intel_pt xsaveopt xsavec xgetbv1 xsaves dtherm ida arat pln pts hwp hwp_notify hwp_act_window hwp_epp md_clear flush_l1d
bugs		: cpu_meltdown spectre_v1 spectre_v2 spec_store_bypass l1tf mds swapgs itlb_multihit
bogomips	: 4399.99
clflush size	: 64
cache_alignment	: 64
address sizes	: 39 bits physical, 48 bits virtual
power management:

processor	: 6
vendor_id	: GenuineIntel
cpu family	: 6
model		: 158
model name	: Intel(R) Core(TM) i7-8750H CPU @ 2.20GHz
stepping	: 10
microcode	: 0xca
cpu MHz		: 2200.160
cache size	: 9216 KB
physical id	: 0
siblings	: 12
core id		: 0
cpu cores	: 6
apicid		: 1
initial apicid	: 1
fpu		: yes
fpu_exception	: yes
cpuid level	: 22
wp		: yes
flags		: fpu vme de pse tsc msr pae mce cx8 apic sep mtrr pge mca cmov pat pse36 clflush dts acpi mmx fxsr sse sse2 ss ht tm pbe syscall nx pdpe1gb rdtscp lm constant_tsc art arch_perfmon pebs bts rep_good nopl xtopology nonstop_tsc cpuid aperfmperf pni pclmulqdq dtes64 monitor ds_cpl vmx est tm2 ssse3 sdbg fma cx16 xtpr pdcm pcid sse4_1 sse4_2 x2apic movbe popcnt tsc_deadline_timer aes xsave avx f16c rdrand lahf_lm abm 3dnowprefetch cpuid_fault epb invpcid_single pti ssbd ibrs ibpb stibp tpr_shadow vnmi flexpriority ept vpid ept_ad fsgsbase tsc_adjust bmi1 avx2 smep bmi2 erms invpcid mpx rdseed adx smap clflushopt intel_pt xsaveopt xsavec xgetbv1 xsaves dtherm ida arat pln pts hwp hwp_notify hwp_act_window hwp_epp md_clear flush_l1d
bugs		: cpu_meltdown spectre_v1 spectre_v2 spec_store_bypass l1tf mds swapgs itlb_multihit
bogomips	: 4399.99
clflush size	: 64
cache_alignment	: 64
address sizes	: 39 bits physical, 48 bits virtual
power management:

processor	: 7
vendor_id	: GenuineIntel
cpu family	: 6
model		: 158
model name	: Intel(R) Core(TM) i7-8750H CPU @ 2.20GHz
stepping	: 10
microcode	: 0xca
cpu MHz		: 2200.092
cache size	: 9216 KB
physical id	: 0
siblings	: 12
core id		: 1
cpu cores	: 6
apicid		: 3
initial apicid	: 3
fpu		: yes
fpu_exception	: yes
cpuid level	: 22
wp		: yes
flags		: fpu vme de pse tsc msr pae mce cx8 apic sep mtrr pge mca cmov pat pse36 clflush dts acpi mmx fxsr sse sse2 ss ht tm pbe syscall nx pdpe1gb rdtscp lm constant_tsc art arch_perfmon pebs bts rep_good nopl xtopology nonstop_tsc cpuid aperfmperf pni pclmulqdq dtes64 monitor ds_cpl vmx est tm2 ssse3 sdbg fma cx16 xtpr pdcm pcid sse4_1 sse4_2 x2apic movbe popcnt tsc_deadline_timer aes xsave avx f16c rdrand lahf_lm abm 3dnowprefetch cpuid_fault epb invpcid_single pti ssbd ibrs ibpb stibp tpr_shadow vnmi flexpriority ept vpid ept_ad fsgsbase tsc_adjust bmi1 avx2 smep bmi2 erms invpcid mpx rdseed adx smap clflushopt intel_pt xsaveopt xsavec xgetbv1 xsaves dtherm ida arat pln pts hwp hwp_notify hwp_act_window hwp_epp md_clear flush_l1d
bugs		: cpu_meltdown spectre_v1 spectre_v2 spec_store_bypass l1tf mds swapgs itlb_multihit
bogomips	: 4399.99
clflush size	: 64
cache_alignment	: 64
address sizes	: 39 bits physical, 48 bits virtual
power management:

processor	: 8
vendor_id	: GenuineIntel
cpu family	: 6
model		: 158
model name	: Intel(R) Core(TM) i7-8750H CPU @ 2.20GHz
stepping	: 10
microcode	: 0xca
cpu MHz		: 2200.313
cache size	: 9216 KB
physical id	: 0
siblings	: 12
core id		: 2
cpu cores	: 6
apicid		: 5
initial apicid	: 5
fpu		: yes
fpu_exception	: yes
cpuid level	: 22
wp		: yes
flags		: fpu vme de pse tsc msr pae mce cx8 apic sep mtrr pge mca cmov pat pse36 clflush dts acpi mmx fxsr sse sse2 ss ht tm pbe syscall nx pdpe1gb rdtscp lm constant_tsc art arch_perfmon pebs bts rep_good nopl xtopology nonstop_tsc cpuid aperfmperf pni pclmulqdq dtes64 monitor ds_cpl vmx est tm2 ssse3 sdbg fma cx16 xtpr pdcm pcid sse4_1 sse4_2 x2apic movbe popcnt tsc_deadline_timer aes xsave avx f16c rdrand lahf_lm abm 3dnowprefetch cpuid_fault epb invpcid_single pti ssbd ibrs ibpb stibp tpr_shadow vnmi flexpriority ept vpid ept_ad fsgsbase tsc_adjust bmi1 avx2 smep bmi2 erms invpcid mpx rdseed adx smap clflushopt intel_pt xsaveopt xsavec xgetbv1 xsaves dtherm ida arat pln pts hwp hwp_notify hwp_act_window hwp_epp md_clear flush_l1d
bugs		: cpu_meltdown spectre_v1 spectre_v2 spec_store_bypass l1tf mds swapgs itlb_multihit
bogomips	: 4399.99
clflush size	: 64
cache_alignment	: 64
address sizes	: 39 bits physical, 48 bits virtual
power management:

processor	: 9
vendor_id	: GenuineIntel
cpu family	: 6
model		: 158
model name	: Intel(R) Core(TM) i7-8750H CPU @ 2.20GHz
stepping	: 10
microcode	: 0xca
cpu MHz		: 2200.184
cache size	: 9216 KB
physical id	: 0
siblings	: 12
core id		: 3
cpu cores	: 6
apicid		: 7
initial apicid	: 7
fpu		: yes
fpu_exception	: yes
cpuid level	: 22
wp		: yes
flags		: fpu vme de pse tsc msr pae mce cx8 apic sep mtrr pge mca cmov pat pse36 clflush dts acpi mmx fxsr sse sse2 ss ht tm pbe syscall nx pdpe1gb rdtscp lm constant_tsc art arch_perfmon pebs bts rep_good nopl xtopology nonstop_tsc cpuid aperfmperf pni pclmulqdq dtes64 monitor ds_cpl vmx est tm2 ssse3 sdbg fma cx16 xtpr pdcm pcid sse4_1 sse4_2 x2apic movbe popcnt tsc_deadline_timer aes xsave avx f16c rdrand lahf_lm abm 3dnowprefetch cpuid_fault epb invpcid_single pti ssbd ibrs ibpb stibp tpr_shadow vnmi flexpriority ept vpid ept_ad fsgsbase tsc_adjust bmi1 avx2 smep bmi2 erms invpcid mpx rdseed adx smap clflushopt intel_pt xsaveopt xsavec xgetbv1 xsaves dtherm ida arat pln pts hwp hwp_notify hwp_act_window hwp_epp md_clear flush_l1d
bugs		: cpu_meltdown spectre_v1 spectre_v2 spec_store_bypass l1tf mds swapgs itlb_multihit
bogomips	: 4399.99
clflush size	: 64
cache_alignment	: 64
address sizes	: 39 bits physical, 48 bits virtual
power management:

processor	: 10
vendor_id	: GenuineIntel
cpu family	: 6
model		: 158
model name	: Intel(R) Core(TM) i7-8750H CPU @ 2.20GHz
stepping	: 10
microcode	: 0xca
cpu MHz		: 2200.120
cache size	: 9216 KB
physical id	: 0
siblings	: 12
core id		: 4
cpu cores	: 6
apicid		: 9
initial apicid	: 9
fpu		: yes
fpu_exception	: yes
cpuid level	: 22
wp		: yes
flags		: fpu vme de pse tsc msr pae mce cx8 apic sep mtrr pge mca cmov pat pse36 clflush dts acpi mmx fxsr sse sse2 ss ht tm pbe syscall nx pdpe1gb rdtscp lm constant_tsc art arch_perfmon pebs bts rep_good nopl xtopology nonstop_tsc cpuid aperfmperf pni pclmulqdq dtes64 monitor ds_cpl vmx est tm2 ssse3 sdbg fma cx16 xtpr pdcm pcid sse4_1 sse4_2 x2apic movbe popcnt tsc_deadline_timer aes xsave avx f16c rdrand lahf_lm abm 3dnowprefetch cpuid_fault epb invpcid_single pti ssbd ibrs ibpb stibp tpr_shadow vnmi flexpriority ept vpid ept_ad fsgsbase tsc_adjust bmi1 avx2 smep bmi2 erms invpcid mpx rdseed adx smap clflushopt intel_pt xsaveopt xsavec xgetbv1 xsaves dtherm ida arat pln pts hwp hwp_notify hwp_act_window hwp_epp md_clear flush_l1d
bugs		: cpu_meltdown spectre_v1 spectre_v2 spec_store_bypass l1tf mds swapgs itlb_multihit
bogomips	: 4399.99
clflush size	: 64
cache_alignment	: 64
address sizes	: 39 bits physical, 48 bits virtual
power management:

processor	: 11
vendor_id	: GenuineIntel
cpu family	: 6
model		: 158
model name	: Intel(R) Core(TM) i7-8750H CPU @ 2.20GHz
stepping	: 10
microcode	: 0xca
cpu MHz		: 2200.199
cache size	: 9216 KB
physical id	: 0
siblings	: 12
core id		: 5
cpu cores	: 6
apicid		: 11
initial apicid	: 11
fpu		: yes
fpu_exception	: yes
cpuid level	: 22
wp		: yes
flags		: fpu vme de pse tsc msr pae mce cx8 apic sep mtrr pge mca cmov pat pse36 clflush dts acpi mmx fxsr sse sse2 ss ht tm pbe syscall nx pdpe1gb rdtscp lm constant_tsc art arch_perfmon pebs bts rep_good nopl xtopology nonstop_tsc cpuid aperfmperf pni pclmulqdq dtes64 monitor ds_cpl vmx est tm2 ssse3 sdbg fma cx16 xtpr pdcm pcid sse4_1 sse4_2 x2apic movbe popcnt tsc_deadline_timer aes xsave avx f16c rdrand lahf_lm abm 3dnowprefetch cpuid_fault epb invpcid_single pti ssbd ibrs ibpb stibp tpr_shadow vnmi flexpriority ept vpid ept_ad fsgsbase tsc_adjust bmi1 avx2 smep bmi2 erms invpcid mpx rdseed adx smap clflushopt intel_pt xsaveopt xsavec xgetbv1 xsaves dtherm ida arat pln pts hwp hwp_notify hwp_act_window hwp_epp md_clear flush_l1d
bugs		: cpu_meltdown spectre_v1 spectre_v2 spec_store_bypass l1tf mds swapgs itlb_multihit
bogomips	: 4399.99
clflush size	: 64
cache_alignment	: 64
address sizes	: 39 bits physical, 48 bits virtual
power management:



Memory: 4k page, physical 32713532k(25966796k free), swap 2097148k(2097148k free)

vm_info: OpenJDK 64-Bit Server VM (25.242-b08) for linux-amd64 JRE (1.8.0_242-8u242-b08-0ubuntu3~18.04-b08), built on Jan 17 2020 23:41:21 by "buildd" with gcc 7.4.0

time: Mon Feb 17 15:56:00 2020
timezone: CST
elapsed time: 2 seconds (0d 0h 0m 2s)

