#
# A fatal error has been detected by the Java Runtime Environment:
#
#  SIGSEGV (0xb) at pc=0x0000000041b9defa, pid=9079, tid=0x00007f6ed6faa700
#
# JRE version: OpenJDK Runtime Environment (8.0_222-b10) (build 1.8.0_222-8u222-b10-1ubuntu1~18.04.1-b10)
# Java VM: OpenJDK 64-Bit Server VM (25.222-b10 mixed mode linux-amd64 compressed oops)
# Problematic frame:
# C  0x0000000041b9defa
#
# Failed to write core dump. Core dumps have been disabled. To enable core dumping, try "ulimit -c unlimited" before starting Java again
#
# If you would like to submit a bug report, please visit:
#   http://bugreport.java.com/bugreport/crash.jsp
# The crash happened outside the Java Virtual Machine in native code.
# See problematic frame for where to report the bug.
#

---------------  T H R E A D  ---------------

Current thread (0x00007f6ed000b800):  JavaThread "main" [_thread_in_native, id=9084, stack(0x00007f6ed6eab000,0x00007f6ed6fab000)]

siginfo: si_signo: 11 (SIGSEGV), si_code: 1 (SEGV_MAPERR), si_addr: 0x0000000000000000

Registers:
RAX=0x00007f6e835d098c, RBX=0x00000000409c9000, RCX=0x0000000000000000, RDX=0x00007f6ed092d584
RSP=0x00007f6ed6fa91a8, RBP=0x000000003f800000, RSI=0x0000000000000000, RDI=0x0000000000000000
R8 =0x0000000000000001, R9 =0x0000000000000000, R10=0x0000000040a46950, R11=0x00007f6ed092d598
R12=0x0000000000000006, R13=0x0000000000000006, R14=0x00007f6ed092d580, R15=0x0000000000000090
RIP=0x0000000041b9defa, EFLAGS=0x0000000000010246, CSGSFS=0x002b000000000033, ERR=0x0000000000000004
  TRAPNO=0x000000000000000e

Top of Stack: (sp=0x00007f6ed6fa91a8)
0x00007f6ed6fa91a8:   00007f6e8a240f5d 00007f6e83e34620
0x00007f6ed6fa91b8:   000000008a210bf3 000000005df68e5a
0x00007f6ed6fa91c8:   0000000600001405 0000000000000000
0x00007f6ed6fa91d8:   00000004d000c5d0 00000000409c9000
0x00007f6ed6fa91e8:   00007f6ed095ba28 00007f6ed06872c0
0x00007f6ed6fa91f8:   0000000041b9de80 0000002000000000
0x00007f6ed6fa9208:   0000000000000000 0000000000000000
0x00007f6ed6fa9218:   0000000000000000 0000000600000000
0x00007f6ed6fa9228:   00007f6ed092d580 0000000000000000
0x00007f6ed6fa9238:   0000000000000000 0000000000000000
0x00007f6ed6fa9248:   0000000000000000 0000000000000000
0x00007f6ed6fa9258:   0000000000000000 00007f6ed06872c0
0x00007f6ed6fa9268:   0000000000000000 0000000000000000
0x00007f6ed6fa9278:   0000000000000000 0000000000000000
0x00007f6ed6fa9288:   0000000000000000 0000000000000000
0x00007f6ed6fa9298:   0000000000000000 00000002f00df00d
0x00007f6ed6fa92a8:   000000000000009a 00000001beefbeef
0x00007f6ed6fa92b8:   0000000000000000 00000000f00df00d
0x00007f6ed6fa92c8:   0000000000000027 00000000409c9000
0x00007f6ed6fa92d8:   00007f6ed095c030 0000000000000001
0x00007f6ed6fa92e8:   00007f6ed6fa7110 0000000000000102
0x00007f6ed6fa92f8:   00007f6e8a16fb87 0000000000000042
0x00007f6ed6fa9308:   0000000000000000 0000000000000000
0x00007f6ed6fa9318:   0000000040a20e44 00007f6ed6fa9360
0x00007f6ed6fa9328:   0000000040a20e40 00000000409c9000
0x00007f6ed6fa9338:   0000000000000007 0000000000002133
0x00007f6ed6fa9348:   00007f6e8a1705c1 00007f6ed0695884
0x00007f6ed6fa9358:   0000000301010123 0000000300002133
0x00007f6ed6fa9368:   0000000100000003 0000000800000002
0x00007f6ed6fa9378:   0000000400000001 00007f6e00000010
0x00007f6ed6fa9388:   00000018d095cad0 0000000000000102
0x00007f6ed6fa9398:   00c0000000000000 3fffffff3fffffff 

Instructions: (pc=0x0000000041b9defa)
0x0000000041b9deda:   68 04 48 be e0 06 a2 40 00 00 00 00 48 8b 36 48
0x0000000041b9deea:   8b b6 38 03 00 00 48 8b f9 48 c1 e7 04 48 03 f7
0x0000000041b9defa:   8b 3e 8b 6e 04 89 78 08 89 68 0c 8b 7e 08 8b 6e
0x0000000041b9df0a:   0c 89 78 10 89 68 14 48 83 c0 18 49 3b d3 75 8d 

Register to memory mapping:

RAX=0x00007f6e835d098c is an unknown value
RBX=0x00000000409c9000 is an unknown value
RCX=0x0000000000000000 is an unknown value
RDX=0x00007f6ed092d584 is an unknown value
RSP=0x00007f6ed6fa91a8 is pointing into the stack for thread: 0x00007f6ed000b800
RBP=0x000000003f800000 is an unknown value
RSI=0x0000000000000000 is an unknown value
RDI=0x0000000000000000 is an unknown value
R8 =0x0000000000000001 is an unknown value
R9 =0x0000000000000000 is an unknown value
R10=0x0000000040a46950 is an unknown value
R11=0x00007f6ed092d598 is an unknown value
R12=0x0000000000000006 is an unknown value
R13=0x0000000000000006 is an unknown value
R14=0x00007f6ed092d580 is an unknown value
R15=0x0000000000000090 is an unknown value


Stack: [0x00007f6ed6eab000,0x00007f6ed6fab000],  sp=0x00007f6ed6fa91a8,  free space=1016k
Native frames: (J=compiled Java code, j=interpreted, Vv=VM code, C=native code)
C  0x0000000041b9defa

Java frames: (J=compiled Java code, j=interpreted, Vv=VM code)
j  org.lwjgl.opengl.GL11C.nglDrawElements(IIIJ)V+0
j  org.lwjgl.opengl.GL11C.glDrawElements(IIIJ)V+4
j  org.lwjgl.opengl.GL11.glDrawElements(IIIJ)V+4
j  GUI.GUIRenderer.render(Lmodels/Mesh;Ljava/util/List;)V+56
j  rendering.MasterRenderer.render()V+203
j  misc.Game.render()V+8
j  main.Main.main([Ljava/lang/String;)V+30
v  ~StubRoutines::call_stub

---------------  P R O C E S S  ---------------

Java Threads: ( => current thread )
  0x00007f6ed00d7800 JavaThread "Service Thread" daemon [_thread_blocked, id=9105, stack(0x00007f6e9968e000,0x00007f6e9978f000)]
  0x00007f6ed00cc800 JavaThread "C1 CompilerThread3" daemon [_thread_blocked, id=9104, stack(0x00007f6e99790000,0x00007f6e99890000)]
  0x00007f6ed00ca800 JavaThread "C2 CompilerThread2" daemon [_thread_blocked, id=9103, stack(0x00007f6e99891000,0x00007f6e99991000)]
  0x00007f6ed00c9000 JavaThread "C2 CompilerThread1" daemon [_thread_in_native, id=9102, stack(0x00007f6e99992000,0x00007f6e99a92000)]
  0x00007f6ed00c6000 JavaThread "C2 CompilerThread0" daemon [_thread_blocked, id=9101, stack(0x00007f6e99a93000,0x00007f6e99b93000)]
  0x00007f6ed00c4800 JavaThread "Signal Dispatcher" daemon [_thread_blocked, id=9100, stack(0x00007f6e99b93000,0x00007f6e99c94000)]
  0x00007f6ed0091800 JavaThread "Finalizer" daemon [_thread_blocked, id=9099, stack(0x00007f6e9a663000,0x00007f6e9a764000)]
  0x00007f6ed008f800 JavaThread "Reference Handler" daemon [_thread_blocked, id=9098, stack(0x00007f6e9a764000,0x00007f6e9a865000)]
=>0x00007f6ed000b800 JavaThread "main" [_thread_in_native, id=9084, stack(0x00007f6ed6eab000,0x00007f6ed6fab000)]

Other Threads:
  0x00007f6ed0085800 VMThread [stack: 0x00007f6e9a866000,0x00007f6e9a966000] [id=9096]
  0x00007f6ed00da000 WatcherThread [stack: 0x00007f6e9958e000,0x00007f6e9968e000] [id=9106]

VM state:not at safepoint (normal execution)

VM Mutex/Monitor currently owned by a thread: None

heap address: 0x00000005ccc00000, size: 7988 MB, Compressed Oops mode: Zero based, Oop shift amount: 3
Narrow klass base: 0x0000000000000000, Narrow klass shift: 3
Compressed class space size: 1073741824 Address: 0x00000007c0000000

Heap:
 PSYoungGen      total 149504K, used 60523K [0x0000000719980000, 0x000000072bd80000, 0x00000007c0000000)
  eden space 128512K, 45% used [0x0000000719980000,0x000000071d21ade8,0x0000000721700000)
  from space 20992K, 12% used [0x0000000722b80000,0x0000000722e000a0,0x0000000724000000)
  to   space 20992K, 0% used [0x0000000721700000,0x0000000721700000,0x0000000722b80000)
 ParOldGen       total 341504K, used 88K [0x00000005ccc00000, 0x00000005e1980000, 0x0000000719980000)
  object space 341504K, 0% used [0x00000005ccc00000,0x00000005ccc16010,0x00000005e1980000)
 Metaspace       used 11210K, capacity 11411K, committed 11520K, reserved 1060864K
  class space    used 905K, capacity 1006K, committed 1024K, reserved 1048576K

Card table byte_map: [0x00007f6ebf464000,0x00007f6ec03ff000] byte_map_base: 0x00007f6ebc5fe000

Marking Bits: (ParMarkBitMap*) 0x00007f6ed6145360
 Begin Bits: [0x00007f6ea0660000, 0x00007f6ea8330000)
 End Bits:   [0x00007f6ea8330000, 0x00007f6eb0000000)

Polling page: 0x00007f6ed6fc6000

CodeCache: size=245760Kb used=4337Kb max_used=4337Kb free=241422Kb
 bounds [0x00007f6ec07bf000, 0x00007f6ec0c0f000, 0x00007f6ecf7bf000]
 total_blobs=2013 nmethods=1091 adapters=837
 compilation: enabled

Compilation events (10 events):
Event: 1.007 Thread 0x00007f6ed00cc800 nmethod 1085 0x00007f6ec0bfc3d0 code [0x00007f6ec0bfc540, 0x00007f6ec0bfc6f0]
Event: 1.008 Thread 0x00007f6ed00cc800 1087       3       GUI.Constraint::setValue (70 bytes)
Event: 1.008 Thread 0x00007f6ed00cc800 nmethod 1087 0x00007f6ec0bfc750 code [0x00007f6ec0bfc920, 0x00007f6ec0bfcfd0]
Event: 1.008 Thread 0x00007f6ed00cc800 1088       3       window.GLFWWindow::getHeight (16 bytes)
Event: 1.008 Thread 0x00007f6ed00cc800 nmethod 1088 0x00007f6ec0bfd390 code [0x00007f6ec0bfd540, 0x00007f6ec0bfda78]
Event: 1.008 Thread 0x00007f6ed00cc800 1086       1       math.Transform::getPos (5 bytes)
Event: 1.008 Thread 0x00007f6ed00cc800 nmethod 1086 0x00007f6ec0bfdd90 code [0x00007f6ec0bfdee0, 0x00007f6ec0bfdff0]
Event: 1.009 Thread 0x00007f6ed00cc800 1089       3       java.util.Vector::elementData (7 bytes)
Event: 1.009 Thread 0x00007f6ed00cc800 nmethod 1089 0x00007f6ec0bfe050 code [0x00007f6ec0bfe1c0, 0x00007f6ec0bfe350]
Event: 1.011 Thread 0x00007f6ed00cc800 1090       3       java.util.LinkedHashMap$LinkedHashIterator::nextNode (54 bytes)

GC Heap History (4 events):
Event: 0.738 GC heap before
{Heap before GC invocations=1 (full 0):
 PSYoungGen      total 149504K, used 128512K [0x0000000719980000, 0x0000000724000000, 0x00000007c0000000)
  eden space 128512K, 100% used [0x0000000719980000,0x0000000721700000,0x0000000721700000)
  from space 20992K, 0% used [0x0000000722b80000,0x0000000722b80000,0x0000000724000000)
  to   space 20992K, 0% used [0x0000000721700000,0x0000000721700000,0x0000000722b80000)
 ParOldGen       total 341504K, used 0K [0x00000005ccc00000, 0x00000005e1980000, 0x0000000719980000)
  object space 341504K, 0% used [0x00000005ccc00000,0x00000005ccc00000,0x00000005e1980000)
 Metaspace       used 10852K, capacity 11059K, committed 11264K, reserved 1058816K
  class space    used 870K, capacity 974K, committed 1024K, reserved 1048576K
Event: 0.742 GC heap after
Heap after GC invocations=1 (full 0):
 PSYoungGen      total 149504K, used 9676K [0x0000000719980000, 0x0000000724000000, 0x00000007c0000000)
  eden space 128512K, 0% used [0x0000000719980000,0x0000000719980000,0x0000000721700000)
  from space 20992K, 46% used [0x0000000721700000,0x00000007220731e0,0x0000000722b80000)
  to   space 20992K, 0% used [0x0000000722b80000,0x0000000722b80000,0x0000000724000000)
 ParOldGen       total 341504K, used 80K [0x00000005ccc00000, 0x00000005e1980000, 0x0000000719980000)
  object space 341504K, 0% used [0x00000005ccc00000,0x00000005ccc14010,0x00000005e1980000)
 Metaspace       used 10852K, capacity 11059K, committed 11264K, reserved 1058816K
  class space    used 870K, capacity 974K, committed 1024K, reserved 1048576K
}
Event: 0.820 GC heap before
{Heap before GC invocations=2 (full 0):
 PSYoungGen      total 149504K, used 138188K [0x0000000719980000, 0x0000000724000000, 0x00000007c0000000)
  eden space 128512K, 100% used [0x0000000719980000,0x0000000721700000,0x0000000721700000)
  from space 20992K, 46% used [0x0000000721700000,0x00000007220731e0,0x0000000722b80000)
  to   space 20992K, 0% used [0x0000000722b80000,0x0000000722b80000,0x0000000724000000)
 ParOldGen       total 341504K, used 80K [0x00000005ccc00000, 0x00000005e1980000, 0x0000000719980000)
  object space 341504K, 0% used [0x00000005ccc00000,0x00000005ccc14010,0x00000005e1980000)
 Metaspace       used 10863K, capacity 11059K, committed 11264K, reserved 1058816K
  class space    used 870K, capacity 974K, committed 1024K, reserved 1048576K
Event: 0.822 GC heap after
Heap after GC invocations=2 (full 0):
 PSYoungGen      total 149504K, used 2560K [0x0000000719980000, 0x000000072bd80000, 0x00000007c0000000)
  eden space 128512K, 0% used [0x0000000719980000,0x0000000719980000,0x0000000721700000)
  from space 20992K, 12% used [0x0000000722b80000,0x0000000722e000a0,0x0000000724000000)
  to   space 20992K, 0% used [0x0000000721700000,0x0000000721700000,0x0000000722b80000)
 ParOldGen       total 341504K, used 88K [0x00000005ccc00000, 0x00000005e1980000, 0x0000000719980000)
  object space 341504K, 0% used [0x00000005ccc00000,0x00000005ccc16010,0x00000005e1980000)
 Metaspace       used 10863K, capacity 11059K, committed 11264K, reserved 1058816K
  class space    used 870K, capacity 974K, committed 1024K, reserved 1048576K
}

Deoptimization events (10 events):
Event: 0.636 Thread 0x00007f6ed000b800 Uncommon trap: reason=unstable_if action=reinterpret pc=0x00007f6ec0b2c05c method=sun.misc.FloatingDecimal$ASCIIToBinaryBuffer.floatValue()F @ 70
Event: 0.644 Thread 0x00007f6ed000b800 Uncommon trap: reason=unstable_if action=reinterpret pc=0x00007f6ec0b45d00 method=sun.misc.FloatingDecimal.readJavaFormatString(Ljava/lang/String;)Lsun/misc/FloatingDecimal$ASCIIToBinaryConverter; @ 235
Event: 0.644 Thread 0x00007f6ed000b800 Uncommon trap: reason=class_check action=maybe_recompile pc=0x00007f6ec0b3edc8 method=sun.misc.FloatingDecimal.parseFloat(Ljava/lang/String;)F @ 4
Event: 0.659 Thread 0x00007f6ed000b800 Uncommon trap: reason=class_check action=maybe_recompile pc=0x00007f6ec0b3edc8 method=sun.misc.FloatingDecimal.parseFloat(Ljava/lang/String;)F @ 4
Event: 0.674 Thread 0x00007f6ed000b800 Uncommon trap: reason=class_check action=maybe_recompile pc=0x00007f6ec0b3edc8 method=sun.misc.FloatingDecimal.parseFloat(Ljava/lang/String;)F @ 4
Event: 0.674 Thread 0x00007f6ed000b800 Uncommon trap: reason=class_check action=maybe_recompile pc=0x00007f6ec0b3edc8 method=sun.misc.FloatingDecimal.parseFloat(Ljava/lang/String;)F @ 4
Event: 0.814 Thread 0x00007f6ed000b800 Uncommon trap: reason=unstable_if action=reinterpret pc=0x00007f6ec0ae4c98 method=java.nio.Bits.copyFromArray(Ljava/lang/Object;JJJJ)V @ 18
Event: 0.839 Thread 0x00007f6ed000b800 Uncommon trap: reason=unstable_if action=reinterpret pc=0x00007f6ec097a070 method=java.lang.String.indexOf([CII[CIII)I @ 3
Event: 0.887 Thread 0x00007f6ed000b800 Uncommon trap: reason=unstable_if action=reinterpret pc=0x00007f6ec0bcaf4c method=sun.security.provider.NativePRNG$RandomIO.ensureBufferValid()V @ 57
Event: 0.968 Thread 0x00007f6ed000b800 Uncommon trap: reason=unstable_if action=reinterpret pc=0x00007f6ec0bf06dc method=terrain.Terrain.getVertexNormals([F[I)[F @ 211

Classes redefined (0 events):
No events

Internal exceptions (10 events):
Event: 0.119 Thread 0x00007f6ed000b800 Exception <a 'java/security/PrivilegedActionException'> (0x0000000719f69478) thrown at [/build/openjdk-8-OqY7zN/openjdk-8-8u222-b10/src/hotspot/src/share/vm/prims/jvm.cpp, line 1502]
Event: 0.119 Thread 0x00007f6ed000b800 Exception <a 'java/security/PrivilegedActionException'> (0x0000000719f69688) thrown at [/build/openjdk-8-OqY7zN/openjdk-8-8u222-b10/src/hotspot/src/share/vm/prims/jvm.cpp, line 1502]
Event: 0.119 Thread 0x00007f6ed000b800 Exception <a 'java/security/PrivilegedActionException'> (0x0000000719f6b710) thrown at [/build/openjdk-8-OqY7zN/openjdk-8-8u222-b10/src/hotspot/src/share/vm/prims/jvm.cpp, line 1502]
Event: 0.119 Thread 0x00007f6ed000b800 Exception <a 'java/security/PrivilegedActionException'> (0x0000000719f6b920) thrown at [/build/openjdk-8-OqY7zN/openjdk-8-8u222-b10/src/hotspot/src/share/vm/prims/jvm.cpp, line 1502]
Event: 0.119 Thread 0x00007f6ed000b800 Exception <a 'java/security/PrivilegedActionException'> (0x0000000719f6c3f8) thrown at [/build/openjdk-8-OqY7zN/openjdk-8-8u222-b10/src/hotspot/src/share/vm/prims/jvm.cpp, line 1502]
Event: 0.119 Thread 0x00007f6ed000b800 Exception <a 'java/security/PrivilegedActionException'> (0x0000000719f6c608) thrown at [/build/openjdk-8-OqY7zN/openjdk-8-8u222-b10/src/hotspot/src/share/vm/prims/jvm.cpp, line 1502]
Event: 0.128 Thread 0x00007f6ed000b800 Exception <a 'sun/nio/fs/UnixException'> (0x0000000719f99730) thrown at [/build/openjdk-8-OqY7zN/openjdk-8-8u222-b10/src/hotspot/src/share/vm/prims/jni.cpp, line 710]
Event: 0.131 Thread 0x00007f6ed000b800 Exception <a 'sun/nio/fs/UnixException'> (0x0000000719fa9cb0) thrown at [/build/openjdk-8-OqY7zN/openjdk-8-8u222-b10/src/hotspot/src/share/vm/prims/jni.cpp, line 710]
Event: 0.226 Thread 0x00007f6ed000b800 Exception <a 'sun/nio/fs/UnixException'> (0x000000071a119488) thrown at [/build/openjdk-8-OqY7zN/openjdk-8-8u222-b10/src/hotspot/src/share/vm/prims/jni.cpp, line 710]
Event: 0.226 Thread 0x00007f6ed000b800 Exception <a 'sun/nio/fs/UnixException'> (0x000000071a121520) thrown at [/build/openjdk-8-OqY7zN/openjdk-8-8u222-b10/src/hotspot/src/share/vm/prims/jni.cpp, line 710]

Events (10 events):
Event: 0.928 loading class terrain/Vertex done
Event: 0.932 loading class terrain/Face
Event: 0.932 loading class terrain/Face done
Event: 0.968 Thread 0x00007f6ed000b800 Uncommon trap: trap_request=0xffffff65 fr.pc=0x00007f6ec0bf06dc
Event: 0.968 Thread 0x00007f6ed000b800 DEOPT PACKING pc=0x00007f6ec0bf06dc sp=0x00007f6ed6fa9660
Event: 0.968 Thread 0x00007f6ed000b800 DEOPT UNPACKING pc=0x00007f6ec080447a sp=0x00007f6ed6fa9640 mode 2
Event: 1.009 loading class math/Matrix
Event: 1.009 loading class math/Matrix done
Event: 1.010 loading class org/lwjgl/opengl/GL$ICDStatic$WriteOnce
Event: 1.010 loading class org/lwjgl/opengl/GL$ICDStatic$WriteOnce done


Dynamic libraries:
409c9000-40a78000 rw-p 00000000 00:00 0 
41b9c000-41b9e000 r-xs 00000000 103:02 15728687                          /tmp/.gl9E54pw (deleted)
5ccc00000-5e1980000 rw-p 00000000 00:00 0 
5e1980000-719980000 ---p 00000000 00:00 0 
719980000-72bd80000 rw-p 00000000 00:00 0 
72bd80000-7c0000000 ---p 00000000 00:00 0 
7c0000000-7c0100000 rw-p 00000000 00:00 0 
7c0100000-800000000 ---p 00000000 00:00 0 
564860799000-56486079a000 r-xp 00000000 103:02 9838898                   /usr/lib/jvm/java-8-openjdk-amd64/jre/bin/java
564860999000-56486099a000 r--p 00000000 103:02 9838898                   /usr/lib/jvm/java-8-openjdk-amd64/jre/bin/java
56486099a000-56486099b000 rw-p 00001000 103:02 9838898                   /usr/lib/jvm/java-8-openjdk-amd64/jre/bin/java
5648611bb000-5648611dc000 rw-p 00000000 00:00 0                          [heap]
7f6e0c000000-7f6e0c021000 rw-p 00000000 00:00 0 
7f6e0c021000-7f6e10000000 ---p 00000000 00:00 0 
7f6e14000000-7f6e14021000 rw-p 00000000 00:00 0 
7f6e14021000-7f6e18000000 ---p 00000000 00:00 0 
7f6e18000000-7f6e18021000 rw-p 00000000 00:00 0 
7f6e18021000-7f6e1c000000 ---p 00000000 00:00 0 
7f6e1c000000-7f6e1c021000 rw-p 00000000 00:00 0 
7f6e1c021000-7f6e20000000 ---p 00000000 00:00 0 
7f6e20000000-7f6e20021000 rw-p 00000000 00:00 0 
7f6e20021000-7f6e24000000 ---p 00000000 00:00 0 
7f6e24000000-7f6e24021000 rw-p 00000000 00:00 0 
7f6e24021000-7f6e28000000 ---p 00000000 00:00 0 
7f6e28000000-7f6e28021000 rw-p 00000000 00:00 0 
7f6e28021000-7f6e2c000000 ---p 00000000 00:00 0 
7f6e2c000000-7f6e2c021000 rw-p 00000000 00:00 0 
7f6e2c021000-7f6e30000000 ---p 00000000 00:00 0 
7f6e30000000-7f6e30021000 rw-p 00000000 00:00 0 
7f6e30021000-7f6e34000000 ---p 00000000 00:00 0 
7f6e367fd000-7f6e367fe000 ---p 00000000 00:00 0 
7f6e367fe000-7f6e36ffe000 rw-p 00000000 00:00 0 
7f6e36ffe000-7f6e36fff000 ---p 00000000 00:00 0 
7f6e36fff000-7f6e377ff000 rw-p 00000000 00:00 0 
7f6e377ff000-7f6e37800000 ---p 00000000 00:00 0 
7f6e37800000-7f6e38000000 rw-p 00000000 00:00 0 
7f6e38000000-7f6e38021000 rw-p 00000000 00:00 0 
7f6e38021000-7f6e3c000000 ---p 00000000 00:00 0 
7f6e3c000000-7f6e3c021000 rw-p 00000000 00:00 0 
7f6e3c021000-7f6e40000000 ---p 00000000 00:00 0 
7f6e40000000-7f6e40021000 rw-p 00000000 00:00 0 
7f6e40021000-7f6e44000000 ---p 00000000 00:00 0 
7f6e44000000-7f6e44021000 rw-p 00000000 00:00 0 
7f6e44021000-7f6e48000000 ---p 00000000 00:00 0 
7f6e487f9000-7f6e487fa000 ---p 00000000 00:00 0 
7f6e487fa000-7f6e48ffa000 rw-p 00000000 00:00 0 
7f6e48ffa000-7f6e48ffb000 ---p 00000000 00:00 0 
7f6e48ffb000-7f6e497fb000 rw-p 00000000 00:00 0 
7f6e497fb000-7f6e497fc000 ---p 00000000 00:00 0 
7f6e497fc000-7f6e49ffc000 rw-p 00000000 00:00 0 
7f6e49ffc000-7f6e49ffd000 ---p 00000000 00:00 0 
7f6e49ffd000-7f6e4a7fd000 rw-p 00000000 00:00 0 
7f6e4a7fd000-7f6e4a7fe000 ---p 00000000 00:00 0 
7f6e4a7fe000-7f6e4affe000 rw-p 00000000 00:00 0 
7f6e4affe000-7f6e4afff000 ---p 00000000 00:00 0 
7f6e4afff000-7f6e4b7ff000 rw-p 00000000 00:00 0 
7f6e4b7ff000-7f6e4b800000 ---p 00000000 00:00 0 
7f6e4b800000-7f6e4c000000 rw-p 00000000 00:00 0 
7f6e4c000000-7f6e4c32f000 rw-p 00000000 00:00 0 
7f6e4c32f000-7f6e50000000 ---p 00000000 00:00 0 
7f6e50000000-7f6e50021000 rw-p 00000000 00:00 0 
7f6e50021000-7f6e54000000 ---p 00000000 00:00 0 
7f6e54000000-7f6e54bb0000 rw-p 00000000 00:00 0 
7f6e54bb0000-7f6e58000000 ---p 00000000 00:00 0 
7f6e58000000-7f6e58586000 rw-p 00000000 00:00 0 
7f6e58586000-7f6e5c000000 ---p 00000000 00:00 0 
7f6e5c000000-7f6e5c021000 rw-p 00000000 00:00 0 
7f6e5c021000-7f6e60000000 ---p 00000000 00:00 0 
7f6e60000000-7f6e6057b000 rw-p 00000000 00:00 0 
7f6e6057b000-7f6e64000000 ---p 00000000 00:00 0 
7f6e64000000-7f6e64021000 rw-p 00000000 00:00 0 
7f6e64021000-7f6e68000000 ---p 00000000 00:00 0 
7f6e68000000-7f6e68021000 rw-p 00000000 00:00 0 
7f6e68021000-7f6e6c000000 ---p 00000000 00:00 0 
7f6e6c000000-7f6e6c021000 rw-p 00000000 00:00 0 
7f6e6c021000-7f6e70000000 ---p 00000000 00:00 0 
7f6e70000000-7f6e70021000 rw-p 00000000 00:00 0 
7f6e70021000-7f6e74000000 ---p 00000000 00:00 0 
7f6e74000000-7f6e74021000 rw-p 00000000 00:00 0 
7f6e74021000-7f6e78000000 ---p 00000000 00:00 0 
7f6e7856f000-7f6e787f4000 rw-p 00000000 00:00 0 
7f6e787f4000-7f6e787f5000 ---p 00000000 00:00 0 
7f6e787f5000-7f6e78ff5000 rw-p 00000000 00:00 0 
7f6e78ff5000-7f6e78ff6000 ---p 00000000 00:00 0 
7f6e78ff6000-7f6e79bf7000 rw-p 00000000 00:00 0 
7f6e79ff8000-7f6e7a3f9000 rw-p 00000000 00:00 0 
7f6e7a7fa000-7f6e7abfb000 rw-p 00000000 00:00 0 
7f6e7affc000-7f6e7b3fd000 rw-p 00000000 00:00 0 
7f6e7b7fe000-7f6e7bbff000 rw-p 00000000 00:00 0 
7f6e7c000000-7f6e7c021000 rw-p 00000000 00:00 0 
7f6e7c021000-7f6e80000000 ---p 00000000 00:00 0 
7f6e801f6000-7f6e805f6000 rw-s 00000000 00:06 581                        /dev/nvidiactl
7f6e805f6000-7f6e809f7000 rw-p 00000000 00:00 0 
7f6e80df8000-7f6e811f9000 rw-p 00000000 00:00 0 
7f6e815fa000-7f6e819fa000 rw-s 00000000 00:06 581                        /dev/nvidiactl
7f6e819fa000-7f6e81dfb000 rw-p 00000000 00:00 0 
7f6e821fc000-7f6e825fc000 rw-s 00000000 00:06 581                        /dev/nvidiactl
7f6e825fc000-7f6e829fc000 rw-s 00000000 00:06 581                        /dev/nvidiactl
7f6e829fc000-7f6e82dfd000 rw-p 00000000 00:00 0 
7f6e831fe000-7f6e835fe000 rw-s 00000000 00:06 581                        /dev/nvidiactl
7f6e835fe000-7f6e837fe000 rw-s 00000000 00:06 581                        /dev/nvidiactl
7f6e837fe000-7f6e83bff000 rw-p 00000000 00:00 0 
7f6e83e00000-7f6e83e40000 rw-p 00000000 00:00 0 
7f6e83e40000-7f6e84000000 ---p 00000000 00:00 0 
7f6e84000000-7f6e84021000 rw-p 00000000 00:00 0 
7f6e84021000-7f6e88000000 ---p 00000000 00:00 0 
7f6e880f7000-7f6e882f7000 rw-p 00000000 00:00 0 
7f6e882f7000-7f6e88337000 rw-s 00000000 08:01 16253146                   /home/sam/#16253146 (deleted)
7f6e88337000-7f6e88377000 r-xs 00000000 08:01 16253146                   /home/sam/#16253146 (deleted)
7f6e88377000-7f6e883cf000 r-xp 00000000 103:02 15728686                  /tmp/lwjglsam/3.2.3-build-13/liblwjgl_opengl.so
7f6e883cf000-7f6e885ce000 ---p 00058000 103:02 15728686                  /tmp/lwjglsam/3.2.3-build-13/liblwjgl_opengl.so
7f6e885ce000-7f6e885cf000 r--p 00057000 103:02 15728686                  /tmp/lwjglsam/3.2.3-build-13/liblwjgl_opengl.so
7f6e885cf000-7f6e885d0000 rw-p 00058000 103:02 15728686                  /tmp/lwjglsam/3.2.3-build-13/liblwjgl_opengl.so
7f6e885d0000-7f6e885d5000 r-xp 00000000 103:02 9839193                   /usr/lib/x86_64-linux-gnu/libxcb-sync.so.1.0.0
7f6e885d5000-7f6e887d5000 ---p 00005000 103:02 9839193                   /usr/lib/x86_64-linux-gnu/libxcb-sync.so.1.0.0
7f6e887d5000-7f6e887d6000 r--p 00005000 103:02 9839193                   /usr/lib/x86_64-linux-gnu/libxcb-sync.so.1.0.0
7f6e887d6000-7f6e887d7000 rw-p 00006000 103:02 9839193                   /usr/lib/x86_64-linux-gnu/libxcb-sync.so.1.0.0
7f6e887d7000-7f6e887d9000 r-xp 00000000 103:02 9839185                   /usr/lib/x86_64-linux-gnu/libxcb-present.so.0.0.0
7f6e887d9000-7f6e889d8000 ---p 00002000 103:02 9839185                   /usr/lib/x86_64-linux-gnu/libxcb-present.so.0.0.0
7f6e889d8000-7f6e889d9000 r--p 00001000 103:02 9839185                   /usr/lib/x86_64-linux-gnu/libxcb-present.so.0.0.0
7f6e889d9000-7f6e889da000 rw-p 00002000 103:02 9839185                   /usr/lib/x86_64-linux-gnu/libxcb-present.so.0.0.0
7f6e889da000-7f6e889dd000 r-xp 00000000 103:02 9839181                   /usr/lib/x86_64-linux-gnu/libxcb-dri3.so.0.0.0
7f6e889dd000-7f6e88bdc000 ---p 00003000 103:02 9839181                   /usr/lib/x86_64-linux-gnu/libxcb-dri3.so.0.0.0
7f6e88bdc000-7f6e88bdd000 r--p 00002000 103:02 9839181                   /usr/lib/x86_64-linux-gnu/libxcb-dri3.so.0.0.0
7f6e88bdd000-7f6e88bde000 rw-p 00003000 103:02 9839181                   /usr/lib/x86_64-linux-gnu/libxcb-dri3.so.0.0.0
7f6e88bde000-7f6e88bf6000 r-xp 00000000 103:02 9839183                   /usr/lib/x86_64-linux-gnu/libxcb-glx.so.0.0.0
7f6e88bf6000-7f6e88df6000 ---p 00018000 103:02 9839183                   /usr/lib/x86_64-linux-gnu/libxcb-glx.so.0.0.0
7f6e88df6000-7f6e88df8000 r--p 00018000 103:02 9839183                   /usr/lib/x86_64-linux-gnu/libxcb-glx.so.0.0.0
7f6e88df8000-7f6e88df9000 rw-p 0001a000 103:02 9839183                   /usr/lib/x86_64-linux-gnu/libxcb-glx.so.0.0.0
7f6e88e13000-7f6e88e93000 rw-s 00000000 00:06 581                        /dev/nvidiactl
7f6e88f93000-7f6e88fd3000 rw-s 00000000 00:06 581                        /dev/nvidiactl
7f6e88fd3000-7f6e88ff3000 rw-s 00000000 00:06 581                        /dev/nvidiactl
7f6e88ff3000-7f6e89003000 r-xp 00000000 103:02 9840432                   /usr/lib/x86_64-linux-gnu/libdrm.so.2.4.0
7f6e89003000-7f6e89202000 ---p 00010000 103:02 9840432                   /usr/lib/x86_64-linux-gnu/libdrm.so.2.4.0
7f6e89202000-7f6e89203000 r--p 0000f000 103:02 9840432                   /usr/lib/x86_64-linux-gnu/libdrm.so.2.4.0
7f6e89203000-7f6e89204000 rw-p 00010000 103:02 9840432                   /usr/lib/x86_64-linux-gnu/libdrm.so.2.4.0
7f6e89204000-7f6e8a4df000 r-xp 00000000 103:02 9840523                   /usr/lib/x86_64-linux-gnu/libnvidia-glcore.so.440.31
7f6e8a4df000-7f6e8a500000 rwxp 012db000 103:02 9840523                   /usr/lib/x86_64-linux-gnu/libnvidia-glcore.so.440.31
7f6e8a500000-7f6e8aa11000 r-xp 012fc000 103:02 9840523                   /usr/lib/x86_64-linux-gnu/libnvidia-glcore.so.440.31
7f6e8aa11000-7f6e8ac10000 ---p 0180d000 103:02 9840523                   /usr/lib/x86_64-linux-gnu/libnvidia-glcore.so.440.31
7f6e8ac10000-7f6e8af56000 rw-p 0180c000 103:02 9840523                   /usr/lib/x86_64-linux-gnu/libnvidia-glcore.so.440.31
7f6e8af56000-7f6e8af72000 rw-p 00000000 00:00 0 
7f6e8af72000-7f6e8af75000 r-xp 00000000 103:02 9840527                   /usr/lib/x86_64-linux-gnu/libnvidia-tls.so.440.31
7f6e8af75000-7f6e8b175000 ---p 00003000 103:02 9840527                   /usr/lib/x86_64-linux-gnu/libnvidia-tls.so.440.31
7f6e8b175000-7f6e8b176000 rw-p 00003000 103:02 9840527                   /usr/lib/x86_64-linux-gnu/libnvidia-tls.so.440.31
7f6e8b176000-7f6e8b21f000 r-xp 00000000 103:02 9840520                   /usr/lib/x86_64-linux-gnu/libGLX_nvidia.so.440.31
7f6e8b21f000-7f6e8b254000 rwxp 000a9000 103:02 9840520                   /usr/lib/x86_64-linux-gnu/libGLX_nvidia.so.440.31
7f6e8b254000-7f6e8b263000 r-xp 000de000 103:02 9840520                   /usr/lib/x86_64-linux-gnu/libGLX_nvidia.so.440.31
7f6e8b263000-7f6e8b462000 ---p 000ed000 103:02 9840520                   /usr/lib/x86_64-linux-gnu/libGLX_nvidia.so.440.31
7f6e8b462000-7f6e8b486000 rw-p 000ec000 103:02 9840520                   /usr/lib/x86_64-linux-gnu/libGLX_nvidia.so.440.31
7f6e8b486000-7f6e8b488000 rw-p 00000000 00:00 0 
7f6e8b488000-7f6e8b4ca000 r-xp 00000000 103:02 9837994                   /usr/lib/x86_64-linux-gnu/libGLdispatch.so.0.0.0
7f6e8b4ca000-7f6e8b4e3000 r-xp 00042000 103:02 9837994                   /usr/lib/x86_64-linux-gnu/libGLdispatch.so.0.0.0
7f6e8b4e3000-7f6e8b4f6000 r-xp 0005b000 103:02 9837994                   /usr/lib/x86_64-linux-gnu/libGLdispatch.so.0.0.0
7f6e8b4f6000-7f6e8b6f5000 ---p 0006e000 103:02 9837994                   /usr/lib/x86_64-linux-gnu/libGLdispatch.so.0.0.0
7f6e8b6f5000-7f6e8b71d000 r--p 0006d000 103:02 9837994                   /usr/lib/x86_64-linux-gnu/libGLdispatch.so.0.0.0
7f6e8b71d000-7f6e8b71e000 rw-p 00095000 103:02 9837994                   /usr/lib/x86_64-linux-gnu/libGLdispatch.so.0.0.0
7f6e8b71e000-7f6e8b73e000 rw-p 00000000 00:00 0 
7f6e8b73e000-7f6e8b74e000 r-xp 00000000 103:02 9837992                   /usr/lib/x86_64-linux-gnu/libGLX.so.0.0.0
7f6e8b74e000-7f6e8b94d000 ---p 00010000 103:02 9837992                   /usr/lib/x86_64-linux-gnu/libGLX.so.0.0.0
7f6e8b94d000-7f6e8b94e000 r--p 0000f000 103:02 9837992                   /usr/lib/x86_64-linux-gnu/libGLX.so.0.0.0
7f6e8b94e000-7f6e8b94f000 rw-p 00010000 103:02 9837992                   /usr/lib/x86_64-linux-gnu/libGLX.so.0.0.0
7f6e8b94f000-7f6e8b96f000 rw-p 00000000 00:00 0 
7f6e8b96f000-7f6e8b9b3000 r-xp 00000000 103:02 9837986                   /usr/lib/x86_64-linux-gnu/libGL.so.1.0.0
7f6e8b9b3000-7f6e8b9cc000 r-xp 00044000 103:02 9837986                   /usr/lib/x86_64-linux-gnu/libGL.so.1.0.0
7f6e8b9cc000-7f6e8b9e0000 r-xp 0005d000 103:02 9837986                   /usr/lib/x86_64-linux-gnu/libGL.so.1.0.0
7f6e8b9e0000-7f6e8bbdf000 ---p 00071000 103:02 9837986                   /usr/lib/x86_64-linux-gnu/libGL.so.1.0.0
7f6e8bbdf000-7f6e8bbf9000 r--p 00070000 103:02 9837986                   /usr/lib/x86_64-linux-gnu/libGL.so.1.0.0
7f6e8bbf9000-7f6e8bbfa000 rw-p 0008a000 103:02 9837986                   /usr/lib/x86_64-linux-gnu/libGL.so.1.0.0
7f6e8bbfa000-7f6e8bbfb000 rw-p 00000000 00:00 0 
7f6e8bbfb000-7f6e8bbfc000 r-xp 00000000 103:02 9840453                   /usr/lib/x86_64-linux-gnu/libX11-xcb.so.1.0.0
7f6e8bbfc000-7f6e8bdfb000 ---p 00001000 103:02 9840453                   /usr/lib/x86_64-linux-gnu/libX11-xcb.so.1.0.0
7f6e8bdfb000-7f6e8bdfc000 r--p 00000000 103:02 9840453                   /usr/lib/x86_64-linux-gnu/libX11-xcb.so.1.0.0
7f6e8bdfc000-7f6e8bdfd000 rw-p 00001000 103:02 9840453                   /usr/lib/x86_64-linux-gnu/libX11-xcb.so.1.0.0
7f6e8bdfd000-7f6e8bdff000 r-xp 00000000 103:02 9838067                   /usr/lib/x86_64-linux-gnu/libXinerama.so.1.0.0
7f6e8bdff000-7f6e8bffe000 ---p 00002000 103:02 9838067                   /usr/lib/x86_64-linux-gnu/libXinerama.so.1.0.0
7f6e8bffe000-7f6e8bfff000 r--p 00001000 103:02 9838067                   /usr/lib/x86_64-linux-gnu/libXinerama.so.1.0.0
7f6e8bfff000-7f6e8c000000 rw-p 00002000 103:02 9838067                   /usr/lib/x86_64-linux-gnu/libXinerama.so.1.0.0
7f6e8c000000-7f6e8c021000 rw-p 00000000 00:00 0 
7f6e8c021000-7f6e90000000 ---p 00000000 00:00 0 
7f6e9000d000-7f6e901b2000 rw-s 00000000 00:06 581                        /dev/nvidiactl
7f6e901b2000-7f6e901b7000 r-xp 00000000 103:02 9838059                   /usr/lib/x86_64-linux-gnu/libXfixes.so.3.1.0
7f6e901b7000-7f6e903b6000 ---p 00005000 103:02 9838059                   /usr/lib/x86_64-linux-gnu/libXfixes.so.3.1.0
7f6e903b6000-7f6e903b7000 r--p 00004000 103:02 9838059                   /usr/lib/x86_64-linux-gnu/libXfixes.so.3.1.0
7f6e903b7000-7f6e903b8000 rw-p 00005000 103:02 9838059                   /usr/lib/x86_64-linux-gnu/libXfixes.so.3.1.0
7f6e903b8000-7f6e903c1000 r-xp 00000000 103:02 9838051                   /usr/lib/x86_64-linux-gnu/libXcursor.so.1.0.2
7f6e903c1000-7f6e905c0000 ---p 00009000 103:02 9838051                   /usr/lib/x86_64-linux-gnu/libXcursor.so.1.0.2
7f6e905c0000-7f6e905c1000 r--p 00008000 103:02 9838051                   /usr/lib/x86_64-linux-gnu/libXcursor.so.1.0.2
7f6e905c1000-7f6e905c2000 rw-p 00009000 103:02 9838051                   /usr/lib/x86_64-linux-gnu/libXcursor.so.1.0.2
7f6e905c2000-7f6e905cb000 r-xp 00000000 103:02 9838077                   /usr/lib/x86_64-linux-gnu/libXrender.so.1.3.0
7f6e905cb000-7f6e907ca000 ---p 00009000 103:02 9838077                   /usr/lib/x86_64-linux-gnu/libXrender.so.1.3.0
7f6e907ca000-7f6e907cb000 r--p 00008000 103:02 9838077                   /usr/lib/x86_64-linux-gnu/libXrender.so.1.3.0
7f6e907cb000-7f6e907cc000 rw-p 00009000 103:02 9838077                   /usr/lib/x86_64-linux-gnu/libXrender.so.1.3.0
7f6e907cc000-7f6e907d6000 r-xp 00000000 103:02 9838075                   /usr/lib/x86_64-linux-gnu/libXrandr.so.2.2.0
7f6e907d6000-7f6e909d5000 ---p 0000a000 103:02 9838075                   /usr/lib/x86_64-linux-gnu/libXrandr.so.2.2.0
7f6e909d5000-7f6e909d6000 r--p 00009000 103:02 9838075                   /usr/lib/x86_64-linux-gnu/libXrandr.so.2.2.0
7f6e909d6000-7f6e909d7000 rw-p 0000a000 103:02 9838075                   /usr/lib/x86_64-linux-gnu/libXrandr.so.2.2.0
7f6e909d7000-7f6e909e6000 r-xp 00000000 103:02 9838065                   /usr/lib/x86_64-linux-gnu/libXi.so.6.1.0
7f6e909e6000-7f6e90be5000 ---p 0000f000 103:02 9838065                   /usr/lib/x86_64-linux-gnu/libXi.so.6.1.0
7f6e90be5000-7f6e90be6000 r--p 0000e000 103:02 9838065                   /usr/lib/x86_64-linux-gnu/libXi.so.6.1.0
7f6e90be6000-7f6e90be7000 rw-p 0000f000 103:02 9838065                   /usr/lib/x86_64-linux-gnu/libXi.so.6.1.0
7f6e90be7000-7f6e90bf8000 r-xp 00000000 103:02 9838057                   /usr/lib/x86_64-linux-gnu/libXext.so.6.4.0
7f6e90bf8000-7f6e90df7000 ---p 00011000 103:02 9838057                   /usr/lib/x86_64-linux-gnu/libXext.so.6.4.0
7f6e90df7000-7f6e90df8000 r--p 00010000 103:02 9838057                   /usr/lib/x86_64-linux-gnu/libXext.so.6.4.0
7f6e90df8000-7f6e90df9000 rw-p 00011000 103:02 9838057                   /usr/lib/x86_64-linux-gnu/libXext.so.6.4.0
7f6e90df9000-7f6e90dfe000 r-xp 00000000 103:02 9838093                   /usr/lib/x86_64-linux-gnu/libXxf86vm.so.1.0.0
7f6e90dfe000-7f6e90ffd000 ---p 00005000 103:02 9838093                   /usr/lib/x86_64-linux-gnu/libXxf86vm.so.1.0.0
7f6e90ffd000-7f6e90ffe000 r--p 00004000 103:02 9838093                   /usr/lib/x86_64-linux-gnu/libXxf86vm.so.1.0.0
7f6e90ffe000-7f6e90fff000 rw-p 00005000 103:02 9838093                   /usr/lib/x86_64-linux-gnu/libXxf86vm.so.1.0.0
7f6e90fff000-7f6e94000000 rw-p 00000000 00:00 0 
7f6e94000000-7f6e94021000 rw-p 00000000 00:00 0 
7f6e94021000-7f6e98000000 ---p 00000000 00:00 0 
7f6e98002000-7f6e98004000 r-xp 00000000 00:00 0 
7f6e98004000-7f6e98007000 rw-s 00000000 00:06 581                        /dev/nvidiactl
7f6e98007000-7f6e9801a000 rw-s 00000000 00:06 581                        /dev/nvidiactl
7f6e9801a000-7f6e9805a000 rw-s 00000000 00:06 581                        /dev/nvidiactl
7f6e9805a000-7f6e9807a000 rw-s 00000000 00:06 581                        /dev/nvidiactl
7f6e9807a000-7f6e980ba000 rw-s 00000000 00:06 581                        /dev/nvidiactl
7f6e980d5000-7f6e980da000 r--s 000a3000 103:02 9839305                   /usr/lib/jvm/java-8-openjdk-amd64/jre/lib/jsse.jar
7f6e980da000-7f6e980ed000 r-xp 00000000 103:02 22942382                  /lib/x86_64-linux-gnu/libbsd.so.0.8.7
7f6e980ed000-7f6e982ec000 ---p 00013000 103:02 22942382                  /lib/x86_64-linux-gnu/libbsd.so.0.8.7
7f6e982ec000-7f6e982ed000 r--p 00012000 103:02 22942382                  /lib/x86_64-linux-gnu/libbsd.so.0.8.7
7f6e982ed000-7f6e982ee000 rw-p 00013000 103:02 22942382                  /lib/x86_64-linux-gnu/libbsd.so.0.8.7
7f6e982ee000-7f6e982ef000 rw-p 00000000 00:00 0 
7f6e982ef000-7f6e982f4000 r-xp 00000000 103:02 9838055                   /usr/lib/x86_64-linux-gnu/libXdmcp.so.6.0.0
7f6e982f4000-7f6e984f3000 ---p 00005000 103:02 9838055                   /usr/lib/x86_64-linux-gnu/libXdmcp.so.6.0.0
7f6e984f3000-7f6e984f4000 r--p 00004000 103:02 9838055                   /usr/lib/x86_64-linux-gnu/libXdmcp.so.6.0.0
7f6e984f4000-7f6e984f5000 rw-p 00005000 103:02 9838055                   /usr/lib/x86_64-linux-gnu/libXdmcp.so.6.0.0
7f6e984f5000-7f6e984f7000 r-xp 00000000 103:02 9838044                   /usr/lib/x86_64-linux-gnu/libXau.so.6.0.0
7f6e984f7000-7f6e986f7000 ---p 00002000 103:02 9838044                   /usr/lib/x86_64-linux-gnu/libXau.so.6.0.0
7f6e986f7000-7f6e986f8000 r--p 00002000 103:02 9838044                   /usr/lib/x86_64-linux-gnu/libXau.so.6.0.0
7f6e986f8000-7f6e986f9000 rw-p 00003000 103:02 9838044                   /usr/lib/x86_64-linux-gnu/libXau.so.6.0.0
7f6e986f9000-7f6e9871f000 r-xp 00000000 103:02 9840409                   /usr/lib/x86_64-linux-gnu/libxcb.so.1.1.0
7f6e9871f000-7f6e9891f000 ---p 00026000 103:02 9840409                   /usr/lib/x86_64-linux-gnu/libxcb.so.1.1.0
7f6e9891f000-7f6e98920000 r--p 00026000 103:02 9840409                   /usr/lib/x86_64-linux-gnu/libxcb.so.1.1.0
7f6e98920000-7f6e98921000 rw-p 00027000 103:02 9840409                   /usr/lib/x86_64-linux-gnu/libxcb.so.1.1.0
7f6e98921000-7f6e98a54000 r-xp 00000000 103:02 9839217                   /usr/lib/x86_64-linux-gnu/libX11.so.6.3.0
7f6e98a54000-7f6e98c54000 ---p 00133000 103:02 9839217                   /usr/lib/x86_64-linux-gnu/libX11.so.6.3.0
7f6e98c54000-7f6e98c55000 r--p 00133000 103:02 9839217                   /usr/lib/x86_64-linux-gnu/libX11.so.6.3.0
7f6e98c55000-7f6e98c59000 rw-p 00134000 103:02 9839217                   /usr/lib/x86_64-linux-gnu/libX11.so.6.3.0
7f6e98c59000-7f6e98c5b000 r-xp 00000000 00:00 0 
7f6e98c5b000-7f6e98c5d000 rw-s 00000000 103:02 15728687                  /tmp/.gl9E54pw (deleted)
7f6e98c61000-7f6e98c62000 rw-s 00000000 00:06 582                        /dev/nvidia0
7f6e98c62000-7f6e98c64000 rw-s 00000000 00:06 581                        /dev/nvidiactl
7f6e98c64000-7f6e98c68000 rw-s 00000000 00:06 581                        /dev/nvidiactl
7f6e98c68000-7f6e98c69000 rw-s 00000000 00:06 582                        /dev/nvidia0
7f6e98c69000-7f6e98c6a000 rw-s 00000000 00:06 582                        /dev/nvidia0
7f6e98c6a000-7f6e98c6b000 rw-s 00000000 00:06 582                        /dev/nvidia0
7f6e98c6b000-7f6e98c6c000 rw-s 00000000 00:06 581                        /dev/nvidiactl
7f6e98c6c000-7f6e98c73000 r--s 00000000 103:02 10095718                  /usr/lib/x86_64-linux-gnu/gconv/gconv-modules.cache
7f6e98c73000-7f6e98cb6000 r-xp 00000000 103:02 15728684                  /tmp/lwjglsam/3.2.3-build-13/libglfw.so
7f6e98cb6000-7f6e98eb5000 ---p 00043000 103:02 15728684                  /tmp/lwjglsam/3.2.3-build-13/libglfw.so
7f6e98eb5000-7f6e98eb6000 r--p 00042000 103:02 15728684                  /tmp/lwjglsam/3.2.3-build-13/libglfw.so
7f6e98eb6000-7f6e98eb8000 rw-p 00043000 103:02 15728684                  /tmp/lwjglsam/3.2.3-build-13/libglfw.so
7f6e98eb8000-7f6e98ed9000 rw-p 00000000 00:00 0 
7f6e98ed9000-7f6e98f2a000 r-xp 00000000 103:02 15728683                  /tmp/lwjglsam/3.2.3-build-13/liblwjgl.so
7f6e98f2a000-7f6e99129000 ---p 00051000 103:02 15728683                  /tmp/lwjglsam/3.2.3-build-13/liblwjgl.so
7f6e99129000-7f6e9912a000 r--p 00050000 103:02 15728683                  /tmp/lwjglsam/3.2.3-build-13/liblwjgl.so
7f6e9912a000-7f6e9912b000 rw-p 00051000 103:02 15728683                  /tmp/lwjglsam/3.2.3-build-13/liblwjgl.so
7f6e9912b000-7f6e99141000 r-xp 00000000 103:02 9839031                   /usr/lib/jvm/java-8-openjdk-amd64/jre/lib/amd64/libnet.so
7f6e99141000-7f6e99340000 ---p 00016000 103:02 9839031                   /usr/lib/jvm/java-8-openjdk-amd64/jre/lib/amd64/libnet.so
7f6e99340000-7f6e99341000 r--p 00015000 103:02 9839031                   /usr/lib/jvm/java-8-openjdk-amd64/jre/lib/amd64/libnet.so
7f6e99341000-7f6e99342000 rw-p 00016000 103:02 9839031                   /usr/lib/jvm/java-8-openjdk-amd64/jre/lib/amd64/libnet.so
7f6e99342000-7f6e99353000 r-xp 00000000 103:02 9839036                   /usr/lib/jvm/java-8-openjdk-amd64/jre/lib/amd64/libnio.so
7f6e99353000-7f6e99552000 ---p 00011000 103:02 9839036                   /usr/lib/jvm/java-8-openjdk-amd64/jre/lib/amd64/libnio.so
7f6e99552000-7f6e99553000 r--p 00010000 103:02 9839036                   /usr/lib/jvm/java-8-openjdk-amd64/jre/lib/amd64/libnio.so
7f6e99553000-7f6e99554000 rw-p 00011000 103:02 9839036                   /usr/lib/jvm/java-8-openjdk-amd64/jre/lib/amd64/libnio.so
7f6e99554000-7f6e99567000 r--s 00346000 103:02 9839324                   /usr/lib/jvm/java-8-openjdk-amd64/jre/lib/resources.jar
7f6e99567000-7f6e99572000 r--s 000da000 08:01 19795221                   /home/sam/Downloads/lwjgl-3.2.3/lwjgl-opengl/lwjgl-opengl.jar
7f6e99572000-7f6e9958d000 r--s 001d6000 103:02 9839212                   /usr/lib/jvm/java-8-openjdk-amd64/jre/lib/ext/nashorn.jar
7f6e9958d000-7f6e9958e000 ---p 00000000 00:00 0 
7f6e9958e000-7f6e9968e000 rw-p 00000000 00:00 0 
7f6e9968e000-7f6e99691000 ---p 00000000 00:00 0 
7f6e99691000-7f6e9978f000 rw-p 00000000 00:00 0 
7f6e9978f000-7f6e99790000 ---p 00000000 00:00 0 
7f6e99790000-7f6e99793000 ---p 00000000 00:00 0 
7f6e99793000-7f6e99890000 rw-p 00000000 00:00 0 
7f6e99890000-7f6e99891000 ---p 00000000 00:00 0 
7f6e99891000-7f6e99894000 ---p 00000000 00:00 0 
7f6e99894000-7f6e99991000 rw-p 00000000 00:00 0 
7f6e99991000-7f6e99992000 ---p 00000000 00:00 0 
7f6e99992000-7f6e99995000 ---p 00000000 00:00 0 
7f6e99995000-7f6e99a92000 rw-p 00000000 00:00 0 
7f6e99a92000-7f6e99a93000 ---p 00000000 00:00 0 
7f6e99a93000-7f6e99a96000 ---p 00000000 00:00 0 
7f6e99a96000-7f6e99b93000 rw-p 00000000 00:00 0 
7f6e99b93000-7f6e99b96000 ---p 00000000 00:00 0 
7f6e99b96000-7f6e99c94000 rw-p 00000000 00:00 0 
7f6e99c94000-7f6e9a663000 r--p 00000000 103:02 9837060                   /usr/lib/locale/locale-archive
7f6e9a663000-7f6e9a666000 ---p 00000000 00:00 0 
7f6e9a666000-7f6e9a764000 rw-p 00000000 00:00 0 
7f6e9a764000-7f6e9a767000 ---p 00000000 00:00 0 
7f6e9a767000-7f6e9a865000 rw-p 00000000 00:00 0 
7f6e9a865000-7f6e9a866000 ---p 00000000 00:00 0 
7f6e9a866000-7f6e9c000000 rw-p 00000000 00:00 0 
7f6e9c000000-7f6e9c021000 rw-p 00000000 00:00 0 
7f6e9c021000-7f6ea0000000 ---p 00000000 00:00 0 
7f6ea0000000-7f6ea0001000 rw-s 00000000 00:06 581                        /dev/nvidiactl
7f6ea0001000-7f6ea0002000 rw-s 00000000 00:06 581                        /dev/nvidiactl
7f6ea0002000-7f6ea0003000 r--s 00002000 08:01 16253464                   /home/sam/Downloads/pngdecoder-1.0.jar
7f6ea0003000-7f6ea0004000 r--s 00022000 08:01 17960234                   /home/sam/Downloads/lwjgl-3.2.3/lwjgl-glfw/lwjgl-glfw-natives-linux-arm64.jar
7f6ea0004000-7f6ea0007000 r--s 00018000 08:01 17960240                   /home/sam/Downloads/lwjgl-3.2.3/lwjgl-glfw/lwjgl-glfw.jar
7f6ea0007000-7f6ea0009000 r--s 0000d000 08:01 19795215                   /home/sam/Downloads/lwjgl-3.2.3/lwjgl-opengl/lwjgl-opengl-natives-linux-arm64.jar
7f6ea0009000-7f6ea0010000 r--s 00081000 08:01 16518147                   /home/sam/Downloads/lwjgl-3.2.3/lwjgl/lwjgl.jar
7f6ea0010000-7f6ea0015000 r--s 0003c000 103:02 9839214                   /usr/lib/jvm/java-8-openjdk-amd64/jre/lib/ext/sunjce_provider.jar
7f6ea0015000-7f6ea0018000 r--s 00039000 103:02 9839215                   /usr/lib/jvm/java-8-openjdk-amd64/jre/lib/ext/sunpkcs11.jar
7f6ea0018000-7f6eb0000000 rw-p 00000000 00:00 0 
7f6eb0000000-7f6eb0021000 rw-p 00000000 00:00 0 
7f6eb0021000-7f6eb4000000 ---p 00000000 00:00 0 
7f6eb4000000-7f6eb4021000 rw-p 00000000 00:00 0 
7f6eb4021000-7f6eb8000000 ---p 00000000 00:00 0 
7f6eb8000000-7f6eb8021000 rw-p 00000000 00:00 0 
7f6eb8021000-7f6ebc000000 ---p 00000000 00:00 0 
7f6ebc000000-7f6ebc001000 r--s 00026000 08:01 17960235                   /home/sam/Downloads/lwjgl-3.2.3/lwjgl-glfw/lwjgl-glfw-natives-linux.jar
7f6ebc001000-7f6ebc002000 r--s 00013000 08:01 19795216                   /home/sam/Downloads/lwjgl-3.2.3/lwjgl-opengl/lwjgl-opengl-natives-linux.jar
7f6ebc002000-7f6ebc5b8000 rw-p 00000000 00:00 0 
7f6ebc5b8000-7f6ebc788000 r--s 03c5c000 103:02 9839328                   /usr/lib/jvm/java-8-openjdk-amd64/jre/lib/rt.jar
7f6ebc788000-7f6ebdff3000 rw-p 00000000 00:00 0 
7f6ebdff3000-7f6ebdff4000 ---p 00000000 00:00 0 
7f6ebdff4000-7f6ebe0f4000 rw-p 00000000 00:00 0 
7f6ebe0f4000-7f6ebe0f5000 ---p 00000000 00:00 0 
7f6ebe0f5000-7f6ebe1f5000 rw-p 00000000 00:00 0 
7f6ebe1f5000-7f6ebe1f6000 ---p 00000000 00:00 0 
7f6ebe1f6000-7f6ebe2f6000 rw-p 00000000 00:00 0 
7f6ebe2f6000-7f6ebe2f7000 ---p 00000000 00:00 0 
7f6ebe2f7000-7f6ebe3f7000 rw-p 00000000 00:00 0 
7f6ebe3f7000-7f6ebe3f8000 ---p 00000000 00:00 0 
7f6ebe3f8000-7f6ebe4f8000 rw-p 00000000 00:00 0 
7f6ebe4f8000-7f6ebe4f9000 ---p 00000000 00:00 0 
7f6ebe4f9000-7f6ebe5f9000 rw-p 00000000 00:00 0 
7f6ebe5f9000-7f6ebe5fa000 ---p 00000000 00:00 0 
7f6ebe5fa000-7f6ebe6fa000 rw-p 00000000 00:00 0 
7f6ebe6fa000-7f6ebe6fb000 ---p 00000000 00:00 0 
7f6ebe6fb000-7f6ebe7fb000 rw-p 00000000 00:00 0 
7f6ebe7fb000-7f6ebe7fc000 ---p 00000000 00:00 0 
7f6ebe7fc000-7f6ebe8fc000 rw-p 00000000 00:00 0 
7f6ebe8fc000-7f6ebe8fd000 ---p 00000000 00:00 0 
7f6ebe8fd000-7f6ebeaa4000 rw-p 00000000 00:00 0 
7f6ebeaa4000-7f6ebf464000 ---p 00000000 00:00 0 
7f6ebf464000-7f6ebf50b000 rw-p 00000000 00:00 0 
7f6ebf50b000-7f6ebfeca000 ---p 00000000 00:00 0 
7f6ebfeca000-7f6ebff5d000 rw-p 00000000 00:00 0 
7f6ebff5d000-7f6ec03fe000 ---p 00000000 00:00 0 
7f6ec03fe000-7f6ec0411000 rw-p 00000000 00:00 0 
7f6ec0411000-7f6ec07bf000 ---p 00000000 00:00 0 
7f6ec07bf000-7f6ec0c0f000 rwxp 00000000 00:00 0 
7f6ec0c0f000-7f6ecf7bf000 ---p 00000000 00:00 0 
7f6ecf7bf000-7f6ecf7c7000 r-xp 00000000 103:02 9839091                   /usr/lib/jvm/java-8-openjdk-amd64/jre/lib/amd64/libzip.so
7f6ecf7c7000-7f6ecf9c6000 ---p 00008000 103:02 9839091                   /usr/lib/jvm/java-8-openjdk-amd64/jre/lib/amd64/libzip.so
7f6ecf9c6000-7f6ecf9c7000 r--p 00007000 103:02 9839091                   /usr/lib/jvm/java-8-openjdk-amd64/jre/lib/amd64/libzip.so
7f6ecf9c7000-7f6ecf9c8000 rw-p 00008000 103:02 9839091                   /usr/lib/jvm/java-8-openjdk-amd64/jre/lib/amd64/libzip.so
7f6ecf9c8000-7f6ecf9d3000 r-xp 00000000 103:02 22942476                  /lib/x86_64-linux-gnu/libnss_files-2.27.so
7f6ecf9d3000-7f6ecfbd2000 ---p 0000b000 103:02 22942476                  /lib/x86_64-linux-gnu/libnss_files-2.27.so
7f6ecfbd2000-7f6ecfbd3000 r--p 0000a000 103:02 22942476                  /lib/x86_64-linux-gnu/libnss_files-2.27.so
7f6ecfbd3000-7f6ecfbd4000 rw-p 0000b000 103:02 22942476                  /lib/x86_64-linux-gnu/libnss_files-2.27.so
7f6ecfbd4000-7f6ecfbda000 rw-p 00000000 00:00 0 
7f6ecfbda000-7f6ecfbf1000 r-xp 00000000 103:02 22942470                  /lib/x86_64-linux-gnu/libnsl-2.27.so
7f6ecfbf1000-7f6ecfdf0000 ---p 00017000 103:02 22942470                  /lib/x86_64-linux-gnu/libnsl-2.27.so
7f6ecfdf0000-7f6ecfdf1000 r--p 00016000 103:02 22942470                  /lib/x86_64-linux-gnu/libnsl-2.27.so
7f6ecfdf1000-7f6ecfdf2000 rw-p 00017000 103:02 22942470                  /lib/x86_64-linux-gnu/libnsl-2.27.so
7f6ecfdf2000-7f6ecfdf4000 rw-p 00000000 00:00 0 
7f6ecfdf4000-7f6ecfdff000 r-xp 00000000 103:02 22942487                  /lib/x86_64-linux-gnu/libnss_nis-2.27.so
7f6ecfdff000-7f6ecfffe000 ---p 0000b000 103:02 22942487                  /lib/x86_64-linux-gnu/libnss_nis-2.27.so
7f6ecfffe000-7f6ecffff000 r--p 0000a000 103:02 22942487                  /lib/x86_64-linux-gnu/libnss_nis-2.27.so
7f6ecffff000-7f6ed0000000 rw-p 0000b000 103:02 22942487                  /lib/x86_64-linux-gnu/libnss_nis-2.27.so
7f6ed0000000-7f6ed2860000 rw-p 00000000 00:00 0 
7f6ed2860000-7f6ed4000000 ---p 00000000 00:00 0 
7f6ed4000000-7f6ed4001000 r--s 0000c000 08:01 16517972                   /home/sam/Downloads/lwjgl-3.2.3/lwjgl/lwjgl-natives-linux-arm64.jar
7f6ed4001000-7f6ed4002000 r--s 00012000 08:01 16517973                   /home/sam/Downloads/lwjgl-3.2.3/lwjgl/lwjgl-natives-linux.jar
7f6ed4002000-7f6ed4005000 r--s 0000f000 103:02 9839204                   /usr/lib/jvm/java-8-openjdk-amd64/jre/lib/ext/icedtea-sound.jar
7f6ed4005000-7f6ed4047000 rw-p 00000000 00:00 0 
7f6ed4047000-7f6ed404f000 r-xp 00000000 103:02 22942472                  /lib/x86_64-linux-gnu/libnss_compat-2.27.so
7f6ed404f000-7f6ed424f000 ---p 00008000 103:02 22942472                  /lib/x86_64-linux-gnu/libnss_compat-2.27.so
7f6ed424f000-7f6ed4250000 r--p 00008000 103:02 22942472                  /lib/x86_64-linux-gnu/libnss_compat-2.27.so
7f6ed4250000-7f6ed4251000 rw-p 00009000 103:02 22942472                  /lib/x86_64-linux-gnu/libnss_compat-2.27.so
7f6ed4251000-7f6ed427b000 r-xp 00000000 103:02 9838982                   /usr/lib/jvm/java-8-openjdk-amd64/jre/lib/amd64/libjava.so
7f6ed427b000-7f6ed447a000 ---p 0002a000 103:02 9838982                   /usr/lib/jvm/java-8-openjdk-amd64/jre/lib/amd64/libjava.so
7f6ed447a000-7f6ed447b000 r--p 00029000 103:02 9838982                   /usr/lib/jvm/java-8-openjdk-amd64/jre/lib/amd64/libjava.so
7f6ed447b000-7f6ed447d000 rw-p 0002a000 103:02 9838982                   /usr/lib/jvm/java-8-openjdk-amd64/jre/lib/amd64/libjava.so
7f6ed447d000-7f6ed448d000 r-xp 00000000 103:02 9839073                   /usr/lib/jvm/java-8-openjdk-amd64/jre/lib/amd64/libverify.so
7f6ed448d000-7f6ed468c000 ---p 00010000 103:02 9839073                   /usr/lib/jvm/java-8-openjdk-amd64/jre/lib/amd64/libverify.so
7f6ed468c000-7f6ed468e000 r--p 0000f000 103:02 9839073                   /usr/lib/jvm/java-8-openjdk-amd64/jre/lib/amd64/libverify.so
7f6ed468e000-7f6ed468f000 rw-p 00011000 103:02 9839073                   /usr/lib/jvm/java-8-openjdk-amd64/jre/lib/amd64/libverify.so
7f6ed468f000-7f6ed4696000 r-xp 00000000 103:02 22942527                  /lib/x86_64-linux-gnu/librt-2.27.so
7f6ed4696000-7f6ed4895000 ---p 00007000 103:02 22942527                  /lib/x86_64-linux-gnu/librt-2.27.so
7f6ed4895000-7f6ed4896000 r--p 00006000 103:02 22942527                  /lib/x86_64-linux-gnu/librt-2.27.so
7f6ed4896000-7f6ed4897000 rw-p 00007000 103:02 22942527                  /lib/x86_64-linux-gnu/librt-2.27.so
7f6ed4897000-7f6ed48ae000 r-xp 00000000 103:02 22937606                  /lib/x86_64-linux-gnu/libgcc_s.so.1
7f6ed48ae000-7f6ed4aad000 ---p 00017000 103:02 22937606                  /lib/x86_64-linux-gnu/libgcc_s.so.1
7f6ed4aad000-7f6ed4aae000 r--p 00016000 103:02 22937606                  /lib/x86_64-linux-gnu/libgcc_s.so.1
7f6ed4aae000-7f6ed4aaf000 rw-p 00017000 103:02 22937606                  /lib/x86_64-linux-gnu/libgcc_s.so.1
7f6ed4aaf000-7f6ed4c4c000 r-xp 00000000 103:02 22942449                  /lib/x86_64-linux-gnu/libm-2.27.so
7f6ed4c4c000-7f6ed4e4b000 ---p 0019d000 103:02 22942449                  /lib/x86_64-linux-gnu/libm-2.27.so
7f6ed4e4b000-7f6ed4e4c000 r--p 0019c000 103:02 22942449                  /lib/x86_64-linux-gnu/libm-2.27.so
7f6ed4e4c000-7f6ed4e4d000 rw-p 0019d000 103:02 22942449                  /lib/x86_64-linux-gnu/libm-2.27.so
7f6ed4e4d000-7f6ed4fc6000 r-xp 00000000 103:02 9830530                   /usr/lib/x86_64-linux-gnu/libstdc++.so.6.0.25
7f6ed4fc6000-7f6ed51c6000 ---p 00179000 103:02 9830530                   /usr/lib/x86_64-linux-gnu/libstdc++.so.6.0.25
7f6ed51c6000-7f6ed51d0000 r--p 00179000 103:02 9830530                   /usr/lib/x86_64-linux-gnu/libstdc++.so.6.0.25
7f6ed51d0000-7f6ed51d2000 rw-p 00183000 103:02 9830530                   /usr/lib/x86_64-linux-gnu/libstdc++.so.6.0.25
7f6ed51d2000-7f6ed51d6000 rw-p 00000000 00:00 0 
7f6ed51d6000-7f6ed5e75000 r-xp 00000000 103:02 9839139                   /usr/lib/jvm/java-8-openjdk-amd64/jre/lib/amd64/server/libjvm.so
7f6ed5e75000-7f6ed6075000 ---p 00c9f000 103:02 9839139                   /usr/lib/jvm/java-8-openjdk-amd64/jre/lib/amd64/server/libjvm.so
7f6ed6075000-7f6ed6109000 r--p 00c9f000 103:02 9839139                   /usr/lib/jvm/java-8-openjdk-amd64/jre/lib/amd64/server/libjvm.so
7f6ed6109000-7f6ed6132000 rw-p 00d33000 103:02 9839139                   /usr/lib/jvm/java-8-openjdk-amd64/jre/lib/amd64/server/libjvm.so
7f6ed6132000-7f6ed6162000 rw-p 00000000 00:00 0 
7f6ed6162000-7f6ed617c000 r-xp 00000000 103:02 22942519                  /lib/x86_64-linux-gnu/libpthread-2.27.so
7f6ed617c000-7f6ed637b000 ---p 0001a000 103:02 22942519                  /lib/x86_64-linux-gnu/libpthread-2.27.so
7f6ed637b000-7f6ed637c000 r--p 00019000 103:02 22942519                  /lib/x86_64-linux-gnu/libpthread-2.27.so
7f6ed637c000-7f6ed637d000 rw-p 0001a000 103:02 22942519                  /lib/x86_64-linux-gnu/libpthread-2.27.so
7f6ed637d000-7f6ed6381000 rw-p 00000000 00:00 0 
7f6ed6381000-7f6ed6384000 r-xp 00000000 103:02 22942409                  /lib/x86_64-linux-gnu/libdl-2.27.so
7f6ed6384000-7f6ed6583000 ---p 00003000 103:02 22942409                  /lib/x86_64-linux-gnu/libdl-2.27.so
7f6ed6583000-7f6ed6584000 r--p 00002000 103:02 22942409                  /lib/x86_64-linux-gnu/libdl-2.27.so
7f6ed6584000-7f6ed6585000 rw-p 00003000 103:02 22942409                  /lib/x86_64-linux-gnu/libdl-2.27.so
7f6ed6585000-7f6ed65a1000 r-xp 00000000 103:02 22942558                  /lib/x86_64-linux-gnu/libz.so.1.2.11
7f6ed65a1000-7f6ed67a0000 ---p 0001c000 103:02 22942558                  /lib/x86_64-linux-gnu/libz.so.1.2.11
7f6ed67a0000-7f6ed67a1000 r--p 0001b000 103:02 22942558                  /lib/x86_64-linux-gnu/libz.so.1.2.11
7f6ed67a1000-7f6ed67a2000 rw-p 0001c000 103:02 22942558                  /lib/x86_64-linux-gnu/libz.so.1.2.11
7f6ed67a2000-7f6ed6989000 r-xp 00000000 103:02 22942386                  /lib/x86_64-linux-gnu/libc-2.27.so
7f6ed6989000-7f6ed6b89000 ---p 001e7000 103:02 22942386                  /lib/x86_64-linux-gnu/libc-2.27.so
7f6ed6b89000-7f6ed6b8d000 r--p 001e7000 103:02 22942386                  /lib/x86_64-linux-gnu/libc-2.27.so
7f6ed6b8d000-7f6ed6b8f000 rw-p 001eb000 103:02 22942386                  /lib/x86_64-linux-gnu/libc-2.27.so
7f6ed6b8f000-7f6ed6b93000 rw-p 00000000 00:00 0 
7f6ed6b93000-7f6ed6ba1000 r-xp 00000000 103:02 9838942                   /usr/lib/jvm/java-8-openjdk-amd64/jre/lib/amd64/jli/libjli.so
7f6ed6ba1000-7f6ed6da0000 ---p 0000e000 103:02 9838942                   /usr/lib/jvm/java-8-openjdk-amd64/jre/lib/amd64/jli/libjli.so
7f6ed6da0000-7f6ed6da1000 r--p 0000d000 103:02 9838942                   /usr/lib/jvm/java-8-openjdk-amd64/jre/lib/amd64/jli/libjli.so
7f6ed6da1000-7f6ed6da2000 rw-p 0000e000 103:02 9838942                   /usr/lib/jvm/java-8-openjdk-amd64/jre/lib/amd64/jli/libjli.so
7f6ed6da2000-7f6ed6dc9000 r-xp 00000000 103:02 22942358                  /lib/x86_64-linux-gnu/ld-2.27.so
7f6ed6dc9000-7f6ed6dca000 r--s 0000a000 103:02 9839205                   /usr/lib/jvm/java-8-openjdk-amd64/jre/lib/ext/jaccess.jar
7f6ed6dca000-7f6ed6de5000 r--s 00394000 103:02 9839202                   /usr/lib/jvm/java-8-openjdk-amd64/jre/lib/ext/cldrdata.jar
7f6ed6de5000-7f6ed6eaa000 rw-p 00000000 00:00 0 
7f6ed6eaa000-7f6ed6eab000 ---p 00000000 00:00 0 
7f6ed6eab000-7f6ed6eae000 ---p 00000000 00:00 0 
7f6ed6eae000-7f6ed6fad000 rw-p 00000000 00:00 0 
7f6ed6fad000-7f6ed6faf000 r--s 00001000 103:02 9839203                   /usr/lib/jvm/java-8-openjdk-amd64/jre/lib/ext/dnsns.jar
7f6ed6faf000-7f6ed6fb9000 r--s 00116000 103:02 9839206                   /usr/lib/jvm/java-8-openjdk-amd64/jre/lib/ext/localedata.jar
7f6ed6fb9000-7f6ed6fbb000 r--s 00007000 103:02 10224650                  /usr/share/java/java-atk-wrapper.jar
7f6ed6fbb000-7f6ed6fbc000 r--s 0000d000 103:02 9839213                   /usr/lib/jvm/java-8-openjdk-amd64/jre/lib/ext/sunec.jar
7f6ed6fbc000-7f6ed6fbd000 r--s 00010000 103:02 9839216                   /usr/lib/jvm/java-8-openjdk-amd64/jre/lib/ext/zipfs.jar
7f6ed6fbd000-7f6ed6fc5000 rw-s 00000000 103:02 15728685                  /tmp/hsperfdata_sam/9079
7f6ed6fc5000-7f6ed6fc6000 rw-p 00000000 00:00 0 
7f6ed6fc6000-7f6ed6fc7000 r--p 00000000 00:00 0 
7f6ed6fc7000-7f6ed6fc9000 rw-p 00000000 00:00 0 
7f6ed6fc9000-7f6ed6fca000 r--p 00027000 103:02 22942358                  /lib/x86_64-linux-gnu/ld-2.27.so
7f6ed6fca000-7f6ed6fcb000 rw-p 00028000 103:02 22942358                  /lib/x86_64-linux-gnu/ld-2.27.so
7f6ed6fcb000-7f6ed6fcc000 rw-p 00000000 00:00 0 
7ffe1eac6000-7ffe1eae7000 rw-p 00000000 00:00 0                          [stack]
7ffe1eb57000-7ffe1eb5a000 r--p 00000000 00:00 0                          [vvar]
7ffe1eb5a000-7ffe1eb5b000 r-xp 00000000 00:00 0                          [vdso]
ffffffffff600000-ffffffffff601000 --xp 00000000 00:00 0                  [vsyscall]

VM Arguments:
jvm_args: -Dfile.encoding=UTF-8 
java_command: main.Main
java_class_path (initial): /home/sam/Downloads/lwjgl-3.2.3/lwjgl/lwjgl.jar:/home/sam/Downloads/lwjgl-3.2.3/lwjgl/lwjgl-natives-linux.jar:/home/sam/Downloads/lwjgl-3.2.3/lwjgl/lwjgl-natives-linux-arm64.jar:/home/sam/Downloads/lwjgl-3.2.3/lwjgl-opengl/lwjgl-opengl.jar:/home/sam/Downloads/lwjgl-3.2.3/lwjgl-opengl/lwjgl-opengl-natives-linux.jar:/home/sam/Downloads/lwjgl-3.2.3/lwjgl-opengl/lwjgl-opengl-natives-linux-arm64.jar:/home/sam/Downloads/lwjgl-3.2.3/lwjgl-glfw/lwjgl-glfw.jar:/home/sam/Downloads/lwjgl-3.2.3/lwjgl-glfw/lwjgl-glfw-natives-linux.jar:/home/sam/Downloads/lwjgl-3.2.3/lwjgl-glfw/lwjgl-glfw-natives-linux-arm64.jar:/home/sam/Downloads/pngdecoder-1.0.jar:/home/sam/eclipse/workspace/LWJGL-ENGINE/bin
Launcher Type: SUN_STANDARD

Environment Variables:
PATH=/usr/local/sbin:/usr/local/bin:/usr/sbin:/usr/bin:/sbin:/bin:/usr/games:/usr/local/games:/snap/bin
USERNAME=sam
SHELL=/bin/bash
DISPLAY=:0

Signal Handlers:
SIGSEGV: [libjvm.so+0xab92f0], sa_mask[0]=11111111011111111101111111111110, sa_flags=SA_RESTART|SA_SIGINFO
SIGBUS: [libjvm.so+0xab92f0], sa_mask[0]=11111111011111111101111111111110, sa_flags=SA_RESTART|SA_SIGINFO
SIGFPE: [libjvm.so+0x8ee560], sa_mask[0]=11111111011111111101111111111110, sa_flags=SA_RESTART|SA_SIGINFO
SIGPIPE: [libjvm.so+0x8ee560], sa_mask[0]=11111111011111111101111111111110, sa_flags=SA_RESTART|SA_SIGINFO
SIGXFSZ: [libjvm.so+0x8ee560], sa_mask[0]=11111111011111111101111111111110, sa_flags=SA_RESTART|SA_SIGINFO
SIGILL: [libjvm.so+0x8ee560], sa_mask[0]=11111111011111111101111111111110, sa_flags=SA_RESTART|SA_SIGINFO
SIGUSR1: SIG_DFL, sa_mask[0]=00000000000000000000000000000000, sa_flags=none
SIGUSR2: [libjvm.so+0x8ee410], sa_mask[0]=00100000000000000000000000000000, sa_flags=SA_RESTART|SA_SIGINFO
SIGHUP: [libjvm.so+0x8eea80], sa_mask[0]=11111111011111111101111111111110, sa_flags=SA_RESTART|SA_SIGINFO
SIGINT: [libjvm.so+0x8eea80], sa_mask[0]=11111111011111111101111111111110, sa_flags=SA_RESTART|SA_SIGINFO
SIGTERM: [libjvm.so+0x8eea80], sa_mask[0]=11111111011111111101111111111110, sa_flags=SA_RESTART|SA_SIGINFO
SIGQUIT: [libjvm.so+0x8eea80], sa_mask[0]=11111111011111111101111111111110, sa_flags=SA_RESTART|SA_SIGINFO


---------------  S Y S T E M  ---------------

OS:DISTRIB_ID=Ubuntu
DISTRIB_RELEASE=18.04
DISTRIB_CODENAME=bionic
DISTRIB_DESCRIPTION="Ubuntu 18.04.3 LTS"

uname:Linux 5.3.0-23-generic #25~18.04.2-Ubuntu SMP Thu Nov 21 22:27:50 UTC 2019 x86_64
libc:glibc 2.27 NPTL 2.27 
rlimit: STACK 8192k, CORE 0k, NPROC 127594, NOFILE 1048576, AS infinity
load average:13.64 6.81 3.62

/proc/meminfo:
MemTotal:       32713520 kB
MemFree:        26267096 kB
MemAvailable:   28178396 kB
Buffers:          430236 kB
Cached:          2005340 kB
SwapCached:            0 kB
Active:          4918964 kB
Inactive:         930992 kB
Active(anon):    3456340 kB
Inactive(anon):   220804 kB
Active(file):    1462624 kB
Inactive(file):   710188 kB
Unevictable:       40904 kB
Mlocked:             352 kB
SwapTotal:       2097148 kB
SwapFree:        2097148 kB
Dirty:               232 kB
Writeback:             0 kB
AnonPages:       3455684 kB
Mapped:           636812 kB
Shmem:            262772 kB
KReclaimable:     208064 kB
Slab:             300444 kB
SReclaimable:     208064 kB
SUnreclaim:        92380 kB
KernelStack:       18448 kB
PageTables:        66640 kB
NFS_Unstable:          0 kB
Bounce:                0 kB
WritebackTmp:          0 kB
CommitLimit:    18453908 kB
Committed_AS:   11658144 kB
VmallocTotal:   34359738367 kB
VmallocUsed:       62132 kB
VmallocChunk:          0 kB
Percpu:             6144 kB
HardwareCorrupted:     0 kB
AnonHugePages:         0 kB
ShmemHugePages:        0 kB
ShmemPmdMapped:        0 kB
CmaTotal:              0 kB
CmaFree:               0 kB
HugePages_Total:       0
HugePages_Free:        0
HugePages_Rsvd:        0
HugePages_Surp:        0
Hugepagesize:       2048 kB
Hugetlb:               0 kB
DirectMap4k:      381600 kB
DirectMap2M:     8882176 kB
DirectMap1G:    24117248 kB

container (cgroup) information:
container_type: cgroupv1
cpu_cpuset_cpus: 0-11
cpu_memory_nodes: 0
active_processor_count: 12
cpu_quota: -1
cpu_period: 100000
cpu_shares: -1
memory_limit_in_bytes: -1
memory_and_swap_limit_in_bytes: -2
memory_soft_limit_in_bytes: -1
memory_usage_in_bytes: 6031351808
memory_max_usage_in_bytes: 0


CPU:total 12 (initial active 12) (6 cores per cpu, 2 threads per core) family 6 model 158 stepping 10, cmov, cx8, fxsr, mmx, sse, sse2, sse3, ssse3, sse4.1, sse4.2, popcnt, avx, avx2, aes, clmul, erms, 3dnowpref, lzcnt, ht, tsc, tscinvbit, bmi1, bmi2, adx

/proc/cpuinfo:
processor	: 0
vendor_id	: GenuineIntel
cpu family	: 6
model		: 158
model name	: Intel(R) Core(TM) i7-8750H CPU @ 2.20GHz
stepping	: 10
microcode	: 0xca
cpu MHz		: 3997.953
cache size	: 9216 KB
physical id	: 0
siblings	: 12
core id		: 0
cpu cores	: 6
apicid		: 0
initial apicid	: 0
fpu		: yes
fpu_exception	: yes
cpuid level	: 22
wp		: yes
flags		: fpu vme de pse tsc msr pae mce cx8 apic sep mtrr pge mca cmov pat pse36 clflush dts acpi mmx fxsr sse sse2 ss ht tm pbe syscall nx pdpe1gb rdtscp lm constant_tsc art arch_perfmon pebs bts rep_good nopl xtopology nonstop_tsc cpuid aperfmperf pni pclmulqdq dtes64 monitor ds_cpl vmx est tm2 ssse3 sdbg fma cx16 xtpr pdcm pcid sse4_1 sse4_2 x2apic movbe popcnt tsc_deadline_timer aes xsave avx f16c rdrand lahf_lm abm 3dnowprefetch cpuid_fault epb invpcid_single pti ssbd ibrs ibpb stibp tpr_shadow vnmi flexpriority ept vpid ept_ad fsgsbase tsc_adjust bmi1 avx2 smep bmi2 erms invpcid mpx rdseed adx smap clflushopt intel_pt xsaveopt xsavec xgetbv1 xsaves dtherm ida arat pln pts hwp hwp_notify hwp_act_window hwp_epp md_clear flush_l1d
bugs		: cpu_meltdown spectre_v1 spectre_v2 spec_store_bypass l1tf mds swapgs itlb_multihit
bogomips	: 4399.99
clflush size	: 64
cache_alignment	: 64
address sizes	: 39 bits physical, 48 bits virtual
power management:

processor	: 1
vendor_id	: GenuineIntel
cpu family	: 6
model		: 158
model name	: Intel(R) Core(TM) i7-8750H CPU @ 2.20GHz
stepping	: 10
microcode	: 0xca
cpu MHz		: 3938.331
cache size	: 9216 KB
physical id	: 0
siblings	: 12
core id		: 1
cpu cores	: 6
apicid		: 2
initial apicid	: 2
fpu		: yes
fpu_exception	: yes
cpuid level	: 22
wp		: yes
flags		: fpu vme de pse tsc msr pae mce cx8 apic sep mtrr pge mca cmov pat pse36 clflush dts acpi mmx fxsr sse sse2 ss ht tm pbe syscall nx pdpe1gb rdtscp lm constant_tsc art arch_perfmon pebs bts rep_good nopl xtopology nonstop_tsc cpuid aperfmperf pni pclmulqdq dtes64 monitor ds_cpl vmx est tm2 ssse3 sdbg fma cx16 xtpr pdcm pcid sse4_1 sse4_2 x2apic movbe popcnt tsc_deadline_timer aes xsave avx f16c rdrand lahf_lm abm 3dnowprefetch cpuid_fault epb invpcid_single pti ssbd ibrs ibpb stibp tpr_shadow vnmi flexpriority ept vpid ept_ad fsgsbase tsc_adjust bmi1 avx2 smep bmi2 erms invpcid mpx rdseed adx smap clflushopt intel_pt xsaveopt xsavec xgetbv1 xsaves dtherm ida arat pln pts hwp hwp_notify hwp_act_window hwp_epp md_clear flush_l1d
bugs		: cpu_meltdown spectre_v1 spectre_v2 spec_store_bypass l1tf mds swapgs itlb_multihit
bogomips	: 4399.99
clflush size	: 64
cache_alignment	: 64
address sizes	: 39 bits physical, 48 bits virtual
power management:

processor	: 2
vendor_id	: GenuineIntel
cpu family	: 6
model		: 158
model name	: Intel(R) Core(TM) i7-8750H CPU @ 2.20GHz
stepping	: 10
microcode	: 0xca
cpu MHz		: 3908.361
cache size	: 9216 KB
physical id	: 0
siblings	: 12
core id		: 2
cpu cores	: 6
apicid		: 4
initial apicid	: 4
fpu		: yes
fpu_exception	: yes
cpuid level	: 22
wp		: yes
flags		: fpu vme de pse tsc msr pae mce cx8 apic sep mtrr pge mca cmov pat pse36 clflush dts acpi mmx fxsr sse sse2 ss ht tm pbe syscall nx pdpe1gb rdtscp lm constant_tsc art arch_perfmon pebs bts rep_good nopl xtopology nonstop_tsc cpuid aperfmperf pni pclmulqdq dtes64 monitor ds_cpl vmx est tm2 ssse3 sdbg fma cx16 xtpr pdcm pcid sse4_1 sse4_2 x2apic movbe popcnt tsc_deadline_timer aes xsave avx f16c rdrand lahf_lm abm 3dnowprefetch cpuid_fault epb invpcid_single pti ssbd ibrs ibpb stibp tpr_shadow vnmi flexpriority ept vpid ept_ad fsgsbase tsc_adjust bmi1 avx2 smep bmi2 erms invpcid mpx rdseed adx smap clflushopt intel_pt xsaveopt xsavec xgetbv1 xsaves dtherm ida arat pln pts hwp hwp_notify hwp_act_window hwp_epp md_clear flush_l1d
bugs		: cpu_meltdown spectre_v1 spectre_v2 spec_store_bypass l1tf mds swapgs itlb_multihit
bogomips	: 4399.99
clflush size	: 64
cache_alignment	: 64
address sizes	: 39 bits physical, 48 bits virtual
power management:

processor	: 3
vendor_id	: GenuineIntel
cpu family	: 6
model		: 158
model name	: Intel(R) Core(TM) i7-8750H CPU @ 2.20GHz
stepping	: 10
microcode	: 0xca
cpu MHz		: 3974.352
cache size	: 9216 KB
physical id	: 0
siblings	: 12
core id		: 3
cpu cores	: 6
apicid		: 6
initial apicid	: 6
fpu		: yes
fpu_exception	: yes
cpuid level	: 22
wp		: yes
flags		: fpu vme de pse tsc msr pae mce cx8 apic sep mtrr pge mca cmov pat pse36 clflush dts acpi mmx fxsr sse sse2 ss ht tm pbe syscall nx pdpe1gb rdtscp lm constant_tsc art arch_perfmon pebs bts rep_good nopl xtopology nonstop_tsc cpuid aperfmperf pni pclmulqdq dtes64 monitor ds_cpl vmx est tm2 ssse3 sdbg fma cx16 xtpr pdcm pcid sse4_1 sse4_2 x2apic movbe popcnt tsc_deadline_timer aes xsave avx f16c rdrand lahf_lm abm 3dnowprefetch cpuid_fault epb invpcid_single pti ssbd ibrs ibpb stibp tpr_shadow vnmi flexpriority ept vpid ept_ad fsgsbase tsc_adjust bmi1 avx2 smep bmi2 erms invpcid mpx rdseed adx smap clflushopt intel_pt xsaveopt xsavec xgetbv1 xsaves dtherm ida arat pln pts hwp hwp_notify hwp_act_window hwp_epp md_clear flush_l1d
bugs		: cpu_meltdown spectre_v1 spectre_v2 spec_store_bypass l1tf mds swapgs itlb_multihit
bogomips	: 4399.99
clflush size	: 64
cache_alignment	: 64
address sizes	: 39 bits physical, 48 bits virtual
power management:

processor	: 4
vendor_id	: GenuineIntel
cpu family	: 6
model		: 158
model name	: Intel(R) Core(TM) i7-8750H CPU @ 2.20GHz
stepping	: 10
microcode	: 0xca
cpu MHz		: 3965.923
cache size	: 9216 KB
physical id	: 0
siblings	: 12
core id		: 4
cpu cores	: 6
apicid		: 8
initial apicid	: 8
fpu		: yes
fpu_exception	: yes
cpuid level	: 22
wp		: yes
flags		: fpu vme de pse tsc msr pae mce cx8 apic sep mtrr pge mca cmov pat pse36 clflush dts acpi mmx fxsr sse sse2 ss ht tm pbe syscall nx pdpe1gb rdtscp lm constant_tsc art arch_perfmon pebs bts rep_good nopl xtopology nonstop_tsc cpuid aperfmperf pni pclmulqdq dtes64 monitor ds_cpl vmx est tm2 ssse3 sdbg fma cx16 xtpr pdcm pcid sse4_1 sse4_2 x2apic movbe popcnt tsc_deadline_timer aes xsave avx f16c rdrand lahf_lm abm 3dnowprefetch cpuid_fault epb invpcid_single pti ssbd ibrs ibpb stibp tpr_shadow vnmi flexpriority ept vpid ept_ad fsgsbase tsc_adjust bmi1 avx2 smep bmi2 erms invpcid mpx rdseed adx smap clflushopt intel_pt xsaveopt xsavec xgetbv1 xsaves dtherm ida arat pln pts hwp hwp_notify hwp_act_window hwp_epp md_clear flush_l1d
bugs		: cpu_meltdown spectre_v1 spectre_v2 spec_store_bypass l1tf mds swapgs itlb_multihit
bogomips	: 4399.99
clflush size	: 64
cache_alignment	: 64
address sizes	: 39 bits physical, 48 bits virtual
power management:

processor	: 5
vendor_id	: GenuineIntel
cpu family	: 6
model		: 158
model name	: Intel(R) Core(TM) i7-8750H CPU @ 2.20GHz
stepping	: 10
microcode	: 0xca
cpu MHz		: 3927.726
cache size	: 9216 KB
physical id	: 0
siblings	: 12
core id		: 5
cpu cores	: 6
apicid		: 10
initial apicid	: 10
fpu		: yes
fpu_exception	: yes
cpuid level	: 22
wp		: yes
flags		: fpu vme de pse tsc msr pae mce cx8 apic sep mtrr pge mca cmov pat pse36 clflush dts acpi mmx fxsr sse sse2 ss ht tm pbe syscall nx pdpe1gb rdtscp lm constant_tsc art arch_perfmon pebs bts rep_good nopl xtopology nonstop_tsc cpuid aperfmperf pni pclmulqdq dtes64 monitor ds_cpl vmx est tm2 ssse3 sdbg fma cx16 xtpr pdcm pcid sse4_1 sse4_2 x2apic movbe popcnt tsc_deadline_timer aes xsave avx f16c rdrand lahf_lm abm 3dnowprefetch cpuid_fault epb invpcid_single pti ssbd ibrs ibpb stibp tpr_shadow vnmi flexpriority ept vpid ept_ad fsgsbase tsc_adjust bmi1 avx2 smep bmi2 erms invpcid mpx rdseed adx smap clflushopt intel_pt xsaveopt xsavec xgetbv1 xsaves dtherm ida arat pln pts hwp hwp_notify hwp_act_window hwp_epp md_clear flush_l1d
bugs		: cpu_meltdown spectre_v1 spectre_v2 spec_store_bypass l1tf mds swapgs itlb_multihit
bogomips	: 4399.99
clflush size	: 64
cache_alignment	: 64
address sizes	: 39 bits physical, 48 bits virtual
power management:

processor	: 6
vendor_id	: GenuineIntel
cpu family	: 6
model		: 158
model name	: Intel(R) Core(TM) i7-8750H CPU @ 2.20GHz
stepping	: 10
microcode	: 0xca
cpu MHz		: 4001.100
cache size	: 9216 KB
physical id	: 0
siblings	: 12
core id		: 0
cpu cores	: 6
apicid		: 1
initial apicid	: 1
fpu		: yes
fpu_exception	: yes
cpuid level	: 22
wp		: yes
flags		: fpu vme de pse tsc msr pae mce cx8 apic sep mtrr pge mca cmov pat pse36 clflush dts acpi mmx fxsr sse sse2 ss ht tm pbe syscall nx pdpe1gb rdtscp lm constant_tsc art arch_perfmon pebs bts rep_good nopl xtopology nonstop_tsc cpuid aperfmperf pni pclmulqdq dtes64 monitor ds_cpl vmx est tm2 ssse3 sdbg fma cx16 xtpr pdcm pcid sse4_1 sse4_2 x2apic movbe popcnt tsc_deadline_timer aes xsave avx f16c rdrand lahf_lm abm 3dnowprefetch cpuid_fault epb invpcid_single pti ssbd ibrs ibpb stibp tpr_shadow vnmi flexpriority ept vpid ept_ad fsgsbase tsc_adjust bmi1 avx2 smep bmi2 erms invpcid mpx rdseed adx smap clflushopt intel_pt xsaveopt xsavec xgetbv1 xsaves dtherm ida arat pln pts hwp hwp_notify hwp_act_window hwp_epp md_clear flush_l1d
bugs		: cpu_meltdown spectre_v1 spectre_v2 spec_store_bypass l1tf mds swapgs itlb_multihit
bogomips	: 4399.99
clflush size	: 64
cache_alignment	: 64
address sizes	: 39 bits physical, 48 bits virtual
power management:

processor	: 7
vendor_id	: GenuineIntel
cpu family	: 6
model		: 158
model name	: Intel(R) Core(TM) i7-8750H CPU @ 2.20GHz
stepping	: 10
microcode	: 0xca
cpu MHz		: 3987.579
cache size	: 9216 KB
physical id	: 0
siblings	: 12
core id		: 1
cpu cores	: 6
apicid		: 3
initial apicid	: 3
fpu		: yes
fpu_exception	: yes
cpuid level	: 22
wp		: yes
flags		: fpu vme de pse tsc msr pae mce cx8 apic sep mtrr pge mca cmov pat pse36 clflush dts acpi mmx fxsr sse sse2 ss ht tm pbe syscall nx pdpe1gb rdtscp lm constant_tsc art arch_perfmon pebs bts rep_good nopl xtopology nonstop_tsc cpuid aperfmperf pni pclmulqdq dtes64 monitor ds_cpl vmx est tm2 ssse3 sdbg fma cx16 xtpr pdcm pcid sse4_1 sse4_2 x2apic movbe popcnt tsc_deadline_timer aes xsave avx f16c rdrand lahf_lm abm 3dnowprefetch cpuid_fault epb invpcid_single pti ssbd ibrs ibpb stibp tpr_shadow vnmi flexpriority ept vpid ept_ad fsgsbase tsc_adjust bmi1 avx2 smep bmi2 erms invpcid mpx rdseed adx smap clflushopt intel_pt xsaveopt xsavec xgetbv1 xsaves dtherm ida arat pln pts hwp hwp_notify hwp_act_window hwp_epp md_clear flush_l1d
bugs		: cpu_meltdown spectre_v1 spectre_v2 spec_store_bypass l1tf mds swapgs itlb_multihit
bogomips	: 4399.99
clflush size	: 64
cache_alignment	: 64
address sizes	: 39 bits physical, 48 bits virtual
power management:

processor	: 8
vendor_id	: GenuineIntel
cpu family	: 6
model		: 158
model name	: Intel(R) Core(TM) i7-8750H CPU @ 2.20GHz
stepping	: 10
microcode	: 0xca
cpu MHz		: 3982.479
cache size	: 9216 KB
physical id	: 0
siblings	: 12
core id		: 2
cpu cores	: 6
apicid		: 5
initial apicid	: 5
fpu		: yes
fpu_exception	: yes
cpuid level	: 22
wp		: yes
flags		: fpu vme de pse tsc msr pae mce cx8 apic sep mtrr pge mca cmov pat pse36 clflush dts acpi mmx fxsr sse sse2 ss ht tm pbe syscall nx pdpe1gb rdtscp lm constant_tsc art arch_perfmon pebs bts rep_good nopl xtopology nonstop_tsc cpuid aperfmperf pni pclmulqdq dtes64 monitor ds_cpl vmx est tm2 ssse3 sdbg fma cx16 xtpr pdcm pcid sse4_1 sse4_2 x2apic movbe popcnt tsc_deadline_timer aes xsave avx f16c rdrand lahf_lm abm 3dnowprefetch cpuid_fault epb invpcid_single pti ssbd ibrs ibpb stibp tpr_shadow vnmi flexpriority ept vpid ept_ad fsgsbase tsc_adjust bmi1 avx2 smep bmi2 erms invpcid mpx rdseed adx smap clflushopt intel_pt xsaveopt xsavec xgetbv1 xsaves dtherm ida arat pln pts hwp hwp_notify hwp_act_window hwp_epp md_clear flush_l1d
bugs		: cpu_meltdown spectre_v1 spectre_v2 spec_store_bypass l1tf mds swapgs itlb_multihit
bogomips	: 4399.99
clflush size	: 64
cache_alignment	: 64
address sizes	: 39 bits physical, 48 bits virtual
power management:

processor	: 9
vendor_id	: GenuineIntel
cpu family	: 6
model		: 158
model name	: Intel(R) Core(TM) i7-8750H CPU @ 2.20GHz
stepping	: 10
microcode	: 0xca
cpu MHz		: 3998.025
cache size	: 9216 KB
physical id	: 0
siblings	: 12
core id		: 3
cpu cores	: 6
apicid		: 7
initial apicid	: 7
fpu		: yes
fpu_exception	: yes
cpuid level	: 22
wp		: yes
flags		: fpu vme de pse tsc msr pae mce cx8 apic sep mtrr pge mca cmov pat pse36 clflush dts acpi mmx fxsr sse sse2 ss ht tm pbe syscall nx pdpe1gb rdtscp lm constant_tsc art arch_perfmon pebs bts rep_good nopl xtopology nonstop_tsc cpuid aperfmperf pni pclmulqdq dtes64 monitor ds_cpl vmx est tm2 ssse3 sdbg fma cx16 xtpr pdcm pcid sse4_1 sse4_2 x2apic movbe popcnt tsc_deadline_timer aes xsave avx f16c rdrand lahf_lm abm 3dnowprefetch cpuid_fault epb invpcid_single pti ssbd ibrs ibpb stibp tpr_shadow vnmi flexpriority ept vpid ept_ad fsgsbase tsc_adjust bmi1 avx2 smep bmi2 erms invpcid mpx rdseed adx smap clflushopt intel_pt xsaveopt xsavec xgetbv1 xsaves dtherm ida arat pln pts hwp hwp_notify hwp_act_window hwp_epp md_clear flush_l1d
bugs		: cpu_meltdown spectre_v1 spectre_v2 spec_store_bypass l1tf mds swapgs itlb_multihit
bogomips	: 4399.99
clflush size	: 64
cache_alignment	: 64
address sizes	: 39 bits physical, 48 bits virtual
power management:

processor	: 10
vendor_id	: GenuineIntel
cpu family	: 6
model		: 158
model name	: Intel(R) Core(TM) i7-8750H CPU @ 2.20GHz
stepping	: 10
microcode	: 0xca
cpu MHz		: 3998.619
cache size	: 9216 KB
physical id	: 0
siblings	: 12
core id		: 4
cpu cores	: 6
apicid		: 9
initial apicid	: 9
fpu		: yes
fpu_exception	: yes
cpuid level	: 22
wp		: yes
flags		: fpu vme de pse tsc msr pae mce cx8 apic sep mtrr pge mca cmov pat pse36 clflush dts acpi mmx fxsr sse sse2 ss ht tm pbe syscall nx pdpe1gb rdtscp lm constant_tsc art arch_perfmon pebs bts rep_good nopl xtopology nonstop_tsc cpuid aperfmperf pni pclmulqdq dtes64 monitor ds_cpl vmx est tm2 ssse3 sdbg fma cx16 xtpr pdcm pcid sse4_1 sse4_2 x2apic movbe popcnt tsc_deadline_timer aes xsave avx f16c rdrand lahf_lm abm 3dnowprefetch cpuid_fault epb invpcid_single pti ssbd ibrs ibpb stibp tpr_shadow vnmi flexpriority ept vpid ept_ad fsgsbase tsc_adjust bmi1 avx2 smep bmi2 erms invpcid mpx rdseed adx smap clflushopt intel_pt xsaveopt xsavec xgetbv1 xsaves dtherm ida arat pln pts hwp hwp_notify hwp_act_window hwp_epp md_clear flush_l1d
bugs		: cpu_meltdown spectre_v1 spectre_v2 spec_store_bypass l1tf mds swapgs itlb_multihit
bogomips	: 4399.99
clflush size	: 64
cache_alignment	: 64
address sizes	: 39 bits physical, 48 bits virtual
power management:

processor	: 11
vendor_id	: GenuineIntel
cpu family	: 6
model		: 158
model name	: Intel(R) Core(TM) i7-8750H CPU @ 2.20GHz
stepping	: 10
microcode	: 0xca
cpu MHz		: 3995.698
cache size	: 9216 KB
physical id	: 0
siblings	: 12
core id		: 5
cpu cores	: 6
apicid		: 11
initial apicid	: 11
fpu		: yes
fpu_exception	: yes
cpuid level	: 22
wp		: yes
flags		: fpu vme de pse tsc msr pae mce cx8 apic sep mtrr pge mca cmov pat pse36 clflush dts acpi mmx fxsr sse sse2 ss ht tm pbe syscall nx pdpe1gb rdtscp lm constant_tsc art arch_perfmon pebs bts rep_good nopl xtopology nonstop_tsc cpuid aperfmperf pni pclmulqdq dtes64 monitor ds_cpl vmx est tm2 ssse3 sdbg fma cx16 xtpr pdcm pcid sse4_1 sse4_2 x2apic movbe popcnt tsc_deadline_timer aes xsave avx f16c rdrand lahf_lm abm 3dnowprefetch cpuid_fault epb invpcid_single pti ssbd ibrs ibpb stibp tpr_shadow vnmi flexpriority ept vpid ept_ad fsgsbase tsc_adjust bmi1 avx2 smep bmi2 erms invpcid mpx rdseed adx smap clflushopt intel_pt xsaveopt xsavec xgetbv1 xsaves dtherm ida arat pln pts hwp hwp_notify hwp_act_window hwp_epp md_clear flush_l1d
bugs		: cpu_meltdown spectre_v1 spectre_v2 spec_store_bypass l1tf mds swapgs itlb_multihit
bogomips	: 4399.99
clflush size	: 64
cache_alignment	: 64
address sizes	: 39 bits physical, 48 bits virtual
power management:



Memory: 4k page, physical 32713520k(26267096k free), swap 2097148k(2097148k free)

vm_info: OpenJDK 64-Bit Server VM (25.222-b10) for linux-amd64 JRE (1.8.0_222-8u222-b10-1ubuntu1~18.04.1-b10), built on Jul 18 2019 18:52:48 by "buildd" with gcc 7.4.0

time: Sun Dec 15 13:49:46 2019
timezone: CST
elapsed time: 1 seconds (0d 0h 0m 1s)

