#
# A fatal error has been detected by the Java Runtime Environment:
#
#  SIGSEGV (0xb) at pc=0x00000000402eeef1, pid=9395, tid=0x00007ff57e424700
#
# JRE version: OpenJDK Runtime Environment (8.0_232-b09) (build 1.8.0_232-8u232-b09-0ubuntu1~18.04.1-b09)
# Java VM: OpenJDK 64-Bit Server VM (25.232-b09 mixed mode linux-amd64 compressed oops)
# Problematic frame:
# C  0x00000000402eeef1
#
# Failed to write core dump. Core dumps have been disabled. To enable core dumping, try "ulimit -c unlimited" before starting Java again
#
# If you would like to submit a bug report, please visit:
#   http://bugreport.java.com/bugreport/crash.jsp
# The crash happened outside the Java Virtual Machine in native code.
# See problematic frame for where to report the bug.
#

---------------  T H R E A D  ---------------

Current thread (0x00007ff57400b800):  JavaThread "main" [_thread_in_native, id=9400, stack(0x00007ff57e325000,0x00007ff57e425000)]

siginfo: si_signo: 11 (SIGSEGV), si_code: 1 (SEGV_MAPERR), si_addr: 0x0000000000000000

Registers:
RAX=0x00007ff4f6411338, RBX=0x00000000411ec000, RCX=0x0000000000000000, RDX=0x00007ff574760144
RSP=0x00007ff57e423268, RBP=0x000000003f800000, RSI=0x0000000000000000, RDI=0x0000000000000000
R8 =0x0000000000000021, R9 =0x0000000000000000, R10=0x0000000041269950, R11=0x00007ff574760158
R12=0x0000000000000006, R13=0x0000000000000006, R14=0x00007ff574760140, R15=0x00000000000000f0
RIP=0x00000000402eeef1, EFLAGS=0x0000000000010246, CSGSFS=0x002b000000000033, ERR=0x0000000000000004
  TRAPNO=0x000000000000000e

Top of Stack: (sp=0x00007ff57e423268)
0x00007ff57e423268:   00007ff4f95f9f5d 00007ff57e423350
0x00007ff57e423278:   00000000f95c9bf3 0000000000000000
0x00007ff57e423288:   0000000600001405 0000000000000000
0x00007ff57e423298:   000000047cab9a20 00000000411ec000
0x00007ff57e4232a8:   00007ff577ee00d8 00007ff57466f7b0
0x00007ff57e4232b8:   00000000402eee40 0000002000000000
0x00007ff57e4232c8:   0000000000000000 0000000000000000
0x00007ff57e4232d8:   0000000000000000 0000000600000000
0x00007ff57e4232e8:   00007ff574760140 0000000000000000
0x00007ff57e4232f8:   0000000000000000 0000000000000000
0x00007ff57e423308:   0000000000000000 0000000000000000
0x00007ff57e423318:   0000000000000000 00007ff57466f7b0
0x00007ff57e423328:   0000000000000000 0000000000000000
0x00007ff57e423338:   0000000000000000 0000000000000000
0x00007ff57e423348:   0000000000000000 0000000000000000
0x00007ff57e423358:   0000000000000000 00000002f00df00d
0x00007ff57e423368:   00000000000000d5 00000001beefbeef
0x00007ff57e423378:   0000000000000000 00000000f00df00d
0x00007ff57e423388:   0000000000000027 00000000411ec000
0x00007ff57e423398:   00007ff577ee06e0 0000000000000002
0x00007ff57e4233a8:   00007ff57e4211d0 00000000000040c3
0x00007ff57e4233b8:   00007ff4f9528b87 0000000000000433
0x00007ff57e4233c8:   0000000000000000 0000000000000000
0x00007ff57e4233d8:   0000000041243e44 00007ff57e423420
0x00007ff57e4233e8:   0000000041243e40 00000000411ec000
0x00007ff57e4233f8:   0000000000000007 0000000000002133
0x00007ff57e423408:   00007ff4f95295c1 00007ff574677294
0x00007ff57e423418:   0000000701019123 0000000700002133
0x00007ff57e423428:   0000000100000007 0000000c00000003
0x00007ff57e423438:   0000000300000001 000000010000000c
0x00007ff57e423448:   0000001000000004 00000000000040c3
0x00007ff57e423458:   00c0000000000000 3fffffff3fffffff 

Instructions: (pc=0x00000000402eeef1)
0x00000000402eeed1:   78 14 48 be e0 36 24 41 00 00 00 00 48 8b 36 48
0x00000000402eeee1:   8b b6 68 03 00 00 48 8b f9 48 c1 e7 04 48 03 f7
0x00000000402eeef1:   8b 3e 8b 6e 04 89 78 18 89 68 1c 8b 7e 08 8b 6e
0x00000000402eef01:   0c 89 78 20 89 68 24 48 83 c0 28 49 3b d3 0f 85 

Register to memory mapping:

RAX=0x00007ff4f6411338 is an unknown value
RBX=0x00000000411ec000 is an unknown value
RCX=0x0000000000000000 is an unknown value
RDX=0x00007ff574760144 is an unknown value
RSP=0x00007ff57e423268 is pointing into the stack for thread: 0x00007ff57400b800
RBP=0x000000003f800000 is an unknown value
RSI=0x0000000000000000 is an unknown value
RDI=0x0000000000000000 is an unknown value
R8 =0x0000000000000021 is an unknown value
R9 =0x0000000000000000 is an unknown value
R10=0x0000000041269950 is an unknown value
R11=0x00007ff574760158 is an unknown value
R12=0x0000000000000006 is an unknown value
R13=0x0000000000000006 is an unknown value
R14=0x00007ff574760140 is an unknown value
R15=0x00000000000000f0 is an unknown value


Stack: [0x00007ff57e325000,0x00007ff57e425000],  sp=0x00007ff57e423268,  free space=1016k
Native frames: (J=compiled Java code, j=interpreted, Vv=VM code, C=native code)
C  0x00000000402eeef1

Java frames: (J=compiled Java code, j=interpreted, Vv=VM code)
J 1064  org.lwjgl.opengl.GL11C.nglDrawElements(IIIJ)V (0 bytes) @ 0x00007ff565423e8a [0x00007ff565423e40+0x4a]
J 1079 C2 org.lwjgl.opengl.GL11.glDrawElements(IIIJ)V (8 bytes) @ 0x00007ff5653f9974 [0x00007ff5653f9960+0x14]
j  rendering.BasicRenderer.render(Lmodels/Mesh;Ljava/util/List;)V+69
j  rendering.MasterRenderer.render()V+373
j  misc.Game.render()V+52
j  main.Main.main([Ljava/lang/String;)V+45
v  ~StubRoutines::call_stub

---------------  P R O C E S S  ---------------

Java Threads: ( => current thread )
  0x00007ff5740d7800 JavaThread "Service Thread" daemon [_thread_blocked, id=9419, stack(0x00007ff54c4a5000,0x00007ff54c5a6000)]
  0x00007ff5740cc800 JavaThread "C1 CompilerThread3" daemon [_thread_blocked, id=9418, stack(0x00007ff54c5a7000,0x00007ff54c6a7000)]
  0x00007ff5740ca800 JavaThread "C2 CompilerThread2" daemon [_thread_blocked, id=9417, stack(0x00007ff54c6a8000,0x00007ff54c7a8000)]
  0x00007ff5740c8800 JavaThread "C2 CompilerThread1" daemon [_thread_blocked, id=9416, stack(0x00007ff54c7a9000,0x00007ff54c8a9000)]
  0x00007ff5740c6000 JavaThread "C2 CompilerThread0" daemon [_thread_in_native, id=9415, stack(0x00007ff54c8aa000,0x00007ff54c9aa000)]
  0x00007ff5740c4800 JavaThread "Signal Dispatcher" daemon [_thread_blocked, id=9414, stack(0x00007ff54c9aa000,0x00007ff54caab000)]
  0x00007ff574091800 JavaThread "Finalizer" daemon [_thread_blocked, id=9413, stack(0x00007ff54d47a000,0x00007ff54d57b000)]
  0x00007ff57408f000 JavaThread "Reference Handler" daemon [_thread_blocked, id=9412, stack(0x00007ff54d57b000,0x00007ff54d67c000)]
=>0x00007ff57400b800 JavaThread "main" [_thread_in_native, id=9400, stack(0x00007ff57e325000,0x00007ff57e425000)]

Other Threads:
  0x00007ff574085800 VMThread [stack: 0x00007ff54d67d000,0x00007ff54d77d000] [id=9411]
  0x00007ff5740da000 WatcherThread [stack: 0x00007ff54c3a5000,0x00007ff54c4a5000] [id=9420]

VM state:not at safepoint (normal execution)

VM Mutex/Monitor currently owned by a thread: None

heap address: 0x00000005ccc00000, size: 7988 MB, Compressed Oops mode: Zero based, Oop shift amount: 3
Narrow klass base: 0x0000000000000000, Narrow klass shift: 3
Compressed class space size: 1073741824 Address: 0x00000007c0000000

Heap:
 PSYoungGen      total 149504K, used 49986K [0x0000000719980000, 0x0000000724000000, 0x00000007c0000000)
  eden space 128512K, 35% used [0x0000000719980000,0x000000071c5fe150,0x0000000721700000)
  from space 20992K, 21% used [0x0000000721700000,0x0000000721b528c0,0x0000000722b80000)
  to   space 20992K, 0% used [0x0000000722b80000,0x0000000722b80000,0x0000000724000000)
 ParOldGen       total 341504K, used 88K [0x00000005ccc00000, 0x00000005e1980000, 0x0000000719980000)
  object space 341504K, 0% used [0x00000005ccc00000,0x00000005ccc16010,0x00000005e1980000)
 Metaspace       used 11371K, capacity 11603K, committed 11776K, reserved 1060864K
  class space    used 921K, capacity 1006K, committed 1024K, reserved 1048576K

Card table byte_map: [0x00007ff579923000,0x00007ff57a8be000] byte_map_base: 0x00007ff576abd000

Marking Bits: (ParMarkBitMap*) 0x00007ff57d5bf380
 Begin Bits: [0x00007ff528660000, 0x00007ff530330000)
 End Bits:   [0x00007ff530330000, 0x00007ff538000000)

Polling page: 0x00007ff57e440000

CodeCache: size=245760Kb used=4323Kb max_used=4336Kb free=241436Kb
 bounds [0x00007ff565000000, 0x00007ff565450000, 0x00007ff574000000]
 total_blobs=2017 nmethods=1097 adapters=835
 compilation: enabled

Compilation events (10 events):
Event: 1.118 Thread 0x00007ff5740cc800 nmethod 1092 0x00007ff56542e150 code [0x00007ff56542e2c0, 0x00007ff56542e3d0]
Event: 1.118 Thread 0x00007ff5740cc800 1094       3       models.Entity::update (29 bytes)
Event: 1.119 Thread 0x00007ff5740cc800 nmethod 1094 0x00007ff565435950 code [0x00007ff565435ae0, 0x00007ff565435ef8]
Event: 1.119 Thread 0x00007ff5740cc800 1095       3       models.Mesh::update (1 bytes)
Event: 1.119 Thread 0x00007ff5740cc800 nmethod 1095 0x00007ff56542de10 code [0x00007ff56542df60, 0x00007ff56542e0b0]
Event: 1.119 Thread 0x00007ff5740cc800 1096       3       math.Transform::checkForUpdates (16 bytes)
Event: 1.119 Thread 0x00007ff5740cc800 nmethod 1096 0x00007ff565435590 code [0x00007ff565435700, 0x00007ff5654358b0]
Event: 1.119 Thread 0x00007ff5740cc800 1098       3       shaders.BasicShader::setTransformationMatrix (8 bytes)
Event: 1.119 Thread 0x00007ff5740ca800 nmethod 1076 0x00007ff56543e590 code [0x00007ff56543e920, 0x00007ff565441920]
Event: 1.119 Thread 0x00007ff5740cc800 nmethod 1098 0x00007ff565434c90 code [0x00007ff565434e40, 0x00007ff565435328]

GC Heap History (6 events):
Event: 0.616 GC heap before
{Heap before GC invocations=1 (full 0):
 PSYoungGen      total 149504K, used 128512K [0x0000000719980000, 0x0000000724000000, 0x00000007c0000000)
  eden space 128512K, 100% used [0x0000000719980000,0x0000000721700000,0x0000000721700000)
  from space 20992K, 0% used [0x0000000722b80000,0x0000000722b80000,0x0000000724000000)
  to   space 20992K, 0% used [0x0000000721700000,0x0000000721700000,0x0000000722b80000)
 ParOldGen       total 341504K, used 0K [0x00000005ccc00000, 0x00000005e1980000, 0x0000000719980000)
  object space 341504K, 0% used [0x00000005ccc00000,0x00000005ccc00000,0x00000005e1980000)
 Metaspace       used 10773K, capacity 10993K, committed 11264K, reserved 1058816K
  class space    used 864K, capacity 973K, committed 1024K, reserved 1048576K
Event: 0.620 GC heap after
Heap after GC invocations=1 (full 0):
 PSYoungGen      total 149504K, used 9296K [0x0000000719980000, 0x0000000724000000, 0x00000007c0000000)
  eden space 128512K, 0% used [0x0000000719980000,0x0000000719980000,0x0000000721700000)
  from space 20992K, 44% used [0x0000000721700000,0x00000007220142b0,0x0000000722b80000)
  to   space 20992K, 0% used [0x0000000722b80000,0x0000000722b80000,0x0000000724000000)
 ParOldGen       total 341504K, used 72K [0x00000005ccc00000, 0x00000005e1980000, 0x0000000719980000)
  object space 341504K, 0% used [0x00000005ccc00000,0x00000005ccc12010,0x00000005e1980000)
 Metaspace       used 10773K, capacity 10993K, committed 11264K, reserved 1058816K
  class space    used 864K, capacity 973K, committed 1024K, reserved 1048576K
}
Event: 0.800 GC heap before
{Heap before GC invocations=2 (full 0):
 PSYoungGen      total 149504K, used 137081K [0x0000000719980000, 0x0000000724000000, 0x00000007c0000000)
  eden space 128512K, 99% used [0x0000000719980000,0x000000072164a238,0x0000000721700000)
  from space 20992K, 44% used [0x0000000721700000,0x00000007220142b0,0x0000000722b80000)
  to   space 20992K, 0% used [0x0000000722b80000,0x0000000722b80000,0x0000000724000000)
 ParOldGen       total 341504K, used 72K [0x00000005ccc00000, 0x00000005e1980000, 0x0000000719980000)
  object space 341504K, 0% used [0x00000005ccc00000,0x00000005ccc12010,0x00000005e1980000)
 Metaspace       used 10999K, capacity 11281K, committed 11520K, reserved 1060864K
  class space    used 892K, capacity 1005K, committed 1024K, reserved 1048576K
Event: 0.802 GC heap after
Heap after GC invocations=2 (full 0):
 PSYoungGen      total 149504K, used 4955K [0x0000000719980000, 0x0000000724000000, 0x00000007c0000000)
  eden space 128512K, 0% used [0x0000000719980000,0x0000000719980000,0x0000000721700000)
  from space 20992K, 23% used [0x0000000722b80000,0x0000000723056ed0,0x0000000724000000)
  to   space 20992K, 0% used [0x0000000721700000,0x0000000721700000,0x0000000722b80000)
 ParOldGen       total 341504K, used 80K [0x00000005ccc00000, 0x00000005e1980000, 0x0000000719980000)
  object space 341504K, 0% used [0x00000005ccc00000,0x00000005ccc14010,0x00000005e1980000)
 Metaspace       used 10999K, capacity 11281K, committed 11520K, reserved 1060864K
  class space    used 892K, capacity 1005K, committed 1024K, reserved 1048576K
}
Event: 1.092 GC heap before
{Heap before GC invocations=3 (full 0):
 PSYoungGen      total 149504K, used 133467K [0x0000000719980000, 0x0000000724000000, 0x00000007c0000000)
  eden space 128512K, 100% used [0x0000000719980000,0x0000000721700000,0x0000000721700000)
  from space 20992K, 23% used [0x0000000722b80000,0x0000000723056ed0,0x0000000724000000)
  to   space 20992K, 0% used [0x0000000721700000,0x0000000721700000,0x0000000722b80000)
 ParOldGen       total 341504K, used 80K [0x00000005ccc00000, 0x00000005e1980000, 0x0000000719980000)
  object space 341504K, 0% used [0x00000005ccc00000,0x00000005ccc14010,0x00000005e1980000)
 Metaspace       used 11317K, capacity 11539K, committed 11776K, reserved 1060864K
  class space    used 916K, capacity 1006K, committed 1024K, reserved 1048576K
Event: 1.094 GC heap after
Heap after GC invocations=3 (full 0):
 PSYoungGen      total 149504K, used 4426K [0x0000000719980000, 0x0000000724000000, 0x00000007c0000000)
  eden space 128512K, 0% used [0x0000000719980000,0x0000000719980000,0x0000000721700000)
  from space 20992K, 21% used [0x0000000721700000,0x0000000721b528c0,0x0000000722b80000)
  to   space 20992K, 0% used [0x0000000722b80000,0x0000000722b80000,0x0000000724000000)
 ParOldGen       total 341504K, used 88K [0x00000005ccc00000, 0x00000005e1980000, 0x0000000719980000)
  object space 341504K, 0% used [0x00000005ccc00000,0x00000005ccc16010,0x00000005e1980000)
 Metaspace       used 11317K, capacity 11539K, committed 11776K, reserved 1060864K
  class space    used 916K, capacity 1006K, committed 1024K, reserved 1048576K
}

Deoptimization events (10 events):
Event: 0.496 Thread 0x00007ff57400b800 Uncommon trap: reason=array_check action=maybe_recompile pc=0x00007ff565317f58 method=java.util.AbstractCollection.toArray([Ljava/lang/Object;)[Ljava/lang/Object; @ 119
Event: 0.496 Thread 0x00007ff57400b800 Uncommon trap: reason=array_check action=maybe_recompile pc=0x00007ff565317f58 method=java.util.AbstractCollection.toArray([Ljava/lang/Object;)[Ljava/lang/Object; @ 119
Event: 0.498 Thread 0x00007ff57400b800 Uncommon trap: reason=unstable_if action=reinterpret pc=0x00007ff56531a7c0 method=sun.misc.FloatingDecimal.readJavaFormatString(Ljava/lang/String;)Lsun/misc/FloatingDecimal$ASCIIToBinaryConverter; @ 235
Event: 0.498 Thread 0x00007ff57400b800 Uncommon trap: reason=class_check action=maybe_recompile pc=0x00007ff5652db248 method=sun.misc.FloatingDecimal.parseFloat(Ljava/lang/String;)F @ 4
Event: 0.517 Thread 0x00007ff57400b800 Uncommon trap: reason=class_check action=maybe_recompile pc=0x00007ff5652db248 method=sun.misc.FloatingDecimal.parseFloat(Ljava/lang/String;)F @ 4
Event: 0.531 Thread 0x00007ff57400b800 Uncommon trap: reason=class_check action=maybe_recompile pc=0x00007ff5652db248 method=sun.misc.FloatingDecimal.parseFloat(Ljava/lang/String;)F @ 4
Event: 0.531 Thread 0x00007ff57400b800 Uncommon trap: reason=class_check action=maybe_recompile pc=0x00007ff5652db248 method=sun.misc.FloatingDecimal.parseFloat(Ljava/lang/String;)F @ 4
Event: 0.797 Thread 0x00007ff57400b800 Uncommon trap: reason=unstable_if action=reinterpret pc=0x00007ff5651b7e80 method=java.lang.String.indexOf([CII[CIII)I @ 3
Event: 0.846 Thread 0x00007ff57400b800 Uncommon trap: reason=unstable_if action=reinterpret pc=0x00007ff5653c8f70 method=sun.security.provider.NativePRNG$RandomIO.ensureBufferValid()V @ 57
Event: 0.919 Thread 0x00007ff57400b800 Uncommon trap: reason=unstable_if action=reinterpret pc=0x00007ff5653eb7c4 method=terrain.TerrainMesh.getVertexNormals([F[I)[F @ 211

Classes redefined (0 events):
No events

Internal exceptions (10 events):
Event: 0.099 Thread 0x00007ff57400b800 Exception <a 'java/security/PrivilegedActionException'> (0x0000000719f6d838) thrown at [/build/openjdk-8-4aHi5C/openjdk-8-8u232-b09/src/hotspot/src/share/vm/prims/jvm.cpp, line 1502]
Event: 0.099 Thread 0x00007ff57400b800 Exception <a 'java/security/PrivilegedActionException'> (0x0000000719f6da48) thrown at [/build/openjdk-8-4aHi5C/openjdk-8-8u232-b09/src/hotspot/src/share/vm/prims/jvm.cpp, line 1502]
Event: 0.099 Thread 0x00007ff57400b800 Exception <a 'java/security/PrivilegedActionException'> (0x0000000719f6fad0) thrown at [/build/openjdk-8-4aHi5C/openjdk-8-8u232-b09/src/hotspot/src/share/vm/prims/jvm.cpp, line 1502]
Event: 0.099 Thread 0x00007ff57400b800 Exception <a 'java/security/PrivilegedActionException'> (0x0000000719f6fce0) thrown at [/build/openjdk-8-4aHi5C/openjdk-8-8u232-b09/src/hotspot/src/share/vm/prims/jvm.cpp, line 1502]
Event: 0.099 Thread 0x00007ff57400b800 Exception <a 'java/security/PrivilegedActionException'> (0x0000000719f707b8) thrown at [/build/openjdk-8-4aHi5C/openjdk-8-8u232-b09/src/hotspot/src/share/vm/prims/jvm.cpp, line 1502]
Event: 0.099 Thread 0x00007ff57400b800 Exception <a 'java/security/PrivilegedActionException'> (0x0000000719f709c8) thrown at [/build/openjdk-8-4aHi5C/openjdk-8-8u232-b09/src/hotspot/src/share/vm/prims/jvm.cpp, line 1502]
Event: 0.107 Thread 0x00007ff57400b800 Exception <a 'sun/nio/fs/UnixException'> (0x0000000719f9daf0) thrown at [/build/openjdk-8-4aHi5C/openjdk-8-8u232-b09/src/hotspot/src/share/vm/prims/jni.cpp, line 710]
Event: 0.110 Thread 0x00007ff57400b800 Exception <a 'sun/nio/fs/UnixException'> (0x0000000719fae070) thrown at [/build/openjdk-8-4aHi5C/openjdk-8-8u232-b09/src/hotspot/src/share/vm/prims/jni.cpp, line 710]
Event: 0.207 Thread 0x00007ff57400b800 Exception <a 'sun/nio/fs/UnixException'> (0x000000071a11d758) thrown at [/build/openjdk-8-4aHi5C/openjdk-8-8u232-b09/src/hotspot/src/share/vm/prims/jni.cpp, line 710]
Event: 0.208 Thread 0x00007ff57400b800 Exception <a 'sun/nio/fs/UnixException'> (0x000000071a125a80) thrown at [/build/openjdk-8-4aHi5C/openjdk-8-8u232-b09/src/hotspot/src/share/vm/prims/jni.cpp, line 710]

Events (10 events):
Event: 1.102 loading class particles/Particle
Event: 1.102 loading class particles/Particle done
Event: 1.102 loading class particles/CircularEmission
Event: 1.102 loading class particles/CircularEmission done
Event: 1.102 loading class particles/ParticleMesh
Event: 1.102 loading class particles/ParticleMesh done
Event: 1.102 loading class org/lwjgl/opengl/GL33C
Event: 1.102 loading class org/lwjgl/opengl/GL33C done
Event: 1.112 loading class particles/ParticleMaster
Event: 1.112 loading class particles/ParticleMaster done


Dynamic libraries:
402ed000-402ef000 r-xs 00000000 103:02 15728658                          /tmp/.glaKnQun (deleted)
411ec000-4129b000 rw-p 00000000 00:00 0 
5ccc00000-5e1980000 rw-p 00000000 00:00 0 
5e1980000-719980000 ---p 00000000 00:00 0 
719980000-724000000 rw-p 00000000 00:00 0 
724000000-7c0000000 ---p 00000000 00:00 0 
7c0000000-7c0100000 rw-p 00000000 00:00 0 
7c0100000-800000000 ---p 00000000 00:00 0 
55b97ba6b000-55b97ba6c000 r-xp 00000000 103:02 9833149                   /usr/lib/jvm/java-8-openjdk-amd64/jre/bin/java
55b97bc6b000-55b97bc6c000 r--p 00000000 103:02 9833149                   /usr/lib/jvm/java-8-openjdk-amd64/jre/bin/java
55b97bc6c000-55b97bc6d000 rw-p 00001000 103:02 9833149                   /usr/lib/jvm/java-8-openjdk-amd64/jre/bin/java
55b97c0c2000-55b97c0e3000 rw-p 00000000 00:00 0                          [heap]
7ff4b4000000-7ff4b4021000 rw-p 00000000 00:00 0 
7ff4b4021000-7ff4b8000000 ---p 00000000 00:00 0 
7ff4b8000000-7ff4b8021000 rw-p 00000000 00:00 0 
7ff4b8021000-7ff4bc000000 ---p 00000000 00:00 0 
7ff4bc000000-7ff4bc021000 rw-p 00000000 00:00 0 
7ff4bc021000-7ff4c0000000 ---p 00000000 00:00 0 
7ff4c0000000-7ff4c0021000 rw-p 00000000 00:00 0 
7ff4c0021000-7ff4c4000000 ---p 00000000 00:00 0 
7ff4c4000000-7ff4c4021000 rw-p 00000000 00:00 0 
7ff4c4021000-7ff4c8000000 ---p 00000000 00:00 0 
7ff4c8000000-7ff4c8021000 rw-p 00000000 00:00 0 
7ff4c8021000-7ff4cc000000 ---p 00000000 00:00 0 
7ff4cc000000-7ff4cc021000 rw-p 00000000 00:00 0 
7ff4cc021000-7ff4d0000000 ---p 00000000 00:00 0 
7ff4d37ff000-7ff4d3800000 ---p 00000000 00:00 0 
7ff4d3800000-7ff4d4000000 rw-p 00000000 00:00 0 
7ff4d4000000-7ff4d4021000 rw-p 00000000 00:00 0 
7ff4d4021000-7ff4d8000000 ---p 00000000 00:00 0 
7ff4da7fd000-7ff4da7fe000 ---p 00000000 00:00 0 
7ff4da7fe000-7ff4daffe000 rw-p 00000000 00:00 0 
7ff4daffe000-7ff4dafff000 ---p 00000000 00:00 0 
7ff4dafff000-7ff4db7ff000 rw-p 00000000 00:00 0 
7ff4db7ff000-7ff4db800000 ---p 00000000 00:00 0 
7ff4db800000-7ff4dc000000 rw-p 00000000 00:00 0 
7ff4dc000000-7ff4dc021000 rw-p 00000000 00:00 0 
7ff4dc021000-7ff4e0000000 ---p 00000000 00:00 0 
7ff4e0000000-7ff4e0021000 rw-p 00000000 00:00 0 
7ff4e0021000-7ff4e4000000 ---p 00000000 00:00 0 
7ff4e4000000-7ff4e4021000 rw-p 00000000 00:00 0 
7ff4e4021000-7ff4e8000000 ---p 00000000 00:00 0 
7ff4e8000000-7ff4e8021000 rw-p 00000000 00:00 0 
7ff4e8021000-7ff4ec000000 ---p 00000000 00:00 0 
7ff4ec000000-7ff4ef385000 rw-p 00000000 00:00 0 
7ff4ef385000-7ff4f0000000 ---p 00000000 00:00 0 
7ff4f035f000-7ff4f0360000 ---p 00000000 00:00 0 
7ff4f0360000-7ff4f0b60000 rw-p 00000000 00:00 0 
7ff4f0b60000-7ff4f0b61000 ---p 00000000 00:00 0 
7ff4f0b61000-7ff4f1361000 rw-p 00000000 00:00 0 
7ff4f1361000-7ff4f1362000 ---p 00000000 00:00 0 
7ff4f1362000-7ff4f1b62000 rw-p 00000000 00:00 0 
7ff4f1b62000-7ff4f1b63000 ---p 00000000 00:00 0 
7ff4f1b63000-7ff4f2363000 rw-p 00000000 00:00 0 
7ff4f2363000-7ff4f2364000 ---p 00000000 00:00 0 
7ff4f2364000-7ff4f2b64000 rw-p 00000000 00:00 0 
7ff4f2b64000-7ff4f2b65000 ---p 00000000 00:00 0 
7ff4f2b65000-7ff4f3365000 rw-p 00000000 00:00 0 
7ff4f3365000-7ff4f3366000 ---p 00000000 00:00 0 
7ff4f3366000-7ff4f3be6000 rw-p 00000000 00:00 0 
7ff4f3be6000-7ff4f3d66000 ---p 00000000 00:00 0 
7ff4f4166000-7ff4f5167000 rw-p 00000000 00:00 0 
7ff4f5567000-7ff4f5568000 ---p 00000000 00:00 0 
7ff4f5568000-7ff4f5d68000 rw-p 00000000 00:00 0 
7ff4f6168000-7ff4f6568000 rw-s 00000000 00:06 552                        /dev/nvidiactl
7ff4f6568000-7ff4f6768000 rw-s 00000000 00:06 552                        /dev/nvidiactl
7ff4f6768000-7ff4f6b68000 rw-s 00000000 00:06 552                        /dev/nvidiactl
7ff4f6b68000-7ff4f6d68000 rw-s 00000000 00:06 552                        /dev/nvidiactl
7ff4f6d68000-7ff4f7169000 rw-p 00000000 00:00 0 
7ff4f716a000-7ff4f756a000 rw-s 00000000 00:06 552                        /dev/nvidiactl
7ff4f756a000-7ff4f776a000 rw-p 00000000 00:00 0 
7ff4f776a000-7ff4f77aa000 rw-s 00000000 08:01 16256176                   /home/sam/#16256176 (deleted)
7ff4f77aa000-7ff4f7802000 r-xp 00000000 103:02 15991432                  /tmp/lwjglsam/3.2.3-build-13/liblwjgl_opengl.so
7ff4f7802000-7ff4f7a01000 ---p 00058000 103:02 15991432                  /tmp/lwjglsam/3.2.3-build-13/liblwjgl_opengl.so
7ff4f7a01000-7ff4f7a02000 r--p 00057000 103:02 15991432                  /tmp/lwjglsam/3.2.3-build-13/liblwjgl_opengl.so
7ff4f7a02000-7ff4f7a03000 rw-p 00058000 103:02 15991432                  /tmp/lwjglsam/3.2.3-build-13/liblwjgl_opengl.so
7ff4f7a03000-7ff4f7a08000 r-xp 00000000 103:02 9839193                   /usr/lib/x86_64-linux-gnu/libxcb-sync.so.1.0.0
7ff4f7a08000-7ff4f7c08000 ---p 00005000 103:02 9839193                   /usr/lib/x86_64-linux-gnu/libxcb-sync.so.1.0.0
7ff4f7c08000-7ff4f7c09000 r--p 00005000 103:02 9839193                   /usr/lib/x86_64-linux-gnu/libxcb-sync.so.1.0.0
7ff4f7c09000-7ff4f7c0a000 rw-p 00006000 103:02 9839193                   /usr/lib/x86_64-linux-gnu/libxcb-sync.so.1.0.0
7ff4f7c0a000-7ff4f7c0c000 r-xp 00000000 103:02 9839185                   /usr/lib/x86_64-linux-gnu/libxcb-present.so.0.0.0
7ff4f7c0c000-7ff4f7e0b000 ---p 00002000 103:02 9839185                   /usr/lib/x86_64-linux-gnu/libxcb-present.so.0.0.0
7ff4f7e0b000-7ff4f7e0c000 r--p 00001000 103:02 9839185                   /usr/lib/x86_64-linux-gnu/libxcb-present.so.0.0.0
7ff4f7e0c000-7ff4f7e0d000 rw-p 00002000 103:02 9839185                   /usr/lib/x86_64-linux-gnu/libxcb-present.so.0.0.0
7ff4f7e0d000-7ff4f7e10000 r-xp 00000000 103:02 9839181                   /usr/lib/x86_64-linux-gnu/libxcb-dri3.so.0.0.0
7ff4f7e10000-7ff4f800f000 ---p 00003000 103:02 9839181                   /usr/lib/x86_64-linux-gnu/libxcb-dri3.so.0.0.0
7ff4f800f000-7ff4f8010000 r--p 00002000 103:02 9839181                   /usr/lib/x86_64-linux-gnu/libxcb-dri3.so.0.0.0
7ff4f8010000-7ff4f8011000 rw-p 00003000 103:02 9839181                   /usr/lib/x86_64-linux-gnu/libxcb-dri3.so.0.0.0
7ff4f8011000-7ff4f8029000 r-xp 00000000 103:02 9839183                   /usr/lib/x86_64-linux-gnu/libxcb-glx.so.0.0.0
7ff4f8029000-7ff4f8229000 ---p 00018000 103:02 9839183                   /usr/lib/x86_64-linux-gnu/libxcb-glx.so.0.0.0
7ff4f8229000-7ff4f822b000 r--p 00018000 103:02 9839183                   /usr/lib/x86_64-linux-gnu/libxcb-glx.so.0.0.0
7ff4f822b000-7ff4f822c000 rw-p 0001a000 103:02 9839183                   /usr/lib/x86_64-linux-gnu/libxcb-glx.so.0.0.0
7ff4f822c000-7ff4f82ac000 rw-s 00000000 00:06 552                        /dev/nvidiactl
7ff4f83ac000-7ff4f83bc000 r-xp 00000000 103:02 9840432                   /usr/lib/x86_64-linux-gnu/libdrm.so.2.4.0
7ff4f83bc000-7ff4f85bb000 ---p 00010000 103:02 9840432                   /usr/lib/x86_64-linux-gnu/libdrm.so.2.4.0
7ff4f85bb000-7ff4f85bc000 r--p 0000f000 103:02 9840432                   /usr/lib/x86_64-linux-gnu/libdrm.so.2.4.0
7ff4f85bc000-7ff4f85bd000 rw-p 00010000 103:02 9840432                   /usr/lib/x86_64-linux-gnu/libdrm.so.2.4.0
7ff4f85bd000-7ff4f9898000 r-xp 00000000 103:02 9840523                   /usr/lib/x86_64-linux-gnu/libnvidia-glcore.so.440.31
7ff4f9898000-7ff4f98b9000 rwxp 012db000 103:02 9840523                   /usr/lib/x86_64-linux-gnu/libnvidia-glcore.so.440.31
7ff4f98b9000-7ff4f9dca000 r-xp 012fc000 103:02 9840523                   /usr/lib/x86_64-linux-gnu/libnvidia-glcore.so.440.31
7ff4f9dca000-7ff4f9fc9000 ---p 0180d000 103:02 9840523                   /usr/lib/x86_64-linux-gnu/libnvidia-glcore.so.440.31
7ff4f9fc9000-7ff4fa30f000 rw-p 0180c000 103:02 9840523                   /usr/lib/x86_64-linux-gnu/libnvidia-glcore.so.440.31
7ff4fa30f000-7ff4fa32b000 rw-p 00000000 00:00 0 
7ff4fa32b000-7ff4fa32e000 r-xp 00000000 103:02 9840527                   /usr/lib/x86_64-linux-gnu/libnvidia-tls.so.440.31
7ff4fa32e000-7ff4fa52e000 ---p 00003000 103:02 9840527                   /usr/lib/x86_64-linux-gnu/libnvidia-tls.so.440.31
7ff4fa52e000-7ff4fa52f000 rw-p 00003000 103:02 9840527                   /usr/lib/x86_64-linux-gnu/libnvidia-tls.so.440.31
7ff4fa52f000-7ff4fa5d8000 r-xp 00000000 103:02 9840520                   /usr/lib/x86_64-linux-gnu/libGLX_nvidia.so.440.31
7ff4fa5d8000-7ff4fa60d000 rwxp 000a9000 103:02 9840520                   /usr/lib/x86_64-linux-gnu/libGLX_nvidia.so.440.31
7ff4fa60d000-7ff4fa61c000 r-xp 000de000 103:02 9840520                   /usr/lib/x86_64-linux-gnu/libGLX_nvidia.so.440.31
7ff4fa61c000-7ff4fa81b000 ---p 000ed000 103:02 9840520                   /usr/lib/x86_64-linux-gnu/libGLX_nvidia.so.440.31
7ff4fa81b000-7ff4fa83f000 rw-p 000ec000 103:02 9840520                   /usr/lib/x86_64-linux-gnu/libGLX_nvidia.so.440.31
7ff4fa83f000-7ff4fa841000 rw-p 00000000 00:00 0 
7ff4fa841000-7ff4fa883000 r-xp 00000000 103:02 9837994                   /usr/lib/x86_64-linux-gnu/libGLdispatch.so.0.0.0
7ff4fa883000-7ff4fa89c000 r-xp 00042000 103:02 9837994                   /usr/lib/x86_64-linux-gnu/libGLdispatch.so.0.0.0
7ff4fa89c000-7ff4fa8af000 r-xp 0005b000 103:02 9837994                   /usr/lib/x86_64-linux-gnu/libGLdispatch.so.0.0.0
7ff4fa8af000-7ff4faaae000 ---p 0006e000 103:02 9837994                   /usr/lib/x86_64-linux-gnu/libGLdispatch.so.0.0.0
7ff4faaae000-7ff4faad6000 r--p 0006d000 103:02 9837994                   /usr/lib/x86_64-linux-gnu/libGLdispatch.so.0.0.0
7ff4faad6000-7ff4faad7000 rw-p 00095000 103:02 9837994                   /usr/lib/x86_64-linux-gnu/libGLdispatch.so.0.0.0
7ff4faad7000-7ff4faaf7000 rw-p 00000000 00:00 0 
7ff4faaf7000-7ff4fab07000 r-xp 00000000 103:02 9837992                   /usr/lib/x86_64-linux-gnu/libGLX.so.0.0.0
7ff4fab07000-7ff4fad06000 ---p 00010000 103:02 9837992                   /usr/lib/x86_64-linux-gnu/libGLX.so.0.0.0
7ff4fad06000-7ff4fad07000 r--p 0000f000 103:02 9837992                   /usr/lib/x86_64-linux-gnu/libGLX.so.0.0.0
7ff4fad07000-7ff4fad08000 rw-p 00010000 103:02 9837992                   /usr/lib/x86_64-linux-gnu/libGLX.so.0.0.0
7ff4fad08000-7ff4fad28000 rw-p 00000000 00:00 0 
7ff4fad28000-7ff4fad6c000 r-xp 00000000 103:02 9837986                   /usr/lib/x86_64-linux-gnu/libGL.so.1.0.0
7ff4fad6c000-7ff4fad85000 r-xp 00044000 103:02 9837986                   /usr/lib/x86_64-linux-gnu/libGL.so.1.0.0
7ff4fad85000-7ff4fad99000 r-xp 0005d000 103:02 9837986                   /usr/lib/x86_64-linux-gnu/libGL.so.1.0.0
7ff4fad99000-7ff4faf98000 ---p 00071000 103:02 9837986                   /usr/lib/x86_64-linux-gnu/libGL.so.1.0.0
7ff4faf98000-7ff4fafb2000 r--p 00070000 103:02 9837986                   /usr/lib/x86_64-linux-gnu/libGL.so.1.0.0
7ff4fafb2000-7ff4fafb3000 rw-p 0008a000 103:02 9837986                   /usr/lib/x86_64-linux-gnu/libGL.so.1.0.0
7ff4fafb3000-7ff4fafb4000 rw-p 00000000 00:00 0 
7ff4fafb4000-7ff4fafb5000 r-xp 00000000 103:02 9840453                   /usr/lib/x86_64-linux-gnu/libX11-xcb.so.1.0.0
7ff4fafb5000-7ff4fb1b4000 ---p 00001000 103:02 9840453                   /usr/lib/x86_64-linux-gnu/libX11-xcb.so.1.0.0
7ff4fb1b4000-7ff4fb1b5000 r--p 00000000 103:02 9840453                   /usr/lib/x86_64-linux-gnu/libX11-xcb.so.1.0.0
7ff4fb1b5000-7ff4fb1b6000 rw-p 00001000 103:02 9840453                   /usr/lib/x86_64-linux-gnu/libX11-xcb.so.1.0.0
7ff4fb1b6000-7ff4fb1b8000 r-xp 00000000 103:02 9838067                   /usr/lib/x86_64-linux-gnu/libXinerama.so.1.0.0
7ff4fb1b8000-7ff4fb3b7000 ---p 00002000 103:02 9838067                   /usr/lib/x86_64-linux-gnu/libXinerama.so.1.0.0
7ff4fb3b7000-7ff4fb3b8000 r--p 00001000 103:02 9838067                   /usr/lib/x86_64-linux-gnu/libXinerama.so.1.0.0
7ff4fb3b8000-7ff4fb3b9000 rw-p 00002000 103:02 9838067                   /usr/lib/x86_64-linux-gnu/libXinerama.so.1.0.0
7ff4fb3b9000-7ff4fb3be000 r-xp 00000000 103:02 9838059                   /usr/lib/x86_64-linux-gnu/libXfixes.so.3.1.0
7ff4fb3be000-7ff4fb5bd000 ---p 00005000 103:02 9838059                   /usr/lib/x86_64-linux-gnu/libXfixes.so.3.1.0
7ff4fb5bd000-7ff4fb5be000 r--p 00004000 103:02 9838059                   /usr/lib/x86_64-linux-gnu/libXfixes.so.3.1.0
7ff4fb5be000-7ff4fb5bf000 rw-p 00005000 103:02 9838059                   /usr/lib/x86_64-linux-gnu/libXfixes.so.3.1.0
7ff4fb5bf000-7ff4fb5c8000 r-xp 00000000 103:02 9838051                   /usr/lib/x86_64-linux-gnu/libXcursor.so.1.0.2
7ff4fb5c8000-7ff4fb7c7000 ---p 00009000 103:02 9838051                   /usr/lib/x86_64-linux-gnu/libXcursor.so.1.0.2
7ff4fb7c7000-7ff4fb7c8000 r--p 00008000 103:02 9838051                   /usr/lib/x86_64-linux-gnu/libXcursor.so.1.0.2
7ff4fb7c8000-7ff4fb7c9000 rw-p 00009000 103:02 9838051                   /usr/lib/x86_64-linux-gnu/libXcursor.so.1.0.2
7ff4fb7c9000-7ff4fb7d2000 r-xp 00000000 103:02 9838077                   /usr/lib/x86_64-linux-gnu/libXrender.so.1.3.0
7ff4fb7d2000-7ff4fb9d1000 ---p 00009000 103:02 9838077                   /usr/lib/x86_64-linux-gnu/libXrender.so.1.3.0
7ff4fb9d1000-7ff4fb9d2000 r--p 00008000 103:02 9838077                   /usr/lib/x86_64-linux-gnu/libXrender.so.1.3.0
7ff4fb9d2000-7ff4fb9d3000 rw-p 00009000 103:02 9838077                   /usr/lib/x86_64-linux-gnu/libXrender.so.1.3.0
7ff4fb9d3000-7ff4fb9dd000 r-xp 00000000 103:02 9838075                   /usr/lib/x86_64-linux-gnu/libXrandr.so.2.2.0
7ff4fb9dd000-7ff4fbbdc000 ---p 0000a000 103:02 9838075                   /usr/lib/x86_64-linux-gnu/libXrandr.so.2.2.0
7ff4fbbdc000-7ff4fbbdd000 r--p 00009000 103:02 9838075                   /usr/lib/x86_64-linux-gnu/libXrandr.so.2.2.0
7ff4fbbdd000-7ff4fbbde000 rw-p 0000a000 103:02 9838075                   /usr/lib/x86_64-linux-gnu/libXrandr.so.2.2.0
7ff4fbbde000-7ff4fbbed000 r-xp 00000000 103:02 9838065                   /usr/lib/x86_64-linux-gnu/libXi.so.6.1.0
7ff4fbbed000-7ff4fbdec000 ---p 0000f000 103:02 9838065                   /usr/lib/x86_64-linux-gnu/libXi.so.6.1.0
7ff4fbdec000-7ff4fbded000 r--p 0000e000 103:02 9838065                   /usr/lib/x86_64-linux-gnu/libXi.so.6.1.0
7ff4fbded000-7ff4fbdee000 rw-p 0000f000 103:02 9838065                   /usr/lib/x86_64-linux-gnu/libXi.so.6.1.0
7ff4fbdee000-7ff4fbdff000 r-xp 00000000 103:02 9838057                   /usr/lib/x86_64-linux-gnu/libXext.so.6.4.0
7ff4fbdff000-7ff4fbffe000 ---p 00011000 103:02 9838057                   /usr/lib/x86_64-linux-gnu/libXext.so.6.4.0
7ff4fbffe000-7ff4fbfff000 r--p 00010000 103:02 9838057                   /usr/lib/x86_64-linux-gnu/libXext.so.6.4.0
7ff4fbfff000-7ff4fc000000 rw-p 00011000 103:02 9838057                   /usr/lib/x86_64-linux-gnu/libXext.so.6.4.0
7ff4fc000000-7ff4fc021000 rw-p 00000000 00:00 0 
7ff4fc021000-7ff500000000 ---p 00000000 00:00 0 
7ff500014000-7ff500019000 r-xp 00000000 103:02 9838093                   /usr/lib/x86_64-linux-gnu/libXxf86vm.so.1.0.0
7ff500019000-7ff500218000 ---p 00005000 103:02 9838093                   /usr/lib/x86_64-linux-gnu/libXxf86vm.so.1.0.0
7ff500218000-7ff500219000 r--p 00004000 103:02 9838093                   /usr/lib/x86_64-linux-gnu/libXxf86vm.so.1.0.0
7ff500219000-7ff50021a000 rw-p 00005000 103:02 9838093                   /usr/lib/x86_64-linux-gnu/libXxf86vm.so.1.0.0
7ff50021a000-7ff50022d000 r-xp 00000000 103:02 22937869                  /lib/x86_64-linux-gnu/libbsd.so.0.8.7
7ff50022d000-7ff50042c000 ---p 00013000 103:02 22937869                  /lib/x86_64-linux-gnu/libbsd.so.0.8.7
7ff50042c000-7ff50042d000 r--p 00012000 103:02 22937869                  /lib/x86_64-linux-gnu/libbsd.so.0.8.7
7ff50042d000-7ff50042e000 rw-p 00013000 103:02 22937869                  /lib/x86_64-linux-gnu/libbsd.so.0.8.7
7ff50042e000-7ff50042f000 rw-p 00000000 00:00 0 
7ff50042f000-7ff500434000 r-xp 00000000 103:02 9838055                   /usr/lib/x86_64-linux-gnu/libXdmcp.so.6.0.0
7ff500434000-7ff500633000 ---p 00005000 103:02 9838055                   /usr/lib/x86_64-linux-gnu/libXdmcp.so.6.0.0
7ff500633000-7ff500634000 r--p 00004000 103:02 9838055                   /usr/lib/x86_64-linux-gnu/libXdmcp.so.6.0.0
7ff500634000-7ff500635000 rw-p 00005000 103:02 9838055                   /usr/lib/x86_64-linux-gnu/libXdmcp.so.6.0.0
7ff500635000-7ff500637000 r-xp 00000000 103:02 9838044                   /usr/lib/x86_64-linux-gnu/libXau.so.6.0.0
7ff500637000-7ff500837000 ---p 00002000 103:02 9838044                   /usr/lib/x86_64-linux-gnu/libXau.so.6.0.0
7ff500837000-7ff500838000 r--p 00002000 103:02 9838044                   /usr/lib/x86_64-linux-gnu/libXau.so.6.0.0
7ff500838000-7ff500839000 rw-p 00003000 103:02 9838044                   /usr/lib/x86_64-linux-gnu/libXau.so.6.0.0
7ff500839000-7ff50085f000 r-xp 00000000 103:02 9840409                   /usr/lib/x86_64-linux-gnu/libxcb.so.1.1.0
7ff50085f000-7ff500a5f000 ---p 00026000 103:02 9840409                   /usr/lib/x86_64-linux-gnu/libxcb.so.1.1.0
7ff500a5f000-7ff500a60000 r--p 00026000 103:02 9840409                   /usr/lib/x86_64-linux-gnu/libxcb.so.1.1.0
7ff500a60000-7ff500a61000 rw-p 00027000 103:02 9840409                   /usr/lib/x86_64-linux-gnu/libxcb.so.1.1.0
7ff500a61000-7ff500b94000 r-xp 00000000 103:02 9839217                   /usr/lib/x86_64-linux-gnu/libX11.so.6.3.0
7ff500b94000-7ff500d94000 ---p 00133000 103:02 9839217                   /usr/lib/x86_64-linux-gnu/libX11.so.6.3.0
7ff500d94000-7ff500d95000 r--p 00133000 103:02 9839217                   /usr/lib/x86_64-linux-gnu/libX11.so.6.3.0
7ff500d95000-7ff500d99000 rw-p 00134000 103:02 9839217                   /usr/lib/x86_64-linux-gnu/libX11.so.6.3.0
7ff500d99000-7ff500ddc000 r-xp 00000000 103:02 15991431                  /tmp/lwjglsam/3.2.3-build-13/libglfw.so
7ff500ddc000-7ff500fdb000 ---p 00043000 103:02 15991431                  /tmp/lwjglsam/3.2.3-build-13/libglfw.so
7ff500fdb000-7ff500fdc000 r--p 00042000 103:02 15991431                  /tmp/lwjglsam/3.2.3-build-13/libglfw.so
7ff500fdc000-7ff500fde000 rw-p 00043000 103:02 15991431                  /tmp/lwjglsam/3.2.3-build-13/libglfw.so
7ff500fde000-7ff504000000 rw-p 00000000 00:00 0 
7ff504000000-7ff5042e1000 rw-p 00000000 00:00 0 
7ff5042e1000-7ff508000000 ---p 00000000 00:00 0 
7ff508000000-7ff508021000 rw-p 00000000 00:00 0 
7ff508021000-7ff50c000000 ---p 00000000 00:00 0 
7ff50c000000-7ff50c555000 rw-p 00000000 00:00 0 
7ff50c555000-7ff510000000 ---p 00000000 00:00 0 
7ff510000000-7ff510ade000 rw-p 00000000 00:00 0 
7ff510ade000-7ff514000000 ---p 00000000 00:00 0 
7ff514000000-7ff514021000 rw-p 00000000 00:00 0 
7ff514021000-7ff518000000 ---p 00000000 00:00 0 
7ff518000000-7ff518725000 rw-p 00000000 00:00 0 
7ff518725000-7ff51c000000 ---p 00000000 00:00 0 
7ff51c000000-7ff51c021000 rw-p 00000000 00:00 0 
7ff51c021000-7ff520000000 ---p 00000000 00:00 0 
7ff520000000-7ff520021000 rw-p 00000000 00:00 0 
7ff520021000-7ff524000000 ---p 00000000 00:00 0 
7ff524000000-7ff524021000 rw-p 00000000 00:00 0 
7ff524021000-7ff528000000 ---p 00000000 00:00 0 
7ff528011000-7ff528051000 r-xs 00000000 08:01 16256176                   /home/sam/#16256176 (deleted)
7ff528051000-7ff5281f6000 rw-s 00000000 00:06 552                        /dev/nvidiactl
7ff5281f6000-7ff528247000 r-xp 00000000 103:02 15991430                  /tmp/lwjglsam/3.2.3-build-13/liblwjgl.so
7ff528247000-7ff528446000 ---p 00051000 103:02 15991430                  /tmp/lwjglsam/3.2.3-build-13/liblwjgl.so
7ff528446000-7ff528447000 r--p 00050000 103:02 15991430                  /tmp/lwjglsam/3.2.3-build-13/liblwjgl.so
7ff528447000-7ff528448000 rw-p 00051000 103:02 15991430                  /tmp/lwjglsam/3.2.3-build-13/liblwjgl.so
7ff528448000-7ff52845f000 r-xp 00000000 103:02 9837855                   /usr/lib/jvm/java-8-openjdk-amd64/jre/lib/amd64/libnet.so
7ff52845f000-7ff52865e000 ---p 00017000 103:02 9837855                   /usr/lib/jvm/java-8-openjdk-amd64/jre/lib/amd64/libnet.so
7ff52865e000-7ff52865f000 r--p 00016000 103:02 9837855                   /usr/lib/jvm/java-8-openjdk-amd64/jre/lib/amd64/libnet.so
7ff52865f000-7ff528660000 rw-p 00017000 103:02 9837855                   /usr/lib/jvm/java-8-openjdk-amd64/jre/lib/amd64/libnet.so
7ff528660000-7ff538000000 rw-p 00000000 00:00 0 
7ff538000000-7ff538021000 rw-p 00000000 00:00 0 
7ff538021000-7ff53c000000 ---p 00000000 00:00 0 
7ff53c000000-7ff53c021000 rw-p 00000000 00:00 0 
7ff53c021000-7ff540000000 ---p 00000000 00:00 0 
7ff540000000-7ff540021000 rw-p 00000000 00:00 0 
7ff540021000-7ff544000000 ---p 00000000 00:00 0 
7ff544000000-7ff544021000 rw-p 00000000 00:00 0 
7ff544021000-7ff548000000 ---p 00000000 00:00 0 
7ff548000000-7ff548021000 rw-p 00000000 00:00 0 
7ff548021000-7ff54c000000 ---p 00000000 00:00 0 
7ff54c006000-7ff54c00a000 r-xp 00000000 00:00 0 
7ff54c00a000-7ff54c00d000 rw-s 00000000 00:06 552                        /dev/nvidiactl
7ff54c00d000-7ff54c00f000 rw-s 00000000 103:02 15728658                  /tmp/.glaKnQun (deleted)
7ff54c013000-7ff54c026000 rw-s 00000000 00:06 552                        /dev/nvidiactl
7ff54c026000-7ff54c027000 rw-s 00000000 00:06 553                        /dev/nvidia0
7ff54c027000-7ff54c029000 rw-s 00000000 00:06 552                        /dev/nvidiactl
7ff54c029000-7ff54c02d000 rw-s 00000000 00:06 552                        /dev/nvidiactl
7ff54c02d000-7ff54c02e000 rw-s 00000000 00:06 553                        /dev/nvidia0
7ff54c02e000-7ff54c06e000 rw-s 00000000 00:06 552                        /dev/nvidiactl
7ff54c06e000-7ff54c08e000 rw-s 00000000 00:06 552                        /dev/nvidiactl
7ff54c08e000-7ff54c08f000 rw-s 00000000 00:06 553                        /dev/nvidia0
7ff54c08f000-7ff54c0cf000 rw-s 00000000 00:06 552                        /dev/nvidiactl
7ff54c0cf000-7ff54c0ef000 rw-s 00000000 00:06 552                        /dev/nvidiactl
7ff54c0ef000-7ff54c0f0000 rw-s 00000000 00:06 553                        /dev/nvidia0
7ff54c0f0000-7ff54c130000 rw-s 00000000 00:06 552                        /dev/nvidiactl
7ff54c14b000-7ff54c150000 r--s 000a3000 103:02 9837971                   /usr/lib/jvm/java-8-openjdk-amd64/jre/lib/jsse.jar
7ff54c150000-7ff54c151000 rw-s 00000000 00:06 552                        /dev/nvidiactl
7ff54c151000-7ff54c152000 rw-s 00000000 00:06 552                        /dev/nvidiactl
7ff54c152000-7ff54c153000 rw-s 00000000 00:06 552                        /dev/nvidiactl
7ff54c153000-7ff54c15a000 r--s 00000000 103:02 10095718                  /usr/lib/x86_64-linux-gnu/gconv/gconv-modules.cache
7ff54c15a000-7ff54c16d000 r--s 00346000 103:02 9837979                   /usr/lib/jvm/java-8-openjdk-amd64/jre/lib/resources.jar
7ff54c16d000-7ff54c17e000 r-xp 00000000 103:02 9837857                   /usr/lib/jvm/java-8-openjdk-amd64/jre/lib/amd64/libnio.so
7ff54c17e000-7ff54c37e000 ---p 00011000 103:02 9837857                   /usr/lib/jvm/java-8-openjdk-amd64/jre/lib/amd64/libnio.so
7ff54c37e000-7ff54c37f000 r--p 00011000 103:02 9837857                   /usr/lib/jvm/java-8-openjdk-amd64/jre/lib/amd64/libnio.so
7ff54c37f000-7ff54c380000 rw-p 00012000 103:02 9837857                   /usr/lib/jvm/java-8-openjdk-amd64/jre/lib/amd64/libnio.so
7ff54c380000-7ff54c381000 r--s 00002000 08:01 16253464                   /home/sam/Downloads/pngdecoder-1.0.jar
7ff54c381000-7ff54c382000 r--s 00022000 08:01 17960234                   /home/sam/Downloads/lwjgl-3.2.3/lwjgl-glfw/lwjgl-glfw-natives-linux-arm64.jar
7ff54c382000-7ff54c383000 r--s 00026000 08:01 17960235                   /home/sam/Downloads/lwjgl-3.2.3/lwjgl-glfw/lwjgl-glfw-natives-linux.jar
7ff54c383000-7ff54c386000 r--s 00018000 08:01 17960240                   /home/sam/Downloads/lwjgl-3.2.3/lwjgl-glfw/lwjgl-glfw.jar
7ff54c386000-7ff54c388000 r--s 0000d000 08:01 19795215                   /home/sam/Downloads/lwjgl-3.2.3/lwjgl-opengl/lwjgl-opengl-natives-linux-arm64.jar
7ff54c388000-7ff54c389000 r--s 00013000 08:01 19795216                   /home/sam/Downloads/lwjgl-3.2.3/lwjgl-opengl/lwjgl-opengl-natives-linux.jar
7ff54c389000-7ff54c394000 r--s 000da000 08:01 19795221                   /home/sam/Downloads/lwjgl-3.2.3/lwjgl-opengl/lwjgl-opengl.jar
7ff54c394000-7ff54c39b000 r--s 00081000 08:01 16518147                   /home/sam/Downloads/lwjgl-3.2.3/lwjgl/lwjgl.jar
7ff54c39b000-7ff54c3a0000 r--s 0003d000 103:02 9837915                   /usr/lib/jvm/java-8-openjdk-amd64/jre/lib/ext/sunjce_provider.jar
7ff54c3a0000-7ff54c3a4000 r--s 0003a000 103:02 9837917                   /usr/lib/jvm/java-8-openjdk-amd64/jre/lib/ext/sunpkcs11.jar
7ff54c3a4000-7ff54c3a5000 ---p 00000000 00:00 0 
7ff54c3a5000-7ff54c4a5000 rw-p 00000000 00:00 0 
7ff54c4a5000-7ff54c4a8000 ---p 00000000 00:00 0 
7ff54c4a8000-7ff54c5a6000 rw-p 00000000 00:00 0 
7ff54c5a6000-7ff54c5a7000 ---p 00000000 00:00 0 
7ff54c5a7000-7ff54c5aa000 ---p 00000000 00:00 0 
7ff54c5aa000-7ff54c6a7000 rw-p 00000000 00:00 0 
7ff54c6a7000-7ff54c6a8000 ---p 00000000 00:00 0 
7ff54c6a8000-7ff54c6ab000 ---p 00000000 00:00 0 
7ff54c6ab000-7ff54c7a8000 rw-p 00000000 00:00 0 
7ff54c7a8000-7ff54c7a9000 ---p 00000000 00:00 0 
7ff54c7a9000-7ff54c7ac000 ---p 00000000 00:00 0 
7ff54c7ac000-7ff54c8a9000 rw-p 00000000 00:00 0 
7ff54c8a9000-7ff54c8aa000 ---p 00000000 00:00 0 
7ff54c8aa000-7ff54c8ad000 ---p 00000000 00:00 0 
7ff54c8ad000-7ff54c9aa000 rw-p 00000000 00:00 0 
7ff54c9aa000-7ff54c9ad000 ---p 00000000 00:00 0 
7ff54c9ad000-7ff54caab000 rw-p 00000000 00:00 0 
7ff54caab000-7ff54d47a000 r--p 00000000 103:02 9837060                   /usr/lib/locale/locale-archive
7ff54d47a000-7ff54d47d000 ---p 00000000 00:00 0 
7ff54d47d000-7ff54d57b000 rw-p 00000000 00:00 0 
7ff54d57b000-7ff54d57e000 ---p 00000000 00:00 0 
7ff54d57e000-7ff54d67c000 rw-p 00000000 00:00 0 
7ff54d67c000-7ff54d67d000 ---p 00000000 00:00 0 
7ff54d67d000-7ff550000000 rw-p 00000000 00:00 0 
7ff550000000-7ff550021000 rw-p 00000000 00:00 0 
7ff550021000-7ff554000000 ---p 00000000 00:00 0 
7ff554000000-7ff554021000 rw-p 00000000 00:00 0 
7ff554021000-7ff558000000 ---p 00000000 00:00 0 
7ff558000000-7ff558021000 rw-p 00000000 00:00 0 
7ff558021000-7ff55c000000 ---p 00000000 00:00 0 
7ff55c000000-7ff55c021000 rw-p 00000000 00:00 0 
7ff55c021000-7ff560000000 ---p 00000000 00:00 0 
7ff560000000-7ff560021000 rw-p 00000000 00:00 0 
7ff560021000-7ff564000000 ---p 00000000 00:00 0 
7ff564000000-7ff564003000 r--s 0000f000 103:02 9837900                   /usr/lib/jvm/java-8-openjdk-amd64/jre/lib/ext/icedtea-sound.jar
7ff564003000-7ff565000000 rw-p 00000000 00:00 0 
7ff565000000-7ff565450000 rwxp 00000000 00:00 0 
7ff565450000-7ff574000000 ---p 00000000 00:00 0 
7ff574000000-7ff577ee1000 rw-p 00000000 00:00 0 
7ff577ee1000-7ff578000000 ---p 00000000 00:00 0 
7ff578000000-7ff578001000 r--s 0000c000 08:01 16517972                   /home/sam/Downloads/lwjgl-3.2.3/lwjgl/lwjgl-natives-linux-arm64.jar
7ff578001000-7ff578002000 r--s 00012000 08:01 16517973                   /home/sam/Downloads/lwjgl-3.2.3/lwjgl/lwjgl-natives-linux.jar
7ff578002000-7ff57801d000 r--s 001d6000 103:02 9837906                   /usr/lib/jvm/java-8-openjdk-amd64/jre/lib/ext/nashorn.jar
7ff57801d000-7ff578211000 rw-p 00000000 00:00 0 
7ff578211000-7ff5783e1000 r--s 03c5f000 103:02 9837981                   /usr/lib/jvm/java-8-openjdk-amd64/jre/lib/rt.jar
7ff5783e1000-7ff5784b2000 rw-p 00000000 00:00 0 
7ff5784b2000-7ff5784b3000 ---p 00000000 00:00 0 
7ff5784b3000-7ff5785b3000 rw-p 00000000 00:00 0 
7ff5785b3000-7ff5785b4000 ---p 00000000 00:00 0 
7ff5785b4000-7ff5786b4000 rw-p 00000000 00:00 0 
7ff5786b4000-7ff5786b5000 ---p 00000000 00:00 0 
7ff5786b5000-7ff5787b5000 rw-p 00000000 00:00 0 
7ff5787b5000-7ff5787b6000 ---p 00000000 00:00 0 
7ff5787b6000-7ff5788b6000 rw-p 00000000 00:00 0 
7ff5788b6000-7ff5788b7000 ---p 00000000 00:00 0 
7ff5788b7000-7ff5789b7000 rw-p 00000000 00:00 0 
7ff5789b7000-7ff5789b8000 ---p 00000000 00:00 0 
7ff5789b8000-7ff578ab8000 rw-p 00000000 00:00 0 
7ff578ab8000-7ff578ab9000 ---p 00000000 00:00 0 
7ff578ab9000-7ff578bb9000 rw-p 00000000 00:00 0 
7ff578bb9000-7ff578bba000 ---p 00000000 00:00 0 
7ff578bba000-7ff578cba000 rw-p 00000000 00:00 0 
7ff578cba000-7ff578cbb000 ---p 00000000 00:00 0 
7ff578cbb000-7ff578dbb000 rw-p 00000000 00:00 0 
7ff578dbb000-7ff578dbc000 ---p 00000000 00:00 0 
7ff578dbc000-7ff578f63000 rw-p 00000000 00:00 0 
7ff578f63000-7ff579923000 ---p 00000000 00:00 0 
7ff579923000-7ff5799ca000 rw-p 00000000 00:00 0 
7ff5799ca000-7ff57a389000 ---p 00000000 00:00 0 
7ff57a389000-7ff57a3dd000 rw-p 00000000 00:00 0 
7ff57a3dd000-7ff57a8bd000 ---p 00000000 00:00 0 
7ff57a8bd000-7ff57a8d0000 rw-p 00000000 00:00 0 
7ff57a8d0000-7ff57ac7e000 ---p 00000000 00:00 0 
7ff57ac7e000-7ff57ac86000 r-xp 00000000 103:02 9837871                   /usr/lib/jvm/java-8-openjdk-amd64/jre/lib/amd64/libzip.so
7ff57ac86000-7ff57ae85000 ---p 00008000 103:02 9837871                   /usr/lib/jvm/java-8-openjdk-amd64/jre/lib/amd64/libzip.so
7ff57ae85000-7ff57ae86000 r--p 00007000 103:02 9837871                   /usr/lib/jvm/java-8-openjdk-amd64/jre/lib/amd64/libzip.so
7ff57ae86000-7ff57ae87000 rw-p 00008000 103:02 9837871                   /usr/lib/jvm/java-8-openjdk-amd64/jre/lib/amd64/libzip.so
7ff57ae87000-7ff57ae92000 r-xp 00000000 103:02 22942476                  /lib/x86_64-linux-gnu/libnss_files-2.27.so
7ff57ae92000-7ff57b091000 ---p 0000b000 103:02 22942476                  /lib/x86_64-linux-gnu/libnss_files-2.27.so
7ff57b091000-7ff57b092000 r--p 0000a000 103:02 22942476                  /lib/x86_64-linux-gnu/libnss_files-2.27.so
7ff57b092000-7ff57b093000 rw-p 0000b000 103:02 22942476                  /lib/x86_64-linux-gnu/libnss_files-2.27.so
7ff57b093000-7ff57b099000 rw-p 00000000 00:00 0 
7ff57b099000-7ff57b0b0000 r-xp 00000000 103:02 22942470                  /lib/x86_64-linux-gnu/libnsl-2.27.so
7ff57b0b0000-7ff57b2af000 ---p 00017000 103:02 22942470                  /lib/x86_64-linux-gnu/libnsl-2.27.so
7ff57b2af000-7ff57b2b0000 r--p 00016000 103:02 22942470                  /lib/x86_64-linux-gnu/libnsl-2.27.so
7ff57b2b0000-7ff57b2b1000 rw-p 00017000 103:02 22942470                  /lib/x86_64-linux-gnu/libnsl-2.27.so
7ff57b2b1000-7ff57b2b3000 rw-p 00000000 00:00 0 
7ff57b2b3000-7ff57b2be000 r-xp 00000000 103:02 22942487                  /lib/x86_64-linux-gnu/libnss_nis-2.27.so
7ff57b2be000-7ff57b4bd000 ---p 0000b000 103:02 22942487                  /lib/x86_64-linux-gnu/libnss_nis-2.27.so
7ff57b4bd000-7ff57b4be000 r--p 0000a000 103:02 22942487                  /lib/x86_64-linux-gnu/libnss_nis-2.27.so
7ff57b4be000-7ff57b4bf000 rw-p 0000b000 103:02 22942487                  /lib/x86_64-linux-gnu/libnss_nis-2.27.so
7ff57b4bf000-7ff57b4c7000 r-xp 00000000 103:02 22942472                  /lib/x86_64-linux-gnu/libnss_compat-2.27.so
7ff57b4c7000-7ff57b6c7000 ---p 00008000 103:02 22942472                  /lib/x86_64-linux-gnu/libnss_compat-2.27.so
7ff57b6c7000-7ff57b6c8000 r--p 00008000 103:02 22942472                  /lib/x86_64-linux-gnu/libnss_compat-2.27.so
7ff57b6c8000-7ff57b6c9000 rw-p 00009000 103:02 22942472                  /lib/x86_64-linux-gnu/libnss_compat-2.27.so
7ff57b6c9000-7ff57b6f3000 r-xp 00000000 103:02 9837833                   /usr/lib/jvm/java-8-openjdk-amd64/jre/lib/amd64/libjava.so
7ff57b6f3000-7ff57b8f2000 ---p 0002a000 103:02 9837833                   /usr/lib/jvm/java-8-openjdk-amd64/jre/lib/amd64/libjava.so
7ff57b8f2000-7ff57b8f3000 r--p 00029000 103:02 9837833                   /usr/lib/jvm/java-8-openjdk-amd64/jre/lib/amd64/libjava.so
7ff57b8f3000-7ff57b8f5000 rw-p 0002a000 103:02 9837833                   /usr/lib/jvm/java-8-openjdk-amd64/jre/lib/amd64/libjava.so
7ff57b8f5000-7ff57b905000 r-xp 00000000 103:02 9837869                   /usr/lib/jvm/java-8-openjdk-amd64/jre/lib/amd64/libverify.so
7ff57b905000-7ff57bb04000 ---p 00010000 103:02 9837869                   /usr/lib/jvm/java-8-openjdk-amd64/jre/lib/amd64/libverify.so
7ff57bb04000-7ff57bb06000 r--p 0000f000 103:02 9837869                   /usr/lib/jvm/java-8-openjdk-amd64/jre/lib/amd64/libverify.so
7ff57bb06000-7ff57bb07000 rw-p 00011000 103:02 9837869                   /usr/lib/jvm/java-8-openjdk-amd64/jre/lib/amd64/libverify.so
7ff57bb07000-7ff57bb0e000 r-xp 00000000 103:02 22942527                  /lib/x86_64-linux-gnu/librt-2.27.so
7ff57bb0e000-7ff57bd0d000 ---p 00007000 103:02 22942527                  /lib/x86_64-linux-gnu/librt-2.27.so
7ff57bd0d000-7ff57bd0e000 r--p 00006000 103:02 22942527                  /lib/x86_64-linux-gnu/librt-2.27.so
7ff57bd0e000-7ff57bd0f000 rw-p 00007000 103:02 22942527                  /lib/x86_64-linux-gnu/librt-2.27.so
7ff57bd0f000-7ff57bd26000 r-xp 00000000 103:02 22937606                  /lib/x86_64-linux-gnu/libgcc_s.so.1
7ff57bd26000-7ff57bf25000 ---p 00017000 103:02 22937606                  /lib/x86_64-linux-gnu/libgcc_s.so.1
7ff57bf25000-7ff57bf26000 r--p 00016000 103:02 22937606                  /lib/x86_64-linux-gnu/libgcc_s.so.1
7ff57bf26000-7ff57bf27000 rw-p 00017000 103:02 22937606                  /lib/x86_64-linux-gnu/libgcc_s.so.1
7ff57bf27000-7ff57c0c4000 r-xp 00000000 103:02 22942449                  /lib/x86_64-linux-gnu/libm-2.27.so
7ff57c0c4000-7ff57c2c3000 ---p 0019d000 103:02 22942449                  /lib/x86_64-linux-gnu/libm-2.27.so
7ff57c2c3000-7ff57c2c4000 r--p 0019c000 103:02 22942449                  /lib/x86_64-linux-gnu/libm-2.27.so
7ff57c2c4000-7ff57c2c5000 rw-p 0019d000 103:02 22942449                  /lib/x86_64-linux-gnu/libm-2.27.so
7ff57c2c5000-7ff57c43e000 r-xp 00000000 103:02 9830530                   /usr/lib/x86_64-linux-gnu/libstdc++.so.6.0.25
7ff57c43e000-7ff57c63e000 ---p 00179000 103:02 9830530                   /usr/lib/x86_64-linux-gnu/libstdc++.so.6.0.25
7ff57c63e000-7ff57c648000 r--p 00179000 103:02 9830530                   /usr/lib/x86_64-linux-gnu/libstdc++.so.6.0.25
7ff57c648000-7ff57c64a000 rw-p 00183000 103:02 9830530                   /usr/lib/x86_64-linux-gnu/libstdc++.so.6.0.25
7ff57c64a000-7ff57c64e000 rw-p 00000000 00:00 0 
7ff57c64e000-7ff57d2f0000 r-xp 00000000 103:02 9837875                   /usr/lib/jvm/java-8-openjdk-amd64/jre/lib/amd64/server/libjvm.so
7ff57d2f0000-7ff57d4ef000 ---p 00ca2000 103:02 9837875                   /usr/lib/jvm/java-8-openjdk-amd64/jre/lib/amd64/server/libjvm.so
7ff57d4ef000-7ff57d583000 r--p 00ca1000 103:02 9837875                   /usr/lib/jvm/java-8-openjdk-amd64/jre/lib/amd64/server/libjvm.so
7ff57d583000-7ff57d5ac000 rw-p 00d35000 103:02 9837875                   /usr/lib/jvm/java-8-openjdk-amd64/jre/lib/amd64/server/libjvm.so
7ff57d5ac000-7ff57d5dc000 rw-p 00000000 00:00 0 
7ff57d5dc000-7ff57d5f6000 r-xp 00000000 103:02 22942519                  /lib/x86_64-linux-gnu/libpthread-2.27.so
7ff57d5f6000-7ff57d7f5000 ---p 0001a000 103:02 22942519                  /lib/x86_64-linux-gnu/libpthread-2.27.so
7ff57d7f5000-7ff57d7f6000 r--p 00019000 103:02 22942519                  /lib/x86_64-linux-gnu/libpthread-2.27.so
7ff57d7f6000-7ff57d7f7000 rw-p 0001a000 103:02 22942519                  /lib/x86_64-linux-gnu/libpthread-2.27.so
7ff57d7f7000-7ff57d7fb000 rw-p 00000000 00:00 0 
7ff57d7fb000-7ff57d7fe000 r-xp 00000000 103:02 22942409                  /lib/x86_64-linux-gnu/libdl-2.27.so
7ff57d7fe000-7ff57d9fd000 ---p 00003000 103:02 22942409                  /lib/x86_64-linux-gnu/libdl-2.27.so
7ff57d9fd000-7ff57d9fe000 r--p 00002000 103:02 22942409                  /lib/x86_64-linux-gnu/libdl-2.27.so
7ff57d9fe000-7ff57d9ff000 rw-p 00003000 103:02 22942409                  /lib/x86_64-linux-gnu/libdl-2.27.so
7ff57d9ff000-7ff57da1b000 r-xp 00000000 103:02 22942558                  /lib/x86_64-linux-gnu/libz.so.1.2.11
7ff57da1b000-7ff57dc1a000 ---p 0001c000 103:02 22942558                  /lib/x86_64-linux-gnu/libz.so.1.2.11
7ff57dc1a000-7ff57dc1b000 r--p 0001b000 103:02 22942558                  /lib/x86_64-linux-gnu/libz.so.1.2.11
7ff57dc1b000-7ff57dc1c000 rw-p 0001c000 103:02 22942558                  /lib/x86_64-linux-gnu/libz.so.1.2.11
7ff57dc1c000-7ff57de03000 r-xp 00000000 103:02 22942386                  /lib/x86_64-linux-gnu/libc-2.27.so
7ff57de03000-7ff57e003000 ---p 001e7000 103:02 22942386                  /lib/x86_64-linux-gnu/libc-2.27.so
7ff57e003000-7ff57e007000 r--p 001e7000 103:02 22942386                  /lib/x86_64-linux-gnu/libc-2.27.so
7ff57e007000-7ff57e009000 rw-p 001eb000 103:02 22942386                  /lib/x86_64-linux-gnu/libc-2.27.so
7ff57e009000-7ff57e00d000 rw-p 00000000 00:00 0 
7ff57e00d000-7ff57e01b000 r-xp 00000000 103:02 9833482                   /usr/lib/jvm/java-8-openjdk-amd64/jre/lib/amd64/jli/libjli.so
7ff57e01b000-7ff57e21a000 ---p 0000e000 103:02 9833482                   /usr/lib/jvm/java-8-openjdk-amd64/jre/lib/amd64/jli/libjli.so
7ff57e21a000-7ff57e21b000 r--p 0000d000 103:02 9833482                   /usr/lib/jvm/java-8-openjdk-amd64/jre/lib/amd64/jli/libjli.so
7ff57e21b000-7ff57e21c000 rw-p 0000e000 103:02 9833482                   /usr/lib/jvm/java-8-openjdk-amd64/jre/lib/amd64/jli/libjli.so
7ff57e21c000-7ff57e243000 r-xp 00000000 103:02 22942358                  /lib/x86_64-linux-gnu/ld-2.27.so
7ff57e243000-7ff57e244000 r--s 0000a000 103:02 9837902                   /usr/lib/jvm/java-8-openjdk-amd64/jre/lib/ext/jaccess.jar
7ff57e244000-7ff57e25f000 r--s 00394000 103:02 9837896                   /usr/lib/jvm/java-8-openjdk-amd64/jre/lib/ext/cldrdata.jar
7ff57e25f000-7ff57e324000 rw-p 00000000 00:00 0 
7ff57e324000-7ff57e325000 ---p 00000000 00:00 0 
7ff57e325000-7ff57e328000 ---p 00000000 00:00 0 
7ff57e328000-7ff57e427000 rw-p 00000000 00:00 0 
7ff57e427000-7ff57e429000 r--s 00001000 103:02 9837898                   /usr/lib/jvm/java-8-openjdk-amd64/jre/lib/ext/dnsns.jar
7ff57e429000-7ff57e433000 r--s 00116000 103:02 9837904                   /usr/lib/jvm/java-8-openjdk-amd64/jre/lib/ext/localedata.jar
7ff57e433000-7ff57e435000 r--s 00007000 103:02 10224650                  /usr/share/java/java-atk-wrapper.jar
7ff57e435000-7ff57e436000 r--s 0000d000 103:02 9837913                   /usr/lib/jvm/java-8-openjdk-amd64/jre/lib/ext/sunec.jar
7ff57e436000-7ff57e437000 r--s 00010000 103:02 9837919                   /usr/lib/jvm/java-8-openjdk-amd64/jre/lib/ext/zipfs.jar
7ff57e437000-7ff57e43f000 rw-s 00000000 103:02 15990796                  /tmp/hsperfdata_sam/9395
7ff57e43f000-7ff57e440000 rw-p 00000000 00:00 0 
7ff57e440000-7ff57e441000 r--p 00000000 00:00 0 
7ff57e441000-7ff57e443000 rw-p 00000000 00:00 0 
7ff57e443000-7ff57e444000 r--p 00027000 103:02 22942358                  /lib/x86_64-linux-gnu/ld-2.27.so
7ff57e444000-7ff57e445000 rw-p 00028000 103:02 22942358                  /lib/x86_64-linux-gnu/ld-2.27.so
7ff57e445000-7ff57e446000 rw-p 00000000 00:00 0 
7fff21b86000-7fff21ba7000 rw-p 00000000 00:00 0                          [stack]
7fff21bbd000-7fff21bc0000 r--p 00000000 00:00 0                          [vvar]
7fff21bc0000-7fff21bc1000 r-xp 00000000 00:00 0                          [vdso]
ffffffffff600000-ffffffffff601000 --xp 00000000 00:00 0                  [vsyscall]

VM Arguments:
jvm_args: -Dfile.encoding=UTF-8 
java_command: main.Main
java_class_path (initial): /home/sam/Downloads/lwjgl-3.2.3/lwjgl/lwjgl.jar:/home/sam/Downloads/lwjgl-3.2.3/lwjgl/lwjgl-natives-linux.jar:/home/sam/Downloads/lwjgl-3.2.3/lwjgl/lwjgl-natives-linux-arm64.jar:/home/sam/Downloads/lwjgl-3.2.3/lwjgl-opengl/lwjgl-opengl.jar:/home/sam/Downloads/lwjgl-3.2.3/lwjgl-opengl/lwjgl-opengl-natives-linux.jar:/home/sam/Downloads/lwjgl-3.2.3/lwjgl-opengl/lwjgl-opengl-natives-linux-arm64.jar:/home/sam/Downloads/lwjgl-3.2.3/lwjgl-glfw/lwjgl-glfw.jar:/home/sam/Downloads/lwjgl-3.2.3/lwjgl-glfw/lwjgl-glfw-natives-linux.jar:/home/sam/Downloads/lwjgl-3.2.3/lwjgl-glfw/lwjgl-glfw-natives-linux-arm64.jar:/home/sam/Downloads/pngdecoder-1.0.jar:/home/sam/eclipse/workspace/LWJGL-ENGINE/bin
Launcher Type: SUN_STANDARD

Environment Variables:
PATH=/usr/local/sbin:/usr/local/bin:/usr/sbin:/usr/bin:/sbin:/bin:/usr/games:/usr/local/games:/snap/bin
USERNAME=sam
SHELL=/bin/bash
DISPLAY=:0

Signal Handlers:
SIGSEGV: [libjvm.so+0xabafd0], sa_mask[0]=11111111011111111101111111111110, sa_flags=SA_RESTART|SA_SIGINFO
SIGBUS: [libjvm.so+0xabafd0], sa_mask[0]=11111111011111111101111111111110, sa_flags=SA_RESTART|SA_SIGINFO
SIGFPE: [libjvm.so+0x8f05b0], sa_mask[0]=11111111011111111101111111111110, sa_flags=SA_RESTART|SA_SIGINFO
SIGPIPE: [libjvm.so+0x8f05b0], sa_mask[0]=11111111011111111101111111111110, sa_flags=SA_RESTART|SA_SIGINFO
SIGXFSZ: [libjvm.so+0x8f05b0], sa_mask[0]=11111111011111111101111111111110, sa_flags=SA_RESTART|SA_SIGINFO
SIGILL: [libjvm.so+0x8f05b0], sa_mask[0]=11111111011111111101111111111110, sa_flags=SA_RESTART|SA_SIGINFO
SIGUSR1: SIG_DFL, sa_mask[0]=00000000000000000000000000000000, sa_flags=none
SIGUSR2: [libjvm.so+0x8f0460], sa_mask[0]=00100000000000000000000000000000, sa_flags=SA_RESTART|SA_SIGINFO
SIGHUP: [libjvm.so+0x8f0ad0], sa_mask[0]=11111111011111111101111111111110, sa_flags=SA_RESTART|SA_SIGINFO
SIGINT: [libjvm.so+0x8f0ad0], sa_mask[0]=11111111011111111101111111111110, sa_flags=SA_RESTART|SA_SIGINFO
SIGTERM: [libjvm.so+0x8f0ad0], sa_mask[0]=11111111011111111101111111111110, sa_flags=SA_RESTART|SA_SIGINFO
SIGQUIT: [libjvm.so+0x8f0ad0], sa_mask[0]=11111111011111111101111111111110, sa_flags=SA_RESTART|SA_SIGINFO


---------------  S Y S T E M  ---------------

OS:DISTRIB_ID=Ubuntu
DISTRIB_RELEASE=18.04
DISTRIB_CODENAME=bionic
DISTRIB_DESCRIPTION="Ubuntu 18.04.3 LTS"

uname:Linux 5.3.0-26-generic #28~18.04.1-Ubuntu SMP Wed Dec 18 16:40:14 UTC 2019 x86_64
libc:glibc 2.27 NPTL 2.27 
rlimit: STACK 8192k, CORE 0k, NPROC 127594, NOFILE 1048576, AS infinity
load average:7.69 5.39 3.81

/proc/meminfo:
MemTotal:       32713532 kB
MemFree:        26856740 kB
MemAvailable:   28128260 kB
Buffers:          228720 kB
Cached:          1874728 kB
SwapCached:            0 kB
Active:          3995252 kB
Inactive:        1134920 kB
Active(anon):    3212144 kB
Inactive(anon):   370088 kB
Active(file):     783108 kB
Inactive(file):   764832 kB
Unevictable:      184236 kB
Mlocked:             128 kB
SwapTotal:       2097148 kB
SwapFree:        2097148 kB
Dirty:               192 kB
Writeback:             0 kB
AnonPages:       3211296 kB
Mapped:           869412 kB
Shmem:            555516 kB
KReclaimable:     185840 kB
Slab:             279468 kB
SReclaimable:     185840 kB
SUnreclaim:        93628 kB
KernelStack:       20608 kB
PageTables:        64700 kB
NFS_Unstable:          0 kB
Bounce:                0 kB
WritebackTmp:          0 kB
CommitLimit:    18453912 kB
Committed_AS:   10856280 kB
VmallocTotal:   34359738367 kB
VmallocUsed:       64200 kB
VmallocChunk:          0 kB
Percpu:             5824 kB
HardwareCorrupted:     0 kB
AnonHugePages:         0 kB
ShmemHugePages:        0 kB
ShmemPmdMapped:        0 kB
CmaTotal:              0 kB
CmaFree:               0 kB
HugePages_Total:       0
HugePages_Free:        0
HugePages_Rsvd:        0
HugePages_Surp:        0
Hugepagesize:       2048 kB
Hugetlb:               0 kB
DirectMap4k:      383648 kB
DirectMap2M:     8880128 kB
DirectMap1G:    24117248 kB

container (cgroup) information:
container_type: cgroupv1
cpu_cpuset_cpus: 0-11
cpu_memory_nodes: 0
active_processor_count: 12
cpu_quota: -1
cpu_period: 100000
cpu_shares: -1
memory_limit_in_bytes: -1
memory_and_swap_limit_in_bytes: -2
memory_soft_limit_in_bytes: -1
memory_usage_in_bytes: 5441798144
memory_max_usage_in_bytes: 0


CPU:total 12 (initial active 12) (6 cores per cpu, 2 threads per core) family 6 model 158 stepping 10, cmov, cx8, fxsr, mmx, sse, sse2, sse3, ssse3, sse4.1, sse4.2, popcnt, avx, avx2, aes, clmul, erms, 3dnowpref, lzcnt, ht, tsc, tscinvbit, bmi1, bmi2, adx

/proc/cpuinfo:
processor	: 0
vendor_id	: GenuineIntel
cpu family	: 6
model		: 158
model name	: Intel(R) Core(TM) i7-8750H CPU @ 2.20GHz
stepping	: 10
microcode	: 0xca
cpu MHz		: 3900.557
cache size	: 9216 KB
physical id	: 0
siblings	: 12
core id		: 0
cpu cores	: 6
apicid		: 0
initial apicid	: 0
fpu		: yes
fpu_exception	: yes
cpuid level	: 22
wp		: yes
flags		: fpu vme de pse tsc msr pae mce cx8 apic sep mtrr pge mca cmov pat pse36 clflush dts acpi mmx fxsr sse sse2 ss ht tm pbe syscall nx pdpe1gb rdtscp lm constant_tsc art arch_perfmon pebs bts rep_good nopl xtopology nonstop_tsc cpuid aperfmperf pni pclmulqdq dtes64 monitor ds_cpl vmx est tm2 ssse3 sdbg fma cx16 xtpr pdcm pcid sse4_1 sse4_2 x2apic movbe popcnt tsc_deadline_timer aes xsave avx f16c rdrand lahf_lm abm 3dnowprefetch cpuid_fault epb invpcid_single pti ssbd ibrs ibpb stibp tpr_shadow vnmi flexpriority ept vpid ept_ad fsgsbase tsc_adjust bmi1 avx2 smep bmi2 erms invpcid mpx rdseed adx smap clflushopt intel_pt xsaveopt xsavec xgetbv1 xsaves dtherm ida arat pln pts hwp hwp_notify hwp_act_window hwp_epp md_clear flush_l1d
bugs		: cpu_meltdown spectre_v1 spectre_v2 spec_store_bypass l1tf mds swapgs itlb_multihit
bogomips	: 4399.99
clflush size	: 64
cache_alignment	: 64
address sizes	: 39 bits physical, 48 bits virtual
power management:

processor	: 1
vendor_id	: GenuineIntel
cpu family	: 6
model		: 158
model name	: Intel(R) Core(TM) i7-8750H CPU @ 2.20GHz
stepping	: 10
microcode	: 0xca
cpu MHz		: 3900.713
cache size	: 9216 KB
physical id	: 0
siblings	: 12
core id		: 1
cpu cores	: 6
apicid		: 2
initial apicid	: 2
fpu		: yes
fpu_exception	: yes
cpuid level	: 22
wp		: yes
flags		: fpu vme de pse tsc msr pae mce cx8 apic sep mtrr pge mca cmov pat pse36 clflush dts acpi mmx fxsr sse sse2 ss ht tm pbe syscall nx pdpe1gb rdtscp lm constant_tsc art arch_perfmon pebs bts rep_good nopl xtopology nonstop_tsc cpuid aperfmperf pni pclmulqdq dtes64 monitor ds_cpl vmx est tm2 ssse3 sdbg fma cx16 xtpr pdcm pcid sse4_1 sse4_2 x2apic movbe popcnt tsc_deadline_timer aes xsave avx f16c rdrand lahf_lm abm 3dnowprefetch cpuid_fault epb invpcid_single pti ssbd ibrs ibpb stibp tpr_shadow vnmi flexpriority ept vpid ept_ad fsgsbase tsc_adjust bmi1 avx2 smep bmi2 erms invpcid mpx rdseed adx smap clflushopt intel_pt xsaveopt xsavec xgetbv1 xsaves dtherm ida arat pln pts hwp hwp_notify hwp_act_window hwp_epp md_clear flush_l1d
bugs		: cpu_meltdown spectre_v1 spectre_v2 spec_store_bypass l1tf mds swapgs itlb_multihit
bogomips	: 4399.99
clflush size	: 64
cache_alignment	: 64
address sizes	: 39 bits physical, 48 bits virtual
power management:

processor	: 2
vendor_id	: GenuineIntel
cpu family	: 6
model		: 158
model name	: Intel(R) Core(TM) i7-8750H CPU @ 2.20GHz
stepping	: 10
microcode	: 0xca
cpu MHz		: 3900.228
cache size	: 9216 KB
physical id	: 0
siblings	: 12
core id		: 2
cpu cores	: 6
apicid		: 4
initial apicid	: 4
fpu		: yes
fpu_exception	: yes
cpuid level	: 22
wp		: yes
flags		: fpu vme de pse tsc msr pae mce cx8 apic sep mtrr pge mca cmov pat pse36 clflush dts acpi mmx fxsr sse sse2 ss ht tm pbe syscall nx pdpe1gb rdtscp lm constant_tsc art arch_perfmon pebs bts rep_good nopl xtopology nonstop_tsc cpuid aperfmperf pni pclmulqdq dtes64 monitor ds_cpl vmx est tm2 ssse3 sdbg fma cx16 xtpr pdcm pcid sse4_1 sse4_2 x2apic movbe popcnt tsc_deadline_timer aes xsave avx f16c rdrand lahf_lm abm 3dnowprefetch cpuid_fault epb invpcid_single pti ssbd ibrs ibpb stibp tpr_shadow vnmi flexpriority ept vpid ept_ad fsgsbase tsc_adjust bmi1 avx2 smep bmi2 erms invpcid mpx rdseed adx smap clflushopt intel_pt xsaveopt xsavec xgetbv1 xsaves dtherm ida arat pln pts hwp hwp_notify hwp_act_window hwp_epp md_clear flush_l1d
bugs		: cpu_meltdown spectre_v1 spectre_v2 spec_store_bypass l1tf mds swapgs itlb_multihit
bogomips	: 4399.99
clflush size	: 64
cache_alignment	: 64
address sizes	: 39 bits physical, 48 bits virtual
power management:

processor	: 3
vendor_id	: GenuineIntel
cpu family	: 6
model		: 158
model name	: Intel(R) Core(TM) i7-8750H CPU @ 2.20GHz
stepping	: 10
microcode	: 0xca
cpu MHz		: 3900.040
cache size	: 9216 KB
physical id	: 0
siblings	: 12
core id		: 3
cpu cores	: 6
apicid		: 6
initial apicid	: 6
fpu		: yes
fpu_exception	: yes
cpuid level	: 22
wp		: yes
flags		: fpu vme de pse tsc msr pae mce cx8 apic sep mtrr pge mca cmov pat pse36 clflush dts acpi mmx fxsr sse sse2 ss ht tm pbe syscall nx pdpe1gb rdtscp lm constant_tsc art arch_perfmon pebs bts rep_good nopl xtopology nonstop_tsc cpuid aperfmperf pni pclmulqdq dtes64 monitor ds_cpl vmx est tm2 ssse3 sdbg fma cx16 xtpr pdcm pcid sse4_1 sse4_2 x2apic movbe popcnt tsc_deadline_timer aes xsave avx f16c rdrand lahf_lm abm 3dnowprefetch cpuid_fault epb invpcid_single pti ssbd ibrs ibpb stibp tpr_shadow vnmi flexpriority ept vpid ept_ad fsgsbase tsc_adjust bmi1 avx2 smep bmi2 erms invpcid mpx rdseed adx smap clflushopt intel_pt xsaveopt xsavec xgetbv1 xsaves dtherm ida arat pln pts hwp hwp_notify hwp_act_window hwp_epp md_clear flush_l1d
bugs		: cpu_meltdown spectre_v1 spectre_v2 spec_store_bypass l1tf mds swapgs itlb_multihit
bogomips	: 4399.99
clflush size	: 64
cache_alignment	: 64
address sizes	: 39 bits physical, 48 bits virtual
power management:

processor	: 4
vendor_id	: GenuineIntel
cpu family	: 6
model		: 158
model name	: Intel(R) Core(TM) i7-8750H CPU @ 2.20GHz
stepping	: 10
microcode	: 0xca
cpu MHz		: 3900.203
cache size	: 9216 KB
physical id	: 0
siblings	: 12
core id		: 4
cpu cores	: 6
apicid		: 8
initial apicid	: 8
fpu		: yes
fpu_exception	: yes
cpuid level	: 22
wp		: yes
flags		: fpu vme de pse tsc msr pae mce cx8 apic sep mtrr pge mca cmov pat pse36 clflush dts acpi mmx fxsr sse sse2 ss ht tm pbe syscall nx pdpe1gb rdtscp lm constant_tsc art arch_perfmon pebs bts rep_good nopl xtopology nonstop_tsc cpuid aperfmperf pni pclmulqdq dtes64 monitor ds_cpl vmx est tm2 ssse3 sdbg fma cx16 xtpr pdcm pcid sse4_1 sse4_2 x2apic movbe popcnt tsc_deadline_timer aes xsave avx f16c rdrand lahf_lm abm 3dnowprefetch cpuid_fault epb invpcid_single pti ssbd ibrs ibpb stibp tpr_shadow vnmi flexpriority ept vpid ept_ad fsgsbase tsc_adjust bmi1 avx2 smep bmi2 erms invpcid mpx rdseed adx smap clflushopt intel_pt xsaveopt xsavec xgetbv1 xsaves dtherm ida arat pln pts hwp hwp_notify hwp_act_window hwp_epp md_clear flush_l1d
bugs		: cpu_meltdown spectre_v1 spectre_v2 spec_store_bypass l1tf mds swapgs itlb_multihit
bogomips	: 4399.99
clflush size	: 64
cache_alignment	: 64
address sizes	: 39 bits physical, 48 bits virtual
power management:

processor	: 5
vendor_id	: GenuineIntel
cpu family	: 6
model		: 158
model name	: Intel(R) Core(TM) i7-8750H CPU @ 2.20GHz
stepping	: 10
microcode	: 0xca
cpu MHz		: 3900.002
cache size	: 9216 KB
physical id	: 0
siblings	: 12
core id		: 5
cpu cores	: 6
apicid		: 10
initial apicid	: 10
fpu		: yes
fpu_exception	: yes
cpuid level	: 22
wp		: yes
flags		: fpu vme de pse tsc msr pae mce cx8 apic sep mtrr pge mca cmov pat pse36 clflush dts acpi mmx fxsr sse sse2 ss ht tm pbe syscall nx pdpe1gb rdtscp lm constant_tsc art arch_perfmon pebs bts rep_good nopl xtopology nonstop_tsc cpuid aperfmperf pni pclmulqdq dtes64 monitor ds_cpl vmx est tm2 ssse3 sdbg fma cx16 xtpr pdcm pcid sse4_1 sse4_2 x2apic movbe popcnt tsc_deadline_timer aes xsave avx f16c rdrand lahf_lm abm 3dnowprefetch cpuid_fault epb invpcid_single pti ssbd ibrs ibpb stibp tpr_shadow vnmi flexpriority ept vpid ept_ad fsgsbase tsc_adjust bmi1 avx2 smep bmi2 erms invpcid mpx rdseed adx smap clflushopt intel_pt xsaveopt xsavec xgetbv1 xsaves dtherm ida arat pln pts hwp hwp_notify hwp_act_window hwp_epp md_clear flush_l1d
bugs		: cpu_meltdown spectre_v1 spectre_v2 spec_store_bypass l1tf mds swapgs itlb_multihit
bogomips	: 4399.99
clflush size	: 64
cache_alignment	: 64
address sizes	: 39 bits physical, 48 bits virtual
power management:

processor	: 6
vendor_id	: GenuineIntel
cpu family	: 6
model		: 158
model name	: Intel(R) Core(TM) i7-8750H CPU @ 2.20GHz
stepping	: 10
microcode	: 0xca
cpu MHz		: 3901.336
cache size	: 9216 KB
physical id	: 0
siblings	: 12
core id		: 0
cpu cores	: 6
apicid		: 1
initial apicid	: 1
fpu		: yes
fpu_exception	: yes
cpuid level	: 22
wp		: yes
flags		: fpu vme de pse tsc msr pae mce cx8 apic sep mtrr pge mca cmov pat pse36 clflush dts acpi mmx fxsr sse sse2 ss ht tm pbe syscall nx pdpe1gb rdtscp lm constant_tsc art arch_perfmon pebs bts rep_good nopl xtopology nonstop_tsc cpuid aperfmperf pni pclmulqdq dtes64 monitor ds_cpl vmx est tm2 ssse3 sdbg fma cx16 xtpr pdcm pcid sse4_1 sse4_2 x2apic movbe popcnt tsc_deadline_timer aes xsave avx f16c rdrand lahf_lm abm 3dnowprefetch cpuid_fault epb invpcid_single pti ssbd ibrs ibpb stibp tpr_shadow vnmi flexpriority ept vpid ept_ad fsgsbase tsc_adjust bmi1 avx2 smep bmi2 erms invpcid mpx rdseed adx smap clflushopt intel_pt xsaveopt xsavec xgetbv1 xsaves dtherm ida arat pln pts hwp hwp_notify hwp_act_window hwp_epp md_clear flush_l1d
bugs		: cpu_meltdown spectre_v1 spectre_v2 spec_store_bypass l1tf mds swapgs itlb_multihit
bogomips	: 4399.99
clflush size	: 64
cache_alignment	: 64
address sizes	: 39 bits physical, 48 bits virtual
power management:

processor	: 7
vendor_id	: GenuineIntel
cpu family	: 6
model		: 158
model name	: Intel(R) Core(TM) i7-8750H CPU @ 2.20GHz
stepping	: 10
microcode	: 0xca
cpu MHz		: 3900.403
cache size	: 9216 KB
physical id	: 0
siblings	: 12
core id		: 1
cpu cores	: 6
apicid		: 3
initial apicid	: 3
fpu		: yes
fpu_exception	: yes
cpuid level	: 22
wp		: yes
flags		: fpu vme de pse tsc msr pae mce cx8 apic sep mtrr pge mca cmov pat pse36 clflush dts acpi mmx fxsr sse sse2 ss ht tm pbe syscall nx pdpe1gb rdtscp lm constant_tsc art arch_perfmon pebs bts rep_good nopl xtopology nonstop_tsc cpuid aperfmperf pni pclmulqdq dtes64 monitor ds_cpl vmx est tm2 ssse3 sdbg fma cx16 xtpr pdcm pcid sse4_1 sse4_2 x2apic movbe popcnt tsc_deadline_timer aes xsave avx f16c rdrand lahf_lm abm 3dnowprefetch cpuid_fault epb invpcid_single pti ssbd ibrs ibpb stibp tpr_shadow vnmi flexpriority ept vpid ept_ad fsgsbase tsc_adjust bmi1 avx2 smep bmi2 erms invpcid mpx rdseed adx smap clflushopt intel_pt xsaveopt xsavec xgetbv1 xsaves dtherm ida arat pln pts hwp hwp_notify hwp_act_window hwp_epp md_clear flush_l1d
bugs		: cpu_meltdown spectre_v1 spectre_v2 spec_store_bypass l1tf mds swapgs itlb_multihit
bogomips	: 4399.99
clflush size	: 64
cache_alignment	: 64
address sizes	: 39 bits physical, 48 bits virtual
power management:

processor	: 8
vendor_id	: GenuineIntel
cpu family	: 6
model		: 158
model name	: Intel(R) Core(TM) i7-8750H CPU @ 2.20GHz
stepping	: 10
microcode	: 0xca
cpu MHz		: 3900.047
cache size	: 9216 KB
physical id	: 0
siblings	: 12
core id		: 2
cpu cores	: 6
apicid		: 5
initial apicid	: 5
fpu		: yes
fpu_exception	: yes
cpuid level	: 22
wp		: yes
flags		: fpu vme de pse tsc msr pae mce cx8 apic sep mtrr pge mca cmov pat pse36 clflush dts acpi mmx fxsr sse sse2 ss ht tm pbe syscall nx pdpe1gb rdtscp lm constant_tsc art arch_perfmon pebs bts rep_good nopl xtopology nonstop_tsc cpuid aperfmperf pni pclmulqdq dtes64 monitor ds_cpl vmx est tm2 ssse3 sdbg fma cx16 xtpr pdcm pcid sse4_1 sse4_2 x2apic movbe popcnt tsc_deadline_timer aes xsave avx f16c rdrand lahf_lm abm 3dnowprefetch cpuid_fault epb invpcid_single pti ssbd ibrs ibpb stibp tpr_shadow vnmi flexpriority ept vpid ept_ad fsgsbase tsc_adjust bmi1 avx2 smep bmi2 erms invpcid mpx rdseed adx smap clflushopt intel_pt xsaveopt xsavec xgetbv1 xsaves dtherm ida arat pln pts hwp hwp_notify hwp_act_window hwp_epp md_clear flush_l1d
bugs		: cpu_meltdown spectre_v1 spectre_v2 spec_store_bypass l1tf mds swapgs itlb_multihit
bogomips	: 4399.99
clflush size	: 64
cache_alignment	: 64
address sizes	: 39 bits physical, 48 bits virtual
power management:

processor	: 9
vendor_id	: GenuineIntel
cpu family	: 6
model		: 158
model name	: Intel(R) Core(TM) i7-8750H CPU @ 2.20GHz
stepping	: 10
microcode	: 0xca
cpu MHz		: 3900.515
cache size	: 9216 KB
physical id	: 0
siblings	: 12
core id		: 3
cpu cores	: 6
apicid		: 7
initial apicid	: 7
fpu		: yes
fpu_exception	: yes
cpuid level	: 22
wp		: yes
flags		: fpu vme de pse tsc msr pae mce cx8 apic sep mtrr pge mca cmov pat pse36 clflush dts acpi mmx fxsr sse sse2 ss ht tm pbe syscall nx pdpe1gb rdtscp lm constant_tsc art arch_perfmon pebs bts rep_good nopl xtopology nonstop_tsc cpuid aperfmperf pni pclmulqdq dtes64 monitor ds_cpl vmx est tm2 ssse3 sdbg fma cx16 xtpr pdcm pcid sse4_1 sse4_2 x2apic movbe popcnt tsc_deadline_timer aes xsave avx f16c rdrand lahf_lm abm 3dnowprefetch cpuid_fault epb invpcid_single pti ssbd ibrs ibpb stibp tpr_shadow vnmi flexpriority ept vpid ept_ad fsgsbase tsc_adjust bmi1 avx2 smep bmi2 erms invpcid mpx rdseed adx smap clflushopt intel_pt xsaveopt xsavec xgetbv1 xsaves dtherm ida arat pln pts hwp hwp_notify hwp_act_window hwp_epp md_clear flush_l1d
bugs		: cpu_meltdown spectre_v1 spectre_v2 spec_store_bypass l1tf mds swapgs itlb_multihit
bogomips	: 4399.99
clflush size	: 64
cache_alignment	: 64
address sizes	: 39 bits physical, 48 bits virtual
power management:

processor	: 10
vendor_id	: GenuineIntel
cpu family	: 6
model		: 158
model name	: Intel(R) Core(TM) i7-8750H CPU @ 2.20GHz
stepping	: 10
microcode	: 0xca
cpu MHz		: 3900.114
cache size	: 9216 KB
physical id	: 0
siblings	: 12
core id		: 4
cpu cores	: 6
apicid		: 9
initial apicid	: 9
fpu		: yes
fpu_exception	: yes
cpuid level	: 22
wp		: yes
flags		: fpu vme de pse tsc msr pae mce cx8 apic sep mtrr pge mca cmov pat pse36 clflush dts acpi mmx fxsr sse sse2 ss ht tm pbe syscall nx pdpe1gb rdtscp lm constant_tsc art arch_perfmon pebs bts rep_good nopl xtopology nonstop_tsc cpuid aperfmperf pni pclmulqdq dtes64 monitor ds_cpl vmx est tm2 ssse3 sdbg fma cx16 xtpr pdcm pcid sse4_1 sse4_2 x2apic movbe popcnt tsc_deadline_timer aes xsave avx f16c rdrand lahf_lm abm 3dnowprefetch cpuid_fault epb invpcid_single pti ssbd ibrs ibpb stibp tpr_shadow vnmi flexpriority ept vpid ept_ad fsgsbase tsc_adjust bmi1 avx2 smep bmi2 erms invpcid mpx rdseed adx smap clflushopt intel_pt xsaveopt xsavec xgetbv1 xsaves dtherm ida arat pln pts hwp hwp_notify hwp_act_window hwp_epp md_clear flush_l1d
bugs		: cpu_meltdown spectre_v1 spectre_v2 spec_store_bypass l1tf mds swapgs itlb_multihit
bogomips	: 4399.99
clflush size	: 64
cache_alignment	: 64
address sizes	: 39 bits physical, 48 bits virtual
power management:

processor	: 11
vendor_id	: GenuineIntel
cpu family	: 6
model		: 158
model name	: Intel(R) Core(TM) i7-8750H CPU @ 2.20GHz
stepping	: 10
microcode	: 0xca
cpu MHz		: 3887.084
cache size	: 9216 KB
physical id	: 0
siblings	: 12
core id		: 5
cpu cores	: 6
apicid		: 11
initial apicid	: 11
fpu		: yes
fpu_exception	: yes
cpuid level	: 22
wp		: yes
flags		: fpu vme de pse tsc msr pae mce cx8 apic sep mtrr pge mca cmov pat pse36 clflush dts acpi mmx fxsr sse sse2 ss ht tm pbe syscall nx pdpe1gb rdtscp lm constant_tsc art arch_perfmon pebs bts rep_good nopl xtopology nonstop_tsc cpuid aperfmperf pni pclmulqdq dtes64 monitor ds_cpl vmx est tm2 ssse3 sdbg fma cx16 xtpr pdcm pcid sse4_1 sse4_2 x2apic movbe popcnt tsc_deadline_timer aes xsave avx f16c rdrand lahf_lm abm 3dnowprefetch cpuid_fault epb invpcid_single pti ssbd ibrs ibpb stibp tpr_shadow vnmi flexpriority ept vpid ept_ad fsgsbase tsc_adjust bmi1 avx2 smep bmi2 erms invpcid mpx rdseed adx smap clflushopt intel_pt xsaveopt xsavec xgetbv1 xsaves dtherm ida arat pln pts hwp hwp_notify hwp_act_window hwp_epp md_clear flush_l1d
bugs		: cpu_meltdown spectre_v1 spectre_v2 spec_store_bypass l1tf mds swapgs itlb_multihit
bogomips	: 4399.99
clflush size	: 64
cache_alignment	: 64
address sizes	: 39 bits physical, 48 bits virtual
power management:



Memory: 4k page, physical 32713532k(26856748k free), swap 2097148k(2097148k free)

vm_info: OpenJDK 64-Bit Server VM (25.232-b09) for linux-amd64 JRE (1.8.0_232-8u232-b09-0ubuntu1~18.04.1-b09), built on Oct 16 2019 20:38:15 by "buildd" with gcc 7.4.0

time: Sat Feb 15 12:06:38 2020
timezone: CST
elapsed time: 1 seconds (0d 0h 0m 1s)

