#
# A fatal error has been detected by the Java Runtime Environment:
#
#  SIGSEGV (0xb) at pc=0x00007f49172d3699, pid=9986, tid=0x00007f499a1b0700
#
# JRE version: OpenJDK Runtime Environment (8.0_222-b10) (build 1.8.0_222-8u222-b10-1ubuntu1~18.04.1-b10)
# Java VM: OpenJDK 64-Bit Server VM (25.222-b10 mixed mode linux-amd64 compressed oops)
# Problematic frame:
# C  [libnvidia-glcore.so.440.31+0x1041699]
#
# Failed to write core dump. Core dumps have been disabled. To enable core dumping, try "ulimit -c unlimited" before starting Java again
#
# If you would like to submit a bug report, please visit:
#   http://bugreport.java.com/bugreport/crash.jsp
# The crash happened outside the Java Virtual Machine in native code.
# See problematic frame for where to report the bug.
#

---------------  T H R E A D  ---------------

Current thread (0x00007f499000b800):  JavaThread "main" [_thread_in_native, id=9991, stack(0x00007f499a0b1000,0x00007f499a1b1000)]

siginfo: si_signo: 11 (SIGSEGV), si_code: 1 (SEGV_MAPERR), si_addr: 0x0000000000000000

Registers:
RAX=0x0000000000000000, RBX=0x0000000000000000, RCX=0x00007f496178e768, RDX=0x0000000000000000
RSP=0x00007f499a1af350, RBP=0x0000000000000003, RSI=0x0000000000000003, RDI=0x00007f496178e768
R8 =0x0000000000000000, R9 =0x0000000000000000, R10=0x0000000000000000, R11=0x0000000000000004
R12=0x0000000000000003, R13=0x0000000040855000, R14=0x0000000000000000, R15=0x0000000000000682
RIP=0x00007f49172d3699, EFLAGS=0x0000000000010202, CSGSFS=0x002b000000000033, ERR=0x0000000000000004
  TRAPNO=0x000000000000000e

Top of Stack: (sp=0x00007f499a1af350)
0x00007f499a1af350:   00007f499a1af5bc 00007f499a1af410
0x00007f499a1af360:   0000000040855000 00007f499a1af410
0x00007f499a1af370:   00007f499048ba70 00007f499048ba60
0x00007f499a1af380:   0000000040855000 00000000408abc08
0x00007f499a1af390:   0000000000000000 00007f49172e34b8
0x00007f499a1af3a0:   0000000000000000 0000000000000000
0x00007f499a1af3b0:   0000000000000000 0000000000000000
0x00007f499a1af3c0:   0000000000000006 00007f499a1af410
0x00007f499a1af3d0:   000014052f095a3e ffffffff00000006
0x00007f499a1af3e0:   0000000400000000 00000000408ac210
0x00007f499a1af3f0:   00007f4990670600 01007f4990929450
0x00007f499a1af400:   00007f4900000001 00007f499a1b0700
0x00007f499a1af410:   00007f499048ba60 00007f4990670600
0x00007f499a1af420:   00007f4990a8a990 00007f49172a5768
0x00007f499a1af430:   0000000000000000 00000000408bfcb0
0x00007f499a1af440:   000000004089feb0 0000001000000000
0x00007f499a1af450:   0000000040855210 00007f4990670600
0x00007f499a1af460:   00007f49903fb620 01007f4981061220
0x00007f499a1af470:   00007f4990670600 0000000040855218
0x00007f499a1af480:   00007f4900000001 00007f499a1b0700
0x00007f499a1af490:   0000000000000000 0000000000000000
0x00007f499a1af4a0:   00007f4981061220 00007f4990010000
0x00007f499a1af4b0:   00007f499a1af410 0000000000000000
0x00007f499a1af4c0:   0000000000000000 0000000000000000
0x00007f499a1af4d0:   0000000000000000 0000000000000000
0x00007f499a1af4e0:   00007f4900001401 00007f499a1b0700
0x00007f499a1af4f0:   0000000000000000 00007f499a020000
0x00007f499a1af500:   00007f499a1af410 0000000000000000
0x00007f499a1af510:   0000000000000000 00007f4981061220
0x00007f499a1af520:   0000000000000006 00007f499a1af3a0
0x00007f499a1af530:   00007f495cd91400 0000000000000000
0x00007f499a1af540:   00007f4900000001 00007f499a1b0700 

Instructions: (pc=0x00007f49172d3699)
0x00007f49172d3679:   0f 83 03 01 00 00 89 e8 48 8d 7a 04 89 ee c1 e0
0x00007f49172d3689:   10 0d 7c 05 00 60 48 89 f9 89 02 4c 89 f2 89 d8
0x00007f49172d3699:   03 02 66 89 01 89 d8 03 42 04 48 83 c2 08 66 89
0x00007f49172d36a9:   41 02 48 83 c1 04 ff ce 75 e4 8d 45 ff 41 29 ec 

Register to memory mapping:

RAX=0x0000000000000000 is an unknown value
RBX=0x0000000000000000 is an unknown value
RCX=0x00007f496178e768 is an unknown value
RDX=0x0000000000000000 is an unknown value
RSP=0x00007f499a1af350 is pointing into the stack for thread: 0x00007f499000b800
RBP=0x0000000000000003 is an unknown value
RSI=0x0000000000000003 is an unknown value
RDI=0x00007f496178e768 is an unknown value
R8 =0x0000000000000000 is an unknown value
R9 =0x0000000000000000 is an unknown value
R10=0x0000000000000000 is an unknown value
R11=0x0000000000000004 is an unknown value
R12=0x0000000000000003 is an unknown value
R13=0x0000000040855000 is an unknown value
R14=0x0000000000000000 is an unknown value
R15=0x0000000000000682 is an unknown value


Stack: [0x00007f499a0b1000,0x00007f499a1b1000],  sp=0x00007f499a1af350,  free space=1016k
Native frames: (J=compiled Java code, j=interpreted, Vv=VM code, C=native code)
C  [libnvidia-glcore.so.440.31+0x1041699]

Java frames: (J=compiled Java code, j=interpreted, Vv=VM code)
j  org.lwjgl.opengl.GL11C.nglDrawElements(IIIJ)V+0
j  org.lwjgl.opengl.GL11C.glDrawElements(IIIJ)V+4
j  org.lwjgl.opengl.GL11.glDrawElements(IIIJ)V+4
j  rendering.MasterRenderer.renderEntity(Lmodels/Entity;)V+35
j  rendering.MasterRenderer.render(Lrendering/ModelBatch;)V+182
j  rendering.Game.render()V+8
j  main.Main.main([Ljava/lang/String;)V+22
v  ~StubRoutines::call_stub

---------------  P R O C E S S  ---------------

Java Threads: ( => current thread )
  0x00007f49900d8000 JavaThread "Service Thread" daemon [_thread_blocked, id=10010, stack(0x00007f4970230000,0x00007f4970331000)]
  0x00007f49900cc800 JavaThread "C1 CompilerThread3" daemon [_thread_blocked, id=10009, stack(0x00007f4970332000,0x00007f4970432000)]
  0x00007f49900ca800 JavaThread "C2 CompilerThread2" daemon [_thread_blocked, id=10008, stack(0x00007f4970433000,0x00007f4970533000)]
  0x00007f49900c9000 JavaThread "C2 CompilerThread1" daemon [_thread_blocked, id=10007, stack(0x00007f4970534000,0x00007f4970634000)]
  0x00007f49900c6000 JavaThread "C2 CompilerThread0" daemon [_thread_blocked, id=10006, stack(0x00007f4970635000,0x00007f4970735000)]
  0x00007f49900c4800 JavaThread "Signal Dispatcher" daemon [_thread_blocked, id=10005, stack(0x00007f4970735000,0x00007f4970836000)]
  0x00007f4990091800 JavaThread "Finalizer" daemon [_thread_blocked, id=10004, stack(0x00007f4971205000,0x00007f4971306000)]
  0x00007f499008f800 JavaThread "Reference Handler" daemon [_thread_blocked, id=10003, stack(0x00007f4971306000,0x00007f4971407000)]
=>0x00007f499000b800 JavaThread "main" [_thread_in_native, id=9991, stack(0x00007f499a0b1000,0x00007f499a1b1000)]

Other Threads:
  0x00007f4990085800 VMThread [stack: 0x00007f4971408000,0x00007f4971508000] [id=10002]
  0x00007f49900da800 WatcherThread [stack: 0x00007f4970130000,0x00007f4970230000] [id=10011]

VM state:not at safepoint (normal execution)

VM Mutex/Monitor currently owned by a thread: None

heap address: 0x00000005ccc00000, size: 7988 MB, Compressed Oops mode: Zero based, Oop shift amount: 3
Narrow klass base: 0x0000000000000000, Narrow klass shift: 3
Compressed class space size: 1073741824 Address: 0x00000007c0000000

Heap:
 PSYoungGen      total 149504K, used 134884K [0x0000000719980000, 0x0000000724000000, 0x00000007c0000000)
  eden space 128512K, 97% used [0x0000000719980000,0x0000000721409eb8,0x0000000721700000)
  from space 20992K, 44% used [0x0000000721700000,0x000000072202f428,0x0000000722b80000)
  to   space 20992K, 0% used [0x0000000722b80000,0x0000000722b80000,0x0000000724000000)
 ParOldGen       total 341504K, used 8K [0x00000005ccc00000, 0x00000005e1980000, 0x0000000719980000)
  object space 341504K, 0% used [0x00000005ccc00000,0x00000005ccc02000,0x00000005e1980000)
 Metaspace       used 9376K, capacity 9597K, committed 9856K, reserved 1058816K
  class space    used 709K, capacity 807K, committed 896K, reserved 1048576K

Card table byte_map: [0x00007f49956b1000,0x00007f499664c000] byte_map_base: 0x00007f499284b000

Marking Bits: (ParMarkBitMap*) 0x00007f499934b360
 Begin Bits: [0x00007f4944660000, 0x00007f494c330000)
 End Bits:   [0x00007f494c330000, 0x00007f4954000000)

Polling page: 0x00007f499a1cc000

CodeCache: size=245760Kb used=3586Kb max_used=3604Kb free=242173Kb
 bounds [0x00007f4981000000, 0x00007f4981390000, 0x00007f4990000000]
 total_blobs=1757 nmethods=855 adapters=817
 compilation: enabled

Compilation events (10 events):
Event: 0.784 Thread 0x00007f49900cc800  854       1       math.Transform::setTranslation (6 bytes)
Event: 0.784 Thread 0x00007f49900cc800 nmethod 854 0x00007f4981369ad0 code [0x00007f4981369c20, 0x00007f4981369d50]
Event: 0.784 Thread 0x00007f49900ca800 nmethod 837% 0x00007f498136f590 code [0x00007f498136f700, 0x00007f498136fad8]
Event: 0.784 Thread 0x00007f49900cc800  853       3       math.Transform::setScale (6 bytes)
Event: 0.784 Thread 0x00007f49900ca800  852       4       java.util.Random::next (47 bytes)
Event: 0.784 Thread 0x00007f49900cc800 nmethod 853 0x00007f498136f250 code [0x00007f498136f3a0, 0x00007f498136f510]
Event: 0.785 Thread 0x00007f49900ca800 nmethod 852 0x00007f498136ef50 code [0x00007f498136f0a0, 0x00007f498136f178]
Event: 0.785 Thread 0x00007f49900c6000 nmethod 843 0x00007f4981362b50 code [0x00007f4981362cc0, 0x00007f4981363058]
Event: 0.786 Thread 0x00007f49900cc800  855       3       java.util.Vector::elementData (7 bytes)
Event: 0.786 Thread 0x00007f49900cc800 nmethod 855 0x00007f4981362750 code [0x00007f49813628c0, 0x00007f4981362a50]

GC Heap History (2 events):
Event: 0.651 GC heap before
{Heap before GC invocations=1 (full 0):
 PSYoungGen      total 149504K, used 128512K [0x0000000719980000, 0x0000000724000000, 0x00000007c0000000)
  eden space 128512K, 100% used [0x0000000719980000,0x0000000721700000,0x0000000721700000)
  from space 20992K, 0% used [0x0000000722b80000,0x0000000722b80000,0x0000000724000000)
  to   space 20992K, 0% used [0x0000000721700000,0x0000000721700000,0x0000000722b80000)
 ParOldGen       total 341504K, used 0K [0x00000005ccc00000, 0x00000005e1980000, 0x0000000719980000)
  object space 341504K, 0% used [0x00000005ccc00000,0x00000005ccc00000,0x00000005e1980000)
 Metaspace       used 9245K, capacity 9469K, committed 9600K, reserved 1058816K
  class space    used 701K, capacity 807K, committed 896K, reserved 1048576K
Event: 0.655 GC heap after
Heap after GC invocations=1 (full 0):
 PSYoungGen      total 149504K, used 9405K [0x0000000719980000, 0x0000000724000000, 0x00000007c0000000)
  eden space 128512K, 0% used [0x0000000719980000,0x0000000719980000,0x0000000721700000)
  from space 20992K, 44% used [0x0000000721700000,0x000000072202f428,0x0000000722b80000)
  to   space 20992K, 0% used [0x0000000722b80000,0x0000000722b80000,0x0000000724000000)
 ParOldGen       total 341504K, used 8K [0x00000005ccc00000, 0x00000005e1980000, 0x0000000719980000)
  object space 341504K, 0% used [0x00000005ccc00000,0x00000005ccc02000,0x00000005e1980000)
 Metaspace       used 9245K, capacity 9469K, committed 9600K, reserved 1058816K
  class space    used 701K, capacity 807K, committed 896K, reserved 1048576K
}

Deoptimization events (10 events):
Event: 0.543 Thread 0x00007f499000b800 Uncommon trap: reason=array_check action=maybe_recompile pc=0x00007f49812bfd18 method=java.util.AbstractCollection.toArray([Ljava/lang/Object;)[Ljava/lang/Object; @ 119
Event: 0.549 Thread 0x00007f499000b800 Uncommon trap: reason=unstable_if action=reinterpret pc=0x00007f49812c7fc0 method=sun.misc.FloatingDecimal.readJavaFormatString(Ljava/lang/String;)Lsun/misc/FloatingDecimal$ASCIIToBinaryConverter; @ 235
Event: 0.549 Thread 0x00007f499000b800 Uncommon trap: reason=class_check action=maybe_recompile pc=0x00007f49812b1908 method=sun.misc.FloatingDecimal.parseFloat(Ljava/lang/String;)F @ 4
Event: 0.565 Thread 0x00007f499000b800 Uncommon trap: reason=class_check action=maybe_recompile pc=0x00007f49812b1908 method=sun.misc.FloatingDecimal.parseFloat(Ljava/lang/String;)F @ 4
Event: 0.579 Thread 0x00007f499000b800 Uncommon trap: reason=class_check action=maybe_recompile pc=0x00007f49812b1908 method=sun.misc.FloatingDecimal.parseFloat(Ljava/lang/String;)F @ 4
Event: 0.579 Thread 0x00007f499000b800 Uncommon trap: reason=class_check action=maybe_recompile pc=0x00007f49812b1908 method=sun.misc.FloatingDecimal.parseFloat(Ljava/lang/String;)F @ 4
Event: 0.715 Thread 0x00007f499000b800 Uncommon trap: reason=unstable_if action=reinterpret pc=0x00007f4981323a3c method=java.util.ArrayList$Itr.hasNext()Z @ 11
Event: 0.737 Thread 0x00007f499000b800 Uncommon trap: reason=unstable_if action=reinterpret pc=0x00007f49812f5350 method=java.lang.String.split(Ljava/lang/String;I)[Ljava/lang/String; @ 8
Event: 0.738 Thread 0x00007f499000b800 Uncommon trap: reason=unstable_if action=reinterpret pc=0x00007f498131a008 method=java.lang.Integer.parseInt(Ljava/lang/String;I)I @ 122
Event: 0.780 Thread 0x00007f499000b800 Uncommon trap: reason=unstable_if action=reinterpret pc=0x00007f49812c6de0 method=sun.misc.FloatingDecimal$ASCIIToBinaryBuffer.floatValue()F @ 65

Classes redefined (0 events):
No events

Internal exceptions (10 events):
Event: 0.113 Thread 0x00007f499000b800 Exception <a 'java/security/PrivilegedActionException'> (0x0000000719f6b3c0) thrown at [/build/openjdk-8-OqY7zN/openjdk-8-8u222-b10/src/hotspot/src/share/vm/prims/jvm.cpp, line 1502]
Event: 0.113 Thread 0x00007f499000b800 Exception <a 'java/security/PrivilegedActionException'> (0x0000000719f6b5d0) thrown at [/build/openjdk-8-OqY7zN/openjdk-8-8u222-b10/src/hotspot/src/share/vm/prims/jvm.cpp, line 1502]
Event: 0.113 Thread 0x00007f499000b800 Exception <a 'java/security/PrivilegedActionException'> (0x0000000719f6d658) thrown at [/build/openjdk-8-OqY7zN/openjdk-8-8u222-b10/src/hotspot/src/share/vm/prims/jvm.cpp, line 1502]
Event: 0.113 Thread 0x00007f499000b800 Exception <a 'java/security/PrivilegedActionException'> (0x0000000719f6d868) thrown at [/build/openjdk-8-OqY7zN/openjdk-8-8u222-b10/src/hotspot/src/share/vm/prims/jvm.cpp, line 1502]
Event: 0.113 Thread 0x00007f499000b800 Exception <a 'java/security/PrivilegedActionException'> (0x0000000719f6e340) thrown at [/build/openjdk-8-OqY7zN/openjdk-8-8u222-b10/src/hotspot/src/share/vm/prims/jvm.cpp, line 1502]
Event: 0.113 Thread 0x00007f499000b800 Exception <a 'java/security/PrivilegedActionException'> (0x0000000719f6e550) thrown at [/build/openjdk-8-OqY7zN/openjdk-8-8u222-b10/src/hotspot/src/share/vm/prims/jvm.cpp, line 1502]
Event: 0.120 Thread 0x00007f499000b800 Exception <a 'sun/nio/fs/UnixException'> (0x0000000719f9b678) thrown at [/build/openjdk-8-OqY7zN/openjdk-8-8u222-b10/src/hotspot/src/share/vm/prims/jni.cpp, line 710]
Event: 0.123 Thread 0x00007f499000b800 Exception <a 'sun/nio/fs/UnixException'> (0x0000000719fabbf8) thrown at [/build/openjdk-8-OqY7zN/openjdk-8-8u222-b10/src/hotspot/src/share/vm/prims/jni.cpp, line 710]
Event: 0.285 Thread 0x00007f499000b800 Exception <a 'sun/nio/fs/UnixException'> (0x000000071a08fa70) thrown at [/build/openjdk-8-OqY7zN/openjdk-8-8u222-b10/src/hotspot/src/share/vm/prims/jni.cpp, line 710]
Event: 0.286 Thread 0x00007f499000b800 Exception <a 'sun/nio/fs/UnixException'> (0x000000071a097b08) thrown at [/build/openjdk-8-OqY7zN/openjdk-8-8u222-b10/src/hotspot/src/share/vm/prims/jni.cpp, line 710]

Events (10 events):
Event: 0.782 loading class rendering/ModelBatch
Event: 0.782 loading class rendering/ModelBatch done
Event: 0.782 loading class java/lang/Math$RandomNumberGeneratorHolder
Event: 0.782 loading class java/lang/Math$RandomNumberGeneratorHolder done
Event: 0.782 loading class java/util/Random
Event: 0.782 loading class java/util/Random done
Event: 0.785 loading class math/Matrix
Event: 0.785 loading class math/Matrix done
Event: 0.785 loading class org/lwjgl/opengl/GL$ICDStatic$WriteOnce
Event: 0.785 loading class org/lwjgl/opengl/GL$ICDStatic$WriteOnce done


Dynamic libraries:
40855000-40904000 rw-p 00000000 00:00 0 
41782000-41784000 r-xs 00000000 103:02 15728652                          /tmp/.glABpO3A (deleted)
5ccc00000-5e1980000 rw-p 00000000 00:00 0 
5e1980000-719980000 ---p 00000000 00:00 0 
719980000-724000000 rw-p 00000000 00:00 0 
724000000-7c0000000 ---p 00000000 00:00 0 
7c0000000-7c00e0000 rw-p 00000000 00:00 0 
7c00e0000-800000000 ---p 00000000 00:00 0 
556f7bee7000-556f7bee8000 r-xp 00000000 103:02 9838898                   /usr/lib/jvm/java-8-openjdk-amd64/jre/bin/java
556f7c0e7000-556f7c0e8000 r--p 00000000 103:02 9838898                   /usr/lib/jvm/java-8-openjdk-amd64/jre/bin/java
556f7c0e8000-556f7c0e9000 rw-p 00001000 103:02 9838898                   /usr/lib/jvm/java-8-openjdk-amd64/jre/bin/java
556f7c4e2000-556f7c503000 rw-p 00000000 00:00 0                          [heap]
7f48d8000000-7f48d8021000 rw-p 00000000 00:00 0 
7f48d8021000-7f48dc000000 ---p 00000000 00:00 0 
7f48df3ff000-7f48df7ff000 rw-s 00000000 00:06 586                        /dev/nvidiactl
7f48df7ff000-7f48dfbff000 rw-s 00000000 00:06 586                        /dev/nvidiactl
7f48dfbff000-7f48e0000000 rw-p 00000000 00:00 0 
7f48e0000000-7f48e0021000 rw-p 00000000 00:00 0 
7f48e0021000-7f48e4000000 ---p 00000000 00:00 0 
7f48e4000000-7f48e4021000 rw-p 00000000 00:00 0 
7f48e4021000-7f48e8000000 ---p 00000000 00:00 0 
7f48e8000000-7f48e8021000 rw-p 00000000 00:00 0 
7f48e8021000-7f48ec000000 ---p 00000000 00:00 0 
7f48ec000000-7f48ec021000 rw-p 00000000 00:00 0 
7f48ec021000-7f48f0000000 ---p 00000000 00:00 0 
7f48f0000000-7f48f0021000 rw-p 00000000 00:00 0 
7f48f0021000-7f48f4000000 ---p 00000000 00:00 0 
7f48f4000000-7f48f4021000 rw-p 00000000 00:00 0 
7f48f4021000-7f48f8000000 ---p 00000000 00:00 0 
7f48f8000000-7f48f8021000 rw-p 00000000 00:00 0 
7f48f8021000-7f48fc000000 ---p 00000000 00:00 0 
7f48fc000000-7f48fc021000 rw-p 00000000 00:00 0 
7f48fc021000-7f4900000000 ---p 00000000 00:00 0 
7f4900000000-7f4900021000 rw-p 00000000 00:00 0 
7f4900021000-7f4904000000 ---p 00000000 00:00 0 
7f4904000000-7f4904021000 rw-p 00000000 00:00 0 
7f4904021000-7f4908000000 ---p 00000000 00:00 0 
7f490826a000-7f490866b000 rw-p 00000000 00:00 0 
7f49087f9000-7f49087fa000 ---p 00000000 00:00 0 
7f49087fa000-7f4908ffa000 rw-p 00000000 00:00 0 
7f4908ffa000-7f4908ffb000 ---p 00000000 00:00 0 
7f4908ffb000-7f49097fb000 rw-p 00000000 00:00 0 
7f49097fb000-7f49097fc000 ---p 00000000 00:00 0 
7f49097fc000-7f4909ffc000 rw-p 00000000 00:00 0 
7f4909ffc000-7f4909ffd000 ---p 00000000 00:00 0 
7f4909ffd000-7f490a7fd000 rw-p 00000000 00:00 0 
7f490a7fd000-7f490a7fe000 ---p 00000000 00:00 0 
7f490a7fe000-7f490affe000 rw-p 00000000 00:00 0 
7f490affe000-7f490afff000 ---p 00000000 00:00 0 
7f490afff000-7f490b7ff000 rw-p 00000000 00:00 0 
7f490b7ff000-7f490b800000 ---p 00000000 00:00 0 
7f490b800000-7f490c000000 rw-p 00000000 00:00 0 
7f490c000000-7f490c021000 rw-p 00000000 00:00 0 
7f490c021000-7f4910000000 ---p 00000000 00:00 0 
7f4910000000-7f4910021000 rw-p 00000000 00:00 0 
7f4910021000-7f4914000000 ---p 00000000 00:00 0 
7f491408e000-7f491428e000 rw-s 00000000 00:06 586                        /dev/nvidiactl
7f491428e000-7f491428f000 ---p 00000000 00:00 0 
7f491428f000-7f4914a8f000 rw-p 00000000 00:00 0 
7f4914a8f000-7f4914a90000 ---p 00000000 00:00 0 
7f4914a90000-7f4915290000 rw-p 00000000 00:00 0 
7f4915290000-7f4915291000 ---p 00000000 00:00 0 
7f4915291000-7f4915a91000 rw-p 00000000 00:00 0 
7f4915a91000-7f4915a92000 ---p 00000000 00:00 0 
7f4915a92000-7f4916292000 rw-p 00000000 00:00 0 
7f4916292000-7f491756d000 r-xp 00000000 103:02 9840523                   /usr/lib/x86_64-linux-gnu/libnvidia-glcore.so.440.31
7f491756d000-7f491758e000 rwxp 012db000 103:02 9840523                   /usr/lib/x86_64-linux-gnu/libnvidia-glcore.so.440.31
7f491758e000-7f4917a9f000 r-xp 012fc000 103:02 9840523                   /usr/lib/x86_64-linux-gnu/libnvidia-glcore.so.440.31
7f4917a9f000-7f4917c9e000 ---p 0180d000 103:02 9840523                   /usr/lib/x86_64-linux-gnu/libnvidia-glcore.so.440.31
7f4917c9e000-7f4917fe4000 rw-p 0180c000 103:02 9840523                   /usr/lib/x86_64-linux-gnu/libnvidia-glcore.so.440.31
7f4917fe4000-7f4918000000 rw-p 00000000 00:00 0 
7f4918000000-7f491833a000 rw-p 00000000 00:00 0 
7f491833a000-7f491c000000 ---p 00000000 00:00 0 
7f491c000000-7f491c021000 rw-p 00000000 00:00 0 
7f491c021000-7f4920000000 ---p 00000000 00:00 0 
7f4920000000-7f4920382000 rw-p 00000000 00:00 0 
7f4920382000-7f4924000000 ---p 00000000 00:00 0 
7f4924000000-7f4924bec000 rw-p 00000000 00:00 0 
7f4924bec000-7f4928000000 ---p 00000000 00:00 0 
7f4928000000-7f4928021000 rw-p 00000000 00:00 0 
7f4928021000-7f492c000000 ---p 00000000 00:00 0 
7f492c000000-7f492c36b000 rw-p 00000000 00:00 0 
7f492c36b000-7f4930000000 ---p 00000000 00:00 0 
7f4930000000-7f4930021000 rw-p 00000000 00:00 0 
7f4930021000-7f4934000000 ---p 00000000 00:00 0 
7f4934000000-7f4934021000 rw-p 00000000 00:00 0 
7f4934021000-7f4938000000 ---p 00000000 00:00 0 
7f4938000000-7f4938021000 rw-p 00000000 00:00 0 
7f4938021000-7f493c000000 ---p 00000000 00:00 0 
7f493c000000-7f493c021000 rw-p 00000000 00:00 0 
7f493c021000-7f4940000000 ---p 00000000 00:00 0 
7f4940000000-7f4940021000 rw-p 00000000 00:00 0 
7f4940021000-7f4944000000 ---p 00000000 00:00 0 
7f49440d3000-7f49444d3000 rw-s 00000000 00:06 586                        /dev/nvidiactl
7f4944660000-7f4954000000 rw-p 00000000 00:00 0 
7f4954000000-7f4954021000 rw-p 00000000 00:00 0 
7f4954021000-7f4958000000 ---p 00000000 00:00 0 
7f4958000000-7f4958021000 rw-p 00000000 00:00 0 
7f4958021000-7f495c000000 ---p 00000000 00:00 0 
7f495c000000-7f495c021000 rw-p 00000000 00:00 0 
7f495c021000-7f4960000000 ---p 00000000 00:00 0 
7f4960018000-7f4960218000 rw-s 00000000 00:06 586                        /dev/nvidiactl
7f4960218000-7f4960219000 ---p 00000000 00:00 0 
7f4960219000-7f4960ad9000 rw-p 00000000 00:00 0 
7f4960ad9000-7f4960c19000 ---p 00000000 00:00 0 
7f4960c19000-7f4960c59000 rw-s 00000000 08:01 16256327                   /home/sam/#16256327 (deleted)
7f4960c59000-7f4960c99000 r-xs 00000000 08:01 16256327                   /home/sam/#16256327 (deleted)
7f4960c99000-7f4960cf1000 r-xp 00000000 103:02 15990817                  /tmp/lwjglsam/3.2.3-build-13/liblwjgl_opengl.so
7f4960cf1000-7f4960ef0000 ---p 00058000 103:02 15990817                  /tmp/lwjglsam/3.2.3-build-13/liblwjgl_opengl.so
7f4960ef0000-7f4960ef1000 r--p 00057000 103:02 15990817                  /tmp/lwjglsam/3.2.3-build-13/liblwjgl_opengl.so
7f4960ef1000-7f4960ef2000 rw-p 00058000 103:02 15990817                  /tmp/lwjglsam/3.2.3-build-13/liblwjgl_opengl.so
7f4960ef2000-7f4960ef7000 r-xp 00000000 103:02 9839193                   /usr/lib/x86_64-linux-gnu/libxcb-sync.so.1.0.0
7f4960ef7000-7f49610f7000 ---p 00005000 103:02 9839193                   /usr/lib/x86_64-linux-gnu/libxcb-sync.so.1.0.0
7f49610f7000-7f49610f8000 r--p 00005000 103:02 9839193                   /usr/lib/x86_64-linux-gnu/libxcb-sync.so.1.0.0
7f49610f8000-7f49610f9000 rw-p 00006000 103:02 9839193                   /usr/lib/x86_64-linux-gnu/libxcb-sync.so.1.0.0
7f49610f9000-7f49610fb000 r-xp 00000000 103:02 9839185                   /usr/lib/x86_64-linux-gnu/libxcb-present.so.0.0.0
7f49610fb000-7f49612fa000 ---p 00002000 103:02 9839185                   /usr/lib/x86_64-linux-gnu/libxcb-present.so.0.0.0
7f49612fa000-7f49612fb000 r--p 00001000 103:02 9839185                   /usr/lib/x86_64-linux-gnu/libxcb-present.so.0.0.0
7f49612fb000-7f49612fc000 rw-p 00002000 103:02 9839185                   /usr/lib/x86_64-linux-gnu/libxcb-present.so.0.0.0
7f49612fc000-7f49612ff000 r-xp 00000000 103:02 9839181                   /usr/lib/x86_64-linux-gnu/libxcb-dri3.so.0.0.0
7f49612ff000-7f49614fe000 ---p 00003000 103:02 9839181                   /usr/lib/x86_64-linux-gnu/libxcb-dri3.so.0.0.0
7f49614fe000-7f49614ff000 r--p 00002000 103:02 9839181                   /usr/lib/x86_64-linux-gnu/libxcb-dri3.so.0.0.0
7f49614ff000-7f4961500000 rw-p 00003000 103:02 9839181                   /usr/lib/x86_64-linux-gnu/libxcb-dri3.so.0.0.0
7f4961500000-7f4961518000 r-xp 00000000 103:02 9839183                   /usr/lib/x86_64-linux-gnu/libxcb-glx.so.0.0.0
7f4961518000-7f4961718000 ---p 00018000 103:02 9839183                   /usr/lib/x86_64-linux-gnu/libxcb-glx.so.0.0.0
7f4961718000-7f496171a000 r--p 00018000 103:02 9839183                   /usr/lib/x86_64-linux-gnu/libxcb-glx.so.0.0.0
7f496171a000-7f496171b000 rw-p 0001a000 103:02 9839183                   /usr/lib/x86_64-linux-gnu/libxcb-glx.so.0.0.0
7f4961735000-7f49617b5000 rw-s 00000000 00:06 586                        /dev/nvidiactl
7f49618b5000-7f49618f5000 rw-s 00000000 00:06 586                        /dev/nvidiactl
7f49618f5000-7f4961905000 r-xp 00000000 103:02 9840432                   /usr/lib/x86_64-linux-gnu/libdrm.so.2.4.0
7f4961905000-7f4961b04000 ---p 00010000 103:02 9840432                   /usr/lib/x86_64-linux-gnu/libdrm.so.2.4.0
7f4961b04000-7f4961b05000 r--p 0000f000 103:02 9840432                   /usr/lib/x86_64-linux-gnu/libdrm.so.2.4.0
7f4961b05000-7f4961b06000 rw-p 00010000 103:02 9840432                   /usr/lib/x86_64-linux-gnu/libdrm.so.2.4.0
7f4961b06000-7f4961b09000 r-xp 00000000 103:02 9840527                   /usr/lib/x86_64-linux-gnu/libnvidia-tls.so.440.31
7f4961b09000-7f4961d09000 ---p 00003000 103:02 9840527                   /usr/lib/x86_64-linux-gnu/libnvidia-tls.so.440.31
7f4961d09000-7f4961d0a000 rw-p 00003000 103:02 9840527                   /usr/lib/x86_64-linux-gnu/libnvidia-tls.so.440.31
7f4961d0a000-7f4961db3000 r-xp 00000000 103:02 9840520                   /usr/lib/x86_64-linux-gnu/libGLX_nvidia.so.440.31
7f4961db3000-7f4961de8000 rwxp 000a9000 103:02 9840520                   /usr/lib/x86_64-linux-gnu/libGLX_nvidia.so.440.31
7f4961de8000-7f4961df7000 r-xp 000de000 103:02 9840520                   /usr/lib/x86_64-linux-gnu/libGLX_nvidia.so.440.31
7f4961df7000-7f4961ff6000 ---p 000ed000 103:02 9840520                   /usr/lib/x86_64-linux-gnu/libGLX_nvidia.so.440.31
7f4961ff6000-7f496201a000 rw-p 000ec000 103:02 9840520                   /usr/lib/x86_64-linux-gnu/libGLX_nvidia.so.440.31
7f496201a000-7f496201c000 rw-p 00000000 00:00 0 
7f496201c000-7f496205e000 r-xp 00000000 103:02 9837994                   /usr/lib/x86_64-linux-gnu/libGLdispatch.so.0.0.0
7f496205e000-7f4962077000 r-xp 00042000 103:02 9837994                   /usr/lib/x86_64-linux-gnu/libGLdispatch.so.0.0.0
7f4962077000-7f496208a000 r-xp 0005b000 103:02 9837994                   /usr/lib/x86_64-linux-gnu/libGLdispatch.so.0.0.0
7f496208a000-7f4962289000 ---p 0006e000 103:02 9837994                   /usr/lib/x86_64-linux-gnu/libGLdispatch.so.0.0.0
7f4962289000-7f49622b1000 r--p 0006d000 103:02 9837994                   /usr/lib/x86_64-linux-gnu/libGLdispatch.so.0.0.0
7f49622b1000-7f49622b2000 rw-p 00095000 103:02 9837994                   /usr/lib/x86_64-linux-gnu/libGLdispatch.so.0.0.0
7f49622b2000-7f49622d2000 rw-p 00000000 00:00 0 
7f49622d2000-7f49622e2000 r-xp 00000000 103:02 9837992                   /usr/lib/x86_64-linux-gnu/libGLX.so.0.0.0
7f49622e2000-7f49624e1000 ---p 00010000 103:02 9837992                   /usr/lib/x86_64-linux-gnu/libGLX.so.0.0.0
7f49624e1000-7f49624e2000 r--p 0000f000 103:02 9837992                   /usr/lib/x86_64-linux-gnu/libGLX.so.0.0.0
7f49624e2000-7f49624e3000 rw-p 00010000 103:02 9837992                   /usr/lib/x86_64-linux-gnu/libGLX.so.0.0.0
7f49624e3000-7f4962503000 rw-p 00000000 00:00 0 
7f4962503000-7f4962547000 r-xp 00000000 103:02 9837986                   /usr/lib/x86_64-linux-gnu/libGL.so.1.0.0
7f4962547000-7f4962560000 r-xp 00044000 103:02 9837986                   /usr/lib/x86_64-linux-gnu/libGL.so.1.0.0
7f4962560000-7f4962574000 r-xp 0005d000 103:02 9837986                   /usr/lib/x86_64-linux-gnu/libGL.so.1.0.0
7f4962574000-7f4962773000 ---p 00071000 103:02 9837986                   /usr/lib/x86_64-linux-gnu/libGL.so.1.0.0
7f4962773000-7f496278d000 r--p 00070000 103:02 9837986                   /usr/lib/x86_64-linux-gnu/libGL.so.1.0.0
7f496278d000-7f496278e000 rw-p 0008a000 103:02 9837986                   /usr/lib/x86_64-linux-gnu/libGL.so.1.0.0
7f496278e000-7f496278f000 rw-p 00000000 00:00 0 
7f496278f000-7f4962790000 r-xp 00000000 103:02 9840453                   /usr/lib/x86_64-linux-gnu/libX11-xcb.so.1.0.0
7f4962790000-7f496298f000 ---p 00001000 103:02 9840453                   /usr/lib/x86_64-linux-gnu/libX11-xcb.so.1.0.0
7f496298f000-7f4962990000 r--p 00000000 103:02 9840453                   /usr/lib/x86_64-linux-gnu/libX11-xcb.so.1.0.0
7f4962990000-7f4962991000 rw-p 00001000 103:02 9840453                   /usr/lib/x86_64-linux-gnu/libX11-xcb.so.1.0.0
7f4962991000-7f4962993000 r-xp 00000000 103:02 9838067                   /usr/lib/x86_64-linux-gnu/libXinerama.so.1.0.0
7f4962993000-7f4962b92000 ---p 00002000 103:02 9838067                   /usr/lib/x86_64-linux-gnu/libXinerama.so.1.0.0
7f4962b92000-7f4962b93000 r--p 00001000 103:02 9838067                   /usr/lib/x86_64-linux-gnu/libXinerama.so.1.0.0
7f4962b93000-7f4962b94000 rw-p 00002000 103:02 9838067                   /usr/lib/x86_64-linux-gnu/libXinerama.so.1.0.0
7f4962b94000-7f4962b99000 r-xp 00000000 103:02 9838059                   /usr/lib/x86_64-linux-gnu/libXfixes.so.3.1.0
7f4962b99000-7f4962d98000 ---p 00005000 103:02 9838059                   /usr/lib/x86_64-linux-gnu/libXfixes.so.3.1.0
7f4962d98000-7f4962d99000 r--p 00004000 103:02 9838059                   /usr/lib/x86_64-linux-gnu/libXfixes.so.3.1.0
7f4962d99000-7f4962d9a000 rw-p 00005000 103:02 9838059                   /usr/lib/x86_64-linux-gnu/libXfixes.so.3.1.0
7f4962d9a000-7f4962da3000 r-xp 00000000 103:02 9838051                   /usr/lib/x86_64-linux-gnu/libXcursor.so.1.0.2
7f4962da3000-7f4962fa2000 ---p 00009000 103:02 9838051                   /usr/lib/x86_64-linux-gnu/libXcursor.so.1.0.2
7f4962fa2000-7f4962fa3000 r--p 00008000 103:02 9838051                   /usr/lib/x86_64-linux-gnu/libXcursor.so.1.0.2
7f4962fa3000-7f4962fa4000 rw-p 00009000 103:02 9838051                   /usr/lib/x86_64-linux-gnu/libXcursor.so.1.0.2
7f4962fa4000-7f4962fad000 r-xp 00000000 103:02 9838077                   /usr/lib/x86_64-linux-gnu/libXrender.so.1.3.0
7f4962fad000-7f49631ac000 ---p 00009000 103:02 9838077                   /usr/lib/x86_64-linux-gnu/libXrender.so.1.3.0
7f49631ac000-7f49631ad000 r--p 00008000 103:02 9838077                   /usr/lib/x86_64-linux-gnu/libXrender.so.1.3.0
7f49631ad000-7f49631ae000 rw-p 00009000 103:02 9838077                   /usr/lib/x86_64-linux-gnu/libXrender.so.1.3.0
7f49631ae000-7f49631b8000 r-xp 00000000 103:02 9838075                   /usr/lib/x86_64-linux-gnu/libXrandr.so.2.2.0
7f49631b8000-7f49633b7000 ---p 0000a000 103:02 9838075                   /usr/lib/x86_64-linux-gnu/libXrandr.so.2.2.0
7f49633b7000-7f49633b8000 r--p 00009000 103:02 9838075                   /usr/lib/x86_64-linux-gnu/libXrandr.so.2.2.0
7f49633b8000-7f49633b9000 rw-p 0000a000 103:02 9838075                   /usr/lib/x86_64-linux-gnu/libXrandr.so.2.2.0
7f49633b9000-7f49633c8000 r-xp 00000000 103:02 9838065                   /usr/lib/x86_64-linux-gnu/libXi.so.6.1.0
7f49633c8000-7f49635c7000 ---p 0000f000 103:02 9838065                   /usr/lib/x86_64-linux-gnu/libXi.so.6.1.0
7f49635c7000-7f49635c8000 r--p 0000e000 103:02 9838065                   /usr/lib/x86_64-linux-gnu/libXi.so.6.1.0
7f49635c8000-7f49635c9000 rw-p 0000f000 103:02 9838065                   /usr/lib/x86_64-linux-gnu/libXi.so.6.1.0
7f49635c9000-7f49635da000 r-xp 00000000 103:02 9838057                   /usr/lib/x86_64-linux-gnu/libXext.so.6.4.0
7f49635da000-7f49637d9000 ---p 00011000 103:02 9838057                   /usr/lib/x86_64-linux-gnu/libXext.so.6.4.0
7f49637d9000-7f49637da000 r--p 00010000 103:02 9838057                   /usr/lib/x86_64-linux-gnu/libXext.so.6.4.0
7f49637da000-7f49637db000 rw-p 00011000 103:02 9838057                   /usr/lib/x86_64-linux-gnu/libXext.so.6.4.0
7f49637db000-7f49637e0000 r-xp 00000000 103:02 9838093                   /usr/lib/x86_64-linux-gnu/libXxf86vm.so.1.0.0
7f49637e0000-7f49639df000 ---p 00005000 103:02 9838093                   /usr/lib/x86_64-linux-gnu/libXxf86vm.so.1.0.0
7f49639df000-7f49639e0000 r--p 00004000 103:02 9838093                   /usr/lib/x86_64-linux-gnu/libXxf86vm.so.1.0.0
7f49639e0000-7f49639e1000 rw-p 00005000 103:02 9838093                   /usr/lib/x86_64-linux-gnu/libXxf86vm.so.1.0.0
7f49639e1000-7f49639f4000 r-xp 00000000 103:02 22942382                  /lib/x86_64-linux-gnu/libbsd.so.0.8.7
7f49639f4000-7f4963bf3000 ---p 00013000 103:02 22942382                  /lib/x86_64-linux-gnu/libbsd.so.0.8.7
7f4963bf3000-7f4963bf4000 r--p 00012000 103:02 22942382                  /lib/x86_64-linux-gnu/libbsd.so.0.8.7
7f4963bf4000-7f4963bf5000 rw-p 00013000 103:02 22942382                  /lib/x86_64-linux-gnu/libbsd.so.0.8.7
7f4963bf5000-7f4963bf6000 rw-p 00000000 00:00 0 
7f4963bf6000-7f4963bfb000 r-xp 00000000 103:02 9838055                   /usr/lib/x86_64-linux-gnu/libXdmcp.so.6.0.0
7f4963bfb000-7f4963dfa000 ---p 00005000 103:02 9838055                   /usr/lib/x86_64-linux-gnu/libXdmcp.so.6.0.0
7f4963dfa000-7f4963dfb000 r--p 00004000 103:02 9838055                   /usr/lib/x86_64-linux-gnu/libXdmcp.so.6.0.0
7f4963dfb000-7f4963dfc000 rw-p 00005000 103:02 9838055                   /usr/lib/x86_64-linux-gnu/libXdmcp.so.6.0.0
7f4963dfc000-7f4963dfe000 r-xp 00000000 103:02 9838044                   /usr/lib/x86_64-linux-gnu/libXau.so.6.0.0
7f4963dfe000-7f4963ffe000 ---p 00002000 103:02 9838044                   /usr/lib/x86_64-linux-gnu/libXau.so.6.0.0
7f4963ffe000-7f4963fff000 r--p 00002000 103:02 9838044                   /usr/lib/x86_64-linux-gnu/libXau.so.6.0.0
7f4963fff000-7f4964000000 rw-p 00003000 103:02 9838044                   /usr/lib/x86_64-linux-gnu/libXau.so.6.0.0
7f4964000000-7f4964021000 rw-p 00000000 00:00 0 
7f4964021000-7f4968000000 ---p 00000000 00:00 0 
7f4968003000-7f4968006000 rw-s 00000000 00:06 586                        /dev/nvidiactl
7f4968006000-7f4968019000 rw-s 00000000 00:06 586                        /dev/nvidiactl
7f4968019000-7f49681be000 rw-s 00000000 00:06 586                        /dev/nvidiactl
7f49681be000-7f49681e4000 r-xp 00000000 103:02 9840409                   /usr/lib/x86_64-linux-gnu/libxcb.so.1.1.0
7f49681e4000-7f49683e4000 ---p 00026000 103:02 9840409                   /usr/lib/x86_64-linux-gnu/libxcb.so.1.1.0
7f49683e4000-7f49683e5000 r--p 00026000 103:02 9840409                   /usr/lib/x86_64-linux-gnu/libxcb.so.1.1.0
7f49683e5000-7f49683e6000 rw-p 00027000 103:02 9840409                   /usr/lib/x86_64-linux-gnu/libxcb.so.1.1.0
7f49683e6000-7f4968519000 r-xp 00000000 103:02 9839217                   /usr/lib/x86_64-linux-gnu/libX11.so.6.3.0
7f4968519000-7f4968719000 ---p 00133000 103:02 9839217                   /usr/lib/x86_64-linux-gnu/libX11.so.6.3.0
7f4968719000-7f496871a000 r--p 00133000 103:02 9839217                   /usr/lib/x86_64-linux-gnu/libX11.so.6.3.0
7f496871a000-7f496871e000 rw-p 00134000 103:02 9839217                   /usr/lib/x86_64-linux-gnu/libX11.so.6.3.0
7f496871e000-7f4968761000 r-xp 00000000 103:02 15990816                  /tmp/lwjglsam/3.2.3-build-13/libglfw.so
7f4968761000-7f4968960000 ---p 00043000 103:02 15990816                  /tmp/lwjglsam/3.2.3-build-13/libglfw.so
7f4968960000-7f4968961000 r--p 00042000 103:02 15990816                  /tmp/lwjglsam/3.2.3-build-13/libglfw.so
7f4968961000-7f4968963000 rw-p 00043000 103:02 15990816                  /tmp/lwjglsam/3.2.3-build-13/libglfw.so
7f4968963000-7f4968984000 rw-p 00000000 00:00 0 
7f4968984000-7f49689d5000 r-xp 00000000 103:02 15990805                  /tmp/lwjglsam/3.2.3-build-13/liblwjgl.so
7f49689d5000-7f4968bd4000 ---p 00051000 103:02 15990805                  /tmp/lwjglsam/3.2.3-build-13/liblwjgl.so
7f4968bd4000-7f4968bd5000 r--p 00050000 103:02 15990805                  /tmp/lwjglsam/3.2.3-build-13/liblwjgl.so
7f4968bd5000-7f4968bd6000 rw-p 00051000 103:02 15990805                  /tmp/lwjglsam/3.2.3-build-13/liblwjgl.so
7f4968bd6000-7f496bbd7000 rw-p 00000000 00:00 0 
7f496bbd7000-7f496bbed000 r-xp 00000000 103:02 9839031                   /usr/lib/jvm/java-8-openjdk-amd64/jre/lib/amd64/libnet.so
7f496bbed000-7f496bdec000 ---p 00016000 103:02 9839031                   /usr/lib/jvm/java-8-openjdk-amd64/jre/lib/amd64/libnet.so
7f496bdec000-7f496bded000 r--p 00015000 103:02 9839031                   /usr/lib/jvm/java-8-openjdk-amd64/jre/lib/amd64/libnet.so
7f496bded000-7f496bdee000 rw-p 00016000 103:02 9839031                   /usr/lib/jvm/java-8-openjdk-amd64/jre/lib/amd64/libnet.so
7f496bdee000-7f496bdff000 r-xp 00000000 103:02 9839036                   /usr/lib/jvm/java-8-openjdk-amd64/jre/lib/amd64/libnio.so
7f496bdff000-7f496bffe000 ---p 00011000 103:02 9839036                   /usr/lib/jvm/java-8-openjdk-amd64/jre/lib/amd64/libnio.so
7f496bffe000-7f496bfff000 r--p 00010000 103:02 9839036                   /usr/lib/jvm/java-8-openjdk-amd64/jre/lib/amd64/libnio.so
7f496bfff000-7f496c000000 rw-p 00011000 103:02 9839036                   /usr/lib/jvm/java-8-openjdk-amd64/jre/lib/amd64/libnio.so
7f496c000000-7f496c021000 rw-p 00000000 00:00 0 
7f496c021000-7f4970000000 ---p 00000000 00:00 0 
7f4970002000-7f4970004000 rw-s 00000000 103:02 15728652                  /tmp/.glABpO3A (deleted)
7f4970004000-7f4970008000 rw-s 00000000 00:06 586                        /dev/nvidiactl
7f4970008000-7f4970009000 rw-s 00000000 00:06 587                        /dev/nvidia0
7f4970009000-7f497000b000 rw-s 00000000 00:06 586                        /dev/nvidiactl
7f497000b000-7f497000f000 rw-s 00000000 00:06 586                        /dev/nvidiactl
7f497000f000-7f4970010000 rw-s 00000000 00:06 587                        /dev/nvidia0
7f4970010000-7f4970030000 rw-s 00000000 00:06 586                        /dev/nvidiactl
7f4970030000-7f4970031000 rw-s 00000000 00:06 587                        /dev/nvidia0
7f4970031000-7f4970071000 rw-s 00000000 00:06 586                        /dev/nvidiactl
7f4970071000-7f4970091000 rw-s 00000000 00:06 586                        /dev/nvidiactl
7f4970091000-7f4970092000 rw-s 00000000 00:06 587                        /dev/nvidia0
7f4970092000-7f49700d2000 rw-s 00000000 00:06 586                        /dev/nvidiactl
7f49700f2000-7f49700f3000 rw-s 00000000 00:06 586                        /dev/nvidiactl
7f49700f3000-7f49700f4000 rw-s 00000000 00:06 586                        /dev/nvidiactl
7f49700f4000-7f49700f5000 rw-s 00000000 00:06 586                        /dev/nvidiactl
7f49700f5000-7f49700fc000 r--s 00000000 103:02 10095718                  /usr/lib/x86_64-linux-gnu/gconv/gconv-modules.cache
7f49700fc000-7f497010f000 r--s 00346000 103:02 9839324                   /usr/lib/jvm/java-8-openjdk-amd64/jre/lib/resources.jar
7f497010f000-7f4970110000 r--s 00002000 08:01 16253464                   /home/sam/Downloads/pngdecoder-1.0.jar
7f4970110000-7f4970111000 r--s 00022000 08:01 17960234                   /home/sam/Downloads/lwjgl-3.2.3/lwjgl-glfw/lwjgl-glfw-natives-linux-arm64.jar
7f4970111000-7f4970112000 r--s 00026000 08:01 17960235                   /home/sam/Downloads/lwjgl-3.2.3/lwjgl-glfw/lwjgl-glfw-natives-linux.jar
7f4970112000-7f4970115000 r--s 00018000 08:01 17960240                   /home/sam/Downloads/lwjgl-3.2.3/lwjgl-glfw/lwjgl-glfw.jar
7f4970115000-7f4970117000 r--s 0000d000 08:01 19795215                   /home/sam/Downloads/lwjgl-3.2.3/lwjgl-opengl/lwjgl-opengl-natives-linux-arm64.jar
7f4970117000-7f4970118000 r--s 00013000 08:01 19795216                   /home/sam/Downloads/lwjgl-3.2.3/lwjgl-opengl/lwjgl-opengl-natives-linux.jar
7f4970118000-7f4970123000 r--s 000da000 08:01 19795221                   /home/sam/Downloads/lwjgl-3.2.3/lwjgl-opengl/lwjgl-opengl.jar
7f4970123000-7f497012a000 r--s 00081000 08:01 16518147                   /home/sam/Downloads/lwjgl-3.2.3/lwjgl/lwjgl.jar
7f497012a000-7f497012f000 r--s 0003c000 103:02 9839214                   /usr/lib/jvm/java-8-openjdk-amd64/jre/lib/ext/sunjce_provider.jar
7f497012f000-7f4970130000 ---p 00000000 00:00 0 
7f4970130000-7f4970230000 rw-p 00000000 00:00 0 
7f4970230000-7f4970233000 ---p 00000000 00:00 0 
7f4970233000-7f4970331000 rw-p 00000000 00:00 0 
7f4970331000-7f4970332000 ---p 00000000 00:00 0 
7f4970332000-7f4970335000 ---p 00000000 00:00 0 
7f4970335000-7f4970432000 rw-p 00000000 00:00 0 
7f4970432000-7f4970433000 ---p 00000000 00:00 0 
7f4970433000-7f4970436000 ---p 00000000 00:00 0 
7f4970436000-7f4970533000 rw-p 00000000 00:00 0 
7f4970533000-7f4970534000 ---p 00000000 00:00 0 
7f4970534000-7f4970537000 ---p 00000000 00:00 0 
7f4970537000-7f4970634000 rw-p 00000000 00:00 0 
7f4970634000-7f4970635000 ---p 00000000 00:00 0 
7f4970635000-7f4970638000 ---p 00000000 00:00 0 
7f4970638000-7f4970735000 rw-p 00000000 00:00 0 
7f4970735000-7f4970738000 ---p 00000000 00:00 0 
7f4970738000-7f4970836000 rw-p 00000000 00:00 0 
7f4970836000-7f4971205000 r--p 00000000 103:02 9837060                   /usr/lib/locale/locale-archive
7f4971205000-7f4971208000 ---p 00000000 00:00 0 
7f4971208000-7f4971306000 rw-p 00000000 00:00 0 
7f4971306000-7f4971309000 ---p 00000000 00:00 0 
7f4971309000-7f4971407000 rw-p 00000000 00:00 0 
7f4971407000-7f4971408000 ---p 00000000 00:00 0 
7f4971408000-7f4973630000 rw-p 00000000 00:00 0 
7f4973630000-7f4973800000 r--s 03c5c000 103:02 9839328                   /usr/lib/jvm/java-8-openjdk-amd64/jre/lib/rt.jar
7f4973800000-7f4974000000 rw-p 00000000 00:00 0 
7f4974000000-7f4974021000 rw-p 00000000 00:00 0 
7f4974021000-7f4978000000 ---p 00000000 00:00 0 
7f4978000000-7f4978021000 rw-p 00000000 00:00 0 
7f4978021000-7f497c000000 ---p 00000000 00:00 0 
7f497c000000-7f497c021000 rw-p 00000000 00:00 0 
7f497c021000-7f4980000000 ---p 00000000 00:00 0 
7f4980000000-7f4980003000 r--s 00039000 103:02 9839215                   /usr/lib/jvm/java-8-openjdk-amd64/jre/lib/ext/sunpkcs11.jar
7f4980003000-7f4981000000 rw-p 00000000 00:00 0 
7f4981000000-7f4981390000 rwxp 00000000 00:00 0 
7f4981390000-7f4990000000 ---p 00000000 00:00 0 
7f4990000000-7f49916b5000 rw-p 00000000 00:00 0 
7f49916b5000-7f4994000000 ---p 00000000 00:00 0 
7f4994000000-7f4994001000 r--s 0000c000 08:01 16517972                   /home/sam/Downloads/lwjgl-3.2.3/lwjgl/lwjgl-natives-linux-arm64.jar
7f4994001000-7f4994002000 r--s 00012000 08:01 16517973                   /home/sam/Downloads/lwjgl-3.2.3/lwjgl/lwjgl-natives-linux.jar
7f4994002000-7f4994005000 r--s 0000f000 103:02 9839204                   /usr/lib/jvm/java-8-openjdk-amd64/jre/lib/ext/icedtea-sound.jar
7f4994005000-7f4994020000 r--s 001d6000 103:02 9839212                   /usr/lib/jvm/java-8-openjdk-amd64/jre/lib/ext/nashorn.jar
7f4994020000-7f4994240000 rw-p 00000000 00:00 0 
7f4994240000-7f4994241000 ---p 00000000 00:00 0 
7f4994241000-7f4994341000 rw-p 00000000 00:00 0 
7f4994341000-7f4994342000 ---p 00000000 00:00 0 
7f4994342000-7f4994442000 rw-p 00000000 00:00 0 
7f4994442000-7f4994443000 ---p 00000000 00:00 0 
7f4994443000-7f4994543000 rw-p 00000000 00:00 0 
7f4994543000-7f4994544000 ---p 00000000 00:00 0 
7f4994544000-7f4994644000 rw-p 00000000 00:00 0 
7f4994644000-7f4994645000 ---p 00000000 00:00 0 
7f4994645000-7f4994745000 rw-p 00000000 00:00 0 
7f4994745000-7f4994746000 ---p 00000000 00:00 0 
7f4994746000-7f4994846000 rw-p 00000000 00:00 0 
7f4994846000-7f4994847000 ---p 00000000 00:00 0 
7f4994847000-7f4994947000 rw-p 00000000 00:00 0 
7f4994947000-7f4994948000 ---p 00000000 00:00 0 
7f4994948000-7f4994a48000 rw-p 00000000 00:00 0 
7f4994a48000-7f4994a49000 ---p 00000000 00:00 0 
7f4994a49000-7f4994b49000 rw-p 00000000 00:00 0 
7f4994b49000-7f4994b4a000 ---p 00000000 00:00 0 
7f4994b4a000-7f4994cf1000 rw-p 00000000 00:00 0 
7f4994cf1000-7f49956b1000 ---p 00000000 00:00 0 
7f49956b1000-7f4995758000 rw-p 00000000 00:00 0 
7f4995758000-7f4996117000 ---p 00000000 00:00 0 
7f4996117000-7f499616b000 rw-p 00000000 00:00 0 
7f499616b000-7f499664b000 ---p 00000000 00:00 0 
7f499664b000-7f499665b000 rw-p 00000000 00:00 0 
7f499665b000-7f4996a0c000 ---p 00000000 00:00 0 
7f4996a0c000-7f4996a14000 r-xp 00000000 103:02 9839091                   /usr/lib/jvm/java-8-openjdk-amd64/jre/lib/amd64/libzip.so
7f4996a14000-7f4996c13000 ---p 00008000 103:02 9839091                   /usr/lib/jvm/java-8-openjdk-amd64/jre/lib/amd64/libzip.so
7f4996c13000-7f4996c14000 r--p 00007000 103:02 9839091                   /usr/lib/jvm/java-8-openjdk-amd64/jre/lib/amd64/libzip.so
7f4996c14000-7f4996c15000 rw-p 00008000 103:02 9839091                   /usr/lib/jvm/java-8-openjdk-amd64/jre/lib/amd64/libzip.so
7f4996c15000-7f4996c20000 r-xp 00000000 103:02 22942476                  /lib/x86_64-linux-gnu/libnss_files-2.27.so
7f4996c20000-7f4996e1f000 ---p 0000b000 103:02 22942476                  /lib/x86_64-linux-gnu/libnss_files-2.27.so
7f4996e1f000-7f4996e20000 r--p 0000a000 103:02 22942476                  /lib/x86_64-linux-gnu/libnss_files-2.27.so
7f4996e20000-7f4996e21000 rw-p 0000b000 103:02 22942476                  /lib/x86_64-linux-gnu/libnss_files-2.27.so
7f4996e21000-7f4996e27000 rw-p 00000000 00:00 0 
7f4996e27000-7f4996e3e000 r-xp 00000000 103:02 22942470                  /lib/x86_64-linux-gnu/libnsl-2.27.so
7f4996e3e000-7f499703d000 ---p 00017000 103:02 22942470                  /lib/x86_64-linux-gnu/libnsl-2.27.so
7f499703d000-7f499703e000 r--p 00016000 103:02 22942470                  /lib/x86_64-linux-gnu/libnsl-2.27.so
7f499703e000-7f499703f000 rw-p 00017000 103:02 22942470                  /lib/x86_64-linux-gnu/libnsl-2.27.so
7f499703f000-7f4997041000 rw-p 00000000 00:00 0 
7f4997041000-7f499704c000 r-xp 00000000 103:02 22942487                  /lib/x86_64-linux-gnu/libnss_nis-2.27.so
7f499704c000-7f499724b000 ---p 0000b000 103:02 22942487                  /lib/x86_64-linux-gnu/libnss_nis-2.27.so
7f499724b000-7f499724c000 r--p 0000a000 103:02 22942487                  /lib/x86_64-linux-gnu/libnss_nis-2.27.so
7f499724c000-7f499724d000 rw-p 0000b000 103:02 22942487                  /lib/x86_64-linux-gnu/libnss_nis-2.27.so
7f499724d000-7f4997255000 r-xp 00000000 103:02 22942472                  /lib/x86_64-linux-gnu/libnss_compat-2.27.so
7f4997255000-7f4997455000 ---p 00008000 103:02 22942472                  /lib/x86_64-linux-gnu/libnss_compat-2.27.so
7f4997455000-7f4997456000 r--p 00008000 103:02 22942472                  /lib/x86_64-linux-gnu/libnss_compat-2.27.so
7f4997456000-7f4997457000 rw-p 00009000 103:02 22942472                  /lib/x86_64-linux-gnu/libnss_compat-2.27.so
7f4997457000-7f4997481000 r-xp 00000000 103:02 9838982                   /usr/lib/jvm/java-8-openjdk-amd64/jre/lib/amd64/libjava.so
7f4997481000-7f4997680000 ---p 0002a000 103:02 9838982                   /usr/lib/jvm/java-8-openjdk-amd64/jre/lib/amd64/libjava.so
7f4997680000-7f4997681000 r--p 00029000 103:02 9838982                   /usr/lib/jvm/java-8-openjdk-amd64/jre/lib/amd64/libjava.so
7f4997681000-7f4997683000 rw-p 0002a000 103:02 9838982                   /usr/lib/jvm/java-8-openjdk-amd64/jre/lib/amd64/libjava.so
7f4997683000-7f4997693000 r-xp 00000000 103:02 9839073                   /usr/lib/jvm/java-8-openjdk-amd64/jre/lib/amd64/libverify.so
7f4997693000-7f4997892000 ---p 00010000 103:02 9839073                   /usr/lib/jvm/java-8-openjdk-amd64/jre/lib/amd64/libverify.so
7f4997892000-7f4997894000 r--p 0000f000 103:02 9839073                   /usr/lib/jvm/java-8-openjdk-amd64/jre/lib/amd64/libverify.so
7f4997894000-7f4997895000 rw-p 00011000 103:02 9839073                   /usr/lib/jvm/java-8-openjdk-amd64/jre/lib/amd64/libverify.so
7f4997895000-7f499789c000 r-xp 00000000 103:02 22942527                  /lib/x86_64-linux-gnu/librt-2.27.so
7f499789c000-7f4997a9b000 ---p 00007000 103:02 22942527                  /lib/x86_64-linux-gnu/librt-2.27.so
7f4997a9b000-7f4997a9c000 r--p 00006000 103:02 22942527                  /lib/x86_64-linux-gnu/librt-2.27.so
7f4997a9c000-7f4997a9d000 rw-p 00007000 103:02 22942527                  /lib/x86_64-linux-gnu/librt-2.27.so
7f4997a9d000-7f4997ab4000 r-xp 00000000 103:02 22937606                  /lib/x86_64-linux-gnu/libgcc_s.so.1
7f4997ab4000-7f4997cb3000 ---p 00017000 103:02 22937606                  /lib/x86_64-linux-gnu/libgcc_s.so.1
7f4997cb3000-7f4997cb4000 r--p 00016000 103:02 22937606                  /lib/x86_64-linux-gnu/libgcc_s.so.1
7f4997cb4000-7f4997cb5000 rw-p 00017000 103:02 22937606                  /lib/x86_64-linux-gnu/libgcc_s.so.1
7f4997cb5000-7f4997e52000 r-xp 00000000 103:02 22942449                  /lib/x86_64-linux-gnu/libm-2.27.so
7f4997e52000-7f4998051000 ---p 0019d000 103:02 22942449                  /lib/x86_64-linux-gnu/libm-2.27.so
7f4998051000-7f4998052000 r--p 0019c000 103:02 22942449                  /lib/x86_64-linux-gnu/libm-2.27.so
7f4998052000-7f4998053000 rw-p 0019d000 103:02 22942449                  /lib/x86_64-linux-gnu/libm-2.27.so
7f4998053000-7f49981cc000 r-xp 00000000 103:02 9830530                   /usr/lib/x86_64-linux-gnu/libstdc++.so.6.0.25
7f49981cc000-7f49983cc000 ---p 00179000 103:02 9830530                   /usr/lib/x86_64-linux-gnu/libstdc++.so.6.0.25
7f49983cc000-7f49983d6000 r--p 00179000 103:02 9830530                   /usr/lib/x86_64-linux-gnu/libstdc++.so.6.0.25
7f49983d6000-7f49983d8000 rw-p 00183000 103:02 9830530                   /usr/lib/x86_64-linux-gnu/libstdc++.so.6.0.25
7f49983d8000-7f49983dc000 rw-p 00000000 00:00 0 
7f49983dc000-7f499907b000 r-xp 00000000 103:02 9839139                   /usr/lib/jvm/java-8-openjdk-amd64/jre/lib/amd64/server/libjvm.so
7f499907b000-7f499927b000 ---p 00c9f000 103:02 9839139                   /usr/lib/jvm/java-8-openjdk-amd64/jre/lib/amd64/server/libjvm.so
7f499927b000-7f499930f000 r--p 00c9f000 103:02 9839139                   /usr/lib/jvm/java-8-openjdk-amd64/jre/lib/amd64/server/libjvm.so
7f499930f000-7f4999338000 rw-p 00d33000 103:02 9839139                   /usr/lib/jvm/java-8-openjdk-amd64/jre/lib/amd64/server/libjvm.so
7f4999338000-7f4999368000 rw-p 00000000 00:00 0 
7f4999368000-7f4999382000 r-xp 00000000 103:02 22942519                  /lib/x86_64-linux-gnu/libpthread-2.27.so
7f4999382000-7f4999581000 ---p 0001a000 103:02 22942519                  /lib/x86_64-linux-gnu/libpthread-2.27.so
7f4999581000-7f4999582000 r--p 00019000 103:02 22942519                  /lib/x86_64-linux-gnu/libpthread-2.27.so
7f4999582000-7f4999583000 rw-p 0001a000 103:02 22942519                  /lib/x86_64-linux-gnu/libpthread-2.27.so
7f4999583000-7f4999587000 rw-p 00000000 00:00 0 
7f4999587000-7f499958a000 r-xp 00000000 103:02 22942409                  /lib/x86_64-linux-gnu/libdl-2.27.so
7f499958a000-7f4999789000 ---p 00003000 103:02 22942409                  /lib/x86_64-linux-gnu/libdl-2.27.so
7f4999789000-7f499978a000 r--p 00002000 103:02 22942409                  /lib/x86_64-linux-gnu/libdl-2.27.so
7f499978a000-7f499978b000 rw-p 00003000 103:02 22942409                  /lib/x86_64-linux-gnu/libdl-2.27.so
7f499978b000-7f49997a7000 r-xp 00000000 103:02 22942558                  /lib/x86_64-linux-gnu/libz.so.1.2.11
7f49997a7000-7f49999a6000 ---p 0001c000 103:02 22942558                  /lib/x86_64-linux-gnu/libz.so.1.2.11
7f49999a6000-7f49999a7000 r--p 0001b000 103:02 22942558                  /lib/x86_64-linux-gnu/libz.so.1.2.11
7f49999a7000-7f49999a8000 rw-p 0001c000 103:02 22942558                  /lib/x86_64-linux-gnu/libz.so.1.2.11
7f49999a8000-7f4999b8f000 r-xp 00000000 103:02 22942386                  /lib/x86_64-linux-gnu/libc-2.27.so
7f4999b8f000-7f4999d8f000 ---p 001e7000 103:02 22942386                  /lib/x86_64-linux-gnu/libc-2.27.so
7f4999d8f000-7f4999d93000 r--p 001e7000 103:02 22942386                  /lib/x86_64-linux-gnu/libc-2.27.so
7f4999d93000-7f4999d95000 rw-p 001eb000 103:02 22942386                  /lib/x86_64-linux-gnu/libc-2.27.so
7f4999d95000-7f4999d99000 rw-p 00000000 00:00 0 
7f4999d99000-7f4999da7000 r-xp 00000000 103:02 9838942                   /usr/lib/jvm/java-8-openjdk-amd64/jre/lib/amd64/jli/libjli.so
7f4999da7000-7f4999fa6000 ---p 0000e000 103:02 9838942                   /usr/lib/jvm/java-8-openjdk-amd64/jre/lib/amd64/jli/libjli.so
7f4999fa6000-7f4999fa7000 r--p 0000d000 103:02 9838942                   /usr/lib/jvm/java-8-openjdk-amd64/jre/lib/amd64/jli/libjli.so
7f4999fa7000-7f4999fa8000 rw-p 0000e000 103:02 9838942                   /usr/lib/jvm/java-8-openjdk-amd64/jre/lib/amd64/jli/libjli.so
7f4999fa8000-7f4999fcf000 r-xp 00000000 103:02 22942358                  /lib/x86_64-linux-gnu/ld-2.27.so
7f4999fcf000-7f4999fd0000 r--s 0000a000 103:02 9839205                   /usr/lib/jvm/java-8-openjdk-amd64/jre/lib/ext/jaccess.jar
7f4999fd0000-7f4999feb000 r--s 00394000 103:02 9839202                   /usr/lib/jvm/java-8-openjdk-amd64/jre/lib/ext/cldrdata.jar
7f4999feb000-7f499a0b0000 rw-p 00000000 00:00 0 
7f499a0b0000-7f499a0b1000 ---p 00000000 00:00 0 
7f499a0b1000-7f499a0b4000 ---p 00000000 00:00 0 
7f499a0b4000-7f499a1b3000 rw-p 00000000 00:00 0 
7f499a1b3000-7f499a1b5000 r--s 00001000 103:02 9839203                   /usr/lib/jvm/java-8-openjdk-amd64/jre/lib/ext/dnsns.jar
7f499a1b5000-7f499a1bf000 r--s 00116000 103:02 9839206                   /usr/lib/jvm/java-8-openjdk-amd64/jre/lib/ext/localedata.jar
7f499a1bf000-7f499a1c1000 r--s 00007000 103:02 10224650                  /usr/share/java/java-atk-wrapper.jar
7f499a1c1000-7f499a1c2000 r--s 0000d000 103:02 9839213                   /usr/lib/jvm/java-8-openjdk-amd64/jre/lib/ext/sunec.jar
7f499a1c2000-7f499a1c3000 r--s 00010000 103:02 9839216                   /usr/lib/jvm/java-8-openjdk-amd64/jre/lib/ext/zipfs.jar
7f499a1c3000-7f499a1cb000 rw-s 00000000 103:02 15990796                  /tmp/hsperfdata_sam/9986
7f499a1cb000-7f499a1cc000 rw-p 00000000 00:00 0 
7f499a1cc000-7f499a1cd000 r--p 00000000 00:00 0 
7f499a1cd000-7f499a1cf000 rw-p 00000000 00:00 0 
7f499a1cf000-7f499a1d0000 r--p 00027000 103:02 22942358                  /lib/x86_64-linux-gnu/ld-2.27.so
7f499a1d0000-7f499a1d1000 rw-p 00028000 103:02 22942358                  /lib/x86_64-linux-gnu/ld-2.27.so
7f499a1d1000-7f499a1d2000 rw-p 00000000 00:00 0 
7ffcd45f6000-7ffcd4617000 rw-p 00000000 00:00 0                          [stack]
7ffcd47df000-7ffcd47e2000 r--p 00000000 00:00 0                          [vvar]
7ffcd47e2000-7ffcd47e3000 r-xp 00000000 00:00 0                          [vdso]
ffffffffff600000-ffffffffff601000 --xp 00000000 00:00 0                  [vsyscall]

VM Arguments:
jvm_args: -Dfile.encoding=UTF-8 
java_command: main.Main
java_class_path (initial): /home/sam/Downloads/lwjgl-3.2.3/lwjgl/lwjgl.jar:/home/sam/Downloads/lwjgl-3.2.3/lwjgl/lwjgl-natives-linux.jar:/home/sam/Downloads/lwjgl-3.2.3/lwjgl/lwjgl-natives-linux-arm64.jar:/home/sam/Downloads/lwjgl-3.2.3/lwjgl-opengl/lwjgl-opengl.jar:/home/sam/Downloads/lwjgl-3.2.3/lwjgl-opengl/lwjgl-opengl-natives-linux.jar:/home/sam/Downloads/lwjgl-3.2.3/lwjgl-opengl/lwjgl-opengl-natives-linux-arm64.jar:/home/sam/Downloads/lwjgl-3.2.3/lwjgl-glfw/lwjgl-glfw.jar:/home/sam/Downloads/lwjgl-3.2.3/lwjgl-glfw/lwjgl-glfw-natives-linux.jar:/home/sam/Downloads/lwjgl-3.2.3/lwjgl-glfw/lwjgl-glfw-natives-linux-arm64.jar:/home/sam/Downloads/pngdecoder-1.0.jar:/home/sam/eclipse/workspace/LWJGL-ENGINE/bin
Launcher Type: SUN_STANDARD

Environment Variables:
PATH=/usr/local/sbin:/usr/local/bin:/usr/sbin:/usr/bin:/sbin:/bin:/usr/games:/usr/local/games:/snap/bin
USERNAME=sam
SHELL=/bin/bash
DISPLAY=:0

Signal Handlers:
SIGSEGV: [libjvm.so+0xab92f0], sa_mask[0]=11111111011111111101111111111110, sa_flags=SA_RESTART|SA_SIGINFO
SIGBUS: [libjvm.so+0xab92f0], sa_mask[0]=11111111011111111101111111111110, sa_flags=SA_RESTART|SA_SIGINFO
SIGFPE: [libjvm.so+0x8ee560], sa_mask[0]=11111111011111111101111111111110, sa_flags=SA_RESTART|SA_SIGINFO
SIGPIPE: [libjvm.so+0x8ee560], sa_mask[0]=11111111011111111101111111111110, sa_flags=SA_RESTART|SA_SIGINFO
SIGXFSZ: [libjvm.so+0x8ee560], sa_mask[0]=11111111011111111101111111111110, sa_flags=SA_RESTART|SA_SIGINFO
SIGILL: [libjvm.so+0x8ee560], sa_mask[0]=11111111011111111101111111111110, sa_flags=SA_RESTART|SA_SIGINFO
SIGUSR1: SIG_DFL, sa_mask[0]=00000000000000000000000000000000, sa_flags=none
SIGUSR2: [libjvm.so+0x8ee410], sa_mask[0]=00100000000000000000000000000000, sa_flags=SA_RESTART|SA_SIGINFO
SIGHUP: [libjvm.so+0x8eea80], sa_mask[0]=11111111011111111101111111111110, sa_flags=SA_RESTART|SA_SIGINFO
SIGINT: [libjvm.so+0x8eea80], sa_mask[0]=11111111011111111101111111111110, sa_flags=SA_RESTART|SA_SIGINFO
SIGTERM: [libjvm.so+0x8eea80], sa_mask[0]=11111111011111111101111111111110, sa_flags=SA_RESTART|SA_SIGINFO
SIGQUIT: [libjvm.so+0x8eea80], sa_mask[0]=11111111011111111101111111111110, sa_flags=SA_RESTART|SA_SIGINFO


---------------  S Y S T E M  ---------------

OS:DISTRIB_ID=Ubuntu
DISTRIB_RELEASE=18.04
DISTRIB_CODENAME=bionic
DISTRIB_DESCRIPTION="Ubuntu 18.04.3 LTS"

uname:Linux 5.3.0-23-generic #25~18.04.1-Ubuntu SMP Tue Nov 12 10:58:57 UTC 2019 x86_64
libc:glibc 2.27 NPTL 2.27 
rlimit: STACK 8192k, CORE 0k, NPROC 127596, NOFILE 1048576, AS infinity
load average:0.75 0.74 0.54

/proc/meminfo:
MemTotal:       32713520 kB
MemFree:        28707768 kB
MemAvailable:   29405804 kB
Buffers:           81224 kB
Cached:          1213672 kB
SwapCached:            0 kB
Active:          2840112 kB
Inactive:         741088 kB
Active(anon):    2328620 kB
Inactive(anon):   218308 kB
Active(file):     511492 kB
Inactive(file):   522780 kB
Unevictable:       41084 kB
Mlocked:             144 kB
SwapTotal:       2097148 kB
SwapFree:        2097148 kB
Dirty:               200 kB
Writeback:             0 kB
AnonPages:       2327680 kB
Mapped:           653252 kB
Shmem:            260632 kB
KReclaimable:      66204 kB
Slab:             150636 kB
SReclaimable:      66204 kB
SUnreclaim:        84432 kB
KernelStack:       17760 kB
PageTables:        56680 kB
NFS_Unstable:          0 kB
Bounce:                0 kB
WritebackTmp:          0 kB
CommitLimit:    18453908 kB
Committed_AS:    9099328 kB
VmallocTotal:   34359738367 kB
VmallocUsed:       61464 kB
VmallocChunk:          0 kB
Percpu:             5760 kB
HardwareCorrupted:     0 kB
AnonHugePages:         0 kB
ShmemHugePages:        0 kB
ShmemPmdMapped:        0 kB
CmaTotal:              0 kB
CmaFree:               0 kB
HugePages_Total:       0
HugePages_Free:        0
HugePages_Rsvd:        0
HugePages_Surp:        0
Hugepagesize:       2048 kB
Hugetlb:               0 kB
DirectMap4k:      330400 kB
DirectMap2M:     6836224 kB
DirectMap1G:    26214400 kB

container (cgroup) information:
container_type: cgroupv1
cpu_cpuset_cpus: 0-11
cpu_memory_nodes: 0
active_processor_count: 12
cpu_quota: -1
cpu_period: 100000
cpu_shares: -1
memory_limit_in_bytes: -1
memory_and_swap_limit_in_bytes: -2
memory_soft_limit_in_bytes: -1
memory_usage_in_bytes: 3709190144
memory_max_usage_in_bytes: 0


CPU:total 12 (initial active 12) (6 cores per cpu, 2 threads per core) family 6 model 158 stepping 10, cmov, cx8, fxsr, mmx, sse, sse2, sse3, ssse3, sse4.1, sse4.2, popcnt, avx, avx2, aes, clmul, erms, 3dnowpref, lzcnt, ht, tsc, tscinvbit, bmi1, bmi2, adx

/proc/cpuinfo:
processor	: 0
vendor_id	: GenuineIntel
cpu family	: 6
model		: 158
model name	: Intel(R) Core(TM) i7-8750H CPU @ 2.20GHz
stepping	: 10
microcode	: 0xca
cpu MHz		: 3900.014
cache size	: 9216 KB
physical id	: 0
siblings	: 12
core id		: 0
cpu cores	: 6
apicid		: 0
initial apicid	: 0
fpu		: yes
fpu_exception	: yes
cpuid level	: 22
wp		: yes
flags		: fpu vme de pse tsc msr pae mce cx8 apic sep mtrr pge mca cmov pat pse36 clflush dts acpi mmx fxsr sse sse2 ss ht tm pbe syscall nx pdpe1gb rdtscp lm constant_tsc art arch_perfmon pebs bts rep_good nopl xtopology nonstop_tsc cpuid aperfmperf pni pclmulqdq dtes64 monitor ds_cpl vmx est tm2 ssse3 sdbg fma cx16 xtpr pdcm pcid sse4_1 sse4_2 x2apic movbe popcnt tsc_deadline_timer aes xsave avx f16c rdrand lahf_lm abm 3dnowprefetch cpuid_fault epb invpcid_single pti ssbd ibrs ibpb stibp tpr_shadow vnmi flexpriority ept vpid ept_ad fsgsbase tsc_adjust bmi1 avx2 smep bmi2 erms invpcid mpx rdseed adx smap clflushopt intel_pt xsaveopt xsavec xgetbv1 xsaves dtherm ida arat pln pts hwp hwp_notify hwp_act_window hwp_epp md_clear flush_l1d
bugs		: cpu_meltdown spectre_v1 spectre_v2 spec_store_bypass l1tf mds swapgs itlb_multihit
bogomips	: 4399.99
clflush size	: 64
cache_alignment	: 64
address sizes	: 39 bits physical, 48 bits virtual
power management:

processor	: 1
vendor_id	: GenuineIntel
cpu family	: 6
model		: 158
model name	: Intel(R) Core(TM) i7-8750H CPU @ 2.20GHz
stepping	: 10
microcode	: 0xca
cpu MHz		: 3820.505
cache size	: 9216 KB
physical id	: 0
siblings	: 12
core id		: 1
cpu cores	: 6
apicid		: 2
initial apicid	: 2
fpu		: yes
fpu_exception	: yes
cpuid level	: 22
wp		: yes
flags		: fpu vme de pse tsc msr pae mce cx8 apic sep mtrr pge mca cmov pat pse36 clflush dts acpi mmx fxsr sse sse2 ss ht tm pbe syscall nx pdpe1gb rdtscp lm constant_tsc art arch_perfmon pebs bts rep_good nopl xtopology nonstop_tsc cpuid aperfmperf pni pclmulqdq dtes64 monitor ds_cpl vmx est tm2 ssse3 sdbg fma cx16 xtpr pdcm pcid sse4_1 sse4_2 x2apic movbe popcnt tsc_deadline_timer aes xsave avx f16c rdrand lahf_lm abm 3dnowprefetch cpuid_fault epb invpcid_single pti ssbd ibrs ibpb stibp tpr_shadow vnmi flexpriority ept vpid ept_ad fsgsbase tsc_adjust bmi1 avx2 smep bmi2 erms invpcid mpx rdseed adx smap clflushopt intel_pt xsaveopt xsavec xgetbv1 xsaves dtherm ida arat pln pts hwp hwp_notify hwp_act_window hwp_epp md_clear flush_l1d
bugs		: cpu_meltdown spectre_v1 spectre_v2 spec_store_bypass l1tf mds swapgs itlb_multihit
bogomips	: 4399.99
clflush size	: 64
cache_alignment	: 64
address sizes	: 39 bits physical, 48 bits virtual
power management:

processor	: 2
vendor_id	: GenuineIntel
cpu family	: 6
model		: 158
model name	: Intel(R) Core(TM) i7-8750H CPU @ 2.20GHz
stepping	: 10
microcode	: 0xca
cpu MHz		: 3207.753
cache size	: 9216 KB
physical id	: 0
siblings	: 12
core id		: 2
cpu cores	: 6
apicid		: 4
initial apicid	: 4
fpu		: yes
fpu_exception	: yes
cpuid level	: 22
wp		: yes
flags		: fpu vme de pse tsc msr pae mce cx8 apic sep mtrr pge mca cmov pat pse36 clflush dts acpi mmx fxsr sse sse2 ss ht tm pbe syscall nx pdpe1gb rdtscp lm constant_tsc art arch_perfmon pebs bts rep_good nopl xtopology nonstop_tsc cpuid aperfmperf pni pclmulqdq dtes64 monitor ds_cpl vmx est tm2 ssse3 sdbg fma cx16 xtpr pdcm pcid sse4_1 sse4_2 x2apic movbe popcnt tsc_deadline_timer aes xsave avx f16c rdrand lahf_lm abm 3dnowprefetch cpuid_fault epb invpcid_single pti ssbd ibrs ibpb stibp tpr_shadow vnmi flexpriority ept vpid ept_ad fsgsbase tsc_adjust bmi1 avx2 smep bmi2 erms invpcid mpx rdseed adx smap clflushopt intel_pt xsaveopt xsavec xgetbv1 xsaves dtherm ida arat pln pts hwp hwp_notify hwp_act_window hwp_epp md_clear flush_l1d
bugs		: cpu_meltdown spectre_v1 spectre_v2 spec_store_bypass l1tf mds swapgs itlb_multihit
bogomips	: 4399.99
clflush size	: 64
cache_alignment	: 64
address sizes	: 39 bits physical, 48 bits virtual
power management:

processor	: 3
vendor_id	: GenuineIntel
cpu family	: 6
model		: 158
model name	: Intel(R) Core(TM) i7-8750H CPU @ 2.20GHz
stepping	: 10
microcode	: 0xca
cpu MHz		: 3058.857
cache size	: 9216 KB
physical id	: 0
siblings	: 12
core id		: 3
cpu cores	: 6
apicid		: 6
initial apicid	: 6
fpu		: yes
fpu_exception	: yes
cpuid level	: 22
wp		: yes
flags		: fpu vme de pse tsc msr pae mce cx8 apic sep mtrr pge mca cmov pat pse36 clflush dts acpi mmx fxsr sse sse2 ss ht tm pbe syscall nx pdpe1gb rdtscp lm constant_tsc art arch_perfmon pebs bts rep_good nopl xtopology nonstop_tsc cpuid aperfmperf pni pclmulqdq dtes64 monitor ds_cpl vmx est tm2 ssse3 sdbg fma cx16 xtpr pdcm pcid sse4_1 sse4_2 x2apic movbe popcnt tsc_deadline_timer aes xsave avx f16c rdrand lahf_lm abm 3dnowprefetch cpuid_fault epb invpcid_single pti ssbd ibrs ibpb stibp tpr_shadow vnmi flexpriority ept vpid ept_ad fsgsbase tsc_adjust bmi1 avx2 smep bmi2 erms invpcid mpx rdseed adx smap clflushopt intel_pt xsaveopt xsavec xgetbv1 xsaves dtherm ida arat pln pts hwp hwp_notify hwp_act_window hwp_epp md_clear flush_l1d
bugs		: cpu_meltdown spectre_v1 spectre_v2 spec_store_bypass l1tf mds swapgs itlb_multihit
bogomips	: 4399.99
clflush size	: 64
cache_alignment	: 64
address sizes	: 39 bits physical, 48 bits virtual
power management:

processor	: 4
vendor_id	: GenuineIntel
cpu family	: 6
model		: 158
model name	: Intel(R) Core(TM) i7-8750H CPU @ 2.20GHz
stepping	: 10
microcode	: 0xca
cpu MHz		: 3904.490
cache size	: 9216 KB
physical id	: 0
siblings	: 12
core id		: 4
cpu cores	: 6
apicid		: 8
initial apicid	: 8
fpu		: yes
fpu_exception	: yes
cpuid level	: 22
wp		: yes
flags		: fpu vme de pse tsc msr pae mce cx8 apic sep mtrr pge mca cmov pat pse36 clflush dts acpi mmx fxsr sse sse2 ss ht tm pbe syscall nx pdpe1gb rdtscp lm constant_tsc art arch_perfmon pebs bts rep_good nopl xtopology nonstop_tsc cpuid aperfmperf pni pclmulqdq dtes64 monitor ds_cpl vmx est tm2 ssse3 sdbg fma cx16 xtpr pdcm pcid sse4_1 sse4_2 x2apic movbe popcnt tsc_deadline_timer aes xsave avx f16c rdrand lahf_lm abm 3dnowprefetch cpuid_fault epb invpcid_single pti ssbd ibrs ibpb stibp tpr_shadow vnmi flexpriority ept vpid ept_ad fsgsbase tsc_adjust bmi1 avx2 smep bmi2 erms invpcid mpx rdseed adx smap clflushopt intel_pt xsaveopt xsavec xgetbv1 xsaves dtherm ida arat pln pts hwp hwp_notify hwp_act_window hwp_epp md_clear flush_l1d
bugs		: cpu_meltdown spectre_v1 spectre_v2 spec_store_bypass l1tf mds swapgs itlb_multihit
bogomips	: 4399.99
clflush size	: 64
cache_alignment	: 64
address sizes	: 39 bits physical, 48 bits virtual
power management:

processor	: 5
vendor_id	: GenuineIntel
cpu family	: 6
model		: 158
model name	: Intel(R) Core(TM) i7-8750H CPU @ 2.20GHz
stepping	: 10
microcode	: 0xca
cpu MHz		: 3900.103
cache size	: 9216 KB
physical id	: 0
siblings	: 12
core id		: 5
cpu cores	: 6
apicid		: 10
initial apicid	: 10
fpu		: yes
fpu_exception	: yes
cpuid level	: 22
wp		: yes
flags		: fpu vme de pse tsc msr pae mce cx8 apic sep mtrr pge mca cmov pat pse36 clflush dts acpi mmx fxsr sse sse2 ss ht tm pbe syscall nx pdpe1gb rdtscp lm constant_tsc art arch_perfmon pebs bts rep_good nopl xtopology nonstop_tsc cpuid aperfmperf pni pclmulqdq dtes64 monitor ds_cpl vmx est tm2 ssse3 sdbg fma cx16 xtpr pdcm pcid sse4_1 sse4_2 x2apic movbe popcnt tsc_deadline_timer aes xsave avx f16c rdrand lahf_lm abm 3dnowprefetch cpuid_fault epb invpcid_single pti ssbd ibrs ibpb stibp tpr_shadow vnmi flexpriority ept vpid ept_ad fsgsbase tsc_adjust bmi1 avx2 smep bmi2 erms invpcid mpx rdseed adx smap clflushopt intel_pt xsaveopt xsavec xgetbv1 xsaves dtherm ida arat pln pts hwp hwp_notify hwp_act_window hwp_epp md_clear flush_l1d
bugs		: cpu_meltdown spectre_v1 spectre_v2 spec_store_bypass l1tf mds swapgs itlb_multihit
bogomips	: 4399.99
clflush size	: 64
cache_alignment	: 64
address sizes	: 39 bits physical, 48 bits virtual
power management:

processor	: 6
vendor_id	: GenuineIntel
cpu family	: 6
model		: 158
model name	: Intel(R) Core(TM) i7-8750H CPU @ 2.20GHz
stepping	: 10
microcode	: 0xca
cpu MHz		: 3901.591
cache size	: 9216 KB
physical id	: 0
siblings	: 12
core id		: 0
cpu cores	: 6
apicid		: 1
initial apicid	: 1
fpu		: yes
fpu_exception	: yes
cpuid level	: 22
wp		: yes
flags		: fpu vme de pse tsc msr pae mce cx8 apic sep mtrr pge mca cmov pat pse36 clflush dts acpi mmx fxsr sse sse2 ss ht tm pbe syscall nx pdpe1gb rdtscp lm constant_tsc art arch_perfmon pebs bts rep_good nopl xtopology nonstop_tsc cpuid aperfmperf pni pclmulqdq dtes64 monitor ds_cpl vmx est tm2 ssse3 sdbg fma cx16 xtpr pdcm pcid sse4_1 sse4_2 x2apic movbe popcnt tsc_deadline_timer aes xsave avx f16c rdrand lahf_lm abm 3dnowprefetch cpuid_fault epb invpcid_single pti ssbd ibrs ibpb stibp tpr_shadow vnmi flexpriority ept vpid ept_ad fsgsbase tsc_adjust bmi1 avx2 smep bmi2 erms invpcid mpx rdseed adx smap clflushopt intel_pt xsaveopt xsavec xgetbv1 xsaves dtherm ida arat pln pts hwp hwp_notify hwp_act_window hwp_epp md_clear flush_l1d
bugs		: cpu_meltdown spectre_v1 spectre_v2 spec_store_bypass l1tf mds swapgs itlb_multihit
bogomips	: 4399.99
clflush size	: 64
cache_alignment	: 64
address sizes	: 39 bits physical, 48 bits virtual
power management:

processor	: 7
vendor_id	: GenuineIntel
cpu family	: 6
model		: 158
model name	: Intel(R) Core(TM) i7-8750H CPU @ 2.20GHz
stepping	: 10
microcode	: 0xca
cpu MHz		: 3900.216
cache size	: 9216 KB
physical id	: 0
siblings	: 12
core id		: 1
cpu cores	: 6
apicid		: 3
initial apicid	: 3
fpu		: yes
fpu_exception	: yes
cpuid level	: 22
wp		: yes
flags		: fpu vme de pse tsc msr pae mce cx8 apic sep mtrr pge mca cmov pat pse36 clflush dts acpi mmx fxsr sse sse2 ss ht tm pbe syscall nx pdpe1gb rdtscp lm constant_tsc art arch_perfmon pebs bts rep_good nopl xtopology nonstop_tsc cpuid aperfmperf pni pclmulqdq dtes64 monitor ds_cpl vmx est tm2 ssse3 sdbg fma cx16 xtpr pdcm pcid sse4_1 sse4_2 x2apic movbe popcnt tsc_deadline_timer aes xsave avx f16c rdrand lahf_lm abm 3dnowprefetch cpuid_fault epb invpcid_single pti ssbd ibrs ibpb stibp tpr_shadow vnmi flexpriority ept vpid ept_ad fsgsbase tsc_adjust bmi1 avx2 smep bmi2 erms invpcid mpx rdseed adx smap clflushopt intel_pt xsaveopt xsavec xgetbv1 xsaves dtherm ida arat pln pts hwp hwp_notify hwp_act_window hwp_epp md_clear flush_l1d
bugs		: cpu_meltdown spectre_v1 spectre_v2 spec_store_bypass l1tf mds swapgs itlb_multihit
bogomips	: 4399.99
clflush size	: 64
cache_alignment	: 64
address sizes	: 39 bits physical, 48 bits virtual
power management:

processor	: 8
vendor_id	: GenuineIntel
cpu family	: 6
model		: 158
model name	: Intel(R) Core(TM) i7-8750H CPU @ 2.20GHz
stepping	: 10
microcode	: 0xca
cpu MHz		: 3899.900
cache size	: 9216 KB
physical id	: 0
siblings	: 12
core id		: 2
cpu cores	: 6
apicid		: 5
initial apicid	: 5
fpu		: yes
fpu_exception	: yes
cpuid level	: 22
wp		: yes
flags		: fpu vme de pse tsc msr pae mce cx8 apic sep mtrr pge mca cmov pat pse36 clflush dts acpi mmx fxsr sse sse2 ss ht tm pbe syscall nx pdpe1gb rdtscp lm constant_tsc art arch_perfmon pebs bts rep_good nopl xtopology nonstop_tsc cpuid aperfmperf pni pclmulqdq dtes64 monitor ds_cpl vmx est tm2 ssse3 sdbg fma cx16 xtpr pdcm pcid sse4_1 sse4_2 x2apic movbe popcnt tsc_deadline_timer aes xsave avx f16c rdrand lahf_lm abm 3dnowprefetch cpuid_fault epb invpcid_single pti ssbd ibrs ibpb stibp tpr_shadow vnmi flexpriority ept vpid ept_ad fsgsbase tsc_adjust bmi1 avx2 smep bmi2 erms invpcid mpx rdseed adx smap clflushopt intel_pt xsaveopt xsavec xgetbv1 xsaves dtherm ida arat pln pts hwp hwp_notify hwp_act_window hwp_epp md_clear flush_l1d
bugs		: cpu_meltdown spectre_v1 spectre_v2 spec_store_bypass l1tf mds swapgs itlb_multihit
bogomips	: 4399.99
clflush size	: 64
cache_alignment	: 64
address sizes	: 39 bits physical, 48 bits virtual
power management:

processor	: 9
vendor_id	: GenuineIntel
cpu family	: 6
model		: 158
model name	: Intel(R) Core(TM) i7-8750H CPU @ 2.20GHz
stepping	: 10
microcode	: 0xca
cpu MHz		: 3574.442
cache size	: 9216 KB
physical id	: 0
siblings	: 12
core id		: 3
cpu cores	: 6
apicid		: 7
initial apicid	: 7
fpu		: yes
fpu_exception	: yes
cpuid level	: 22
wp		: yes
flags		: fpu vme de pse tsc msr pae mce cx8 apic sep mtrr pge mca cmov pat pse36 clflush dts acpi mmx fxsr sse sse2 ss ht tm pbe syscall nx pdpe1gb rdtscp lm constant_tsc art arch_perfmon pebs bts rep_good nopl xtopology nonstop_tsc cpuid aperfmperf pni pclmulqdq dtes64 monitor ds_cpl vmx est tm2 ssse3 sdbg fma cx16 xtpr pdcm pcid sse4_1 sse4_2 x2apic movbe popcnt tsc_deadline_timer aes xsave avx f16c rdrand lahf_lm abm 3dnowprefetch cpuid_fault epb invpcid_single pti ssbd ibrs ibpb stibp tpr_shadow vnmi flexpriority ept vpid ept_ad fsgsbase tsc_adjust bmi1 avx2 smep bmi2 erms invpcid mpx rdseed adx smap clflushopt intel_pt xsaveopt xsavec xgetbv1 xsaves dtherm ida arat pln pts hwp hwp_notify hwp_act_window hwp_epp md_clear flush_l1d
bugs		: cpu_meltdown spectre_v1 spectre_v2 spec_store_bypass l1tf mds swapgs itlb_multihit
bogomips	: 4399.99
clflush size	: 64
cache_alignment	: 64
address sizes	: 39 bits physical, 48 bits virtual
power management:

processor	: 10
vendor_id	: GenuineIntel
cpu family	: 6
model		: 158
model name	: Intel(R) Core(TM) i7-8750H CPU @ 2.20GHz
stepping	: 10
microcode	: 0xca
cpu MHz		: 3472.738
cache size	: 9216 KB
physical id	: 0
siblings	: 12
core id		: 4
cpu cores	: 6
apicid		: 9
initial apicid	: 9
fpu		: yes
fpu_exception	: yes
cpuid level	: 22
wp		: yes
flags		: fpu vme de pse tsc msr pae mce cx8 apic sep mtrr pge mca cmov pat pse36 clflush dts acpi mmx fxsr sse sse2 ss ht tm pbe syscall nx pdpe1gb rdtscp lm constant_tsc art arch_perfmon pebs bts rep_good nopl xtopology nonstop_tsc cpuid aperfmperf pni pclmulqdq dtes64 monitor ds_cpl vmx est tm2 ssse3 sdbg fma cx16 xtpr pdcm pcid sse4_1 sse4_2 x2apic movbe popcnt tsc_deadline_timer aes xsave avx f16c rdrand lahf_lm abm 3dnowprefetch cpuid_fault epb invpcid_single pti ssbd ibrs ibpb stibp tpr_shadow vnmi flexpriority ept vpid ept_ad fsgsbase tsc_adjust bmi1 avx2 smep bmi2 erms invpcid mpx rdseed adx smap clflushopt intel_pt xsaveopt xsavec xgetbv1 xsaves dtherm ida arat pln pts hwp hwp_notify hwp_act_window hwp_epp md_clear flush_l1d
bugs		: cpu_meltdown spectre_v1 spectre_v2 spec_store_bypass l1tf mds swapgs itlb_multihit
bogomips	: 4399.99
clflush size	: 64
cache_alignment	: 64
address sizes	: 39 bits physical, 48 bits virtual
power management:

processor	: 11
vendor_id	: GenuineIntel
cpu family	: 6
model		: 158
model name	: Intel(R) Core(TM) i7-8750H CPU @ 2.20GHz
stepping	: 10
microcode	: 0xca
cpu MHz		: 3016.815
cache size	: 9216 KB
physical id	: 0
siblings	: 12
core id		: 5
cpu cores	: 6
apicid		: 11
initial apicid	: 11
fpu		: yes
fpu_exception	: yes
cpuid level	: 22
wp		: yes
flags		: fpu vme de pse tsc msr pae mce cx8 apic sep mtrr pge mca cmov pat pse36 clflush dts acpi mmx fxsr sse sse2 ss ht tm pbe syscall nx pdpe1gb rdtscp lm constant_tsc art arch_perfmon pebs bts rep_good nopl xtopology nonstop_tsc cpuid aperfmperf pni pclmulqdq dtes64 monitor ds_cpl vmx est tm2 ssse3 sdbg fma cx16 xtpr pdcm pcid sse4_1 sse4_2 x2apic movbe popcnt tsc_deadline_timer aes xsave avx f16c rdrand lahf_lm abm 3dnowprefetch cpuid_fault epb invpcid_single pti ssbd ibrs ibpb stibp tpr_shadow vnmi flexpriority ept vpid ept_ad fsgsbase tsc_adjust bmi1 avx2 smep bmi2 erms invpcid mpx rdseed adx smap clflushopt intel_pt xsaveopt xsavec xgetbv1 xsaves dtherm ida arat pln pts hwp hwp_notify hwp_act_window hwp_epp md_clear flush_l1d
bugs		: cpu_meltdown spectre_v1 spectre_v2 spec_store_bypass l1tf mds swapgs itlb_multihit
bogomips	: 4399.99
clflush size	: 64
cache_alignment	: 64
address sizes	: 39 bits physical, 48 bits virtual
power management:



Memory: 4k page, physical 32713520k(28707768k free), swap 2097148k(2097148k free)

vm_info: OpenJDK 64-Bit Server VM (25.222-b10) for linux-amd64 JRE (1.8.0_222-8u222-b10-1ubuntu1~18.04.1-b10), built on Jul 18 2019 18:52:48 by "buildd" with gcc 7.4.0

time: Wed Nov 27 21:57:29 2019
timezone: CST
elapsed time: 0 seconds (0d 0h 0m 0s)

