#
# A fatal error has been detected by the Java Runtime Environment:
#
#  SIGSEGV (0xb) at pc=0x0000000041ce2f27, pid=7143, tid=0x00007fc1b3db2700
#
# JRE version: OpenJDK Runtime Environment (8.0_222-b10) (build 1.8.0_222-8u222-b10-1ubuntu1~18.04.1-b10)
# Java VM: OpenJDK 64-Bit Server VM (25.222-b10 mixed mode linux-amd64 compressed oops)
# Problematic frame:
# C  0x0000000041ce2f27
#
# Failed to write core dump. Core dumps have been disabled. To enable core dumping, try "ulimit -c unlimited" before starting Java again
#
# If you would like to submit a bug report, please visit:
#   http://bugreport.java.com/bugreport/crash.jsp
# The crash happened outside the Java Virtual Machine in native code.
# See problematic frame for where to report the bug.
#

---------------  T H R E A D  ---------------

Current thread (0x00007fc1ac00b800):  JavaThread "main" [_thread_in_native, id=7145, stack(0x00007fc1b3cb3000,0x00007fc1b3db3000)]

siginfo: si_signo: 11 (SIGSEGV), si_code: 1 (SEGV_MAPERR), si_addr: 0x0000000000000000

Registers:
RAX=0x00007fc12ddc6e60, RBX=0x00000000408d8000, RCX=0x0000000000000003, RDX=0x0000000000000000
RSP=0x00007fc1b3db12c8, RBP=0x000000000000000c, RSI=0x00007fc12ddc6e60, RDI=0x00000000408d8000
R8 =0x00007fc1ac71b2b0, R9 =0x00000001019c0000, R10=0x0000000000000001, R11=0x000000000000000c
R12=0x0000000000000003, R13=0x0000000000000003, R14=0x0000000000000000, R15=0x0000000000000030
RIP=0x0000000041ce2f27, EFLAGS=0x0000000000010206, CSGSFS=0x002b000000000033, ERR=0x0000000000000004
  TRAPNO=0x000000000000000e

Top of Stack: (sp=0x00007fc1b3db12c8)
0x00007fc1b3db12c8:   00007fc12f112c49 000000004096aa08
0x00007fc1b3db12d8:   00007fc1ac629780 0000000040923080
0x00007fc1b3db12e8:   0000000300001405 0000000000000000
0x00007fc1b3db12f8:   00000004408d8000 00000000408d8000
0x00007fc1b3db1308:   00007fc1ac8f2568 00007fc1ac629f00
0x00007fc1b3db1318:   0000000041ce2f00 0000000000000000
0x00007fc1b3db1328:   0000000000000000 0000000000000000
0x00007fc1b3db1338:   0000000000000000 0000000300000000
0x00007fc1b3db1348:   0000000000000000 0000000100000000
0x00007fc1b3db1358:   0000000000000000 0000000000000000
0x00007fc1b3db1368:   0000000000000000 00000000408d8000
0x00007fc1b3db1378:   00007fc12f12ede1 0000000000000000
0x00007fc1b3db1388:   0000000000000000 00000000ff800000
0x00007fc1b3db1398:   0000000000000000 000000007f800000
0x00007fc1b3db13a8:   0000000000000000 0000000000000000
0x00007fc1b3db13b8:   00007fc1ac629f00 00000002f00df00d
0x00007fc1b3db13c8:   0000000000000077 00000001beefbeef
0x00007fc1b3db13d8:   0000000000000000 00000000f00df00d
0x00007fc1b3db13e8:   0000000000000027 00000000408d8000
0x00007fc1b3db13f8:   00007fc1ac8f2b70 0000000000000000
0x00007fc1b3db1408:   0000000000000000 0000000000000004
0x00007fc1b3db1418:   00007fc12f042c17 0000000000000004
0x00007fc1b3db1428:   0000000000000000 0000000000000000
0x00007fc1b3db1438:   000000004093045c 00007fc1b3db1480
0x00007fc1b3db1448:   00000000408d8000 0000000040930458
0x00007fc1b3db1458:   0000000000000007 0000000040930358
0x00007fc1b3db1468:   00007fc12f043661 0101000000000000
0x00007fc1b3db1478:   00000001ac701d3c 0000000100002133
0x00007fc1b3db1488:   0000000100000001 0000001000000004
0x00007fc1b3db1498:   0000001000000000 00007fc1ac701cbc
0x00007fc1b3db14a8:   0000001000040006 0000000000000004
0x00007fc1b3db14b8:   0080000000000000 3fffffff3fffffff 

Instructions: (pc=0x0000000041ce2f27)
0x0000000041ce2f07:   5c 24 f0 48 89 74 24 e8 48 89 7c 24 e0 48 8b df
0x0000000041ce2f17:   48 8b c6 48 8b e9 48 8b d2 48 8d 2c aa 4c 8b dd
0x0000000041ce2f27:   8b 0a 49 ba a8 5f 95 40 00 00 00 00 41 03 0a 48
0x0000000041ce2f37:   83 c2 04 48 be f8 fc 92 40 00 00 00 00 48 8b 36 

Register to memory mapping:

RAX=0x00007fc12ddc6e60 is an unknown value
RBX=0x00000000408d8000 is an unknown value
RCX=0x0000000000000003 is an unknown value
RDX=0x0000000000000000 is an unknown value
RSP=0x00007fc1b3db12c8 is pointing into the stack for thread: 0x00007fc1ac00b800
RBP=0x000000000000000c is an unknown value
RSI=0x00007fc12ddc6e60 is an unknown value
RDI=0x00000000408d8000 is an unknown value
R8 =0x00007fc1ac71b2b0 is an unknown value
R9 =0x00000001019c0000 is an unknown value
R10=0x0000000000000001 is an unknown value
R11=0x000000000000000c is an unknown value
R12=0x0000000000000003 is an unknown value
R13=0x0000000000000003 is an unknown value
R14=0x0000000000000000 is an unknown value
R15=0x0000000000000030 is an unknown value


Stack: [0x00007fc1b3cb3000,0x00007fc1b3db3000],  sp=0x00007fc1b3db12c8,  free space=1016k
Native frames: (J=compiled Java code, j=interpreted, Vv=VM code, C=native code)
C  0x0000000041ce2f27

Java frames: (J=compiled Java code, j=interpreted, Vv=VM code)
j  org.lwjgl.opengl.GL11C.nglDrawElements(IIIJ)V+0
j  org.lwjgl.opengl.GL11C.glDrawElements(IIIJ)V+4
j  org.lwjgl.opengl.GL11.glDrawElements(IIIJ)V+4
j  rendering.Renderer.renderModel(Lrendering/RawModel;)V+20
j  main.Main.main([Ljava/lang/String;)V+73
v  ~StubRoutines::call_stub

---------------  P R O C E S S  ---------------

Java Threads: ( => current thread )
  0x00007fc1ac0d8000 JavaThread "Service Thread" daemon [_thread_blocked, id=7169, stack(0x00007fc16241f000,0x00007fc162520000)]
  0x00007fc1ac0cc800 JavaThread "C1 CompilerThread3" daemon [_thread_blocked, id=7168, stack(0x00007fc162521000,0x00007fc162621000)]
  0x00007fc1ac0ca800 JavaThread "C2 CompilerThread2" daemon [_thread_blocked, id=7167, stack(0x00007fc162622000,0x00007fc162722000)]
  0x00007fc1ac0c9000 JavaThread "C2 CompilerThread1" daemon [_thread_blocked, id=7166, stack(0x00007fc162723000,0x00007fc162823000)]
  0x00007fc1ac0c6000 JavaThread "C2 CompilerThread0" daemon [_thread_blocked, id=7165, stack(0x00007fc162824000,0x00007fc162924000)]
  0x00007fc1ac0c4800 JavaThread "Signal Dispatcher" daemon [_thread_blocked, id=7164, stack(0x00007fc162924000,0x00007fc162a25000)]
  0x00007fc1ac091800 JavaThread "Finalizer" daemon [_thread_blocked, id=7163, stack(0x00007fc1633f4000,0x00007fc1634f5000)]
  0x00007fc1ac08f000 JavaThread "Reference Handler" daemon [_thread_blocked, id=7162, stack(0x00007fc1634f5000,0x00007fc1635f6000)]
=>0x00007fc1ac00b800 JavaThread "main" [_thread_in_native, id=7145, stack(0x00007fc1b3cb3000,0x00007fc1b3db3000)]

Other Threads:
  0x00007fc1ac085800 VMThread [stack: 0x00007fc1635f7000,0x00007fc1636f7000] [id=7161]
  0x00007fc1ac0da800 WatcherThread [stack: 0x00007fc16231f000,0x00007fc16241f000] [id=7170]

VM state:not at safepoint (normal execution)

VM Mutex/Monitor currently owned by a thread: None

heap address: 0x00000005ccc00000, size: 7988 MB, Compressed Oops mode: Zero based, Oop shift amount: 3
Narrow klass base: 0x0000000000000000, Narrow klass shift: 3
Compressed class space size: 1073741824 Address: 0x00000007c0000000

Heap:
 PSYoungGen      total 149504K, used 18013K [0x0000000719980000, 0x0000000724000000, 0x00000007c0000000)
  eden space 128512K, 14% used [0x0000000719980000,0x000000071ab17640,0x0000000721700000)
  from space 20992K, 0% used [0x0000000722b80000,0x0000000722b80000,0x0000000724000000)
  to   space 20992K, 0% used [0x0000000721700000,0x0000000721700000,0x0000000722b80000)
 ParOldGen       total 341504K, used 0K [0x00000005ccc00000, 0x00000005e1980000, 0x0000000719980000)
  object space 341504K, 0% used [0x00000005ccc00000,0x00000005ccc00000,0x00000005e1980000)
 Metaspace       used 8864K, capacity 9019K, committed 9216K, reserved 1058816K
  class space    used 671K, capacity 742K, committed 768K, reserved 1048576K

Card table byte_map: [0x00007fc19c065000,0x00007fc19d000000] byte_map_base: 0x00007fc1991ff000

Marking Bits: (ParMarkBitMap*) 0x00007fc1b2f4d360
 Begin Bits: [0x00007fc170660000, 0x00007fc178330000)
 End Bits:   [0x00007fc178330000, 0x00007fc180000000)

Polling page: 0x00007fc1b3dce000

CodeCache: size=245760Kb used=2491Kb max_used=2491Kb free=243268Kb
 bounds [0x00007fc19d000000, 0x00007fc19d270000, 0x00007fc1ac000000]
 total_blobs=1437 nmethods=546 adapters=806
 compilation: enabled

Compilation events (10 events):
Event: 1.059 Thread 0x00007fc1ac0cc800  542       3       sun.net.www.ParseUtil::<init> (5 bytes)
Event: 1.059 Thread 0x00007fc1ac0cc800 nmethod 542 0x00007fc19d26cdd0 code [0x00007fc19d26cf40, 0x00007fc19d26d0f0]
Event: 1.059 Thread 0x00007fc1ac0cc800  544       3       java.util.zip.ZipEntry::<init> (146 bytes)
Event: 1.059 Thread 0x00007fc1ac0cc800 nmethod 544 0x00007fc19d26d190 code [0x00007fc19d26d320, 0x00007fc19d26d768]
Event: 1.059 Thread 0x00007fc1ac0cc800  543   !   3       java.net.URLClassLoader::definePackageInternal (81 bytes)
Event: 1.060 Thread 0x00007fc1ac0cc800 nmethod 543 0x00007fc19d26d910 code [0x00007fc19d26db40, 0x00007fc19d26e698]
Event: 1.060 Thread 0x00007fc1ac0cc800  545       3       java.lang.ClassLoader::addClass (9 bytes)
Event: 1.060 Thread 0x00007fc1ac0cc800 nmethod 545 0x00007fc19d26eb50 code [0x00007fc19d26ecc0, 0x00007fc19d26eee8]
Event: 1.060 Thread 0x00007fc1ac0cc800  546       3       java.lang.ClassLoader::postDefineClass (26 bytes)
Event: 1.060 Thread 0x00007fc1ac0cc800 nmethod 546 0x00007fc19d26efd0 code [0x00007fc19d26f160, 0x00007fc19d26f6b8]

GC Heap History (0 events):
No events

Deoptimization events (0 events):
No events

Classes redefined (0 events):
No events

Internal exceptions (10 events):
Event: 0.178 Thread 0x00007fc1ac00b800 Exception <a 'java/security/PrivilegedActionException'> (0x0000000719f54b48) thrown at [/build/openjdk-8-OqY7zN/openjdk-8-8u222-b10/src/hotspot/src/share/vm/prims/jvm.cpp, line 1502]
Event: 0.178 Thread 0x00007fc1ac00b800 Exception <a 'java/security/PrivilegedActionException'> (0x0000000719f54d58) thrown at [/build/openjdk-8-OqY7zN/openjdk-8-8u222-b10/src/hotspot/src/share/vm/prims/jvm.cpp, line 1502]
Event: 0.178 Thread 0x00007fc1ac00b800 Exception <a 'java/security/PrivilegedActionException'> (0x0000000719f56de0) thrown at [/build/openjdk-8-OqY7zN/openjdk-8-8u222-b10/src/hotspot/src/share/vm/prims/jvm.cpp, line 1502]
Event: 0.178 Thread 0x00007fc1ac00b800 Exception <a 'java/security/PrivilegedActionException'> (0x0000000719f56ff0) thrown at [/build/openjdk-8-OqY7zN/openjdk-8-8u222-b10/src/hotspot/src/share/vm/prims/jvm.cpp, line 1502]
Event: 0.178 Thread 0x00007fc1ac00b800 Exception <a 'java/security/PrivilegedActionException'> (0x0000000719f57ac8) thrown at [/build/openjdk-8-OqY7zN/openjdk-8-8u222-b10/src/hotspot/src/share/vm/prims/jvm.cpp, line 1502]
Event: 0.178 Thread 0x00007fc1ac00b800 Exception <a 'java/security/PrivilegedActionException'> (0x0000000719f57cd8) thrown at [/build/openjdk-8-OqY7zN/openjdk-8-8u222-b10/src/hotspot/src/share/vm/prims/jvm.cpp, line 1502]
Event: 0.191 Thread 0x00007fc1ac00b800 Exception <a 'sun/nio/fs/UnixException'> (0x0000000719f84e00) thrown at [/build/openjdk-8-OqY7zN/openjdk-8-8u222-b10/src/hotspot/src/share/vm/prims/jni.cpp, line 710]
Event: 0.196 Thread 0x00007fc1ac00b800 Exception <a 'sun/nio/fs/UnixException'> (0x0000000719f952f0) thrown at [/build/openjdk-8-OqY7zN/openjdk-8-8u222-b10/src/hotspot/src/share/vm/prims/jni.cpp, line 710]
Event: 0.721 Thread 0x00007fc1ac00b800 Exception <a 'sun/nio/fs/UnixException'> (0x000000071a079208) thrown at [/build/openjdk-8-OqY7zN/openjdk-8-8u222-b10/src/hotspot/src/share/vm/prims/jni.cpp, line 710]
Event: 0.722 Thread 0x00007fc1ac00b800 Exception <a 'sun/nio/fs/UnixException'> (0x000000071a081168) thrown at [/build/openjdk-8-OqY7zN/openjdk-8-8u222-b10/src/hotspot/src/share/vm/prims/jni.cpp, line 710]

Events (10 events):
Event: 1.058 loading class org/lwjgl/opengl/GL14C
Event: 1.058 loading class org/lwjgl/opengl/GL14C done
Event: 1.058 loading class org/lwjgl/opengl/GL13C
Event: 1.058 loading class org/lwjgl/opengl/GL13C done
Event: 1.059 loading class org/lwjgl/opengl/GL12C
Event: 1.059 loading class org/lwjgl/opengl/GL12C done
Event: 1.059 loading class org/lwjgl/opengl/GL11C
Event: 1.059 loading class org/lwjgl/opengl/GL11C done
Event: 1.078 loading class rendering/Renderer
Event: 1.078 loading class rendering/Renderer done


Dynamic libraries:
408d8000-4098a000 rw-p 00000000 00:00 0 
41ce1000-41ce3000 r-xs 00000000 103:02 15728661                          /tmp/.glLHKgmG (deleted)
5ccc00000-5e1980000 rw-p 00000000 00:00 0 
5e1980000-719980000 ---p 00000000 00:00 0 
719980000-724000000 rw-p 00000000 00:00 0 
724000000-7c0000000 ---p 00000000 00:00 0 
7c0000000-7c00c0000 rw-p 00000000 00:00 0 
7c00c0000-800000000 ---p 00000000 00:00 0 
562e4c8ed000-562e4c8ee000 r-xp 00000000 103:02 9838898                   /usr/lib/jvm/java-8-openjdk-amd64/jre/bin/java
562e4caed000-562e4caee000 r--p 00000000 103:02 9838898                   /usr/lib/jvm/java-8-openjdk-amd64/jre/bin/java
562e4caee000-562e4caef000 rw-p 00001000 103:02 9838898                   /usr/lib/jvm/java-8-openjdk-amd64/jre/bin/java
562e4e20f000-562e4e230000 rw-p 00000000 00:00 0                          [heap]
7fc12d76b000-7fc12d7ab000 rw-p 00000000 00:00 0 
7fc12d7ab000-7fc12d96b000 ---p 00000000 00:00 0 
7fc12d96b000-7fc12d9ab000 rw-s 00000000 08:01 16255846                   /home/sam/#16255846 (deleted)
7fc12d9ab000-7fc12d9eb000 r-xs 00000000 08:01 16255846                   /home/sam/#16255846 (deleted)
7fc12d9eb000-7fc12da43000 r-xp 00000000 103:02 18483150                  /tmp/lwjglsam/3.2.3-build-13/liblwjgl_opengl.so
7fc12da43000-7fc12dc42000 ---p 00058000 103:02 18483150                  /tmp/lwjglsam/3.2.3-build-13/liblwjgl_opengl.so
7fc12dc42000-7fc12dc43000 r--p 00057000 103:02 18483150                  /tmp/lwjglsam/3.2.3-build-13/liblwjgl_opengl.so
7fc12dc43000-7fc12dc44000 rw-p 00058000 103:02 18483150                  /tmp/lwjglsam/3.2.3-build-13/liblwjgl_opengl.so
7fc12dc44000-7fc12dcc4000 rw-s 00000000 00:06 574                        /dev/nvidiactl
7fc12dcc4000-7fc12dd44000 rw-s 00000000 00:06 574                        /dev/nvidiactl
7fc12dd44000-7fc12ddc4000 rw-s 00000000 00:06 574                        /dev/nvidiactl
7fc12ddc4000-7fc12dec4000 rw-s 00000000 00:06 574                        /dev/nvidiactl
7fc12dec4000-7fc12ded7000 rw-s 00000000 00:06 574                        /dev/nvidiactl
7fc12ded7000-7fc12df17000 rw-s 00000000 00:06 574                        /dev/nvidiactl
7fc12df17000-7fc12df27000 r-xp 00000000 103:02 9840432                   /usr/lib/x86_64-linux-gnu/libdrm.so.2.4.0
7fc12df27000-7fc12e126000 ---p 00010000 103:02 9840432                   /usr/lib/x86_64-linux-gnu/libdrm.so.2.4.0
7fc12e126000-7fc12e127000 r--p 0000f000 103:02 9840432                   /usr/lib/x86_64-linux-gnu/libdrm.so.2.4.0
7fc12e127000-7fc12e128000 rw-p 00010000 103:02 9840432                   /usr/lib/x86_64-linux-gnu/libdrm.so.2.4.0
7fc12e128000-7fc12f391000 r-xp 00000000 103:02 9840564                   /usr/lib/x86_64-linux-gnu/libnvidia-glcore.so.430.34
7fc12f391000-7fc12f3b2000 rwxp 01269000 103:02 9840564                   /usr/lib/x86_64-linux-gnu/libnvidia-glcore.so.430.34
7fc12f3b2000-7fc12f8ac000 r-xp 0128a000 103:02 9840564                   /usr/lib/x86_64-linux-gnu/libnvidia-glcore.so.430.34
7fc12f8ac000-7fc12faab000 ---p 01784000 103:02 9840564                   /usr/lib/x86_64-linux-gnu/libnvidia-glcore.so.430.34
7fc12faab000-7fc12fde0000 rw-p 01783000 103:02 9840564                   /usr/lib/x86_64-linux-gnu/libnvidia-glcore.so.430.34
7fc12fde0000-7fc12fdfc000 rw-p 00000000 00:00 0 
7fc12fdfc000-7fc12fdff000 r-xp 00000000 103:02 9840568                   /usr/lib/x86_64-linux-gnu/libnvidia-tls.so.430.34
7fc12fdff000-7fc12ffff000 ---p 00003000 103:02 9840568                   /usr/lib/x86_64-linux-gnu/libnvidia-tls.so.430.34
7fc12ffff000-7fc130000000 rw-p 00003000 103:02 9840568                   /usr/lib/x86_64-linux-gnu/libnvidia-tls.so.430.34
7fc130000000-7fc130021000 rw-p 00000000 00:00 0 
7fc130021000-7fc134000000 ---p 00000000 00:00 0 
7fc134009000-7fc134029000 rw-s 00000000 00:06 574                        /dev/nvidiactl
7fc134029000-7fc134069000 rw-s 00000000 00:06 574                        /dev/nvidiactl
7fc134069000-7fc13416e000 rw-s 00000000 00:06 574                        /dev/nvidiactl
7fc13416e000-7fc13421d000 r-xp 00000000 103:02 9840561                   /usr/lib/x86_64-linux-gnu/libGLX_nvidia.so.430.34
7fc13421d000-7fc134252000 rwxp 000af000 103:02 9840561                   /usr/lib/x86_64-linux-gnu/libGLX_nvidia.so.430.34
7fc134252000-7fc134261000 r-xp 000e4000 103:02 9840561                   /usr/lib/x86_64-linux-gnu/libGLX_nvidia.so.430.34
7fc134261000-7fc134461000 ---p 000f3000 103:02 9840561                   /usr/lib/x86_64-linux-gnu/libGLX_nvidia.so.430.34
7fc134461000-7fc134485000 rw-p 000f3000 103:02 9840561                   /usr/lib/x86_64-linux-gnu/libGLX_nvidia.so.430.34
7fc134485000-7fc134487000 rw-p 00000000 00:00 0 
7fc134487000-7fc1344c9000 r-xp 00000000 103:02 9837994                   /usr/lib/x86_64-linux-gnu/libGLdispatch.so.0.0.0
7fc1344c9000-7fc1344e2000 r-xp 00042000 103:02 9837994                   /usr/lib/x86_64-linux-gnu/libGLdispatch.so.0.0.0
7fc1344e2000-7fc1344f5000 r-xp 0005b000 103:02 9837994                   /usr/lib/x86_64-linux-gnu/libGLdispatch.so.0.0.0
7fc1344f5000-7fc1346f4000 ---p 0006e000 103:02 9837994                   /usr/lib/x86_64-linux-gnu/libGLdispatch.so.0.0.0
7fc1346f4000-7fc13471c000 r--p 0006d000 103:02 9837994                   /usr/lib/x86_64-linux-gnu/libGLdispatch.so.0.0.0
7fc13471c000-7fc13471d000 rw-p 00095000 103:02 9837994                   /usr/lib/x86_64-linux-gnu/libGLdispatch.so.0.0.0
7fc13471d000-7fc13473d000 rw-p 00000000 00:00 0 
7fc13473d000-7fc13474d000 r-xp 00000000 103:02 9837992                   /usr/lib/x86_64-linux-gnu/libGLX.so.0.0.0
7fc13474d000-7fc13494c000 ---p 00010000 103:02 9837992                   /usr/lib/x86_64-linux-gnu/libGLX.so.0.0.0
7fc13494c000-7fc13494d000 r--p 0000f000 103:02 9837992                   /usr/lib/x86_64-linux-gnu/libGLX.so.0.0.0
7fc13494d000-7fc13494e000 rw-p 00010000 103:02 9837992                   /usr/lib/x86_64-linux-gnu/libGLX.so.0.0.0
7fc13494e000-7fc13496e000 rw-p 00000000 00:00 0 
7fc13496e000-7fc1349b2000 r-xp 00000000 103:02 9837986                   /usr/lib/x86_64-linux-gnu/libGL.so.1.0.0
7fc1349b2000-7fc1349cb000 r-xp 00044000 103:02 9837986                   /usr/lib/x86_64-linux-gnu/libGL.so.1.0.0
7fc1349cb000-7fc1349df000 r-xp 0005d000 103:02 9837986                   /usr/lib/x86_64-linux-gnu/libGL.so.1.0.0
7fc1349df000-7fc134bde000 ---p 00071000 103:02 9837986                   /usr/lib/x86_64-linux-gnu/libGL.so.1.0.0
7fc134bde000-7fc134bf8000 r--p 00070000 103:02 9837986                   /usr/lib/x86_64-linux-gnu/libGL.so.1.0.0
7fc134bf8000-7fc134bf9000 rw-p 0008a000 103:02 9837986                   /usr/lib/x86_64-linux-gnu/libGL.so.1.0.0
7fc134bf9000-7fc134bfa000 rw-p 00000000 00:00 0 
7fc134bfa000-7fc134bfb000 r-xp 00000000 103:02 9840453                   /usr/lib/x86_64-linux-gnu/libX11-xcb.so.1.0.0
7fc134bfb000-7fc134dfa000 ---p 00001000 103:02 9840453                   /usr/lib/x86_64-linux-gnu/libX11-xcb.so.1.0.0
7fc134dfa000-7fc134dfb000 r--p 00000000 103:02 9840453                   /usr/lib/x86_64-linux-gnu/libX11-xcb.so.1.0.0
7fc134dfb000-7fc134dfc000 rw-p 00001000 103:02 9840453                   /usr/lib/x86_64-linux-gnu/libX11-xcb.so.1.0.0
7fc134dfc000-7fc134dfe000 r-xp 00000000 103:02 9838067                   /usr/lib/x86_64-linux-gnu/libXinerama.so.1.0.0
7fc134dfe000-7fc134ffd000 ---p 00002000 103:02 9838067                   /usr/lib/x86_64-linux-gnu/libXinerama.so.1.0.0
7fc134ffd000-7fc134ffe000 r--p 00001000 103:02 9838067                   /usr/lib/x86_64-linux-gnu/libXinerama.so.1.0.0
7fc134ffe000-7fc134fff000 rw-p 00002000 103:02 9838067                   /usr/lib/x86_64-linux-gnu/libXinerama.so.1.0.0
7fc134fff000-7fc138000000 rw-p 00000000 00:00 0 
7fc138000000-7fc1381ca000 rw-p 00000000 00:00 0 
7fc1381ca000-7fc13c000000 ---p 00000000 00:00 0 
7fc13c000000-7fc13c021000 rw-p 00000000 00:00 0 
7fc13c021000-7fc140000000 ---p 00000000 00:00 0 
7fc140000000-7fc140086000 rw-p 00000000 00:00 0 
7fc140086000-7fc144000000 ---p 00000000 00:00 0 
7fc144000000-7fc14406d000 rw-p 00000000 00:00 0 
7fc14406d000-7fc148000000 ---p 00000000 00:00 0 
7fc148000000-7fc148021000 rw-p 00000000 00:00 0 
7fc148021000-7fc14c000000 ---p 00000000 00:00 0 
7fc14c000000-7fc14c061000 rw-p 00000000 00:00 0 
7fc14c061000-7fc150000000 ---p 00000000 00:00 0 
7fc150000000-7fc150021000 rw-p 00000000 00:00 0 
7fc150021000-7fc154000000 ---p 00000000 00:00 0 
7fc154000000-7fc154021000 rw-p 00000000 00:00 0 
7fc154021000-7fc158000000 ---p 00000000 00:00 0 
7fc158000000-7fc158021000 rw-p 00000000 00:00 0 
7fc158021000-7fc15c000000 ---p 00000000 00:00 0 
7fc15c000000-7fc15c021000 rw-p 00000000 00:00 0 
7fc15c021000-7fc160000000 ---p 00000000 00:00 0 
7fc16000f000-7fc160011000 rw-s 00000000 103:02 15728661                  /tmp/.glLHKgmG (deleted)
7fc160011000-7fc160031000 rw-s 00000000 00:06 574                        /dev/nvidiactl
7fc160031000-7fc160071000 rw-s 00000000 00:06 574                        /dev/nvidiactl
7fc160071000-7fc160076000 r-xp 00000000 103:02 9838059                   /usr/lib/x86_64-linux-gnu/libXfixes.so.3.1.0
7fc160076000-7fc160275000 ---p 00005000 103:02 9838059                   /usr/lib/x86_64-linux-gnu/libXfixes.so.3.1.0
7fc160275000-7fc160276000 r--p 00004000 103:02 9838059                   /usr/lib/x86_64-linux-gnu/libXfixes.so.3.1.0
7fc160276000-7fc160277000 rw-p 00005000 103:02 9838059                   /usr/lib/x86_64-linux-gnu/libXfixes.so.3.1.0
7fc160277000-7fc160280000 r-xp 00000000 103:02 9838051                   /usr/lib/x86_64-linux-gnu/libXcursor.so.1.0.2
7fc160280000-7fc16047f000 ---p 00009000 103:02 9838051                   /usr/lib/x86_64-linux-gnu/libXcursor.so.1.0.2
7fc16047f000-7fc160480000 r--p 00008000 103:02 9838051                   /usr/lib/x86_64-linux-gnu/libXcursor.so.1.0.2
7fc160480000-7fc160481000 rw-p 00009000 103:02 9838051                   /usr/lib/x86_64-linux-gnu/libXcursor.so.1.0.2
7fc160481000-7fc16048a000 r-xp 00000000 103:02 9838077                   /usr/lib/x86_64-linux-gnu/libXrender.so.1.3.0
7fc16048a000-7fc160689000 ---p 00009000 103:02 9838077                   /usr/lib/x86_64-linux-gnu/libXrender.so.1.3.0
7fc160689000-7fc16068a000 r--p 00008000 103:02 9838077                   /usr/lib/x86_64-linux-gnu/libXrender.so.1.3.0
7fc16068a000-7fc16068b000 rw-p 00009000 103:02 9838077                   /usr/lib/x86_64-linux-gnu/libXrender.so.1.3.0
7fc16068b000-7fc160695000 r-xp 00000000 103:02 9838075                   /usr/lib/x86_64-linux-gnu/libXrandr.so.2.2.0
7fc160695000-7fc160894000 ---p 0000a000 103:02 9838075                   /usr/lib/x86_64-linux-gnu/libXrandr.so.2.2.0
7fc160894000-7fc160895000 r--p 00009000 103:02 9838075                   /usr/lib/x86_64-linux-gnu/libXrandr.so.2.2.0
7fc160895000-7fc160896000 rw-p 0000a000 103:02 9838075                   /usr/lib/x86_64-linux-gnu/libXrandr.so.2.2.0
7fc160896000-7fc1608a5000 r-xp 00000000 103:02 9838065                   /usr/lib/x86_64-linux-gnu/libXi.so.6.1.0
7fc1608a5000-7fc160aa4000 ---p 0000f000 103:02 9838065                   /usr/lib/x86_64-linux-gnu/libXi.so.6.1.0
7fc160aa4000-7fc160aa5000 r--p 0000e000 103:02 9838065                   /usr/lib/x86_64-linux-gnu/libXi.so.6.1.0
7fc160aa5000-7fc160aa6000 rw-p 0000f000 103:02 9838065                   /usr/lib/x86_64-linux-gnu/libXi.so.6.1.0
7fc160aa6000-7fc160ab7000 r-xp 00000000 103:02 9838057                   /usr/lib/x86_64-linux-gnu/libXext.so.6.4.0
7fc160ab7000-7fc160cb6000 ---p 00011000 103:02 9838057                   /usr/lib/x86_64-linux-gnu/libXext.so.6.4.0
7fc160cb6000-7fc160cb7000 r--p 00010000 103:02 9838057                   /usr/lib/x86_64-linux-gnu/libXext.so.6.4.0
7fc160cb7000-7fc160cb8000 rw-p 00011000 103:02 9838057                   /usr/lib/x86_64-linux-gnu/libXext.so.6.4.0
7fc160cb8000-7fc160cbd000 r-xp 00000000 103:02 9838093                   /usr/lib/x86_64-linux-gnu/libXxf86vm.so.1.0.0
7fc160cbd000-7fc160ebc000 ---p 00005000 103:02 9838093                   /usr/lib/x86_64-linux-gnu/libXxf86vm.so.1.0.0
7fc160ebc000-7fc160ebd000 r--p 00004000 103:02 9838093                   /usr/lib/x86_64-linux-gnu/libXxf86vm.so.1.0.0
7fc160ebd000-7fc160ebe000 rw-p 00005000 103:02 9838093                   /usr/lib/x86_64-linux-gnu/libXxf86vm.so.1.0.0
7fc160ebe000-7fc160ed1000 r-xp 00000000 103:02 22942382                  /lib/x86_64-linux-gnu/libbsd.so.0.8.7
7fc160ed1000-7fc1610d0000 ---p 00013000 103:02 22942382                  /lib/x86_64-linux-gnu/libbsd.so.0.8.7
7fc1610d0000-7fc1610d1000 r--p 00012000 103:02 22942382                  /lib/x86_64-linux-gnu/libbsd.so.0.8.7
7fc1610d1000-7fc1610d2000 rw-p 00013000 103:02 22942382                  /lib/x86_64-linux-gnu/libbsd.so.0.8.7
7fc1610d2000-7fc1610d3000 rw-p 00000000 00:00 0 
7fc1610d3000-7fc1610d8000 r-xp 00000000 103:02 9838055                   /usr/lib/x86_64-linux-gnu/libXdmcp.so.6.0.0
7fc1610d8000-7fc1612d7000 ---p 00005000 103:02 9838055                   /usr/lib/x86_64-linux-gnu/libXdmcp.so.6.0.0
7fc1612d7000-7fc1612d8000 r--p 00004000 103:02 9838055                   /usr/lib/x86_64-linux-gnu/libXdmcp.so.6.0.0
7fc1612d8000-7fc1612d9000 rw-p 00005000 103:02 9838055                   /usr/lib/x86_64-linux-gnu/libXdmcp.so.6.0.0
7fc1612d9000-7fc1612db000 r-xp 00000000 103:02 9838044                   /usr/lib/x86_64-linux-gnu/libXau.so.6.0.0
7fc1612db000-7fc1614db000 ---p 00002000 103:02 9838044                   /usr/lib/x86_64-linux-gnu/libXau.so.6.0.0
7fc1614db000-7fc1614dc000 r--p 00002000 103:02 9838044                   /usr/lib/x86_64-linux-gnu/libXau.so.6.0.0
7fc1614dc000-7fc1614dd000 rw-p 00003000 103:02 9838044                   /usr/lib/x86_64-linux-gnu/libXau.so.6.0.0
7fc1614dd000-7fc161503000 r-xp 00000000 103:02 9840409                   /usr/lib/x86_64-linux-gnu/libxcb.so.1.1.0
7fc161503000-7fc161703000 ---p 00026000 103:02 9840409                   /usr/lib/x86_64-linux-gnu/libxcb.so.1.1.0
7fc161703000-7fc161704000 r--p 00026000 103:02 9840409                   /usr/lib/x86_64-linux-gnu/libxcb.so.1.1.0
7fc161704000-7fc161705000 rw-p 00027000 103:02 9840409                   /usr/lib/x86_64-linux-gnu/libxcb.so.1.1.0
7fc161705000-7fc161838000 r-xp 00000000 103:02 9839217                   /usr/lib/x86_64-linux-gnu/libX11.so.6.3.0
7fc161838000-7fc161a38000 ---p 00133000 103:02 9839217                   /usr/lib/x86_64-linux-gnu/libX11.so.6.3.0
7fc161a38000-7fc161a39000 r--p 00133000 103:02 9839217                   /usr/lib/x86_64-linux-gnu/libX11.so.6.3.0
7fc161a39000-7fc161a3d000 rw-p 00134000 103:02 9839217                   /usr/lib/x86_64-linux-gnu/libX11.so.6.3.0
7fc161a3d000-7fc161a80000 r-xp 00000000 103:02 18483149                  /tmp/lwjglsam/3.2.3-build-13/libglfw.so
7fc161a80000-7fc161c7f000 ---p 00043000 103:02 18483149                  /tmp/lwjglsam/3.2.3-build-13/libglfw.so
7fc161c7f000-7fc161c80000 r--p 00042000 103:02 18483149                  /tmp/lwjglsam/3.2.3-build-13/libglfw.so
7fc161c80000-7fc161c82000 rw-p 00043000 103:02 18483149                  /tmp/lwjglsam/3.2.3-build-13/libglfw.so
7fc161c82000-7fc161ca3000 rw-p 00000000 00:00 0 
7fc161ca3000-7fc161cf4000 r-xp 00000000 103:02 18483139                  /tmp/lwjglsam/3.2.3-build-13/liblwjgl.so
7fc161cf4000-7fc161ef3000 ---p 00051000 103:02 18483139                  /tmp/lwjglsam/3.2.3-build-13/liblwjgl.so
7fc161ef3000-7fc161ef4000 r--p 00050000 103:02 18483139                  /tmp/lwjglsam/3.2.3-build-13/liblwjgl.so
7fc161ef4000-7fc161ef5000 rw-p 00051000 103:02 18483139                  /tmp/lwjglsam/3.2.3-build-13/liblwjgl.so
7fc161ef5000-7fc161f0b000 r-xp 00000000 103:02 9839031                   /usr/lib/jvm/java-8-openjdk-amd64/jre/lib/amd64/libnet.so
7fc161f0b000-7fc16210a000 ---p 00016000 103:02 9839031                   /usr/lib/jvm/java-8-openjdk-amd64/jre/lib/amd64/libnet.so
7fc16210a000-7fc16210b000 r--p 00015000 103:02 9839031                   /usr/lib/jvm/java-8-openjdk-amd64/jre/lib/amd64/libnet.so
7fc16210b000-7fc16210c000 rw-p 00016000 103:02 9839031                   /usr/lib/jvm/java-8-openjdk-amd64/jre/lib/amd64/libnet.so
7fc16210c000-7fc16211d000 r-xp 00000000 103:02 9839036                   /usr/lib/jvm/java-8-openjdk-amd64/jre/lib/amd64/libnio.so
7fc16211d000-7fc16231c000 ---p 00011000 103:02 9839036                   /usr/lib/jvm/java-8-openjdk-amd64/jre/lib/amd64/libnio.so
7fc16231c000-7fc16231d000 r--p 00010000 103:02 9839036                   /usr/lib/jvm/java-8-openjdk-amd64/jre/lib/amd64/libnio.so
7fc16231d000-7fc16231e000 rw-p 00011000 103:02 9839036                   /usr/lib/jvm/java-8-openjdk-amd64/jre/lib/amd64/libnio.so
7fc16231e000-7fc16231f000 ---p 00000000 00:00 0 
7fc16231f000-7fc16241f000 rw-p 00000000 00:00 0 
7fc16241f000-7fc162422000 ---p 00000000 00:00 0 
7fc162422000-7fc162520000 rw-p 00000000 00:00 0 
7fc162520000-7fc162521000 ---p 00000000 00:00 0 
7fc162521000-7fc162524000 ---p 00000000 00:00 0 
7fc162524000-7fc162621000 rw-p 00000000 00:00 0 
7fc162621000-7fc162622000 ---p 00000000 00:00 0 
7fc162622000-7fc162625000 ---p 00000000 00:00 0 
7fc162625000-7fc162722000 rw-p 00000000 00:00 0 
7fc162722000-7fc162723000 ---p 00000000 00:00 0 
7fc162723000-7fc162726000 ---p 00000000 00:00 0 
7fc162726000-7fc162823000 rw-p 00000000 00:00 0 
7fc162823000-7fc162824000 ---p 00000000 00:00 0 
7fc162824000-7fc162827000 ---p 00000000 00:00 0 
7fc162827000-7fc162924000 rw-p 00000000 00:00 0 
7fc162924000-7fc162927000 ---p 00000000 00:00 0 
7fc162927000-7fc162a25000 rw-p 00000000 00:00 0 
7fc162a25000-7fc1633f4000 r--p 00000000 103:02 9837060                   /usr/lib/locale/locale-archive
7fc1633f4000-7fc1633f7000 ---p 00000000 00:00 0 
7fc1633f7000-7fc1634f5000 rw-p 00000000 00:00 0 
7fc1634f5000-7fc1634f8000 ---p 00000000 00:00 0 
7fc1634f8000-7fc1635f6000 rw-p 00000000 00:00 0 
7fc1635f6000-7fc1635f7000 ---p 00000000 00:00 0 
7fc1635f7000-7fc164000000 rw-p 00000000 00:00 0 
7fc164000000-7fc164021000 rw-p 00000000 00:00 0 
7fc164021000-7fc168000000 ---p 00000000 00:00 0 
7fc168000000-7fc168021000 rw-p 00000000 00:00 0 
7fc168021000-7fc16c000000 ---p 00000000 00:00 0 
7fc16c000000-7fc16c021000 rw-p 00000000 00:00 0 
7fc16c021000-7fc170000000 ---p 00000000 00:00 0 
7fc170000000-7fc170010000 rw-s 00000000 00:06 575                        /dev/nvidia0
7fc170010000-7fc170011000 rw-s 00000000 00:06 574                        /dev/nvidiactl
7fc170011000-7fc170015000 rw-s 00000000 00:06 574                        /dev/nvidiactl
7fc170015000-7fc170016000 rw-s 00000000 00:06 575                        /dev/nvidia0
7fc170016000-7fc170017000 rw-s 00000000 00:06 575                        /dev/nvidia0
7fc170017000-7fc170018000 rw-s 00000000 00:06 575                        /dev/nvidia0
7fc170018000-7fc170038000 rw-s 00000000 00:06 574                        /dev/nvidiactl
7fc170038000-7fc170039000 rw-s 00000000 00:06 574                        /dev/nvidiactl
7fc170039000-7fc17003a000 rw-s 00000000 00:06 574                        /dev/nvidiactl
7fc17003a000-7fc170041000 r--s 00000000 103:02 10095718                  /usr/lib/x86_64-linux-gnu/gconv/gconv-modules.cache
7fc170041000-7fc170054000 r--s 00346000 103:02 9839324                   /usr/lib/jvm/java-8-openjdk-amd64/jre/lib/resources.jar
7fc170054000-7fc170055000 r--s 00022000 08:01 17960234                   /home/sam/Downloads/lwjgl-3.2.3/lwjgl-glfw/lwjgl-glfw-natives-linux-arm64.jar
7fc170055000-7fc170058000 r--s 00018000 08:01 17960240                   /home/sam/Downloads/lwjgl-3.2.3/lwjgl-glfw/lwjgl-glfw.jar
7fc170058000-7fc17005a000 r--s 0000d000 08:01 19795215                   /home/sam/Downloads/lwjgl-3.2.3/lwjgl-opengl/lwjgl-opengl-natives-linux-arm64.jar
7fc17005a000-7fc180000000 rw-p 00000000 00:00 0 
7fc180000000-7fc180021000 rw-p 00000000 00:00 0 
7fc180021000-7fc184000000 ---p 00000000 00:00 0 
7fc184000000-7fc184021000 rw-p 00000000 00:00 0 
7fc184021000-7fc188000000 ---p 00000000 00:00 0 
7fc188000000-7fc188021000 rw-p 00000000 00:00 0 
7fc188021000-7fc18c000000 ---p 00000000 00:00 0 
7fc18c000000-7fc18c021000 rw-p 00000000 00:00 0 
7fc18c021000-7fc190000000 ---p 00000000 00:00 0 
7fc190000000-7fc190021000 rw-p 00000000 00:00 0 
7fc190021000-7fc194000000 ---p 00000000 00:00 0 
7fc194000000-7fc194021000 rw-p 00000000 00:00 0 
7fc194021000-7fc198000000 ---p 00000000 00:00 0 
7fc198000000-7fc19800b000 r--s 000da000 08:01 19795221                   /home/sam/Downloads/lwjgl-3.2.3/lwjgl-opengl/lwjgl-opengl.jar
7fc19800b000-7fc198012000 r--s 00081000 08:01 16518147                   /home/sam/Downloads/lwjgl-3.2.3/lwjgl/lwjgl.jar
7fc198012000-7fc198017000 r--s 0003c000 103:02 9839214                   /usr/lib/jvm/java-8-openjdk-amd64/jre/lib/ext/sunjce_provider.jar
7fc198017000-7fc198032000 r--s 001d6000 103:02 9839212                   /usr/lib/jvm/java-8-openjdk-amd64/jre/lib/ext/nashorn.jar
7fc198032000-7fc1993bb000 rw-p 00000000 00:00 0 
7fc1993bb000-7fc19958b000 r--s 03c5c000 103:02 9839328                   /usr/lib/jvm/java-8-openjdk-amd64/jre/lib/rt.jar
7fc19958b000-7fc19adf6000 rw-p 00000000 00:00 0 
7fc19adf6000-7fc19adf7000 ---p 00000000 00:00 0 
7fc19adf7000-7fc19aef7000 rw-p 00000000 00:00 0 
7fc19aef7000-7fc19aef8000 ---p 00000000 00:00 0 
7fc19aef8000-7fc19aff8000 rw-p 00000000 00:00 0 
7fc19aff8000-7fc19aff9000 ---p 00000000 00:00 0 
7fc19aff9000-7fc19b0f9000 rw-p 00000000 00:00 0 
7fc19b0f9000-7fc19b0fa000 ---p 00000000 00:00 0 
7fc19b0fa000-7fc19b1fa000 rw-p 00000000 00:00 0 
7fc19b1fa000-7fc19b1fb000 ---p 00000000 00:00 0 
7fc19b1fb000-7fc19b2fb000 rw-p 00000000 00:00 0 
7fc19b2fb000-7fc19b2fc000 ---p 00000000 00:00 0 
7fc19b2fc000-7fc19b3fc000 rw-p 00000000 00:00 0 
7fc19b3fc000-7fc19b3fd000 ---p 00000000 00:00 0 
7fc19b3fd000-7fc19b4fd000 rw-p 00000000 00:00 0 
7fc19b4fd000-7fc19b4fe000 ---p 00000000 00:00 0 
7fc19b4fe000-7fc19b6a5000 rw-p 00000000 00:00 0 
7fc19b6a5000-7fc19c065000 ---p 00000000 00:00 0 
7fc19c065000-7fc19c10c000 rw-p 00000000 00:00 0 
7fc19c10c000-7fc19cacb000 ---p 00000000 00:00 0 
7fc19cacb000-7fc19cb1f000 rw-p 00000000 00:00 0 
7fc19cb1f000-7fc19cfff000 ---p 00000000 00:00 0 
7fc19cfff000-7fc19d000000 rw-p 00000000 00:00 0 
7fc19d000000-7fc19d270000 rwxp 00000000 00:00 0 
7fc19d270000-7fc1ac000000 ---p 00000000 00:00 0 
7fc1ac000000-7fc1ac9b3000 rw-p 00000000 00:00 0 
7fc1ac9b3000-7fc1b0000000 ---p 00000000 00:00 0 
7fc1b0000000-7fc1b0001000 r--s 00026000 08:01 17960235                   /home/sam/Downloads/lwjgl-3.2.3/lwjgl-glfw/lwjgl-glfw-natives-linux.jar
7fc1b0001000-7fc1b0002000 r--s 00013000 08:01 19795216                   /home/sam/Downloads/lwjgl-3.2.3/lwjgl-opengl/lwjgl-opengl-natives-linux.jar
7fc1b0002000-7fc1b0003000 r--s 0000c000 08:01 16517972                   /home/sam/Downloads/lwjgl-3.2.3/lwjgl/lwjgl-natives-linux-arm64.jar
7fc1b0003000-7fc1b0004000 r--s 00012000 08:01 16517973                   /home/sam/Downloads/lwjgl-3.2.3/lwjgl/lwjgl-natives-linux.jar
7fc1b0004000-7fc1b0007000 r--s 00039000 103:02 9839215                   /usr/lib/jvm/java-8-openjdk-amd64/jre/lib/ext/sunpkcs11.jar
7fc1b0007000-7fc1b000a000 r--s 0000f000 103:02 9839204                   /usr/lib/jvm/java-8-openjdk-amd64/jre/lib/ext/icedtea-sound.jar
7fc1b000a000-7fc1b004c000 rw-p 00000000 00:00 0 
7fc1b004c000-7fc1b004d000 ---p 00000000 00:00 0 
7fc1b004d000-7fc1b014d000 rw-p 00000000 00:00 0 
7fc1b014d000-7fc1b014e000 ---p 00000000 00:00 0 
7fc1b014e000-7fc1b0258000 rw-p 00000000 00:00 0 
7fc1b0258000-7fc1b060e000 ---p 00000000 00:00 0 
7fc1b060e000-7fc1b0616000 r-xp 00000000 103:02 9839091                   /usr/lib/jvm/java-8-openjdk-amd64/jre/lib/amd64/libzip.so
7fc1b0616000-7fc1b0815000 ---p 00008000 103:02 9839091                   /usr/lib/jvm/java-8-openjdk-amd64/jre/lib/amd64/libzip.so
7fc1b0815000-7fc1b0816000 r--p 00007000 103:02 9839091                   /usr/lib/jvm/java-8-openjdk-amd64/jre/lib/amd64/libzip.so
7fc1b0816000-7fc1b0817000 rw-p 00008000 103:02 9839091                   /usr/lib/jvm/java-8-openjdk-amd64/jre/lib/amd64/libzip.so
7fc1b0817000-7fc1b0822000 r-xp 00000000 103:02 22942476                  /lib/x86_64-linux-gnu/libnss_files-2.27.so
7fc1b0822000-7fc1b0a21000 ---p 0000b000 103:02 22942476                  /lib/x86_64-linux-gnu/libnss_files-2.27.so
7fc1b0a21000-7fc1b0a22000 r--p 0000a000 103:02 22942476                  /lib/x86_64-linux-gnu/libnss_files-2.27.so
7fc1b0a22000-7fc1b0a23000 rw-p 0000b000 103:02 22942476                  /lib/x86_64-linux-gnu/libnss_files-2.27.so
7fc1b0a23000-7fc1b0a29000 rw-p 00000000 00:00 0 
7fc1b0a29000-7fc1b0a40000 r-xp 00000000 103:02 22942470                  /lib/x86_64-linux-gnu/libnsl-2.27.so
7fc1b0a40000-7fc1b0c3f000 ---p 00017000 103:02 22942470                  /lib/x86_64-linux-gnu/libnsl-2.27.so
7fc1b0c3f000-7fc1b0c40000 r--p 00016000 103:02 22942470                  /lib/x86_64-linux-gnu/libnsl-2.27.so
7fc1b0c40000-7fc1b0c41000 rw-p 00017000 103:02 22942470                  /lib/x86_64-linux-gnu/libnsl-2.27.so
7fc1b0c41000-7fc1b0c43000 rw-p 00000000 00:00 0 
7fc1b0c43000-7fc1b0c4e000 r-xp 00000000 103:02 22942487                  /lib/x86_64-linux-gnu/libnss_nis-2.27.so
7fc1b0c4e000-7fc1b0e4d000 ---p 0000b000 103:02 22942487                  /lib/x86_64-linux-gnu/libnss_nis-2.27.so
7fc1b0e4d000-7fc1b0e4e000 r--p 0000a000 103:02 22942487                  /lib/x86_64-linux-gnu/libnss_nis-2.27.so
7fc1b0e4e000-7fc1b0e4f000 rw-p 0000b000 103:02 22942487                  /lib/x86_64-linux-gnu/libnss_nis-2.27.so
7fc1b0e4f000-7fc1b0e57000 r-xp 00000000 103:02 22942472                  /lib/x86_64-linux-gnu/libnss_compat-2.27.so
7fc1b0e57000-7fc1b1057000 ---p 00008000 103:02 22942472                  /lib/x86_64-linux-gnu/libnss_compat-2.27.so
7fc1b1057000-7fc1b1058000 r--p 00008000 103:02 22942472                  /lib/x86_64-linux-gnu/libnss_compat-2.27.so
7fc1b1058000-7fc1b1059000 rw-p 00009000 103:02 22942472                  /lib/x86_64-linux-gnu/libnss_compat-2.27.so
7fc1b1059000-7fc1b1083000 r-xp 00000000 103:02 9838982                   /usr/lib/jvm/java-8-openjdk-amd64/jre/lib/amd64/libjava.so
7fc1b1083000-7fc1b1282000 ---p 0002a000 103:02 9838982                   /usr/lib/jvm/java-8-openjdk-amd64/jre/lib/amd64/libjava.so
7fc1b1282000-7fc1b1283000 r--p 00029000 103:02 9838982                   /usr/lib/jvm/java-8-openjdk-amd64/jre/lib/amd64/libjava.so
7fc1b1283000-7fc1b1285000 rw-p 0002a000 103:02 9838982                   /usr/lib/jvm/java-8-openjdk-amd64/jre/lib/amd64/libjava.so
7fc1b1285000-7fc1b1295000 r-xp 00000000 103:02 9839073                   /usr/lib/jvm/java-8-openjdk-amd64/jre/lib/amd64/libverify.so
7fc1b1295000-7fc1b1494000 ---p 00010000 103:02 9839073                   /usr/lib/jvm/java-8-openjdk-amd64/jre/lib/amd64/libverify.so
7fc1b1494000-7fc1b1496000 r--p 0000f000 103:02 9839073                   /usr/lib/jvm/java-8-openjdk-amd64/jre/lib/amd64/libverify.so
7fc1b1496000-7fc1b1497000 rw-p 00011000 103:02 9839073                   /usr/lib/jvm/java-8-openjdk-amd64/jre/lib/amd64/libverify.so
7fc1b1497000-7fc1b149e000 r-xp 00000000 103:02 22942527                  /lib/x86_64-linux-gnu/librt-2.27.so
7fc1b149e000-7fc1b169d000 ---p 00007000 103:02 22942527                  /lib/x86_64-linux-gnu/librt-2.27.so
7fc1b169d000-7fc1b169e000 r--p 00006000 103:02 22942527                  /lib/x86_64-linux-gnu/librt-2.27.so
7fc1b169e000-7fc1b169f000 rw-p 00007000 103:02 22942527                  /lib/x86_64-linux-gnu/librt-2.27.so
7fc1b169f000-7fc1b16b6000 r-xp 00000000 103:02 22937606                  /lib/x86_64-linux-gnu/libgcc_s.so.1
7fc1b16b6000-7fc1b18b5000 ---p 00017000 103:02 22937606                  /lib/x86_64-linux-gnu/libgcc_s.so.1
7fc1b18b5000-7fc1b18b6000 r--p 00016000 103:02 22937606                  /lib/x86_64-linux-gnu/libgcc_s.so.1
7fc1b18b6000-7fc1b18b7000 rw-p 00017000 103:02 22937606                  /lib/x86_64-linux-gnu/libgcc_s.so.1
7fc1b18b7000-7fc1b1a54000 r-xp 00000000 103:02 22942449                  /lib/x86_64-linux-gnu/libm-2.27.so
7fc1b1a54000-7fc1b1c53000 ---p 0019d000 103:02 22942449                  /lib/x86_64-linux-gnu/libm-2.27.so
7fc1b1c53000-7fc1b1c54000 r--p 0019c000 103:02 22942449                  /lib/x86_64-linux-gnu/libm-2.27.so
7fc1b1c54000-7fc1b1c55000 rw-p 0019d000 103:02 22942449                  /lib/x86_64-linux-gnu/libm-2.27.so
7fc1b1c55000-7fc1b1dce000 r-xp 00000000 103:02 9830530                   /usr/lib/x86_64-linux-gnu/libstdc++.so.6.0.25
7fc1b1dce000-7fc1b1fce000 ---p 00179000 103:02 9830530                   /usr/lib/x86_64-linux-gnu/libstdc++.so.6.0.25
7fc1b1fce000-7fc1b1fd8000 r--p 00179000 103:02 9830530                   /usr/lib/x86_64-linux-gnu/libstdc++.so.6.0.25
7fc1b1fd8000-7fc1b1fda000 rw-p 00183000 103:02 9830530                   /usr/lib/x86_64-linux-gnu/libstdc++.so.6.0.25
7fc1b1fda000-7fc1b1fde000 rw-p 00000000 00:00 0 
7fc1b1fde000-7fc1b2c7d000 r-xp 00000000 103:02 9839139                   /usr/lib/jvm/java-8-openjdk-amd64/jre/lib/amd64/server/libjvm.so
7fc1b2c7d000-7fc1b2e7d000 ---p 00c9f000 103:02 9839139                   /usr/lib/jvm/java-8-openjdk-amd64/jre/lib/amd64/server/libjvm.so
7fc1b2e7d000-7fc1b2f11000 r--p 00c9f000 103:02 9839139                   /usr/lib/jvm/java-8-openjdk-amd64/jre/lib/amd64/server/libjvm.so
7fc1b2f11000-7fc1b2f3a000 rw-p 00d33000 103:02 9839139                   /usr/lib/jvm/java-8-openjdk-amd64/jre/lib/amd64/server/libjvm.so
7fc1b2f3a000-7fc1b2f6a000 rw-p 00000000 00:00 0 
7fc1b2f6a000-7fc1b2f84000 r-xp 00000000 103:02 22942519                  /lib/x86_64-linux-gnu/libpthread-2.27.so
7fc1b2f84000-7fc1b3183000 ---p 0001a000 103:02 22942519                  /lib/x86_64-linux-gnu/libpthread-2.27.so
7fc1b3183000-7fc1b3184000 r--p 00019000 103:02 22942519                  /lib/x86_64-linux-gnu/libpthread-2.27.so
7fc1b3184000-7fc1b3185000 rw-p 0001a000 103:02 22942519                  /lib/x86_64-linux-gnu/libpthread-2.27.so
7fc1b3185000-7fc1b3189000 rw-p 00000000 00:00 0 
7fc1b3189000-7fc1b318c000 r-xp 00000000 103:02 22942409                  /lib/x86_64-linux-gnu/libdl-2.27.so
7fc1b318c000-7fc1b338b000 ---p 00003000 103:02 22942409                  /lib/x86_64-linux-gnu/libdl-2.27.so
7fc1b338b000-7fc1b338c000 r--p 00002000 103:02 22942409                  /lib/x86_64-linux-gnu/libdl-2.27.so
7fc1b338c000-7fc1b338d000 rw-p 00003000 103:02 22942409                  /lib/x86_64-linux-gnu/libdl-2.27.so
7fc1b338d000-7fc1b33a9000 r-xp 00000000 103:02 22942558                  /lib/x86_64-linux-gnu/libz.so.1.2.11
7fc1b33a9000-7fc1b35a8000 ---p 0001c000 103:02 22942558                  /lib/x86_64-linux-gnu/libz.so.1.2.11
7fc1b35a8000-7fc1b35a9000 r--p 0001b000 103:02 22942558                  /lib/x86_64-linux-gnu/libz.so.1.2.11
7fc1b35a9000-7fc1b35aa000 rw-p 0001c000 103:02 22942558                  /lib/x86_64-linux-gnu/libz.so.1.2.11
7fc1b35aa000-7fc1b3791000 r-xp 00000000 103:02 22942386                  /lib/x86_64-linux-gnu/libc-2.27.so
7fc1b3791000-7fc1b3991000 ---p 001e7000 103:02 22942386                  /lib/x86_64-linux-gnu/libc-2.27.so
7fc1b3991000-7fc1b3995000 r--p 001e7000 103:02 22942386                  /lib/x86_64-linux-gnu/libc-2.27.so
7fc1b3995000-7fc1b3997000 rw-p 001eb000 103:02 22942386                  /lib/x86_64-linux-gnu/libc-2.27.so
7fc1b3997000-7fc1b399b000 rw-p 00000000 00:00 0 
7fc1b399b000-7fc1b39a9000 r-xp 00000000 103:02 9838942                   /usr/lib/jvm/java-8-openjdk-amd64/jre/lib/amd64/jli/libjli.so
7fc1b39a9000-7fc1b3ba8000 ---p 0000e000 103:02 9838942                   /usr/lib/jvm/java-8-openjdk-amd64/jre/lib/amd64/jli/libjli.so
7fc1b3ba8000-7fc1b3ba9000 r--p 0000d000 103:02 9838942                   /usr/lib/jvm/java-8-openjdk-amd64/jre/lib/amd64/jli/libjli.so
7fc1b3ba9000-7fc1b3baa000 rw-p 0000e000 103:02 9838942                   /usr/lib/jvm/java-8-openjdk-amd64/jre/lib/amd64/jli/libjli.so
7fc1b3baa000-7fc1b3bd1000 r-xp 00000000 103:02 22942358                  /lib/x86_64-linux-gnu/ld-2.27.so
7fc1b3bd1000-7fc1b3bd2000 r--s 0000a000 103:02 9839205                   /usr/lib/jvm/java-8-openjdk-amd64/jre/lib/ext/jaccess.jar
7fc1b3bd2000-7fc1b3bed000 r--s 00394000 103:02 9839202                   /usr/lib/jvm/java-8-openjdk-amd64/jre/lib/ext/cldrdata.jar
7fc1b3bed000-7fc1b3cb2000 rw-p 00000000 00:00 0 
7fc1b3cb2000-7fc1b3cb3000 ---p 00000000 00:00 0 
7fc1b3cb3000-7fc1b3cb6000 ---p 00000000 00:00 0 
7fc1b3cb6000-7fc1b3db5000 rw-p 00000000 00:00 0 
7fc1b3db5000-7fc1b3db7000 r--s 00001000 103:02 9839203                   /usr/lib/jvm/java-8-openjdk-amd64/jre/lib/ext/dnsns.jar
7fc1b3db7000-7fc1b3dc1000 r--s 00116000 103:02 9839206                   /usr/lib/jvm/java-8-openjdk-amd64/jre/lib/ext/localedata.jar
7fc1b3dc1000-7fc1b3dc3000 r--s 00007000 103:02 10224650                  /usr/share/java/java-atk-wrapper.jar
7fc1b3dc3000-7fc1b3dc4000 r--s 0000d000 103:02 9839213                   /usr/lib/jvm/java-8-openjdk-amd64/jre/lib/ext/sunec.jar
7fc1b3dc4000-7fc1b3dc5000 r--s 00010000 103:02 9839216                   /usr/lib/jvm/java-8-openjdk-amd64/jre/lib/ext/zipfs.jar
7fc1b3dc5000-7fc1b3dcd000 rw-s 00000000 103:02 18483154                  /tmp/hsperfdata_sam/7143
7fc1b3dcd000-7fc1b3dce000 rw-p 00000000 00:00 0 
7fc1b3dce000-7fc1b3dcf000 r--p 00000000 00:00 0 
7fc1b3dcf000-7fc1b3dd1000 rw-p 00000000 00:00 0 
7fc1b3dd1000-7fc1b3dd2000 r--p 00027000 103:02 22942358                  /lib/x86_64-linux-gnu/ld-2.27.so
7fc1b3dd2000-7fc1b3dd3000 rw-p 00028000 103:02 22942358                  /lib/x86_64-linux-gnu/ld-2.27.so
7fc1b3dd3000-7fc1b3dd4000 rw-p 00000000 00:00 0 
7ffdc5a7b000-7ffdc5a9c000 rw-p 00000000 00:00 0                          [stack]
7ffdc5b2e000-7ffdc5b31000 r--p 00000000 00:00 0                          [vvar]
7ffdc5b31000-7ffdc5b32000 r-xp 00000000 00:00 0                          [vdso]
ffffffffff600000-ffffffffff601000 --xp 00000000 00:00 0                  [vsyscall]

VM Arguments:
jvm_args: -Dfile.encoding=UTF-8 
java_command: main.Main
java_class_path (initial): /home/sam/Downloads/lwjgl-3.2.3/lwjgl/lwjgl.jar:/home/sam/Downloads/lwjgl-3.2.3/lwjgl/lwjgl-natives-linux.jar:/home/sam/Downloads/lwjgl-3.2.3/lwjgl/lwjgl-natives-linux-arm64.jar:/home/sam/Downloads/lwjgl-3.2.3/lwjgl-opengl/lwjgl-opengl.jar:/home/sam/Downloads/lwjgl-3.2.3/lwjgl-opengl/lwjgl-opengl-natives-linux.jar:/home/sam/Downloads/lwjgl-3.2.3/lwjgl-opengl/lwjgl-opengl-natives-linux-arm64.jar:/home/sam/Downloads/lwjgl-3.2.3/lwjgl-glfw/lwjgl-glfw.jar:/home/sam/Downloads/lwjgl-3.2.3/lwjgl-glfw/lwjgl-glfw-natives-linux.jar:/home/sam/Downloads/lwjgl-3.2.3/lwjgl-glfw/lwjgl-glfw-natives-linux-arm64.jar:/home/sam/eclipse/workspace/LWJGL-ENGINE/bin
Launcher Type: SUN_STANDARD

Environment Variables:
PATH=/usr/local/sbin:/usr/local/bin:/usr/sbin:/usr/bin:/sbin:/bin:/usr/games:/usr/local/games:/snap/bin
USERNAME=sam
SHELL=/bin/bash
DISPLAY=:0

Signal Handlers:
SIGSEGV: [libjvm.so+0xab92f0], sa_mask[0]=11111111011111111101111111111110, sa_flags=SA_RESTART|SA_SIGINFO
SIGBUS: [libjvm.so+0xab92f0], sa_mask[0]=11111111011111111101111111111110, sa_flags=SA_RESTART|SA_SIGINFO
SIGFPE: [libjvm.so+0x8ee560], sa_mask[0]=11111111011111111101111111111110, sa_flags=SA_RESTART|SA_SIGINFO
SIGPIPE: [libjvm.so+0x8ee560], sa_mask[0]=11111111011111111101111111111110, sa_flags=SA_RESTART|SA_SIGINFO
SIGXFSZ: [libjvm.so+0x8ee560], sa_mask[0]=11111111011111111101111111111110, sa_flags=SA_RESTART|SA_SIGINFO
SIGILL: [libjvm.so+0x8ee560], sa_mask[0]=11111111011111111101111111111110, sa_flags=SA_RESTART|SA_SIGINFO
SIGUSR1: SIG_DFL, sa_mask[0]=00000000000000000000000000000000, sa_flags=none
SIGUSR2: [libjvm.so+0x8ee410], sa_mask[0]=00100000000000000000000000000000, sa_flags=SA_RESTART|SA_SIGINFO
SIGHUP: [libjvm.so+0x8eea80], sa_mask[0]=11111111011111111101111111111110, sa_flags=SA_RESTART|SA_SIGINFO
SIGINT: [libjvm.so+0x8eea80], sa_mask[0]=11111111011111111101111111111110, sa_flags=SA_RESTART|SA_SIGINFO
SIGTERM: [libjvm.so+0x8eea80], sa_mask[0]=11111111011111111101111111111110, sa_flags=SA_RESTART|SA_SIGINFO
SIGQUIT: [libjvm.so+0x8eea80], sa_mask[0]=11111111011111111101111111111110, sa_flags=SA_RESTART|SA_SIGINFO


---------------  S Y S T E M  ---------------

OS:DISTRIB_ID=Ubuntu
DISTRIB_RELEASE=18.04
DISTRIB_CODENAME=bionic
DISTRIB_DESCRIPTION="Ubuntu 18.04.2 LTS"

uname:Linux 5.3.0-23-generic #25~18.04.1-Ubuntu SMP Tue Nov 12 10:58:57 UTC 2019 x86_64
libc:glibc 2.27 NPTL 2.27 
rlimit: STACK 8192k, CORE 0k, NPROC 127605, NOFILE 1048576, AS infinity
load average:0.54 0.42 0.38

/proc/meminfo:
MemTotal:       32713520 kB
MemFree:        28437928 kB
MemAvailable:   29514580 kB
Buffers:           84060 kB
Cached:          1479320 kB
SwapCached:            0 kB
Active:          3106040 kB
Inactive:         738844 kB
Active(anon):    2323476 kB
Inactive(anon):   121008 kB
Active(file):     782564 kB
Inactive(file):   617836 kB
Unevictable:       40600 kB
Mlocked:             160 kB
SwapTotal:       2097148 kB
SwapFree:        2097148 kB
Dirty:               176 kB
Writeback:             0 kB
AnonPages:       2322616 kB
Mapped:           467096 kB
Shmem:            162852 kB
KReclaimable:      91208 kB
Slab:             174492 kB
SReclaimable:      91208 kB
SUnreclaim:        83284 kB
KernelStack:       16416 kB
PageTables:        55264 kB
NFS_Unstable:          0 kB
Bounce:                0 kB
WritebackTmp:          0 kB
CommitLimit:    18453908 kB
Committed_AS:    9508296 kB
VmallocTotal:   34359738367 kB
VmallocUsed:       59036 kB
VmallocChunk:          0 kB
Percpu:             5760 kB
HardwareCorrupted:     0 kB
AnonHugePages:         0 kB
ShmemHugePages:        0 kB
ShmemPmdMapped:        0 kB
CmaTotal:              0 kB
CmaFree:               0 kB
HugePages_Total:       0
HugePages_Free:        0
HugePages_Rsvd:        0
HugePages_Surp:        0
Hugepagesize:       2048 kB
Hugetlb:               0 kB
DirectMap4k:      314016 kB
DirectMap2M:     5804032 kB
DirectMap1G:    27262976 kB

container (cgroup) information:
container_type: cgroupv1
cpu_cpuset_cpus: 0-11
cpu_memory_nodes: 0
active_processor_count: 12
cpu_quota: -1
cpu_period: 100000
cpu_shares: -1
memory_limit_in_bytes: -1
memory_and_swap_limit_in_bytes: -2
memory_soft_limit_in_bytes: -1
memory_usage_in_bytes: 3978469376
memory_max_usage_in_bytes: 0


CPU:total 12 (initial active 12) (6 cores per cpu, 2 threads per core) family 6 model 158 stepping 10, cmov, cx8, fxsr, mmx, sse, sse2, sse3, ssse3, sse4.1, sse4.2, popcnt, avx, avx2, aes, clmul, erms, 3dnowpref, lzcnt, ht, tsc, tscinvbit, bmi1, bmi2, adx

/proc/cpuinfo:
processor	: 0
vendor_id	: GenuineIntel
cpu family	: 6
model		: 158
model name	: Intel(R) Core(TM) i7-8750H CPU @ 2.20GHz
stepping	: 10
microcode	: 0xca
cpu MHz		: 2200.076
cache size	: 9216 KB
physical id	: 0
siblings	: 12
core id		: 0
cpu cores	: 6
apicid		: 0
initial apicid	: 0
fpu		: yes
fpu_exception	: yes
cpuid level	: 22
wp		: yes
flags		: fpu vme de pse tsc msr pae mce cx8 apic sep mtrr pge mca cmov pat pse36 clflush dts acpi mmx fxsr sse sse2 ss ht tm pbe syscall nx pdpe1gb rdtscp lm constant_tsc art arch_perfmon pebs bts rep_good nopl xtopology nonstop_tsc cpuid aperfmperf pni pclmulqdq dtes64 monitor ds_cpl vmx est tm2 ssse3 sdbg fma cx16 xtpr pdcm pcid sse4_1 sse4_2 x2apic movbe popcnt tsc_deadline_timer aes xsave avx f16c rdrand lahf_lm abm 3dnowprefetch cpuid_fault epb invpcid_single pti ssbd ibrs ibpb stibp tpr_shadow vnmi flexpriority ept vpid ept_ad fsgsbase tsc_adjust bmi1 avx2 smep bmi2 erms invpcid mpx rdseed adx smap clflushopt intel_pt xsaveopt xsavec xgetbv1 xsaves dtherm ida arat pln pts hwp hwp_notify hwp_act_window hwp_epp md_clear flush_l1d
bugs		: cpu_meltdown spectre_v1 spectre_v2 spec_store_bypass l1tf mds swapgs itlb_multihit
bogomips	: 4399.99
clflush size	: 64
cache_alignment	: 64
address sizes	: 39 bits physical, 48 bits virtual
power management:

processor	: 1
vendor_id	: GenuineIntel
cpu family	: 6
model		: 158
model name	: Intel(R) Core(TM) i7-8750H CPU @ 2.20GHz
stepping	: 10
microcode	: 0xca
cpu MHz		: 2200.123
cache size	: 9216 KB
physical id	: 0
siblings	: 12
core id		: 1
cpu cores	: 6
apicid		: 2
initial apicid	: 2
fpu		: yes
fpu_exception	: yes
cpuid level	: 22
wp		: yes
flags		: fpu vme de pse tsc msr pae mce cx8 apic sep mtrr pge mca cmov pat pse36 clflush dts acpi mmx fxsr sse sse2 ss ht tm pbe syscall nx pdpe1gb rdtscp lm constant_tsc art arch_perfmon pebs bts rep_good nopl xtopology nonstop_tsc cpuid aperfmperf pni pclmulqdq dtes64 monitor ds_cpl vmx est tm2 ssse3 sdbg fma cx16 xtpr pdcm pcid sse4_1 sse4_2 x2apic movbe popcnt tsc_deadline_timer aes xsave avx f16c rdrand lahf_lm abm 3dnowprefetch cpuid_fault epb invpcid_single pti ssbd ibrs ibpb stibp tpr_shadow vnmi flexpriority ept vpid ept_ad fsgsbase tsc_adjust bmi1 avx2 smep bmi2 erms invpcid mpx rdseed adx smap clflushopt intel_pt xsaveopt xsavec xgetbv1 xsaves dtherm ida arat pln pts hwp hwp_notify hwp_act_window hwp_epp md_clear flush_l1d
bugs		: cpu_meltdown spectre_v1 spectre_v2 spec_store_bypass l1tf mds swapgs itlb_multihit
bogomips	: 4399.99
clflush size	: 64
cache_alignment	: 64
address sizes	: 39 bits physical, 48 bits virtual
power management:

processor	: 2
vendor_id	: GenuineIntel
cpu family	: 6
model		: 158
model name	: Intel(R) Core(TM) i7-8750H CPU @ 2.20GHz
stepping	: 10
microcode	: 0xca
cpu MHz		: 2200.073
cache size	: 9216 KB
physical id	: 0
siblings	: 12
core id		: 2
cpu cores	: 6
apicid		: 4
initial apicid	: 4
fpu		: yes
fpu_exception	: yes
cpuid level	: 22
wp		: yes
flags		: fpu vme de pse tsc msr pae mce cx8 apic sep mtrr pge mca cmov pat pse36 clflush dts acpi mmx fxsr sse sse2 ss ht tm pbe syscall nx pdpe1gb rdtscp lm constant_tsc art arch_perfmon pebs bts rep_good nopl xtopology nonstop_tsc cpuid aperfmperf pni pclmulqdq dtes64 monitor ds_cpl vmx est tm2 ssse3 sdbg fma cx16 xtpr pdcm pcid sse4_1 sse4_2 x2apic movbe popcnt tsc_deadline_timer aes xsave avx f16c rdrand lahf_lm abm 3dnowprefetch cpuid_fault epb invpcid_single pti ssbd ibrs ibpb stibp tpr_shadow vnmi flexpriority ept vpid ept_ad fsgsbase tsc_adjust bmi1 avx2 smep bmi2 erms invpcid mpx rdseed adx smap clflushopt intel_pt xsaveopt xsavec xgetbv1 xsaves dtherm ida arat pln pts hwp hwp_notify hwp_act_window hwp_epp md_clear flush_l1d
bugs		: cpu_meltdown spectre_v1 spectre_v2 spec_store_bypass l1tf mds swapgs itlb_multihit
bogomips	: 4399.99
clflush size	: 64
cache_alignment	: 64
address sizes	: 39 bits physical, 48 bits virtual
power management:

processor	: 3
vendor_id	: GenuineIntel
cpu family	: 6
model		: 158
model name	: Intel(R) Core(TM) i7-8750H CPU @ 2.20GHz
stepping	: 10
microcode	: 0xca
cpu MHz		: 2200.017
cache size	: 9216 KB
physical id	: 0
siblings	: 12
core id		: 3
cpu cores	: 6
apicid		: 6
initial apicid	: 6
fpu		: yes
fpu_exception	: yes
cpuid level	: 22
wp		: yes
flags		: fpu vme de pse tsc msr pae mce cx8 apic sep mtrr pge mca cmov pat pse36 clflush dts acpi mmx fxsr sse sse2 ss ht tm pbe syscall nx pdpe1gb rdtscp lm constant_tsc art arch_perfmon pebs bts rep_good nopl xtopology nonstop_tsc cpuid aperfmperf pni pclmulqdq dtes64 monitor ds_cpl vmx est tm2 ssse3 sdbg fma cx16 xtpr pdcm pcid sse4_1 sse4_2 x2apic movbe popcnt tsc_deadline_timer aes xsave avx f16c rdrand lahf_lm abm 3dnowprefetch cpuid_fault epb invpcid_single pti ssbd ibrs ibpb stibp tpr_shadow vnmi flexpriority ept vpid ept_ad fsgsbase tsc_adjust bmi1 avx2 smep bmi2 erms invpcid mpx rdseed adx smap clflushopt intel_pt xsaveopt xsavec xgetbv1 xsaves dtherm ida arat pln pts hwp hwp_notify hwp_act_window hwp_epp md_clear flush_l1d
bugs		: cpu_meltdown spectre_v1 spectre_v2 spec_store_bypass l1tf mds swapgs itlb_multihit
bogomips	: 4399.99
clflush size	: 64
cache_alignment	: 64
address sizes	: 39 bits physical, 48 bits virtual
power management:

processor	: 4
vendor_id	: GenuineIntel
cpu family	: 6
model		: 158
model name	: Intel(R) Core(TM) i7-8750H CPU @ 2.20GHz
stepping	: 10
microcode	: 0xca
cpu MHz		: 2200.002
cache size	: 9216 KB
physical id	: 0
siblings	: 12
core id		: 4
cpu cores	: 6
apicid		: 8
initial apicid	: 8
fpu		: yes
fpu_exception	: yes
cpuid level	: 22
wp		: yes
flags		: fpu vme de pse tsc msr pae mce cx8 apic sep mtrr pge mca cmov pat pse36 clflush dts acpi mmx fxsr sse sse2 ss ht tm pbe syscall nx pdpe1gb rdtscp lm constant_tsc art arch_perfmon pebs bts rep_good nopl xtopology nonstop_tsc cpuid aperfmperf pni pclmulqdq dtes64 monitor ds_cpl vmx est tm2 ssse3 sdbg fma cx16 xtpr pdcm pcid sse4_1 sse4_2 x2apic movbe popcnt tsc_deadline_timer aes xsave avx f16c rdrand lahf_lm abm 3dnowprefetch cpuid_fault epb invpcid_single pti ssbd ibrs ibpb stibp tpr_shadow vnmi flexpriority ept vpid ept_ad fsgsbase tsc_adjust bmi1 avx2 smep bmi2 erms invpcid mpx rdseed adx smap clflushopt intel_pt xsaveopt xsavec xgetbv1 xsaves dtherm ida arat pln pts hwp hwp_notify hwp_act_window hwp_epp md_clear flush_l1d
bugs		: cpu_meltdown spectre_v1 spectre_v2 spec_store_bypass l1tf mds swapgs itlb_multihit
bogomips	: 4399.99
clflush size	: 64
cache_alignment	: 64
address sizes	: 39 bits physical, 48 bits virtual
power management:

processor	: 5
vendor_id	: GenuineIntel
cpu family	: 6
model		: 158
model name	: Intel(R) Core(TM) i7-8750H CPU @ 2.20GHz
stepping	: 10
microcode	: 0xca
cpu MHz		: 2200.168
cache size	: 9216 KB
physical id	: 0
siblings	: 12
core id		: 5
cpu cores	: 6
apicid		: 10
initial apicid	: 10
fpu		: yes
fpu_exception	: yes
cpuid level	: 22
wp		: yes
flags		: fpu vme de pse tsc msr pae mce cx8 apic sep mtrr pge mca cmov pat pse36 clflush dts acpi mmx fxsr sse sse2 ss ht tm pbe syscall nx pdpe1gb rdtscp lm constant_tsc art arch_perfmon pebs bts rep_good nopl xtopology nonstop_tsc cpuid aperfmperf pni pclmulqdq dtes64 monitor ds_cpl vmx est tm2 ssse3 sdbg fma cx16 xtpr pdcm pcid sse4_1 sse4_2 x2apic movbe popcnt tsc_deadline_timer aes xsave avx f16c rdrand lahf_lm abm 3dnowprefetch cpuid_fault epb invpcid_single pti ssbd ibrs ibpb stibp tpr_shadow vnmi flexpriority ept vpid ept_ad fsgsbase tsc_adjust bmi1 avx2 smep bmi2 erms invpcid mpx rdseed adx smap clflushopt intel_pt xsaveopt xsavec xgetbv1 xsaves dtherm ida arat pln pts hwp hwp_notify hwp_act_window hwp_epp md_clear flush_l1d
bugs		: cpu_meltdown spectre_v1 spectre_v2 spec_store_bypass l1tf mds swapgs itlb_multihit
bogomips	: 4399.99
clflush size	: 64
cache_alignment	: 64
address sizes	: 39 bits physical, 48 bits virtual
power management:

processor	: 6
vendor_id	: GenuineIntel
cpu family	: 6
model		: 158
model name	: Intel(R) Core(TM) i7-8750H CPU @ 2.20GHz
stepping	: 10
microcode	: 0xca
cpu MHz		: 2200.958
cache size	: 9216 KB
physical id	: 0
siblings	: 12
core id		: 0
cpu cores	: 6
apicid		: 1
initial apicid	: 1
fpu		: yes
fpu_exception	: yes
cpuid level	: 22
wp		: yes
flags		: fpu vme de pse tsc msr pae mce cx8 apic sep mtrr pge mca cmov pat pse36 clflush dts acpi mmx fxsr sse sse2 ss ht tm pbe syscall nx pdpe1gb rdtscp lm constant_tsc art arch_perfmon pebs bts rep_good nopl xtopology nonstop_tsc cpuid aperfmperf pni pclmulqdq dtes64 monitor ds_cpl vmx est tm2 ssse3 sdbg fma cx16 xtpr pdcm pcid sse4_1 sse4_2 x2apic movbe popcnt tsc_deadline_timer aes xsave avx f16c rdrand lahf_lm abm 3dnowprefetch cpuid_fault epb invpcid_single pti ssbd ibrs ibpb stibp tpr_shadow vnmi flexpriority ept vpid ept_ad fsgsbase tsc_adjust bmi1 avx2 smep bmi2 erms invpcid mpx rdseed adx smap clflushopt intel_pt xsaveopt xsavec xgetbv1 xsaves dtherm ida arat pln pts hwp hwp_notify hwp_act_window hwp_epp md_clear flush_l1d
bugs		: cpu_meltdown spectre_v1 spectre_v2 spec_store_bypass l1tf mds swapgs itlb_multihit
bogomips	: 4399.99
clflush size	: 64
cache_alignment	: 64
address sizes	: 39 bits physical, 48 bits virtual
power management:

processor	: 7
vendor_id	: GenuineIntel
cpu family	: 6
model		: 158
model name	: Intel(R) Core(TM) i7-8750H CPU @ 2.20GHz
stepping	: 10
microcode	: 0xca
cpu MHz		: 2200.198
cache size	: 9216 KB
physical id	: 0
siblings	: 12
core id		: 1
cpu cores	: 6
apicid		: 3
initial apicid	: 3
fpu		: yes
fpu_exception	: yes
cpuid level	: 22
wp		: yes
flags		: fpu vme de pse tsc msr pae mce cx8 apic sep mtrr pge mca cmov pat pse36 clflush dts acpi mmx fxsr sse sse2 ss ht tm pbe syscall nx pdpe1gb rdtscp lm constant_tsc art arch_perfmon pebs bts rep_good nopl xtopology nonstop_tsc cpuid aperfmperf pni pclmulqdq dtes64 monitor ds_cpl vmx est tm2 ssse3 sdbg fma cx16 xtpr pdcm pcid sse4_1 sse4_2 x2apic movbe popcnt tsc_deadline_timer aes xsave avx f16c rdrand lahf_lm abm 3dnowprefetch cpuid_fault epb invpcid_single pti ssbd ibrs ibpb stibp tpr_shadow vnmi flexpriority ept vpid ept_ad fsgsbase tsc_adjust bmi1 avx2 smep bmi2 erms invpcid mpx rdseed adx smap clflushopt intel_pt xsaveopt xsavec xgetbv1 xsaves dtherm ida arat pln pts hwp hwp_notify hwp_act_window hwp_epp md_clear flush_l1d
bugs		: cpu_meltdown spectre_v1 spectre_v2 spec_store_bypass l1tf mds swapgs itlb_multihit
bogomips	: 4399.99
clflush size	: 64
cache_alignment	: 64
address sizes	: 39 bits physical, 48 bits virtual
power management:

processor	: 8
vendor_id	: GenuineIntel
cpu family	: 6
model		: 158
model name	: Intel(R) Core(TM) i7-8750H CPU @ 2.20GHz
stepping	: 10
microcode	: 0xca
cpu MHz		: 2200.466
cache size	: 9216 KB
physical id	: 0
siblings	: 12
core id		: 2
cpu cores	: 6
apicid		: 5
initial apicid	: 5
fpu		: yes
fpu_exception	: yes
cpuid level	: 22
wp		: yes
flags		: fpu vme de pse tsc msr pae mce cx8 apic sep mtrr pge mca cmov pat pse36 clflush dts acpi mmx fxsr sse sse2 ss ht tm pbe syscall nx pdpe1gb rdtscp lm constant_tsc art arch_perfmon pebs bts rep_good nopl xtopology nonstop_tsc cpuid aperfmperf pni pclmulqdq dtes64 monitor ds_cpl vmx est tm2 ssse3 sdbg fma cx16 xtpr pdcm pcid sse4_1 sse4_2 x2apic movbe popcnt tsc_deadline_timer aes xsave avx f16c rdrand lahf_lm abm 3dnowprefetch cpuid_fault epb invpcid_single pti ssbd ibrs ibpb stibp tpr_shadow vnmi flexpriority ept vpid ept_ad fsgsbase tsc_adjust bmi1 avx2 smep bmi2 erms invpcid mpx rdseed adx smap clflushopt intel_pt xsaveopt xsavec xgetbv1 xsaves dtherm ida arat pln pts hwp hwp_notify hwp_act_window hwp_epp md_clear flush_l1d
bugs		: cpu_meltdown spectre_v1 spectre_v2 spec_store_bypass l1tf mds swapgs itlb_multihit
bogomips	: 4399.99
clflush size	: 64
cache_alignment	: 64
address sizes	: 39 bits physical, 48 bits virtual
power management:

processor	: 9
vendor_id	: GenuineIntel
cpu family	: 6
model		: 158
model name	: Intel(R) Core(TM) i7-8750H CPU @ 2.20GHz
stepping	: 10
microcode	: 0xca
cpu MHz		: 2200.279
cache size	: 9216 KB
physical id	: 0
siblings	: 12
core id		: 3
cpu cores	: 6
apicid		: 7
initial apicid	: 7
fpu		: yes
fpu_exception	: yes
cpuid level	: 22
wp		: yes
flags		: fpu vme de pse tsc msr pae mce cx8 apic sep mtrr pge mca cmov pat pse36 clflush dts acpi mmx fxsr sse sse2 ss ht tm pbe syscall nx pdpe1gb rdtscp lm constant_tsc art arch_perfmon pebs bts rep_good nopl xtopology nonstop_tsc cpuid aperfmperf pni pclmulqdq dtes64 monitor ds_cpl vmx est tm2 ssse3 sdbg fma cx16 xtpr pdcm pcid sse4_1 sse4_2 x2apic movbe popcnt tsc_deadline_timer aes xsave avx f16c rdrand lahf_lm abm 3dnowprefetch cpuid_fault epb invpcid_single pti ssbd ibrs ibpb stibp tpr_shadow vnmi flexpriority ept vpid ept_ad fsgsbase tsc_adjust bmi1 avx2 smep bmi2 erms invpcid mpx rdseed adx smap clflushopt intel_pt xsaveopt xsavec xgetbv1 xsaves dtherm ida arat pln pts hwp hwp_notify hwp_act_window hwp_epp md_clear flush_l1d
bugs		: cpu_meltdown spectre_v1 spectre_v2 spec_store_bypass l1tf mds swapgs itlb_multihit
bogomips	: 4399.99
clflush size	: 64
cache_alignment	: 64
address sizes	: 39 bits physical, 48 bits virtual
power management:

processor	: 10
vendor_id	: GenuineIntel
cpu family	: 6
model		: 158
model name	: Intel(R) Core(TM) i7-8750H CPU @ 2.20GHz
stepping	: 10
microcode	: 0xca
cpu MHz		: 2200.130
cache size	: 9216 KB
physical id	: 0
siblings	: 12
core id		: 4
cpu cores	: 6
apicid		: 9
initial apicid	: 9
fpu		: yes
fpu_exception	: yes
cpuid level	: 22
wp		: yes
flags		: fpu vme de pse tsc msr pae mce cx8 apic sep mtrr pge mca cmov pat pse36 clflush dts acpi mmx fxsr sse sse2 ss ht tm pbe syscall nx pdpe1gb rdtscp lm constant_tsc art arch_perfmon pebs bts rep_good nopl xtopology nonstop_tsc cpuid aperfmperf pni pclmulqdq dtes64 monitor ds_cpl vmx est tm2 ssse3 sdbg fma cx16 xtpr pdcm pcid sse4_1 sse4_2 x2apic movbe popcnt tsc_deadline_timer aes xsave avx f16c rdrand lahf_lm abm 3dnowprefetch cpuid_fault epb invpcid_single pti ssbd ibrs ibpb stibp tpr_shadow vnmi flexpriority ept vpid ept_ad fsgsbase tsc_adjust bmi1 avx2 smep bmi2 erms invpcid mpx rdseed adx smap clflushopt intel_pt xsaveopt xsavec xgetbv1 xsaves dtherm ida arat pln pts hwp hwp_notify hwp_act_window hwp_epp md_clear flush_l1d
bugs		: cpu_meltdown spectre_v1 spectre_v2 spec_store_bypass l1tf mds swapgs itlb_multihit
bogomips	: 4399.99
clflush size	: 64
cache_alignment	: 64
address sizes	: 39 bits physical, 48 bits virtual
power management:

processor	: 11
vendor_id	: GenuineIntel
cpu family	: 6
model		: 158
model name	: Intel(R) Core(TM) i7-8750H CPU @ 2.20GHz
stepping	: 10
microcode	: 0xca
cpu MHz		: 2201.059
cache size	: 9216 KB
physical id	: 0
siblings	: 12
core id		: 5
cpu cores	: 6
apicid		: 11
initial apicid	: 11
fpu		: yes
fpu_exception	: yes
cpuid level	: 22
wp		: yes
flags		: fpu vme de pse tsc msr pae mce cx8 apic sep mtrr pge mca cmov pat pse36 clflush dts acpi mmx fxsr sse sse2 ss ht tm pbe syscall nx pdpe1gb rdtscp lm constant_tsc art arch_perfmon pebs bts rep_good nopl xtopology nonstop_tsc cpuid aperfmperf pni pclmulqdq dtes64 monitor ds_cpl vmx est tm2 ssse3 sdbg fma cx16 xtpr pdcm pcid sse4_1 sse4_2 x2apic movbe popcnt tsc_deadline_timer aes xsave avx f16c rdrand lahf_lm abm 3dnowprefetch cpuid_fault epb invpcid_single pti ssbd ibrs ibpb stibp tpr_shadow vnmi flexpriority ept vpid ept_ad fsgsbase tsc_adjust bmi1 avx2 smep bmi2 erms invpcid mpx rdseed adx smap clflushopt intel_pt xsaveopt xsavec xgetbv1 xsaves dtherm ida arat pln pts hwp hwp_notify hwp_act_window hwp_epp md_clear flush_l1d
bugs		: cpu_meltdown spectre_v1 spectre_v2 spec_store_bypass l1tf mds swapgs itlb_multihit
bogomips	: 4399.99
clflush size	: 64
cache_alignment	: 64
address sizes	: 39 bits physical, 48 bits virtual
power management:



Memory: 4k page, physical 32713520k(28437928k free), swap 2097148k(2097148k free)

vm_info: OpenJDK 64-Bit Server VM (25.222-b10) for linux-amd64 JRE (1.8.0_222-8u222-b10-1ubuntu1~18.04.1-b10), built on Jul 18 2019 18:52:48 by "buildd" with gcc 7.4.0

time: Thu Nov 21 19:56:54 2019
timezone: CST
elapsed time: 1 seconds (0d 0h 0m 1s)

