#
# A fatal error has been detected by the Java Runtime Environment:
#
#  SIGSEGV (0xb) at pc=0x0000000040e36f27, pid=7197, tid=0x00007fa96e32c700
#
# JRE version: OpenJDK Runtime Environment (8.0_222-b10) (build 1.8.0_222-8u222-b10-1ubuntu1~18.04.1-b10)
# Java VM: OpenJDK 64-Bit Server VM (25.222-b10 mixed mode linux-amd64 compressed oops)
# Problematic frame:
# C  0x0000000040e36f27
#
# Failed to write core dump. Core dumps have been disabled. To enable core dumping, try "ulimit -c unlimited" before starting Java again
#
# If you would like to submit a bug report, please visit:
#   http://bugreport.java.com/bugreport/crash.jsp
# The crash happened outside the Java Virtual Machine in native code.
# See problematic frame for where to report the bug.
#

---------------  T H R E A D  ---------------

Current thread (0x00007fa96400b800):  JavaThread "main" [_thread_in_native, id=7202, stack(0x00007fa96e22d000,0x00007fa96e32d000)]

siginfo: si_signo: 11 (SIGSEGV), si_code: 1 (SEGV_MAPERR), si_addr: 0x0000000000000000

Registers:
RAX=0x00007fa8e8301e60, RBX=0x000000004193e000, RCX=0x0000000000000003, RDX=0x0000000000000000
RSP=0x00007fa96e32b2c8, RBP=0x000000000000000c, RSI=0x00007fa8e8301e60, RDI=0x000000004193e000
R8 =0x00007fa9647931d0, R9 =0x00000001019c0000, R10=0x0000000000000001, R11=0x000000000000000c
R12=0x0000000000000003, R13=0x0000000000000003, R14=0x0000000000000000, R15=0x0000000000000030
RIP=0x0000000040e36f27, EFLAGS=0x0000000000010206, CSGSFS=0x002b000000000033, ERR=0x0000000000000004
  TRAPNO=0x000000000000000e

Top of Stack: (sp=0x00007fa96e32b2c8)
0x00007fa96e32b2c8:   00007fa8e963ac49 00007fa9646a16a8
0x00007fa96e32b2d8:   00007fa9646a16a0 00007fa96e32b3a0
0x00007fa96e32b2e8:   0000000300001405 0000000000000000
0x00007fa96e32b2f8:   00000004e9654980 000000004193e000
0x00007fa96e32b308:   00007fa9649697d8 00007fa9646a1e20
0x00007fa96e32b318:   0000000040e36f00 00007fa9646a16a8
0x00007fa96e32b328:   0000000000000000 0000000000000000
0x00007fa96e32b338:   0000000000000000 000000036e32b610
0x00007fa96e32b348:   0000000000000000 0000000000000000
0x00007fa96e32b358:   00007fa9646a16a0 00007fa9646a16a8
0x00007fa96e32b368:   00007fa8e94c8eb5 00007fa96e32b3a0
0x00007fa96e32b378:   00007fa8e9654980 000000004193e000
0x00007fa96e32b388:   00007fa96cbc31bb 00007fa96e32b3c0
0x00007fa96e32b398:   00007fa9646a1e20 0000000000000012
0x00007fa96e32b3a8:   00007fa96e32b5c0 000000004867a415
0x00007fa96e32b3b8:   0000000000000000 00000002f00df00d
0x00007fa96e32b3c8:   0000000000000077 00000001beefbeef
0x00007fa96e32b3d8:   0000000000000000 00000000f00df00d
0x00007fa96e32b3e8:   0000000000000027 00007fa96496aae0
0x00007fa96e32b3f8:   00007fa9646a1e20 0000000000000000
0x00007fa96e32b408:   00007fa8e9652c74 00007fa96e32b5c0
0x00007fa96e32b418:   00007fa8e956ac17 0000000000000004
0x00007fa96e32b428:   0000000000000000 0000000000000000
0x00007fa96e32b438:   000000004199645c 00007fa96e32b480
0x00007fa96e32b448:   000000004193e000 0000000041996458
0x00007fa96e32b458:   0000000000000007 0000000041996358
0x00007fa96e32b468:   00007fa8e956b661 0101000000000000
0x00007fa96e32b478:   0000000164779c5c 0000000100002133
0x00007fa96e32b488:   0000000100000001 0000001000000004
0x00007fa96e32b498:   0000001000000000 00007fa964779bdc
0x00007fa96e32b4a8:   0000001000040006 0000000000000004
0x00007fa96e32b4b8:   0080000000000000 3fffffff3fffffff 

Instructions: (pc=0x0000000040e36f27)
0x0000000040e36f07:   5c 24 f0 48 89 74 24 e8 48 89 7c 24 e0 48 8b df
0x0000000040e36f17:   48 8b c6 48 8b e9 48 8b d2 48 8d 2c aa 4c 8b dd
0x0000000040e36f27:   8b 0a 49 ba a8 bf 9b 41 00 00 00 00 41 03 0a 48
0x0000000040e36f37:   83 c2 04 48 be f8 5c 99 41 00 00 00 00 48 8b 36 

Register to memory mapping:

RAX=0x00007fa8e8301e60 is an unknown value
RBX=0x000000004193e000 is an unknown value
RCX=0x0000000000000003 is an unknown value
RDX=0x0000000000000000 is an unknown value
RSP=0x00007fa96e32b2c8 is pointing into the stack for thread: 0x00007fa96400b800
RBP=0x000000000000000c is an unknown value
RSI=0x00007fa8e8301e60 is an unknown value
RDI=0x000000004193e000 is an unknown value
R8 =0x00007fa9647931d0 is an unknown value
R9 =0x00000001019c0000 is an unknown value
R10=0x0000000000000001 is an unknown value
R11=0x000000000000000c is an unknown value
R12=0x0000000000000003 is an unknown value
R13=0x0000000000000003 is an unknown value
R14=0x0000000000000000 is an unknown value
R15=0x0000000000000030 is an unknown value


Stack: [0x00007fa96e22d000,0x00007fa96e32d000],  sp=0x00007fa96e32b2c8,  free space=1016k
Native frames: (J=compiled Java code, j=interpreted, Vv=VM code, C=native code)
C  0x0000000040e36f27

Java frames: (J=compiled Java code, j=interpreted, Vv=VM code)
j  org.lwjgl.opengl.GL11C.nglDrawElements(IIIJ)V+0
j  org.lwjgl.opengl.GL11C.glDrawElements(IIIJ)V+4
j  org.lwjgl.opengl.GL11.glDrawElements(IIIJ)V+4
j  rendering.Renderer.renderModel(Lrendering/RawModel;)V+20
j  main.Main.main([Ljava/lang/String;)V+76
v  ~StubRoutines::call_stub

---------------  P R O C E S S  ---------------

Java Threads: ( => current thread )
  0x00007fa9640ea000 JavaThread "Service Thread" daemon [_thread_blocked, id=7221, stack(0x00007fa93c3c5000,0x00007fa93c4c6000)]
  0x00007fa9640cc800 JavaThread "C1 CompilerThread3" daemon [_thread_blocked, id=7220, stack(0x00007fa93c4c7000,0x00007fa93c5c7000)]
  0x00007fa9640ca800 JavaThread "C2 CompilerThread2" daemon [_thread_blocked, id=7219, stack(0x00007fa93c5c8000,0x00007fa93c6c8000)]
  0x00007fa9640c9000 JavaThread "C2 CompilerThread1" daemon [_thread_in_native, id=7218, stack(0x00007fa93c6c9000,0x00007fa93c7c9000)]
  0x00007fa9640c6000 JavaThread "C2 CompilerThread0" daemon [_thread_blocked, id=7217, stack(0x00007fa93c7ca000,0x00007fa93c8ca000)]
  0x00007fa9640c4800 JavaThread "Signal Dispatcher" daemon [_thread_blocked, id=7216, stack(0x00007fa93c8ca000,0x00007fa93c9cb000)]
  0x00007fa964091800 JavaThread "Finalizer" daemon [_thread_blocked, id=7215, stack(0x00007fa93d39a000,0x00007fa93d49b000)]
  0x00007fa96408f000 JavaThread "Reference Handler" daemon [_thread_blocked, id=7214, stack(0x00007fa93d49b000,0x00007fa93d59c000)]
=>0x00007fa96400b800 JavaThread "main" [_thread_in_native, id=7202, stack(0x00007fa96e22d000,0x00007fa96e32d000)]

Other Threads:
  0x00007fa964085800 VMThread [stack: 0x00007fa93d59d000,0x00007fa93d69d000] [id=7213]
  0x00007fa9640ec800 WatcherThread [stack: 0x00007fa93c2c5000,0x00007fa93c3c5000] [id=7222]

VM state:not at safepoint (normal execution)

VM Mutex/Monitor currently owned by a thread: None

heap address: 0x00000005ccc00000, size: 7988 MB, Compressed Oops mode: Zero based, Oop shift amount: 3
Narrow klass base: 0x0000000000000000, Narrow klass shift: 3
Compressed class space size: 1073741824 Address: 0x00000007c0000000

Heap:
 PSYoungGen      total 149504K, used 18013K [0x0000000719980000, 0x0000000724000000, 0x00000007c0000000)
  eden space 128512K, 14% used [0x0000000719980000,0x000000071ab17640,0x0000000721700000)
  from space 20992K, 0% used [0x0000000722b80000,0x0000000722b80000,0x0000000724000000)
  to   space 20992K, 0% used [0x0000000721700000,0x0000000721700000,0x0000000722b80000)
 ParOldGen       total 341504K, used 0K [0x00000005ccc00000, 0x00000005e1980000, 0x0000000719980000)
  object space 341504K, 0% used [0x00000005ccc00000,0x00000005ccc00000,0x00000005e1980000)
 Metaspace       used 8863K, capacity 9011K, committed 9216K, reserved 1058816K
  class space    used 671K, capacity 742K, committed 768K, reserved 1048576K

Card table byte_map: [0x00007fa96982d000,0x00007fa96a7c8000] byte_map_base: 0x00007fa9669c7000

Marking Bits: (ParMarkBitMap*) 0x00007fa96d4c7360
 Begin Bits: [0x00007fa918660000, 0x00007fa920330000)
 End Bits:   [0x00007fa920330000, 0x00007fa928000000)

Polling page: 0x00007fa96e348000

CodeCache: size=245760Kb used=2507Kb max_used=2507Kb free=243252Kb
 bounds [0x00007fa955000000, 0x00007fa955280000, 0x00007fa964000000]
 total_blobs=1437 nmethods=546 adapters=806
 compilation: enabled

Compilation events (10 events):
Event: 0.932 Thread 0x00007fa9640cc800 nmethod 542 0x00007fa95526b550 code [0x00007fa95526b940, 0x00007fa95526e028]
Event: 0.932 Thread 0x00007fa9640cc800  543   !   3       java.net.URLClassLoader::definePackageInternal (81 bytes)
Event: 0.933 Thread 0x00007fa9640cc800 nmethod 543 0x00007fa95526f210 code [0x00007fa95526f440, 0x00007fa95526ff98]
Event: 0.933 Thread 0x00007fa9640cc800  544       3       java.net.URLClassLoader::getAndVerifyPackage (109 bytes)
Event: 0.934 Thread 0x00007fa9640cc800 nmethod 544 0x00007fa955270450 code [0x00007fa955270740, 0x00007fa955271e28]
Event: 0.934 Thread 0x00007fa9640cc800  545       3       java.lang.ClassLoader::addClass (9 bytes)
Event: 0.934 Thread 0x00007fa9640cc800 nmethod 545 0x00007fa955272850 code [0x00007fa9552729c0, 0x00007fa955272be8]
Event: 0.934 Thread 0x00007fa9640cc800  546       3       java.lang.ClassLoader::postDefineClass (26 bytes)
Event: 0.934 Thread 0x00007fa9640cc800 nmethod 546 0x00007fa955272cd0 code [0x00007fa955272e60, 0x00007fa9552733b8]
Event: 0.967 Thread 0x00007fa9640c9000  547       4       java.lang.String::lastIndexOf (151 bytes)

GC Heap History (0 events):
No events

Deoptimization events (0 events):
No events

Classes redefined (0 events):
No events

Internal exceptions (10 events):
Event: 0.180 Thread 0x00007fa96400b800 Exception <a 'java/security/PrivilegedActionException'> (0x0000000719f54b48) thrown at [/build/openjdk-8-OqY7zN/openjdk-8-8u222-b10/src/hotspot/src/share/vm/prims/jvm.cpp, line 1502]
Event: 0.180 Thread 0x00007fa96400b800 Exception <a 'java/security/PrivilegedActionException'> (0x0000000719f54d58) thrown at [/build/openjdk-8-OqY7zN/openjdk-8-8u222-b10/src/hotspot/src/share/vm/prims/jvm.cpp, line 1502]
Event: 0.181 Thread 0x00007fa96400b800 Exception <a 'java/security/PrivilegedActionException'> (0x0000000719f56de0) thrown at [/build/openjdk-8-OqY7zN/openjdk-8-8u222-b10/src/hotspot/src/share/vm/prims/jvm.cpp, line 1502]
Event: 0.181 Thread 0x00007fa96400b800 Exception <a 'java/security/PrivilegedActionException'> (0x0000000719f56ff0) thrown at [/build/openjdk-8-OqY7zN/openjdk-8-8u222-b10/src/hotspot/src/share/vm/prims/jvm.cpp, line 1502]
Event: 0.181 Thread 0x00007fa96400b800 Exception <a 'java/security/PrivilegedActionException'> (0x0000000719f57ac8) thrown at [/build/openjdk-8-OqY7zN/openjdk-8-8u222-b10/src/hotspot/src/share/vm/prims/jvm.cpp, line 1502]
Event: 0.181 Thread 0x00007fa96400b800 Exception <a 'java/security/PrivilegedActionException'> (0x0000000719f57cd8) thrown at [/build/openjdk-8-OqY7zN/openjdk-8-8u222-b10/src/hotspot/src/share/vm/prims/jvm.cpp, line 1502]
Event: 0.194 Thread 0x00007fa96400b800 Exception <a 'sun/nio/fs/UnixException'> (0x0000000719f84e00) thrown at [/build/openjdk-8-OqY7zN/openjdk-8-8u222-b10/src/hotspot/src/share/vm/prims/jni.cpp, line 710]
Event: 0.200 Thread 0x00007fa96400b800 Exception <a 'sun/nio/fs/UnixException'> (0x0000000719f952f0) thrown at [/build/openjdk-8-OqY7zN/openjdk-8-8u222-b10/src/hotspot/src/share/vm/prims/jni.cpp, line 710]
Event: 0.593 Thread 0x00007fa96400b800 Exception <a 'sun/nio/fs/UnixException'> (0x000000071a079158) thrown at [/build/openjdk-8-OqY7zN/openjdk-8-8u222-b10/src/hotspot/src/share/vm/prims/jni.cpp, line 710]
Event: 0.594 Thread 0x00007fa96400b800 Exception <a 'sun/nio/fs/UnixException'> (0x000000071a0810b8) thrown at [/build/openjdk-8-OqY7zN/openjdk-8-8u222-b10/src/hotspot/src/share/vm/prims/jni.cpp, line 710]

Events (10 events):
Event: 0.931 loading class org/lwjgl/opengl/GL14C
Event: 0.931 loading class org/lwjgl/opengl/GL14C done
Event: 0.931 loading class org/lwjgl/opengl/GL13C
Event: 0.931 loading class org/lwjgl/opengl/GL13C done
Event: 0.932 loading class org/lwjgl/opengl/GL12C
Event: 0.932 loading class org/lwjgl/opengl/GL12C done
Event: 0.932 loading class org/lwjgl/opengl/GL11C
Event: 0.932 loading class org/lwjgl/opengl/GL11C done
Event: 0.967 loading class rendering/Renderer
Event: 0.967 loading class rendering/Renderer done


Dynamic libraries:
40e35000-40e37000 r-xs 00000000 103:02 15728661                          /tmp/.glZYXvuQ (deleted)
4193e000-419f0000 rw-p 00000000 00:00 0 
5ccc00000-5e1980000 rw-p 00000000 00:00 0 
5e1980000-719980000 ---p 00000000 00:00 0 
719980000-724000000 rw-p 00000000 00:00 0 
724000000-7c0000000 ---p 00000000 00:00 0 
7c0000000-7c00c0000 rw-p 00000000 00:00 0 
7c00c0000-800000000 ---p 00000000 00:00 0 
55d0c8917000-55d0c8918000 r-xp 00000000 103:02 9838898                   /usr/lib/jvm/java-8-openjdk-amd64/jre/bin/java
55d0c8b17000-55d0c8b18000 r--p 00000000 103:02 9838898                   /usr/lib/jvm/java-8-openjdk-amd64/jre/bin/java
55d0c8b18000-55d0c8b19000 rw-p 00001000 103:02 9838898                   /usr/lib/jvm/java-8-openjdk-amd64/jre/bin/java
55d0c90da000-55d0c90fb000 rw-p 00000000 00:00 0                          [heap]
7fa8e7ca6000-7fa8e7ce6000 rw-p 00000000 00:00 0 
7fa8e7ce6000-7fa8e7ea6000 ---p 00000000 00:00 0 
7fa8e7ea6000-7fa8e7ee6000 rw-s 00000000 08:01 16255846                   /home/sam/#16255846 (deleted)
7fa8e7ee6000-7fa8e7f26000 r-xs 00000000 08:01 16255846                   /home/sam/#16255846 (deleted)
7fa8e7f26000-7fa8e7f7e000 r-xp 00000000 103:02 18483150                  /tmp/lwjglsam/3.2.3-build-13/liblwjgl_opengl.so
7fa8e7f7e000-7fa8e817d000 ---p 00058000 103:02 18483150                  /tmp/lwjglsam/3.2.3-build-13/liblwjgl_opengl.so
7fa8e817d000-7fa8e817e000 r--p 00057000 103:02 18483150                  /tmp/lwjglsam/3.2.3-build-13/liblwjgl_opengl.so
7fa8e817e000-7fa8e817f000 rw-p 00058000 103:02 18483150                  /tmp/lwjglsam/3.2.3-build-13/liblwjgl_opengl.so
7fa8e817f000-7fa8e81ff000 rw-s 00000000 00:06 574                        /dev/nvidiactl
7fa8e81ff000-7fa8e827f000 rw-s 00000000 00:06 574                        /dev/nvidiactl
7fa8e827f000-7fa8e82ff000 rw-s 00000000 00:06 574                        /dev/nvidiactl
7fa8e82ff000-7fa8e83ff000 rw-s 00000000 00:06 574                        /dev/nvidiactl
7fa8e83ff000-7fa8e843f000 rw-s 00000000 00:06 574                        /dev/nvidiactl
7fa8e843f000-7fa8e844f000 r-xp 00000000 103:02 9840432                   /usr/lib/x86_64-linux-gnu/libdrm.so.2.4.0
7fa8e844f000-7fa8e864e000 ---p 00010000 103:02 9840432                   /usr/lib/x86_64-linux-gnu/libdrm.so.2.4.0
7fa8e864e000-7fa8e864f000 r--p 0000f000 103:02 9840432                   /usr/lib/x86_64-linux-gnu/libdrm.so.2.4.0
7fa8e864f000-7fa8e8650000 rw-p 00010000 103:02 9840432                   /usr/lib/x86_64-linux-gnu/libdrm.so.2.4.0
7fa8e8650000-7fa8e98b9000 r-xp 00000000 103:02 9840564                   /usr/lib/x86_64-linux-gnu/libnvidia-glcore.so.430.34
7fa8e98b9000-7fa8e98da000 rwxp 01269000 103:02 9840564                   /usr/lib/x86_64-linux-gnu/libnvidia-glcore.so.430.34
7fa8e98da000-7fa8e9dd4000 r-xp 0128a000 103:02 9840564                   /usr/lib/x86_64-linux-gnu/libnvidia-glcore.so.430.34
7fa8e9dd4000-7fa8e9fd3000 ---p 01784000 103:02 9840564                   /usr/lib/x86_64-linux-gnu/libnvidia-glcore.so.430.34
7fa8e9fd3000-7fa8ea308000 rw-p 01783000 103:02 9840564                   /usr/lib/x86_64-linux-gnu/libnvidia-glcore.so.430.34
7fa8ea308000-7fa8ea324000 rw-p 00000000 00:00 0 
7fa8ea324000-7fa8ea327000 r-xp 00000000 103:02 9840568                   /usr/lib/x86_64-linux-gnu/libnvidia-tls.so.430.34
7fa8ea327000-7fa8ea527000 ---p 00003000 103:02 9840568                   /usr/lib/x86_64-linux-gnu/libnvidia-tls.so.430.34
7fa8ea527000-7fa8ea528000 rw-p 00003000 103:02 9840568                   /usr/lib/x86_64-linux-gnu/libnvidia-tls.so.430.34
7fa8ea528000-7fa8ea5d7000 r-xp 00000000 103:02 9840561                   /usr/lib/x86_64-linux-gnu/libGLX_nvidia.so.430.34
7fa8ea5d7000-7fa8ea60c000 rwxp 000af000 103:02 9840561                   /usr/lib/x86_64-linux-gnu/libGLX_nvidia.so.430.34
7fa8ea60c000-7fa8ea61b000 r-xp 000e4000 103:02 9840561                   /usr/lib/x86_64-linux-gnu/libGLX_nvidia.so.430.34
7fa8ea61b000-7fa8ea81b000 ---p 000f3000 103:02 9840561                   /usr/lib/x86_64-linux-gnu/libGLX_nvidia.so.430.34
7fa8ea81b000-7fa8ea83f000 rw-p 000f3000 103:02 9840561                   /usr/lib/x86_64-linux-gnu/libGLX_nvidia.so.430.34
7fa8ea83f000-7fa8ea841000 rw-p 00000000 00:00 0 
7fa8ea841000-7fa8ea883000 r-xp 00000000 103:02 9837994                   /usr/lib/x86_64-linux-gnu/libGLdispatch.so.0.0.0
7fa8ea883000-7fa8ea89c000 r-xp 00042000 103:02 9837994                   /usr/lib/x86_64-linux-gnu/libGLdispatch.so.0.0.0
7fa8ea89c000-7fa8ea8af000 r-xp 0005b000 103:02 9837994                   /usr/lib/x86_64-linux-gnu/libGLdispatch.so.0.0.0
7fa8ea8af000-7fa8eaaae000 ---p 0006e000 103:02 9837994                   /usr/lib/x86_64-linux-gnu/libGLdispatch.so.0.0.0
7fa8eaaae000-7fa8eaad6000 r--p 0006d000 103:02 9837994                   /usr/lib/x86_64-linux-gnu/libGLdispatch.so.0.0.0
7fa8eaad6000-7fa8eaad7000 rw-p 00095000 103:02 9837994                   /usr/lib/x86_64-linux-gnu/libGLdispatch.so.0.0.0
7fa8eaad7000-7fa8eaaf7000 rw-p 00000000 00:00 0 
7fa8eaaf7000-7fa8eab07000 r-xp 00000000 103:02 9837992                   /usr/lib/x86_64-linux-gnu/libGLX.so.0.0.0
7fa8eab07000-7fa8ead06000 ---p 00010000 103:02 9837992                   /usr/lib/x86_64-linux-gnu/libGLX.so.0.0.0
7fa8ead06000-7fa8ead07000 r--p 0000f000 103:02 9837992                   /usr/lib/x86_64-linux-gnu/libGLX.so.0.0.0
7fa8ead07000-7fa8ead08000 rw-p 00010000 103:02 9837992                   /usr/lib/x86_64-linux-gnu/libGLX.so.0.0.0
7fa8ead08000-7fa8ead28000 rw-p 00000000 00:00 0 
7fa8ead28000-7fa8ead6c000 r-xp 00000000 103:02 9837986                   /usr/lib/x86_64-linux-gnu/libGL.so.1.0.0
7fa8ead6c000-7fa8ead85000 r-xp 00044000 103:02 9837986                   /usr/lib/x86_64-linux-gnu/libGL.so.1.0.0
7fa8ead85000-7fa8ead99000 r-xp 0005d000 103:02 9837986                   /usr/lib/x86_64-linux-gnu/libGL.so.1.0.0
7fa8ead99000-7fa8eaf98000 ---p 00071000 103:02 9837986                   /usr/lib/x86_64-linux-gnu/libGL.so.1.0.0
7fa8eaf98000-7fa8eafb2000 r--p 00070000 103:02 9837986                   /usr/lib/x86_64-linux-gnu/libGL.so.1.0.0
7fa8eafb2000-7fa8eafb3000 rw-p 0008a000 103:02 9837986                   /usr/lib/x86_64-linux-gnu/libGL.so.1.0.0
7fa8eafb3000-7fa8eafb4000 rw-p 00000000 00:00 0 
7fa8eafb4000-7fa8eafb5000 r-xp 00000000 103:02 9840453                   /usr/lib/x86_64-linux-gnu/libX11-xcb.so.1.0.0
7fa8eafb5000-7fa8eb1b4000 ---p 00001000 103:02 9840453                   /usr/lib/x86_64-linux-gnu/libX11-xcb.so.1.0.0
7fa8eb1b4000-7fa8eb1b5000 r--p 00000000 103:02 9840453                   /usr/lib/x86_64-linux-gnu/libX11-xcb.so.1.0.0
7fa8eb1b5000-7fa8eb1b6000 rw-p 00001000 103:02 9840453                   /usr/lib/x86_64-linux-gnu/libX11-xcb.so.1.0.0
7fa8eb1b6000-7fa8eb1b8000 r-xp 00000000 103:02 9838067                   /usr/lib/x86_64-linux-gnu/libXinerama.so.1.0.0
7fa8eb1b8000-7fa8eb3b7000 ---p 00002000 103:02 9838067                   /usr/lib/x86_64-linux-gnu/libXinerama.so.1.0.0
7fa8eb3b7000-7fa8eb3b8000 r--p 00001000 103:02 9838067                   /usr/lib/x86_64-linux-gnu/libXinerama.so.1.0.0
7fa8eb3b8000-7fa8eb3b9000 rw-p 00002000 103:02 9838067                   /usr/lib/x86_64-linux-gnu/libXinerama.so.1.0.0
7fa8eb3b9000-7fa8eb3be000 r-xp 00000000 103:02 9838059                   /usr/lib/x86_64-linux-gnu/libXfixes.so.3.1.0
7fa8eb3be000-7fa8eb5bd000 ---p 00005000 103:02 9838059                   /usr/lib/x86_64-linux-gnu/libXfixes.so.3.1.0
7fa8eb5bd000-7fa8eb5be000 r--p 00004000 103:02 9838059                   /usr/lib/x86_64-linux-gnu/libXfixes.so.3.1.0
7fa8eb5be000-7fa8eb5bf000 rw-p 00005000 103:02 9838059                   /usr/lib/x86_64-linux-gnu/libXfixes.so.3.1.0
7fa8eb5bf000-7fa8eb5c8000 r-xp 00000000 103:02 9838051                   /usr/lib/x86_64-linux-gnu/libXcursor.so.1.0.2
7fa8eb5c8000-7fa8eb7c7000 ---p 00009000 103:02 9838051                   /usr/lib/x86_64-linux-gnu/libXcursor.so.1.0.2
7fa8eb7c7000-7fa8eb7c8000 r--p 00008000 103:02 9838051                   /usr/lib/x86_64-linux-gnu/libXcursor.so.1.0.2
7fa8eb7c8000-7fa8eb7c9000 rw-p 00009000 103:02 9838051                   /usr/lib/x86_64-linux-gnu/libXcursor.so.1.0.2
7fa8eb7c9000-7fa8eb7d2000 r-xp 00000000 103:02 9838077                   /usr/lib/x86_64-linux-gnu/libXrender.so.1.3.0
7fa8eb7d2000-7fa8eb9d1000 ---p 00009000 103:02 9838077                   /usr/lib/x86_64-linux-gnu/libXrender.so.1.3.0
7fa8eb9d1000-7fa8eb9d2000 r--p 00008000 103:02 9838077                   /usr/lib/x86_64-linux-gnu/libXrender.so.1.3.0
7fa8eb9d2000-7fa8eb9d3000 rw-p 00009000 103:02 9838077                   /usr/lib/x86_64-linux-gnu/libXrender.so.1.3.0
7fa8eb9d3000-7fa8eb9dd000 r-xp 00000000 103:02 9838075                   /usr/lib/x86_64-linux-gnu/libXrandr.so.2.2.0
7fa8eb9dd000-7fa8ebbdc000 ---p 0000a000 103:02 9838075                   /usr/lib/x86_64-linux-gnu/libXrandr.so.2.2.0
7fa8ebbdc000-7fa8ebbdd000 r--p 00009000 103:02 9838075                   /usr/lib/x86_64-linux-gnu/libXrandr.so.2.2.0
7fa8ebbdd000-7fa8ebbde000 rw-p 0000a000 103:02 9838075                   /usr/lib/x86_64-linux-gnu/libXrandr.so.2.2.0
7fa8ebbde000-7fa8ebbed000 r-xp 00000000 103:02 9838065                   /usr/lib/x86_64-linux-gnu/libXi.so.6.1.0
7fa8ebbed000-7fa8ebdec000 ---p 0000f000 103:02 9838065                   /usr/lib/x86_64-linux-gnu/libXi.so.6.1.0
7fa8ebdec000-7fa8ebded000 r--p 0000e000 103:02 9838065                   /usr/lib/x86_64-linux-gnu/libXi.so.6.1.0
7fa8ebded000-7fa8ebdee000 rw-p 0000f000 103:02 9838065                   /usr/lib/x86_64-linux-gnu/libXi.so.6.1.0
7fa8ebdee000-7fa8ebdff000 r-xp 00000000 103:02 9838057                   /usr/lib/x86_64-linux-gnu/libXext.so.6.4.0
7fa8ebdff000-7fa8ebffe000 ---p 00011000 103:02 9838057                   /usr/lib/x86_64-linux-gnu/libXext.so.6.4.0
7fa8ebffe000-7fa8ebfff000 r--p 00010000 103:02 9838057                   /usr/lib/x86_64-linux-gnu/libXext.so.6.4.0
7fa8ebfff000-7fa8ec000000 rw-p 00011000 103:02 9838057                   /usr/lib/x86_64-linux-gnu/libXext.so.6.4.0
7fa8ec000000-7fa8ec021000 rw-p 00000000 00:00 0 
7fa8ec021000-7fa8f0000000 ---p 00000000 00:00 0 
7fa8f0000000-7fa8f0021000 rw-p 00000000 00:00 0 
7fa8f0021000-7fa8f4000000 ---p 00000000 00:00 0 
7fa8f4000000-7fa8f4024000 rw-p 00000000 00:00 0 
7fa8f4024000-7fa8f8000000 ---p 00000000 00:00 0 
7fa8f8000000-7fa8f81bb000 rw-p 00000000 00:00 0 
7fa8f81bb000-7fa8fc000000 ---p 00000000 00:00 0 
7fa8fc000000-7fa8fc04a000 rw-p 00000000 00:00 0 
7fa8fc04a000-7fa900000000 ---p 00000000 00:00 0 
7fa900000000-7fa9000cb000 rw-p 00000000 00:00 0 
7fa9000cb000-7fa904000000 ---p 00000000 00:00 0 
7fa904000000-7fa904021000 rw-p 00000000 00:00 0 
7fa904021000-7fa908000000 ---p 00000000 00:00 0 
7fa908000000-7fa908021000 rw-p 00000000 00:00 0 
7fa908021000-7fa90c000000 ---p 00000000 00:00 0 
7fa90c000000-7fa90c021000 rw-p 00000000 00:00 0 
7fa90c021000-7fa910000000 ---p 00000000 00:00 0 
7fa910000000-7fa910021000 rw-p 00000000 00:00 0 
7fa910021000-7fa914000000 ---p 00000000 00:00 0 
7fa914000000-7fa914021000 rw-p 00000000 00:00 0 
7fa914021000-7fa918000000 ---p 00000000 00:00 0 
7fa91803f000-7fa918044000 r-xp 00000000 103:02 9838093                   /usr/lib/x86_64-linux-gnu/libXxf86vm.so.1.0.0
7fa918044000-7fa918243000 ---p 00005000 103:02 9838093                   /usr/lib/x86_64-linux-gnu/libXxf86vm.so.1.0.0
7fa918243000-7fa918244000 r--p 00004000 103:02 9838093                   /usr/lib/x86_64-linux-gnu/libXxf86vm.so.1.0.0
7fa918244000-7fa918245000 rw-p 00005000 103:02 9838093                   /usr/lib/x86_64-linux-gnu/libXxf86vm.so.1.0.0
7fa918245000-7fa918258000 r-xp 00000000 103:02 22942382                  /lib/x86_64-linux-gnu/libbsd.so.0.8.7
7fa918258000-7fa918457000 ---p 00013000 103:02 22942382                  /lib/x86_64-linux-gnu/libbsd.so.0.8.7
7fa918457000-7fa918458000 r--p 00012000 103:02 22942382                  /lib/x86_64-linux-gnu/libbsd.so.0.8.7
7fa918458000-7fa918459000 rw-p 00013000 103:02 22942382                  /lib/x86_64-linux-gnu/libbsd.so.0.8.7
7fa918459000-7fa91845a000 rw-p 00000000 00:00 0 
7fa91845a000-7fa91845f000 r-xp 00000000 103:02 9838055                   /usr/lib/x86_64-linux-gnu/libXdmcp.so.6.0.0
7fa91845f000-7fa91865e000 ---p 00005000 103:02 9838055                   /usr/lib/x86_64-linux-gnu/libXdmcp.so.6.0.0
7fa91865e000-7fa91865f000 r--p 00004000 103:02 9838055                   /usr/lib/x86_64-linux-gnu/libXdmcp.so.6.0.0
7fa91865f000-7fa918660000 rw-p 00005000 103:02 9838055                   /usr/lib/x86_64-linux-gnu/libXdmcp.so.6.0.0
7fa918660000-7fa928000000 rw-p 00000000 00:00 0 
7fa928000000-7fa928021000 rw-p 00000000 00:00 0 
7fa928021000-7fa92c000000 ---p 00000000 00:00 0 
7fa92c000000-7fa92c021000 rw-p 00000000 00:00 0 
7fa92c021000-7fa930000000 ---p 00000000 00:00 0 
7fa930000000-7fa930021000 rw-p 00000000 00:00 0 
7fa930021000-7fa934000000 ---p 00000000 00:00 0 
7fa934014000-7fa934027000 rw-s 00000000 00:06 574                        /dev/nvidiactl
7fa934027000-7fa934047000 rw-s 00000000 00:06 574                        /dev/nvidiactl
7fa934047000-7fa934087000 rw-s 00000000 00:06 574                        /dev/nvidiactl
7fa934087000-7fa9340c7000 rw-s 00000000 00:06 574                        /dev/nvidiactl
7fa9340c7000-7fa9341cc000 rw-s 00000000 00:06 574                        /dev/nvidiactl
7fa9341cc000-7fa9341ce000 r-xp 00000000 103:02 9838044                   /usr/lib/x86_64-linux-gnu/libXau.so.6.0.0
7fa9341ce000-7fa9343ce000 ---p 00002000 103:02 9838044                   /usr/lib/x86_64-linux-gnu/libXau.so.6.0.0
7fa9343ce000-7fa9343cf000 r--p 00002000 103:02 9838044                   /usr/lib/x86_64-linux-gnu/libXau.so.6.0.0
7fa9343cf000-7fa9343d0000 rw-p 00003000 103:02 9838044                   /usr/lib/x86_64-linux-gnu/libXau.so.6.0.0
7fa9343d0000-7fa9343f6000 r-xp 00000000 103:02 9840409                   /usr/lib/x86_64-linux-gnu/libxcb.so.1.1.0
7fa9343f6000-7fa9345f6000 ---p 00026000 103:02 9840409                   /usr/lib/x86_64-linux-gnu/libxcb.so.1.1.0
7fa9345f6000-7fa9345f7000 r--p 00026000 103:02 9840409                   /usr/lib/x86_64-linux-gnu/libxcb.so.1.1.0
7fa9345f7000-7fa9345f8000 rw-p 00027000 103:02 9840409                   /usr/lib/x86_64-linux-gnu/libxcb.so.1.1.0
7fa9345f8000-7fa93472b000 r-xp 00000000 103:02 9839217                   /usr/lib/x86_64-linux-gnu/libX11.so.6.3.0
7fa93472b000-7fa93492b000 ---p 00133000 103:02 9839217                   /usr/lib/x86_64-linux-gnu/libX11.so.6.3.0
7fa93492b000-7fa93492c000 r--p 00133000 103:02 9839217                   /usr/lib/x86_64-linux-gnu/libX11.so.6.3.0
7fa93492c000-7fa934930000 rw-p 00134000 103:02 9839217                   /usr/lib/x86_64-linux-gnu/libX11.so.6.3.0
7fa934930000-7fa934973000 r-xp 00000000 103:02 18483149                  /tmp/lwjglsam/3.2.3-build-13/libglfw.so
7fa934973000-7fa934b72000 ---p 00043000 103:02 18483149                  /tmp/lwjglsam/3.2.3-build-13/libglfw.so
7fa934b72000-7fa934b73000 r--p 00042000 103:02 18483149                  /tmp/lwjglsam/3.2.3-build-13/libglfw.so
7fa934b73000-7fa934b75000 rw-p 00043000 103:02 18483149                  /tmp/lwjglsam/3.2.3-build-13/libglfw.so
7fa934b75000-7fa934b96000 rw-p 00000000 00:00 0 
7fa934b96000-7fa934be7000 r-xp 00000000 103:02 18483139                  /tmp/lwjglsam/3.2.3-build-13/liblwjgl.so
7fa934be7000-7fa934de6000 ---p 00051000 103:02 18483139                  /tmp/lwjglsam/3.2.3-build-13/liblwjgl.so
7fa934de6000-7fa934de7000 r--p 00050000 103:02 18483139                  /tmp/lwjglsam/3.2.3-build-13/liblwjgl.so
7fa934de7000-7fa934de8000 rw-p 00051000 103:02 18483139                  /tmp/lwjglsam/3.2.3-build-13/liblwjgl.so
7fa934de8000-7fa937de9000 rw-p 00000000 00:00 0 
7fa937de9000-7fa937dff000 r-xp 00000000 103:02 9839031                   /usr/lib/jvm/java-8-openjdk-amd64/jre/lib/amd64/libnet.so
7fa937dff000-7fa937ffe000 ---p 00016000 103:02 9839031                   /usr/lib/jvm/java-8-openjdk-amd64/jre/lib/amd64/libnet.so
7fa937ffe000-7fa937fff000 r--p 00015000 103:02 9839031                   /usr/lib/jvm/java-8-openjdk-amd64/jre/lib/amd64/libnet.so
7fa937fff000-7fa938000000 rw-p 00016000 103:02 9839031                   /usr/lib/jvm/java-8-openjdk-amd64/jre/lib/amd64/libnet.so
7fa938000000-7fa938021000 rw-p 00000000 00:00 0 
7fa938021000-7fa93c000000 ---p 00000000 00:00 0 
7fa93c004000-7fa93c006000 rw-s 00000000 103:02 15728661                  /tmp/.glZYXvuQ (deleted)
7fa93c006000-7fa93c016000 rw-s 00000000 00:06 575                        /dev/nvidia0
7fa93c016000-7fa93c017000 rw-s 00000000 00:06 574                        /dev/nvidiactl
7fa93c017000-7fa93c01b000 rw-s 00000000 00:06 574                        /dev/nvidiactl
7fa93c01b000-7fa93c01c000 rw-s 00000000 00:06 575                        /dev/nvidia0
7fa93c01c000-7fa93c01d000 rw-s 00000000 00:06 575                        /dev/nvidia0
7fa93c01d000-7fa93c03d000 rw-s 00000000 00:06 574                        /dev/nvidiactl
7fa93c03d000-7fa93c03e000 rw-s 00000000 00:06 575                        /dev/nvidia0
7fa93c03e000-7fa93c05e000 rw-s 00000000 00:06 574                        /dev/nvidiactl
7fa93c05e000-7fa93c05f000 rw-s 00000000 00:06 574                        /dev/nvidiactl
7fa93c05f000-7fa93c060000 rw-s 00000000 00:06 574                        /dev/nvidiactl
7fa93c060000-7fa93c067000 r--s 00000000 103:02 10095718                  /usr/lib/x86_64-linux-gnu/gconv/gconv-modules.cache
7fa93c067000-7fa93c078000 r-xp 00000000 103:02 9839036                   /usr/lib/jvm/java-8-openjdk-amd64/jre/lib/amd64/libnio.so
7fa93c078000-7fa93c277000 ---p 00011000 103:02 9839036                   /usr/lib/jvm/java-8-openjdk-amd64/jre/lib/amd64/libnio.so
7fa93c277000-7fa93c278000 r--p 00010000 103:02 9839036                   /usr/lib/jvm/java-8-openjdk-amd64/jre/lib/amd64/libnio.so
7fa93c278000-7fa93c279000 rw-p 00011000 103:02 9839036                   /usr/lib/jvm/java-8-openjdk-amd64/jre/lib/amd64/libnio.so
7fa93c279000-7fa93c28c000 r--s 00346000 103:02 9839324                   /usr/lib/jvm/java-8-openjdk-amd64/jre/lib/resources.jar
7fa93c28c000-7fa93c28d000 r--s 00022000 08:01 17960234                   /home/sam/Downloads/lwjgl-3.2.3/lwjgl-glfw/lwjgl-glfw-natives-linux-arm64.jar
7fa93c28d000-7fa93c290000 r--s 00018000 08:01 17960240                   /home/sam/Downloads/lwjgl-3.2.3/lwjgl-glfw/lwjgl-glfw.jar
7fa93c290000-7fa93c292000 r--s 0000d000 08:01 19795215                   /home/sam/Downloads/lwjgl-3.2.3/lwjgl-opengl/lwjgl-opengl-natives-linux-arm64.jar
7fa93c292000-7fa93c29d000 r--s 000da000 08:01 19795221                   /home/sam/Downloads/lwjgl-3.2.3/lwjgl-opengl/lwjgl-opengl.jar
7fa93c29d000-7fa93c2a4000 r--s 00081000 08:01 16518147                   /home/sam/Downloads/lwjgl-3.2.3/lwjgl/lwjgl.jar
7fa93c2a4000-7fa93c2a9000 r--s 0003c000 103:02 9839214                   /usr/lib/jvm/java-8-openjdk-amd64/jre/lib/ext/sunjce_provider.jar
7fa93c2a9000-7fa93c2c4000 r--s 001d6000 103:02 9839212                   /usr/lib/jvm/java-8-openjdk-amd64/jre/lib/ext/nashorn.jar
7fa93c2c4000-7fa93c2c5000 ---p 00000000 00:00 0 
7fa93c2c5000-7fa93c3c5000 rw-p 00000000 00:00 0 
7fa93c3c5000-7fa93c3c8000 ---p 00000000 00:00 0 
7fa93c3c8000-7fa93c4c6000 rw-p 00000000 00:00 0 
7fa93c4c6000-7fa93c4c7000 ---p 00000000 00:00 0 
7fa93c4c7000-7fa93c4ca000 ---p 00000000 00:00 0 
7fa93c4ca000-7fa93c5c7000 rw-p 00000000 00:00 0 
7fa93c5c7000-7fa93c5c8000 ---p 00000000 00:00 0 
7fa93c5c8000-7fa93c5cb000 ---p 00000000 00:00 0 
7fa93c5cb000-7fa93c6c8000 rw-p 00000000 00:00 0 
7fa93c6c8000-7fa93c6c9000 ---p 00000000 00:00 0 
7fa93c6c9000-7fa93c6cc000 ---p 00000000 00:00 0 
7fa93c6cc000-7fa93c7c9000 rw-p 00000000 00:00 0 
7fa93c7c9000-7fa93c7ca000 ---p 00000000 00:00 0 
7fa93c7ca000-7fa93c7cd000 ---p 00000000 00:00 0 
7fa93c7cd000-7fa93c8ca000 rw-p 00000000 00:00 0 
7fa93c8ca000-7fa93c8cd000 ---p 00000000 00:00 0 
7fa93c8cd000-7fa93c9cb000 rw-p 00000000 00:00 0 
7fa93c9cb000-7fa93d39a000 r--p 00000000 103:02 9837060                   /usr/lib/locale/locale-archive
7fa93d39a000-7fa93d39d000 ---p 00000000 00:00 0 
7fa93d39d000-7fa93d49b000 rw-p 00000000 00:00 0 
7fa93d49b000-7fa93d49e000 ---p 00000000 00:00 0 
7fa93d49e000-7fa93d59c000 rw-p 00000000 00:00 0 
7fa93d59c000-7fa93d59d000 ---p 00000000 00:00 0 
7fa93d59d000-7fa940000000 rw-p 00000000 00:00 0 
7fa940000000-7fa940021000 rw-p 00000000 00:00 0 
7fa940021000-7fa944000000 ---p 00000000 00:00 0 
7fa944000000-7fa944021000 rw-p 00000000 00:00 0 
7fa944021000-7fa948000000 ---p 00000000 00:00 0 
7fa948000000-7fa948021000 rw-p 00000000 00:00 0 
7fa948021000-7fa94c000000 ---p 00000000 00:00 0 
7fa94c000000-7fa94c021000 rw-p 00000000 00:00 0 
7fa94c021000-7fa950000000 ---p 00000000 00:00 0 
7fa950000000-7fa950021000 rw-p 00000000 00:00 0 
7fa950021000-7fa954000000 ---p 00000000 00:00 0 
7fa954000000-7fa954001000 r--s 00026000 08:01 17960235                   /home/sam/Downloads/lwjgl-3.2.3/lwjgl-glfw/lwjgl-glfw-natives-linux.jar
7fa954001000-7fa954002000 r--s 00013000 08:01 19795216                   /home/sam/Downloads/lwjgl-3.2.3/lwjgl-opengl/lwjgl-opengl-natives-linux.jar
7fa954002000-7fa954003000 r--s 0000c000 08:01 16517972                   /home/sam/Downloads/lwjgl-3.2.3/lwjgl/lwjgl-natives-linux-arm64.jar
7fa954003000-7fa955000000 rw-p 00000000 00:00 0 
7fa955000000-7fa955280000 rwxp 00000000 00:00 0 
7fa955280000-7fa964000000 ---p 00000000 00:00 0 
7fa964000000-7fa964973000 rw-p 00000000 00:00 0 
7fa964973000-7fa968000000 ---p 00000000 00:00 0 
7fa968000000-7fa968001000 r--s 00012000 08:01 16517973                   /home/sam/Downloads/lwjgl-3.2.3/lwjgl/lwjgl-natives-linux.jar
7fa968001000-7fa968004000 r--s 00039000 103:02 9839215                   /usr/lib/jvm/java-8-openjdk-amd64/jre/lib/ext/sunpkcs11.jar
7fa968004000-7fa968007000 r--s 0000f000 103:02 9839204                   /usr/lib/jvm/java-8-openjdk-amd64/jre/lib/ext/icedtea-sound.jar
7fa968007000-7fa96811b000 rw-p 00000000 00:00 0 
7fa96811b000-7fa9682eb000 r--s 03c5c000 103:02 9839328                   /usr/lib/jvm/java-8-openjdk-amd64/jre/lib/rt.jar
7fa9682eb000-7fa9683bc000 rw-p 00000000 00:00 0 
7fa9683bc000-7fa9683bd000 ---p 00000000 00:00 0 
7fa9683bd000-7fa9684bd000 rw-p 00000000 00:00 0 
7fa9684bd000-7fa9684be000 ---p 00000000 00:00 0 
7fa9684be000-7fa9685be000 rw-p 00000000 00:00 0 
7fa9685be000-7fa9685bf000 ---p 00000000 00:00 0 
7fa9685bf000-7fa9686bf000 rw-p 00000000 00:00 0 
7fa9686bf000-7fa9686c0000 ---p 00000000 00:00 0 
7fa9686c0000-7fa9687c0000 rw-p 00000000 00:00 0 
7fa9687c0000-7fa9687c1000 ---p 00000000 00:00 0 
7fa9687c1000-7fa9688c1000 rw-p 00000000 00:00 0 
7fa9688c1000-7fa9688c2000 ---p 00000000 00:00 0 
7fa9688c2000-7fa9689c2000 rw-p 00000000 00:00 0 
7fa9689c2000-7fa9689c3000 ---p 00000000 00:00 0 
7fa9689c3000-7fa968ac3000 rw-p 00000000 00:00 0 
7fa968ac3000-7fa968ac4000 ---p 00000000 00:00 0 
7fa968ac4000-7fa968bc4000 rw-p 00000000 00:00 0 
7fa968bc4000-7fa968bc5000 ---p 00000000 00:00 0 
7fa968bc5000-7fa968cc5000 rw-p 00000000 00:00 0 
7fa968cc5000-7fa968cc6000 ---p 00000000 00:00 0 
7fa968cc6000-7fa968e6d000 rw-p 00000000 00:00 0 
7fa968e6d000-7fa96982d000 ---p 00000000 00:00 0 
7fa96982d000-7fa9698d4000 rw-p 00000000 00:00 0 
7fa9698d4000-7fa96a293000 ---p 00000000 00:00 0 
7fa96a293000-7fa96a2e7000 rw-p 00000000 00:00 0 
7fa96a2e7000-7fa96a7c7000 ---p 00000000 00:00 0 
7fa96a7c7000-7fa96a7d2000 rw-p 00000000 00:00 0 
7fa96a7d2000-7fa96ab88000 ---p 00000000 00:00 0 
7fa96ab88000-7fa96ab90000 r-xp 00000000 103:02 9839091                   /usr/lib/jvm/java-8-openjdk-amd64/jre/lib/amd64/libzip.so
7fa96ab90000-7fa96ad8f000 ---p 00008000 103:02 9839091                   /usr/lib/jvm/java-8-openjdk-amd64/jre/lib/amd64/libzip.so
7fa96ad8f000-7fa96ad90000 r--p 00007000 103:02 9839091                   /usr/lib/jvm/java-8-openjdk-amd64/jre/lib/amd64/libzip.so
7fa96ad90000-7fa96ad91000 rw-p 00008000 103:02 9839091                   /usr/lib/jvm/java-8-openjdk-amd64/jre/lib/amd64/libzip.so
7fa96ad91000-7fa96ad9c000 r-xp 00000000 103:02 22942476                  /lib/x86_64-linux-gnu/libnss_files-2.27.so
7fa96ad9c000-7fa96af9b000 ---p 0000b000 103:02 22942476                  /lib/x86_64-linux-gnu/libnss_files-2.27.so
7fa96af9b000-7fa96af9c000 r--p 0000a000 103:02 22942476                  /lib/x86_64-linux-gnu/libnss_files-2.27.so
7fa96af9c000-7fa96af9d000 rw-p 0000b000 103:02 22942476                  /lib/x86_64-linux-gnu/libnss_files-2.27.so
7fa96af9d000-7fa96afa3000 rw-p 00000000 00:00 0 
7fa96afa3000-7fa96afba000 r-xp 00000000 103:02 22942470                  /lib/x86_64-linux-gnu/libnsl-2.27.so
7fa96afba000-7fa96b1b9000 ---p 00017000 103:02 22942470                  /lib/x86_64-linux-gnu/libnsl-2.27.so
7fa96b1b9000-7fa96b1ba000 r--p 00016000 103:02 22942470                  /lib/x86_64-linux-gnu/libnsl-2.27.so
7fa96b1ba000-7fa96b1bb000 rw-p 00017000 103:02 22942470                  /lib/x86_64-linux-gnu/libnsl-2.27.so
7fa96b1bb000-7fa96b1bd000 rw-p 00000000 00:00 0 
7fa96b1bd000-7fa96b1c8000 r-xp 00000000 103:02 22942487                  /lib/x86_64-linux-gnu/libnss_nis-2.27.so
7fa96b1c8000-7fa96b3c7000 ---p 0000b000 103:02 22942487                  /lib/x86_64-linux-gnu/libnss_nis-2.27.so
7fa96b3c7000-7fa96b3c8000 r--p 0000a000 103:02 22942487                  /lib/x86_64-linux-gnu/libnss_nis-2.27.so
7fa96b3c8000-7fa96b3c9000 rw-p 0000b000 103:02 22942487                  /lib/x86_64-linux-gnu/libnss_nis-2.27.so
7fa96b3c9000-7fa96b3d1000 r-xp 00000000 103:02 22942472                  /lib/x86_64-linux-gnu/libnss_compat-2.27.so
7fa96b3d1000-7fa96b5d1000 ---p 00008000 103:02 22942472                  /lib/x86_64-linux-gnu/libnss_compat-2.27.so
7fa96b5d1000-7fa96b5d2000 r--p 00008000 103:02 22942472                  /lib/x86_64-linux-gnu/libnss_compat-2.27.so
7fa96b5d2000-7fa96b5d3000 rw-p 00009000 103:02 22942472                  /lib/x86_64-linux-gnu/libnss_compat-2.27.so
7fa96b5d3000-7fa96b5fd000 r-xp 00000000 103:02 9838982                   /usr/lib/jvm/java-8-openjdk-amd64/jre/lib/amd64/libjava.so
7fa96b5fd000-7fa96b7fc000 ---p 0002a000 103:02 9838982                   /usr/lib/jvm/java-8-openjdk-amd64/jre/lib/amd64/libjava.so
7fa96b7fc000-7fa96b7fd000 r--p 00029000 103:02 9838982                   /usr/lib/jvm/java-8-openjdk-amd64/jre/lib/amd64/libjava.so
7fa96b7fd000-7fa96b7ff000 rw-p 0002a000 103:02 9838982                   /usr/lib/jvm/java-8-openjdk-amd64/jre/lib/amd64/libjava.so
7fa96b7ff000-7fa96b80f000 r-xp 00000000 103:02 9839073                   /usr/lib/jvm/java-8-openjdk-amd64/jre/lib/amd64/libverify.so
7fa96b80f000-7fa96ba0e000 ---p 00010000 103:02 9839073                   /usr/lib/jvm/java-8-openjdk-amd64/jre/lib/amd64/libverify.so
7fa96ba0e000-7fa96ba10000 r--p 0000f000 103:02 9839073                   /usr/lib/jvm/java-8-openjdk-amd64/jre/lib/amd64/libverify.so
7fa96ba10000-7fa96ba11000 rw-p 00011000 103:02 9839073                   /usr/lib/jvm/java-8-openjdk-amd64/jre/lib/amd64/libverify.so
7fa96ba11000-7fa96ba18000 r-xp 00000000 103:02 22942527                  /lib/x86_64-linux-gnu/librt-2.27.so
7fa96ba18000-7fa96bc17000 ---p 00007000 103:02 22942527                  /lib/x86_64-linux-gnu/librt-2.27.so
7fa96bc17000-7fa96bc18000 r--p 00006000 103:02 22942527                  /lib/x86_64-linux-gnu/librt-2.27.so
7fa96bc18000-7fa96bc19000 rw-p 00007000 103:02 22942527                  /lib/x86_64-linux-gnu/librt-2.27.so
7fa96bc19000-7fa96bc30000 r-xp 00000000 103:02 22937606                  /lib/x86_64-linux-gnu/libgcc_s.so.1
7fa96bc30000-7fa96be2f000 ---p 00017000 103:02 22937606                  /lib/x86_64-linux-gnu/libgcc_s.so.1
7fa96be2f000-7fa96be30000 r--p 00016000 103:02 22937606                  /lib/x86_64-linux-gnu/libgcc_s.so.1
7fa96be30000-7fa96be31000 rw-p 00017000 103:02 22937606                  /lib/x86_64-linux-gnu/libgcc_s.so.1
7fa96be31000-7fa96bfce000 r-xp 00000000 103:02 22942449                  /lib/x86_64-linux-gnu/libm-2.27.so
7fa96bfce000-7fa96c1cd000 ---p 0019d000 103:02 22942449                  /lib/x86_64-linux-gnu/libm-2.27.so
7fa96c1cd000-7fa96c1ce000 r--p 0019c000 103:02 22942449                  /lib/x86_64-linux-gnu/libm-2.27.so
7fa96c1ce000-7fa96c1cf000 rw-p 0019d000 103:02 22942449                  /lib/x86_64-linux-gnu/libm-2.27.so
7fa96c1cf000-7fa96c348000 r-xp 00000000 103:02 9830530                   /usr/lib/x86_64-linux-gnu/libstdc++.so.6.0.25
7fa96c348000-7fa96c548000 ---p 00179000 103:02 9830530                   /usr/lib/x86_64-linux-gnu/libstdc++.so.6.0.25
7fa96c548000-7fa96c552000 r--p 00179000 103:02 9830530                   /usr/lib/x86_64-linux-gnu/libstdc++.so.6.0.25
7fa96c552000-7fa96c554000 rw-p 00183000 103:02 9830530                   /usr/lib/x86_64-linux-gnu/libstdc++.so.6.0.25
7fa96c554000-7fa96c558000 rw-p 00000000 00:00 0 
7fa96c558000-7fa96d1f7000 r-xp 00000000 103:02 9839139                   /usr/lib/jvm/java-8-openjdk-amd64/jre/lib/amd64/server/libjvm.so
7fa96d1f7000-7fa96d3f7000 ---p 00c9f000 103:02 9839139                   /usr/lib/jvm/java-8-openjdk-amd64/jre/lib/amd64/server/libjvm.so
7fa96d3f7000-7fa96d48b000 r--p 00c9f000 103:02 9839139                   /usr/lib/jvm/java-8-openjdk-amd64/jre/lib/amd64/server/libjvm.so
7fa96d48b000-7fa96d4b4000 rw-p 00d33000 103:02 9839139                   /usr/lib/jvm/java-8-openjdk-amd64/jre/lib/amd64/server/libjvm.so
7fa96d4b4000-7fa96d4e4000 rw-p 00000000 00:00 0 
7fa96d4e4000-7fa96d4fe000 r-xp 00000000 103:02 22942519                  /lib/x86_64-linux-gnu/libpthread-2.27.so
7fa96d4fe000-7fa96d6fd000 ---p 0001a000 103:02 22942519                  /lib/x86_64-linux-gnu/libpthread-2.27.so
7fa96d6fd000-7fa96d6fe000 r--p 00019000 103:02 22942519                  /lib/x86_64-linux-gnu/libpthread-2.27.so
7fa96d6fe000-7fa96d6ff000 rw-p 0001a000 103:02 22942519                  /lib/x86_64-linux-gnu/libpthread-2.27.so
7fa96d6ff000-7fa96d703000 rw-p 00000000 00:00 0 
7fa96d703000-7fa96d706000 r-xp 00000000 103:02 22942409                  /lib/x86_64-linux-gnu/libdl-2.27.so
7fa96d706000-7fa96d905000 ---p 00003000 103:02 22942409                  /lib/x86_64-linux-gnu/libdl-2.27.so
7fa96d905000-7fa96d906000 r--p 00002000 103:02 22942409                  /lib/x86_64-linux-gnu/libdl-2.27.so
7fa96d906000-7fa96d907000 rw-p 00003000 103:02 22942409                  /lib/x86_64-linux-gnu/libdl-2.27.so
7fa96d907000-7fa96d923000 r-xp 00000000 103:02 22942558                  /lib/x86_64-linux-gnu/libz.so.1.2.11
7fa96d923000-7fa96db22000 ---p 0001c000 103:02 22942558                  /lib/x86_64-linux-gnu/libz.so.1.2.11
7fa96db22000-7fa96db23000 r--p 0001b000 103:02 22942558                  /lib/x86_64-linux-gnu/libz.so.1.2.11
7fa96db23000-7fa96db24000 rw-p 0001c000 103:02 22942558                  /lib/x86_64-linux-gnu/libz.so.1.2.11
7fa96db24000-7fa96dd0b000 r-xp 00000000 103:02 22942386                  /lib/x86_64-linux-gnu/libc-2.27.so
7fa96dd0b000-7fa96df0b000 ---p 001e7000 103:02 22942386                  /lib/x86_64-linux-gnu/libc-2.27.so
7fa96df0b000-7fa96df0f000 r--p 001e7000 103:02 22942386                  /lib/x86_64-linux-gnu/libc-2.27.so
7fa96df0f000-7fa96df11000 rw-p 001eb000 103:02 22942386                  /lib/x86_64-linux-gnu/libc-2.27.so
7fa96df11000-7fa96df15000 rw-p 00000000 00:00 0 
7fa96df15000-7fa96df23000 r-xp 00000000 103:02 9838942                   /usr/lib/jvm/java-8-openjdk-amd64/jre/lib/amd64/jli/libjli.so
7fa96df23000-7fa96e122000 ---p 0000e000 103:02 9838942                   /usr/lib/jvm/java-8-openjdk-amd64/jre/lib/amd64/jli/libjli.so
7fa96e122000-7fa96e123000 r--p 0000d000 103:02 9838942                   /usr/lib/jvm/java-8-openjdk-amd64/jre/lib/amd64/jli/libjli.so
7fa96e123000-7fa96e124000 rw-p 0000e000 103:02 9838942                   /usr/lib/jvm/java-8-openjdk-amd64/jre/lib/amd64/jli/libjli.so
7fa96e124000-7fa96e14b000 r-xp 00000000 103:02 22942358                  /lib/x86_64-linux-gnu/ld-2.27.so
7fa96e14b000-7fa96e14c000 r--s 0000a000 103:02 9839205                   /usr/lib/jvm/java-8-openjdk-amd64/jre/lib/ext/jaccess.jar
7fa96e14c000-7fa96e167000 r--s 00394000 103:02 9839202                   /usr/lib/jvm/java-8-openjdk-amd64/jre/lib/ext/cldrdata.jar
7fa96e167000-7fa96e22c000 rw-p 00000000 00:00 0 
7fa96e22c000-7fa96e22d000 ---p 00000000 00:00 0 
7fa96e22d000-7fa96e230000 ---p 00000000 00:00 0 
7fa96e230000-7fa96e32f000 rw-p 00000000 00:00 0 
7fa96e32f000-7fa96e331000 r--s 00001000 103:02 9839203                   /usr/lib/jvm/java-8-openjdk-amd64/jre/lib/ext/dnsns.jar
7fa96e331000-7fa96e33b000 r--s 00116000 103:02 9839206                   /usr/lib/jvm/java-8-openjdk-amd64/jre/lib/ext/localedata.jar
7fa96e33b000-7fa96e33d000 r--s 00007000 103:02 10224650                  /usr/share/java/java-atk-wrapper.jar
7fa96e33d000-7fa96e33e000 r--s 0000d000 103:02 9839213                   /usr/lib/jvm/java-8-openjdk-amd64/jre/lib/ext/sunec.jar
7fa96e33e000-7fa96e33f000 r--s 00010000 103:02 9839216                   /usr/lib/jvm/java-8-openjdk-amd64/jre/lib/ext/zipfs.jar
7fa96e33f000-7fa96e347000 rw-s 00000000 103:02 18483154                  /tmp/hsperfdata_sam/7197
7fa96e347000-7fa96e348000 rw-p 00000000 00:00 0 
7fa96e348000-7fa96e349000 r--p 00000000 00:00 0 
7fa96e349000-7fa96e34b000 rw-p 00000000 00:00 0 
7fa96e34b000-7fa96e34c000 r--p 00027000 103:02 22942358                  /lib/x86_64-linux-gnu/ld-2.27.so
7fa96e34c000-7fa96e34d000 rw-p 00028000 103:02 22942358                  /lib/x86_64-linux-gnu/ld-2.27.so
7fa96e34d000-7fa96e34e000 rw-p 00000000 00:00 0 
7ffdaa21b000-7ffdaa23c000 rw-p 00000000 00:00 0                          [stack]
7ffdaa26c000-7ffdaa26f000 r--p 00000000 00:00 0                          [vvar]
7ffdaa26f000-7ffdaa270000 r-xp 00000000 00:00 0                          [vdso]
ffffffffff600000-ffffffffff601000 --xp 00000000 00:00 0                  [vsyscall]

VM Arguments:
jvm_args: -Dfile.encoding=UTF-8 
java_command: main.Main
java_class_path (initial): /home/sam/Downloads/lwjgl-3.2.3/lwjgl/lwjgl.jar:/home/sam/Downloads/lwjgl-3.2.3/lwjgl/lwjgl-natives-linux.jar:/home/sam/Downloads/lwjgl-3.2.3/lwjgl/lwjgl-natives-linux-arm64.jar:/home/sam/Downloads/lwjgl-3.2.3/lwjgl-opengl/lwjgl-opengl.jar:/home/sam/Downloads/lwjgl-3.2.3/lwjgl-opengl/lwjgl-opengl-natives-linux.jar:/home/sam/Downloads/lwjgl-3.2.3/lwjgl-opengl/lwjgl-opengl-natives-linux-arm64.jar:/home/sam/Downloads/lwjgl-3.2.3/lwjgl-glfw/lwjgl-glfw.jar:/home/sam/Downloads/lwjgl-3.2.3/lwjgl-glfw/lwjgl-glfw-natives-linux.jar:/home/sam/Downloads/lwjgl-3.2.3/lwjgl-glfw/lwjgl-glfw-natives-linux-arm64.jar:/home/sam/eclipse/workspace/LWJGL-ENGINE/bin
Launcher Type: SUN_STANDARD

Environment Variables:
PATH=/usr/local/sbin:/usr/local/bin:/usr/sbin:/usr/bin:/sbin:/bin:/usr/games:/usr/local/games:/snap/bin
USERNAME=sam
SHELL=/bin/bash
DISPLAY=:0

Signal Handlers:
SIGSEGV: [libjvm.so+0xab92f0], sa_mask[0]=11111111011111111101111111111110, sa_flags=SA_RESTART|SA_SIGINFO
SIGBUS: [libjvm.so+0xab92f0], sa_mask[0]=11111111011111111101111111111110, sa_flags=SA_RESTART|SA_SIGINFO
SIGFPE: [libjvm.so+0x8ee560], sa_mask[0]=11111111011111111101111111111110, sa_flags=SA_RESTART|SA_SIGINFO
SIGPIPE: [libjvm.so+0x8ee560], sa_mask[0]=11111111011111111101111111111110, sa_flags=SA_RESTART|SA_SIGINFO
SIGXFSZ: [libjvm.so+0x8ee560], sa_mask[0]=11111111011111111101111111111110, sa_flags=SA_RESTART|SA_SIGINFO
SIGILL: [libjvm.so+0x8ee560], sa_mask[0]=11111111011111111101111111111110, sa_flags=SA_RESTART|SA_SIGINFO
SIGUSR1: SIG_DFL, sa_mask[0]=00000000000000000000000000000000, sa_flags=none
SIGUSR2: [libjvm.so+0x8ee410], sa_mask[0]=00100000000000000000000000000000, sa_flags=SA_RESTART|SA_SIGINFO
SIGHUP: [libjvm.so+0x8eea80], sa_mask[0]=11111111011111111101111111111110, sa_flags=SA_RESTART|SA_SIGINFO
SIGINT: [libjvm.so+0x8eea80], sa_mask[0]=11111111011111111101111111111110, sa_flags=SA_RESTART|SA_SIGINFO
SIGTERM: [libjvm.so+0x8eea80], sa_mask[0]=11111111011111111101111111111110, sa_flags=SA_RESTART|SA_SIGINFO
SIGQUIT: [libjvm.so+0x8eea80], sa_mask[0]=11111111011111111101111111111110, sa_flags=SA_RESTART|SA_SIGINFO


---------------  S Y S T E M  ---------------

OS:DISTRIB_ID=Ubuntu
DISTRIB_RELEASE=18.04
DISTRIB_CODENAME=bionic
DISTRIB_DESCRIPTION="Ubuntu 18.04.2 LTS"

uname:Linux 5.3.0-23-generic #25~18.04.1-Ubuntu SMP Tue Nov 12 10:58:57 UTC 2019 x86_64
libc:glibc 2.27 NPTL 2.27 
rlimit: STACK 8192k, CORE 0k, NPROC 127605, NOFILE 1048576, AS infinity
load average:0.89 0.51 0.41

/proc/meminfo:
MemTotal:       32713520 kB
MemFree:        28421784 kB
MemAvailable:   29498796 kB
Buffers:           84128 kB
Cached:          1479452 kB
SwapCached:            0 kB
Active:          3121044 kB
Inactive:         738616 kB
Active(anon):    2337916 kB
Inactive(anon):   121008 kB
Active(file):     783128 kB
Inactive(file):   617608 kB
Unevictable:       40616 kB
Mlocked:             176 kB
SwapTotal:       2097148 kB
SwapFree:        2097148 kB
Dirty:               180 kB
Writeback:             0 kB
AnonPages:       2336996 kB
Mapped:           464916 kB
Shmem:            162852 kB
KReclaimable:      91256 kB
Slab:             175292 kB
SReclaimable:      91256 kB
SUnreclaim:        84036 kB
KernelStack:       16592 kB
PageTables:        56124 kB
NFS_Unstable:          0 kB
Bounce:                0 kB
WritebackTmp:          0 kB
CommitLimit:    18453908 kB
Committed_AS:    9603616 kB
VmallocTotal:   34359738367 kB
VmallocUsed:       59276 kB
VmallocChunk:          0 kB
Percpu:             5760 kB
HardwareCorrupted:     0 kB
AnonHugePages:         0 kB
ShmemHugePages:        0 kB
ShmemPmdMapped:        0 kB
CmaTotal:              0 kB
CmaFree:               0 kB
HugePages_Total:       0
HugePages_Free:        0
HugePages_Rsvd:        0
HugePages_Surp:        0
Hugepagesize:       2048 kB
Hugetlb:               0 kB
DirectMap4k:      316064 kB
DirectMap2M:     5801984 kB
DirectMap1G:    27262976 kB

container (cgroup) information:
container_type: cgroupv1
cpu_cpuset_cpus: 0-11
cpu_memory_nodes: 0
active_processor_count: 12
cpu_quota: -1
cpu_period: 100000
cpu_shares: -1
memory_limit_in_bytes: -1
memory_and_swap_limit_in_bytes: -2
memory_soft_limit_in_bytes: -1
memory_usage_in_bytes: 3993128960
memory_max_usage_in_bytes: 0


CPU:total 12 (initial active 12) (6 cores per cpu, 2 threads per core) family 6 model 158 stepping 10, cmov, cx8, fxsr, mmx, sse, sse2, sse3, ssse3, sse4.1, sse4.2, popcnt, avx, avx2, aes, clmul, erms, 3dnowpref, lzcnt, ht, tsc, tscinvbit, bmi1, bmi2, adx

/proc/cpuinfo:
processor	: 0
vendor_id	: GenuineIntel
cpu family	: 6
model		: 158
model name	: Intel(R) Core(TM) i7-8750H CPU @ 2.20GHz
stepping	: 10
microcode	: 0xca
cpu MHz		: 2200.335
cache size	: 9216 KB
physical id	: 0
siblings	: 12
core id		: 0
cpu cores	: 6
apicid		: 0
initial apicid	: 0
fpu		: yes
fpu_exception	: yes
cpuid level	: 22
wp		: yes
flags		: fpu vme de pse tsc msr pae mce cx8 apic sep mtrr pge mca cmov pat pse36 clflush dts acpi mmx fxsr sse sse2 ss ht tm pbe syscall nx pdpe1gb rdtscp lm constant_tsc art arch_perfmon pebs bts rep_good nopl xtopology nonstop_tsc cpuid aperfmperf pni pclmulqdq dtes64 monitor ds_cpl vmx est tm2 ssse3 sdbg fma cx16 xtpr pdcm pcid sse4_1 sse4_2 x2apic movbe popcnt tsc_deadline_timer aes xsave avx f16c rdrand lahf_lm abm 3dnowprefetch cpuid_fault epb invpcid_single pti ssbd ibrs ibpb stibp tpr_shadow vnmi flexpriority ept vpid ept_ad fsgsbase tsc_adjust bmi1 avx2 smep bmi2 erms invpcid mpx rdseed adx smap clflushopt intel_pt xsaveopt xsavec xgetbv1 xsaves dtherm ida arat pln pts hwp hwp_notify hwp_act_window hwp_epp md_clear flush_l1d
bugs		: cpu_meltdown spectre_v1 spectre_v2 spec_store_bypass l1tf mds swapgs itlb_multihit
bogomips	: 4399.99
clflush size	: 64
cache_alignment	: 64
address sizes	: 39 bits physical, 48 bits virtual
power management:

processor	: 1
vendor_id	: GenuineIntel
cpu family	: 6
model		: 158
model name	: Intel(R) Core(TM) i7-8750H CPU @ 2.20GHz
stepping	: 10
microcode	: 0xca
cpu MHz		: 1772.504
cache size	: 9216 KB
physical id	: 0
siblings	: 12
core id		: 1
cpu cores	: 6
apicid		: 2
initial apicid	: 2
fpu		: yes
fpu_exception	: yes
cpuid level	: 22
wp		: yes
flags		: fpu vme de pse tsc msr pae mce cx8 apic sep mtrr pge mca cmov pat pse36 clflush dts acpi mmx fxsr sse sse2 ss ht tm pbe syscall nx pdpe1gb rdtscp lm constant_tsc art arch_perfmon pebs bts rep_good nopl xtopology nonstop_tsc cpuid aperfmperf pni pclmulqdq dtes64 monitor ds_cpl vmx est tm2 ssse3 sdbg fma cx16 xtpr pdcm pcid sse4_1 sse4_2 x2apic movbe popcnt tsc_deadline_timer aes xsave avx f16c rdrand lahf_lm abm 3dnowprefetch cpuid_fault epb invpcid_single pti ssbd ibrs ibpb stibp tpr_shadow vnmi flexpriority ept vpid ept_ad fsgsbase tsc_adjust bmi1 avx2 smep bmi2 erms invpcid mpx rdseed adx smap clflushopt intel_pt xsaveopt xsavec xgetbv1 xsaves dtherm ida arat pln pts hwp hwp_notify hwp_act_window hwp_epp md_clear flush_l1d
bugs		: cpu_meltdown spectre_v1 spectre_v2 spec_store_bypass l1tf mds swapgs itlb_multihit
bogomips	: 4399.99
clflush size	: 64
cache_alignment	: 64
address sizes	: 39 bits physical, 48 bits virtual
power management:

processor	: 2
vendor_id	: GenuineIntel
cpu family	: 6
model		: 158
model name	: Intel(R) Core(TM) i7-8750H CPU @ 2.20GHz
stepping	: 10
microcode	: 0xca
cpu MHz		: 2200.958
cache size	: 9216 KB
physical id	: 0
siblings	: 12
core id		: 2
cpu cores	: 6
apicid		: 4
initial apicid	: 4
fpu		: yes
fpu_exception	: yes
cpuid level	: 22
wp		: yes
flags		: fpu vme de pse tsc msr pae mce cx8 apic sep mtrr pge mca cmov pat pse36 clflush dts acpi mmx fxsr sse sse2 ss ht tm pbe syscall nx pdpe1gb rdtscp lm constant_tsc art arch_perfmon pebs bts rep_good nopl xtopology nonstop_tsc cpuid aperfmperf pni pclmulqdq dtes64 monitor ds_cpl vmx est tm2 ssse3 sdbg fma cx16 xtpr pdcm pcid sse4_1 sse4_2 x2apic movbe popcnt tsc_deadline_timer aes xsave avx f16c rdrand lahf_lm abm 3dnowprefetch cpuid_fault epb invpcid_single pti ssbd ibrs ibpb stibp tpr_shadow vnmi flexpriority ept vpid ept_ad fsgsbase tsc_adjust bmi1 avx2 smep bmi2 erms invpcid mpx rdseed adx smap clflushopt intel_pt xsaveopt xsavec xgetbv1 xsaves dtherm ida arat pln pts hwp hwp_notify hwp_act_window hwp_epp md_clear flush_l1d
bugs		: cpu_meltdown spectre_v1 spectre_v2 spec_store_bypass l1tf mds swapgs itlb_multihit
bogomips	: 4399.99
clflush size	: 64
cache_alignment	: 64
address sizes	: 39 bits physical, 48 bits virtual
power management:

processor	: 3
vendor_id	: GenuineIntel
cpu family	: 6
model		: 158
model name	: Intel(R) Core(TM) i7-8750H CPU @ 2.20GHz
stepping	: 10
microcode	: 0xca
cpu MHz		: 2200.648
cache size	: 9216 KB
physical id	: 0
siblings	: 12
core id		: 3
cpu cores	: 6
apicid		: 6
initial apicid	: 6
fpu		: yes
fpu_exception	: yes
cpuid level	: 22
wp		: yes
flags		: fpu vme de pse tsc msr pae mce cx8 apic sep mtrr pge mca cmov pat pse36 clflush dts acpi mmx fxsr sse sse2 ss ht tm pbe syscall nx pdpe1gb rdtscp lm constant_tsc art arch_perfmon pebs bts rep_good nopl xtopology nonstop_tsc cpuid aperfmperf pni pclmulqdq dtes64 monitor ds_cpl vmx est tm2 ssse3 sdbg fma cx16 xtpr pdcm pcid sse4_1 sse4_2 x2apic movbe popcnt tsc_deadline_timer aes xsave avx f16c rdrand lahf_lm abm 3dnowprefetch cpuid_fault epb invpcid_single pti ssbd ibrs ibpb stibp tpr_shadow vnmi flexpriority ept vpid ept_ad fsgsbase tsc_adjust bmi1 avx2 smep bmi2 erms invpcid mpx rdseed adx smap clflushopt intel_pt xsaveopt xsavec xgetbv1 xsaves dtherm ida arat pln pts hwp hwp_notify hwp_act_window hwp_epp md_clear flush_l1d
bugs		: cpu_meltdown spectre_v1 spectre_v2 spec_store_bypass l1tf mds swapgs itlb_multihit
bogomips	: 4399.99
clflush size	: 64
cache_alignment	: 64
address sizes	: 39 bits physical, 48 bits virtual
power management:

processor	: 4
vendor_id	: GenuineIntel
cpu family	: 6
model		: 158
model name	: Intel(R) Core(TM) i7-8750H CPU @ 2.20GHz
stepping	: 10
microcode	: 0xca
cpu MHz		: 2200.265
cache size	: 9216 KB
physical id	: 0
siblings	: 12
core id		: 4
cpu cores	: 6
apicid		: 8
initial apicid	: 8
fpu		: yes
fpu_exception	: yes
cpuid level	: 22
wp		: yes
flags		: fpu vme de pse tsc msr pae mce cx8 apic sep mtrr pge mca cmov pat pse36 clflush dts acpi mmx fxsr sse sse2 ss ht tm pbe syscall nx pdpe1gb rdtscp lm constant_tsc art arch_perfmon pebs bts rep_good nopl xtopology nonstop_tsc cpuid aperfmperf pni pclmulqdq dtes64 monitor ds_cpl vmx est tm2 ssse3 sdbg fma cx16 xtpr pdcm pcid sse4_1 sse4_2 x2apic movbe popcnt tsc_deadline_timer aes xsave avx f16c rdrand lahf_lm abm 3dnowprefetch cpuid_fault epb invpcid_single pti ssbd ibrs ibpb stibp tpr_shadow vnmi flexpriority ept vpid ept_ad fsgsbase tsc_adjust bmi1 avx2 smep bmi2 erms invpcid mpx rdseed adx smap clflushopt intel_pt xsaveopt xsavec xgetbv1 xsaves dtherm ida arat pln pts hwp hwp_notify hwp_act_window hwp_epp md_clear flush_l1d
bugs		: cpu_meltdown spectre_v1 spectre_v2 spec_store_bypass l1tf mds swapgs itlb_multihit
bogomips	: 4399.99
clflush size	: 64
cache_alignment	: 64
address sizes	: 39 bits physical, 48 bits virtual
power management:

processor	: 5
vendor_id	: GenuineIntel
cpu family	: 6
model		: 158
model name	: Intel(R) Core(TM) i7-8750H CPU @ 2.20GHz
stepping	: 10
microcode	: 0xca
cpu MHz		: 2200.315
cache size	: 9216 KB
physical id	: 0
siblings	: 12
core id		: 5
cpu cores	: 6
apicid		: 10
initial apicid	: 10
fpu		: yes
fpu_exception	: yes
cpuid level	: 22
wp		: yes
flags		: fpu vme de pse tsc msr pae mce cx8 apic sep mtrr pge mca cmov pat pse36 clflush dts acpi mmx fxsr sse sse2 ss ht tm pbe syscall nx pdpe1gb rdtscp lm constant_tsc art arch_perfmon pebs bts rep_good nopl xtopology nonstop_tsc cpuid aperfmperf pni pclmulqdq dtes64 monitor ds_cpl vmx est tm2 ssse3 sdbg fma cx16 xtpr pdcm pcid sse4_1 sse4_2 x2apic movbe popcnt tsc_deadline_timer aes xsave avx f16c rdrand lahf_lm abm 3dnowprefetch cpuid_fault epb invpcid_single pti ssbd ibrs ibpb stibp tpr_shadow vnmi flexpriority ept vpid ept_ad fsgsbase tsc_adjust bmi1 avx2 smep bmi2 erms invpcid mpx rdseed adx smap clflushopt intel_pt xsaveopt xsavec xgetbv1 xsaves dtherm ida arat pln pts hwp hwp_notify hwp_act_window hwp_epp md_clear flush_l1d
bugs		: cpu_meltdown spectre_v1 spectre_v2 spec_store_bypass l1tf mds swapgs itlb_multihit
bogomips	: 4399.99
clflush size	: 64
cache_alignment	: 64
address sizes	: 39 bits physical, 48 bits virtual
power management:

processor	: 6
vendor_id	: GenuineIntel
cpu family	: 6
model		: 158
model name	: Intel(R) Core(TM) i7-8750H CPU @ 2.20GHz
stepping	: 10
microcode	: 0xca
cpu MHz		: 2200.015
cache size	: 9216 KB
physical id	: 0
siblings	: 12
core id		: 0
cpu cores	: 6
apicid		: 1
initial apicid	: 1
fpu		: yes
fpu_exception	: yes
cpuid level	: 22
wp		: yes
flags		: fpu vme de pse tsc msr pae mce cx8 apic sep mtrr pge mca cmov pat pse36 clflush dts acpi mmx fxsr sse sse2 ss ht tm pbe syscall nx pdpe1gb rdtscp lm constant_tsc art arch_perfmon pebs bts rep_good nopl xtopology nonstop_tsc cpuid aperfmperf pni pclmulqdq dtes64 monitor ds_cpl vmx est tm2 ssse3 sdbg fma cx16 xtpr pdcm pcid sse4_1 sse4_2 x2apic movbe popcnt tsc_deadline_timer aes xsave avx f16c rdrand lahf_lm abm 3dnowprefetch cpuid_fault epb invpcid_single pti ssbd ibrs ibpb stibp tpr_shadow vnmi flexpriority ept vpid ept_ad fsgsbase tsc_adjust bmi1 avx2 smep bmi2 erms invpcid mpx rdseed adx smap clflushopt intel_pt xsaveopt xsavec xgetbv1 xsaves dtherm ida arat pln pts hwp hwp_notify hwp_act_window hwp_epp md_clear flush_l1d
bugs		: cpu_meltdown spectre_v1 spectre_v2 spec_store_bypass l1tf mds swapgs itlb_multihit
bogomips	: 4399.99
clflush size	: 64
cache_alignment	: 64
address sizes	: 39 bits physical, 48 bits virtual
power management:

processor	: 7
vendor_id	: GenuineIntel
cpu family	: 6
model		: 158
model name	: Intel(R) Core(TM) i7-8750H CPU @ 2.20GHz
stepping	: 10
microcode	: 0xca
cpu MHz		: 2200.006
cache size	: 9216 KB
physical id	: 0
siblings	: 12
core id		: 1
cpu cores	: 6
apicid		: 3
initial apicid	: 3
fpu		: yes
fpu_exception	: yes
cpuid level	: 22
wp		: yes
flags		: fpu vme de pse tsc msr pae mce cx8 apic sep mtrr pge mca cmov pat pse36 clflush dts acpi mmx fxsr sse sse2 ss ht tm pbe syscall nx pdpe1gb rdtscp lm constant_tsc art arch_perfmon pebs bts rep_good nopl xtopology nonstop_tsc cpuid aperfmperf pni pclmulqdq dtes64 monitor ds_cpl vmx est tm2 ssse3 sdbg fma cx16 xtpr pdcm pcid sse4_1 sse4_2 x2apic movbe popcnt tsc_deadline_timer aes xsave avx f16c rdrand lahf_lm abm 3dnowprefetch cpuid_fault epb invpcid_single pti ssbd ibrs ibpb stibp tpr_shadow vnmi flexpriority ept vpid ept_ad fsgsbase tsc_adjust bmi1 avx2 smep bmi2 erms invpcid mpx rdseed adx smap clflushopt intel_pt xsaveopt xsavec xgetbv1 xsaves dtherm ida arat pln pts hwp hwp_notify hwp_act_window hwp_epp md_clear flush_l1d
bugs		: cpu_meltdown spectre_v1 spectre_v2 spec_store_bypass l1tf mds swapgs itlb_multihit
bogomips	: 4399.99
clflush size	: 64
cache_alignment	: 64
address sizes	: 39 bits physical, 48 bits virtual
power management:

processor	: 8
vendor_id	: GenuineIntel
cpu family	: 6
model		: 158
model name	: Intel(R) Core(TM) i7-8750H CPU @ 2.20GHz
stepping	: 10
microcode	: 0xca
cpu MHz		: 2200.076
cache size	: 9216 KB
physical id	: 0
siblings	: 12
core id		: 2
cpu cores	: 6
apicid		: 5
initial apicid	: 5
fpu		: yes
fpu_exception	: yes
cpuid level	: 22
wp		: yes
flags		: fpu vme de pse tsc msr pae mce cx8 apic sep mtrr pge mca cmov pat pse36 clflush dts acpi mmx fxsr sse sse2 ss ht tm pbe syscall nx pdpe1gb rdtscp lm constant_tsc art arch_perfmon pebs bts rep_good nopl xtopology nonstop_tsc cpuid aperfmperf pni pclmulqdq dtes64 monitor ds_cpl vmx est tm2 ssse3 sdbg fma cx16 xtpr pdcm pcid sse4_1 sse4_2 x2apic movbe popcnt tsc_deadline_timer aes xsave avx f16c rdrand lahf_lm abm 3dnowprefetch cpuid_fault epb invpcid_single pti ssbd ibrs ibpb stibp tpr_shadow vnmi flexpriority ept vpid ept_ad fsgsbase tsc_adjust bmi1 avx2 smep bmi2 erms invpcid mpx rdseed adx smap clflushopt intel_pt xsaveopt xsavec xgetbv1 xsaves dtherm ida arat pln pts hwp hwp_notify hwp_act_window hwp_epp md_clear flush_l1d
bugs		: cpu_meltdown spectre_v1 spectre_v2 spec_store_bypass l1tf mds swapgs itlb_multihit
bogomips	: 4399.99
clflush size	: 64
cache_alignment	: 64
address sizes	: 39 bits physical, 48 bits virtual
power management:

processor	: 9
vendor_id	: GenuineIntel
cpu family	: 6
model		: 158
model name	: Intel(R) Core(TM) i7-8750H CPU @ 2.20GHz
stepping	: 10
microcode	: 0xca
cpu MHz		: 1920.270
cache size	: 9216 KB
physical id	: 0
siblings	: 12
core id		: 3
cpu cores	: 6
apicid		: 7
initial apicid	: 7
fpu		: yes
fpu_exception	: yes
cpuid level	: 22
wp		: yes
flags		: fpu vme de pse tsc msr pae mce cx8 apic sep mtrr pge mca cmov pat pse36 clflush dts acpi mmx fxsr sse sse2 ss ht tm pbe syscall nx pdpe1gb rdtscp lm constant_tsc art arch_perfmon pebs bts rep_good nopl xtopology nonstop_tsc cpuid aperfmperf pni pclmulqdq dtes64 monitor ds_cpl vmx est tm2 ssse3 sdbg fma cx16 xtpr pdcm pcid sse4_1 sse4_2 x2apic movbe popcnt tsc_deadline_timer aes xsave avx f16c rdrand lahf_lm abm 3dnowprefetch cpuid_fault epb invpcid_single pti ssbd ibrs ibpb stibp tpr_shadow vnmi flexpriority ept vpid ept_ad fsgsbase tsc_adjust bmi1 avx2 smep bmi2 erms invpcid mpx rdseed adx smap clflushopt intel_pt xsaveopt xsavec xgetbv1 xsaves dtherm ida arat pln pts hwp hwp_notify hwp_act_window hwp_epp md_clear flush_l1d
bugs		: cpu_meltdown spectre_v1 spectre_v2 spec_store_bypass l1tf mds swapgs itlb_multihit
bogomips	: 4399.99
clflush size	: 64
cache_alignment	: 64
address sizes	: 39 bits physical, 48 bits virtual
power management:

processor	: 10
vendor_id	: GenuineIntel
cpu family	: 6
model		: 158
model name	: Intel(R) Core(TM) i7-8750H CPU @ 2.20GHz
stepping	: 10
microcode	: 0xca
cpu MHz		: 2200.314
cache size	: 9216 KB
physical id	: 0
siblings	: 12
core id		: 4
cpu cores	: 6
apicid		: 9
initial apicid	: 9
fpu		: yes
fpu_exception	: yes
cpuid level	: 22
wp		: yes
flags		: fpu vme de pse tsc msr pae mce cx8 apic sep mtrr pge mca cmov pat pse36 clflush dts acpi mmx fxsr sse sse2 ss ht tm pbe syscall nx pdpe1gb rdtscp lm constant_tsc art arch_perfmon pebs bts rep_good nopl xtopology nonstop_tsc cpuid aperfmperf pni pclmulqdq dtes64 monitor ds_cpl vmx est tm2 ssse3 sdbg fma cx16 xtpr pdcm pcid sse4_1 sse4_2 x2apic movbe popcnt tsc_deadline_timer aes xsave avx f16c rdrand lahf_lm abm 3dnowprefetch cpuid_fault epb invpcid_single pti ssbd ibrs ibpb stibp tpr_shadow vnmi flexpriority ept vpid ept_ad fsgsbase tsc_adjust bmi1 avx2 smep bmi2 erms invpcid mpx rdseed adx smap clflushopt intel_pt xsaveopt xsavec xgetbv1 xsaves dtherm ida arat pln pts hwp hwp_notify hwp_act_window hwp_epp md_clear flush_l1d
bugs		: cpu_meltdown spectre_v1 spectre_v2 spec_store_bypass l1tf mds swapgs itlb_multihit
bogomips	: 4399.99
clflush size	: 64
cache_alignment	: 64
address sizes	: 39 bits physical, 48 bits virtual
power management:

processor	: 11
vendor_id	: GenuineIntel
cpu family	: 6
model		: 158
model name	: Intel(R) Core(TM) i7-8750H CPU @ 2.20GHz
stepping	: 10
microcode	: 0xca
cpu MHz		: 2200.018
cache size	: 9216 KB
physical id	: 0
siblings	: 12
core id		: 5
cpu cores	: 6
apicid		: 11
initial apicid	: 11
fpu		: yes
fpu_exception	: yes
cpuid level	: 22
wp		: yes
flags		: fpu vme de pse tsc msr pae mce cx8 apic sep mtrr pge mca cmov pat pse36 clflush dts acpi mmx fxsr sse sse2 ss ht tm pbe syscall nx pdpe1gb rdtscp lm constant_tsc art arch_perfmon pebs bts rep_good nopl xtopology nonstop_tsc cpuid aperfmperf pni pclmulqdq dtes64 monitor ds_cpl vmx est tm2 ssse3 sdbg fma cx16 xtpr pdcm pcid sse4_1 sse4_2 x2apic movbe popcnt tsc_deadline_timer aes xsave avx f16c rdrand lahf_lm abm 3dnowprefetch cpuid_fault epb invpcid_single pti ssbd ibrs ibpb stibp tpr_shadow vnmi flexpriority ept vpid ept_ad fsgsbase tsc_adjust bmi1 avx2 smep bmi2 erms invpcid mpx rdseed adx smap clflushopt intel_pt xsaveopt xsavec xgetbv1 xsaves dtherm ida arat pln pts hwp hwp_notify hwp_act_window hwp_epp md_clear flush_l1d
bugs		: cpu_meltdown spectre_v1 spectre_v2 spec_store_bypass l1tf mds swapgs itlb_multihit
bogomips	: 4399.99
clflush size	: 64
cache_alignment	: 64
address sizes	: 39 bits physical, 48 bits virtual
power management:



Memory: 4k page, physical 32713520k(28421792k free), swap 2097148k(2097148k free)

vm_info: OpenJDK 64-Bit Server VM (25.222-b10) for linux-amd64 JRE (1.8.0_222-8u222-b10-1ubuntu1~18.04.1-b10), built on Jul 18 2019 18:52:48 by "buildd" with gcc 7.4.0

time: Thu Nov 21 19:57:21 2019
timezone: CST
elapsed time: 0 seconds (0d 0h 0m 0s)

