#
# A fatal error has been detected by the Java Runtime Environment:
#
#  SIGSEGV (0xb) at pc=0x00007ff2917e30e0, pid=7310, tid=0x00007ff31641d700
#
# JRE version: OpenJDK Runtime Environment (8.0_222-b10) (build 1.8.0_222-8u222-b10-1ubuntu1~18.04.1-b10)
# Java VM: OpenJDK 64-Bit Server VM (25.222-b10 mixed mode linux-amd64 compressed oops)
# Problematic frame:
# C  [libnvidia-glcore.so.430.34+0xf190e0]
#
# Failed to write core dump. Core dumps have been disabled. To enable core dumping, try "ulimit -c unlimited" before starting Java again
#
# If you would like to submit a bug report, please visit:
#   http://bugreport.java.com/bugreport/crash.jsp
# The crash happened outside the Java Virtual Machine in native code.
# See problematic frame for where to report the bug.
#

---------------  T H R E A D  ---------------

Current thread (0x00007ff30c00b800):  JavaThread "main" [_thread_in_native, id=7316, stack(0x00007ff31631e000,0x00007ff31641e000)]

siginfo: si_signo: 11 (SIGSEGV), si_code: 1 (SEGV_MAPERR), si_addr: 0x0000000000000010

Registers:
RAX=0x00007ff30c9140c8, RBX=0x00007ff30c913d98, RCX=0x0000000000000008, RDX=0x0000000000000010
RSP=0x00007ff31641c488, RBP=0x00007ff30c65b310, RSI=0x0000000000000010, RDI=0x00007ff28d6c01d4
R8 =0x00007ff28d6c01d4, R9 =0x0000000000000008, R10=0x0000000000000000, R11=0x0000000000000000
R12=0x00007ff30c9143a0, R13=0x00007ff30c3772b0, R14=0x00007ff30c3772a0, R15=0x00007ff2903b4c14
RIP=0x00007ff2917e30e0, EFLAGS=0x0000000000010202, CSGSFS=0x002b000000000033, ERR=0x0000000000000004
  TRAPNO=0x000000000000000e

Top of Stack: (sp=0x00007ff31641c488)
0x00007ff31641c488:   00007ff2918b69d3 00007ff30c914098
0x00007ff31641c498:   0000000000000001 0000000000000001
0x00007ff31641c4a8:   0000000000914098 0000000100000008
0x00007ff31641c4b8:   0000000041175000 00007ff28d6c01d4
0x00007ff31641c4c8:   00007ff2917e30d0 00000001052db254
0x00007ff31641c4d8:   00007ff30c913d98 0000000000000000
0x00007ff31641c4e8:   00007ff2913116de 00007ff30c9243d0
0x00007ff31641c4f8:   00000003916ec524 0000000000000001
0x00007ff31641c508:   00007ff30c9140c8 00007ff30c72b3a0
0x00007ff31641c518:   0000000000000001 0000000000000103
0x00007ff31641c528:   10c0000000000000 0000000000000103
0x00007ff31641c538:   10c0000000000000 00007ff31641c4a0
0x00007ff31641c548:   0000000000000000 0000000041175000
0x00007ff31641c558:   00007ff30c9143a0 00007ff30c3772b0
0x00007ff31641c568:   00007ff30c3772a0 00000000411cc208
0x00007ff31641c578:   00007ff2918bc485 00007ff31641c64c
0x00007ff31641c588:   00007ff31641c648 000014051641c4a0
0x00007ff31641c598:   ffffffff00000024 0000000400000000
0x00007ff31641c5a8:   0000000041175220 00007ff30c65b310
0x00007ff31641c5b8:   00007ff31641c430 00007ff300001401
0x00007ff31641c5c8:   00007ff31641d700 00007ff2c7fd5428
0x00007ff31641c5d8:   0000000000000000 0000000000000103
0x00007ff31641c5e8:   00c0000000000000 0000000000000000
0x00007ff31641c5f8:   00007ff30c9143a0 0000000041175000
0x00007ff31641c608:   00007ff30c913d98 0000000000001405
0x00007ff31641c618:   00007ff2918bd3e3 00007ff300001401
0x00007ff31641c628:   00007ff31641d700 00007ff31641c760
0x00007ff31641c638:   00007ff2c7fd5428 0000000041175001
0x00007ff31641c648:   0000000100000008 00007ff2c7fd5428
0x00007ff31641c658:   0000000041175000 00000000411c0080
0x00007ff31641c668:   0000000000000004 0000000000001405
0x00007ff31641c678:   0000000000000010 0000000000000000 

Instructions: (pc=0x00007ff2917e30e0)
0x00007ff2917e30c0:   d0 48 8d 44 07 0c c3 90 90 90 90 90 90 90 90 90
0x00007ff2917e30d0:   48 63 d2 49 89 f8 41 89 c9 0f 1f 80 00 00 00 00
0x00007ff2917e30e0:   8b 06 41 89 00 8b 46 04 41 89 40 04 8b 46 08 41
0x00007ff2917e30f0:   89 40 08 8b 46 0c 48 01 d6 41 89 40 0c 49 83 c0 

Register to memory mapping:

RAX=0x00007ff30c9140c8 is an unknown value
RBX=0x00007ff30c913d98 is an unknown value
RCX=0x0000000000000008 is an unknown value
RDX=0x0000000000000010 is an unknown value
RSP=0x00007ff31641c488 is pointing into the stack for thread: 0x00007ff30c00b800
RBP=0x00007ff30c65b310 is an unknown value
RSI=0x0000000000000010 is an unknown value
RDI=0x00007ff28d6c01d4 is an unknown value
R8 =0x00007ff28d6c01d4 is an unknown value
R9 =0x0000000000000008 is an unknown value
R10=0x0000000000000000 is an unknown value
R11=0x0000000000000000 is an unknown value
R12=0x00007ff30c9143a0 is an unknown value
R13=0x00007ff30c3772b0 is an unknown value
R14=0x00007ff30c3772a0 is an unknown value
R15=0x00007ff2903b4c14 is an unknown value


Stack: [0x00007ff31631e000,0x00007ff31641e000],  sp=0x00007ff31641c488,  free space=1017k
Native frames: (J=compiled Java code, j=interpreted, Vv=VM code, C=native code)
C  [libnvidia-glcore.so.430.34+0xf190e0]

Java frames: (J=compiled Java code, j=interpreted, Vv=VM code)
j  org.lwjgl.opengl.GL11C.nglDrawElements(IIIJ)V+0
j  org.lwjgl.opengl.GL11C.glDrawElements(IIIJ)V+4
j  org.lwjgl.opengl.GL11.glDrawElements(IIIJ)V+4
j  models.Renderer.renderElements(Lrendering/ModelBatch;)V+109
j  main.Main.main([Ljava/lang/String;)V+1326
v  ~StubRoutines::call_stub

---------------  P R O C E S S  ---------------

Java Threads: ( => current thread )
  0x00007ff30c0d8000 JavaThread "Service Thread" daemon [_thread_blocked, id=7336, stack(0x00007ff2c4aed000,0x00007ff2c4bee000)]
  0x00007ff30c0cd000 JavaThread "C1 CompilerThread3" daemon [_thread_blocked, id=7335, stack(0x00007ff2c4bef000,0x00007ff2c4cef000)]
  0x00007ff30c0ca800 JavaThread "C2 CompilerThread2" daemon [_thread_blocked, id=7334, stack(0x00007ff2c4cf0000,0x00007ff2c4df0000)]
  0x00007ff30c0c9000 JavaThread "C2 CompilerThread1" daemon [_thread_blocked, id=7333, stack(0x00007ff2c4df1000,0x00007ff2c4ef1000)]
  0x00007ff30c0c6000 JavaThread "C2 CompilerThread0" daemon [_thread_blocked, id=7332, stack(0x00007ff2c4ef2000,0x00007ff2c4ff2000)]
  0x00007ff30c0c4800 JavaThread "Signal Dispatcher" daemon [_thread_blocked, id=7331, stack(0x00007ff2c4ff2000,0x00007ff2c50f3000)]
  0x00007ff30c092000 JavaThread "Finalizer" daemon [_thread_blocked, id=7329, stack(0x00007ff2c5ac2000,0x00007ff2c5bc3000)]
  0x00007ff30c08f800 JavaThread "Reference Handler" daemon [_thread_blocked, id=7328, stack(0x00007ff2c5bc3000,0x00007ff2c5cc4000)]
=>0x00007ff30c00b800 JavaThread "main" [_thread_in_native, id=7316, stack(0x00007ff31631e000,0x00007ff31641e000)]

Other Threads:
  0x00007ff30c085800 VMThread [stack: 0x00007ff2c5cc5000,0x00007ff2c5dc5000] [id=7327]
  0x00007ff30c0da800 WatcherThread [stack: 0x00007ff2c49ed000,0x00007ff2c4aed000] [id=7337]

VM state:not at safepoint (normal execution)

VM Mutex/Monitor currently owned by a thread: None

heap address: 0x00000005ccc00000, size: 7988 MB, Compressed Oops mode: Zero based, Oop shift amount: 3
Narrow klass base: 0x0000000000000000, Narrow klass shift: 3
Compressed class space size: 1073741824 Address: 0x00000007c0000000

Heap:
 PSYoungGen      total 149504K, used 18203K [0x0000000719980000, 0x0000000724000000, 0x00000007c0000000)
  eden space 128512K, 14% used [0x0000000719980000,0x000000071ab46ca0,0x0000000721700000)
  from space 20992K, 0% used [0x0000000722b80000,0x0000000722b80000,0x0000000724000000)
  to   space 20992K, 0% used [0x0000000721700000,0x0000000721700000,0x0000000722b80000)
 ParOldGen       total 341504K, used 0K [0x00000005ccc00000, 0x00000005e1980000, 0x0000000719980000)
  object space 341504K, 0% used [0x00000005ccc00000,0x00000005ccc00000,0x00000005e1980000)
 Metaspace       used 9101K, capacity 9341K, committed 9600K, reserved 1058816K
  class space    used 696K, capacity 807K, committed 896K, reserved 1048576K

Card table byte_map: [0x00007ff31191e000,0x00007ff3128b9000] byte_map_base: 0x00007ff30eab8000

Marking Bits: (ParMarkBitMap*) 0x00007ff3155b8360
 Begin Bits: [0x00007ff2cc660000, 0x00007ff2d4330000)
 End Bits:   [0x00007ff2d4330000, 0x00007ff2dc000000)

Polling page: 0x00007ff316439000

CodeCache: size=245760Kb used=2651Kb max_used=2663Kb free=243108Kb
 bounds [0x00007ff2fd000000, 0x00007ff2fd2a0000, 0x00007ff30c000000]
 total_blobs=1511 nmethods=615 adapters=811
 compilation: enabled

Compilation events (10 events):
Event: 0.508 Thread 0x00007ff30c0c9000 nmethod 610 0x00007ff2fd293350 code [0x00007ff2fd2934c0, 0x00007ff2fd293988]
Event: 0.523 Thread 0x00007ff30c0ca800  611       4       java.io.BufferedInputStream::read1 (108 bytes)
Event: 0.525 Thread 0x00007ff30c0ca800 nmethod 611 0x00007ff2fd292b50 code [0x00007ff2fd292cc0, 0x00007ff2fd292fc8]
Event: 0.538 Thread 0x00007ff30c0c6000  612  s    4       java.io.BufferedInputStream::read (113 bytes)
Event: 0.538 Thread 0x00007ff30c0c9000  613       4       de.matthiasmann.twl.utils.PNGDecoder::readFully (40 bytes)
Event: 0.544 Thread 0x00007ff30c0c6000 nmethod 612 0x00007ff2fd295a10 code [0x00007ff2fd295c00, 0x00007ff2fd296788]
Event: 0.546 Thread 0x00007ff30c0c9000 nmethod 613 0x00007ff2fd297650 code [0x00007ff2fd297840, 0x00007ff2fd2986c8]
Event: 0.567 Thread 0x00007ff30c0cd000  614       3       java.io.File::isInvalid (47 bytes)
Event: 0.567 Thread 0x00007ff30c0cd000 nmethod 614 0x00007ff2fd292450 code [0x00007ff2fd2925e0, 0x00007ff2fd292a08]
Event: 0.567 Thread 0x00007ff30c0cd000  615       3       java.util.Vector::elementData (7 bytes)

GC Heap History (0 events):
No events

Deoptimization events (0 events):
No events

Classes redefined (0 events):
No events

Internal exceptions (10 events):
Event: 0.096 Thread 0x00007ff30c00b800 Exception <a 'java/security/PrivilegedActionException'> (0x0000000719f5a180) thrown at [/build/openjdk-8-OqY7zN/openjdk-8-8u222-b10/src/hotspot/src/share/vm/prims/jvm.cpp, line 1502]
Event: 0.096 Thread 0x00007ff30c00b800 Exception <a 'java/security/PrivilegedActionException'> (0x0000000719f5a390) thrown at [/build/openjdk-8-OqY7zN/openjdk-8-8u222-b10/src/hotspot/src/share/vm/prims/jvm.cpp, line 1502]
Event: 0.096 Thread 0x00007ff30c00b800 Exception <a 'java/security/PrivilegedActionException'> (0x0000000719f5c418) thrown at [/build/openjdk-8-OqY7zN/openjdk-8-8u222-b10/src/hotspot/src/share/vm/prims/jvm.cpp, line 1502]
Event: 0.096 Thread 0x00007ff30c00b800 Exception <a 'java/security/PrivilegedActionException'> (0x0000000719f5c628) thrown at [/build/openjdk-8-OqY7zN/openjdk-8-8u222-b10/src/hotspot/src/share/vm/prims/jvm.cpp, line 1502]
Event: 0.096 Thread 0x00007ff30c00b800 Exception <a 'java/security/PrivilegedActionException'> (0x0000000719f5d100) thrown at [/build/openjdk-8-OqY7zN/openjdk-8-8u222-b10/src/hotspot/src/share/vm/prims/jvm.cpp, line 1502]
Event: 0.096 Thread 0x00007ff30c00b800 Exception <a 'java/security/PrivilegedActionException'> (0x0000000719f5d310) thrown at [/build/openjdk-8-OqY7zN/openjdk-8-8u222-b10/src/hotspot/src/share/vm/prims/jvm.cpp, line 1502]
Event: 0.104 Thread 0x00007ff30c00b800 Exception <a 'sun/nio/fs/UnixException'> (0x0000000719f8a438) thrown at [/build/openjdk-8-OqY7zN/openjdk-8-8u222-b10/src/hotspot/src/share/vm/prims/jni.cpp, line 710]
Event: 0.108 Thread 0x00007ff30c00b800 Exception <a 'sun/nio/fs/UnixException'> (0x0000000719fb41a8) thrown at [/build/openjdk-8-OqY7zN/openjdk-8-8u222-b10/src/hotspot/src/share/vm/prims/jni.cpp, line 710]
Event: 0.220 Thread 0x00007ff30c00b800 Exception <a 'sun/nio/fs/UnixException'> (0x000000071a098310) thrown at [/build/openjdk-8-OqY7zN/openjdk-8-8u222-b10/src/hotspot/src/share/vm/prims/jni.cpp, line 710]
Event: 0.222 Thread 0x00007ff30c00b800 Exception <a 'sun/nio/fs/UnixException'> (0x000000071a0a08d0) thrown at [/build/openjdk-8-OqY7zN/openjdk-8-8u222-b10/src/hotspot/src/share/vm/prims/jni.cpp, line 710]

Events (10 events):
Event: 0.565 loading class rendering/Time
Event: 0.565 loading class rendering/Time done
Event: 0.566 loading class models/GameElement
Event: 0.566 loading class models/GameElement done
Event: 0.566 loading class rendering/ModelBatch
Event: 0.566 loading class rendering/ModelBatch done
Event: 0.567 loading class math/Matrix
Event: 0.567 loading class math/Matrix done
Event: 0.567 loading class org/lwjgl/opengl/GL$ICDStatic$WriteOnce
Event: 0.567 loading class org/lwjgl/opengl/GL$ICDStatic$WriteOnce done


Dynamic libraries:
407b0000-407b2000 r-xs 00000000 103:02 15728655                          /tmp/.gl5YRRz4 (deleted)
41175000-41227000 rw-p 00000000 00:00 0 
5ccc00000-5e1980000 rw-p 00000000 00:00 0 
5e1980000-719980000 ---p 00000000 00:00 0 
719980000-724000000 rw-p 00000000 00:00 0 
724000000-7c0000000 ---p 00000000 00:00 0 
7c0000000-7c00e0000 rw-p 00000000 00:00 0 
7c00e0000-800000000 ---p 00000000 00:00 0 
5634325ed000-5634325ee000 r-xp 00000000 103:02 9838898                   /usr/lib/jvm/java-8-openjdk-amd64/jre/bin/java
5634327ed000-5634327ee000 r--p 00000000 103:02 9838898                   /usr/lib/jvm/java-8-openjdk-amd64/jre/bin/java
5634327ee000-5634327ef000 rw-p 00001000 103:02 9838898                   /usr/lib/jvm/java-8-openjdk-amd64/jre/bin/java
563433db9000-563433dda000 rw-p 00000000 00:00 0                          [heap]
7ff28c7e5000-7ff28cbe5000 rw-s 00000000 00:06 582                        /dev/nvidiactl
7ff28cbe5000-7ff28cfe5000 rw-s 00000000 00:06 582                        /dev/nvidiactl
7ff28cfe5000-7ff28d3e5000 rw-s 00000000 00:06 582                        /dev/nvidiactl
7ff28d3e5000-7ff28d7e5000 rw-s 00000000 00:06 582                        /dev/nvidiactl
7ff28d7e5000-7ff28d9e5000 rw-s 00000000 00:06 582                        /dev/nvidiactl
7ff28d9e5000-7ff28fe68000 rw-p 00000000 00:00 0 
7ff28fe68000-7ff28ffe8000 ---p 00000000 00:00 0 
7ff28ffe8000-7ff290028000 rw-s 00000000 08:01 16256275                   /home/sam/#16256275 (deleted)
7ff290028000-7ff290068000 r-xs 00000000 08:01 16256275                   /home/sam/#16256275 (deleted)
7ff290068000-7ff2900c0000 r-xp 00000000 103:02 18483154                  /tmp/lwjglsam/3.2.3-build-13/liblwjgl_opengl.so
7ff2900c0000-7ff2902bf000 ---p 00058000 103:02 18483154                  /tmp/lwjglsam/3.2.3-build-13/liblwjgl_opengl.so
7ff2902bf000-7ff2902c0000 r--p 00057000 103:02 18483154                  /tmp/lwjglsam/3.2.3-build-13/liblwjgl_opengl.so
7ff2902c0000-7ff2902c1000 rw-p 00058000 103:02 18483154                  /tmp/lwjglsam/3.2.3-build-13/liblwjgl_opengl.so
7ff2902c1000-7ff290341000 rw-s 00000000 00:06 582                        /dev/nvidiactl
7ff290341000-7ff2903c1000 rw-s 00000000 00:06 582                        /dev/nvidiactl
7ff2903c1000-7ff290441000 rw-s 00000000 00:06 582                        /dev/nvidiactl
7ff290441000-7ff290541000 rw-s 00000000 00:06 582                        /dev/nvidiactl
7ff290541000-7ff290554000 rw-s 00000000 00:06 582                        /dev/nvidiactl
7ff290554000-7ff290594000 rw-s 00000000 00:06 582                        /dev/nvidiactl
7ff290594000-7ff2905b4000 rw-s 00000000 00:06 582                        /dev/nvidiactl
7ff2905b4000-7ff2905c4000 r-xp 00000000 103:02 9840432                   /usr/lib/x86_64-linux-gnu/libdrm.so.2.4.0
7ff2905c4000-7ff2907c3000 ---p 00010000 103:02 9840432                   /usr/lib/x86_64-linux-gnu/libdrm.so.2.4.0
7ff2907c3000-7ff2907c4000 r--p 0000f000 103:02 9840432                   /usr/lib/x86_64-linux-gnu/libdrm.so.2.4.0
7ff2907c4000-7ff2907c5000 rw-p 00010000 103:02 9840432                   /usr/lib/x86_64-linux-gnu/libdrm.so.2.4.0
7ff2907c5000-7ff2908ca000 rw-s 00000000 00:06 582                        /dev/nvidiactl
7ff2908ca000-7ff291b33000 r-xp 00000000 103:02 9840564                   /usr/lib/x86_64-linux-gnu/libnvidia-glcore.so.430.34
7ff291b33000-7ff291b54000 rwxp 01269000 103:02 9840564                   /usr/lib/x86_64-linux-gnu/libnvidia-glcore.so.430.34
7ff291b54000-7ff29204e000 r-xp 0128a000 103:02 9840564                   /usr/lib/x86_64-linux-gnu/libnvidia-glcore.so.430.34
7ff29204e000-7ff29224d000 ---p 01784000 103:02 9840564                   /usr/lib/x86_64-linux-gnu/libnvidia-glcore.so.430.34
7ff29224d000-7ff292582000 rw-p 01783000 103:02 9840564                   /usr/lib/x86_64-linux-gnu/libnvidia-glcore.so.430.34
7ff292582000-7ff29259e000 rw-p 00000000 00:00 0 
7ff29259e000-7ff2925a1000 r-xp 00000000 103:02 9840568                   /usr/lib/x86_64-linux-gnu/libnvidia-tls.so.430.34
7ff2925a1000-7ff2927a1000 ---p 00003000 103:02 9840568                   /usr/lib/x86_64-linux-gnu/libnvidia-tls.so.430.34
7ff2927a1000-7ff2927a2000 rw-p 00003000 103:02 9840568                   /usr/lib/x86_64-linux-gnu/libnvidia-tls.so.430.34
7ff2927a2000-7ff292851000 r-xp 00000000 103:02 9840561                   /usr/lib/x86_64-linux-gnu/libGLX_nvidia.so.430.34
7ff292851000-7ff292886000 rwxp 000af000 103:02 9840561                   /usr/lib/x86_64-linux-gnu/libGLX_nvidia.so.430.34
7ff292886000-7ff292895000 r-xp 000e4000 103:02 9840561                   /usr/lib/x86_64-linux-gnu/libGLX_nvidia.so.430.34
7ff292895000-7ff292a95000 ---p 000f3000 103:02 9840561                   /usr/lib/x86_64-linux-gnu/libGLX_nvidia.so.430.34
7ff292a95000-7ff292ab9000 rw-p 000f3000 103:02 9840561                   /usr/lib/x86_64-linux-gnu/libGLX_nvidia.so.430.34
7ff292ab9000-7ff292abb000 rw-p 00000000 00:00 0 
7ff292abb000-7ff292afd000 r-xp 00000000 103:02 9837994                   /usr/lib/x86_64-linux-gnu/libGLdispatch.so.0.0.0
7ff292afd000-7ff292b16000 r-xp 00042000 103:02 9837994                   /usr/lib/x86_64-linux-gnu/libGLdispatch.so.0.0.0
7ff292b16000-7ff292b29000 r-xp 0005b000 103:02 9837994                   /usr/lib/x86_64-linux-gnu/libGLdispatch.so.0.0.0
7ff292b29000-7ff292d28000 ---p 0006e000 103:02 9837994                   /usr/lib/x86_64-linux-gnu/libGLdispatch.so.0.0.0
7ff292d28000-7ff292d50000 r--p 0006d000 103:02 9837994                   /usr/lib/x86_64-linux-gnu/libGLdispatch.so.0.0.0
7ff292d50000-7ff292d51000 rw-p 00095000 103:02 9837994                   /usr/lib/x86_64-linux-gnu/libGLdispatch.so.0.0.0
7ff292d51000-7ff292d71000 rw-p 00000000 00:00 0 
7ff292d71000-7ff292d81000 r-xp 00000000 103:02 9837992                   /usr/lib/x86_64-linux-gnu/libGLX.so.0.0.0
7ff292d81000-7ff292f80000 ---p 00010000 103:02 9837992                   /usr/lib/x86_64-linux-gnu/libGLX.so.0.0.0
7ff292f80000-7ff292f81000 r--p 0000f000 103:02 9837992                   /usr/lib/x86_64-linux-gnu/libGLX.so.0.0.0
7ff292f81000-7ff292f82000 rw-p 00010000 103:02 9837992                   /usr/lib/x86_64-linux-gnu/libGLX.so.0.0.0
7ff292f82000-7ff292fa2000 rw-p 00000000 00:00 0 
7ff292fa2000-7ff292fe6000 r-xp 00000000 103:02 9837986                   /usr/lib/x86_64-linux-gnu/libGL.so.1.0.0
7ff292fe6000-7ff292fff000 r-xp 00044000 103:02 9837986                   /usr/lib/x86_64-linux-gnu/libGL.so.1.0.0
7ff292fff000-7ff293013000 r-xp 0005d000 103:02 9837986                   /usr/lib/x86_64-linux-gnu/libGL.so.1.0.0
7ff293013000-7ff293212000 ---p 00071000 103:02 9837986                   /usr/lib/x86_64-linux-gnu/libGL.so.1.0.0
7ff293212000-7ff29322c000 r--p 00070000 103:02 9837986                   /usr/lib/x86_64-linux-gnu/libGL.so.1.0.0
7ff29322c000-7ff29322d000 rw-p 0008a000 103:02 9837986                   /usr/lib/x86_64-linux-gnu/libGL.so.1.0.0
7ff29322d000-7ff29322e000 rw-p 00000000 00:00 0 
7ff29322e000-7ff29322f000 r-xp 00000000 103:02 9840453                   /usr/lib/x86_64-linux-gnu/libX11-xcb.so.1.0.0
7ff29322f000-7ff29342e000 ---p 00001000 103:02 9840453                   /usr/lib/x86_64-linux-gnu/libX11-xcb.so.1.0.0
7ff29342e000-7ff29342f000 r--p 00000000 103:02 9840453                   /usr/lib/x86_64-linux-gnu/libX11-xcb.so.1.0.0
7ff29342f000-7ff293430000 rw-p 00001000 103:02 9840453                   /usr/lib/x86_64-linux-gnu/libX11-xcb.so.1.0.0
7ff293430000-7ff293432000 r-xp 00000000 103:02 9838067                   /usr/lib/x86_64-linux-gnu/libXinerama.so.1.0.0
7ff293432000-7ff293631000 ---p 00002000 103:02 9838067                   /usr/lib/x86_64-linux-gnu/libXinerama.so.1.0.0
7ff293631000-7ff293632000 r--p 00001000 103:02 9838067                   /usr/lib/x86_64-linux-gnu/libXinerama.so.1.0.0
7ff293632000-7ff293633000 rw-p 00002000 103:02 9838067                   /usr/lib/x86_64-linux-gnu/libXinerama.so.1.0.0
7ff293633000-7ff293638000 r-xp 00000000 103:02 9838059                   /usr/lib/x86_64-linux-gnu/libXfixes.so.3.1.0
7ff293638000-7ff293837000 ---p 00005000 103:02 9838059                   /usr/lib/x86_64-linux-gnu/libXfixes.so.3.1.0
7ff293837000-7ff293838000 r--p 00004000 103:02 9838059                   /usr/lib/x86_64-linux-gnu/libXfixes.so.3.1.0
7ff293838000-7ff293839000 rw-p 00005000 103:02 9838059                   /usr/lib/x86_64-linux-gnu/libXfixes.so.3.1.0
7ff293839000-7ff293842000 r-xp 00000000 103:02 9838051                   /usr/lib/x86_64-linux-gnu/libXcursor.so.1.0.2
7ff293842000-7ff293a41000 ---p 00009000 103:02 9838051                   /usr/lib/x86_64-linux-gnu/libXcursor.so.1.0.2
7ff293a41000-7ff293a42000 r--p 00008000 103:02 9838051                   /usr/lib/x86_64-linux-gnu/libXcursor.so.1.0.2
7ff293a42000-7ff293a43000 rw-p 00009000 103:02 9838051                   /usr/lib/x86_64-linux-gnu/libXcursor.so.1.0.2
7ff293a43000-7ff293a4c000 r-xp 00000000 103:02 9838077                   /usr/lib/x86_64-linux-gnu/libXrender.so.1.3.0
7ff293a4c000-7ff293c4b000 ---p 00009000 103:02 9838077                   /usr/lib/x86_64-linux-gnu/libXrender.so.1.3.0
7ff293c4b000-7ff293c4c000 r--p 00008000 103:02 9838077                   /usr/lib/x86_64-linux-gnu/libXrender.so.1.3.0
7ff293c4c000-7ff293c4d000 rw-p 00009000 103:02 9838077                   /usr/lib/x86_64-linux-gnu/libXrender.so.1.3.0
7ff293c4d000-7ff293c57000 r-xp 00000000 103:02 9838075                   /usr/lib/x86_64-linux-gnu/libXrandr.so.2.2.0
7ff293c57000-7ff293e56000 ---p 0000a000 103:02 9838075                   /usr/lib/x86_64-linux-gnu/libXrandr.so.2.2.0
7ff293e56000-7ff293e57000 r--p 00009000 103:02 9838075                   /usr/lib/x86_64-linux-gnu/libXrandr.so.2.2.0
7ff293e57000-7ff293e58000 rw-p 0000a000 103:02 9838075                   /usr/lib/x86_64-linux-gnu/libXrandr.so.2.2.0
7ff293e58000-7ff293e67000 r-xp 00000000 103:02 9838065                   /usr/lib/x86_64-linux-gnu/libXi.so.6.1.0
7ff293e67000-7ff294066000 ---p 0000f000 103:02 9838065                   /usr/lib/x86_64-linux-gnu/libXi.so.6.1.0
7ff294066000-7ff294067000 r--p 0000e000 103:02 9838065                   /usr/lib/x86_64-linux-gnu/libXi.so.6.1.0
7ff294067000-7ff294068000 rw-p 0000f000 103:02 9838065                   /usr/lib/x86_64-linux-gnu/libXi.so.6.1.0
7ff294068000-7ff294079000 r-xp 00000000 103:02 9838057                   /usr/lib/x86_64-linux-gnu/libXext.so.6.4.0
7ff294079000-7ff294278000 ---p 00011000 103:02 9838057                   /usr/lib/x86_64-linux-gnu/libXext.so.6.4.0
7ff294278000-7ff294279000 r--p 00010000 103:02 9838057                   /usr/lib/x86_64-linux-gnu/libXext.so.6.4.0
7ff294279000-7ff29427a000 rw-p 00011000 103:02 9838057                   /usr/lib/x86_64-linux-gnu/libXext.so.6.4.0
7ff29427a000-7ff29427f000 r-xp 00000000 103:02 9838093                   /usr/lib/x86_64-linux-gnu/libXxf86vm.so.1.0.0
7ff29427f000-7ff29447e000 ---p 00005000 103:02 9838093                   /usr/lib/x86_64-linux-gnu/libXxf86vm.so.1.0.0
7ff29447e000-7ff29447f000 r--p 00004000 103:02 9838093                   /usr/lib/x86_64-linux-gnu/libXxf86vm.so.1.0.0
7ff29447f000-7ff294480000 rw-p 00005000 103:02 9838093                   /usr/lib/x86_64-linux-gnu/libXxf86vm.so.1.0.0
7ff294480000-7ff294493000 r-xp 00000000 103:02 22942382                  /lib/x86_64-linux-gnu/libbsd.so.0.8.7
7ff294493000-7ff294692000 ---p 00013000 103:02 22942382                  /lib/x86_64-linux-gnu/libbsd.so.0.8.7
7ff294692000-7ff294693000 r--p 00012000 103:02 22942382                  /lib/x86_64-linux-gnu/libbsd.so.0.8.7
7ff294693000-7ff294694000 rw-p 00013000 103:02 22942382                  /lib/x86_64-linux-gnu/libbsd.so.0.8.7
7ff294694000-7ff294695000 rw-p 00000000 00:00 0 
7ff294695000-7ff29469a000 r-xp 00000000 103:02 9838055                   /usr/lib/x86_64-linux-gnu/libXdmcp.so.6.0.0
7ff29469a000-7ff294899000 ---p 00005000 103:02 9838055                   /usr/lib/x86_64-linux-gnu/libXdmcp.so.6.0.0
7ff294899000-7ff29489a000 r--p 00004000 103:02 9838055                   /usr/lib/x86_64-linux-gnu/libXdmcp.so.6.0.0
7ff29489a000-7ff29489b000 rw-p 00005000 103:02 9838055                   /usr/lib/x86_64-linux-gnu/libXdmcp.so.6.0.0
7ff29489b000-7ff29489d000 r-xp 00000000 103:02 9838044                   /usr/lib/x86_64-linux-gnu/libXau.so.6.0.0
7ff29489d000-7ff294a9d000 ---p 00002000 103:02 9838044                   /usr/lib/x86_64-linux-gnu/libXau.so.6.0.0
7ff294a9d000-7ff294a9e000 r--p 00002000 103:02 9838044                   /usr/lib/x86_64-linux-gnu/libXau.so.6.0.0
7ff294a9e000-7ff294a9f000 rw-p 00003000 103:02 9838044                   /usr/lib/x86_64-linux-gnu/libXau.so.6.0.0
7ff294a9f000-7ff294ac5000 r-xp 00000000 103:02 9840409                   /usr/lib/x86_64-linux-gnu/libxcb.so.1.1.0
7ff294ac5000-7ff294cc5000 ---p 00026000 103:02 9840409                   /usr/lib/x86_64-linux-gnu/libxcb.so.1.1.0
7ff294cc5000-7ff294cc6000 r--p 00026000 103:02 9840409                   /usr/lib/x86_64-linux-gnu/libxcb.so.1.1.0
7ff294cc6000-7ff294cc7000 rw-p 00027000 103:02 9840409                   /usr/lib/x86_64-linux-gnu/libxcb.so.1.1.0
7ff294cc7000-7ff294dfa000 r-xp 00000000 103:02 9839217                   /usr/lib/x86_64-linux-gnu/libX11.so.6.3.0
7ff294dfa000-7ff294ffa000 ---p 00133000 103:02 9839217                   /usr/lib/x86_64-linux-gnu/libX11.so.6.3.0
7ff294ffa000-7ff294ffb000 r--p 00133000 103:02 9839217                   /usr/lib/x86_64-linux-gnu/libX11.so.6.3.0
7ff294ffb000-7ff294fff000 rw-p 00134000 103:02 9839217                   /usr/lib/x86_64-linux-gnu/libX11.so.6.3.0
7ff294fff000-7ff298000000 rw-p 00000000 00:00 0 
7ff298000000-7ff298021000 rw-p 00000000 00:00 0 
7ff298021000-7ff29c000000 ---p 00000000 00:00 0 
7ff29c000000-7ff29c021000 rw-p 00000000 00:00 0 
7ff29c021000-7ff2a0000000 ---p 00000000 00:00 0 
7ff2a0000000-7ff2a005d000 rw-p 00000000 00:00 0 
7ff2a005d000-7ff2a4000000 ---p 00000000 00:00 0 
7ff2a4000000-7ff2a41b1000 rw-p 00000000 00:00 0 
7ff2a41b1000-7ff2a8000000 ---p 00000000 00:00 0 
7ff2a8000000-7ff2a809a000 rw-p 00000000 00:00 0 
7ff2a809a000-7ff2ac000000 ---p 00000000 00:00 0 
7ff2ac000000-7ff2ac0e9000 rw-p 00000000 00:00 0 
7ff2ac0e9000-7ff2b0000000 ---p 00000000 00:00 0 
7ff2b0000000-7ff2b0021000 rw-p 00000000 00:00 0 
7ff2b0021000-7ff2b4000000 ---p 00000000 00:00 0 
7ff2b4000000-7ff2b4021000 rw-p 00000000 00:00 0 
7ff2b4021000-7ff2b8000000 ---p 00000000 00:00 0 
7ff2b8000000-7ff2b8021000 rw-p 00000000 00:00 0 
7ff2b8021000-7ff2bc000000 ---p 00000000 00:00 0 
7ff2bc000000-7ff2bc021000 rw-p 00000000 00:00 0 
7ff2bc021000-7ff2c0000000 ---p 00000000 00:00 0 
7ff2c0000000-7ff2c0021000 rw-p 00000000 00:00 0 
7ff2c0021000-7ff2c4000000 ---p 00000000 00:00 0 
7ff2c4001000-7ff2c4003000 rw-s 00000000 103:02 15728655                  /tmp/.gl5YRRz4 (deleted)
7ff2c4003000-7ff2c4013000 rw-s 00000000 00:06 583                        /dev/nvidia0
7ff2c4013000-7ff2c4014000 rw-s 00000000 00:06 582                        /dev/nvidiactl
7ff2c4014000-7ff2c4018000 rw-s 00000000 00:06 582                        /dev/nvidiactl
7ff2c4018000-7ff2c4019000 rw-s 00000000 00:06 583                        /dev/nvidia0
7ff2c4019000-7ff2c401a000 rw-s 00000000 00:06 583                        /dev/nvidia0
7ff2c401a000-7ff2c405a000 rw-s 00000000 00:06 582                        /dev/nvidiactl
7ff2c405a000-7ff2c407a000 rw-s 00000000 00:06 582                        /dev/nvidiactl
7ff2c407a000-7ff2c407b000 rw-s 00000000 00:06 583                        /dev/nvidia0
7ff2c407b000-7ff2c40bb000 rw-s 00000000 00:06 582                        /dev/nvidiactl
7ff2c40db000-7ff2c40dc000 rw-s 00000000 00:06 582                        /dev/nvidiactl
7ff2c40dc000-7ff2c40dd000 rw-s 00000000 00:06 582                        /dev/nvidiactl
7ff2c40dd000-7ff2c4120000 r-xp 00000000 103:02 18483153                  /tmp/lwjglsam/3.2.3-build-13/libglfw.so
7ff2c4120000-7ff2c431f000 ---p 00043000 103:02 18483153                  /tmp/lwjglsam/3.2.3-build-13/libglfw.so
7ff2c431f000-7ff2c4320000 r--p 00042000 103:02 18483153                  /tmp/lwjglsam/3.2.3-build-13/libglfw.so
7ff2c4320000-7ff2c4322000 rw-p 00043000 103:02 18483153                  /tmp/lwjglsam/3.2.3-build-13/libglfw.so
7ff2c4322000-7ff2c4343000 rw-p 00000000 00:00 0 
7ff2c4343000-7ff2c4394000 r-xp 00000000 103:02 18483152                  /tmp/lwjglsam/3.2.3-build-13/liblwjgl.so
7ff2c4394000-7ff2c4593000 ---p 00051000 103:02 18483152                  /tmp/lwjglsam/3.2.3-build-13/liblwjgl.so
7ff2c4593000-7ff2c4594000 r--p 00050000 103:02 18483152                  /tmp/lwjglsam/3.2.3-build-13/liblwjgl.so
7ff2c4594000-7ff2c4595000 rw-p 00051000 103:02 18483152                  /tmp/lwjglsam/3.2.3-build-13/liblwjgl.so
7ff2c4595000-7ff2c45ab000 r-xp 00000000 103:02 9839031                   /usr/lib/jvm/java-8-openjdk-amd64/jre/lib/amd64/libnet.so
7ff2c45ab000-7ff2c47aa000 ---p 00016000 103:02 9839031                   /usr/lib/jvm/java-8-openjdk-amd64/jre/lib/amd64/libnet.so
7ff2c47aa000-7ff2c47ab000 r--p 00015000 103:02 9839031                   /usr/lib/jvm/java-8-openjdk-amd64/jre/lib/amd64/libnet.so
7ff2c47ab000-7ff2c47ac000 rw-p 00016000 103:02 9839031                   /usr/lib/jvm/java-8-openjdk-amd64/jre/lib/amd64/libnet.so
7ff2c47ac000-7ff2c47bd000 r-xp 00000000 103:02 9839036                   /usr/lib/jvm/java-8-openjdk-amd64/jre/lib/amd64/libnio.so
7ff2c47bd000-7ff2c49bc000 ---p 00011000 103:02 9839036                   /usr/lib/jvm/java-8-openjdk-amd64/jre/lib/amd64/libnio.so
7ff2c49bc000-7ff2c49bd000 r--p 00010000 103:02 9839036                   /usr/lib/jvm/java-8-openjdk-amd64/jre/lib/amd64/libnio.so
7ff2c49bd000-7ff2c49be000 rw-p 00011000 103:02 9839036                   /usr/lib/jvm/java-8-openjdk-amd64/jre/lib/amd64/libnio.so
7ff2c49be000-7ff2c49d1000 r--s 00346000 103:02 9839324                   /usr/lib/jvm/java-8-openjdk-amd64/jre/lib/resources.jar
7ff2c49d1000-7ff2c49ec000 r--s 001d6000 103:02 9839212                   /usr/lib/jvm/java-8-openjdk-amd64/jre/lib/ext/nashorn.jar
7ff2c49ec000-7ff2c49ed000 ---p 00000000 00:00 0 
7ff2c49ed000-7ff2c4aed000 rw-p 00000000 00:00 0 
7ff2c4aed000-7ff2c4af0000 ---p 00000000 00:00 0 
7ff2c4af0000-7ff2c4bee000 rw-p 00000000 00:00 0 
7ff2c4bee000-7ff2c4bef000 ---p 00000000 00:00 0 
7ff2c4bef000-7ff2c4bf2000 ---p 00000000 00:00 0 
7ff2c4bf2000-7ff2c4cef000 rw-p 00000000 00:00 0 
7ff2c4cef000-7ff2c4cf0000 ---p 00000000 00:00 0 
7ff2c4cf0000-7ff2c4cf3000 ---p 00000000 00:00 0 
7ff2c4cf3000-7ff2c4df0000 rw-p 00000000 00:00 0 
7ff2c4df0000-7ff2c4df1000 ---p 00000000 00:00 0 
7ff2c4df1000-7ff2c4df4000 ---p 00000000 00:00 0 
7ff2c4df4000-7ff2c4ef1000 rw-p 00000000 00:00 0 
7ff2c4ef1000-7ff2c4ef2000 ---p 00000000 00:00 0 
7ff2c4ef2000-7ff2c4ef5000 ---p 00000000 00:00 0 
7ff2c4ef5000-7ff2c4ff2000 rw-p 00000000 00:00 0 
7ff2c4ff2000-7ff2c4ff5000 ---p 00000000 00:00 0 
7ff2c4ff5000-7ff2c50f3000 rw-p 00000000 00:00 0 
7ff2c50f3000-7ff2c5ac2000 r--p 00000000 103:02 9837060                   /usr/lib/locale/locale-archive
7ff2c5ac2000-7ff2c5ac5000 ---p 00000000 00:00 0 
7ff2c5ac5000-7ff2c5bc3000 rw-p 00000000 00:00 0 
7ff2c5bc3000-7ff2c5bc6000 ---p 00000000 00:00 0 
7ff2c5bc6000-7ff2c5cc4000 rw-p 00000000 00:00 0 
7ff2c5cc4000-7ff2c5cc5000 ---p 00000000 00:00 0 
7ff2c5cc5000-7ff2c8000000 rw-p 00000000 00:00 0 
7ff2c8000000-7ff2c8021000 rw-p 00000000 00:00 0 
7ff2c8021000-7ff2cc000000 ---p 00000000 00:00 0 
7ff2cc000000-7ff2cc007000 r--s 00000000 103:02 10095718                  /usr/lib/x86_64-linux-gnu/gconv/gconv-modules.cache
7ff2cc007000-7ff2cc008000 r--s 0002c000 08:01 21106431                   /home/sam/Downloads/lwjgl-3.2.3/lwjgl-stb/lwjgl-stb-natives-linux-arm64.jar
7ff2cc008000-7ff2cc009000 r--s 00030000 08:01 21106432                   /home/sam/Downloads/lwjgl-3.2.3/lwjgl-stb/lwjgl-stb-natives-linux.jar
7ff2cc009000-7ff2cc00b000 r--s 00018000 08:01 21106437                   /home/sam/Downloads/lwjgl-3.2.3/lwjgl-stb/lwjgl-stb.jar
7ff2cc00b000-7ff2cc00c000 r--s 00002000 08:01 16253464                   /home/sam/Downloads/pngdecoder-1.0.jar
7ff2cc00c000-7ff2cc00d000 r--s 00022000 08:01 17960234                   /home/sam/Downloads/lwjgl-3.2.3/lwjgl-glfw/lwjgl-glfw-natives-linux-arm64.jar
7ff2cc00d000-7ff2cc018000 r--s 000da000 08:01 19795221                   /home/sam/Downloads/lwjgl-3.2.3/lwjgl-opengl/lwjgl-opengl.jar
7ff2cc018000-7ff2dc000000 rw-p 00000000 00:00 0 
7ff2dc000000-7ff2dc021000 rw-p 00000000 00:00 0 
7ff2dc021000-7ff2e0000000 ---p 00000000 00:00 0 
7ff2e0000000-7ff2e0021000 rw-p 00000000 00:00 0 
7ff2e0021000-7ff2e4000000 ---p 00000000 00:00 0 
7ff2e4000000-7ff2e4021000 rw-p 00000000 00:00 0 
7ff2e4021000-7ff2e8000000 ---p 00000000 00:00 0 
7ff2e8000000-7ff2e8021000 rw-p 00000000 00:00 0 
7ff2e8021000-7ff2ec000000 ---p 00000000 00:00 0 
7ff2ec000000-7ff2ec021000 rw-p 00000000 00:00 0 
7ff2ec021000-7ff2f0000000 ---p 00000000 00:00 0 
7ff2f0000000-7ff2f0021000 rw-p 00000000 00:00 0 
7ff2f0021000-7ff2f4000000 ---p 00000000 00:00 0 
7ff2f4000000-7ff2f4021000 rw-p 00000000 00:00 0 
7ff2f4021000-7ff2f8000000 ---p 00000000 00:00 0 
7ff2f8000000-7ff2f8021000 rw-p 00000000 00:00 0 
7ff2f8021000-7ff2fc000000 ---p 00000000 00:00 0 
7ff2fc000000-7ff2fc003000 r--s 00018000 08:01 17960240                   /home/sam/Downloads/lwjgl-3.2.3/lwjgl-glfw/lwjgl-glfw.jar
7ff2fc003000-7ff2fd000000 rw-p 00000000 00:00 0 
7ff2fd000000-7ff2fd2a0000 rwxp 00000000 00:00 0 
7ff2fd2a0000-7ff30c000000 ---p 00000000 00:00 0 
7ff30c000000-7ff30ca9c000 rw-p 00000000 00:00 0 
7ff30ca9c000-7ff310000000 ---p 00000000 00:00 0 
7ff310000000-7ff310001000 r--s 00026000 08:01 17960235                   /home/sam/Downloads/lwjgl-3.2.3/lwjgl-glfw/lwjgl-glfw-natives-linux.jar
7ff310001000-7ff310003000 r--s 0000d000 08:01 19795215                   /home/sam/Downloads/lwjgl-3.2.3/lwjgl-opengl/lwjgl-opengl-natives-linux-arm64.jar
7ff310003000-7ff310004000 r--s 00013000 08:01 19795216                   /home/sam/Downloads/lwjgl-3.2.3/lwjgl-opengl/lwjgl-opengl-natives-linux.jar
7ff310004000-7ff310005000 r--s 0000c000 08:01 16517972                   /home/sam/Downloads/lwjgl-3.2.3/lwjgl/lwjgl-natives-linux-arm64.jar
7ff310005000-7ff310006000 r--s 00012000 08:01 16517973                   /home/sam/Downloads/lwjgl-3.2.3/lwjgl/lwjgl-natives-linux.jar
7ff310006000-7ff31000d000 r--s 00081000 08:01 16518147                   /home/sam/Downloads/lwjgl-3.2.3/lwjgl/lwjgl.jar
7ff31000d000-7ff310012000 r--s 0003c000 103:02 9839214                   /usr/lib/jvm/java-8-openjdk-amd64/jre/lib/ext/sunjce_provider.jar
7ff310012000-7ff310015000 r--s 00039000 103:02 9839215                   /usr/lib/jvm/java-8-openjdk-amd64/jre/lib/ext/sunpkcs11.jar
7ff310015000-7ff310018000 r--s 0000f000 103:02 9839204                   /usr/lib/jvm/java-8-openjdk-amd64/jre/lib/ext/icedtea-sound.jar
7ff310018000-7ff31020c000 rw-p 00000000 00:00 0 
7ff31020c000-7ff3103dc000 r--s 03c5c000 103:02 9839328                   /usr/lib/jvm/java-8-openjdk-amd64/jre/lib/rt.jar
7ff3103dc000-7ff3104ad000 rw-p 00000000 00:00 0 
7ff3104ad000-7ff3104ae000 ---p 00000000 00:00 0 
7ff3104ae000-7ff3105ae000 rw-p 00000000 00:00 0 
7ff3105ae000-7ff3105af000 ---p 00000000 00:00 0 
7ff3105af000-7ff3106af000 rw-p 00000000 00:00 0 
7ff3106af000-7ff3106b0000 ---p 00000000 00:00 0 
7ff3106b0000-7ff3107b0000 rw-p 00000000 00:00 0 
7ff3107b0000-7ff3107b1000 ---p 00000000 00:00 0 
7ff3107b1000-7ff3108b1000 rw-p 00000000 00:00 0 
7ff3108b1000-7ff3108b2000 ---p 00000000 00:00 0 
7ff3108b2000-7ff3109b2000 rw-p 00000000 00:00 0 
7ff3109b2000-7ff3109b3000 ---p 00000000 00:00 0 
7ff3109b3000-7ff310ab3000 rw-p 00000000 00:00 0 
7ff310ab3000-7ff310ab4000 ---p 00000000 00:00 0 
7ff310ab4000-7ff310bb4000 rw-p 00000000 00:00 0 
7ff310bb4000-7ff310bb5000 ---p 00000000 00:00 0 
7ff310bb5000-7ff310cb5000 rw-p 00000000 00:00 0 
7ff310cb5000-7ff310cb6000 ---p 00000000 00:00 0 
7ff310cb6000-7ff310db6000 rw-p 00000000 00:00 0 
7ff310db6000-7ff310db7000 ---p 00000000 00:00 0 
7ff310db7000-7ff310f5e000 rw-p 00000000 00:00 0 
7ff310f5e000-7ff31191e000 ---p 00000000 00:00 0 
7ff31191e000-7ff3119c5000 rw-p 00000000 00:00 0 
7ff3119c5000-7ff312384000 ---p 00000000 00:00 0 
7ff312384000-7ff3123d8000 rw-p 00000000 00:00 0 
7ff3123d8000-7ff3128b8000 ---p 00000000 00:00 0 
7ff3128b8000-7ff3128c4000 rw-p 00000000 00:00 0 
7ff3128c4000-7ff312c79000 ---p 00000000 00:00 0 
7ff312c79000-7ff312c81000 r-xp 00000000 103:02 9839091                   /usr/lib/jvm/java-8-openjdk-amd64/jre/lib/amd64/libzip.so
7ff312c81000-7ff312e80000 ---p 00008000 103:02 9839091                   /usr/lib/jvm/java-8-openjdk-amd64/jre/lib/amd64/libzip.so
7ff312e80000-7ff312e81000 r--p 00007000 103:02 9839091                   /usr/lib/jvm/java-8-openjdk-amd64/jre/lib/amd64/libzip.so
7ff312e81000-7ff312e82000 rw-p 00008000 103:02 9839091                   /usr/lib/jvm/java-8-openjdk-amd64/jre/lib/amd64/libzip.so
7ff312e82000-7ff312e8d000 r-xp 00000000 103:02 22942476                  /lib/x86_64-linux-gnu/libnss_files-2.27.so
7ff312e8d000-7ff31308c000 ---p 0000b000 103:02 22942476                  /lib/x86_64-linux-gnu/libnss_files-2.27.so
7ff31308c000-7ff31308d000 r--p 0000a000 103:02 22942476                  /lib/x86_64-linux-gnu/libnss_files-2.27.so
7ff31308d000-7ff31308e000 rw-p 0000b000 103:02 22942476                  /lib/x86_64-linux-gnu/libnss_files-2.27.so
7ff31308e000-7ff313094000 rw-p 00000000 00:00 0 
7ff313094000-7ff3130ab000 r-xp 00000000 103:02 22942470                  /lib/x86_64-linux-gnu/libnsl-2.27.so
7ff3130ab000-7ff3132aa000 ---p 00017000 103:02 22942470                  /lib/x86_64-linux-gnu/libnsl-2.27.so
7ff3132aa000-7ff3132ab000 r--p 00016000 103:02 22942470                  /lib/x86_64-linux-gnu/libnsl-2.27.so
7ff3132ab000-7ff3132ac000 rw-p 00017000 103:02 22942470                  /lib/x86_64-linux-gnu/libnsl-2.27.so
7ff3132ac000-7ff3132ae000 rw-p 00000000 00:00 0 
7ff3132ae000-7ff3132b9000 r-xp 00000000 103:02 22942487                  /lib/x86_64-linux-gnu/libnss_nis-2.27.so
7ff3132b9000-7ff3134b8000 ---p 0000b000 103:02 22942487                  /lib/x86_64-linux-gnu/libnss_nis-2.27.so
7ff3134b8000-7ff3134b9000 r--p 0000a000 103:02 22942487                  /lib/x86_64-linux-gnu/libnss_nis-2.27.so
7ff3134b9000-7ff3134ba000 rw-p 0000b000 103:02 22942487                  /lib/x86_64-linux-gnu/libnss_nis-2.27.so
7ff3134ba000-7ff3134c2000 r-xp 00000000 103:02 22942472                  /lib/x86_64-linux-gnu/libnss_compat-2.27.so
7ff3134c2000-7ff3136c2000 ---p 00008000 103:02 22942472                  /lib/x86_64-linux-gnu/libnss_compat-2.27.so
7ff3136c2000-7ff3136c3000 r--p 00008000 103:02 22942472                  /lib/x86_64-linux-gnu/libnss_compat-2.27.so
7ff3136c3000-7ff3136c4000 rw-p 00009000 103:02 22942472                  /lib/x86_64-linux-gnu/libnss_compat-2.27.so
7ff3136c4000-7ff3136ee000 r-xp 00000000 103:02 9838982                   /usr/lib/jvm/java-8-openjdk-amd64/jre/lib/amd64/libjava.so
7ff3136ee000-7ff3138ed000 ---p 0002a000 103:02 9838982                   /usr/lib/jvm/java-8-openjdk-amd64/jre/lib/amd64/libjava.so
7ff3138ed000-7ff3138ee000 r--p 00029000 103:02 9838982                   /usr/lib/jvm/java-8-openjdk-amd64/jre/lib/amd64/libjava.so
7ff3138ee000-7ff3138f0000 rw-p 0002a000 103:02 9838982                   /usr/lib/jvm/java-8-openjdk-amd64/jre/lib/amd64/libjava.so
7ff3138f0000-7ff313900000 r-xp 00000000 103:02 9839073                   /usr/lib/jvm/java-8-openjdk-amd64/jre/lib/amd64/libverify.so
7ff313900000-7ff313aff000 ---p 00010000 103:02 9839073                   /usr/lib/jvm/java-8-openjdk-amd64/jre/lib/amd64/libverify.so
7ff313aff000-7ff313b01000 r--p 0000f000 103:02 9839073                   /usr/lib/jvm/java-8-openjdk-amd64/jre/lib/amd64/libverify.so
7ff313b01000-7ff313b02000 rw-p 00011000 103:02 9839073                   /usr/lib/jvm/java-8-openjdk-amd64/jre/lib/amd64/libverify.so
7ff313b02000-7ff313b09000 r-xp 00000000 103:02 22942527                  /lib/x86_64-linux-gnu/librt-2.27.so
7ff313b09000-7ff313d08000 ---p 00007000 103:02 22942527                  /lib/x86_64-linux-gnu/librt-2.27.so
7ff313d08000-7ff313d09000 r--p 00006000 103:02 22942527                  /lib/x86_64-linux-gnu/librt-2.27.so
7ff313d09000-7ff313d0a000 rw-p 00007000 103:02 22942527                  /lib/x86_64-linux-gnu/librt-2.27.so
7ff313d0a000-7ff313d21000 r-xp 00000000 103:02 22937606                  /lib/x86_64-linux-gnu/libgcc_s.so.1
7ff313d21000-7ff313f20000 ---p 00017000 103:02 22937606                  /lib/x86_64-linux-gnu/libgcc_s.so.1
7ff313f20000-7ff313f21000 r--p 00016000 103:02 22937606                  /lib/x86_64-linux-gnu/libgcc_s.so.1
7ff313f21000-7ff313f22000 rw-p 00017000 103:02 22937606                  /lib/x86_64-linux-gnu/libgcc_s.so.1
7ff313f22000-7ff3140bf000 r-xp 00000000 103:02 22942449                  /lib/x86_64-linux-gnu/libm-2.27.so
7ff3140bf000-7ff3142be000 ---p 0019d000 103:02 22942449                  /lib/x86_64-linux-gnu/libm-2.27.so
7ff3142be000-7ff3142bf000 r--p 0019c000 103:02 22942449                  /lib/x86_64-linux-gnu/libm-2.27.so
7ff3142bf000-7ff3142c0000 rw-p 0019d000 103:02 22942449                  /lib/x86_64-linux-gnu/libm-2.27.so
7ff3142c0000-7ff314439000 r-xp 00000000 103:02 9830530                   /usr/lib/x86_64-linux-gnu/libstdc++.so.6.0.25
7ff314439000-7ff314639000 ---p 00179000 103:02 9830530                   /usr/lib/x86_64-linux-gnu/libstdc++.so.6.0.25
7ff314639000-7ff314643000 r--p 00179000 103:02 9830530                   /usr/lib/x86_64-linux-gnu/libstdc++.so.6.0.25
7ff314643000-7ff314645000 rw-p 00183000 103:02 9830530                   /usr/lib/x86_64-linux-gnu/libstdc++.so.6.0.25
7ff314645000-7ff314649000 rw-p 00000000 00:00 0 
7ff314649000-7ff3152e8000 r-xp 00000000 103:02 9839139                   /usr/lib/jvm/java-8-openjdk-amd64/jre/lib/amd64/server/libjvm.so
7ff3152e8000-7ff3154e8000 ---p 00c9f000 103:02 9839139                   /usr/lib/jvm/java-8-openjdk-amd64/jre/lib/amd64/server/libjvm.so
7ff3154e8000-7ff31557c000 r--p 00c9f000 103:02 9839139                   /usr/lib/jvm/java-8-openjdk-amd64/jre/lib/amd64/server/libjvm.so
7ff31557c000-7ff3155a5000 rw-p 00d33000 103:02 9839139                   /usr/lib/jvm/java-8-openjdk-amd64/jre/lib/amd64/server/libjvm.so
7ff3155a5000-7ff3155d5000 rw-p 00000000 00:00 0 
7ff3155d5000-7ff3155ef000 r-xp 00000000 103:02 22942519                  /lib/x86_64-linux-gnu/libpthread-2.27.so
7ff3155ef000-7ff3157ee000 ---p 0001a000 103:02 22942519                  /lib/x86_64-linux-gnu/libpthread-2.27.so
7ff3157ee000-7ff3157ef000 r--p 00019000 103:02 22942519                  /lib/x86_64-linux-gnu/libpthread-2.27.so
7ff3157ef000-7ff3157f0000 rw-p 0001a000 103:02 22942519                  /lib/x86_64-linux-gnu/libpthread-2.27.so
7ff3157f0000-7ff3157f4000 rw-p 00000000 00:00 0 
7ff3157f4000-7ff3157f7000 r-xp 00000000 103:02 22942409                  /lib/x86_64-linux-gnu/libdl-2.27.so
7ff3157f7000-7ff3159f6000 ---p 00003000 103:02 22942409                  /lib/x86_64-linux-gnu/libdl-2.27.so
7ff3159f6000-7ff3159f7000 r--p 00002000 103:02 22942409                  /lib/x86_64-linux-gnu/libdl-2.27.so
7ff3159f7000-7ff3159f8000 rw-p 00003000 103:02 22942409                  /lib/x86_64-linux-gnu/libdl-2.27.so
7ff3159f8000-7ff315a14000 r-xp 00000000 103:02 22942558                  /lib/x86_64-linux-gnu/libz.so.1.2.11
7ff315a14000-7ff315c13000 ---p 0001c000 103:02 22942558                  /lib/x86_64-linux-gnu/libz.so.1.2.11
7ff315c13000-7ff315c14000 r--p 0001b000 103:02 22942558                  /lib/x86_64-linux-gnu/libz.so.1.2.11
7ff315c14000-7ff315c15000 rw-p 0001c000 103:02 22942558                  /lib/x86_64-linux-gnu/libz.so.1.2.11
7ff315c15000-7ff315dfc000 r-xp 00000000 103:02 22942386                  /lib/x86_64-linux-gnu/libc-2.27.so
7ff315dfc000-7ff315ffc000 ---p 001e7000 103:02 22942386                  /lib/x86_64-linux-gnu/libc-2.27.so
7ff315ffc000-7ff316000000 r--p 001e7000 103:02 22942386                  /lib/x86_64-linux-gnu/libc-2.27.so
7ff316000000-7ff316002000 rw-p 001eb000 103:02 22942386                  /lib/x86_64-linux-gnu/libc-2.27.so
7ff316002000-7ff316006000 rw-p 00000000 00:00 0 
7ff316006000-7ff316014000 r-xp 00000000 103:02 9838942                   /usr/lib/jvm/java-8-openjdk-amd64/jre/lib/amd64/jli/libjli.so
7ff316014000-7ff316213000 ---p 0000e000 103:02 9838942                   /usr/lib/jvm/java-8-openjdk-amd64/jre/lib/amd64/jli/libjli.so
7ff316213000-7ff316214000 r--p 0000d000 103:02 9838942                   /usr/lib/jvm/java-8-openjdk-amd64/jre/lib/amd64/jli/libjli.so
7ff316214000-7ff316215000 rw-p 0000e000 103:02 9838942                   /usr/lib/jvm/java-8-openjdk-amd64/jre/lib/amd64/jli/libjli.so
7ff316215000-7ff31623c000 r-xp 00000000 103:02 22942358                  /lib/x86_64-linux-gnu/ld-2.27.so
7ff31623c000-7ff31623d000 r--s 0000a000 103:02 9839205                   /usr/lib/jvm/java-8-openjdk-amd64/jre/lib/ext/jaccess.jar
7ff31623d000-7ff316258000 r--s 00394000 103:02 9839202                   /usr/lib/jvm/java-8-openjdk-amd64/jre/lib/ext/cldrdata.jar
7ff316258000-7ff31631d000 rw-p 00000000 00:00 0 
7ff31631d000-7ff31631e000 ---p 00000000 00:00 0 
7ff31631e000-7ff316321000 ---p 00000000 00:00 0 
7ff316321000-7ff316420000 rw-p 00000000 00:00 0 
7ff316420000-7ff316422000 r--s 00001000 103:02 9839203                   /usr/lib/jvm/java-8-openjdk-amd64/jre/lib/ext/dnsns.jar
7ff316422000-7ff31642c000 r--s 00116000 103:02 9839206                   /usr/lib/jvm/java-8-openjdk-amd64/jre/lib/ext/localedata.jar
7ff31642c000-7ff31642e000 r--s 00007000 103:02 10224650                  /usr/share/java/java-atk-wrapper.jar
7ff31642e000-7ff31642f000 r--s 0000d000 103:02 9839213                   /usr/lib/jvm/java-8-openjdk-amd64/jre/lib/ext/sunec.jar
7ff31642f000-7ff316430000 r--s 00010000 103:02 9839216                   /usr/lib/jvm/java-8-openjdk-amd64/jre/lib/ext/zipfs.jar
7ff316430000-7ff316438000 rw-s 00000000 103:02 18483139                  /tmp/hsperfdata_sam/7310
7ff316438000-7ff316439000 rw-p 00000000 00:00 0 
7ff316439000-7ff31643a000 r--p 00000000 00:00 0 
7ff31643a000-7ff31643c000 rw-p 00000000 00:00 0 
7ff31643c000-7ff31643d000 r--p 00027000 103:02 22942358                  /lib/x86_64-linux-gnu/ld-2.27.so
7ff31643d000-7ff31643e000 rw-p 00028000 103:02 22942358                  /lib/x86_64-linux-gnu/ld-2.27.so
7ff31643e000-7ff31643f000 rw-p 00000000 00:00 0 
7ffd1f95e000-7ffd1f97f000 rw-p 00000000 00:00 0                          [stack]
7ffd1f9bb000-7ffd1f9be000 r--p 00000000 00:00 0                          [vvar]
7ffd1f9be000-7ffd1f9bf000 r-xp 00000000 00:00 0                          [vdso]
ffffffffff600000-ffffffffff601000 --xp 00000000 00:00 0                  [vsyscall]

VM Arguments:
jvm_args: -Dfile.encoding=UTF-8 
java_command: main.Main
java_class_path (initial): /home/sam/Downloads/lwjgl-3.2.3/lwjgl/lwjgl.jar:/home/sam/Downloads/lwjgl-3.2.3/lwjgl/lwjgl-natives-linux.jar:/home/sam/Downloads/lwjgl-3.2.3/lwjgl/lwjgl-natives-linux-arm64.jar:/home/sam/Downloads/lwjgl-3.2.3/lwjgl-opengl/lwjgl-opengl.jar:/home/sam/Downloads/lwjgl-3.2.3/lwjgl-opengl/lwjgl-opengl-natives-linux.jar:/home/sam/Downloads/lwjgl-3.2.3/lwjgl-opengl/lwjgl-opengl-natives-linux-arm64.jar:/home/sam/Downloads/lwjgl-3.2.3/lwjgl-glfw/lwjgl-glfw.jar:/home/sam/Downloads/lwjgl-3.2.3/lwjgl-glfw/lwjgl-glfw-natives-linux.jar:/home/sam/Downloads/lwjgl-3.2.3/lwjgl-glfw/lwjgl-glfw-natives-linux-arm64.jar:/home/sam/Downloads/pngdecoder-1.0.jar:/home/sam/eclipse/workspace/LWJGL-ENGINE/bin:/home/sam/Downloads/lwjgl-3.2.3/lwjgl-stb/lwjgl-stb.jar:/home/sam/Downloads/lwjgl-3.2.3/lwjgl-stb/lwjgl-stb-natives-linux.jar:/home/sam/Downloads/lwjgl-3.2.3/lwjgl-stb/lwjgl-stb-natives-linux-arm64.jar
Launcher Type: SUN_STANDARD

Environment Variables:
PATH=/usr/local/sbin:/usr/local/bin:/usr/sbin:/usr/bin:/sbin:/bin:/usr/games:/usr/local/games:/snap/bin
USERNAME=sam
SHELL=/bin/bash
DISPLAY=:0

Signal Handlers:
SIGSEGV: [libjvm.so+0xab92f0], sa_mask[0]=11111111011111111101111111111110, sa_flags=SA_RESTART|SA_SIGINFO
SIGBUS: [libjvm.so+0xab92f0], sa_mask[0]=11111111011111111101111111111110, sa_flags=SA_RESTART|SA_SIGINFO
SIGFPE: [libjvm.so+0x8ee560], sa_mask[0]=11111111011111111101111111111110, sa_flags=SA_RESTART|SA_SIGINFO
SIGPIPE: [libjvm.so+0x8ee560], sa_mask[0]=11111111011111111101111111111110, sa_flags=SA_RESTART|SA_SIGINFO
SIGXFSZ: [libjvm.so+0x8ee560], sa_mask[0]=11111111011111111101111111111110, sa_flags=SA_RESTART|SA_SIGINFO
SIGILL: [libjvm.so+0x8ee560], sa_mask[0]=11111111011111111101111111111110, sa_flags=SA_RESTART|SA_SIGINFO
SIGUSR1: SIG_DFL, sa_mask[0]=00000000000000000000000000000000, sa_flags=none
SIGUSR2: [libjvm.so+0x8ee410], sa_mask[0]=00100000000000000000000000000000, sa_flags=SA_RESTART|SA_SIGINFO
SIGHUP: [libjvm.so+0x8eea80], sa_mask[0]=11111111011111111101111111111110, sa_flags=SA_RESTART|SA_SIGINFO
SIGINT: [libjvm.so+0x8eea80], sa_mask[0]=11111111011111111101111111111110, sa_flags=SA_RESTART|SA_SIGINFO
SIGTERM: [libjvm.so+0x8eea80], sa_mask[0]=11111111011111111101111111111110, sa_flags=SA_RESTART|SA_SIGINFO
SIGQUIT: [libjvm.so+0x8eea80], sa_mask[0]=11111111011111111101111111111110, sa_flags=SA_RESTART|SA_SIGINFO


---------------  S Y S T E M  ---------------

OS:DISTRIB_ID=Ubuntu
DISTRIB_RELEASE=18.04
DISTRIB_CODENAME=bionic
DISTRIB_DESCRIPTION="Ubuntu 18.04.2 LTS"

uname:Linux 5.3.0-23-generic #25~18.04.1-Ubuntu SMP Tue Nov 12 10:58:57 UTC 2019 x86_64
libc:glibc 2.27 NPTL 2.27 
rlimit: STACK 8192k, CORE 0k, NPROC 127605, NOFILE 1048576, AS infinity
load average:0.65 0.57 0.52

/proc/meminfo:
MemTotal:       32713504 kB
MemFree:        28223964 kB
MemAvailable:   29336180 kB
Buffers:          233244 kB
Cached:          1350624 kB
SwapCached:            0 kB
Active:          3133516 kB
Inactive:         790160 kB
Active(anon):    2383996 kB
Inactive(anon):   150364 kB
Active(file):     749520 kB
Inactive(file):   639796 kB
Unevictable:       42920 kB
Mlocked:             112 kB
SwapTotal:       2097148 kB
SwapFree:        2097148 kB
Dirty:               296 kB
Writeback:             0 kB
AnonPages:       2382836 kB
Mapped:           566520 kB
Shmem:            194560 kB
KReclaimable:     184716 kB
Slab:             269368 kB
SReclaimable:     184716 kB
SUnreclaim:        84652 kB
KernelStack:       14960 kB
PageTables:        52576 kB
NFS_Unstable:          0 kB
Bounce:                0 kB
WritebackTmp:          0 kB
CommitLimit:    18453900 kB
Committed_AS:    8767284 kB
VmallocTotal:   34359738367 kB
VmallocUsed:       57580 kB
VmallocChunk:          0 kB
Percpu:             5760 kB
HardwareCorrupted:     0 kB
AnonHugePages:         0 kB
ShmemHugePages:        0 kB
ShmemPmdMapped:        0 kB
CmaTotal:              0 kB
CmaFree:               0 kB
HugePages_Total:       0
HugePages_Free:        0
HugePages_Rsvd:        0
HugePages_Surp:        0
Hugepagesize:       2048 kB
Hugetlb:               0 kB
DirectMap4k:      359072 kB
DirectMap2M:     5758976 kB
DirectMap1G:    27262976 kB

container (cgroup) information:
container_type: cgroupv1
cpu_cpuset_cpus: 0-11
cpu_memory_nodes: 0
active_processor_count: 12
cpu_quota: -1
cpu_period: 100000
cpu_shares: -1
memory_limit_in_bytes: -1
memory_and_swap_limit_in_bytes: -2
memory_soft_limit_in_bytes: -1
memory_usage_in_bytes: 4060942336
memory_max_usage_in_bytes: 0


CPU:total 12 (initial active 12) (6 cores per cpu, 2 threads per core) family 6 model 158 stepping 10, cmov, cx8, fxsr, mmx, sse, sse2, sse3, ssse3, sse4.1, sse4.2, popcnt, avx, avx2, aes, clmul, erms, 3dnowpref, lzcnt, ht, tsc, tscinvbit, bmi1, bmi2, adx

/proc/cpuinfo:
processor	: 0
vendor_id	: GenuineIntel
cpu family	: 6
model		: 158
model name	: Intel(R) Core(TM) i7-8750H CPU @ 2.20GHz
stepping	: 10
microcode	: 0xca
cpu MHz		: 3900.210
cache size	: 9216 KB
physical id	: 0
siblings	: 12
core id		: 0
cpu cores	: 6
apicid		: 0
initial apicid	: 0
fpu		: yes
fpu_exception	: yes
cpuid level	: 22
wp		: yes
flags		: fpu vme de pse tsc msr pae mce cx8 apic sep mtrr pge mca cmov pat pse36 clflush dts acpi mmx fxsr sse sse2 ss ht tm pbe syscall nx pdpe1gb rdtscp lm constant_tsc art arch_perfmon pebs bts rep_good nopl xtopology nonstop_tsc cpuid aperfmperf pni pclmulqdq dtes64 monitor ds_cpl vmx est tm2 ssse3 sdbg fma cx16 xtpr pdcm pcid sse4_1 sse4_2 x2apic movbe popcnt tsc_deadline_timer aes xsave avx f16c rdrand lahf_lm abm 3dnowprefetch cpuid_fault epb invpcid_single pti ssbd ibrs ibpb stibp tpr_shadow vnmi flexpriority ept vpid ept_ad fsgsbase tsc_adjust bmi1 avx2 smep bmi2 erms invpcid mpx rdseed adx smap clflushopt intel_pt xsaveopt xsavec xgetbv1 xsaves dtherm ida arat pln pts hwp hwp_notify hwp_act_window hwp_epp md_clear flush_l1d
bugs		: cpu_meltdown spectre_v1 spectre_v2 spec_store_bypass l1tf mds swapgs itlb_multihit
bogomips	: 4399.99
clflush size	: 64
cache_alignment	: 64
address sizes	: 39 bits physical, 48 bits virtual
power management:

processor	: 1
vendor_id	: GenuineIntel
cpu family	: 6
model		: 158
model name	: Intel(R) Core(TM) i7-8750H CPU @ 2.20GHz
stepping	: 10
microcode	: 0xca
cpu MHz		: 3900.474
cache size	: 9216 KB
physical id	: 0
siblings	: 12
core id		: 1
cpu cores	: 6
apicid		: 2
initial apicid	: 2
fpu		: yes
fpu_exception	: yes
cpuid level	: 22
wp		: yes
flags		: fpu vme de pse tsc msr pae mce cx8 apic sep mtrr pge mca cmov pat pse36 clflush dts acpi mmx fxsr sse sse2 ss ht tm pbe syscall nx pdpe1gb rdtscp lm constant_tsc art arch_perfmon pebs bts rep_good nopl xtopology nonstop_tsc cpuid aperfmperf pni pclmulqdq dtes64 monitor ds_cpl vmx est tm2 ssse3 sdbg fma cx16 xtpr pdcm pcid sse4_1 sse4_2 x2apic movbe popcnt tsc_deadline_timer aes xsave avx f16c rdrand lahf_lm abm 3dnowprefetch cpuid_fault epb invpcid_single pti ssbd ibrs ibpb stibp tpr_shadow vnmi flexpriority ept vpid ept_ad fsgsbase tsc_adjust bmi1 avx2 smep bmi2 erms invpcid mpx rdseed adx smap clflushopt intel_pt xsaveopt xsavec xgetbv1 xsaves dtherm ida arat pln pts hwp hwp_notify hwp_act_window hwp_epp md_clear flush_l1d
bugs		: cpu_meltdown spectre_v1 spectre_v2 spec_store_bypass l1tf mds swapgs itlb_multihit
bogomips	: 4399.99
clflush size	: 64
cache_alignment	: 64
address sizes	: 39 bits physical, 48 bits virtual
power management:

processor	: 2
vendor_id	: GenuineIntel
cpu family	: 6
model		: 158
model name	: Intel(R) Core(TM) i7-8750H CPU @ 2.20GHz
stepping	: 10
microcode	: 0xca
cpu MHz		: 3898.781
cache size	: 9216 KB
physical id	: 0
siblings	: 12
core id		: 2
cpu cores	: 6
apicid		: 4
initial apicid	: 4
fpu		: yes
fpu_exception	: yes
cpuid level	: 22
wp		: yes
flags		: fpu vme de pse tsc msr pae mce cx8 apic sep mtrr pge mca cmov pat pse36 clflush dts acpi mmx fxsr sse sse2 ss ht tm pbe syscall nx pdpe1gb rdtscp lm constant_tsc art arch_perfmon pebs bts rep_good nopl xtopology nonstop_tsc cpuid aperfmperf pni pclmulqdq dtes64 monitor ds_cpl vmx est tm2 ssse3 sdbg fma cx16 xtpr pdcm pcid sse4_1 sse4_2 x2apic movbe popcnt tsc_deadline_timer aes xsave avx f16c rdrand lahf_lm abm 3dnowprefetch cpuid_fault epb invpcid_single pti ssbd ibrs ibpb stibp tpr_shadow vnmi flexpriority ept vpid ept_ad fsgsbase tsc_adjust bmi1 avx2 smep bmi2 erms invpcid mpx rdseed adx smap clflushopt intel_pt xsaveopt xsavec xgetbv1 xsaves dtherm ida arat pln pts hwp hwp_notify hwp_act_window hwp_epp md_clear flush_l1d
bugs		: cpu_meltdown spectre_v1 spectre_v2 spec_store_bypass l1tf mds swapgs itlb_multihit
bogomips	: 4399.99
clflush size	: 64
cache_alignment	: 64
address sizes	: 39 bits physical, 48 bits virtual
power management:

processor	: 3
vendor_id	: GenuineIntel
cpu family	: 6
model		: 158
model name	: Intel(R) Core(TM) i7-8750H CPU @ 2.20GHz
stepping	: 10
microcode	: 0xca
cpu MHz		: 3900.040
cache size	: 9216 KB
physical id	: 0
siblings	: 12
core id		: 3
cpu cores	: 6
apicid		: 6
initial apicid	: 6
fpu		: yes
fpu_exception	: yes
cpuid level	: 22
wp		: yes
flags		: fpu vme de pse tsc msr pae mce cx8 apic sep mtrr pge mca cmov pat pse36 clflush dts acpi mmx fxsr sse sse2 ss ht tm pbe syscall nx pdpe1gb rdtscp lm constant_tsc art arch_perfmon pebs bts rep_good nopl xtopology nonstop_tsc cpuid aperfmperf pni pclmulqdq dtes64 monitor ds_cpl vmx est tm2 ssse3 sdbg fma cx16 xtpr pdcm pcid sse4_1 sse4_2 x2apic movbe popcnt tsc_deadline_timer aes xsave avx f16c rdrand lahf_lm abm 3dnowprefetch cpuid_fault epb invpcid_single pti ssbd ibrs ibpb stibp tpr_shadow vnmi flexpriority ept vpid ept_ad fsgsbase tsc_adjust bmi1 avx2 smep bmi2 erms invpcid mpx rdseed adx smap clflushopt intel_pt xsaveopt xsavec xgetbv1 xsaves dtherm ida arat pln pts hwp hwp_notify hwp_act_window hwp_epp md_clear flush_l1d
bugs		: cpu_meltdown spectre_v1 spectre_v2 spec_store_bypass l1tf mds swapgs itlb_multihit
bogomips	: 4399.99
clflush size	: 64
cache_alignment	: 64
address sizes	: 39 bits physical, 48 bits virtual
power management:

processor	: 4
vendor_id	: GenuineIntel
cpu family	: 6
model		: 158
model name	: Intel(R) Core(TM) i7-8750H CPU @ 2.20GHz
stepping	: 10
microcode	: 0xca
cpu MHz		: 3900.986
cache size	: 9216 KB
physical id	: 0
siblings	: 12
core id		: 4
cpu cores	: 6
apicid		: 8
initial apicid	: 8
fpu		: yes
fpu_exception	: yes
cpuid level	: 22
wp		: yes
flags		: fpu vme de pse tsc msr pae mce cx8 apic sep mtrr pge mca cmov pat pse36 clflush dts acpi mmx fxsr sse sse2 ss ht tm pbe syscall nx pdpe1gb rdtscp lm constant_tsc art arch_perfmon pebs bts rep_good nopl xtopology nonstop_tsc cpuid aperfmperf pni pclmulqdq dtes64 monitor ds_cpl vmx est tm2 ssse3 sdbg fma cx16 xtpr pdcm pcid sse4_1 sse4_2 x2apic movbe popcnt tsc_deadline_timer aes xsave avx f16c rdrand lahf_lm abm 3dnowprefetch cpuid_fault epb invpcid_single pti ssbd ibrs ibpb stibp tpr_shadow vnmi flexpriority ept vpid ept_ad fsgsbase tsc_adjust bmi1 avx2 smep bmi2 erms invpcid mpx rdseed adx smap clflushopt intel_pt xsaveopt xsavec xgetbv1 xsaves dtherm ida arat pln pts hwp hwp_notify hwp_act_window hwp_epp md_clear flush_l1d
bugs		: cpu_meltdown spectre_v1 spectre_v2 spec_store_bypass l1tf mds swapgs itlb_multihit
bogomips	: 4399.99
clflush size	: 64
cache_alignment	: 64
address sizes	: 39 bits physical, 48 bits virtual
power management:

processor	: 5
vendor_id	: GenuineIntel
cpu family	: 6
model		: 158
model name	: Intel(R) Core(TM) i7-8750H CPU @ 2.20GHz
stepping	: 10
microcode	: 0xca
cpu MHz		: 3900.085
cache size	: 9216 KB
physical id	: 0
siblings	: 12
core id		: 5
cpu cores	: 6
apicid		: 10
initial apicid	: 10
fpu		: yes
fpu_exception	: yes
cpuid level	: 22
wp		: yes
flags		: fpu vme de pse tsc msr pae mce cx8 apic sep mtrr pge mca cmov pat pse36 clflush dts acpi mmx fxsr sse sse2 ss ht tm pbe syscall nx pdpe1gb rdtscp lm constant_tsc art arch_perfmon pebs bts rep_good nopl xtopology nonstop_tsc cpuid aperfmperf pni pclmulqdq dtes64 monitor ds_cpl vmx est tm2 ssse3 sdbg fma cx16 xtpr pdcm pcid sse4_1 sse4_2 x2apic movbe popcnt tsc_deadline_timer aes xsave avx f16c rdrand lahf_lm abm 3dnowprefetch cpuid_fault epb invpcid_single pti ssbd ibrs ibpb stibp tpr_shadow vnmi flexpriority ept vpid ept_ad fsgsbase tsc_adjust bmi1 avx2 smep bmi2 erms invpcid mpx rdseed adx smap clflushopt intel_pt xsaveopt xsavec xgetbv1 xsaves dtherm ida arat pln pts hwp hwp_notify hwp_act_window hwp_epp md_clear flush_l1d
bugs		: cpu_meltdown spectre_v1 spectre_v2 spec_store_bypass l1tf mds swapgs itlb_multihit
bogomips	: 4399.99
clflush size	: 64
cache_alignment	: 64
address sizes	: 39 bits physical, 48 bits virtual
power management:

processor	: 6
vendor_id	: GenuineIntel
cpu family	: 6
model		: 158
model name	: Intel(R) Core(TM) i7-8750H CPU @ 2.20GHz
stepping	: 10
microcode	: 0xca
cpu MHz		: 3900.117
cache size	: 9216 KB
physical id	: 0
siblings	: 12
core id		: 0
cpu cores	: 6
apicid		: 1
initial apicid	: 1
fpu		: yes
fpu_exception	: yes
cpuid level	: 22
wp		: yes
flags		: fpu vme de pse tsc msr pae mce cx8 apic sep mtrr pge mca cmov pat pse36 clflush dts acpi mmx fxsr sse sse2 ss ht tm pbe syscall nx pdpe1gb rdtscp lm constant_tsc art arch_perfmon pebs bts rep_good nopl xtopology nonstop_tsc cpuid aperfmperf pni pclmulqdq dtes64 monitor ds_cpl vmx est tm2 ssse3 sdbg fma cx16 xtpr pdcm pcid sse4_1 sse4_2 x2apic movbe popcnt tsc_deadline_timer aes xsave avx f16c rdrand lahf_lm abm 3dnowprefetch cpuid_fault epb invpcid_single pti ssbd ibrs ibpb stibp tpr_shadow vnmi flexpriority ept vpid ept_ad fsgsbase tsc_adjust bmi1 avx2 smep bmi2 erms invpcid mpx rdseed adx smap clflushopt intel_pt xsaveopt xsavec xgetbv1 xsaves dtherm ida arat pln pts hwp hwp_notify hwp_act_window hwp_epp md_clear flush_l1d
bugs		: cpu_meltdown spectre_v1 spectre_v2 spec_store_bypass l1tf mds swapgs itlb_multihit
bogomips	: 4399.99
clflush size	: 64
cache_alignment	: 64
address sizes	: 39 bits physical, 48 bits virtual
power management:

processor	: 7
vendor_id	: GenuineIntel
cpu family	: 6
model		: 158
model name	: Intel(R) Core(TM) i7-8750H CPU @ 2.20GHz
stepping	: 10
microcode	: 0xca
cpu MHz		: 3900.118
cache size	: 9216 KB
physical id	: 0
siblings	: 12
core id		: 1
cpu cores	: 6
apicid		: 3
initial apicid	: 3
fpu		: yes
fpu_exception	: yes
cpuid level	: 22
wp		: yes
flags		: fpu vme de pse tsc msr pae mce cx8 apic sep mtrr pge mca cmov pat pse36 clflush dts acpi mmx fxsr sse sse2 ss ht tm pbe syscall nx pdpe1gb rdtscp lm constant_tsc art arch_perfmon pebs bts rep_good nopl xtopology nonstop_tsc cpuid aperfmperf pni pclmulqdq dtes64 monitor ds_cpl vmx est tm2 ssse3 sdbg fma cx16 xtpr pdcm pcid sse4_1 sse4_2 x2apic movbe popcnt tsc_deadline_timer aes xsave avx f16c rdrand lahf_lm abm 3dnowprefetch cpuid_fault epb invpcid_single pti ssbd ibrs ibpb stibp tpr_shadow vnmi flexpriority ept vpid ept_ad fsgsbase tsc_adjust bmi1 avx2 smep bmi2 erms invpcid mpx rdseed adx smap clflushopt intel_pt xsaveopt xsavec xgetbv1 xsaves dtherm ida arat pln pts hwp hwp_notify hwp_act_window hwp_epp md_clear flush_l1d
bugs		: cpu_meltdown spectre_v1 spectre_v2 spec_store_bypass l1tf mds swapgs itlb_multihit
bogomips	: 4399.99
clflush size	: 64
cache_alignment	: 64
address sizes	: 39 bits physical, 48 bits virtual
power management:

processor	: 8
vendor_id	: GenuineIntel
cpu family	: 6
model		: 158
model name	: Intel(R) Core(TM) i7-8750H CPU @ 2.20GHz
stepping	: 10
microcode	: 0xca
cpu MHz		: 3900.033
cache size	: 9216 KB
physical id	: 0
siblings	: 12
core id		: 2
cpu cores	: 6
apicid		: 5
initial apicid	: 5
fpu		: yes
fpu_exception	: yes
cpuid level	: 22
wp		: yes
flags		: fpu vme de pse tsc msr pae mce cx8 apic sep mtrr pge mca cmov pat pse36 clflush dts acpi mmx fxsr sse sse2 ss ht tm pbe syscall nx pdpe1gb rdtscp lm constant_tsc art arch_perfmon pebs bts rep_good nopl xtopology nonstop_tsc cpuid aperfmperf pni pclmulqdq dtes64 monitor ds_cpl vmx est tm2 ssse3 sdbg fma cx16 xtpr pdcm pcid sse4_1 sse4_2 x2apic movbe popcnt tsc_deadline_timer aes xsave avx f16c rdrand lahf_lm abm 3dnowprefetch cpuid_fault epb invpcid_single pti ssbd ibrs ibpb stibp tpr_shadow vnmi flexpriority ept vpid ept_ad fsgsbase tsc_adjust bmi1 avx2 smep bmi2 erms invpcid mpx rdseed adx smap clflushopt intel_pt xsaveopt xsavec xgetbv1 xsaves dtherm ida arat pln pts hwp hwp_notify hwp_act_window hwp_epp md_clear flush_l1d
bugs		: cpu_meltdown spectre_v1 spectre_v2 spec_store_bypass l1tf mds swapgs itlb_multihit
bogomips	: 4399.99
clflush size	: 64
cache_alignment	: 64
address sizes	: 39 bits physical, 48 bits virtual
power management:

processor	: 9
vendor_id	: GenuineIntel
cpu family	: 6
model		: 158
model name	: Intel(R) Core(TM) i7-8750H CPU @ 2.20GHz
stepping	: 10
microcode	: 0xca
cpu MHz		: 3892.353
cache size	: 9216 KB
physical id	: 0
siblings	: 12
core id		: 3
cpu cores	: 6
apicid		: 7
initial apicid	: 7
fpu		: yes
fpu_exception	: yes
cpuid level	: 22
wp		: yes
flags		: fpu vme de pse tsc msr pae mce cx8 apic sep mtrr pge mca cmov pat pse36 clflush dts acpi mmx fxsr sse sse2 ss ht tm pbe syscall nx pdpe1gb rdtscp lm constant_tsc art arch_perfmon pebs bts rep_good nopl xtopology nonstop_tsc cpuid aperfmperf pni pclmulqdq dtes64 monitor ds_cpl vmx est tm2 ssse3 sdbg fma cx16 xtpr pdcm pcid sse4_1 sse4_2 x2apic movbe popcnt tsc_deadline_timer aes xsave avx f16c rdrand lahf_lm abm 3dnowprefetch cpuid_fault epb invpcid_single pti ssbd ibrs ibpb stibp tpr_shadow vnmi flexpriority ept vpid ept_ad fsgsbase tsc_adjust bmi1 avx2 smep bmi2 erms invpcid mpx rdseed adx smap clflushopt intel_pt xsaveopt xsavec xgetbv1 xsaves dtherm ida arat pln pts hwp hwp_notify hwp_act_window hwp_epp md_clear flush_l1d
bugs		: cpu_meltdown spectre_v1 spectre_v2 spec_store_bypass l1tf mds swapgs itlb_multihit
bogomips	: 4399.99
clflush size	: 64
cache_alignment	: 64
address sizes	: 39 bits physical, 48 bits virtual
power management:

processor	: 10
vendor_id	: GenuineIntel
cpu family	: 6
model		: 158
model name	: Intel(R) Core(TM) i7-8750H CPU @ 2.20GHz
stepping	: 10
microcode	: 0xca
cpu MHz		: 3900.130
cache size	: 9216 KB
physical id	: 0
siblings	: 12
core id		: 4
cpu cores	: 6
apicid		: 9
initial apicid	: 9
fpu		: yes
fpu_exception	: yes
cpuid level	: 22
wp		: yes
flags		: fpu vme de pse tsc msr pae mce cx8 apic sep mtrr pge mca cmov pat pse36 clflush dts acpi mmx fxsr sse sse2 ss ht tm pbe syscall nx pdpe1gb rdtscp lm constant_tsc art arch_perfmon pebs bts rep_good nopl xtopology nonstop_tsc cpuid aperfmperf pni pclmulqdq dtes64 monitor ds_cpl vmx est tm2 ssse3 sdbg fma cx16 xtpr pdcm pcid sse4_1 sse4_2 x2apic movbe popcnt tsc_deadline_timer aes xsave avx f16c rdrand lahf_lm abm 3dnowprefetch cpuid_fault epb invpcid_single pti ssbd ibrs ibpb stibp tpr_shadow vnmi flexpriority ept vpid ept_ad fsgsbase tsc_adjust bmi1 avx2 smep bmi2 erms invpcid mpx rdseed adx smap clflushopt intel_pt xsaveopt xsavec xgetbv1 xsaves dtherm ida arat pln pts hwp hwp_notify hwp_act_window hwp_epp md_clear flush_l1d
bugs		: cpu_meltdown spectre_v1 spectre_v2 spec_store_bypass l1tf mds swapgs itlb_multihit
bogomips	: 4399.99
clflush size	: 64
cache_alignment	: 64
address sizes	: 39 bits physical, 48 bits virtual
power management:

processor	: 11
vendor_id	: GenuineIntel
cpu family	: 6
model		: 158
model name	: Intel(R) Core(TM) i7-8750H CPU @ 2.20GHz
stepping	: 10
microcode	: 0xca
cpu MHz		: 3900.128
cache size	: 9216 KB
physical id	: 0
siblings	: 12
core id		: 5
cpu cores	: 6
apicid		: 11
initial apicid	: 11
fpu		: yes
fpu_exception	: yes
cpuid level	: 22
wp		: yes
flags		: fpu vme de pse tsc msr pae mce cx8 apic sep mtrr pge mca cmov pat pse36 clflush dts acpi mmx fxsr sse sse2 ss ht tm pbe syscall nx pdpe1gb rdtscp lm constant_tsc art arch_perfmon pebs bts rep_good nopl xtopology nonstop_tsc cpuid aperfmperf pni pclmulqdq dtes64 monitor ds_cpl vmx est tm2 ssse3 sdbg fma cx16 xtpr pdcm pcid sse4_1 sse4_2 x2apic movbe popcnt tsc_deadline_timer aes xsave avx f16c rdrand lahf_lm abm 3dnowprefetch cpuid_fault epb invpcid_single pti ssbd ibrs ibpb stibp tpr_shadow vnmi flexpriority ept vpid ept_ad fsgsbase tsc_adjust bmi1 avx2 smep bmi2 erms invpcid mpx rdseed adx smap clflushopt intel_pt xsaveopt xsavec xgetbv1 xsaves dtherm ida arat pln pts hwp hwp_notify hwp_act_window hwp_epp md_clear flush_l1d
bugs		: cpu_meltdown spectre_v1 spectre_v2 spec_store_bypass l1tf mds swapgs itlb_multihit
bogomips	: 4399.99
clflush size	: 64
cache_alignment	: 64
address sizes	: 39 bits physical, 48 bits virtual
power management:



Memory: 4k page, physical 32713504k(28223600k free), swap 2097148k(2097148k free)

vm_info: OpenJDK 64-Bit Server VM (25.222-b10) for linux-amd64 JRE (1.8.0_222-8u222-b10-1ubuntu1~18.04.1-b10), built on Jul 18 2019 18:52:48 by "buildd" with gcc 7.4.0

time: Sun Nov 24 09:53:14 2019
timezone: CST
elapsed time: 0 seconds (0d 0h 0m 0s)

