#
# A fatal error has been detected by the Java Runtime Environment:
#
#  SIGSEGV (0xb) at pc=0x00007fc4c71fc050, pid=14356, tid=0x00007fc50dd4f700
#
# JRE version: OpenJDK Runtime Environment (8.0_232-b09) (build 1.8.0_232-8u232-b09-0ubuntu1~18.04.1-b09)
# Java VM: OpenJDK 64-Bit Server VM (25.232-b09 mixed mode linux-amd64 compressed oops)
# Problematic frame:
# C  [libnvidia-glcore.so.440.31+0xf6a050]
#
# Failed to write core dump. Core dumps have been disabled. To enable core dumping, try "ulimit -c unlimited" before starting Java again
#
# If you would like to submit a bug report, please visit:
#   http://bugreport.java.com/bugreport/crash.jsp
# The crash happened outside the Java Virtual Machine in native code.
# See problematic frame for where to report the bug.
#

---------------  T H R E A D  ---------------

Current thread (0x00007fc50400b800):  JavaThread "main" [_thread_in_native, id=14361, stack(0x00007fc50dc50000,0x00007fc50dd50000)]

siginfo: si_signo: 11 (SIGSEGV), si_code: 1 (SEGV_MAPERR), si_addr: 0x0000000000000000

Registers:
RAX=0x00007fc505123228, RBX=0x00007fc505122ec8, RCX=0x0000000000003a98, RDX=0x0000000000000010
RSP=0x00007fc50dd4e488, RBP=0x00007fc5046a1190, RSI=0x0000000000000000, RDI=0x00007fc4c5611770
R8 =0x00007fc4c5611770, R9 =0x0000000000003a98, R10=0x0000000000000000, R11=0x0000000000000000
R12=0x00007fc5051234d0, R13=0x00007fc50464be00, R14=0x00007fc50464bdf0, R15=0x00007fc4c5e77d6c
RIP=0x00007fc4c71fc050, EFLAGS=0x0000000000010246, CSGSFS=0x002b000000000033, ERR=0x0000000000000004
  TRAPNO=0x000000000000000e

Top of Stack: (sp=0x00007fc50dd4e488)
0x00007fc50dd4e488:   00007fc4c72d07c3 00007fc5051231c8
0x00007fc50dd4e498:   0000000000000001 0000000000000001
0x00007fc50dd4e4a8:   00000000001231c8 0000000000003a98
0x00007fc50dd4e4b8:   0000000040deb000 00007fc4c5611770
0x00007fc50dd4e4c8:   00007fc4c71fc040 000000010727b0f0
0x00007fc50dd4e4d8:   00007fc505122ec8 0000000000000000
0x00007fc50dd4e4e8:   00007fc4c6d2f84e 00007fc50548ce40
0x00007fc50dd4e4f8:   00000005c7106c94 0000000000000002
0x00007fc50dd4e508:   00007fc505123228 00007fc5046a7ff0
0x00007fc50dd4e518:   0000000000000002 0000000000004003
0x00007fc50dd4e528:   10c0000000000000 0000000000004003
0x00007fc50dd4e538:   10c0000000000000 000000003f800000
0x00007fc50dd4e548:   0000000000000000 0000000040deb000
0x00007fc50dd4e558:   00007fc5051234d0 00007fc50464be00
0x00007fc50dd4e568:   00007fc50464bdf0 0000000040e41bf0
0x00007fc50dd4e578:   00007fc4c72e23bc 00007fc50dd4e64c
0x00007fc50dd4e588:   00007fc50dd4e648 0000140501000000
0x00007fc50dd4e598:   ffffffff000151a4 0000000400000000
0x00007fc50dd4e5a8:   0000000040deb210 00007fc5046a1190
0x00007fc50dd4e5b8:   00007fc50dd4e430 0000000000001401
0x00007fc50dd4e5c8:   00007fc50dd4f700 00007fc400001401
0x00007fc50dd4e5d8:   00007fc50dd4f700 0000000000004003
0x00007fc50dd4e5e8:   00c0000000000000 00007fc40464be01
0x00007fc50dd4e5f8:   00007fc5051234d0 0000000040deb000
0x00007fc50dd4e608:   00007fc505122ec8 0000000000001405
0x00007fc50dd4e618:   00007fc4c72d5f03 0000000000001401
0x00007fc50dd4e628:   00007fc50dd4f700 00007fc400000001
0x00007fc50dd4e638:   00007fc50dd4f700 00007fc4cdd3b300
0x00007fc50dd4e648:   0000000000003a98 000000071be80be0
0x00007fc50dd4e658:   0000000040deb000 0000000040e35a80
0x00007fc50dd4e668:   0000000000000004 0000000000001405
0x00007fc50dd4e678:   0000000000000010 0000000000000000 

Instructions: (pc=0x00007fc4c71fc050)
0x00007fc4c71fc030:   d0 48 8d 44 07 0c c3 90 90 90 90 90 90 90 90 90
0x00007fc4c71fc040:   48 63 d2 49 89 f8 41 89 c9 0f 1f 80 00 00 00 00
0x00007fc4c71fc050:   8b 06 41 89 00 8b 46 04 41 89 40 04 8b 46 08 41
0x00007fc4c71fc060:   89 40 08 8b 46 0c 48 01 d6 41 89 40 0c 49 83 c0 

Register to memory mapping:

RAX=0x00007fc505123228 is an unknown value
RBX=0x00007fc505122ec8 is an unknown value
RCX=0x0000000000003a98 is an unknown value
RDX=0x0000000000000010 is an unknown value
RSP=0x00007fc50dd4e488 is pointing into the stack for thread: 0x00007fc50400b800
RBP=0x00007fc5046a1190 is an unknown value
RSI=0x0000000000000000 is an unknown value
RDI=0x00007fc4c5611770 is an unknown value
R8 =0x00007fc4c5611770 is an unknown value
R9 =0x0000000000003a98 is an unknown value
R10=0x0000000000000000 is an unknown value
R11=0x0000000000000000 is an unknown value
R12=0x00007fc5051234d0 is an unknown value
R13=0x00007fc50464be00 is an unknown value
R14=0x00007fc50464bdf0 is an unknown value
R15=0x00007fc4c5e77d6c is an unknown value


Stack: [0x00007fc50dc50000,0x00007fc50dd50000],  sp=0x00007fc50dd4e488,  free space=1017k
Native frames: (J=compiled Java code, j=interpreted, Vv=VM code, C=native code)
C  [libnvidia-glcore.so.440.31+0xf6a050]

Java frames: (J=compiled Java code, j=interpreted, Vv=VM code)
J 1051  org.lwjgl.opengl.GL11C.nglDrawElements(IIIJ)V (0 bytes) @ 0x00007fc4f5416a0a [0x00007fc4f54169c0+0x4a]
J 1066 C2 org.lwjgl.opengl.GL11.glDrawElements(IIIJ)V (8 bytes) @ 0x00007fc4f5411774 [0x00007fc4f5411760+0x14]
j  rendering.BasicRenderer.render(Lmodels/Mesh;Ljava/util/List;)V+69
j  rendering.MasterRenderer.render()V+383
j  misc.Game.render()V+52
j  main.Main.main([Ljava/lang/String;)V+45
v  ~StubRoutines::call_stub

---------------  P R O C E S S  ---------------

Java Threads: ( => current thread )
  0x00007fc5040d7800 JavaThread "Service Thread" daemon [_thread_blocked, id=14380, stack(0x00007fc4dfcfd000,0x00007fc4dfdfe000)]
  0x00007fc5040cc800 JavaThread "C1 CompilerThread3" daemon [_thread_blocked, id=14379, stack(0x00007fc4dfdff000,0x00007fc4dfeff000)]
  0x00007fc5040ca800 JavaThread "C2 CompilerThread2" daemon [_thread_blocked, id=14378, stack(0x00007fc4dff00000,0x00007fc4e0000000)]
  0x00007fc5040c8800 JavaThread "C2 CompilerThread1" daemon [_thread_in_native, id=14377, stack(0x00007fc4e40ce000,0x00007fc4e41ce000)]
  0x00007fc5040c6000 JavaThread "C2 CompilerThread0" daemon [_thread_blocked, id=14376, stack(0x00007fc4e41cf000,0x00007fc4e42cf000)]
  0x00007fc5040c4800 JavaThread "Signal Dispatcher" daemon [_thread_blocked, id=14375, stack(0x00007fc4e42cf000,0x00007fc4e43d0000)]
  0x00007fc504091800 JavaThread "Finalizer" daemon [_thread_blocked, id=14374, stack(0x00007fc4e4d9f000,0x00007fc4e4ea0000)]
  0x00007fc50408f000 JavaThread "Reference Handler" daemon [_thread_blocked, id=14373, stack(0x00007fc4e4ea0000,0x00007fc4e4fa1000)]
=>0x00007fc50400b800 JavaThread "main" [_thread_in_native, id=14361, stack(0x00007fc50dc50000,0x00007fc50dd50000)]

Other Threads:
  0x00007fc504085800 VMThread [stack: 0x00007fc4e4fa2000,0x00007fc4e50a2000] [id=14372]
  0x00007fc5040da000 WatcherThread [stack: 0x00007fc4dfbfd000,0x00007fc4dfcfd000] [id=14381]

VM state:not at safepoint (normal execution)

VM Mutex/Monitor currently owned by a thread: None

heap address: 0x00000005ccc00000, size: 7988 MB, Compressed Oops mode: Zero based, Oop shift amount: 3
Narrow klass base: 0x0000000000000000, Narrow klass shift: 3
Compressed class space size: 1073741824 Address: 0x00000007c0000000

Heap:
 PSYoungGen      total 149504K, used 43512K [0x0000000719980000, 0x0000000724000000, 0x00000007c0000000)
  eden space 128512K, 29% used [0x0000000719980000,0x000000071bf1b128,0x0000000721700000)
  from space 20992K, 23% used [0x0000000721700000,0x0000000721be2ef0,0x0000000722b80000)
  to   space 20992K, 0% used [0x0000000722b80000,0x0000000722b80000,0x0000000724000000)
 ParOldGen       total 341504K, used 96K [0x00000005ccc00000, 0x00000005e1980000, 0x0000000719980000)
  object space 341504K, 0% used [0x00000005ccc00000,0x00000005ccc18010,0x00000005e1980000)
 Metaspace       used 11378K, capacity 11595K, committed 11776K, reserved 1060864K
  class space    used 921K, capacity 1006K, committed 1024K, reserved 1048576K

Card table byte_map: [0x00007fc50924e000,0x00007fc50a1e9000] byte_map_base: 0x00007fc5063e8000

Marking Bits: (ParMarkBitMap*) 0x00007fc50ceea380
 Begin Bits: [0x00007fc4a8660000, 0x00007fc4b0330000)
 End Bits:   [0x00007fc4b0330000, 0x00007fc4b8000000)

Polling page: 0x00007fc50dd6b000

CodeCache: size=245760Kb used=4300Kb max_used=4300Kb free=241459Kb
 bounds [0x00007fc4f5000000, 0x00007fc4f5440000, 0x00007fc504000000]
 total_blobs=2007 nmethods=1087 adapters=835
 compilation: enabled

Compilation events (10 events):
Event: 1.186 Thread 0x00007fc5040cc800 1084       3       math.Transform::checkForUpdates (16 bytes)
Event: 1.186 Thread 0x00007fc5040cc800 nmethod 1084 0x00007fc4f542d7d0 code [0x00007fc4f542d940, 0x00007fc4f542daf0]
Event: 1.186 Thread 0x00007fc5040cc800 1082       3       models.Entity::update (29 bytes)
Event: 1.187 Thread 0x00007fc5040cc800 nmethod 1082 0x00007fc4f5435d50 code [0x00007fc4f5435ee0, 0x00007fc4f54362f8]
Event: 1.187 Thread 0x00007fc5040cc800 1086       3       java.lang.String::valueOf (5 bytes)
Event: 1.187 Thread 0x00007fc5040cc800 nmethod 1086 0x00007fc4f542d450 code [0x00007fc4f542d5c0, 0x00007fc4f542d728]
Event: 1.187 Thread 0x00007fc5040cc800 1087       3       java.lang.Integer::toString (48 bytes)
Event: 1.187 Thread 0x00007fc5040cc800 nmethod 1087 0x00007fc4f5436450 code [0x00007fc4f5436620, 0x00007fc4f5436c68]
Event: 1.188 Thread 0x00007fc5040cc800 1088       3       shaders.BasicShader::setTransformationMatrix (8 bytes)
Event: 1.188 Thread 0x00007fc5040cc800 nmethod 1088 0x00007fc4f5437010 code [0x00007fc4f54371c0, 0x00007fc4f54376a8]

GC Heap History (6 events):
Event: 0.643 GC heap before
{Heap before GC invocations=1 (full 0):
 PSYoungGen      total 149504K, used 128512K [0x0000000719980000, 0x0000000724000000, 0x00000007c0000000)
  eden space 128512K, 100% used [0x0000000719980000,0x0000000721700000,0x0000000721700000)
  from space 20992K, 0% used [0x0000000722b80000,0x0000000722b80000,0x0000000724000000)
  to   space 20992K, 0% used [0x0000000721700000,0x0000000721700000,0x0000000722b80000)
 ParOldGen       total 341504K, used 0K [0x00000005ccc00000, 0x00000005e1980000, 0x0000000719980000)
  object space 341504K, 0% used [0x00000005ccc00000,0x00000005ccc00000,0x00000005e1980000)
 Metaspace       used 10767K, capacity 10985K, committed 11264K, reserved 1058816K
  class space    used 864K, capacity 973K, committed 1024K, reserved 1048576K
Event: 0.647 GC heap after
Heap after GC invocations=1 (full 0):
 PSYoungGen      total 149504K, used 9328K [0x0000000719980000, 0x0000000724000000, 0x00000007c0000000)
  eden space 128512K, 0% used [0x0000000719980000,0x0000000719980000,0x0000000721700000)
  from space 20992K, 44% used [0x0000000721700000,0x000000072201c3a0,0x0000000722b80000)
  to   space 20992K, 0% used [0x0000000722b80000,0x0000000722b80000,0x0000000724000000)
 ParOldGen       total 341504K, used 80K [0x00000005ccc00000, 0x00000005e1980000, 0x0000000719980000)
  object space 341504K, 0% used [0x00000005ccc00000,0x00000005ccc14010,0x00000005e1980000)
 Metaspace       used 10767K, capacity 10985K, committed 11264K, reserved 1058816K
  class space    used 864K, capacity 973K, committed 1024K, reserved 1048576K
}
Event: 0.825 GC heap before
{Heap before GC invocations=2 (full 0):
 PSYoungGen      total 149504K, used 136737K [0x0000000719980000, 0x0000000724000000, 0x00000007c0000000)
  eden space 128512K, 99% used [0x0000000719980000,0x00000007215ec2d0,0x0000000721700000)
  from space 20992K, 44% used [0x0000000721700000,0x000000072201c3a0,0x0000000722b80000)
  to   space 20992K, 0% used [0x0000000722b80000,0x0000000722b80000,0x0000000724000000)
 ParOldGen       total 341504K, used 80K [0x00000005ccc00000, 0x00000005e1980000, 0x0000000719980000)
  object space 341504K, 0% used [0x00000005ccc00000,0x00000005ccc14010,0x00000005e1980000)
 Metaspace       used 10992K, capacity 11273K, committed 11520K, reserved 1060864K
  class space    used 893K, capacity 1005K, committed 1024K, reserved 1048576K
Event: 0.827 GC heap after
Heap after GC invocations=2 (full 0):
 PSYoungGen      total 149504K, used 4890K [0x0000000719980000, 0x0000000724000000, 0x00000007c0000000)
  eden space 128512K, 0% used [0x0000000719980000,0x0000000719980000,0x0000000721700000)
  from space 20992K, 23% used [0x0000000722b80000,0x0000000723046810,0x0000000724000000)
  to   space 20992K, 0% used [0x0000000721700000,0x0000000721700000,0x0000000722b80000)
 ParOldGen       total 341504K, used 88K [0x00000005ccc00000, 0x00000005e1980000, 0x0000000719980000)
  object space 341504K, 0% used [0x00000005ccc00000,0x00000005ccc16010,0x00000005e1980000)
 Metaspace       used 10992K, capacity 11273K, committed 11520K, reserved 1060864K
  class space    used 893K, capacity 1005K, committed 1024K, reserved 1048576K
}
Event: 1.159 GC heap before
{Heap before GC invocations=3 (full 0):
 PSYoungGen      total 149504K, used 133402K [0x0000000719980000, 0x0000000724000000, 0x00000007c0000000)
  eden space 128512K, 100% used [0x0000000719980000,0x0000000721700000,0x0000000721700000)
  from space 20992K, 23% used [0x0000000722b80000,0x0000000723046810,0x0000000724000000)
  to   space 20992K, 0% used [0x0000000721700000,0x0000000721700000,0x0000000722b80000)
 ParOldGen       total 341504K, used 88K [0x00000005ccc00000, 0x00000005e1980000, 0x0000000719980000)
  object space 341504K, 0% used [0x00000005ccc00000,0x00000005ccc16010,0x00000005e1980000)
 Metaspace       used 11322K, capacity 11531K, committed 11776K, reserved 1060864K
  class space    used 917K, capacity 1006K, committed 1024K, reserved 1048576K
Event: 1.161 GC heap after
Heap after GC invocations=3 (full 0):
 PSYoungGen      total 149504K, used 5003K [0x0000000719980000, 0x0000000724000000, 0x00000007c0000000)
  eden space 128512K, 0% used [0x0000000719980000,0x0000000719980000,0x0000000721700000)
  from space 20992K, 23% used [0x0000000721700000,0x0000000721be2ef0,0x0000000722b80000)
  to   space 20992K, 0% used [0x0000000722b80000,0x0000000722b80000,0x0000000724000000)
 ParOldGen       total 341504K, used 96K [0x00000005ccc00000, 0x00000005e1980000, 0x0000000719980000)
  object space 341504K, 0% used [0x00000005ccc00000,0x00000005ccc18010,0x00000005e1980000)
 Metaspace       used 11322K, capacity 11531K, committed 11776K, reserved 1060864K
  class space    used 917K, capacity 1006K, committed 1024K, reserved 1048576K
}

Deoptimization events (10 events):
Event: 0.530 Thread 0x00007fc50400b800 Uncommon trap: reason=array_check action=maybe_recompile pc=0x00007fc4f530b298 method=java.util.AbstractCollection.toArray([Ljava/lang/Object;)[Ljava/lang/Object; @ 119
Event: 0.538 Thread 0x00007fc50400b800 Uncommon trap: reason=unstable_if action=reinterpret pc=0x00007fc4f53090fc method=sun.misc.FloatingDecimal.readJavaFormatString(Ljava/lang/String;)Lsun/misc/FloatingDecimal$ASCIIToBinaryConverter; @ 235
Event: 0.538 Thread 0x00007fc50400b800 Uncommon trap: reason=class_check action=maybe_recompile pc=0x00007fc4f52d9388 method=sun.misc.FloatingDecimal.parseFloat(Ljava/lang/String;)F @ 4
Event: 0.553 Thread 0x00007fc50400b800 Uncommon trap: reason=class_check action=maybe_recompile pc=0x00007fc4f52d9388 method=sun.misc.FloatingDecimal.parseFloat(Ljava/lang/String;)F @ 4
Event: 0.567 Thread 0x00007fc50400b800 Uncommon trap: reason=class_check action=maybe_recompile pc=0x00007fc4f52d9388 method=sun.misc.FloatingDecimal.parseFloat(Ljava/lang/String;)F @ 4
Event: 0.567 Thread 0x00007fc50400b800 Uncommon trap: reason=class_check action=maybe_recompile pc=0x00007fc4f52d9388 method=sun.misc.FloatingDecimal.parseFloat(Ljava/lang/String;)F @ 4
Event: 0.822 Thread 0x00007fc50400b800 Uncommon trap: reason=unstable_if action=reinterpret pc=0x00007fc4f51b1200 method=java.lang.String.indexOf([CII[CIII)I @ 3
Event: 0.822 Thread 0x00007fc50400b800 Uncommon trap: reason=class_check action=maybe_recompile pc=0x00007fc4f530e698 method=java.util.Arrays.copyOf([Ljava/lang/Object;ILjava/lang/Class;)[Ljava/lang/Object; @ 24
Event: 0.865 Thread 0x00007fc50400b800 Uncommon trap: reason=unstable_if action=reinterpret pc=0x00007fc4f53b6488 method=sun.security.provider.NativePRNG$RandomIO.ensureBufferValid()V @ 57
Event: 0.935 Thread 0x00007fc50400b800 Uncommon trap: reason=unstable_if action=reinterpret pc=0x00007fc4f53d3ec4 method=terrain.TerrainMesh.getVertexNormals([F[I)[F @ 211

Classes redefined (0 events):
No events

Internal exceptions (10 events):
Event: 0.099 Thread 0x00007fc50400b800 Exception <a 'java/security/PrivilegedActionException'> (0x0000000719f72188) thrown at [/build/openjdk-8-4aHi5C/openjdk-8-8u232-b09/src/hotspot/src/share/vm/prims/jvm.cpp, line 1502]
Event: 0.099 Thread 0x00007fc50400b800 Exception <a 'java/security/PrivilegedActionException'> (0x0000000719f72398) thrown at [/build/openjdk-8-4aHi5C/openjdk-8-8u232-b09/src/hotspot/src/share/vm/prims/jvm.cpp, line 1502]
Event: 0.099 Thread 0x00007fc50400b800 Exception <a 'java/security/PrivilegedActionException'> (0x0000000719f74420) thrown at [/build/openjdk-8-4aHi5C/openjdk-8-8u232-b09/src/hotspot/src/share/vm/prims/jvm.cpp, line 1502]
Event: 0.099 Thread 0x00007fc50400b800 Exception <a 'java/security/PrivilegedActionException'> (0x0000000719f74630) thrown at [/build/openjdk-8-4aHi5C/openjdk-8-8u232-b09/src/hotspot/src/share/vm/prims/jvm.cpp, line 1502]
Event: 0.099 Thread 0x00007fc50400b800 Exception <a 'java/security/PrivilegedActionException'> (0x0000000719f75108) thrown at [/build/openjdk-8-4aHi5C/openjdk-8-8u232-b09/src/hotspot/src/share/vm/prims/jvm.cpp, line 1502]
Event: 0.099 Thread 0x00007fc50400b800 Exception <a 'java/security/PrivilegedActionException'> (0x0000000719f75318) thrown at [/build/openjdk-8-4aHi5C/openjdk-8-8u232-b09/src/hotspot/src/share/vm/prims/jvm.cpp, line 1502]
Event: 0.106 Thread 0x00007fc50400b800 Exception <a 'sun/nio/fs/UnixException'> (0x0000000719fa2440) thrown at [/build/openjdk-8-4aHi5C/openjdk-8-8u232-b09/src/hotspot/src/share/vm/prims/jni.cpp, line 710]
Event: 0.110 Thread 0x00007fc50400b800 Exception <a 'sun/nio/fs/UnixException'> (0x0000000719fb29c0) thrown at [/build/openjdk-8-4aHi5C/openjdk-8-8u232-b09/src/hotspot/src/share/vm/prims/jni.cpp, line 710]
Event: 0.214 Thread 0x00007fc50400b800 Exception <a 'sun/nio/fs/UnixException'> (0x000000071a124608) thrown at [/build/openjdk-8-4aHi5C/openjdk-8-8u232-b09/src/hotspot/src/share/vm/prims/jni.cpp, line 710]
Event: 0.215 Thread 0x00007fc50400b800 Exception <a 'sun/nio/fs/UnixException'> (0x000000071a12c6a0) thrown at [/build/openjdk-8-4aHi5C/openjdk-8-8u232-b09/src/hotspot/src/share/vm/prims/jni.cpp, line 710]

Events (10 events):
Event: 1.168 loading class particles/Particle
Event: 1.168 loading class particles/Particle done
Event: 1.168 loading class particles/CircularEmission
Event: 1.168 loading class particles/CircularEmission done
Event: 1.168 loading class particles/ParticleMesh
Event: 1.168 loading class particles/ParticleMesh done
Event: 1.169 loading class org/lwjgl/opengl/GL33C
Event: 1.169 loading class org/lwjgl/opengl/GL33C done
Event: 1.178 loading class particles/ParticleMaster
Event: 1.178 loading class particles/ParticleMaster done


Dynamic libraries:
40deb000-40e9a000 rw-p 00000000 00:00 0 
41f05000-41f07000 r-xs 00000000 103:02 15728658                          /tmp/.glGsFGjt (deleted)
5ccc00000-5e1980000 rw-p 00000000 00:00 0 
5e1980000-719980000 ---p 00000000 00:00 0 
719980000-724000000 rw-p 00000000 00:00 0 
724000000-7c0000000 ---p 00000000 00:00 0 
7c0000000-7c0100000 rw-p 00000000 00:00 0 
7c0100000-800000000 ---p 00000000 00:00 0 
55f505f0c000-55f505f0d000 r-xp 00000000 103:02 9833149                   /usr/lib/jvm/java-8-openjdk-amd64/jre/bin/java
55f50610c000-55f50610d000 r--p 00000000 103:02 9833149                   /usr/lib/jvm/java-8-openjdk-amd64/jre/bin/java
55f50610d000-55f50610e000 rw-p 00001000 103:02 9833149                   /usr/lib/jvm/java-8-openjdk-amd64/jre/bin/java
55f506741000-55f506762000 rw-p 00000000 00:00 0                          [heap]
7fc444000000-7fc444021000 rw-p 00000000 00:00 0 
7fc444021000-7fc448000000 ---p 00000000 00:00 0 
7fc448000000-7fc448801000 rw-p 00000000 00:00 0 
7fc448801000-7fc44c000000 ---p 00000000 00:00 0 
7fc44c000000-7fc44c021000 rw-p 00000000 00:00 0 
7fc44c021000-7fc450000000 ---p 00000000 00:00 0 
7fc450000000-7fc450021000 rw-p 00000000 00:00 0 
7fc450021000-7fc454000000 ---p 00000000 00:00 0 
7fc454000000-7fc454021000 rw-p 00000000 00:00 0 
7fc454021000-7fc458000000 ---p 00000000 00:00 0 
7fc458000000-7fc459564000 rw-p 00000000 00:00 0 
7fc459564000-7fc45c000000 ---p 00000000 00:00 0 
7fc45c000000-7fc45c021000 rw-p 00000000 00:00 0 
7fc45c021000-7fc460000000 ---p 00000000 00:00 0 
7fc460000000-7fc460021000 rw-p 00000000 00:00 0 
7fc460021000-7fc464000000 ---p 00000000 00:00 0 
7fc464000000-7fc464021000 rw-p 00000000 00:00 0 
7fc464021000-7fc468000000 ---p 00000000 00:00 0 
7fc468000000-7fc468021000 rw-p 00000000 00:00 0 
7fc468021000-7fc46c000000 ---p 00000000 00:00 0 
7fc46c000000-7fc46c021000 rw-p 00000000 00:00 0 
7fc46c021000-7fc470000000 ---p 00000000 00:00 0 
7fc470ffa000-7fc470ffb000 ---p 00000000 00:00 0 
7fc470ffb000-7fc4717fb000 rw-p 00000000 00:00 0 
7fc4717fb000-7fc4717fc000 ---p 00000000 00:00 0 
7fc4717fc000-7fc471ffc000 rw-p 00000000 00:00 0 
7fc471ffc000-7fc471ffd000 ---p 00000000 00:00 0 
7fc471ffd000-7fc4727fd000 rw-p 00000000 00:00 0 
7fc4727fd000-7fc4727fe000 ---p 00000000 00:00 0 
7fc4727fe000-7fc472ffe000 rw-p 00000000 00:00 0 
7fc472ffe000-7fc472fff000 ---p 00000000 00:00 0 
7fc472fff000-7fc4737ff000 rw-p 00000000 00:00 0 
7fc4737ff000-7fc473800000 ---p 00000000 00:00 0 
7fc473800000-7fc474000000 rw-p 00000000 00:00 0 
7fc474000000-7fc474021000 rw-p 00000000 00:00 0 
7fc474021000-7fc478000000 ---p 00000000 00:00 0 
7fc478000000-7fc478021000 rw-p 00000000 00:00 0 
7fc478021000-7fc47c000000 ---p 00000000 00:00 0 
7fc47c000000-7fc47c021000 rw-p 00000000 00:00 0 
7fc47c021000-7fc480000000 ---p 00000000 00:00 0 
7fc480000000-7fc483e7e000 rw-p 00000000 00:00 0 
7fc483e7e000-7fc484000000 ---p 00000000 00:00 0 
7fc484000000-7fc484396000 rw-p 00000000 00:00 0 
7fc484396000-7fc488000000 ---p 00000000 00:00 0 
7fc488000000-7fc488021000 rw-p 00000000 00:00 0 
7fc488021000-7fc48c000000 ---p 00000000 00:00 0 
7fc48c000000-7fc48c6f1000 rw-p 00000000 00:00 0 
7fc48c6f1000-7fc490000000 ---p 00000000 00:00 0 
7fc490000000-7fc4905ef000 rw-p 00000000 00:00 0 
7fc4905ef000-7fc494000000 ---p 00000000 00:00 0 
7fc494000000-7fc494021000 rw-p 00000000 00:00 0 
7fc494021000-7fc498000000 ---p 00000000 00:00 0 
7fc498000000-7fc498ab5000 rw-p 00000000 00:00 0 
7fc498ab5000-7fc49c000000 ---p 00000000 00:00 0 
7fc49c000000-7fc49c021000 rw-p 00000000 00:00 0 
7fc49c021000-7fc4a0000000 ---p 00000000 00:00 0 
7fc4a0000000-7fc4a0021000 rw-p 00000000 00:00 0 
7fc4a0021000-7fc4a4000000 ---p 00000000 00:00 0 
7fc4a4000000-7fc4a4021000 rw-p 00000000 00:00 0 
7fc4a4021000-7fc4a8000000 ---p 00000000 00:00 0 
7fc4a8660000-7fc4b8000000 rw-p 00000000 00:00 0 
7fc4b8000000-7fc4b8021000 rw-p 00000000 00:00 0 
7fc4b8021000-7fc4bc000000 ---p 00000000 00:00 0 
7fc4bc3fa000-7fc4bc3fb000 ---p 00000000 00:00 0 
7fc4bc3fb000-7fc4bcbfb000 rw-p 00000000 00:00 0 
7fc4bcbfb000-7fc4bcbfc000 ---p 00000000 00:00 0 
7fc4bcbfc000-7fc4bd3fc000 rw-p 00000000 00:00 0 
7fc4bd3fc000-7fc4bd3fd000 ---p 00000000 00:00 0 
7fc4bd3fd000-7fc4bdbfd000 rw-p 00000000 00:00 0 
7fc4bdbfd000-7fc4bdbfe000 ---p 00000000 00:00 0 
7fc4bdbfe000-7fc4be3fe000 rw-p 00000000 00:00 0 
7fc4be3fe000-7fc4be3ff000 ---p 00000000 00:00 0 
7fc4be3ff000-7fc4bebff000 rw-p 00000000 00:00 0 
7fc4befff000-7fc4c0000000 rw-p 00000000 00:00 0 
7fc4c0000000-7fc4c0021000 rw-p 00000000 00:00 0 
7fc4c0021000-7fc4c4000000 ---p 00000000 00:00 0 
7fc4c4090000-7fc4c4110000 rw-p 00000000 00:00 0 
7fc4c4110000-7fc4c4290000 ---p 00000000 00:00 0 
7fc4c4690000-7fc4c4691000 ---p 00000000 00:00 0 
7fc4c4691000-7fc4c4e91000 rw-p 00000000 00:00 0 
7fc4c5291000-7fc4c5691000 rw-s 00000000 00:06 552                        /dev/nvidiactl
7fc4c5691000-7fc4c5891000 rw-s 00000000 00:06 552                        /dev/nvidiactl
7fc4c5891000-7fc4c5c91000 rw-s 00000000 00:06 552                        /dev/nvidiactl
7fc4c5c91000-7fc4c5e91000 rw-s 00000000 00:06 552                        /dev/nvidiactl
7fc4c5e91000-7fc4c6292000 rw-p 00000000 00:00 0 
7fc4c6292000-7fc4c756d000 r-xp 00000000 103:02 9840523                   /usr/lib/x86_64-linux-gnu/libnvidia-glcore.so.440.31
7fc4c756d000-7fc4c758e000 rwxp 012db000 103:02 9840523                   /usr/lib/x86_64-linux-gnu/libnvidia-glcore.so.440.31
7fc4c758e000-7fc4c7a9f000 r-xp 012fc000 103:02 9840523                   /usr/lib/x86_64-linux-gnu/libnvidia-glcore.so.440.31
7fc4c7a9f000-7fc4c7c9e000 ---p 0180d000 103:02 9840523                   /usr/lib/x86_64-linux-gnu/libnvidia-glcore.so.440.31
7fc4c7c9e000-7fc4c7fe4000 rw-p 0180c000 103:02 9840523                   /usr/lib/x86_64-linux-gnu/libnvidia-glcore.so.440.31
7fc4c7fe4000-7fc4c8000000 rw-p 00000000 00:00 0 
7fc4c8000000-7fc4c8021000 rw-p 00000000 00:00 0 
7fc4c8021000-7fc4cc000000 ---p 00000000 00:00 0 
7fc4cc196000-7fc4cc596000 rw-s 00000000 00:06 552                        /dev/nvidiactl
7fc4cc596000-7fc4cc796000 rw-p 00000000 00:00 0 
7fc4cc796000-7fc4cc7d6000 rw-s 00000000 08:01 16256345                   /home/sam/#16256345 (deleted)
7fc4cc7d6000-7fc4cc816000 r-xs 00000000 08:01 16256345                   /home/sam/#16256345 (deleted)
7fc4cc816000-7fc4cc86e000 r-xp 00000000 103:02 15991432                  /tmp/lwjglsam/3.2.3-build-13/liblwjgl_opengl.so
7fc4cc86e000-7fc4cca6d000 ---p 00058000 103:02 15991432                  /tmp/lwjglsam/3.2.3-build-13/liblwjgl_opengl.so
7fc4cca6d000-7fc4cca6e000 r--p 00057000 103:02 15991432                  /tmp/lwjglsam/3.2.3-build-13/liblwjgl_opengl.so
7fc4cca6e000-7fc4cca6f000 rw-p 00058000 103:02 15991432                  /tmp/lwjglsam/3.2.3-build-13/liblwjgl_opengl.so
7fc4cca6f000-7fc4cca74000 r-xp 00000000 103:02 9839193                   /usr/lib/x86_64-linux-gnu/libxcb-sync.so.1.0.0
7fc4cca74000-7fc4ccc74000 ---p 00005000 103:02 9839193                   /usr/lib/x86_64-linux-gnu/libxcb-sync.so.1.0.0
7fc4ccc74000-7fc4ccc75000 r--p 00005000 103:02 9839193                   /usr/lib/x86_64-linux-gnu/libxcb-sync.so.1.0.0
7fc4ccc75000-7fc4ccc76000 rw-p 00006000 103:02 9839193                   /usr/lib/x86_64-linux-gnu/libxcb-sync.so.1.0.0
7fc4ccc76000-7fc4ccc78000 r-xp 00000000 103:02 9839185                   /usr/lib/x86_64-linux-gnu/libxcb-present.so.0.0.0
7fc4ccc78000-7fc4cce77000 ---p 00002000 103:02 9839185                   /usr/lib/x86_64-linux-gnu/libxcb-present.so.0.0.0
7fc4cce77000-7fc4cce78000 r--p 00001000 103:02 9839185                   /usr/lib/x86_64-linux-gnu/libxcb-present.so.0.0.0
7fc4cce78000-7fc4cce79000 rw-p 00002000 103:02 9839185                   /usr/lib/x86_64-linux-gnu/libxcb-present.so.0.0.0
7fc4cce79000-7fc4cce7c000 r-xp 00000000 103:02 9839181                   /usr/lib/x86_64-linux-gnu/libxcb-dri3.so.0.0.0
7fc4cce7c000-7fc4cd07b000 ---p 00003000 103:02 9839181                   /usr/lib/x86_64-linux-gnu/libxcb-dri3.so.0.0.0
7fc4cd07b000-7fc4cd07c000 r--p 00002000 103:02 9839181                   /usr/lib/x86_64-linux-gnu/libxcb-dri3.so.0.0.0
7fc4cd07c000-7fc4cd07d000 rw-p 00003000 103:02 9839181                   /usr/lib/x86_64-linux-gnu/libxcb-dri3.so.0.0.0
7fc4cd07d000-7fc4cd095000 r-xp 00000000 103:02 9839183                   /usr/lib/x86_64-linux-gnu/libxcb-glx.so.0.0.0
7fc4cd095000-7fc4cd295000 ---p 00018000 103:02 9839183                   /usr/lib/x86_64-linux-gnu/libxcb-glx.so.0.0.0
7fc4cd295000-7fc4cd297000 r--p 00018000 103:02 9839183                   /usr/lib/x86_64-linux-gnu/libxcb-glx.so.0.0.0
7fc4cd297000-7fc4cd298000 rw-p 0001a000 103:02 9839183                   /usr/lib/x86_64-linux-gnu/libxcb-glx.so.0.0.0
7fc4cd298000-7fc4cd318000 rw-s 00000000 00:06 552                        /dev/nvidiactl
7fc4cd418000-7fc4cd428000 r-xp 00000000 103:02 9840432                   /usr/lib/x86_64-linux-gnu/libdrm.so.2.4.0
7fc4cd428000-7fc4cd627000 ---p 00010000 103:02 9840432                   /usr/lib/x86_64-linux-gnu/libdrm.so.2.4.0
7fc4cd627000-7fc4cd628000 r--p 0000f000 103:02 9840432                   /usr/lib/x86_64-linux-gnu/libdrm.so.2.4.0
7fc4cd628000-7fc4cd629000 rw-p 00010000 103:02 9840432                   /usr/lib/x86_64-linux-gnu/libdrm.so.2.4.0
7fc4cd629000-7fc4cd7ce000 rw-s 00000000 00:06 552                        /dev/nvidiactl
7fc4cd7ce000-7fc4cd7d1000 r-xp 00000000 103:02 9840527                   /usr/lib/x86_64-linux-gnu/libnvidia-tls.so.440.31
7fc4cd7d1000-7fc4cd9d1000 ---p 00003000 103:02 9840527                   /usr/lib/x86_64-linux-gnu/libnvidia-tls.so.440.31
7fc4cd9d1000-7fc4cd9d2000 rw-p 00003000 103:02 9840527                   /usr/lib/x86_64-linux-gnu/libnvidia-tls.so.440.31
7fc4cd9d2000-7fc4cda7b000 r-xp 00000000 103:02 9840520                   /usr/lib/x86_64-linux-gnu/libGLX_nvidia.so.440.31
7fc4cda7b000-7fc4cdab0000 rwxp 000a9000 103:02 9840520                   /usr/lib/x86_64-linux-gnu/libGLX_nvidia.so.440.31
7fc4cdab0000-7fc4cdabf000 r-xp 000de000 103:02 9840520                   /usr/lib/x86_64-linux-gnu/libGLX_nvidia.so.440.31
7fc4cdabf000-7fc4cdcbe000 ---p 000ed000 103:02 9840520                   /usr/lib/x86_64-linux-gnu/libGLX_nvidia.so.440.31
7fc4cdcbe000-7fc4cdce2000 rw-p 000ec000 103:02 9840520                   /usr/lib/x86_64-linux-gnu/libGLX_nvidia.so.440.31
7fc4cdce2000-7fc4cdce4000 rw-p 00000000 00:00 0 
7fc4cdce4000-7fc4cdd26000 r-xp 00000000 103:02 9837994                   /usr/lib/x86_64-linux-gnu/libGLdispatch.so.0.0.0
7fc4cdd26000-7fc4cdd3f000 r-xp 00042000 103:02 9837994                   /usr/lib/x86_64-linux-gnu/libGLdispatch.so.0.0.0
7fc4cdd3f000-7fc4cdd52000 r-xp 0005b000 103:02 9837994                   /usr/lib/x86_64-linux-gnu/libGLdispatch.so.0.0.0
7fc4cdd52000-7fc4cdf51000 ---p 0006e000 103:02 9837994                   /usr/lib/x86_64-linux-gnu/libGLdispatch.so.0.0.0
7fc4cdf51000-7fc4cdf79000 r--p 0006d000 103:02 9837994                   /usr/lib/x86_64-linux-gnu/libGLdispatch.so.0.0.0
7fc4cdf79000-7fc4cdf7a000 rw-p 00095000 103:02 9837994                   /usr/lib/x86_64-linux-gnu/libGLdispatch.so.0.0.0
7fc4cdf7a000-7fc4cdf9a000 rw-p 00000000 00:00 0 
7fc4cdf9a000-7fc4cdfaa000 r-xp 00000000 103:02 9837992                   /usr/lib/x86_64-linux-gnu/libGLX.so.0.0.0
7fc4cdfaa000-7fc4ce1a9000 ---p 00010000 103:02 9837992                   /usr/lib/x86_64-linux-gnu/libGLX.so.0.0.0
7fc4ce1a9000-7fc4ce1aa000 r--p 0000f000 103:02 9837992                   /usr/lib/x86_64-linux-gnu/libGLX.so.0.0.0
7fc4ce1aa000-7fc4ce1ab000 rw-p 00010000 103:02 9837992                   /usr/lib/x86_64-linux-gnu/libGLX.so.0.0.0
7fc4ce1ab000-7fc4ce1cb000 rw-p 00000000 00:00 0 
7fc4ce1cb000-7fc4ce20f000 r-xp 00000000 103:02 9837986                   /usr/lib/x86_64-linux-gnu/libGL.so.1.0.0
7fc4ce20f000-7fc4ce228000 r-xp 00044000 103:02 9837986                   /usr/lib/x86_64-linux-gnu/libGL.so.1.0.0
7fc4ce228000-7fc4ce23c000 r-xp 0005d000 103:02 9837986                   /usr/lib/x86_64-linux-gnu/libGL.so.1.0.0
7fc4ce23c000-7fc4ce43b000 ---p 00071000 103:02 9837986                   /usr/lib/x86_64-linux-gnu/libGL.so.1.0.0
7fc4ce43b000-7fc4ce455000 r--p 00070000 103:02 9837986                   /usr/lib/x86_64-linux-gnu/libGL.so.1.0.0
7fc4ce455000-7fc4ce456000 rw-p 0008a000 103:02 9837986                   /usr/lib/x86_64-linux-gnu/libGL.so.1.0.0
7fc4ce456000-7fc4ce457000 rw-p 00000000 00:00 0 
7fc4ce457000-7fc4ce458000 r-xp 00000000 103:02 9840453                   /usr/lib/x86_64-linux-gnu/libX11-xcb.so.1.0.0
7fc4ce458000-7fc4ce657000 ---p 00001000 103:02 9840453                   /usr/lib/x86_64-linux-gnu/libX11-xcb.so.1.0.0
7fc4ce657000-7fc4ce658000 r--p 00000000 103:02 9840453                   /usr/lib/x86_64-linux-gnu/libX11-xcb.so.1.0.0
7fc4ce658000-7fc4ce659000 rw-p 00001000 103:02 9840453                   /usr/lib/x86_64-linux-gnu/libX11-xcb.so.1.0.0
7fc4ce659000-7fc4ce65b000 r-xp 00000000 103:02 9838067                   /usr/lib/x86_64-linux-gnu/libXinerama.so.1.0.0
7fc4ce65b000-7fc4ce85a000 ---p 00002000 103:02 9838067                   /usr/lib/x86_64-linux-gnu/libXinerama.so.1.0.0
7fc4ce85a000-7fc4ce85b000 r--p 00001000 103:02 9838067                   /usr/lib/x86_64-linux-gnu/libXinerama.so.1.0.0
7fc4ce85b000-7fc4ce85c000 rw-p 00002000 103:02 9838067                   /usr/lib/x86_64-linux-gnu/libXinerama.so.1.0.0
7fc4ce85c000-7fc4ce861000 r-xp 00000000 103:02 9838059                   /usr/lib/x86_64-linux-gnu/libXfixes.so.3.1.0
7fc4ce861000-7fc4cea60000 ---p 00005000 103:02 9838059                   /usr/lib/x86_64-linux-gnu/libXfixes.so.3.1.0
7fc4cea60000-7fc4cea61000 r--p 00004000 103:02 9838059                   /usr/lib/x86_64-linux-gnu/libXfixes.so.3.1.0
7fc4cea61000-7fc4cea62000 rw-p 00005000 103:02 9838059                   /usr/lib/x86_64-linux-gnu/libXfixes.so.3.1.0
7fc4cea62000-7fc4cea6b000 r-xp 00000000 103:02 9838051                   /usr/lib/x86_64-linux-gnu/libXcursor.so.1.0.2
7fc4cea6b000-7fc4cec6a000 ---p 00009000 103:02 9838051                   /usr/lib/x86_64-linux-gnu/libXcursor.so.1.0.2
7fc4cec6a000-7fc4cec6b000 r--p 00008000 103:02 9838051                   /usr/lib/x86_64-linux-gnu/libXcursor.so.1.0.2
7fc4cec6b000-7fc4cec6c000 rw-p 00009000 103:02 9838051                   /usr/lib/x86_64-linux-gnu/libXcursor.so.1.0.2
7fc4cec6c000-7fc4cec75000 r-xp 00000000 103:02 9838077                   /usr/lib/x86_64-linux-gnu/libXrender.so.1.3.0
7fc4cec75000-7fc4cee74000 ---p 00009000 103:02 9838077                   /usr/lib/x86_64-linux-gnu/libXrender.so.1.3.0
7fc4cee74000-7fc4cee75000 r--p 00008000 103:02 9838077                   /usr/lib/x86_64-linux-gnu/libXrender.so.1.3.0
7fc4cee75000-7fc4cee76000 rw-p 00009000 103:02 9838077                   /usr/lib/x86_64-linux-gnu/libXrender.so.1.3.0
7fc4cee76000-7fc4cee80000 r-xp 00000000 103:02 9838075                   /usr/lib/x86_64-linux-gnu/libXrandr.so.2.2.0
7fc4cee80000-7fc4cf07f000 ---p 0000a000 103:02 9838075                   /usr/lib/x86_64-linux-gnu/libXrandr.so.2.2.0
7fc4cf07f000-7fc4cf080000 r--p 00009000 103:02 9838075                   /usr/lib/x86_64-linux-gnu/libXrandr.so.2.2.0
7fc4cf080000-7fc4cf081000 rw-p 0000a000 103:02 9838075                   /usr/lib/x86_64-linux-gnu/libXrandr.so.2.2.0
7fc4cf081000-7fc4cf090000 r-xp 00000000 103:02 9838065                   /usr/lib/x86_64-linux-gnu/libXi.so.6.1.0
7fc4cf090000-7fc4cf28f000 ---p 0000f000 103:02 9838065                   /usr/lib/x86_64-linux-gnu/libXi.so.6.1.0
7fc4cf28f000-7fc4cf290000 r--p 0000e000 103:02 9838065                   /usr/lib/x86_64-linux-gnu/libXi.so.6.1.0
7fc4cf290000-7fc4cf291000 rw-p 0000f000 103:02 9838065                   /usr/lib/x86_64-linux-gnu/libXi.so.6.1.0
7fc4cf291000-7fc4cf2a2000 r-xp 00000000 103:02 9838057                   /usr/lib/x86_64-linux-gnu/libXext.so.6.4.0
7fc4cf2a2000-7fc4cf4a1000 ---p 00011000 103:02 9838057                   /usr/lib/x86_64-linux-gnu/libXext.so.6.4.0
7fc4cf4a1000-7fc4cf4a2000 r--p 00010000 103:02 9838057                   /usr/lib/x86_64-linux-gnu/libXext.so.6.4.0
7fc4cf4a2000-7fc4cf4a3000 rw-p 00011000 103:02 9838057                   /usr/lib/x86_64-linux-gnu/libXext.so.6.4.0
7fc4cf4a3000-7fc4cf4a8000 r-xp 00000000 103:02 9838093                   /usr/lib/x86_64-linux-gnu/libXxf86vm.so.1.0.0
7fc4cf4a8000-7fc4cf6a7000 ---p 00005000 103:02 9838093                   /usr/lib/x86_64-linux-gnu/libXxf86vm.so.1.0.0
7fc4cf6a7000-7fc4cf6a8000 r--p 00004000 103:02 9838093                   /usr/lib/x86_64-linux-gnu/libXxf86vm.so.1.0.0
7fc4cf6a8000-7fc4cf6a9000 rw-p 00005000 103:02 9838093                   /usr/lib/x86_64-linux-gnu/libXxf86vm.so.1.0.0
7fc4cf6a9000-7fc4cf6bc000 r-xp 00000000 103:02 22937869                  /lib/x86_64-linux-gnu/libbsd.so.0.8.7
7fc4cf6bc000-7fc4cf8bb000 ---p 00013000 103:02 22937869                  /lib/x86_64-linux-gnu/libbsd.so.0.8.7
7fc4cf8bb000-7fc4cf8bc000 r--p 00012000 103:02 22937869                  /lib/x86_64-linux-gnu/libbsd.so.0.8.7
7fc4cf8bc000-7fc4cf8bd000 rw-p 00013000 103:02 22937869                  /lib/x86_64-linux-gnu/libbsd.so.0.8.7
7fc4cf8bd000-7fc4cf8be000 rw-p 00000000 00:00 0 
7fc4cf8be000-7fc4cf8c3000 r-xp 00000000 103:02 9838055                   /usr/lib/x86_64-linux-gnu/libXdmcp.so.6.0.0
7fc4cf8c3000-7fc4cfac2000 ---p 00005000 103:02 9838055                   /usr/lib/x86_64-linux-gnu/libXdmcp.so.6.0.0
7fc4cfac2000-7fc4cfac3000 r--p 00004000 103:02 9838055                   /usr/lib/x86_64-linux-gnu/libXdmcp.so.6.0.0
7fc4cfac3000-7fc4cfac4000 rw-p 00005000 103:02 9838055                   /usr/lib/x86_64-linux-gnu/libXdmcp.so.6.0.0
7fc4cfac4000-7fc4cfac6000 r-xp 00000000 103:02 9838044                   /usr/lib/x86_64-linux-gnu/libXau.so.6.0.0
7fc4cfac6000-7fc4cfcc6000 ---p 00002000 103:02 9838044                   /usr/lib/x86_64-linux-gnu/libXau.so.6.0.0
7fc4cfcc6000-7fc4cfcc7000 r--p 00002000 103:02 9838044                   /usr/lib/x86_64-linux-gnu/libXau.so.6.0.0
7fc4cfcc7000-7fc4cfcc8000 rw-p 00003000 103:02 9838044                   /usr/lib/x86_64-linux-gnu/libXau.so.6.0.0
7fc4cfcc8000-7fc4cfdfb000 r-xp 00000000 103:02 9839217                   /usr/lib/x86_64-linux-gnu/libX11.so.6.3.0
7fc4cfdfb000-7fc4cfffb000 ---p 00133000 103:02 9839217                   /usr/lib/x86_64-linux-gnu/libX11.so.6.3.0
7fc4cfffb000-7fc4cfffc000 r--p 00133000 103:02 9839217                   /usr/lib/x86_64-linux-gnu/libX11.so.6.3.0
7fc4cfffc000-7fc4d0000000 rw-p 00134000 103:02 9839217                   /usr/lib/x86_64-linux-gnu/libX11.so.6.3.0
7fc4d0000000-7fc4d0021000 rw-p 00000000 00:00 0 
7fc4d0021000-7fc4d4000000 ---p 00000000 00:00 0 
7fc4d4000000-7fc4d4021000 rw-p 00000000 00:00 0 
7fc4d4021000-7fc4d8000000 ---p 00000000 00:00 0 
7fc4d8000000-7fc4d8021000 rw-p 00000000 00:00 0 
7fc4d8021000-7fc4dc000000 ---p 00000000 00:00 0 
7fc4dc038000-7fc4dc03a000 r-xp 00000000 00:00 0 
7fc4dc03a000-7fc4dc03d000 rw-s 00000000 00:06 552                        /dev/nvidiactl
7fc4dc03d000-7fc4dc050000 rw-s 00000000 00:06 552                        /dev/nvidiactl
7fc4dc050000-7fc4dc090000 rw-s 00000000 00:06 552                        /dev/nvidiactl
7fc4dc090000-7fc4dc0b0000 rw-s 00000000 00:06 552                        /dev/nvidiactl
7fc4dc0b0000-7fc4dc0f0000 rw-s 00000000 00:06 552                        /dev/nvidiactl
7fc4dc0f0000-7fc4dc116000 r-xp 00000000 103:02 9840409                   /usr/lib/x86_64-linux-gnu/libxcb.so.1.1.0
7fc4dc116000-7fc4dc316000 ---p 00026000 103:02 9840409                   /usr/lib/x86_64-linux-gnu/libxcb.so.1.1.0
7fc4dc316000-7fc4dc317000 r--p 00026000 103:02 9840409                   /usr/lib/x86_64-linux-gnu/libxcb.so.1.1.0
7fc4dc317000-7fc4dc318000 rw-p 00027000 103:02 9840409                   /usr/lib/x86_64-linux-gnu/libxcb.so.1.1.0
7fc4dc318000-7fc4dc35b000 r-xp 00000000 103:02 15991431                  /tmp/lwjglsam/3.2.3-build-13/libglfw.so
7fc4dc35b000-7fc4dc55a000 ---p 00043000 103:02 15991431                  /tmp/lwjglsam/3.2.3-build-13/libglfw.so
7fc4dc55a000-7fc4dc55b000 r--p 00042000 103:02 15991431                  /tmp/lwjglsam/3.2.3-build-13/libglfw.so
7fc4dc55b000-7fc4dc55d000 rw-p 00043000 103:02 15991431                  /tmp/lwjglsam/3.2.3-build-13/libglfw.so
7fc4dc55d000-7fc4dc57e000 rw-p 00000000 00:00 0 
7fc4dc57e000-7fc4dc5cf000 r-xp 00000000 103:02 15991430                  /tmp/lwjglsam/3.2.3-build-13/liblwjgl.so
7fc4dc5cf000-7fc4dc7ce000 ---p 00051000 103:02 15991430                  /tmp/lwjglsam/3.2.3-build-13/liblwjgl.so
7fc4dc7ce000-7fc4dc7cf000 r--p 00050000 103:02 15991430                  /tmp/lwjglsam/3.2.3-build-13/liblwjgl.so
7fc4dc7cf000-7fc4dc7d0000 rw-p 00051000 103:02 15991430                  /tmp/lwjglsam/3.2.3-build-13/liblwjgl.so
7fc4dc7d0000-7fc4df7d1000 rw-p 00000000 00:00 0 
7fc4df7d1000-7fc4df7e8000 r-xp 00000000 103:02 9837855                   /usr/lib/jvm/java-8-openjdk-amd64/jre/lib/amd64/libnet.so
7fc4df7e8000-7fc4df9e7000 ---p 00017000 103:02 9837855                   /usr/lib/jvm/java-8-openjdk-amd64/jre/lib/amd64/libnet.so
7fc4df9e7000-7fc4df9e8000 r--p 00016000 103:02 9837855                   /usr/lib/jvm/java-8-openjdk-amd64/jre/lib/amd64/libnet.so
7fc4df9e8000-7fc4df9e9000 rw-p 00017000 103:02 9837855                   /usr/lib/jvm/java-8-openjdk-amd64/jre/lib/amd64/libnet.so
7fc4df9e9000-7fc4df9fa000 r-xp 00000000 103:02 9837857                   /usr/lib/jvm/java-8-openjdk-amd64/jre/lib/amd64/libnio.so
7fc4df9fa000-7fc4dfbfa000 ---p 00011000 103:02 9837857                   /usr/lib/jvm/java-8-openjdk-amd64/jre/lib/amd64/libnio.so
7fc4dfbfa000-7fc4dfbfb000 r--p 00011000 103:02 9837857                   /usr/lib/jvm/java-8-openjdk-amd64/jre/lib/amd64/libnio.so
7fc4dfbfb000-7fc4dfbfc000 rw-p 00012000 103:02 9837857                   /usr/lib/jvm/java-8-openjdk-amd64/jre/lib/amd64/libnio.so
7fc4dfbfc000-7fc4dfbfd000 ---p 00000000 00:00 0 
7fc4dfbfd000-7fc4dfcfd000 rw-p 00000000 00:00 0 
7fc4dfcfd000-7fc4dfd00000 ---p 00000000 00:00 0 
7fc4dfd00000-7fc4dfdfe000 rw-p 00000000 00:00 0 
7fc4dfdfe000-7fc4dfdff000 ---p 00000000 00:00 0 
7fc4dfdff000-7fc4dfe02000 ---p 00000000 00:00 0 
7fc4dfe02000-7fc4dfeff000 rw-p 00000000 00:00 0 
7fc4dfeff000-7fc4dff00000 ---p 00000000 00:00 0 
7fc4dff00000-7fc4dff03000 ---p 00000000 00:00 0 
7fc4dff03000-7fc4e0000000 rw-p 00000000 00:00 0 
7fc4e0000000-7fc4e0021000 rw-p 00000000 00:00 0 
7fc4e0021000-7fc4e4000000 ---p 00000000 00:00 0 
7fc4e4000000-7fc4e4002000 r-xp 00000000 00:00 0 
7fc4e4002000-7fc4e4004000 rw-s 00000000 103:02 15728658                  /tmp/.glGsFGjt (deleted)
7fc4e4008000-7fc4e4009000 rw-s 00000000 00:06 553                        /dev/nvidia0
7fc4e4009000-7fc4e400b000 rw-s 00000000 00:06 552                        /dev/nvidiactl
7fc4e400b000-7fc4e400f000 rw-s 00000000 00:06 552                        /dev/nvidiactl
7fc4e400f000-7fc4e4010000 rw-s 00000000 00:06 553                        /dev/nvidia0
7fc4e4010000-7fc4e4011000 rw-s 00000000 00:06 553                        /dev/nvidia0
7fc4e4011000-7fc4e4031000 rw-s 00000000 00:06 552                        /dev/nvidiactl
7fc4e4031000-7fc4e4032000 rw-s 00000000 00:06 553                        /dev/nvidia0
7fc4e4032000-7fc4e4072000 rw-s 00000000 00:06 552                        /dev/nvidiactl
7fc4e408d000-7fc4e4092000 r--s 000a3000 103:02 9837971                   /usr/lib/jvm/java-8-openjdk-amd64/jre/lib/jsse.jar
7fc4e4092000-7fc4e4093000 rw-s 00000000 00:06 552                        /dev/nvidiactl
7fc4e4093000-7fc4e4094000 rw-s 00000000 00:06 552                        /dev/nvidiactl
7fc4e4094000-7fc4e4095000 rw-s 00000000 00:06 552                        /dev/nvidiactl
7fc4e4095000-7fc4e409c000 r--s 00000000 103:02 10095718                  /usr/lib/x86_64-linux-gnu/gconv/gconv-modules.cache
7fc4e409c000-7fc4e40af000 r--s 00346000 103:02 9837979                   /usr/lib/jvm/java-8-openjdk-amd64/jre/lib/resources.jar
7fc4e40af000-7fc4e40b0000 r--s 00002000 08:01 16253464                   /home/sam/Downloads/pngdecoder-1.0.jar
7fc4e40b0000-7fc4e40b1000 r--s 00022000 08:01 17960234                   /home/sam/Downloads/lwjgl-3.2.3/lwjgl-glfw/lwjgl-glfw-natives-linux-arm64.jar
7fc4e40b1000-7fc4e40b2000 r--s 00026000 08:01 17960235                   /home/sam/Downloads/lwjgl-3.2.3/lwjgl-glfw/lwjgl-glfw-natives-linux.jar
7fc4e40b2000-7fc4e40cd000 r--s 001d6000 103:02 9837906                   /usr/lib/jvm/java-8-openjdk-amd64/jre/lib/ext/nashorn.jar
7fc4e40cd000-7fc4e40ce000 ---p 00000000 00:00 0 
7fc4e40ce000-7fc4e40d1000 ---p 00000000 00:00 0 
7fc4e40d1000-7fc4e41ce000 rw-p 00000000 00:00 0 
7fc4e41ce000-7fc4e41cf000 ---p 00000000 00:00 0 
7fc4e41cf000-7fc4e41d2000 ---p 00000000 00:00 0 
7fc4e41d2000-7fc4e42cf000 rw-p 00000000 00:00 0 
7fc4e42cf000-7fc4e42d2000 ---p 00000000 00:00 0 
7fc4e42d2000-7fc4e43d0000 rw-p 00000000 00:00 0 
7fc4e43d0000-7fc4e4d9f000 r--p 00000000 103:02 9837060                   /usr/lib/locale/locale-archive
7fc4e4d9f000-7fc4e4da2000 ---p 00000000 00:00 0 
7fc4e4da2000-7fc4e4ea0000 rw-p 00000000 00:00 0 
7fc4e4ea0000-7fc4e4ea3000 ---p 00000000 00:00 0 
7fc4e4ea3000-7fc4e4fa1000 rw-p 00000000 00:00 0 
7fc4e4fa1000-7fc4e4fa2000 ---p 00000000 00:00 0 
7fc4e4fa2000-7fc4e8000000 rw-p 00000000 00:00 0 
7fc4e8000000-7fc4e8021000 rw-p 00000000 00:00 0 
7fc4e8021000-7fc4ec000000 ---p 00000000 00:00 0 
7fc4ec000000-7fc4ec021000 rw-p 00000000 00:00 0 
7fc4ec021000-7fc4f0000000 ---p 00000000 00:00 0 
7fc4f0000000-7fc4f0021000 rw-p 00000000 00:00 0 
7fc4f0021000-7fc4f4000000 ---p 00000000 00:00 0 
7fc4f4000000-7fc4f4003000 r--s 00018000 08:01 17960240                   /home/sam/Downloads/lwjgl-3.2.3/lwjgl-glfw/lwjgl-glfw.jar
7fc4f4003000-7fc4f4005000 r--s 0000d000 08:01 19795215                   /home/sam/Downloads/lwjgl-3.2.3/lwjgl-opengl/lwjgl-opengl-natives-linux-arm64.jar
7fc4f4005000-7fc4f4010000 r--s 000da000 08:01 19795221                   /home/sam/Downloads/lwjgl-3.2.3/lwjgl-opengl/lwjgl-opengl.jar
7fc4f4010000-7fc4f4017000 r--s 00081000 08:01 16518147                   /home/sam/Downloads/lwjgl-3.2.3/lwjgl/lwjgl.jar
7fc4f4017000-7fc4f432d000 rw-p 00000000 00:00 0 
7fc4f432d000-7fc4f44fd000 r--s 03c5f000 103:02 9837981                   /usr/lib/jvm/java-8-openjdk-amd64/jre/lib/rt.jar
7fc4f44fd000-7fc4f4cfd000 rw-p 00000000 00:00 0 
7fc4f4cfd000-7fc4f4cfe000 ---p 00000000 00:00 0 
7fc4f4cfe000-7fc4f4dfe000 rw-p 00000000 00:00 0 
7fc4f4dfe000-7fc4f4dff000 ---p 00000000 00:00 0 
7fc4f4dff000-7fc4f4eff000 rw-p 00000000 00:00 0 
7fc4f4eff000-7fc4f4f00000 ---p 00000000 00:00 0 
7fc4f4f00000-7fc4f5000000 rw-p 00000000 00:00 0 
7fc4f5000000-7fc4f5440000 rwxp 00000000 00:00 0 
7fc4f5440000-7fc504000000 ---p 00000000 00:00 0 
7fc504000000-7fc507ef9000 rw-p 00000000 00:00 0 
7fc507ef9000-7fc508000000 ---p 00000000 00:00 0 
7fc508000000-7fc508001000 r--s 00013000 08:01 19795216                   /home/sam/Downloads/lwjgl-3.2.3/lwjgl-opengl/lwjgl-opengl-natives-linux.jar
7fc508001000-7fc508002000 r--s 0000c000 08:01 16517972                   /home/sam/Downloads/lwjgl-3.2.3/lwjgl/lwjgl-natives-linux-arm64.jar
7fc508002000-7fc508003000 r--s 00012000 08:01 16517973                   /home/sam/Downloads/lwjgl-3.2.3/lwjgl/lwjgl-natives-linux.jar
7fc508003000-7fc508008000 r--s 0003d000 103:02 9837915                   /usr/lib/jvm/java-8-openjdk-amd64/jre/lib/ext/sunjce_provider.jar
7fc508008000-7fc50800c000 r--s 0003a000 103:02 9837917                   /usr/lib/jvm/java-8-openjdk-amd64/jre/lib/ext/sunpkcs11.jar
7fc50800c000-7fc50800f000 r--s 0000f000 103:02 9837900                   /usr/lib/jvm/java-8-openjdk-amd64/jre/lib/ext/icedtea-sound.jar
7fc50800f000-7fc5080e0000 rw-p 00000000 00:00 0 
7fc5080e0000-7fc5080e1000 ---p 00000000 00:00 0 
7fc5080e1000-7fc5081e1000 rw-p 00000000 00:00 0 
7fc5081e1000-7fc5081e2000 ---p 00000000 00:00 0 
7fc5081e2000-7fc5082e2000 rw-p 00000000 00:00 0 
7fc5082e2000-7fc5082e3000 ---p 00000000 00:00 0 
7fc5082e3000-7fc5083e3000 rw-p 00000000 00:00 0 
7fc5083e3000-7fc5083e4000 ---p 00000000 00:00 0 
7fc5083e4000-7fc5084e4000 rw-p 00000000 00:00 0 
7fc5084e4000-7fc5084e5000 ---p 00000000 00:00 0 
7fc5084e5000-7fc5085e5000 rw-p 00000000 00:00 0 
7fc5085e5000-7fc5085e6000 ---p 00000000 00:00 0 
7fc5085e6000-7fc5086e6000 rw-p 00000000 00:00 0 
7fc5086e6000-7fc5086e7000 ---p 00000000 00:00 0 
7fc5086e7000-7fc50888e000 rw-p 00000000 00:00 0 
7fc50888e000-7fc50924e000 ---p 00000000 00:00 0 
7fc50924e000-7fc5092f5000 rw-p 00000000 00:00 0 
7fc5092f5000-7fc509cb4000 ---p 00000000 00:00 0 
7fc509cb4000-7fc509d08000 rw-p 00000000 00:00 0 
7fc509d08000-7fc50a1e8000 ---p 00000000 00:00 0 
7fc50a1e8000-7fc50a1fa000 rw-p 00000000 00:00 0 
7fc50a1fa000-7fc50a5a9000 ---p 00000000 00:00 0 
7fc50a5a9000-7fc50a5b1000 r-xp 00000000 103:02 9837871                   /usr/lib/jvm/java-8-openjdk-amd64/jre/lib/amd64/libzip.so
7fc50a5b1000-7fc50a7b0000 ---p 00008000 103:02 9837871                   /usr/lib/jvm/java-8-openjdk-amd64/jre/lib/amd64/libzip.so
7fc50a7b0000-7fc50a7b1000 r--p 00007000 103:02 9837871                   /usr/lib/jvm/java-8-openjdk-amd64/jre/lib/amd64/libzip.so
7fc50a7b1000-7fc50a7b2000 rw-p 00008000 103:02 9837871                   /usr/lib/jvm/java-8-openjdk-amd64/jre/lib/amd64/libzip.so
7fc50a7b2000-7fc50a7bd000 r-xp 00000000 103:02 22942476                  /lib/x86_64-linux-gnu/libnss_files-2.27.so
7fc50a7bd000-7fc50a9bc000 ---p 0000b000 103:02 22942476                  /lib/x86_64-linux-gnu/libnss_files-2.27.so
7fc50a9bc000-7fc50a9bd000 r--p 0000a000 103:02 22942476                  /lib/x86_64-linux-gnu/libnss_files-2.27.so
7fc50a9bd000-7fc50a9be000 rw-p 0000b000 103:02 22942476                  /lib/x86_64-linux-gnu/libnss_files-2.27.so
7fc50a9be000-7fc50a9c4000 rw-p 00000000 00:00 0 
7fc50a9c4000-7fc50a9db000 r-xp 00000000 103:02 22942470                  /lib/x86_64-linux-gnu/libnsl-2.27.so
7fc50a9db000-7fc50abda000 ---p 00017000 103:02 22942470                  /lib/x86_64-linux-gnu/libnsl-2.27.so
7fc50abda000-7fc50abdb000 r--p 00016000 103:02 22942470                  /lib/x86_64-linux-gnu/libnsl-2.27.so
7fc50abdb000-7fc50abdc000 rw-p 00017000 103:02 22942470                  /lib/x86_64-linux-gnu/libnsl-2.27.so
7fc50abdc000-7fc50abde000 rw-p 00000000 00:00 0 
7fc50abde000-7fc50abe9000 r-xp 00000000 103:02 22942487                  /lib/x86_64-linux-gnu/libnss_nis-2.27.so
7fc50abe9000-7fc50ade8000 ---p 0000b000 103:02 22942487                  /lib/x86_64-linux-gnu/libnss_nis-2.27.so
7fc50ade8000-7fc50ade9000 r--p 0000a000 103:02 22942487                  /lib/x86_64-linux-gnu/libnss_nis-2.27.so
7fc50ade9000-7fc50adea000 rw-p 0000b000 103:02 22942487                  /lib/x86_64-linux-gnu/libnss_nis-2.27.so
7fc50adea000-7fc50adf2000 r-xp 00000000 103:02 22942472                  /lib/x86_64-linux-gnu/libnss_compat-2.27.so
7fc50adf2000-7fc50aff2000 ---p 00008000 103:02 22942472                  /lib/x86_64-linux-gnu/libnss_compat-2.27.so
7fc50aff2000-7fc50aff3000 r--p 00008000 103:02 22942472                  /lib/x86_64-linux-gnu/libnss_compat-2.27.so
7fc50aff3000-7fc50aff4000 rw-p 00009000 103:02 22942472                  /lib/x86_64-linux-gnu/libnss_compat-2.27.so
7fc50aff4000-7fc50b01e000 r-xp 00000000 103:02 9837833                   /usr/lib/jvm/java-8-openjdk-amd64/jre/lib/amd64/libjava.so
7fc50b01e000-7fc50b21d000 ---p 0002a000 103:02 9837833                   /usr/lib/jvm/java-8-openjdk-amd64/jre/lib/amd64/libjava.so
7fc50b21d000-7fc50b21e000 r--p 00029000 103:02 9837833                   /usr/lib/jvm/java-8-openjdk-amd64/jre/lib/amd64/libjava.so
7fc50b21e000-7fc50b220000 rw-p 0002a000 103:02 9837833                   /usr/lib/jvm/java-8-openjdk-amd64/jre/lib/amd64/libjava.so
7fc50b220000-7fc50b230000 r-xp 00000000 103:02 9837869                   /usr/lib/jvm/java-8-openjdk-amd64/jre/lib/amd64/libverify.so
7fc50b230000-7fc50b42f000 ---p 00010000 103:02 9837869                   /usr/lib/jvm/java-8-openjdk-amd64/jre/lib/amd64/libverify.so
7fc50b42f000-7fc50b431000 r--p 0000f000 103:02 9837869                   /usr/lib/jvm/java-8-openjdk-amd64/jre/lib/amd64/libverify.so
7fc50b431000-7fc50b432000 rw-p 00011000 103:02 9837869                   /usr/lib/jvm/java-8-openjdk-amd64/jre/lib/amd64/libverify.so
7fc50b432000-7fc50b439000 r-xp 00000000 103:02 22942527                  /lib/x86_64-linux-gnu/librt-2.27.so
7fc50b439000-7fc50b638000 ---p 00007000 103:02 22942527                  /lib/x86_64-linux-gnu/librt-2.27.so
7fc50b638000-7fc50b639000 r--p 00006000 103:02 22942527                  /lib/x86_64-linux-gnu/librt-2.27.so
7fc50b639000-7fc50b63a000 rw-p 00007000 103:02 22942527                  /lib/x86_64-linux-gnu/librt-2.27.so
7fc50b63a000-7fc50b651000 r-xp 00000000 103:02 22937606                  /lib/x86_64-linux-gnu/libgcc_s.so.1
7fc50b651000-7fc50b850000 ---p 00017000 103:02 22937606                  /lib/x86_64-linux-gnu/libgcc_s.so.1
7fc50b850000-7fc50b851000 r--p 00016000 103:02 22937606                  /lib/x86_64-linux-gnu/libgcc_s.so.1
7fc50b851000-7fc50b852000 rw-p 00017000 103:02 22937606                  /lib/x86_64-linux-gnu/libgcc_s.so.1
7fc50b852000-7fc50b9ef000 r-xp 00000000 103:02 22942449                  /lib/x86_64-linux-gnu/libm-2.27.so
7fc50b9ef000-7fc50bbee000 ---p 0019d000 103:02 22942449                  /lib/x86_64-linux-gnu/libm-2.27.so
7fc50bbee000-7fc50bbef000 r--p 0019c000 103:02 22942449                  /lib/x86_64-linux-gnu/libm-2.27.so
7fc50bbef000-7fc50bbf0000 rw-p 0019d000 103:02 22942449                  /lib/x86_64-linux-gnu/libm-2.27.so
7fc50bbf0000-7fc50bd69000 r-xp 00000000 103:02 9830530                   /usr/lib/x86_64-linux-gnu/libstdc++.so.6.0.25
7fc50bd69000-7fc50bf69000 ---p 00179000 103:02 9830530                   /usr/lib/x86_64-linux-gnu/libstdc++.so.6.0.25
7fc50bf69000-7fc50bf73000 r--p 00179000 103:02 9830530                   /usr/lib/x86_64-linux-gnu/libstdc++.so.6.0.25
7fc50bf73000-7fc50bf75000 rw-p 00183000 103:02 9830530                   /usr/lib/x86_64-linux-gnu/libstdc++.so.6.0.25
7fc50bf75000-7fc50bf79000 rw-p 00000000 00:00 0 
7fc50bf79000-7fc50cc1b000 r-xp 00000000 103:02 9837875                   /usr/lib/jvm/java-8-openjdk-amd64/jre/lib/amd64/server/libjvm.so
7fc50cc1b000-7fc50ce1a000 ---p 00ca2000 103:02 9837875                   /usr/lib/jvm/java-8-openjdk-amd64/jre/lib/amd64/server/libjvm.so
7fc50ce1a000-7fc50ceae000 r--p 00ca1000 103:02 9837875                   /usr/lib/jvm/java-8-openjdk-amd64/jre/lib/amd64/server/libjvm.so
7fc50ceae000-7fc50ced7000 rw-p 00d35000 103:02 9837875                   /usr/lib/jvm/java-8-openjdk-amd64/jre/lib/amd64/server/libjvm.so
7fc50ced7000-7fc50cf07000 rw-p 00000000 00:00 0 
7fc50cf07000-7fc50cf21000 r-xp 00000000 103:02 22942519                  /lib/x86_64-linux-gnu/libpthread-2.27.so
7fc50cf21000-7fc50d120000 ---p 0001a000 103:02 22942519                  /lib/x86_64-linux-gnu/libpthread-2.27.so
7fc50d120000-7fc50d121000 r--p 00019000 103:02 22942519                  /lib/x86_64-linux-gnu/libpthread-2.27.so
7fc50d121000-7fc50d122000 rw-p 0001a000 103:02 22942519                  /lib/x86_64-linux-gnu/libpthread-2.27.so
7fc50d122000-7fc50d126000 rw-p 00000000 00:00 0 
7fc50d126000-7fc50d129000 r-xp 00000000 103:02 22942409                  /lib/x86_64-linux-gnu/libdl-2.27.so
7fc50d129000-7fc50d328000 ---p 00003000 103:02 22942409                  /lib/x86_64-linux-gnu/libdl-2.27.so
7fc50d328000-7fc50d329000 r--p 00002000 103:02 22942409                  /lib/x86_64-linux-gnu/libdl-2.27.so
7fc50d329000-7fc50d32a000 rw-p 00003000 103:02 22942409                  /lib/x86_64-linux-gnu/libdl-2.27.so
7fc50d32a000-7fc50d346000 r-xp 00000000 103:02 22942558                  /lib/x86_64-linux-gnu/libz.so.1.2.11
7fc50d346000-7fc50d545000 ---p 0001c000 103:02 22942558                  /lib/x86_64-linux-gnu/libz.so.1.2.11
7fc50d545000-7fc50d546000 r--p 0001b000 103:02 22942558                  /lib/x86_64-linux-gnu/libz.so.1.2.11
7fc50d546000-7fc50d547000 rw-p 0001c000 103:02 22942558                  /lib/x86_64-linux-gnu/libz.so.1.2.11
7fc50d547000-7fc50d72e000 r-xp 00000000 103:02 22942386                  /lib/x86_64-linux-gnu/libc-2.27.so
7fc50d72e000-7fc50d92e000 ---p 001e7000 103:02 22942386                  /lib/x86_64-linux-gnu/libc-2.27.so
7fc50d92e000-7fc50d932000 r--p 001e7000 103:02 22942386                  /lib/x86_64-linux-gnu/libc-2.27.so
7fc50d932000-7fc50d934000 rw-p 001eb000 103:02 22942386                  /lib/x86_64-linux-gnu/libc-2.27.so
7fc50d934000-7fc50d938000 rw-p 00000000 00:00 0 
7fc50d938000-7fc50d946000 r-xp 00000000 103:02 9833482                   /usr/lib/jvm/java-8-openjdk-amd64/jre/lib/amd64/jli/libjli.so
7fc50d946000-7fc50db45000 ---p 0000e000 103:02 9833482                   /usr/lib/jvm/java-8-openjdk-amd64/jre/lib/amd64/jli/libjli.so
7fc50db45000-7fc50db46000 r--p 0000d000 103:02 9833482                   /usr/lib/jvm/java-8-openjdk-amd64/jre/lib/amd64/jli/libjli.so
7fc50db46000-7fc50db47000 rw-p 0000e000 103:02 9833482                   /usr/lib/jvm/java-8-openjdk-amd64/jre/lib/amd64/jli/libjli.so
7fc50db47000-7fc50db6e000 r-xp 00000000 103:02 22942358                  /lib/x86_64-linux-gnu/ld-2.27.so
7fc50db6e000-7fc50db6f000 r--s 0000a000 103:02 9837902                   /usr/lib/jvm/java-8-openjdk-amd64/jre/lib/ext/jaccess.jar
7fc50db6f000-7fc50db8a000 r--s 00394000 103:02 9837896                   /usr/lib/jvm/java-8-openjdk-amd64/jre/lib/ext/cldrdata.jar
7fc50db8a000-7fc50dc4f000 rw-p 00000000 00:00 0 
7fc50dc4f000-7fc50dc50000 ---p 00000000 00:00 0 
7fc50dc50000-7fc50dc53000 ---p 00000000 00:00 0 
7fc50dc53000-7fc50dd52000 rw-p 00000000 00:00 0 
7fc50dd52000-7fc50dd54000 r--s 00001000 103:02 9837898                   /usr/lib/jvm/java-8-openjdk-amd64/jre/lib/ext/dnsns.jar
7fc50dd54000-7fc50dd5e000 r--s 00116000 103:02 9837904                   /usr/lib/jvm/java-8-openjdk-amd64/jre/lib/ext/localedata.jar
7fc50dd5e000-7fc50dd60000 r--s 00007000 103:02 10224650                  /usr/share/java/java-atk-wrapper.jar
7fc50dd60000-7fc50dd61000 r--s 0000d000 103:02 9837913                   /usr/lib/jvm/java-8-openjdk-amd64/jre/lib/ext/sunec.jar
7fc50dd61000-7fc50dd62000 r--s 00010000 103:02 9837919                   /usr/lib/jvm/java-8-openjdk-amd64/jre/lib/ext/zipfs.jar
7fc50dd62000-7fc50dd6a000 rw-s 00000000 103:02 15990796                  /tmp/hsperfdata_sam/14356
7fc50dd6a000-7fc50dd6b000 rw-p 00000000 00:00 0 
7fc50dd6b000-7fc50dd6c000 r--p 00000000 00:00 0 
7fc50dd6c000-7fc50dd6e000 rw-p 00000000 00:00 0 
7fc50dd6e000-7fc50dd6f000 r--p 00027000 103:02 22942358                  /lib/x86_64-linux-gnu/ld-2.27.so
7fc50dd6f000-7fc50dd70000 rw-p 00028000 103:02 22942358                  /lib/x86_64-linux-gnu/ld-2.27.so
7fc50dd70000-7fc50dd71000 rw-p 00000000 00:00 0 
7fffd0c9b000-7fffd0cbc000 rw-p 00000000 00:00 0                          [stack]
7fffd0db6000-7fffd0db9000 r--p 00000000 00:00 0                          [vvar]
7fffd0db9000-7fffd0dba000 r-xp 00000000 00:00 0                          [vdso]
ffffffffff600000-ffffffffff601000 --xp 00000000 00:00 0                  [vsyscall]

VM Arguments:
jvm_args: -Dfile.encoding=UTF-8 
java_command: main.Main
java_class_path (initial): /home/sam/Downloads/lwjgl-3.2.3/lwjgl/lwjgl.jar:/home/sam/Downloads/lwjgl-3.2.3/lwjgl/lwjgl-natives-linux.jar:/home/sam/Downloads/lwjgl-3.2.3/lwjgl/lwjgl-natives-linux-arm64.jar:/home/sam/Downloads/lwjgl-3.2.3/lwjgl-opengl/lwjgl-opengl.jar:/home/sam/Downloads/lwjgl-3.2.3/lwjgl-opengl/lwjgl-opengl-natives-linux.jar:/home/sam/Downloads/lwjgl-3.2.3/lwjgl-opengl/lwjgl-opengl-natives-linux-arm64.jar:/home/sam/Downloads/lwjgl-3.2.3/lwjgl-glfw/lwjgl-glfw.jar:/home/sam/Downloads/lwjgl-3.2.3/lwjgl-glfw/lwjgl-glfw-natives-linux.jar:/home/sam/Downloads/lwjgl-3.2.3/lwjgl-glfw/lwjgl-glfw-natives-linux-arm64.jar:/home/sam/Downloads/pngdecoder-1.0.jar:/home/sam/eclipse/workspace/LWJGL-ENGINE/bin
Launcher Type: SUN_STANDARD

Environment Variables:
PATH=/usr/local/sbin:/usr/local/bin:/usr/sbin:/usr/bin:/sbin:/bin:/usr/games:/usr/local/games:/snap/bin
USERNAME=sam
SHELL=/bin/bash
DISPLAY=:0

Signal Handlers:
SIGSEGV: [libjvm.so+0xabafd0], sa_mask[0]=11111111011111111101111111111110, sa_flags=SA_RESTART|SA_SIGINFO
SIGBUS: [libjvm.so+0xabafd0], sa_mask[0]=11111111011111111101111111111110, sa_flags=SA_RESTART|SA_SIGINFO
SIGFPE: [libjvm.so+0x8f05b0], sa_mask[0]=11111111011111111101111111111110, sa_flags=SA_RESTART|SA_SIGINFO
SIGPIPE: [libjvm.so+0x8f05b0], sa_mask[0]=11111111011111111101111111111110, sa_flags=SA_RESTART|SA_SIGINFO
SIGXFSZ: [libjvm.so+0x8f05b0], sa_mask[0]=11111111011111111101111111111110, sa_flags=SA_RESTART|SA_SIGINFO
SIGILL: [libjvm.so+0x8f05b0], sa_mask[0]=11111111011111111101111111111110, sa_flags=SA_RESTART|SA_SIGINFO
SIGUSR1: SIG_DFL, sa_mask[0]=00000000000000000000000000000000, sa_flags=none
SIGUSR2: [libjvm.so+0x8f0460], sa_mask[0]=00100000000000000000000000000000, sa_flags=SA_RESTART|SA_SIGINFO
SIGHUP: [libjvm.so+0x8f0ad0], sa_mask[0]=11111111011111111101111111111110, sa_flags=SA_RESTART|SA_SIGINFO
SIGINT: [libjvm.so+0x8f0ad0], sa_mask[0]=11111111011111111101111111111110, sa_flags=SA_RESTART|SA_SIGINFO
SIGTERM: [libjvm.so+0x8f0ad0], sa_mask[0]=11111111011111111101111111111110, sa_flags=SA_RESTART|SA_SIGINFO
SIGQUIT: [libjvm.so+0x8f0ad0], sa_mask[0]=11111111011111111101111111111110, sa_flags=SA_RESTART|SA_SIGINFO


---------------  S Y S T E M  ---------------

OS:DISTRIB_ID=Ubuntu
DISTRIB_RELEASE=18.04
DISTRIB_CODENAME=bionic
DISTRIB_DESCRIPTION="Ubuntu 18.04.3 LTS"

uname:Linux 5.3.0-26-generic #28~18.04.1-Ubuntu SMP Wed Dec 18 16:40:14 UTC 2019 x86_64
libc:glibc 2.27 NPTL 2.27 
rlimit: STACK 8192k, CORE 0k, NPROC 127594, NOFILE 1048576, AS infinity
load average:13.38 5.65 2.81

/proc/meminfo:
MemTotal:       32713532 kB
MemFree:        26506756 kB
MemAvailable:   27788084 kB
Buffers:          234248 kB
Cached:          1949828 kB
SwapCached:            0 kB
Active:          4273792 kB
Inactive:        1195280 kB
Active(anon):    3470416 kB
Inactive(anon):   441092 kB
Active(file):     803376 kB
Inactive(file):   754188 kB
Unevictable:      184268 kB
Mlocked:             160 kB
SwapTotal:       2097148 kB
SwapFree:        2097148 kB
Dirty:                36 kB
Writeback:             0 kB
AnonPages:       3469548 kB
Mapped:           942204 kB
Shmem:            626520 kB
KReclaimable:     186204 kB
Slab:             282792 kB
SReclaimable:     186204 kB
SUnreclaim:        96588 kB
KernelStack:       21336 kB
PageTables:        67704 kB
NFS_Unstable:          0 kB
Bounce:                0 kB
WritebackTmp:          0 kB
CommitLimit:    18453912 kB
Committed_AS:   11319372 kB
VmallocTotal:   34359738367 kB
VmallocUsed:       65108 kB
VmallocChunk:          0 kB
Percpu:             5824 kB
HardwareCorrupted:     0 kB
AnonHugePages:         0 kB
ShmemHugePages:        0 kB
ShmemPmdMapped:        0 kB
CmaTotal:              0 kB
CmaFree:               0 kB
HugePages_Total:       0
HugePages_Free:        0
HugePages_Rsvd:        0
HugePages_Surp:        0
Hugepagesize:       2048 kB
Hugetlb:               0 kB
DirectMap4k:      414368 kB
DirectMap2M:     9897984 kB
DirectMap1G:    23068672 kB

container (cgroup) information:
container_type: cgroupv1
cpu_cpuset_cpus: 0-11
cpu_memory_nodes: 0
active_processor_count: 12
cpu_quota: -1
cpu_period: 100000
cpu_shares: -1
memory_limit_in_bytes: -1
memory_and_swap_limit_in_bytes: -2
memory_soft_limit_in_bytes: -1
memory_usage_in_bytes: 5788680192
memory_max_usage_in_bytes: 0


CPU:total 12 (initial active 12) (6 cores per cpu, 2 threads per core) family 6 model 158 stepping 10, cmov, cx8, fxsr, mmx, sse, sse2, sse3, ssse3, sse4.1, sse4.2, popcnt, avx, avx2, aes, clmul, erms, 3dnowpref, lzcnt, ht, tsc, tscinvbit, bmi1, bmi2, adx

/proc/cpuinfo:
processor	: 0
vendor_id	: GenuineIntel
cpu family	: 6
model		: 158
model name	: Intel(R) Core(TM) i7-8750H CPU @ 2.20GHz
stepping	: 10
microcode	: 0xca
cpu MHz		: 1023.309
cache size	: 9216 KB
physical id	: 0
siblings	: 12
core id		: 0
cpu cores	: 6
apicid		: 0
initial apicid	: 0
fpu		: yes
fpu_exception	: yes
cpuid level	: 22
wp		: yes
flags		: fpu vme de pse tsc msr pae mce cx8 apic sep mtrr pge mca cmov pat pse36 clflush dts acpi mmx fxsr sse sse2 ss ht tm pbe syscall nx pdpe1gb rdtscp lm constant_tsc art arch_perfmon pebs bts rep_good nopl xtopology nonstop_tsc cpuid aperfmperf pni pclmulqdq dtes64 monitor ds_cpl vmx est tm2 ssse3 sdbg fma cx16 xtpr pdcm pcid sse4_1 sse4_2 x2apic movbe popcnt tsc_deadline_timer aes xsave avx f16c rdrand lahf_lm abm 3dnowprefetch cpuid_fault epb invpcid_single pti ssbd ibrs ibpb stibp tpr_shadow vnmi flexpriority ept vpid ept_ad fsgsbase tsc_adjust bmi1 avx2 smep bmi2 erms invpcid mpx rdseed adx smap clflushopt intel_pt xsaveopt xsavec xgetbv1 xsaves dtherm ida arat pln pts hwp hwp_notify hwp_act_window hwp_epp md_clear flush_l1d
bugs		: cpu_meltdown spectre_v1 spectre_v2 spec_store_bypass l1tf mds swapgs itlb_multihit
bogomips	: 4399.99
clflush size	: 64
cache_alignment	: 64
address sizes	: 39 bits physical, 48 bits virtual
power management:

processor	: 1
vendor_id	: GenuineIntel
cpu family	: 6
model		: 158
model name	: Intel(R) Core(TM) i7-8750H CPU @ 2.20GHz
stepping	: 10
microcode	: 0xca
cpu MHz		: 1835.733
cache size	: 9216 KB
physical id	: 0
siblings	: 12
core id		: 1
cpu cores	: 6
apicid		: 2
initial apicid	: 2
fpu		: yes
fpu_exception	: yes
cpuid level	: 22
wp		: yes
flags		: fpu vme de pse tsc msr pae mce cx8 apic sep mtrr pge mca cmov pat pse36 clflush dts acpi mmx fxsr sse sse2 ss ht tm pbe syscall nx pdpe1gb rdtscp lm constant_tsc art arch_perfmon pebs bts rep_good nopl xtopology nonstop_tsc cpuid aperfmperf pni pclmulqdq dtes64 monitor ds_cpl vmx est tm2 ssse3 sdbg fma cx16 xtpr pdcm pcid sse4_1 sse4_2 x2apic movbe popcnt tsc_deadline_timer aes xsave avx f16c rdrand lahf_lm abm 3dnowprefetch cpuid_fault epb invpcid_single pti ssbd ibrs ibpb stibp tpr_shadow vnmi flexpriority ept vpid ept_ad fsgsbase tsc_adjust bmi1 avx2 smep bmi2 erms invpcid mpx rdseed adx smap clflushopt intel_pt xsaveopt xsavec xgetbv1 xsaves dtherm ida arat pln pts hwp hwp_notify hwp_act_window hwp_epp md_clear flush_l1d
bugs		: cpu_meltdown spectre_v1 spectre_v2 spec_store_bypass l1tf mds swapgs itlb_multihit
bogomips	: 4399.99
clflush size	: 64
cache_alignment	: 64
address sizes	: 39 bits physical, 48 bits virtual
power management:

processor	: 2
vendor_id	: GenuineIntel
cpu family	: 6
model		: 158
model name	: Intel(R) Core(TM) i7-8750H CPU @ 2.20GHz
stepping	: 10
microcode	: 0xca
cpu MHz		: 1357.826
cache size	: 9216 KB
physical id	: 0
siblings	: 12
core id		: 2
cpu cores	: 6
apicid		: 4
initial apicid	: 4
fpu		: yes
fpu_exception	: yes
cpuid level	: 22
wp		: yes
flags		: fpu vme de pse tsc msr pae mce cx8 apic sep mtrr pge mca cmov pat pse36 clflush dts acpi mmx fxsr sse sse2 ss ht tm pbe syscall nx pdpe1gb rdtscp lm constant_tsc art arch_perfmon pebs bts rep_good nopl xtopology nonstop_tsc cpuid aperfmperf pni pclmulqdq dtes64 monitor ds_cpl vmx est tm2 ssse3 sdbg fma cx16 xtpr pdcm pcid sse4_1 sse4_2 x2apic movbe popcnt tsc_deadline_timer aes xsave avx f16c rdrand lahf_lm abm 3dnowprefetch cpuid_fault epb invpcid_single pti ssbd ibrs ibpb stibp tpr_shadow vnmi flexpriority ept vpid ept_ad fsgsbase tsc_adjust bmi1 avx2 smep bmi2 erms invpcid mpx rdseed adx smap clflushopt intel_pt xsaveopt xsavec xgetbv1 xsaves dtherm ida arat pln pts hwp hwp_notify hwp_act_window hwp_epp md_clear flush_l1d
bugs		: cpu_meltdown spectre_v1 spectre_v2 spec_store_bypass l1tf mds swapgs itlb_multihit
bogomips	: 4399.99
clflush size	: 64
cache_alignment	: 64
address sizes	: 39 bits physical, 48 bits virtual
power management:

processor	: 3
vendor_id	: GenuineIntel
cpu family	: 6
model		: 158
model name	: Intel(R) Core(TM) i7-8750H CPU @ 2.20GHz
stepping	: 10
microcode	: 0xca
cpu MHz		: 1124.034
cache size	: 9216 KB
physical id	: 0
siblings	: 12
core id		: 3
cpu cores	: 6
apicid		: 6
initial apicid	: 6
fpu		: yes
fpu_exception	: yes
cpuid level	: 22
wp		: yes
flags		: fpu vme de pse tsc msr pae mce cx8 apic sep mtrr pge mca cmov pat pse36 clflush dts acpi mmx fxsr sse sse2 ss ht tm pbe syscall nx pdpe1gb rdtscp lm constant_tsc art arch_perfmon pebs bts rep_good nopl xtopology nonstop_tsc cpuid aperfmperf pni pclmulqdq dtes64 monitor ds_cpl vmx est tm2 ssse3 sdbg fma cx16 xtpr pdcm pcid sse4_1 sse4_2 x2apic movbe popcnt tsc_deadline_timer aes xsave avx f16c rdrand lahf_lm abm 3dnowprefetch cpuid_fault epb invpcid_single pti ssbd ibrs ibpb stibp tpr_shadow vnmi flexpriority ept vpid ept_ad fsgsbase tsc_adjust bmi1 avx2 smep bmi2 erms invpcid mpx rdseed adx smap clflushopt intel_pt xsaveopt xsavec xgetbv1 xsaves dtherm ida arat pln pts hwp hwp_notify hwp_act_window hwp_epp md_clear flush_l1d
bugs		: cpu_meltdown spectre_v1 spectre_v2 spec_store_bypass l1tf mds swapgs itlb_multihit
bogomips	: 4399.99
clflush size	: 64
cache_alignment	: 64
address sizes	: 39 bits physical, 48 bits virtual
power management:

processor	: 4
vendor_id	: GenuineIntel
cpu family	: 6
model		: 158
model name	: Intel(R) Core(TM) i7-8750H CPU @ 2.20GHz
stepping	: 10
microcode	: 0xca
cpu MHz		: 1164.704
cache size	: 9216 KB
physical id	: 0
siblings	: 12
core id		: 4
cpu cores	: 6
apicid		: 8
initial apicid	: 8
fpu		: yes
fpu_exception	: yes
cpuid level	: 22
wp		: yes
flags		: fpu vme de pse tsc msr pae mce cx8 apic sep mtrr pge mca cmov pat pse36 clflush dts acpi mmx fxsr sse sse2 ss ht tm pbe syscall nx pdpe1gb rdtscp lm constant_tsc art arch_perfmon pebs bts rep_good nopl xtopology nonstop_tsc cpuid aperfmperf pni pclmulqdq dtes64 monitor ds_cpl vmx est tm2 ssse3 sdbg fma cx16 xtpr pdcm pcid sse4_1 sse4_2 x2apic movbe popcnt tsc_deadline_timer aes xsave avx f16c rdrand lahf_lm abm 3dnowprefetch cpuid_fault epb invpcid_single pti ssbd ibrs ibpb stibp tpr_shadow vnmi flexpriority ept vpid ept_ad fsgsbase tsc_adjust bmi1 avx2 smep bmi2 erms invpcid mpx rdseed adx smap clflushopt intel_pt xsaveopt xsavec xgetbv1 xsaves dtherm ida arat pln pts hwp hwp_notify hwp_act_window hwp_epp md_clear flush_l1d
bugs		: cpu_meltdown spectre_v1 spectre_v2 spec_store_bypass l1tf mds swapgs itlb_multihit
bogomips	: 4399.99
clflush size	: 64
cache_alignment	: 64
address sizes	: 39 bits physical, 48 bits virtual
power management:

processor	: 5
vendor_id	: GenuineIntel
cpu family	: 6
model		: 158
model name	: Intel(R) Core(TM) i7-8750H CPU @ 2.20GHz
stepping	: 10
microcode	: 0xca
cpu MHz		: 1029.272
cache size	: 9216 KB
physical id	: 0
siblings	: 12
core id		: 5
cpu cores	: 6
apicid		: 10
initial apicid	: 10
fpu		: yes
fpu_exception	: yes
cpuid level	: 22
wp		: yes
flags		: fpu vme de pse tsc msr pae mce cx8 apic sep mtrr pge mca cmov pat pse36 clflush dts acpi mmx fxsr sse sse2 ss ht tm pbe syscall nx pdpe1gb rdtscp lm constant_tsc art arch_perfmon pebs bts rep_good nopl xtopology nonstop_tsc cpuid aperfmperf pni pclmulqdq dtes64 monitor ds_cpl vmx est tm2 ssse3 sdbg fma cx16 xtpr pdcm pcid sse4_1 sse4_2 x2apic movbe popcnt tsc_deadline_timer aes xsave avx f16c rdrand lahf_lm abm 3dnowprefetch cpuid_fault epb invpcid_single pti ssbd ibrs ibpb stibp tpr_shadow vnmi flexpriority ept vpid ept_ad fsgsbase tsc_adjust bmi1 avx2 smep bmi2 erms invpcid mpx rdseed adx smap clflushopt intel_pt xsaveopt xsavec xgetbv1 xsaves dtherm ida arat pln pts hwp hwp_notify hwp_act_window hwp_epp md_clear flush_l1d
bugs		: cpu_meltdown spectre_v1 spectre_v2 spec_store_bypass l1tf mds swapgs itlb_multihit
bogomips	: 4399.99
clflush size	: 64
cache_alignment	: 64
address sizes	: 39 bits physical, 48 bits virtual
power management:

processor	: 6
vendor_id	: GenuineIntel
cpu family	: 6
model		: 158
model name	: Intel(R) Core(TM) i7-8750H CPU @ 2.20GHz
stepping	: 10
microcode	: 0xca
cpu MHz		: 1138.240
cache size	: 9216 KB
physical id	: 0
siblings	: 12
core id		: 0
cpu cores	: 6
apicid		: 1
initial apicid	: 1
fpu		: yes
fpu_exception	: yes
cpuid level	: 22
wp		: yes
flags		: fpu vme de pse tsc msr pae mce cx8 apic sep mtrr pge mca cmov pat pse36 clflush dts acpi mmx fxsr sse sse2 ss ht tm pbe syscall nx pdpe1gb rdtscp lm constant_tsc art arch_perfmon pebs bts rep_good nopl xtopology nonstop_tsc cpuid aperfmperf pni pclmulqdq dtes64 monitor ds_cpl vmx est tm2 ssse3 sdbg fma cx16 xtpr pdcm pcid sse4_1 sse4_2 x2apic movbe popcnt tsc_deadline_timer aes xsave avx f16c rdrand lahf_lm abm 3dnowprefetch cpuid_fault epb invpcid_single pti ssbd ibrs ibpb stibp tpr_shadow vnmi flexpriority ept vpid ept_ad fsgsbase tsc_adjust bmi1 avx2 smep bmi2 erms invpcid mpx rdseed adx smap clflushopt intel_pt xsaveopt xsavec xgetbv1 xsaves dtherm ida arat pln pts hwp hwp_notify hwp_act_window hwp_epp md_clear flush_l1d
bugs		: cpu_meltdown spectre_v1 spectre_v2 spec_store_bypass l1tf mds swapgs itlb_multihit
bogomips	: 4399.99
clflush size	: 64
cache_alignment	: 64
address sizes	: 39 bits physical, 48 bits virtual
power management:

processor	: 7
vendor_id	: GenuineIntel
cpu family	: 6
model		: 158
model name	: Intel(R) Core(TM) i7-8750H CPU @ 2.20GHz
stepping	: 10
microcode	: 0xca
cpu MHz		: 1073.068
cache size	: 9216 KB
physical id	: 0
siblings	: 12
core id		: 1
cpu cores	: 6
apicid		: 3
initial apicid	: 3
fpu		: yes
fpu_exception	: yes
cpuid level	: 22
wp		: yes
flags		: fpu vme de pse tsc msr pae mce cx8 apic sep mtrr pge mca cmov pat pse36 clflush dts acpi mmx fxsr sse sse2 ss ht tm pbe syscall nx pdpe1gb rdtscp lm constant_tsc art arch_perfmon pebs bts rep_good nopl xtopology nonstop_tsc cpuid aperfmperf pni pclmulqdq dtes64 monitor ds_cpl vmx est tm2 ssse3 sdbg fma cx16 xtpr pdcm pcid sse4_1 sse4_2 x2apic movbe popcnt tsc_deadline_timer aes xsave avx f16c rdrand lahf_lm abm 3dnowprefetch cpuid_fault epb invpcid_single pti ssbd ibrs ibpb stibp tpr_shadow vnmi flexpriority ept vpid ept_ad fsgsbase tsc_adjust bmi1 avx2 smep bmi2 erms invpcid mpx rdseed adx smap clflushopt intel_pt xsaveopt xsavec xgetbv1 xsaves dtherm ida arat pln pts hwp hwp_notify hwp_act_window hwp_epp md_clear flush_l1d
bugs		: cpu_meltdown spectre_v1 spectre_v2 spec_store_bypass l1tf mds swapgs itlb_multihit
bogomips	: 4399.99
clflush size	: 64
cache_alignment	: 64
address sizes	: 39 bits physical, 48 bits virtual
power management:

processor	: 8
vendor_id	: GenuineIntel
cpu family	: 6
model		: 158
model name	: Intel(R) Core(TM) i7-8750H CPU @ 2.20GHz
stepping	: 10
microcode	: 0xca
cpu MHz		: 1000.599
cache size	: 9216 KB
physical id	: 0
siblings	: 12
core id		: 2
cpu cores	: 6
apicid		: 5
initial apicid	: 5
fpu		: yes
fpu_exception	: yes
cpuid level	: 22
wp		: yes
flags		: fpu vme de pse tsc msr pae mce cx8 apic sep mtrr pge mca cmov pat pse36 clflush dts acpi mmx fxsr sse sse2 ss ht tm pbe syscall nx pdpe1gb rdtscp lm constant_tsc art arch_perfmon pebs bts rep_good nopl xtopology nonstop_tsc cpuid aperfmperf pni pclmulqdq dtes64 monitor ds_cpl vmx est tm2 ssse3 sdbg fma cx16 xtpr pdcm pcid sse4_1 sse4_2 x2apic movbe popcnt tsc_deadline_timer aes xsave avx f16c rdrand lahf_lm abm 3dnowprefetch cpuid_fault epb invpcid_single pti ssbd ibrs ibpb stibp tpr_shadow vnmi flexpriority ept vpid ept_ad fsgsbase tsc_adjust bmi1 avx2 smep bmi2 erms invpcid mpx rdseed adx smap clflushopt intel_pt xsaveopt xsavec xgetbv1 xsaves dtherm ida arat pln pts hwp hwp_notify hwp_act_window hwp_epp md_clear flush_l1d
bugs		: cpu_meltdown spectre_v1 spectre_v2 spec_store_bypass l1tf mds swapgs itlb_multihit
bogomips	: 4399.99
clflush size	: 64
cache_alignment	: 64
address sizes	: 39 bits physical, 48 bits virtual
power management:

processor	: 9
vendor_id	: GenuineIntel
cpu family	: 6
model		: 158
model name	: Intel(R) Core(TM) i7-8750H CPU @ 2.20GHz
stepping	: 10
microcode	: 0xca
cpu MHz		: 1082.488
cache size	: 9216 KB
physical id	: 0
siblings	: 12
core id		: 3
cpu cores	: 6
apicid		: 7
initial apicid	: 7
fpu		: yes
fpu_exception	: yes
cpuid level	: 22
wp		: yes
flags		: fpu vme de pse tsc msr pae mce cx8 apic sep mtrr pge mca cmov pat pse36 clflush dts acpi mmx fxsr sse sse2 ss ht tm pbe syscall nx pdpe1gb rdtscp lm constant_tsc art arch_perfmon pebs bts rep_good nopl xtopology nonstop_tsc cpuid aperfmperf pni pclmulqdq dtes64 monitor ds_cpl vmx est tm2 ssse3 sdbg fma cx16 xtpr pdcm pcid sse4_1 sse4_2 x2apic movbe popcnt tsc_deadline_timer aes xsave avx f16c rdrand lahf_lm abm 3dnowprefetch cpuid_fault epb invpcid_single pti ssbd ibrs ibpb stibp tpr_shadow vnmi flexpriority ept vpid ept_ad fsgsbase tsc_adjust bmi1 avx2 smep bmi2 erms invpcid mpx rdseed adx smap clflushopt intel_pt xsaveopt xsavec xgetbv1 xsaves dtherm ida arat pln pts hwp hwp_notify hwp_act_window hwp_epp md_clear flush_l1d
bugs		: cpu_meltdown spectre_v1 spectre_v2 spec_store_bypass l1tf mds swapgs itlb_multihit
bogomips	: 4399.99
clflush size	: 64
cache_alignment	: 64
address sizes	: 39 bits physical, 48 bits virtual
power management:

processor	: 10
vendor_id	: GenuineIntel
cpu family	: 6
model		: 158
model name	: Intel(R) Core(TM) i7-8750H CPU @ 2.20GHz
stepping	: 10
microcode	: 0xca
cpu MHz		: 1120.712
cache size	: 9216 KB
physical id	: 0
siblings	: 12
core id		: 4
cpu cores	: 6
apicid		: 9
initial apicid	: 9
fpu		: yes
fpu_exception	: yes
cpuid level	: 22
wp		: yes
flags		: fpu vme de pse tsc msr pae mce cx8 apic sep mtrr pge mca cmov pat pse36 clflush dts acpi mmx fxsr sse sse2 ss ht tm pbe syscall nx pdpe1gb rdtscp lm constant_tsc art arch_perfmon pebs bts rep_good nopl xtopology nonstop_tsc cpuid aperfmperf pni pclmulqdq dtes64 monitor ds_cpl vmx est tm2 ssse3 sdbg fma cx16 xtpr pdcm pcid sse4_1 sse4_2 x2apic movbe popcnt tsc_deadline_timer aes xsave avx f16c rdrand lahf_lm abm 3dnowprefetch cpuid_fault epb invpcid_single pti ssbd ibrs ibpb stibp tpr_shadow vnmi flexpriority ept vpid ept_ad fsgsbase tsc_adjust bmi1 avx2 smep bmi2 erms invpcid mpx rdseed adx smap clflushopt intel_pt xsaveopt xsavec xgetbv1 xsaves dtherm ida arat pln pts hwp hwp_notify hwp_act_window hwp_epp md_clear flush_l1d
bugs		: cpu_meltdown spectre_v1 spectre_v2 spec_store_bypass l1tf mds swapgs itlb_multihit
bogomips	: 4399.99
clflush size	: 64
cache_alignment	: 64
address sizes	: 39 bits physical, 48 bits virtual
power management:

processor	: 11
vendor_id	: GenuineIntel
cpu family	: 6
model		: 158
model name	: Intel(R) Core(TM) i7-8750H CPU @ 2.20GHz
stepping	: 10
microcode	: 0xca
cpu MHz		: 1829.352
cache size	: 9216 KB
physical id	: 0
siblings	: 12
core id		: 5
cpu cores	: 6
apicid		: 11
initial apicid	: 11
fpu		: yes
fpu_exception	: yes
cpuid level	: 22
wp		: yes
flags		: fpu vme de pse tsc msr pae mce cx8 apic sep mtrr pge mca cmov pat pse36 clflush dts acpi mmx fxsr sse sse2 ss ht tm pbe syscall nx pdpe1gb rdtscp lm constant_tsc art arch_perfmon pebs bts rep_good nopl xtopology nonstop_tsc cpuid aperfmperf pni pclmulqdq dtes64 monitor ds_cpl vmx est tm2 ssse3 sdbg fma cx16 xtpr pdcm pcid sse4_1 sse4_2 x2apic movbe popcnt tsc_deadline_timer aes xsave avx f16c rdrand lahf_lm abm 3dnowprefetch cpuid_fault epb invpcid_single pti ssbd ibrs ibpb stibp tpr_shadow vnmi flexpriority ept vpid ept_ad fsgsbase tsc_adjust bmi1 avx2 smep bmi2 erms invpcid mpx rdseed adx smap clflushopt intel_pt xsaveopt xsavec xgetbv1 xsaves dtherm ida arat pln pts hwp hwp_notify hwp_act_window hwp_epp md_clear flush_l1d
bugs		: cpu_meltdown spectre_v1 spectre_v2 spec_store_bypass l1tf mds swapgs itlb_multihit
bogomips	: 4399.99
clflush size	: 64
cache_alignment	: 64
address sizes	: 39 bits physical, 48 bits virtual
power management:



Memory: 4k page, physical 32713532k(26506496k free), swap 2097148k(2097148k free)

vm_info: OpenJDK 64-Bit Server VM (25.232-b09) for linux-amd64 JRE (1.8.0_232-8u232-b09-0ubuntu1~18.04.1-b09), built on Oct 16 2019 20:38:15 by "buildd" with gcc 7.4.0

time: Sat Feb 15 12:55:09 2020
timezone: CST
elapsed time: 1 seconds (0d 0h 0m 1s)

