#
# A fatal error has been detected by the Java Runtime Environment:
#
#  SIGSEGV (0xb) at pc=0x00007f4177ffab98, pid=7246, tid=0x00007f41fcc0d700
#
# JRE version: OpenJDK Runtime Environment (8.0_222-b10) (build 1.8.0_222-8u222-b10-1ubuntu1~18.04.1-b10)
# Java VM: OpenJDK 64-Bit Server VM (25.222-b10 mixed mode linux-amd64 compressed oops)
# Problematic frame:
# C  [libnvidia-glcore.so.430.34+0xfe8b98]
#
# Failed to write core dump. Core dumps have been disabled. To enable core dumping, try "ulimit -c unlimited" before starting Java again
#
# If you would like to submit a bug report, please visit:
#   http://bugreport.java.com/bugreport/crash.jsp
# The crash happened outside the Java Virtual Machine in native code.
# See problematic frame for where to report the bug.
#

---------------  T H R E A D  ---------------

Current thread (0x00007f41f400b800):  JavaThread "main" [_thread_in_native, id=7252, stack(0x00007f41fcb0e000,0x00007f41fcc0e000)]

siginfo: si_signo: 11 (SIGSEGV), si_code: 1 (SEGV_MAPERR), si_addr: 0x0000000000000000

Registers:
RAX=0x0000000000000000, RBX=0x00007f41fcc0c500, RCX=0x0000000000000003, RDX=0x00007f4176b5d744
RSP=0x00007f41fcc0c450, RBP=0x00007f4176b5d73c, RSI=0x0000000000000000, RDI=0x0000000000000000
R8 =0x0000000000000000, R9 =0x0000000000000000, R10=0x0000000000000024, R11=0x0000000000000004
R12=0x0000000000000002, R13=0x0000000000000000, R14=0x0000000040195000, R15=0x0000000000000004
RIP=0x00007f4177ffab98, EFLAGS=0x0000000000010202, CSGSFS=0x002b000000000033, ERR=0x0000000000000004
  TRAPNO=0x000000000000000e

Top of Stack: (sp=0x00007f41fcc0c450)
0x00007f41fcc0c450:   0000000040195000 00007f41fcc0c500
0x00007f41fcc0c460:   00007f41f463cd60 00007f41f463cd50
0x00007f41fcc0c470:   0000000040195000 0000000000000000
0x00007f41fcc0c480:   0000000000000000 00007f417800f2ea
0x00007f41fcc0c490:   0000000000000000 0000000000000001
0x00007f41fcc0c4a0:   0000000000000000 000c000000030006
0x00007f41fcc0c4b0:   00000005fcc0c5f0 00007f41fcc0c500
0x00007f41fcc0c4c0:   00001405765b2a38 ffffffff00000003
0x00007f41fcc0c4d0:   0000000400000000 00007f41f493b3c0
0x00007f41fcc0c4e0:   00007f41f4691da0 0100000500000000
0x00007f41fcc0c4f0:   00007f4100000001 00007f41fcc0d700
0x00007f41fcc0c500:   00007f41f4930580 0000000000000000
0x00007f41fcc0c510:   00000000401e0080 00007f41f4691da0
0x00007f41fcc0c520:   00000000401e0080 00007f4177fd2e6e
0x00007f41fcc0c530:   0000000000000000 0000000040200310
0x00007f41fcc0c540:   00000000401e04b0 00000010f4000000
0x00007f41fcc0c550:   00007f41fcc0c500 00007f41f4691da0
0x00007f41fcc0c560:   00007f41f442d600 01007f41e506123a
0x00007f41fcc0c570:   00007f41e5061620 0000000040195228
0x00007f41fcc0c580:   0000000000000000 0000000000000000
0x00007f41fcc0c590:   00007f41e5061220 00007f41f4010000
0x00007f41fcc0c5a0:   00007f41fcc0c500 0000000000000000
0x00007f41fcc0c5b0:   0000000000000000 0000000000000000
0x00007f41fcc0c5c0:   0000000000000001 0000008300000000
0x00007f41fcc0c5d0:   0000000000000000 0000000000000000
0x00007f41fcc0c5e0:   0000000080000000 0000000000000000
0x00007f41fcc0c5f0:   0000000000000000 0000000000000000
0x00007f41fcc0c600:   0000000000000000 00007f41e5061220
0x00007f41fcc0c610:   0000000000000012 00007f41fcc0c5c0
0x00007f41fcc0c620:   000000004867a415 0000000000000000
0x00007f41fcc0c630:   00007f4100000001 00007f41fcc0d700
0x00007f41fcc0c640:   0000000000000003 00007f41f493b3c0 

Instructions: (pc=0x00007f4177ffab98)
0x00007f4177ffab78:   01 c7 45 00 86 05 01 20 44 89 7d 04 48 8d 55 08
0x00007f4177ffab88:   74 1d c7 45 08 7a 05 01 20 8b 44 24 04 41 ff cc
0x00007f4177ffab98:   41 03 45 00 49 83 c5 04 89 42 04 48 8d 55 10 41
0x00007f4177ffaba8:   d1 fc 74 76 8b 5c 24 04 41 bf 82 06 00 00 41 81 

Register to memory mapping:

RAX=0x0000000000000000 is an unknown value
RBX=0x00007f41fcc0c500 is pointing into the stack for thread: 0x00007f41f400b800
RCX=0x0000000000000003 is an unknown value
RDX=0x00007f4176b5d744 is an unknown value
RSP=0x00007f41fcc0c450 is pointing into the stack for thread: 0x00007f41f400b800
RBP=0x00007f4176b5d73c is an unknown value
RSI=0x0000000000000000 is an unknown value
RDI=0x0000000000000000 is an unknown value
R8 =0x0000000000000000 is an unknown value
R9 =0x0000000000000000 is an unknown value
R10=0x0000000000000024 is an unknown value
R11=0x0000000000000004 is an unknown value
R12=0x0000000000000002 is an unknown value
R13=0x0000000000000000 is an unknown value
R14=0x0000000040195000 is an unknown value
R15=0x0000000000000004 is an unknown value


Stack: [0x00007f41fcb0e000,0x00007f41fcc0e000],  sp=0x00007f41fcc0c450,  free space=1017k
Native frames: (J=compiled Java code, j=interpreted, Vv=VM code, C=native code)
C  [libnvidia-glcore.so.430.34+0xfe8b98]

Java frames: (J=compiled Java code, j=interpreted, Vv=VM code)
j  org.lwjgl.opengl.GL11C.nglDrawElements(IIIJ)V+0
j  org.lwjgl.opengl.GL11C.glDrawElements(IIIJ)V+4
j  org.lwjgl.opengl.GL11.glDrawElements(IIIJ)V+4
j  rendering.Renderer.renderModel(Lrendering/RawModel;)V+20
j  main.Main.main([Ljava/lang/String;)V+76
v  ~StubRoutines::call_stub

---------------  P R O C E S S  ---------------

Java Threads: ( => current thread )
  0x00007f41f40d8000 JavaThread "Service Thread" daemon [_thread_blocked, id=7271, stack(0x00007f419f22d000,0x00007f419f32e000)]
  0x00007f41f40cc800 JavaThread "C1 CompilerThread3" daemon [_thread_blocked, id=7270, stack(0x00007f419f32f000,0x00007f419f42f000)]
  0x00007f41f40ca800 JavaThread "C2 CompilerThread2" daemon [_thread_blocked, id=7269, stack(0x00007f419f430000,0x00007f419f530000)]
  0x00007f41f40c9000 JavaThread "C2 CompilerThread1" daemon [_thread_blocked, id=7268, stack(0x00007f419f531000,0x00007f419f631000)]
  0x00007f41f40c6000 JavaThread "C2 CompilerThread0" daemon [_thread_blocked, id=7267, stack(0x00007f41ac05b000,0x00007f41ac15b000)]
  0x00007f41f40c4800 JavaThread "Signal Dispatcher" daemon [_thread_blocked, id=7266, stack(0x00007f41ac15b000,0x00007f41ac25c000)]
  0x00007f41f4091800 JavaThread "Finalizer" daemon [_thread_blocked, id=7265, stack(0x00007f41ac25c000,0x00007f41ac35d000)]
  0x00007f41f408f000 JavaThread "Reference Handler" daemon [_thread_blocked, id=7264, stack(0x00007f41ac35d000,0x00007f41ac45e000)]
=>0x00007f41f400b800 JavaThread "main" [_thread_in_native, id=7252, stack(0x00007f41fcb0e000,0x00007f41fcc0e000)]

Other Threads:
  0x00007f41f4085800 VMThread [stack: 0x00007f41ac45f000,0x00007f41ac55f000] [id=7263]
  0x00007f41f40da800 WatcherThread [stack: 0x00007f419f12d000,0x00007f419f22d000] [id=7272]

VM state:not at safepoint (normal execution)

VM Mutex/Monitor currently owned by a thread: None

heap address: 0x00000005ccc00000, size: 7988 MB, Compressed Oops mode: Zero based, Oop shift amount: 3
Narrow klass base: 0x0000000000000000, Narrow klass shift: 3
Compressed class space size: 1073741824 Address: 0x00000007c0000000

Heap:
 PSYoungGen      total 149504K, used 18013K [0x0000000719980000, 0x0000000724000000, 0x00000007c0000000)
  eden space 128512K, 14% used [0x0000000719980000,0x000000071ab17640,0x0000000721700000)
  from space 20992K, 0% used [0x0000000722b80000,0x0000000722b80000,0x0000000724000000)
  to   space 20992K, 0% used [0x0000000721700000,0x0000000721700000,0x0000000722b80000)
 ParOldGen       total 341504K, used 0K [0x00000005ccc00000, 0x00000005e1980000, 0x0000000719980000)
  object space 341504K, 0% used [0x00000005ccc00000,0x00000005ccc00000,0x00000005e1980000)
 Metaspace       used 8853K, capacity 9003K, committed 9216K, reserved 1058816K
  class space    used 671K, capacity 742K, committed 768K, reserved 1048576K

Card table byte_map: [0x00007f41f810e000,0x00007f41f90a9000] byte_map_base: 0x00007f41f52a8000

Marking Bits: (ParMarkBitMap*) 0x00007f41fbda8360
 Begin Bits: [0x00007f41ac660000, 0x00007f41b4330000)
 End Bits:   [0x00007f41b4330000, 0x00007f41bc000000)

Polling page: 0x00007f41fcc29000

CodeCache: size=245760Kb used=2451Kb max_used=2451Kb free=243308Kb
 bounds [0x00007f41e5000000, 0x00007f41e5270000, 0x00007f41f4000000]
 total_blobs=1418 nmethods=527 adapters=806
 compilation: enabled

Compilation events (10 events):
Event: 1.071 Thread 0x00007f41f40cc800  523       3       sun.net.www.protocol.jar.Handler::parseContextSpec (154 bytes)
Event: 1.072 Thread 0x00007f41f40cc800 nmethod 523 0x00007f41e525f4d0 code [0x00007f41e525f8c0, 0x00007f41e5261fa8]
Event: 1.072 Thread 0x00007f41f40cc800  524       3       sun.net.www.ParseUtil::<init> (5 bytes)
Event: 1.072 Thread 0x00007f41f40cc800 nmethod 524 0x00007f41e5263190 code [0x00007f41e5263300, 0x00007f41e52634b0]
Event: 1.072 Thread 0x00007f41f40cc800  525   !   3       java.net.URLClassLoader::definePackageInternal (81 bytes)
Event: 1.073 Thread 0x00007f41f40cc800 nmethod 525 0x00007f41e5263550 code [0x00007f41e5263780, 0x00007f41e52642d8]
Event: 1.073 Thread 0x00007f41f40cc800  526       3       java.lang.ClassLoader::addClass (9 bytes)
Event: 1.073 Thread 0x00007f41f40cc800 nmethod 526 0x00007f41e5264790 code [0x00007f41e5264900, 0x00007f41e5264b28]
Event: 1.073 Thread 0x00007f41f40cc800  527       3       java.lang.ClassLoader::postDefineClass (26 bytes)
Event: 1.074 Thread 0x00007f41f40cc800 nmethod 527 0x00007f41e5264c10 code [0x00007f41e5264da0, 0x00007f41e52652f8]

GC Heap History (0 events):
No events

Deoptimization events (0 events):
No events

Classes redefined (0 events):
No events

Internal exceptions (10 events):
Event: 0.178 Thread 0x00007f41f400b800 Exception <a 'java/security/PrivilegedActionException'> (0x0000000719f54b48) thrown at [/build/openjdk-8-OqY7zN/openjdk-8-8u222-b10/src/hotspot/src/share/vm/prims/jvm.cpp, line 1502]
Event: 0.178 Thread 0x00007f41f400b800 Exception <a 'java/security/PrivilegedActionException'> (0x0000000719f54d58) thrown at [/build/openjdk-8-OqY7zN/openjdk-8-8u222-b10/src/hotspot/src/share/vm/prims/jvm.cpp, line 1502]
Event: 0.178 Thread 0x00007f41f400b800 Exception <a 'java/security/PrivilegedActionException'> (0x0000000719f56de0) thrown at [/build/openjdk-8-OqY7zN/openjdk-8-8u222-b10/src/hotspot/src/share/vm/prims/jvm.cpp, line 1502]
Event: 0.178 Thread 0x00007f41f400b800 Exception <a 'java/security/PrivilegedActionException'> (0x0000000719f56ff0) thrown at [/build/openjdk-8-OqY7zN/openjdk-8-8u222-b10/src/hotspot/src/share/vm/prims/jvm.cpp, line 1502]
Event: 0.178 Thread 0x00007f41f400b800 Exception <a 'java/security/PrivilegedActionException'> (0x0000000719f57ac8) thrown at [/build/openjdk-8-OqY7zN/openjdk-8-8u222-b10/src/hotspot/src/share/vm/prims/jvm.cpp, line 1502]
Event: 0.178 Thread 0x00007f41f400b800 Exception <a 'java/security/PrivilegedActionException'> (0x0000000719f57cd8) thrown at [/build/openjdk-8-OqY7zN/openjdk-8-8u222-b10/src/hotspot/src/share/vm/prims/jvm.cpp, line 1502]
Event: 0.192 Thread 0x00007f41f400b800 Exception <a 'sun/nio/fs/UnixException'> (0x0000000719f84e00) thrown at [/build/openjdk-8-OqY7zN/openjdk-8-8u222-b10/src/hotspot/src/share/vm/prims/jni.cpp, line 710]
Event: 0.198 Thread 0x00007f41f400b800 Exception <a 'sun/nio/fs/UnixException'> (0x0000000719f952f0) thrown at [/build/openjdk-8-OqY7zN/openjdk-8-8u222-b10/src/hotspot/src/share/vm/prims/jni.cpp, line 710]
Event: 0.732 Thread 0x00007f41f400b800 Exception <a 'sun/nio/fs/UnixException'> (0x000000071a079208) thrown at [/build/openjdk-8-OqY7zN/openjdk-8-8u222-b10/src/hotspot/src/share/vm/prims/jni.cpp, line 710]
Event: 0.733 Thread 0x00007f41f400b800 Exception <a 'sun/nio/fs/UnixException'> (0x000000071a081168) thrown at [/build/openjdk-8-OqY7zN/openjdk-8-8u222-b10/src/hotspot/src/share/vm/prims/jni.cpp, line 710]

Events (10 events):
Event: 1.071 loading class org/lwjgl/opengl/GL14C
Event: 1.071 loading class org/lwjgl/opengl/GL14C done
Event: 1.071 loading class org/lwjgl/opengl/GL13C
Event: 1.071 loading class org/lwjgl/opengl/GL13C done
Event: 1.071 loading class org/lwjgl/opengl/GL12C
Event: 1.071 loading class org/lwjgl/opengl/GL12C done
Event: 1.072 loading class org/lwjgl/opengl/GL11C
Event: 1.072 loading class org/lwjgl/opengl/GL11C done
Event: 1.106 loading class rendering/Renderer
Event: 1.106 loading class rendering/Renderer done


Dynamic libraries:
40195000-40247000 rw-p 00000000 00:00 0 
41a8d000-41a8f000 r-xs 00000000 103:02 15728661                          /tmp/.glXQliYC (deleted)
5ccc00000-5e1980000 rw-p 00000000 00:00 0 
5e1980000-719980000 ---p 00000000 00:00 0 
719980000-724000000 rw-p 00000000 00:00 0 
724000000-7c0000000 ---p 00000000 00:00 0 
7c0000000-7c00c0000 rw-p 00000000 00:00 0 
7c00c0000-800000000 ---p 00000000 00:00 0 
558d7c041000-558d7c042000 r-xp 00000000 103:02 9838898                   /usr/lib/jvm/java-8-openjdk-amd64/jre/bin/java
558d7c241000-558d7c242000 r--p 00000000 103:02 9838898                   /usr/lib/jvm/java-8-openjdk-amd64/jre/bin/java
558d7c242000-558d7c243000 rw-p 00001000 103:02 9838898                   /usr/lib/jvm/java-8-openjdk-amd64/jre/bin/java
558d7d406000-558d7d427000 rw-p 00000000 00:00 0                          [heap]
7f41765a3000-7f41765e3000 rw-p 00000000 00:00 0 
7f41765e3000-7f41767a3000 ---p 00000000 00:00 0 
7f41767a3000-7f41767e3000 rw-s 00000000 08:01 16254244                   /home/sam/#16254244 (deleted)
7f41767e3000-7f4176823000 r-xs 00000000 08:01 16254244                   /home/sam/#16254244 (deleted)
7f4176823000-7f417687b000 r-xp 00000000 103:02 18483150                  /tmp/lwjglsam/3.2.3-build-13/liblwjgl_opengl.so
7f417687b000-7f4176a7a000 ---p 00058000 103:02 18483150                  /tmp/lwjglsam/3.2.3-build-13/liblwjgl_opengl.so
7f4176a7a000-7f4176a7b000 r--p 00057000 103:02 18483150                  /tmp/lwjglsam/3.2.3-build-13/liblwjgl_opengl.so
7f4176a7b000-7f4176a7c000 rw-p 00058000 103:02 18483150                  /tmp/lwjglsam/3.2.3-build-13/liblwjgl_opengl.so
7f4176a7c000-7f4176afc000 rw-s 00000000 00:06 574                        /dev/nvidiactl
7f4176afc000-7f4176b7c000 rw-s 00000000 00:06 574                        /dev/nvidiactl
7f4176b7c000-7f4176bfc000 rw-s 00000000 00:06 574                        /dev/nvidiactl
7f4176bfc000-7f4176cfc000 rw-s 00000000 00:06 574                        /dev/nvidiactl
7f4176cfc000-7f4176d0c000 r-xp 00000000 103:02 9840432                   /usr/lib/x86_64-linux-gnu/libdrm.so.2.4.0
7f4176d0c000-7f4176f0b000 ---p 00010000 103:02 9840432                   /usr/lib/x86_64-linux-gnu/libdrm.so.2.4.0
7f4176f0b000-7f4176f0c000 r--p 0000f000 103:02 9840432                   /usr/lib/x86_64-linux-gnu/libdrm.so.2.4.0
7f4176f0c000-7f4176f0d000 rw-p 00010000 103:02 9840432                   /usr/lib/x86_64-linux-gnu/libdrm.so.2.4.0
7f4176f0d000-7f4177012000 rw-s 00000000 00:06 574                        /dev/nvidiactl
7f4177012000-7f417827b000 r-xp 00000000 103:02 9840564                   /usr/lib/x86_64-linux-gnu/libnvidia-glcore.so.430.34
7f417827b000-7f417829c000 rwxp 01269000 103:02 9840564                   /usr/lib/x86_64-linux-gnu/libnvidia-glcore.so.430.34
7f417829c000-7f4178796000 r-xp 0128a000 103:02 9840564                   /usr/lib/x86_64-linux-gnu/libnvidia-glcore.so.430.34
7f4178796000-7f4178995000 ---p 01784000 103:02 9840564                   /usr/lib/x86_64-linux-gnu/libnvidia-glcore.so.430.34
7f4178995000-7f4178cca000 rw-p 01783000 103:02 9840564                   /usr/lib/x86_64-linux-gnu/libnvidia-glcore.so.430.34
7f4178cca000-7f4178ce6000 rw-p 00000000 00:00 0 
7f4178ce6000-7f4178d95000 r-xp 00000000 103:02 9840561                   /usr/lib/x86_64-linux-gnu/libGLX_nvidia.so.430.34
7f4178d95000-7f4178dca000 rwxp 000af000 103:02 9840561                   /usr/lib/x86_64-linux-gnu/libGLX_nvidia.so.430.34
7f4178dca000-7f4178dd9000 r-xp 000e4000 103:02 9840561                   /usr/lib/x86_64-linux-gnu/libGLX_nvidia.so.430.34
7f4178dd9000-7f4178fd9000 ---p 000f3000 103:02 9840561                   /usr/lib/x86_64-linux-gnu/libGLX_nvidia.so.430.34
7f4178fd9000-7f4178ffd000 rw-p 000f3000 103:02 9840561                   /usr/lib/x86_64-linux-gnu/libGLX_nvidia.so.430.34
7f4178ffd000-7f417c000000 rw-p 00000000 00:00 0 
7f417c000000-7f417c021000 rw-p 00000000 00:00 0 
7f417c021000-7f4180000000 ---p 00000000 00:00 0 
7f4180000000-7f4180021000 rw-p 00000000 00:00 0 
7f4180021000-7f4184000000 ---p 00000000 00:00 0 
7f4184000000-7f4184034000 rw-p 00000000 00:00 0 
7f4184034000-7f4188000000 ---p 00000000 00:00 0 
7f4188000000-7f41881b0000 rw-p 00000000 00:00 0 
7f41881b0000-7f418c000000 ---p 00000000 00:00 0 
7f418c000000-7f418c10a000 rw-p 00000000 00:00 0 
7f418c10a000-7f4190000000 ---p 00000000 00:00 0 
7f4190000000-7f4190021000 rw-p 00000000 00:00 0 
7f4190021000-7f4194000000 ---p 00000000 00:00 0 
7f4194000000-7f4194021000 rw-p 00000000 00:00 0 
7f4194021000-7f4198000000 ---p 00000000 00:00 0 
7f4198000000-7f4198021000 rw-p 00000000 00:00 0 
7f4198021000-7f419c000000 ---p 00000000 00:00 0 
7f419c030000-7f419c043000 rw-s 00000000 00:06 574                        /dev/nvidiactl
7f419c043000-7f419c083000 rw-s 00000000 00:06 574                        /dev/nvidiactl
7f419c083000-7f419c0a3000 rw-s 00000000 00:06 574                        /dev/nvidiactl
7f419c0a3000-7f419c0e3000 rw-s 00000000 00:06 574                        /dev/nvidiactl
7f419c0e3000-7f419c103000 rw-s 00000000 00:06 574                        /dev/nvidiactl
7f419c103000-7f419c106000 r-xp 00000000 103:02 9840568                   /usr/lib/x86_64-linux-gnu/libnvidia-tls.so.430.34
7f419c106000-7f419c306000 ---p 00003000 103:02 9840568                   /usr/lib/x86_64-linux-gnu/libnvidia-tls.so.430.34
7f419c306000-7f419c307000 rw-p 00003000 103:02 9840568                   /usr/lib/x86_64-linux-gnu/libnvidia-tls.so.430.34
7f419c307000-7f419c349000 r-xp 00000000 103:02 9837994                   /usr/lib/x86_64-linux-gnu/libGLdispatch.so.0.0.0
7f419c349000-7f419c362000 r-xp 00042000 103:02 9837994                   /usr/lib/x86_64-linux-gnu/libGLdispatch.so.0.0.0
7f419c362000-7f419c375000 r-xp 0005b000 103:02 9837994                   /usr/lib/x86_64-linux-gnu/libGLdispatch.so.0.0.0
7f419c375000-7f419c574000 ---p 0006e000 103:02 9837994                   /usr/lib/x86_64-linux-gnu/libGLdispatch.so.0.0.0
7f419c574000-7f419c59c000 r--p 0006d000 103:02 9837994                   /usr/lib/x86_64-linux-gnu/libGLdispatch.so.0.0.0
7f419c59c000-7f419c59d000 rw-p 00095000 103:02 9837994                   /usr/lib/x86_64-linux-gnu/libGLdispatch.so.0.0.0
7f419c59d000-7f419c5bd000 rw-p 00000000 00:00 0 
7f419c5bd000-7f419c5cd000 r-xp 00000000 103:02 9837992                   /usr/lib/x86_64-linux-gnu/libGLX.so.0.0.0
7f419c5cd000-7f419c7cc000 ---p 00010000 103:02 9837992                   /usr/lib/x86_64-linux-gnu/libGLX.so.0.0.0
7f419c7cc000-7f419c7cd000 r--p 0000f000 103:02 9837992                   /usr/lib/x86_64-linux-gnu/libGLX.so.0.0.0
7f419c7cd000-7f419c7ce000 rw-p 00010000 103:02 9837992                   /usr/lib/x86_64-linux-gnu/libGLX.so.0.0.0
7f419c7ce000-7f419c7ee000 rw-p 00000000 00:00 0 
7f419c7ee000-7f419c832000 r-xp 00000000 103:02 9837986                   /usr/lib/x86_64-linux-gnu/libGL.so.1.0.0
7f419c832000-7f419c84b000 r-xp 00044000 103:02 9837986                   /usr/lib/x86_64-linux-gnu/libGL.so.1.0.0
7f419c84b000-7f419c85f000 r-xp 0005d000 103:02 9837986                   /usr/lib/x86_64-linux-gnu/libGL.so.1.0.0
7f419c85f000-7f419ca5e000 ---p 00071000 103:02 9837986                   /usr/lib/x86_64-linux-gnu/libGL.so.1.0.0
7f419ca5e000-7f419ca78000 r--p 00070000 103:02 9837986                   /usr/lib/x86_64-linux-gnu/libGL.so.1.0.0
7f419ca78000-7f419ca79000 rw-p 0008a000 103:02 9837986                   /usr/lib/x86_64-linux-gnu/libGL.so.1.0.0
7f419ca79000-7f419ca7a000 rw-p 00000000 00:00 0 
7f419ca7a000-7f419ca7b000 r-xp 00000000 103:02 9840453                   /usr/lib/x86_64-linux-gnu/libX11-xcb.so.1.0.0
7f419ca7b000-7f419cc7a000 ---p 00001000 103:02 9840453                   /usr/lib/x86_64-linux-gnu/libX11-xcb.so.1.0.0
7f419cc7a000-7f419cc7b000 r--p 00000000 103:02 9840453                   /usr/lib/x86_64-linux-gnu/libX11-xcb.so.1.0.0
7f419cc7b000-7f419cc7c000 rw-p 00001000 103:02 9840453                   /usr/lib/x86_64-linux-gnu/libX11-xcb.so.1.0.0
7f419cc7c000-7f419cc7e000 r-xp 00000000 103:02 9838067                   /usr/lib/x86_64-linux-gnu/libXinerama.so.1.0.0
7f419cc7e000-7f419ce7d000 ---p 00002000 103:02 9838067                   /usr/lib/x86_64-linux-gnu/libXinerama.so.1.0.0
7f419ce7d000-7f419ce7e000 r--p 00001000 103:02 9838067                   /usr/lib/x86_64-linux-gnu/libXinerama.so.1.0.0
7f419ce7e000-7f419ce7f000 rw-p 00002000 103:02 9838067                   /usr/lib/x86_64-linux-gnu/libXinerama.so.1.0.0
7f419ce7f000-7f419ce84000 r-xp 00000000 103:02 9838059                   /usr/lib/x86_64-linux-gnu/libXfixes.so.3.1.0
7f419ce84000-7f419d083000 ---p 00005000 103:02 9838059                   /usr/lib/x86_64-linux-gnu/libXfixes.so.3.1.0
7f419d083000-7f419d084000 r--p 00004000 103:02 9838059                   /usr/lib/x86_64-linux-gnu/libXfixes.so.3.1.0
7f419d084000-7f419d085000 rw-p 00005000 103:02 9838059                   /usr/lib/x86_64-linux-gnu/libXfixes.so.3.1.0
7f419d085000-7f419d08e000 r-xp 00000000 103:02 9838051                   /usr/lib/x86_64-linux-gnu/libXcursor.so.1.0.2
7f419d08e000-7f419d28d000 ---p 00009000 103:02 9838051                   /usr/lib/x86_64-linux-gnu/libXcursor.so.1.0.2
7f419d28d000-7f419d28e000 r--p 00008000 103:02 9838051                   /usr/lib/x86_64-linux-gnu/libXcursor.so.1.0.2
7f419d28e000-7f419d28f000 rw-p 00009000 103:02 9838051                   /usr/lib/x86_64-linux-gnu/libXcursor.so.1.0.2
7f419d28f000-7f419d298000 r-xp 00000000 103:02 9838077                   /usr/lib/x86_64-linux-gnu/libXrender.so.1.3.0
7f419d298000-7f419d497000 ---p 00009000 103:02 9838077                   /usr/lib/x86_64-linux-gnu/libXrender.so.1.3.0
7f419d497000-7f419d498000 r--p 00008000 103:02 9838077                   /usr/lib/x86_64-linux-gnu/libXrender.so.1.3.0
7f419d498000-7f419d499000 rw-p 00009000 103:02 9838077                   /usr/lib/x86_64-linux-gnu/libXrender.so.1.3.0
7f419d499000-7f419d4a3000 r-xp 00000000 103:02 9838075                   /usr/lib/x86_64-linux-gnu/libXrandr.so.2.2.0
7f419d4a3000-7f419d6a2000 ---p 0000a000 103:02 9838075                   /usr/lib/x86_64-linux-gnu/libXrandr.so.2.2.0
7f419d6a2000-7f419d6a3000 r--p 00009000 103:02 9838075                   /usr/lib/x86_64-linux-gnu/libXrandr.so.2.2.0
7f419d6a3000-7f419d6a4000 rw-p 0000a000 103:02 9838075                   /usr/lib/x86_64-linux-gnu/libXrandr.so.2.2.0
7f419d6a4000-7f419d6b3000 r-xp 00000000 103:02 9838065                   /usr/lib/x86_64-linux-gnu/libXi.so.6.1.0
7f419d6b3000-7f419d8b2000 ---p 0000f000 103:02 9838065                   /usr/lib/x86_64-linux-gnu/libXi.so.6.1.0
7f419d8b2000-7f419d8b3000 r--p 0000e000 103:02 9838065                   /usr/lib/x86_64-linux-gnu/libXi.so.6.1.0
7f419d8b3000-7f419d8b4000 rw-p 0000f000 103:02 9838065                   /usr/lib/x86_64-linux-gnu/libXi.so.6.1.0
7f419d8b4000-7f419d8c5000 r-xp 00000000 103:02 9838057                   /usr/lib/x86_64-linux-gnu/libXext.so.6.4.0
7f419d8c5000-7f419dac4000 ---p 00011000 103:02 9838057                   /usr/lib/x86_64-linux-gnu/libXext.so.6.4.0
7f419dac4000-7f419dac5000 r--p 00010000 103:02 9838057                   /usr/lib/x86_64-linux-gnu/libXext.so.6.4.0
7f419dac5000-7f419dac6000 rw-p 00011000 103:02 9838057                   /usr/lib/x86_64-linux-gnu/libXext.so.6.4.0
7f419dac6000-7f419dacb000 r-xp 00000000 103:02 9838093                   /usr/lib/x86_64-linux-gnu/libXxf86vm.so.1.0.0
7f419dacb000-7f419dcca000 ---p 00005000 103:02 9838093                   /usr/lib/x86_64-linux-gnu/libXxf86vm.so.1.0.0
7f419dcca000-7f419dccb000 r--p 00004000 103:02 9838093                   /usr/lib/x86_64-linux-gnu/libXxf86vm.so.1.0.0
7f419dccb000-7f419dccc000 rw-p 00005000 103:02 9838093                   /usr/lib/x86_64-linux-gnu/libXxf86vm.so.1.0.0
7f419dccc000-7f419dcdf000 r-xp 00000000 103:02 22942382                  /lib/x86_64-linux-gnu/libbsd.so.0.8.7
7f419dcdf000-7f419dede000 ---p 00013000 103:02 22942382                  /lib/x86_64-linux-gnu/libbsd.so.0.8.7
7f419dede000-7f419dedf000 r--p 00012000 103:02 22942382                  /lib/x86_64-linux-gnu/libbsd.so.0.8.7
7f419dedf000-7f419dee0000 rw-p 00013000 103:02 22942382                  /lib/x86_64-linux-gnu/libbsd.so.0.8.7
7f419dee0000-7f419dee1000 rw-p 00000000 00:00 0 
7f419dee1000-7f419dee6000 r-xp 00000000 103:02 9838055                   /usr/lib/x86_64-linux-gnu/libXdmcp.so.6.0.0
7f419dee6000-7f419e0e5000 ---p 00005000 103:02 9838055                   /usr/lib/x86_64-linux-gnu/libXdmcp.so.6.0.0
7f419e0e5000-7f419e0e6000 r--p 00004000 103:02 9838055                   /usr/lib/x86_64-linux-gnu/libXdmcp.so.6.0.0
7f419e0e6000-7f419e0e7000 rw-p 00005000 103:02 9838055                   /usr/lib/x86_64-linux-gnu/libXdmcp.so.6.0.0
7f419e0e7000-7f419e0e9000 r-xp 00000000 103:02 9838044                   /usr/lib/x86_64-linux-gnu/libXau.so.6.0.0
7f419e0e9000-7f419e2e9000 ---p 00002000 103:02 9838044                   /usr/lib/x86_64-linux-gnu/libXau.so.6.0.0
7f419e2e9000-7f419e2ea000 r--p 00002000 103:02 9838044                   /usr/lib/x86_64-linux-gnu/libXau.so.6.0.0
7f419e2ea000-7f419e2eb000 rw-p 00003000 103:02 9838044                   /usr/lib/x86_64-linux-gnu/libXau.so.6.0.0
7f419e2eb000-7f419e311000 r-xp 00000000 103:02 9840409                   /usr/lib/x86_64-linux-gnu/libxcb.so.1.1.0
7f419e311000-7f419e511000 ---p 00026000 103:02 9840409                   /usr/lib/x86_64-linux-gnu/libxcb.so.1.1.0
7f419e511000-7f419e512000 r--p 00026000 103:02 9840409                   /usr/lib/x86_64-linux-gnu/libxcb.so.1.1.0
7f419e512000-7f419e513000 rw-p 00027000 103:02 9840409                   /usr/lib/x86_64-linux-gnu/libxcb.so.1.1.0
7f419e513000-7f419e646000 r-xp 00000000 103:02 9839217                   /usr/lib/x86_64-linux-gnu/libX11.so.6.3.0
7f419e646000-7f419e846000 ---p 00133000 103:02 9839217                   /usr/lib/x86_64-linux-gnu/libX11.so.6.3.0
7f419e846000-7f419e847000 r--p 00133000 103:02 9839217                   /usr/lib/x86_64-linux-gnu/libX11.so.6.3.0
7f419e847000-7f419e84b000 rw-p 00134000 103:02 9839217                   /usr/lib/x86_64-linux-gnu/libX11.so.6.3.0
7f419e84b000-7f419e88e000 r-xp 00000000 103:02 18483149                  /tmp/lwjglsam/3.2.3-build-13/libglfw.so
7f419e88e000-7f419ea8d000 ---p 00043000 103:02 18483149                  /tmp/lwjglsam/3.2.3-build-13/libglfw.so
7f419ea8d000-7f419ea8e000 r--p 00042000 103:02 18483149                  /tmp/lwjglsam/3.2.3-build-13/libglfw.so
7f419ea8e000-7f419ea90000 rw-p 00043000 103:02 18483149                  /tmp/lwjglsam/3.2.3-build-13/libglfw.so
7f419ea90000-7f419eab1000 rw-p 00000000 00:00 0 
7f419eab1000-7f419eb02000 r-xp 00000000 103:02 18483139                  /tmp/lwjglsam/3.2.3-build-13/liblwjgl.so
7f419eb02000-7f419ed01000 ---p 00051000 103:02 18483139                  /tmp/lwjglsam/3.2.3-build-13/liblwjgl.so
7f419ed01000-7f419ed02000 r--p 00050000 103:02 18483139                  /tmp/lwjglsam/3.2.3-build-13/liblwjgl.so
7f419ed02000-7f419ed03000 rw-p 00051000 103:02 18483139                  /tmp/lwjglsam/3.2.3-build-13/liblwjgl.so
7f419ed03000-7f419ed19000 r-xp 00000000 103:02 9839031                   /usr/lib/jvm/java-8-openjdk-amd64/jre/lib/amd64/libnet.so
7f419ed19000-7f419ef18000 ---p 00016000 103:02 9839031                   /usr/lib/jvm/java-8-openjdk-amd64/jre/lib/amd64/libnet.so
7f419ef18000-7f419ef19000 r--p 00015000 103:02 9839031                   /usr/lib/jvm/java-8-openjdk-amd64/jre/lib/amd64/libnet.so
7f419ef19000-7f419ef1a000 rw-p 00016000 103:02 9839031                   /usr/lib/jvm/java-8-openjdk-amd64/jre/lib/amd64/libnet.so
7f419ef1a000-7f419ef2b000 r-xp 00000000 103:02 9839036                   /usr/lib/jvm/java-8-openjdk-amd64/jre/lib/amd64/libnio.so
7f419ef2b000-7f419f12a000 ---p 00011000 103:02 9839036                   /usr/lib/jvm/java-8-openjdk-amd64/jre/lib/amd64/libnio.so
7f419f12a000-7f419f12b000 r--p 00010000 103:02 9839036                   /usr/lib/jvm/java-8-openjdk-amd64/jre/lib/amd64/libnio.so
7f419f12b000-7f419f12c000 rw-p 00011000 103:02 9839036                   /usr/lib/jvm/java-8-openjdk-amd64/jre/lib/amd64/libnio.so
7f419f12c000-7f419f12d000 ---p 00000000 00:00 0 
7f419f12d000-7f419f22d000 rw-p 00000000 00:00 0 
7f419f22d000-7f419f230000 ---p 00000000 00:00 0 
7f419f230000-7f419f32e000 rw-p 00000000 00:00 0 
7f419f32e000-7f419f32f000 ---p 00000000 00:00 0 
7f419f32f000-7f419f332000 ---p 00000000 00:00 0 
7f419f332000-7f419f42f000 rw-p 00000000 00:00 0 
7f419f42f000-7f419f430000 ---p 00000000 00:00 0 
7f419f430000-7f419f433000 ---p 00000000 00:00 0 
7f419f433000-7f419f530000 rw-p 00000000 00:00 0 
7f419f530000-7f419f531000 ---p 00000000 00:00 0 
7f419f531000-7f419f534000 ---p 00000000 00:00 0 
7f419f534000-7f419f631000 rw-p 00000000 00:00 0 
7f419f631000-7f41a0000000 r--p 00000000 103:02 9837060                   /usr/lib/locale/locale-archive
7f41a0000000-7f41a0021000 rw-p 00000000 00:00 0 
7f41a0021000-7f41a4000000 ---p 00000000 00:00 0 
7f41a4000000-7f41a4021000 rw-p 00000000 00:00 0 
7f41a4021000-7f41a8000000 ---p 00000000 00:00 0 
7f41a8000000-7f41a8021000 rw-p 00000000 00:00 0 
7f41a8021000-7f41ac000000 ---p 00000000 00:00 0 
7f41ac00a000-7f41ac01a000 rw-s 00000000 00:06 575                        /dev/nvidia0
7f41ac01a000-7f41ac05a000 rw-s 00000000 00:06 574                        /dev/nvidiactl
7f41ac05a000-7f41ac05b000 ---p 00000000 00:00 0 
7f41ac05b000-7f41ac05e000 ---p 00000000 00:00 0 
7f41ac05e000-7f41ac15b000 rw-p 00000000 00:00 0 
7f41ac15b000-7f41ac15e000 ---p 00000000 00:00 0 
7f41ac15e000-7f41ac25c000 rw-p 00000000 00:00 0 
7f41ac25c000-7f41ac25f000 ---p 00000000 00:00 0 
7f41ac25f000-7f41ac35d000 rw-p 00000000 00:00 0 
7f41ac35d000-7f41ac360000 ---p 00000000 00:00 0 
7f41ac360000-7f41ac45e000 rw-p 00000000 00:00 0 
7f41ac45e000-7f41ac45f000 ---p 00000000 00:00 0 
7f41ac45f000-7f41bc000000 rw-p 00000000 00:00 0 
7f41bc000000-7f41bc021000 rw-p 00000000 00:00 0 
7f41bc021000-7f41c0000000 ---p 00000000 00:00 0 
7f41c0000000-7f41c0021000 rw-p 00000000 00:00 0 
7f41c0021000-7f41c4000000 ---p 00000000 00:00 0 
7f41c4000000-7f41c4021000 rw-p 00000000 00:00 0 
7f41c4021000-7f41c8000000 ---p 00000000 00:00 0 
7f41c8000000-7f41c8021000 rw-p 00000000 00:00 0 
7f41c8021000-7f41cc000000 ---p 00000000 00:00 0 
7f41cc000000-7f41cc021000 rw-p 00000000 00:00 0 
7f41cc021000-7f41d0000000 ---p 00000000 00:00 0 
7f41d0000000-7f41d0021000 rw-p 00000000 00:00 0 
7f41d0021000-7f41d4000000 ---p 00000000 00:00 0 
7f41d4000000-7f41d4021000 rw-p 00000000 00:00 0 
7f41d4021000-7f41d8000000 ---p 00000000 00:00 0 
7f41d8000000-7f41d8021000 rw-p 00000000 00:00 0 
7f41d8021000-7f41dc000000 ---p 00000000 00:00 0 
7f41dc000000-7f41dc021000 rw-p 00000000 00:00 0 
7f41dc021000-7f41e0000000 ---p 00000000 00:00 0 
7f41e0001000-7f41e0003000 rw-s 00000000 103:02 15728661                  /tmp/.glXQliYC (deleted)
7f41e0003000-7f41e0004000 rw-s 00000000 00:06 574                        /dev/nvidiactl
7f41e0004000-7f41e0008000 rw-s 00000000 00:06 574                        /dev/nvidiactl
7f41e0008000-7f41e0009000 rw-s 00000000 00:06 575                        /dev/nvidia0
7f41e0009000-7f41e000a000 rw-s 00000000 00:06 575                        /dev/nvidia0
7f41e000a000-7f41e000b000 rw-s 00000000 00:06 575                        /dev/nvidia0
7f41e000b000-7f41e002b000 rw-s 00000000 00:06 574                        /dev/nvidiactl
7f41e002b000-7f41e002c000 rw-s 00000000 00:06 574                        /dev/nvidiactl
7f41e002c000-7f41e002d000 rw-s 00000000 00:06 574                        /dev/nvidiactl
7f41e002d000-7f41e0034000 r--s 00000000 103:02 10095718                  /usr/lib/x86_64-linux-gnu/gconv/gconv-modules.cache
7f41e0034000-7f41e0047000 r--s 00346000 103:02 9839324                   /usr/lib/jvm/java-8-openjdk-amd64/jre/lib/resources.jar
7f41e0047000-7f41e0048000 r--s 00022000 08:01 17960234                   /home/sam/Downloads/lwjgl-3.2.3/lwjgl-glfw/lwjgl-glfw-natives-linux-arm64.jar
7f41e0048000-7f41e0049000 r--s 00026000 08:01 17960235                   /home/sam/Downloads/lwjgl-3.2.3/lwjgl-glfw/lwjgl-glfw-natives-linux.jar
7f41e0049000-7f41e004c000 r--s 00018000 08:01 17960240                   /home/sam/Downloads/lwjgl-3.2.3/lwjgl-glfw/lwjgl-glfw.jar
7f41e004c000-7f41e004e000 r--s 0000d000 08:01 19795215                   /home/sam/Downloads/lwjgl-3.2.3/lwjgl-opengl/lwjgl-opengl-natives-linux-arm64.jar
7f41e004e000-7f41e004f000 r--s 00013000 08:01 19795216                   /home/sam/Downloads/lwjgl-3.2.3/lwjgl-opengl/lwjgl-opengl-natives-linux.jar
7f41e004f000-7f41e005a000 r--s 000da000 08:01 19795221                   /home/sam/Downloads/lwjgl-3.2.3/lwjgl-opengl/lwjgl-opengl.jar
7f41e005a000-7f41e0061000 r--s 00081000 08:01 16518147                   /home/sam/Downloads/lwjgl-3.2.3/lwjgl/lwjgl.jar
7f41e0061000-7f41e007c000 r--s 001d6000 103:02 9839212                   /usr/lib/jvm/java-8-openjdk-amd64/jre/lib/ext/nashorn.jar
7f41e007c000-7f41e2255000 rw-p 00000000 00:00 0 
7f41e2255000-7f41e2425000 r--s 03c5c000 103:02 9839328                   /usr/lib/jvm/java-8-openjdk-amd64/jre/lib/rt.jar
7f41e2425000-7f41e3c90000 rw-p 00000000 00:00 0 
7f41e3c90000-7f41e3c91000 ---p 00000000 00:00 0 
7f41e3c91000-7f41e3d91000 rw-p 00000000 00:00 0 
7f41e3d91000-7f41e3d92000 ---p 00000000 00:00 0 
7f41e3d92000-7f41e3e92000 rw-p 00000000 00:00 0 
7f41e3e92000-7f41e3e93000 ---p 00000000 00:00 0 
7f41e3e93000-7f41e3f93000 rw-p 00000000 00:00 0 
7f41e3f93000-7f41e3f94000 ---p 00000000 00:00 0 
7f41e3f94000-7f41e4094000 rw-p 00000000 00:00 0 
7f41e4094000-7f41e4095000 ---p 00000000 00:00 0 
7f41e4095000-7f41e4195000 rw-p 00000000 00:00 0 
7f41e4195000-7f41e4196000 ---p 00000000 00:00 0 
7f41e4196000-7f41e4296000 rw-p 00000000 00:00 0 
7f41e4296000-7f41e4297000 ---p 00000000 00:00 0 
7f41e4297000-7f41e4397000 rw-p 00000000 00:00 0 
7f41e4397000-7f41e4398000 ---p 00000000 00:00 0 
7f41e4398000-7f41e4498000 rw-p 00000000 00:00 0 
7f41e4498000-7f41e4499000 ---p 00000000 00:00 0 
7f41e4499000-7f41e4640000 rw-p 00000000 00:00 0 
7f41e4640000-7f41e5000000 ---p 00000000 00:00 0 
7f41e5000000-7f41e5270000 rwxp 00000000 00:00 0 
7f41e5270000-7f41f4000000 ---p 00000000 00:00 0 
7f41f4000000-7f41f4963000 rw-p 00000000 00:00 0 
7f41f4963000-7f41f8000000 ---p 00000000 00:00 0 
7f41f8000000-7f41f8001000 r--s 0000c000 08:01 16517972                   /home/sam/Downloads/lwjgl-3.2.3/lwjgl/lwjgl-natives-linux-arm64.jar
7f41f8001000-7f41f8002000 r--s 00012000 08:01 16517973                   /home/sam/Downloads/lwjgl-3.2.3/lwjgl/lwjgl-natives-linux.jar
7f41f8002000-7f41f8007000 r--s 0003c000 103:02 9839214                   /usr/lib/jvm/java-8-openjdk-amd64/jre/lib/ext/sunjce_provider.jar
7f41f8007000-7f41f800a000 r--s 00039000 103:02 9839215                   /usr/lib/jvm/java-8-openjdk-amd64/jre/lib/ext/sunpkcs11.jar
7f41f800a000-7f41f800d000 r--s 0000f000 103:02 9839204                   /usr/lib/jvm/java-8-openjdk-amd64/jre/lib/ext/icedtea-sound.jar
7f41f800d000-7f41f800e000 ---p 00000000 00:00 0 
7f41f800e000-7f41f81b5000 rw-p 00000000 00:00 0 
7f41f81b5000-7f41f8b74000 ---p 00000000 00:00 0 
7f41f8b74000-7f41f8bc8000 rw-p 00000000 00:00 0 
7f41f8bc8000-7f41f90a8000 ---p 00000000 00:00 0 
7f41f90a8000-7f41f90b3000 rw-p 00000000 00:00 0 
7f41f90b3000-7f41f9469000 ---p 00000000 00:00 0 
7f41f9469000-7f41f9471000 r-xp 00000000 103:02 9839091                   /usr/lib/jvm/java-8-openjdk-amd64/jre/lib/amd64/libzip.so
7f41f9471000-7f41f9670000 ---p 00008000 103:02 9839091                   /usr/lib/jvm/java-8-openjdk-amd64/jre/lib/amd64/libzip.so
7f41f9670000-7f41f9671000 r--p 00007000 103:02 9839091                   /usr/lib/jvm/java-8-openjdk-amd64/jre/lib/amd64/libzip.so
7f41f9671000-7f41f9672000 rw-p 00008000 103:02 9839091                   /usr/lib/jvm/java-8-openjdk-amd64/jre/lib/amd64/libzip.so
7f41f9672000-7f41f967d000 r-xp 00000000 103:02 22942476                  /lib/x86_64-linux-gnu/libnss_files-2.27.so
7f41f967d000-7f41f987c000 ---p 0000b000 103:02 22942476                  /lib/x86_64-linux-gnu/libnss_files-2.27.so
7f41f987c000-7f41f987d000 r--p 0000a000 103:02 22942476                  /lib/x86_64-linux-gnu/libnss_files-2.27.so
7f41f987d000-7f41f987e000 rw-p 0000b000 103:02 22942476                  /lib/x86_64-linux-gnu/libnss_files-2.27.so
7f41f987e000-7f41f9884000 rw-p 00000000 00:00 0 
7f41f9884000-7f41f989b000 r-xp 00000000 103:02 22942470                  /lib/x86_64-linux-gnu/libnsl-2.27.so
7f41f989b000-7f41f9a9a000 ---p 00017000 103:02 22942470                  /lib/x86_64-linux-gnu/libnsl-2.27.so
7f41f9a9a000-7f41f9a9b000 r--p 00016000 103:02 22942470                  /lib/x86_64-linux-gnu/libnsl-2.27.so
7f41f9a9b000-7f41f9a9c000 rw-p 00017000 103:02 22942470                  /lib/x86_64-linux-gnu/libnsl-2.27.so
7f41f9a9c000-7f41f9a9e000 rw-p 00000000 00:00 0 
7f41f9a9e000-7f41f9aa9000 r-xp 00000000 103:02 22942487                  /lib/x86_64-linux-gnu/libnss_nis-2.27.so
7f41f9aa9000-7f41f9ca8000 ---p 0000b000 103:02 22942487                  /lib/x86_64-linux-gnu/libnss_nis-2.27.so
7f41f9ca8000-7f41f9ca9000 r--p 0000a000 103:02 22942487                  /lib/x86_64-linux-gnu/libnss_nis-2.27.so
7f41f9ca9000-7f41f9caa000 rw-p 0000b000 103:02 22942487                  /lib/x86_64-linux-gnu/libnss_nis-2.27.so
7f41f9caa000-7f41f9cb2000 r-xp 00000000 103:02 22942472                  /lib/x86_64-linux-gnu/libnss_compat-2.27.so
7f41f9cb2000-7f41f9eb2000 ---p 00008000 103:02 22942472                  /lib/x86_64-linux-gnu/libnss_compat-2.27.so
7f41f9eb2000-7f41f9eb3000 r--p 00008000 103:02 22942472                  /lib/x86_64-linux-gnu/libnss_compat-2.27.so
7f41f9eb3000-7f41f9eb4000 rw-p 00009000 103:02 22942472                  /lib/x86_64-linux-gnu/libnss_compat-2.27.so
7f41f9eb4000-7f41f9ede000 r-xp 00000000 103:02 9838982                   /usr/lib/jvm/java-8-openjdk-amd64/jre/lib/amd64/libjava.so
7f41f9ede000-7f41fa0dd000 ---p 0002a000 103:02 9838982                   /usr/lib/jvm/java-8-openjdk-amd64/jre/lib/amd64/libjava.so
7f41fa0dd000-7f41fa0de000 r--p 00029000 103:02 9838982                   /usr/lib/jvm/java-8-openjdk-amd64/jre/lib/amd64/libjava.so
7f41fa0de000-7f41fa0e0000 rw-p 0002a000 103:02 9838982                   /usr/lib/jvm/java-8-openjdk-amd64/jre/lib/amd64/libjava.so
7f41fa0e0000-7f41fa0f0000 r-xp 00000000 103:02 9839073                   /usr/lib/jvm/java-8-openjdk-amd64/jre/lib/amd64/libverify.so
7f41fa0f0000-7f41fa2ef000 ---p 00010000 103:02 9839073                   /usr/lib/jvm/java-8-openjdk-amd64/jre/lib/amd64/libverify.so
7f41fa2ef000-7f41fa2f1000 r--p 0000f000 103:02 9839073                   /usr/lib/jvm/java-8-openjdk-amd64/jre/lib/amd64/libverify.so
7f41fa2f1000-7f41fa2f2000 rw-p 00011000 103:02 9839073                   /usr/lib/jvm/java-8-openjdk-amd64/jre/lib/amd64/libverify.so
7f41fa2f2000-7f41fa2f9000 r-xp 00000000 103:02 22942527                  /lib/x86_64-linux-gnu/librt-2.27.so
7f41fa2f9000-7f41fa4f8000 ---p 00007000 103:02 22942527                  /lib/x86_64-linux-gnu/librt-2.27.so
7f41fa4f8000-7f41fa4f9000 r--p 00006000 103:02 22942527                  /lib/x86_64-linux-gnu/librt-2.27.so
7f41fa4f9000-7f41fa4fa000 rw-p 00007000 103:02 22942527                  /lib/x86_64-linux-gnu/librt-2.27.so
7f41fa4fa000-7f41fa511000 r-xp 00000000 103:02 22937606                  /lib/x86_64-linux-gnu/libgcc_s.so.1
7f41fa511000-7f41fa710000 ---p 00017000 103:02 22937606                  /lib/x86_64-linux-gnu/libgcc_s.so.1
7f41fa710000-7f41fa711000 r--p 00016000 103:02 22937606                  /lib/x86_64-linux-gnu/libgcc_s.so.1
7f41fa711000-7f41fa712000 rw-p 00017000 103:02 22937606                  /lib/x86_64-linux-gnu/libgcc_s.so.1
7f41fa712000-7f41fa8af000 r-xp 00000000 103:02 22942449                  /lib/x86_64-linux-gnu/libm-2.27.so
7f41fa8af000-7f41faaae000 ---p 0019d000 103:02 22942449                  /lib/x86_64-linux-gnu/libm-2.27.so
7f41faaae000-7f41faaaf000 r--p 0019c000 103:02 22942449                  /lib/x86_64-linux-gnu/libm-2.27.so
7f41faaaf000-7f41faab0000 rw-p 0019d000 103:02 22942449                  /lib/x86_64-linux-gnu/libm-2.27.so
7f41faab0000-7f41fac29000 r-xp 00000000 103:02 9830530                   /usr/lib/x86_64-linux-gnu/libstdc++.so.6.0.25
7f41fac29000-7f41fae29000 ---p 00179000 103:02 9830530                   /usr/lib/x86_64-linux-gnu/libstdc++.so.6.0.25
7f41fae29000-7f41fae33000 r--p 00179000 103:02 9830530                   /usr/lib/x86_64-linux-gnu/libstdc++.so.6.0.25
7f41fae33000-7f41fae35000 rw-p 00183000 103:02 9830530                   /usr/lib/x86_64-linux-gnu/libstdc++.so.6.0.25
7f41fae35000-7f41fae39000 rw-p 00000000 00:00 0 
7f41fae39000-7f41fbad8000 r-xp 00000000 103:02 9839139                   /usr/lib/jvm/java-8-openjdk-amd64/jre/lib/amd64/server/libjvm.so
7f41fbad8000-7f41fbcd8000 ---p 00c9f000 103:02 9839139                   /usr/lib/jvm/java-8-openjdk-amd64/jre/lib/amd64/server/libjvm.so
7f41fbcd8000-7f41fbd6c000 r--p 00c9f000 103:02 9839139                   /usr/lib/jvm/java-8-openjdk-amd64/jre/lib/amd64/server/libjvm.so
7f41fbd6c000-7f41fbd95000 rw-p 00d33000 103:02 9839139                   /usr/lib/jvm/java-8-openjdk-amd64/jre/lib/amd64/server/libjvm.so
7f41fbd95000-7f41fbdc5000 rw-p 00000000 00:00 0 
7f41fbdc5000-7f41fbddf000 r-xp 00000000 103:02 22942519                  /lib/x86_64-linux-gnu/libpthread-2.27.so
7f41fbddf000-7f41fbfde000 ---p 0001a000 103:02 22942519                  /lib/x86_64-linux-gnu/libpthread-2.27.so
7f41fbfde000-7f41fbfdf000 r--p 00019000 103:02 22942519                  /lib/x86_64-linux-gnu/libpthread-2.27.so
7f41fbfdf000-7f41fbfe0000 rw-p 0001a000 103:02 22942519                  /lib/x86_64-linux-gnu/libpthread-2.27.so
7f41fbfe0000-7f41fbfe4000 rw-p 00000000 00:00 0 
7f41fbfe4000-7f41fbfe7000 r-xp 00000000 103:02 22942409                  /lib/x86_64-linux-gnu/libdl-2.27.so
7f41fbfe7000-7f41fc1e6000 ---p 00003000 103:02 22942409                  /lib/x86_64-linux-gnu/libdl-2.27.so
7f41fc1e6000-7f41fc1e7000 r--p 00002000 103:02 22942409                  /lib/x86_64-linux-gnu/libdl-2.27.so
7f41fc1e7000-7f41fc1e8000 rw-p 00003000 103:02 22942409                  /lib/x86_64-linux-gnu/libdl-2.27.so
7f41fc1e8000-7f41fc204000 r-xp 00000000 103:02 22942558                  /lib/x86_64-linux-gnu/libz.so.1.2.11
7f41fc204000-7f41fc403000 ---p 0001c000 103:02 22942558                  /lib/x86_64-linux-gnu/libz.so.1.2.11
7f41fc403000-7f41fc404000 r--p 0001b000 103:02 22942558                  /lib/x86_64-linux-gnu/libz.so.1.2.11
7f41fc404000-7f41fc405000 rw-p 0001c000 103:02 22942558                  /lib/x86_64-linux-gnu/libz.so.1.2.11
7f41fc405000-7f41fc5ec000 r-xp 00000000 103:02 22942386                  /lib/x86_64-linux-gnu/libc-2.27.so
7f41fc5ec000-7f41fc7ec000 ---p 001e7000 103:02 22942386                  /lib/x86_64-linux-gnu/libc-2.27.so
7f41fc7ec000-7f41fc7f0000 r--p 001e7000 103:02 22942386                  /lib/x86_64-linux-gnu/libc-2.27.so
7f41fc7f0000-7f41fc7f2000 rw-p 001eb000 103:02 22942386                  /lib/x86_64-linux-gnu/libc-2.27.so
7f41fc7f2000-7f41fc7f6000 rw-p 00000000 00:00 0 
7f41fc7f6000-7f41fc804000 r-xp 00000000 103:02 9838942                   /usr/lib/jvm/java-8-openjdk-amd64/jre/lib/amd64/jli/libjli.so
7f41fc804000-7f41fca03000 ---p 0000e000 103:02 9838942                   /usr/lib/jvm/java-8-openjdk-amd64/jre/lib/amd64/jli/libjli.so
7f41fca03000-7f41fca04000 r--p 0000d000 103:02 9838942                   /usr/lib/jvm/java-8-openjdk-amd64/jre/lib/amd64/jli/libjli.so
7f41fca04000-7f41fca05000 rw-p 0000e000 103:02 9838942                   /usr/lib/jvm/java-8-openjdk-amd64/jre/lib/amd64/jli/libjli.so
7f41fca05000-7f41fca2c000 r-xp 00000000 103:02 22942358                  /lib/x86_64-linux-gnu/ld-2.27.so
7f41fca2c000-7f41fca2d000 r--s 0000a000 103:02 9839205                   /usr/lib/jvm/java-8-openjdk-amd64/jre/lib/ext/jaccess.jar
7f41fca2d000-7f41fca48000 r--s 00394000 103:02 9839202                   /usr/lib/jvm/java-8-openjdk-amd64/jre/lib/ext/cldrdata.jar
7f41fca48000-7f41fcb0d000 rw-p 00000000 00:00 0 
7f41fcb0d000-7f41fcb0e000 ---p 00000000 00:00 0 
7f41fcb0e000-7f41fcb11000 ---p 00000000 00:00 0 
7f41fcb11000-7f41fcc10000 rw-p 00000000 00:00 0 
7f41fcc10000-7f41fcc12000 r--s 00001000 103:02 9839203                   /usr/lib/jvm/java-8-openjdk-amd64/jre/lib/ext/dnsns.jar
7f41fcc12000-7f41fcc1c000 r--s 00116000 103:02 9839206                   /usr/lib/jvm/java-8-openjdk-amd64/jre/lib/ext/localedata.jar
7f41fcc1c000-7f41fcc1e000 r--s 00007000 103:02 10224650                  /usr/share/java/java-atk-wrapper.jar
7f41fcc1e000-7f41fcc1f000 r--s 0000d000 103:02 9839213                   /usr/lib/jvm/java-8-openjdk-amd64/jre/lib/ext/sunec.jar
7f41fcc1f000-7f41fcc20000 r--s 00010000 103:02 9839216                   /usr/lib/jvm/java-8-openjdk-amd64/jre/lib/ext/zipfs.jar
7f41fcc20000-7f41fcc28000 rw-s 00000000 103:02 18483154                  /tmp/hsperfdata_sam/7246
7f41fcc28000-7f41fcc29000 rw-p 00000000 00:00 0 
7f41fcc29000-7f41fcc2a000 r--p 00000000 00:00 0 
7f41fcc2a000-7f41fcc2c000 rw-p 00000000 00:00 0 
7f41fcc2c000-7f41fcc2d000 r--p 00027000 103:02 22942358                  /lib/x86_64-linux-gnu/ld-2.27.so
7f41fcc2d000-7f41fcc2e000 rw-p 00028000 103:02 22942358                  /lib/x86_64-linux-gnu/ld-2.27.so
7f41fcc2e000-7f41fcc2f000 rw-p 00000000 00:00 0 
7ffc3f564000-7ffc3f585000 rw-p 00000000 00:00 0                          [stack]
7ffc3f5d0000-7ffc3f5d3000 r--p 00000000 00:00 0                          [vvar]
7ffc3f5d3000-7ffc3f5d4000 r-xp 00000000 00:00 0                          [vdso]
ffffffffff600000-ffffffffff601000 --xp 00000000 00:00 0                  [vsyscall]

VM Arguments:
jvm_args: -Dfile.encoding=UTF-8 
java_command: main.Main
java_class_path (initial): /home/sam/Downloads/lwjgl-3.2.3/lwjgl/lwjgl.jar:/home/sam/Downloads/lwjgl-3.2.3/lwjgl/lwjgl-natives-linux.jar:/home/sam/Downloads/lwjgl-3.2.3/lwjgl/lwjgl-natives-linux-arm64.jar:/home/sam/Downloads/lwjgl-3.2.3/lwjgl-opengl/lwjgl-opengl.jar:/home/sam/Downloads/lwjgl-3.2.3/lwjgl-opengl/lwjgl-opengl-natives-linux.jar:/home/sam/Downloads/lwjgl-3.2.3/lwjgl-opengl/lwjgl-opengl-natives-linux-arm64.jar:/home/sam/Downloads/lwjgl-3.2.3/lwjgl-glfw/lwjgl-glfw.jar:/home/sam/Downloads/lwjgl-3.2.3/lwjgl-glfw/lwjgl-glfw-natives-linux.jar:/home/sam/Downloads/lwjgl-3.2.3/lwjgl-glfw/lwjgl-glfw-natives-linux-arm64.jar:/home/sam/eclipse/workspace/LWJGL-ENGINE/bin
Launcher Type: SUN_STANDARD

Environment Variables:
PATH=/usr/local/sbin:/usr/local/bin:/usr/sbin:/usr/bin:/sbin:/bin:/usr/games:/usr/local/games:/snap/bin
USERNAME=sam
SHELL=/bin/bash
DISPLAY=:0

Signal Handlers:
SIGSEGV: [libjvm.so+0xab92f0], sa_mask[0]=11111111011111111101111111111110, sa_flags=SA_RESTART|SA_SIGINFO
SIGBUS: [libjvm.so+0xab92f0], sa_mask[0]=11111111011111111101111111111110, sa_flags=SA_RESTART|SA_SIGINFO
SIGFPE: [libjvm.so+0x8ee560], sa_mask[0]=11111111011111111101111111111110, sa_flags=SA_RESTART|SA_SIGINFO
SIGPIPE: [libjvm.so+0x8ee560], sa_mask[0]=11111111011111111101111111111110, sa_flags=SA_RESTART|SA_SIGINFO
SIGXFSZ: [libjvm.so+0x8ee560], sa_mask[0]=11111111011111111101111111111110, sa_flags=SA_RESTART|SA_SIGINFO
SIGILL: [libjvm.so+0x8ee560], sa_mask[0]=11111111011111111101111111111110, sa_flags=SA_RESTART|SA_SIGINFO
SIGUSR1: SIG_DFL, sa_mask[0]=00000000000000000000000000000000, sa_flags=none
SIGUSR2: [libjvm.so+0x8ee410], sa_mask[0]=00100000000000000000000000000000, sa_flags=SA_RESTART|SA_SIGINFO
SIGHUP: [libjvm.so+0x8eea80], sa_mask[0]=11111111011111111101111111111110, sa_flags=SA_RESTART|SA_SIGINFO
SIGINT: [libjvm.so+0x8eea80], sa_mask[0]=11111111011111111101111111111110, sa_flags=SA_RESTART|SA_SIGINFO
SIGTERM: [libjvm.so+0x8eea80], sa_mask[0]=11111111011111111101111111111110, sa_flags=SA_RESTART|SA_SIGINFO
SIGQUIT: [libjvm.so+0x8eea80], sa_mask[0]=11111111011111111101111111111110, sa_flags=SA_RESTART|SA_SIGINFO


---------------  S Y S T E M  ---------------

OS:DISTRIB_ID=Ubuntu
DISTRIB_RELEASE=18.04
DISTRIB_CODENAME=bionic
DISTRIB_DESCRIPTION="Ubuntu 18.04.2 LTS"

uname:Linux 5.3.0-23-generic #25~18.04.1-Ubuntu SMP Tue Nov 12 10:58:57 UTC 2019 x86_64
libc:glibc 2.27 NPTL 2.27 
rlimit: STACK 8192k, CORE 0k, NPROC 127605, NOFILE 1048576, AS infinity
load average:0.85 0.60 0.45

/proc/meminfo:
MemTotal:       32713520 kB
MemFree:        28388772 kB
MemAvailable:   29476068 kB
Buffers:           84372 kB
Cached:          1489340 kB
SwapCached:            0 kB
Active:          3149548 kB
Inactive:         743480 kB
Active(anon):    2361152 kB
Inactive(anon):   121008 kB
Active(file):     788396 kB
Inactive(file):   622472 kB
Unevictable:       40616 kB
Mlocked:             176 kB
SwapTotal:       2097148 kB
SwapFree:        2097148 kB
Dirty:               172 kB
Writeback:             0 kB
AnonPages:       2360216 kB
Mapped:           465068 kB
Shmem:            162852 kB
KReclaimable:      91560 kB
Slab:             175592 kB
SReclaimable:      91560 kB
SUnreclaim:        84032 kB
KernelStack:       16608 kB
PageTables:        56164 kB
NFS_Unstable:          0 kB
Bounce:                0 kB
WritebackTmp:          0 kB
CommitLimit:    18453908 kB
Committed_AS:    9642252 kB
VmallocTotal:   34359738367 kB
VmallocUsed:       59388 kB
VmallocChunk:          0 kB
Percpu:             5760 kB
HardwareCorrupted:     0 kB
AnonHugePages:         0 kB
ShmemHugePages:        0 kB
ShmemPmdMapped:        0 kB
CmaTotal:              0 kB
CmaFree:               0 kB
HugePages_Total:       0
HugePages_Free:        0
HugePages_Rsvd:        0
HugePages_Surp:        0
Hugepagesize:       2048 kB
Hugetlb:               0 kB
DirectMap4k:      316064 kB
DirectMap2M:     5801984 kB
DirectMap1G:    27262976 kB

container (cgroup) information:
container_type: cgroupv1
cpu_cpuset_cpus: 0-11
cpu_memory_nodes: 0
active_processor_count: 12
cpu_quota: -1
cpu_period: 100000
cpu_shares: -1
memory_limit_in_bytes: -1
memory_and_swap_limit_in_bytes: -2
memory_soft_limit_in_bytes: -1
memory_usage_in_bytes: 4027113472
memory_max_usage_in_bytes: 0


CPU:total 12 (initial active 12) (6 cores per cpu, 2 threads per core) family 6 model 158 stepping 10, cmov, cx8, fxsr, mmx, sse, sse2, sse3, ssse3, sse4.1, sse4.2, popcnt, avx, avx2, aes, clmul, erms, 3dnowpref, lzcnt, ht, tsc, tscinvbit, bmi1, bmi2, adx

/proc/cpuinfo:
processor	: 0
vendor_id	: GenuineIntel
cpu family	: 6
model		: 158
model name	: Intel(R) Core(TM) i7-8750H CPU @ 2.20GHz
stepping	: 10
microcode	: 0xca
cpu MHz		: 2200.028
cache size	: 9216 KB
physical id	: 0
siblings	: 12
core id		: 0
cpu cores	: 6
apicid		: 0
initial apicid	: 0
fpu		: yes
fpu_exception	: yes
cpuid level	: 22
wp		: yes
flags		: fpu vme de pse tsc msr pae mce cx8 apic sep mtrr pge mca cmov pat pse36 clflush dts acpi mmx fxsr sse sse2 ss ht tm pbe syscall nx pdpe1gb rdtscp lm constant_tsc art arch_perfmon pebs bts rep_good nopl xtopology nonstop_tsc cpuid aperfmperf pni pclmulqdq dtes64 monitor ds_cpl vmx est tm2 ssse3 sdbg fma cx16 xtpr pdcm pcid sse4_1 sse4_2 x2apic movbe popcnt tsc_deadline_timer aes xsave avx f16c rdrand lahf_lm abm 3dnowprefetch cpuid_fault epb invpcid_single pti ssbd ibrs ibpb stibp tpr_shadow vnmi flexpriority ept vpid ept_ad fsgsbase tsc_adjust bmi1 avx2 smep bmi2 erms invpcid mpx rdseed adx smap clflushopt intel_pt xsaveopt xsavec xgetbv1 xsaves dtherm ida arat pln pts hwp hwp_notify hwp_act_window hwp_epp md_clear flush_l1d
bugs		: cpu_meltdown spectre_v1 spectre_v2 spec_store_bypass l1tf mds swapgs itlb_multihit
bogomips	: 4399.99
clflush size	: 64
cache_alignment	: 64
address sizes	: 39 bits physical, 48 bits virtual
power management:

processor	: 1
vendor_id	: GenuineIntel
cpu family	: 6
model		: 158
model name	: Intel(R) Core(TM) i7-8750H CPU @ 2.20GHz
stepping	: 10
microcode	: 0xca
cpu MHz		: 2200.211
cache size	: 9216 KB
physical id	: 0
siblings	: 12
core id		: 1
cpu cores	: 6
apicid		: 2
initial apicid	: 2
fpu		: yes
fpu_exception	: yes
cpuid level	: 22
wp		: yes
flags		: fpu vme de pse tsc msr pae mce cx8 apic sep mtrr pge mca cmov pat pse36 clflush dts acpi mmx fxsr sse sse2 ss ht tm pbe syscall nx pdpe1gb rdtscp lm constant_tsc art arch_perfmon pebs bts rep_good nopl xtopology nonstop_tsc cpuid aperfmperf pni pclmulqdq dtes64 monitor ds_cpl vmx est tm2 ssse3 sdbg fma cx16 xtpr pdcm pcid sse4_1 sse4_2 x2apic movbe popcnt tsc_deadline_timer aes xsave avx f16c rdrand lahf_lm abm 3dnowprefetch cpuid_fault epb invpcid_single pti ssbd ibrs ibpb stibp tpr_shadow vnmi flexpriority ept vpid ept_ad fsgsbase tsc_adjust bmi1 avx2 smep bmi2 erms invpcid mpx rdseed adx smap clflushopt intel_pt xsaveopt xsavec xgetbv1 xsaves dtherm ida arat pln pts hwp hwp_notify hwp_act_window hwp_epp md_clear flush_l1d
bugs		: cpu_meltdown spectre_v1 spectre_v2 spec_store_bypass l1tf mds swapgs itlb_multihit
bogomips	: 4399.99
clflush size	: 64
cache_alignment	: 64
address sizes	: 39 bits physical, 48 bits virtual
power management:

processor	: 2
vendor_id	: GenuineIntel
cpu family	: 6
model		: 158
model name	: Intel(R) Core(TM) i7-8750H CPU @ 2.20GHz
stepping	: 10
microcode	: 0xca
cpu MHz		: 2200.117
cache size	: 9216 KB
physical id	: 0
siblings	: 12
core id		: 2
cpu cores	: 6
apicid		: 4
initial apicid	: 4
fpu		: yes
fpu_exception	: yes
cpuid level	: 22
wp		: yes
flags		: fpu vme de pse tsc msr pae mce cx8 apic sep mtrr pge mca cmov pat pse36 clflush dts acpi mmx fxsr sse sse2 ss ht tm pbe syscall nx pdpe1gb rdtscp lm constant_tsc art arch_perfmon pebs bts rep_good nopl xtopology nonstop_tsc cpuid aperfmperf pni pclmulqdq dtes64 monitor ds_cpl vmx est tm2 ssse3 sdbg fma cx16 xtpr pdcm pcid sse4_1 sse4_2 x2apic movbe popcnt tsc_deadline_timer aes xsave avx f16c rdrand lahf_lm abm 3dnowprefetch cpuid_fault epb invpcid_single pti ssbd ibrs ibpb stibp tpr_shadow vnmi flexpriority ept vpid ept_ad fsgsbase tsc_adjust bmi1 avx2 smep bmi2 erms invpcid mpx rdseed adx smap clflushopt intel_pt xsaveopt xsavec xgetbv1 xsaves dtherm ida arat pln pts hwp hwp_notify hwp_act_window hwp_epp md_clear flush_l1d
bugs		: cpu_meltdown spectre_v1 spectre_v2 spec_store_bypass l1tf mds swapgs itlb_multihit
bogomips	: 4399.99
clflush size	: 64
cache_alignment	: 64
address sizes	: 39 bits physical, 48 bits virtual
power management:

processor	: 3
vendor_id	: GenuineIntel
cpu family	: 6
model		: 158
model name	: Intel(R) Core(TM) i7-8750H CPU @ 2.20GHz
stepping	: 10
microcode	: 0xca
cpu MHz		: 2200.076
cache size	: 9216 KB
physical id	: 0
siblings	: 12
core id		: 3
cpu cores	: 6
apicid		: 6
initial apicid	: 6
fpu		: yes
fpu_exception	: yes
cpuid level	: 22
wp		: yes
flags		: fpu vme de pse tsc msr pae mce cx8 apic sep mtrr pge mca cmov pat pse36 clflush dts acpi mmx fxsr sse sse2 ss ht tm pbe syscall nx pdpe1gb rdtscp lm constant_tsc art arch_perfmon pebs bts rep_good nopl xtopology nonstop_tsc cpuid aperfmperf pni pclmulqdq dtes64 monitor ds_cpl vmx est tm2 ssse3 sdbg fma cx16 xtpr pdcm pcid sse4_1 sse4_2 x2apic movbe popcnt tsc_deadline_timer aes xsave avx f16c rdrand lahf_lm abm 3dnowprefetch cpuid_fault epb invpcid_single pti ssbd ibrs ibpb stibp tpr_shadow vnmi flexpriority ept vpid ept_ad fsgsbase tsc_adjust bmi1 avx2 smep bmi2 erms invpcid mpx rdseed adx smap clflushopt intel_pt xsaveopt xsavec xgetbv1 xsaves dtherm ida arat pln pts hwp hwp_notify hwp_act_window hwp_epp md_clear flush_l1d
bugs		: cpu_meltdown spectre_v1 spectre_v2 spec_store_bypass l1tf mds swapgs itlb_multihit
bogomips	: 4399.99
clflush size	: 64
cache_alignment	: 64
address sizes	: 39 bits physical, 48 bits virtual
power management:

processor	: 4
vendor_id	: GenuineIntel
cpu family	: 6
model		: 158
model name	: Intel(R) Core(TM) i7-8750H CPU @ 2.20GHz
stepping	: 10
microcode	: 0xca
cpu MHz		: 2200.029
cache size	: 9216 KB
physical id	: 0
siblings	: 12
core id		: 4
cpu cores	: 6
apicid		: 8
initial apicid	: 8
fpu		: yes
fpu_exception	: yes
cpuid level	: 22
wp		: yes
flags		: fpu vme de pse tsc msr pae mce cx8 apic sep mtrr pge mca cmov pat pse36 clflush dts acpi mmx fxsr sse sse2 ss ht tm pbe syscall nx pdpe1gb rdtscp lm constant_tsc art arch_perfmon pebs bts rep_good nopl xtopology nonstop_tsc cpuid aperfmperf pni pclmulqdq dtes64 monitor ds_cpl vmx est tm2 ssse3 sdbg fma cx16 xtpr pdcm pcid sse4_1 sse4_2 x2apic movbe popcnt tsc_deadline_timer aes xsave avx f16c rdrand lahf_lm abm 3dnowprefetch cpuid_fault epb invpcid_single pti ssbd ibrs ibpb stibp tpr_shadow vnmi flexpriority ept vpid ept_ad fsgsbase tsc_adjust bmi1 avx2 smep bmi2 erms invpcid mpx rdseed adx smap clflushopt intel_pt xsaveopt xsavec xgetbv1 xsaves dtherm ida arat pln pts hwp hwp_notify hwp_act_window hwp_epp md_clear flush_l1d
bugs		: cpu_meltdown spectre_v1 spectre_v2 spec_store_bypass l1tf mds swapgs itlb_multihit
bogomips	: 4399.99
clflush size	: 64
cache_alignment	: 64
address sizes	: 39 bits physical, 48 bits virtual
power management:

processor	: 5
vendor_id	: GenuineIntel
cpu family	: 6
model		: 158
model name	: Intel(R) Core(TM) i7-8750H CPU @ 2.20GHz
stepping	: 10
microcode	: 0xca
cpu MHz		: 2200.028
cache size	: 9216 KB
physical id	: 0
siblings	: 12
core id		: 5
cpu cores	: 6
apicid		: 10
initial apicid	: 10
fpu		: yes
fpu_exception	: yes
cpuid level	: 22
wp		: yes
flags		: fpu vme de pse tsc msr pae mce cx8 apic sep mtrr pge mca cmov pat pse36 clflush dts acpi mmx fxsr sse sse2 ss ht tm pbe syscall nx pdpe1gb rdtscp lm constant_tsc art arch_perfmon pebs bts rep_good nopl xtopology nonstop_tsc cpuid aperfmperf pni pclmulqdq dtes64 monitor ds_cpl vmx est tm2 ssse3 sdbg fma cx16 xtpr pdcm pcid sse4_1 sse4_2 x2apic movbe popcnt tsc_deadline_timer aes xsave avx f16c rdrand lahf_lm abm 3dnowprefetch cpuid_fault epb invpcid_single pti ssbd ibrs ibpb stibp tpr_shadow vnmi flexpriority ept vpid ept_ad fsgsbase tsc_adjust bmi1 avx2 smep bmi2 erms invpcid mpx rdseed adx smap clflushopt intel_pt xsaveopt xsavec xgetbv1 xsaves dtherm ida arat pln pts hwp hwp_notify hwp_act_window hwp_epp md_clear flush_l1d
bugs		: cpu_meltdown spectre_v1 spectre_v2 spec_store_bypass l1tf mds swapgs itlb_multihit
bogomips	: 4399.99
clflush size	: 64
cache_alignment	: 64
address sizes	: 39 bits physical, 48 bits virtual
power management:

processor	: 6
vendor_id	: GenuineIntel
cpu family	: 6
model		: 158
model name	: Intel(R) Core(TM) i7-8750H CPU @ 2.20GHz
stepping	: 10
microcode	: 0xca
cpu MHz		: 2200.005
cache size	: 9216 KB
physical id	: 0
siblings	: 12
core id		: 0
cpu cores	: 6
apicid		: 1
initial apicid	: 1
fpu		: yes
fpu_exception	: yes
cpuid level	: 22
wp		: yes
flags		: fpu vme de pse tsc msr pae mce cx8 apic sep mtrr pge mca cmov pat pse36 clflush dts acpi mmx fxsr sse sse2 ss ht tm pbe syscall nx pdpe1gb rdtscp lm constant_tsc art arch_perfmon pebs bts rep_good nopl xtopology nonstop_tsc cpuid aperfmperf pni pclmulqdq dtes64 monitor ds_cpl vmx est tm2 ssse3 sdbg fma cx16 xtpr pdcm pcid sse4_1 sse4_2 x2apic movbe popcnt tsc_deadline_timer aes xsave avx f16c rdrand lahf_lm abm 3dnowprefetch cpuid_fault epb invpcid_single pti ssbd ibrs ibpb stibp tpr_shadow vnmi flexpriority ept vpid ept_ad fsgsbase tsc_adjust bmi1 avx2 smep bmi2 erms invpcid mpx rdseed adx smap clflushopt intel_pt xsaveopt xsavec xgetbv1 xsaves dtherm ida arat pln pts hwp hwp_notify hwp_act_window hwp_epp md_clear flush_l1d
bugs		: cpu_meltdown spectre_v1 spectre_v2 spec_store_bypass l1tf mds swapgs itlb_multihit
bogomips	: 4399.99
clflush size	: 64
cache_alignment	: 64
address sizes	: 39 bits physical, 48 bits virtual
power management:

processor	: 7
vendor_id	: GenuineIntel
cpu family	: 6
model		: 158
model name	: Intel(R) Core(TM) i7-8750H CPU @ 2.20GHz
stepping	: 10
microcode	: 0xca
cpu MHz		: 2200.055
cache size	: 9216 KB
physical id	: 0
siblings	: 12
core id		: 1
cpu cores	: 6
apicid		: 3
initial apicid	: 3
fpu		: yes
fpu_exception	: yes
cpuid level	: 22
wp		: yes
flags		: fpu vme de pse tsc msr pae mce cx8 apic sep mtrr pge mca cmov pat pse36 clflush dts acpi mmx fxsr sse sse2 ss ht tm pbe syscall nx pdpe1gb rdtscp lm constant_tsc art arch_perfmon pebs bts rep_good nopl xtopology nonstop_tsc cpuid aperfmperf pni pclmulqdq dtes64 monitor ds_cpl vmx est tm2 ssse3 sdbg fma cx16 xtpr pdcm pcid sse4_1 sse4_2 x2apic movbe popcnt tsc_deadline_timer aes xsave avx f16c rdrand lahf_lm abm 3dnowprefetch cpuid_fault epb invpcid_single pti ssbd ibrs ibpb stibp tpr_shadow vnmi flexpriority ept vpid ept_ad fsgsbase tsc_adjust bmi1 avx2 smep bmi2 erms invpcid mpx rdseed adx smap clflushopt intel_pt xsaveopt xsavec xgetbv1 xsaves dtherm ida arat pln pts hwp hwp_notify hwp_act_window hwp_epp md_clear flush_l1d
bugs		: cpu_meltdown spectre_v1 spectre_v2 spec_store_bypass l1tf mds swapgs itlb_multihit
bogomips	: 4399.99
clflush size	: 64
cache_alignment	: 64
address sizes	: 39 bits physical, 48 bits virtual
power management:

processor	: 8
vendor_id	: GenuineIntel
cpu family	: 6
model		: 158
model name	: Intel(R) Core(TM) i7-8750H CPU @ 2.20GHz
stepping	: 10
microcode	: 0xca
cpu MHz		: 2200.007
cache size	: 9216 KB
physical id	: 0
siblings	: 12
core id		: 2
cpu cores	: 6
apicid		: 5
initial apicid	: 5
fpu		: yes
fpu_exception	: yes
cpuid level	: 22
wp		: yes
flags		: fpu vme de pse tsc msr pae mce cx8 apic sep mtrr pge mca cmov pat pse36 clflush dts acpi mmx fxsr sse sse2 ss ht tm pbe syscall nx pdpe1gb rdtscp lm constant_tsc art arch_perfmon pebs bts rep_good nopl xtopology nonstop_tsc cpuid aperfmperf pni pclmulqdq dtes64 monitor ds_cpl vmx est tm2 ssse3 sdbg fma cx16 xtpr pdcm pcid sse4_1 sse4_2 x2apic movbe popcnt tsc_deadline_timer aes xsave avx f16c rdrand lahf_lm abm 3dnowprefetch cpuid_fault epb invpcid_single pti ssbd ibrs ibpb stibp tpr_shadow vnmi flexpriority ept vpid ept_ad fsgsbase tsc_adjust bmi1 avx2 smep bmi2 erms invpcid mpx rdseed adx smap clflushopt intel_pt xsaveopt xsavec xgetbv1 xsaves dtherm ida arat pln pts hwp hwp_notify hwp_act_window hwp_epp md_clear flush_l1d
bugs		: cpu_meltdown spectre_v1 spectre_v2 spec_store_bypass l1tf mds swapgs itlb_multihit
bogomips	: 4399.99
clflush size	: 64
cache_alignment	: 64
address sizes	: 39 bits physical, 48 bits virtual
power management:

processor	: 9
vendor_id	: GenuineIntel
cpu family	: 6
model		: 158
model name	: Intel(R) Core(TM) i7-8750H CPU @ 2.20GHz
stepping	: 10
microcode	: 0xca
cpu MHz		: 2200.614
cache size	: 9216 KB
physical id	: 0
siblings	: 12
core id		: 3
cpu cores	: 6
apicid		: 7
initial apicid	: 7
fpu		: yes
fpu_exception	: yes
cpuid level	: 22
wp		: yes
flags		: fpu vme de pse tsc msr pae mce cx8 apic sep mtrr pge mca cmov pat pse36 clflush dts acpi mmx fxsr sse sse2 ss ht tm pbe syscall nx pdpe1gb rdtscp lm constant_tsc art arch_perfmon pebs bts rep_good nopl xtopology nonstop_tsc cpuid aperfmperf pni pclmulqdq dtes64 monitor ds_cpl vmx est tm2 ssse3 sdbg fma cx16 xtpr pdcm pcid sse4_1 sse4_2 x2apic movbe popcnt tsc_deadline_timer aes xsave avx f16c rdrand lahf_lm abm 3dnowprefetch cpuid_fault epb invpcid_single pti ssbd ibrs ibpb stibp tpr_shadow vnmi flexpriority ept vpid ept_ad fsgsbase tsc_adjust bmi1 avx2 smep bmi2 erms invpcid mpx rdseed adx smap clflushopt intel_pt xsaveopt xsavec xgetbv1 xsaves dtherm ida arat pln pts hwp hwp_notify hwp_act_window hwp_epp md_clear flush_l1d
bugs		: cpu_meltdown spectre_v1 spectre_v2 spec_store_bypass l1tf mds swapgs itlb_multihit
bogomips	: 4399.99
clflush size	: 64
cache_alignment	: 64
address sizes	: 39 bits physical, 48 bits virtual
power management:

processor	: 10
vendor_id	: GenuineIntel
cpu family	: 6
model		: 158
model name	: Intel(R) Core(TM) i7-8750H CPU @ 2.20GHz
stepping	: 10
microcode	: 0xca
cpu MHz		: 2200.158
cache size	: 9216 KB
physical id	: 0
siblings	: 12
core id		: 4
cpu cores	: 6
apicid		: 9
initial apicid	: 9
fpu		: yes
fpu_exception	: yes
cpuid level	: 22
wp		: yes
flags		: fpu vme de pse tsc msr pae mce cx8 apic sep mtrr pge mca cmov pat pse36 clflush dts acpi mmx fxsr sse sse2 ss ht tm pbe syscall nx pdpe1gb rdtscp lm constant_tsc art arch_perfmon pebs bts rep_good nopl xtopology nonstop_tsc cpuid aperfmperf pni pclmulqdq dtes64 monitor ds_cpl vmx est tm2 ssse3 sdbg fma cx16 xtpr pdcm pcid sse4_1 sse4_2 x2apic movbe popcnt tsc_deadline_timer aes xsave avx f16c rdrand lahf_lm abm 3dnowprefetch cpuid_fault epb invpcid_single pti ssbd ibrs ibpb stibp tpr_shadow vnmi flexpriority ept vpid ept_ad fsgsbase tsc_adjust bmi1 avx2 smep bmi2 erms invpcid mpx rdseed adx smap clflushopt intel_pt xsaveopt xsavec xgetbv1 xsaves dtherm ida arat pln pts hwp hwp_notify hwp_act_window hwp_epp md_clear flush_l1d
bugs		: cpu_meltdown spectre_v1 spectre_v2 spec_store_bypass l1tf mds swapgs itlb_multihit
bogomips	: 4399.99
clflush size	: 64
cache_alignment	: 64
address sizes	: 39 bits physical, 48 bits virtual
power management:

processor	: 11
vendor_id	: GenuineIntel
cpu family	: 6
model		: 158
model name	: Intel(R) Core(TM) i7-8750H CPU @ 2.20GHz
stepping	: 10
microcode	: 0xca
cpu MHz		: 2200.574
cache size	: 9216 KB
physical id	: 0
siblings	: 12
core id		: 5
cpu cores	: 6
apicid		: 11
initial apicid	: 11
fpu		: yes
fpu_exception	: yes
cpuid level	: 22
wp		: yes
flags		: fpu vme de pse tsc msr pae mce cx8 apic sep mtrr pge mca cmov pat pse36 clflush dts acpi mmx fxsr sse sse2 ss ht tm pbe syscall nx pdpe1gb rdtscp lm constant_tsc art arch_perfmon pebs bts rep_good nopl xtopology nonstop_tsc cpuid aperfmperf pni pclmulqdq dtes64 monitor ds_cpl vmx est tm2 ssse3 sdbg fma cx16 xtpr pdcm pcid sse4_1 sse4_2 x2apic movbe popcnt tsc_deadline_timer aes xsave avx f16c rdrand lahf_lm abm 3dnowprefetch cpuid_fault epb invpcid_single pti ssbd ibrs ibpb stibp tpr_shadow vnmi flexpriority ept vpid ept_ad fsgsbase tsc_adjust bmi1 avx2 smep bmi2 erms invpcid mpx rdseed adx smap clflushopt intel_pt xsaveopt xsavec xgetbv1 xsaves dtherm ida arat pln pts hwp hwp_notify hwp_act_window hwp_epp md_clear flush_l1d
bugs		: cpu_meltdown spectre_v1 spectre_v2 spec_store_bypass l1tf mds swapgs itlb_multihit
bogomips	: 4399.99
clflush size	: 64
cache_alignment	: 64
address sizes	: 39 bits physical, 48 bits virtual
power management:



Memory: 4k page, physical 32713520k(28388772k free), swap 2097148k(2097148k free)

vm_info: OpenJDK 64-Bit Server VM (25.222-b10) for linux-amd64 JRE (1.8.0_222-8u222-b10-1ubuntu1~18.04.1-b10), built on Jul 18 2019 18:52:48 by "buildd" with gcc 7.4.0

time: Thu Nov 21 19:58:36 2019
timezone: CST
elapsed time: 1 seconds (0d 0h 0m 1s)

