#
# A fatal error has been detected by the Java Runtime Environment:
#
#  SIGSEGV (0xb) at pc=0x00007f0cf72450e0, pid=7530, tid=0x00007f0d2db17700
#
# JRE version: OpenJDK Runtime Environment (8.0_222-b10) (build 1.8.0_222-8u222-b10-1ubuntu1~18.04.1-b10)
# Java VM: OpenJDK 64-Bit Server VM (25.222-b10 mixed mode linux-amd64 compressed oops)
# Problematic frame:
# C  [libnvidia-glcore.so.430.34+0xf190e0]
#
# Failed to write core dump. Core dumps have been disabled. To enable core dumping, try "ulimit -c unlimited" before starting Java again
#
# If you would like to submit a bug report, please visit:
#   http://bugreport.java.com/bugreport/crash.jsp
# The crash happened outside the Java Virtual Machine in native code.
# See problematic frame for where to report the bug.
#

---------------  T H R E A D  ---------------

Current thread (0x00007f0d2400b800):  JavaThread "main" [_thread_in_native, id=7537, stack(0x00007f0d2da18000,0x00007f0d2db18000)]

siginfo: si_signo: 11 (SIGSEGV), si_code: 1 (SEGV_MAPERR), si_addr: 0x0000000000000000

Registers:
RAX=0x00007f0d259f97f8, RBX=0x00007f0d259f94c8, RCX=0x0000000000000014, RDX=0x0000000000000010
RSP=0x00007f0d2db16488, RBP=0x00007f0d246530b0, RSI=0x0000000000000000, RDI=0x00007f0cefedb0e4
R8 =0x00007f0cefedb0e4, R9 =0x0000000000000014, R10=0x0000000000000000, R11=0x0000000000000000
R12=0x00007f0d259f9ad0, R13=0x00007f0d245fe050, R14=0x00007f0d245fe040, R15=0x00007f0cfd121c0c
RIP=0x00007f0cf72450e0, EFLAGS=0x0000000000010246, CSGSFS=0x002b000000000033, ERR=0x0000000000000004
  TRAPNO=0x000000000000000e

Top of Stack: (sp=0x00007f0d2db16488)
0x00007f0d2db16488:   00007f0cf73189d3 00007f0d259f97c8
0x00007f0d2db16498:   0000000000000001 0000000000000001
0x00007f0d2db164a8:   00000000009f97c8 0000000000000014
0x00007f0d2db164b8:   0000000041ac2000 00007f0cefedb0e4
0x00007f0d2db164c8:   00007f0cf72450d0 00000001052db224
0x00007f0d2db164d8:   00007f0d259f94c8 0000000000000000
0x00007f0d2db164e8:   00007f0cf6d736de 00007f0d26b85540
0x00007f0d2db164f8:   00000003f714e524 0000000000000001
0x00007f0d2db16508:   00007f0d259f97f8 00007f0d24723140
0x00007f0d2db16518:   0000000000000001 0000000000000103
0x00007f0d2db16528:   10c0000000000000 0000000000000103
0x00007f0d2db16538:   10c0000000000000 00007f0d2db164a0
0x00007f0d2db16548:   0000000000000000 0000000041ac2000
0x00007f0d2db16558:   00007f0d259f9ad0 00007f0d245fe050
0x00007f0d2db16568:   00007f0d245fe040 0000000041b19208
0x00007f0d2db16578:   00007f0cf731e485 00007f0d2db1664c
0x00007f0d2db16588:   00007f0d2db16648 000014052db164a0
0x00007f0d2db16598:   ffffffff00000024 0000000400000000
0x00007f0d2db165a8:   0000000041ac2220 00007f0d246530b0
0x00007f0d2db165b8:   00007f0d2db16430 00007f0d00001401
0x00007f0d2db165c8:   00007f0d2db17700 00007f0d14ad0428
0x00007f0d2db165d8:   0000000000000000 0000000000000103
0x00007f0d2db165e8:   00c0000000000000 0000000000000000
0x00007f0d2db165f8:   00007f0d259f9ad0 0000000041ac2000
0x00007f0d2db16608:   00007f0d259f94c8 0000000000001405
0x00007f0d2db16618:   00007f0cf731f3e3 00007f0d00001401
0x00007f0d2db16628:   00007f0d2db17700 00007f0d2db16760
0x00007f0d2db16638:   00007f0d14ad0428 0000000041ac2001
0x00007f0d2db16648:   0000000000000014 00007f0d14ad0428
0x00007f0d2db16658:   0000000041ac2000 0000000041b0d080
0x00007f0d2db16668:   0000000000000004 0000000000001405
0x00007f0d2db16678:   0000000000000010 0000000000000000 

Instructions: (pc=0x00007f0cf72450e0)
0x00007f0cf72450c0:   d0 48 8d 44 07 0c c3 90 90 90 90 90 90 90 90 90
0x00007f0cf72450d0:   48 63 d2 49 89 f8 41 89 c9 0f 1f 80 00 00 00 00
0x00007f0cf72450e0:   8b 06 41 89 00 8b 46 04 41 89 40 04 8b 46 08 41
0x00007f0cf72450f0:   89 40 08 8b 46 0c 48 01 d6 41 89 40 0c 49 83 c0 

Register to memory mapping:

RAX=0x00007f0d259f97f8 is an unknown value
RBX=0x00007f0d259f94c8 is an unknown value
RCX=0x0000000000000014 is an unknown value
RDX=0x0000000000000010 is an unknown value
RSP=0x00007f0d2db16488 is pointing into the stack for thread: 0x00007f0d2400b800
RBP=0x00007f0d246530b0 is an unknown value
RSI=0x0000000000000000 is an unknown value
RDI=0x00007f0cefedb0e4 is an unknown value
R8 =0x00007f0cefedb0e4 is an unknown value
R9 =0x0000000000000014 is an unknown value
R10=0x0000000000000000 is an unknown value
R11=0x0000000000000000 is an unknown value
R12=0x00007f0d259f9ad0 is an unknown value
R13=0x00007f0d245fe050 is an unknown value
R14=0x00007f0d245fe040 is an unknown value
R15=0x00007f0cfd121c0c is an unknown value


Stack: [0x00007f0d2da18000,0x00007f0d2db18000],  sp=0x00007f0d2db16488,  free space=1017k
Native frames: (J=compiled Java code, j=interpreted, Vv=VM code, C=native code)
C  [libnvidia-glcore.so.430.34+0xf190e0]

Java frames: (J=compiled Java code, j=interpreted, Vv=VM code)
j  org.lwjgl.opengl.GL11C.nglDrawElements(IIIJ)V+0
j  org.lwjgl.opengl.GL11C.glDrawElements(IIIJ)V+4
j  org.lwjgl.opengl.GL11.glDrawElements(IIIJ)V+4
j  models.Renderer.renderElements(Lrendering/ModelBatch;)V+106
j  main.Main.main([Ljava/lang/String;)V+1563
v  ~StubRoutines::call_stub

---------------  P R O C E S S  ---------------

Java Threads: ( => current thread )
  0x00007f0d240d8000 JavaThread "Service Thread" daemon [_thread_blocked, id=7556, stack(0x00007f0d07afb000,0x00007f0d07bfc000)]
  0x00007f0d240cd000 JavaThread "C1 CompilerThread3" daemon [_thread_blocked, id=7555, stack(0x00007f0d07bfd000,0x00007f0d07cfd000)]
  0x00007f0d240ca800 JavaThread "C2 CompilerThread2" daemon [_thread_blocked, id=7554, stack(0x00007f0d07cfe000,0x00007f0d07dfe000)]
  0x00007f0d240c9000 JavaThread "C2 CompilerThread1" daemon [_thread_blocked, id=7553, stack(0x00007f0d07dff000,0x00007f0d07eff000)]
  0x00007f0d240c6000 JavaThread "C2 CompilerThread0" daemon [_thread_blocked, id=7552, stack(0x00007f0d07f00000,0x00007f0d08000000)]
  0x00007f0d240c4800 JavaThread "Signal Dispatcher" daemon [_thread_blocked, id=7551, stack(0x00007f0d0c0ac000,0x00007f0d0c1ad000)]
  0x00007f0d24092000 JavaThread "Finalizer" daemon [_thread_blocked, id=7550, stack(0x00007f0d0cb7c000,0x00007f0d0cc7d000)]
  0x00007f0d2408f800 JavaThread "Reference Handler" daemon [_thread_blocked, id=7549, stack(0x00007f0d0cc7d000,0x00007f0d0cd7e000)]
=>0x00007f0d2400b800 JavaThread "main" [_thread_in_native, id=7537, stack(0x00007f0d2da18000,0x00007f0d2db18000)]

Other Threads:
  0x00007f0d24085800 VMThread [stack: 0x00007f0d0cd7f000,0x00007f0d0ce7f000] [id=7548]
  0x00007f0d240da800 WatcherThread [stack: 0x00007f0d079fb000,0x00007f0d07afb000] [id=7557]

VM state:not at safepoint (normal execution)

VM Mutex/Monitor currently owned by a thread: None

heap address: 0x00000005ccc00000, size: 7988 MB, Compressed Oops mode: Zero based, Oop shift amount: 3
Narrow klass base: 0x0000000000000000, Narrow klass shift: 3
Compressed class space size: 1073741824 Address: 0x00000007c0000000

Heap:
 PSYoungGen      total 149504K, used 18225K [0x0000000719980000, 0x0000000724000000, 0x00000007c0000000)
  eden space 128512K, 14% used [0x0000000719980000,0x000000071ab4c4e0,0x0000000721700000)
  from space 20992K, 0% used [0x0000000722b80000,0x0000000722b80000,0x0000000724000000)
  to   space 20992K, 0% used [0x0000000721700000,0x0000000721700000,0x0000000722b80000)
 ParOldGen       total 341504K, used 0K [0x00000005ccc00000, 0x00000005e1980000, 0x0000000719980000)
  object space 341504K, 0% used [0x00000005ccc00000,0x00000005ccc00000,0x00000005e1980000)
 Metaspace       used 9099K, capacity 9341K, committed 9600K, reserved 1058816K
  class space    used 696K, capacity 807K, committed 896K, reserved 1048576K

Card table byte_map: [0x00007f0d29018000,0x00007f0d29fb3000] byte_map_base: 0x00007f0d261b2000

Marking Bits: (ParMarkBitMap*) 0x00007f0d2ccb2360
 Begin Bits: [0x00007f0cc8660000, 0x00007f0cd0330000)
 End Bits:   [0x00007f0cd0330000, 0x00007f0cd8000000)

Polling page: 0x00007f0d2db33000

CodeCache: size=245760Kb used=2642Kb max_used=2653Kb free=243117Kb
 bounds [0x00007f0d15000000, 0x00007f0d152a0000, 0x00007f0d24000000]
 total_blobs=1519 nmethods=623 adapters=811
 compilation: enabled

Compilation events (10 events):
Event: 0.622 Thread 0x00007f0d240c6000  618       4       java.util.zip.Inflater::ensureOpen (47 bytes)
Event: 0.622 Thread 0x00007f0d240c6000 nmethod 618 0x00007f0d15289f90 code [0x00007f0d1528a0e0, 0x00007f0d1528a178]
Event: 0.624 Thread 0x00007f0d240c9000  619   !   4       java.util.zip.Inflater::inflate (113 bytes)
Event: 0.626 Thread 0x00007f0d240c9000 nmethod 619 0x00007f0d15293250 code [0x00007f0d152933c0, 0x00007f0d15293888]
Event: 0.641 Thread 0x00007f0d240ca800  620       4       java.io.BufferedInputStream::read1 (108 bytes)
Event: 0.643 Thread 0x00007f0d240ca800 nmethod 620 0x00007f0d15292a50 code [0x00007f0d15292bc0, 0x00007f0d15292ec8]
Event: 0.656 Thread 0x00007f0d240c6000  621  s    4       java.io.BufferedInputStream::read (113 bytes)
Event: 0.662 Thread 0x00007f0d240c6000 nmethod 621 0x00007f0d15295690 code [0x00007f0d15295880, 0x00007f0d15296408]
Event: 0.684 Thread 0x00007f0d240cd000  622       3       java.io.File::isInvalid (47 bytes)
Event: 0.684 Thread 0x00007f0d240cd000 nmethod 622 0x00007f0d15292350 code [0x00007f0d152924e0, 0x00007f0d15292908]

GC Heap History (0 events):
No events

Deoptimization events (0 events):
No events

Classes redefined (0 events):
No events

Internal exceptions (10 events):
Event: 0.104 Thread 0x00007f0d2400b800 Exception <a 'java/security/PrivilegedActionException'> (0x0000000719f5a2c0) thrown at [/build/openjdk-8-OqY7zN/openjdk-8-8u222-b10/src/hotspot/src/share/vm/prims/jvm.cpp, line 1502]
Event: 0.104 Thread 0x00007f0d2400b800 Exception <a 'java/security/PrivilegedActionException'> (0x0000000719f5a4d0) thrown at [/build/openjdk-8-OqY7zN/openjdk-8-8u222-b10/src/hotspot/src/share/vm/prims/jvm.cpp, line 1502]
Event: 0.104 Thread 0x00007f0d2400b800 Exception <a 'java/security/PrivilegedActionException'> (0x0000000719f5c558) thrown at [/build/openjdk-8-OqY7zN/openjdk-8-8u222-b10/src/hotspot/src/share/vm/prims/jvm.cpp, line 1502]
Event: 0.104 Thread 0x00007f0d2400b800 Exception <a 'java/security/PrivilegedActionException'> (0x0000000719f5c768) thrown at [/build/openjdk-8-OqY7zN/openjdk-8-8u222-b10/src/hotspot/src/share/vm/prims/jvm.cpp, line 1502]
Event: 0.104 Thread 0x00007f0d2400b800 Exception <a 'java/security/PrivilegedActionException'> (0x0000000719f5d240) thrown at [/build/openjdk-8-OqY7zN/openjdk-8-8u222-b10/src/hotspot/src/share/vm/prims/jvm.cpp, line 1502]
Event: 0.104 Thread 0x00007f0d2400b800 Exception <a 'java/security/PrivilegedActionException'> (0x0000000719f5d450) thrown at [/build/openjdk-8-OqY7zN/openjdk-8-8u222-b10/src/hotspot/src/share/vm/prims/jvm.cpp, line 1502]
Event: 0.111 Thread 0x00007f0d2400b800 Exception <a 'sun/nio/fs/UnixException'> (0x0000000719f8a578) thrown at [/build/openjdk-8-OqY7zN/openjdk-8-8u222-b10/src/hotspot/src/share/vm/prims/jni.cpp, line 710]
Event: 0.115 Thread 0x00007f0d2400b800 Exception <a 'sun/nio/fs/UnixException'> (0x0000000719fb42e8) thrown at [/build/openjdk-8-OqY7zN/openjdk-8-8u222-b10/src/hotspot/src/share/vm/prims/jni.cpp, line 710]
Event: 0.282 Thread 0x00007f0d2400b800 Exception <a 'sun/nio/fs/UnixException'> (0x000000071a098450) thrown at [/build/openjdk-8-OqY7zN/openjdk-8-8u222-b10/src/hotspot/src/share/vm/prims/jni.cpp, line 710]
Event: 0.283 Thread 0x00007f0d2400b800 Exception <a 'sun/nio/fs/UnixException'> (0x000000071a0a0a10) thrown at [/build/openjdk-8-OqY7zN/openjdk-8-8u222-b10/src/hotspot/src/share/vm/prims/jni.cpp, line 710]

Events (10 events):
Event: 0.682 loading class rendering/Time
Event: 0.682 loading class rendering/Time done
Event: 0.683 loading class models/GameElement
Event: 0.683 loading class models/GameElement done
Event: 0.683 loading class rendering/ModelBatch
Event: 0.683 loading class rendering/ModelBatch done
Event: 0.684 loading class math/Matrix
Event: 0.684 loading class math/Matrix done
Event: 0.684 loading class org/lwjgl/opengl/GL$ICDStatic$WriteOnce
Event: 0.684 loading class org/lwjgl/opengl/GL$ICDStatic$WriteOnce done


Dynamic libraries:
4165d000-4165f000 r-xs 00000000 103:02 15728655                          /tmp/.glLFa0Fu (deleted)
41ac2000-41b74000 rw-p 00000000 00:00 0 
5ccc00000-5e1980000 rw-p 00000000 00:00 0 
5e1980000-719980000 ---p 00000000 00:00 0 
719980000-724000000 rw-p 00000000 00:00 0 
724000000-7c0000000 ---p 00000000 00:00 0 
7c0000000-7c00e0000 rw-p 00000000 00:00 0 
7c00e0000-800000000 ---p 00000000 00:00 0 
5581e6a40000-5581e6a41000 r-xp 00000000 103:02 9838898                   /usr/lib/jvm/java-8-openjdk-amd64/jre/bin/java
5581e6c40000-5581e6c41000 r--p 00000000 103:02 9838898                   /usr/lib/jvm/java-8-openjdk-amd64/jre/bin/java
5581e6c41000-5581e6c42000 rw-p 00001000 103:02 9838898                   /usr/lib/jvm/java-8-openjdk-amd64/jre/bin/java
5581e7996000-5581e79b7000 rw-p 00000000 00:00 0                          [heap]
7f0c94000000-7f0c94021000 rw-p 00000000 00:00 0 
7f0c94021000-7f0c98000000 ---p 00000000 00:00 0 
7f0c9c000000-7f0c9c1e1000 rw-p 00000000 00:00 0 
7f0c9c1e1000-7f0ca0000000 ---p 00000000 00:00 0 
7f0ca0000000-7f0ca0021000 rw-p 00000000 00:00 0 
7f0ca0021000-7f0ca4000000 ---p 00000000 00:00 0 
7f0ca4000000-7f0ca4070000 rw-p 00000000 00:00 0 
7f0ca4070000-7f0ca8000000 ---p 00000000 00:00 0 
7f0ca8000000-7f0ca8031000 rw-p 00000000 00:00 0 
7f0ca8031000-7f0cac000000 ---p 00000000 00:00 0 
7f0cac000000-7f0cac021000 rw-p 00000000 00:00 0 
7f0cac021000-7f0cb0000000 ---p 00000000 00:00 0 
7f0cb0000000-7f0cb00d5000 rw-p 00000000 00:00 0 
7f0cb00d5000-7f0cb4000000 ---p 00000000 00:00 0 
7f0cb4000000-7f0cb4021000 rw-p 00000000 00:00 0 
7f0cb4021000-7f0cb8000000 ---p 00000000 00:00 0 
7f0cb8000000-7f0cb8021000 rw-p 00000000 00:00 0 
7f0cb8021000-7f0cbc000000 ---p 00000000 00:00 0 
7f0cbc000000-7f0cbc021000 rw-p 00000000 00:00 0 
7f0cbc021000-7f0cc0000000 ---p 00000000 00:00 0 
7f0cc0000000-7f0cc0021000 rw-p 00000000 00:00 0 
7f0cc0021000-7f0cc4000000 ---p 00000000 00:00 0 
7f0cc4000000-7f0cc4021000 rw-p 00000000 00:00 0 
7f0cc4021000-7f0cc8000000 ---p 00000000 00:00 0 
7f0cc8660000-7f0cd8000000 rw-p 00000000 00:00 0 
7f0cd8000000-7f0cd8021000 rw-p 00000000 00:00 0 
7f0cd8021000-7f0cdc000000 ---p 00000000 00:00 0 
7f0ce0000000-7f0ce0021000 rw-p 00000000 00:00 0 
7f0ce0021000-7f0ce4000000 ---p 00000000 00:00 0 
7f0ce8000000-7f0ce8021000 rw-p 00000000 00:00 0 
7f0ce8021000-7f0cec000000 ---p 00000000 00:00 0 
7f0cef000000-7f0cef400000 rw-s 00000000 00:06 582                        /dev/nvidiactl
7f0cef400000-7f0cef800000 rw-s 00000000 00:06 582                        /dev/nvidiactl
7f0cef800000-7f0cefc00000 rw-s 00000000 00:06 582                        /dev/nvidiactl
7f0cefc00000-7f0cf0000000 rw-s 00000000 00:06 582                        /dev/nvidiactl
7f0cf0000000-7f0cf0021000 rw-p 00000000 00:00 0 
7f0cf0021000-7f0cf4000000 ---p 00000000 00:00 0 
7f0cf432a000-7f0cf632c000 rw-p 00000000 00:00 0 
7f0cf632c000-7f0cf7595000 r-xp 00000000 103:02 9840564                   /usr/lib/x86_64-linux-gnu/libnvidia-glcore.so.430.34
7f0cf7595000-7f0cf75b6000 rwxp 01269000 103:02 9840564                   /usr/lib/x86_64-linux-gnu/libnvidia-glcore.so.430.34
7f0cf75b6000-7f0cf7ab0000 r-xp 0128a000 103:02 9840564                   /usr/lib/x86_64-linux-gnu/libnvidia-glcore.so.430.34
7f0cf7ab0000-7f0cf7caf000 ---p 01784000 103:02 9840564                   /usr/lib/x86_64-linux-gnu/libnvidia-glcore.so.430.34
7f0cf7caf000-7f0cf7fe4000 rw-p 01783000 103:02 9840564                   /usr/lib/x86_64-linux-gnu/libnvidia-glcore.so.430.34
7f0cf7fe4000-7f0cf8000000 rw-p 00000000 00:00 0 
7f0cf8000000-7f0cf8021000 rw-p 00000000 00:00 0 
7f0cf8021000-7f0cfc000000 ---p 00000000 00:00 0 
7f0cfc152000-7f0cfc352000 rw-s 00000000 00:06 582                        /dev/nvidiactl
7f0cfc352000-7f0cfcbd5000 rw-p 00000000 00:00 0 
7f0cfcbd5000-7f0cfcd55000 ---p 00000000 00:00 0 
7f0cfcd55000-7f0cfcd95000 rw-s 00000000 08:01 16253132                   /home/sam/#16253132 (deleted)
7f0cfcd95000-7f0cfcdd5000 r-xs 00000000 08:01 16253132                   /home/sam/#16253132 (deleted)
7f0cfcdd5000-7f0cfce2d000 r-xp 00000000 103:02 18483154                  /tmp/lwjglsam/3.2.3-build-13/liblwjgl_opengl.so
7f0cfce2d000-7f0cfd02c000 ---p 00058000 103:02 18483154                  /tmp/lwjglsam/3.2.3-build-13/liblwjgl_opengl.so
7f0cfd02c000-7f0cfd02d000 r--p 00057000 103:02 18483154                  /tmp/lwjglsam/3.2.3-build-13/liblwjgl_opengl.so
7f0cfd02d000-7f0cfd02e000 rw-p 00058000 103:02 18483154                  /tmp/lwjglsam/3.2.3-build-13/liblwjgl_opengl.so
7f0cfd02e000-7f0cfd0ae000 rw-s 00000000 00:06 582                        /dev/nvidiactl
7f0cfd0ae000-7f0cfd12e000 rw-s 00000000 00:06 582                        /dev/nvidiactl
7f0cfd12e000-7f0cfd1ae000 rw-s 00000000 00:06 582                        /dev/nvidiactl
7f0cfd1ae000-7f0cfd2ae000 rw-s 00000000 00:06 582                        /dev/nvidiactl
7f0cfd2ae000-7f0cfd2ee000 rw-s 00000000 00:06 582                        /dev/nvidiactl
7f0cfd2ee000-7f0cfd30e000 rw-s 00000000 00:06 582                        /dev/nvidiactl
7f0cfd30e000-7f0cfd34e000 rw-s 00000000 00:06 582                        /dev/nvidiactl
7f0cfd34e000-7f0cfd38e000 rw-s 00000000 00:06 582                        /dev/nvidiactl
7f0cfd38e000-7f0cfd39e000 r-xp 00000000 103:02 9840432                   /usr/lib/x86_64-linux-gnu/libdrm.so.2.4.0
7f0cfd39e000-7f0cfd59d000 ---p 00010000 103:02 9840432                   /usr/lib/x86_64-linux-gnu/libdrm.so.2.4.0
7f0cfd59d000-7f0cfd59e000 r--p 0000f000 103:02 9840432                   /usr/lib/x86_64-linux-gnu/libdrm.so.2.4.0
7f0cfd59e000-7f0cfd59f000 rw-p 00010000 103:02 9840432                   /usr/lib/x86_64-linux-gnu/libdrm.so.2.4.0
7f0cfd59f000-7f0cfd5a2000 r-xp 00000000 103:02 9840568                   /usr/lib/x86_64-linux-gnu/libnvidia-tls.so.430.34
7f0cfd5a2000-7f0cfd7a2000 ---p 00003000 103:02 9840568                   /usr/lib/x86_64-linux-gnu/libnvidia-tls.so.430.34
7f0cfd7a2000-7f0cfd7a3000 rw-p 00003000 103:02 9840568                   /usr/lib/x86_64-linux-gnu/libnvidia-tls.so.430.34
7f0cfd7a3000-7f0cfd852000 r-xp 00000000 103:02 9840561                   /usr/lib/x86_64-linux-gnu/libGLX_nvidia.so.430.34
7f0cfd852000-7f0cfd887000 rwxp 000af000 103:02 9840561                   /usr/lib/x86_64-linux-gnu/libGLX_nvidia.so.430.34
7f0cfd887000-7f0cfd896000 r-xp 000e4000 103:02 9840561                   /usr/lib/x86_64-linux-gnu/libGLX_nvidia.so.430.34
7f0cfd896000-7f0cfda96000 ---p 000f3000 103:02 9840561                   /usr/lib/x86_64-linux-gnu/libGLX_nvidia.so.430.34
7f0cfda96000-7f0cfdaba000 rw-p 000f3000 103:02 9840561                   /usr/lib/x86_64-linux-gnu/libGLX_nvidia.so.430.34
7f0cfdaba000-7f0cfdabc000 rw-p 00000000 00:00 0 
7f0cfdabc000-7f0cfdafe000 r-xp 00000000 103:02 9837994                   /usr/lib/x86_64-linux-gnu/libGLdispatch.so.0.0.0
7f0cfdafe000-7f0cfdb17000 r-xp 00042000 103:02 9837994                   /usr/lib/x86_64-linux-gnu/libGLdispatch.so.0.0.0
7f0cfdb17000-7f0cfdb2a000 r-xp 0005b000 103:02 9837994                   /usr/lib/x86_64-linux-gnu/libGLdispatch.so.0.0.0
7f0cfdb2a000-7f0cfdd29000 ---p 0006e000 103:02 9837994                   /usr/lib/x86_64-linux-gnu/libGLdispatch.so.0.0.0
7f0cfdd29000-7f0cfdd51000 r--p 0006d000 103:02 9837994                   /usr/lib/x86_64-linux-gnu/libGLdispatch.so.0.0.0
7f0cfdd51000-7f0cfdd52000 rw-p 00095000 103:02 9837994                   /usr/lib/x86_64-linux-gnu/libGLdispatch.so.0.0.0
7f0cfdd52000-7f0cfdd72000 rw-p 00000000 00:00 0 
7f0cfdd72000-7f0cfdd82000 r-xp 00000000 103:02 9837992                   /usr/lib/x86_64-linux-gnu/libGLX.so.0.0.0
7f0cfdd82000-7f0cfdf81000 ---p 00010000 103:02 9837992                   /usr/lib/x86_64-linux-gnu/libGLX.so.0.0.0
7f0cfdf81000-7f0cfdf82000 r--p 0000f000 103:02 9837992                   /usr/lib/x86_64-linux-gnu/libGLX.so.0.0.0
7f0cfdf82000-7f0cfdf83000 rw-p 00010000 103:02 9837992                   /usr/lib/x86_64-linux-gnu/libGLX.so.0.0.0
7f0cfdf83000-7f0cfdfa3000 rw-p 00000000 00:00 0 
7f0cfdfa3000-7f0cfdfe7000 r-xp 00000000 103:02 9837986                   /usr/lib/x86_64-linux-gnu/libGL.so.1.0.0
7f0cfdfe7000-7f0cfe000000 r-xp 00044000 103:02 9837986                   /usr/lib/x86_64-linux-gnu/libGL.so.1.0.0
7f0cfe000000-7f0cfe014000 r-xp 0005d000 103:02 9837986                   /usr/lib/x86_64-linux-gnu/libGL.so.1.0.0
7f0cfe014000-7f0cfe213000 ---p 00071000 103:02 9837986                   /usr/lib/x86_64-linux-gnu/libGL.so.1.0.0
7f0cfe213000-7f0cfe22d000 r--p 00070000 103:02 9837986                   /usr/lib/x86_64-linux-gnu/libGL.so.1.0.0
7f0cfe22d000-7f0cfe22e000 rw-p 0008a000 103:02 9837986                   /usr/lib/x86_64-linux-gnu/libGL.so.1.0.0
7f0cfe22e000-7f0cfe22f000 rw-p 00000000 00:00 0 
7f0cfe22f000-7f0cfe230000 r-xp 00000000 103:02 9840453                   /usr/lib/x86_64-linux-gnu/libX11-xcb.so.1.0.0
7f0cfe230000-7f0cfe42f000 ---p 00001000 103:02 9840453                   /usr/lib/x86_64-linux-gnu/libX11-xcb.so.1.0.0
7f0cfe42f000-7f0cfe430000 r--p 00000000 103:02 9840453                   /usr/lib/x86_64-linux-gnu/libX11-xcb.so.1.0.0
7f0cfe430000-7f0cfe431000 rw-p 00001000 103:02 9840453                   /usr/lib/x86_64-linux-gnu/libX11-xcb.so.1.0.0
7f0cfe431000-7f0cfe433000 r-xp 00000000 103:02 9838067                   /usr/lib/x86_64-linux-gnu/libXinerama.so.1.0.0
7f0cfe433000-7f0cfe632000 ---p 00002000 103:02 9838067                   /usr/lib/x86_64-linux-gnu/libXinerama.so.1.0.0
7f0cfe632000-7f0cfe633000 r--p 00001000 103:02 9838067                   /usr/lib/x86_64-linux-gnu/libXinerama.so.1.0.0
7f0cfe633000-7f0cfe634000 rw-p 00002000 103:02 9838067                   /usr/lib/x86_64-linux-gnu/libXinerama.so.1.0.0
7f0cfe634000-7f0cfe639000 r-xp 00000000 103:02 9838059                   /usr/lib/x86_64-linux-gnu/libXfixes.so.3.1.0
7f0cfe639000-7f0cfe838000 ---p 00005000 103:02 9838059                   /usr/lib/x86_64-linux-gnu/libXfixes.so.3.1.0
7f0cfe838000-7f0cfe839000 r--p 00004000 103:02 9838059                   /usr/lib/x86_64-linux-gnu/libXfixes.so.3.1.0
7f0cfe839000-7f0cfe83a000 rw-p 00005000 103:02 9838059                   /usr/lib/x86_64-linux-gnu/libXfixes.so.3.1.0
7f0cfe83a000-7f0cfe843000 r-xp 00000000 103:02 9838051                   /usr/lib/x86_64-linux-gnu/libXcursor.so.1.0.2
7f0cfe843000-7f0cfea42000 ---p 00009000 103:02 9838051                   /usr/lib/x86_64-linux-gnu/libXcursor.so.1.0.2
7f0cfea42000-7f0cfea43000 r--p 00008000 103:02 9838051                   /usr/lib/x86_64-linux-gnu/libXcursor.so.1.0.2
7f0cfea43000-7f0cfea44000 rw-p 00009000 103:02 9838051                   /usr/lib/x86_64-linux-gnu/libXcursor.so.1.0.2
7f0cfea44000-7f0cfea4d000 r-xp 00000000 103:02 9838077                   /usr/lib/x86_64-linux-gnu/libXrender.so.1.3.0
7f0cfea4d000-7f0cfec4c000 ---p 00009000 103:02 9838077                   /usr/lib/x86_64-linux-gnu/libXrender.so.1.3.0
7f0cfec4c000-7f0cfec4d000 r--p 00008000 103:02 9838077                   /usr/lib/x86_64-linux-gnu/libXrender.so.1.3.0
7f0cfec4d000-7f0cfec4e000 rw-p 00009000 103:02 9838077                   /usr/lib/x86_64-linux-gnu/libXrender.so.1.3.0
7f0cfec4e000-7f0cfec58000 r-xp 00000000 103:02 9838075                   /usr/lib/x86_64-linux-gnu/libXrandr.so.2.2.0
7f0cfec58000-7f0cfee57000 ---p 0000a000 103:02 9838075                   /usr/lib/x86_64-linux-gnu/libXrandr.so.2.2.0
7f0cfee57000-7f0cfee58000 r--p 00009000 103:02 9838075                   /usr/lib/x86_64-linux-gnu/libXrandr.so.2.2.0
7f0cfee58000-7f0cfee59000 rw-p 0000a000 103:02 9838075                   /usr/lib/x86_64-linux-gnu/libXrandr.so.2.2.0
7f0cfee59000-7f0cfee68000 r-xp 00000000 103:02 9838065                   /usr/lib/x86_64-linux-gnu/libXi.so.6.1.0
7f0cfee68000-7f0cff067000 ---p 0000f000 103:02 9838065                   /usr/lib/x86_64-linux-gnu/libXi.so.6.1.0
7f0cff067000-7f0cff068000 r--p 0000e000 103:02 9838065                   /usr/lib/x86_64-linux-gnu/libXi.so.6.1.0
7f0cff068000-7f0cff069000 rw-p 0000f000 103:02 9838065                   /usr/lib/x86_64-linux-gnu/libXi.so.6.1.0
7f0cff069000-7f0cff07a000 r-xp 00000000 103:02 9838057                   /usr/lib/x86_64-linux-gnu/libXext.so.6.4.0
7f0cff07a000-7f0cff279000 ---p 00011000 103:02 9838057                   /usr/lib/x86_64-linux-gnu/libXext.so.6.4.0
7f0cff279000-7f0cff27a000 r--p 00010000 103:02 9838057                   /usr/lib/x86_64-linux-gnu/libXext.so.6.4.0
7f0cff27a000-7f0cff27b000 rw-p 00011000 103:02 9838057                   /usr/lib/x86_64-linux-gnu/libXext.so.6.4.0
7f0cff27b000-7f0cff280000 r-xp 00000000 103:02 9838093                   /usr/lib/x86_64-linux-gnu/libXxf86vm.so.1.0.0
7f0cff280000-7f0cff47f000 ---p 00005000 103:02 9838093                   /usr/lib/x86_64-linux-gnu/libXxf86vm.so.1.0.0
7f0cff47f000-7f0cff480000 r--p 00004000 103:02 9838093                   /usr/lib/x86_64-linux-gnu/libXxf86vm.so.1.0.0
7f0cff480000-7f0cff481000 rw-p 00005000 103:02 9838093                   /usr/lib/x86_64-linux-gnu/libXxf86vm.so.1.0.0
7f0cff481000-7f0cff494000 r-xp 00000000 103:02 22942382                  /lib/x86_64-linux-gnu/libbsd.so.0.8.7
7f0cff494000-7f0cff693000 ---p 00013000 103:02 22942382                  /lib/x86_64-linux-gnu/libbsd.so.0.8.7
7f0cff693000-7f0cff694000 r--p 00012000 103:02 22942382                  /lib/x86_64-linux-gnu/libbsd.so.0.8.7
7f0cff694000-7f0cff695000 rw-p 00013000 103:02 22942382                  /lib/x86_64-linux-gnu/libbsd.so.0.8.7
7f0cff695000-7f0cff696000 rw-p 00000000 00:00 0 
7f0cff696000-7f0cff69b000 r-xp 00000000 103:02 9838055                   /usr/lib/x86_64-linux-gnu/libXdmcp.so.6.0.0
7f0cff69b000-7f0cff89a000 ---p 00005000 103:02 9838055                   /usr/lib/x86_64-linux-gnu/libXdmcp.so.6.0.0
7f0cff89a000-7f0cff89b000 r--p 00004000 103:02 9838055                   /usr/lib/x86_64-linux-gnu/libXdmcp.so.6.0.0
7f0cff89b000-7f0cff89c000 rw-p 00005000 103:02 9838055                   /usr/lib/x86_64-linux-gnu/libXdmcp.so.6.0.0
7f0cff89c000-7f0cff89e000 r-xp 00000000 103:02 9838044                   /usr/lib/x86_64-linux-gnu/libXau.so.6.0.0
7f0cff89e000-7f0cffa9e000 ---p 00002000 103:02 9838044                   /usr/lib/x86_64-linux-gnu/libXau.so.6.0.0
7f0cffa9e000-7f0cffa9f000 r--p 00002000 103:02 9838044                   /usr/lib/x86_64-linux-gnu/libXau.so.6.0.0
7f0cffa9f000-7f0cffaa0000 rw-p 00003000 103:02 9838044                   /usr/lib/x86_64-linux-gnu/libXau.so.6.0.0
7f0cffaa0000-7f0cffac6000 r-xp 00000000 103:02 9840409                   /usr/lib/x86_64-linux-gnu/libxcb.so.1.1.0
7f0cffac6000-7f0cffcc6000 ---p 00026000 103:02 9840409                   /usr/lib/x86_64-linux-gnu/libxcb.so.1.1.0
7f0cffcc6000-7f0cffcc7000 r--p 00026000 103:02 9840409                   /usr/lib/x86_64-linux-gnu/libxcb.so.1.1.0
7f0cffcc7000-7f0cffcc8000 rw-p 00027000 103:02 9840409                   /usr/lib/x86_64-linux-gnu/libxcb.so.1.1.0
7f0cffcc8000-7f0cffdfb000 r-xp 00000000 103:02 9839217                   /usr/lib/x86_64-linux-gnu/libX11.so.6.3.0
7f0cffdfb000-7f0cffffb000 ---p 00133000 103:02 9839217                   /usr/lib/x86_64-linux-gnu/libX11.so.6.3.0
7f0cffffb000-7f0cffffc000 r--p 00133000 103:02 9839217                   /usr/lib/x86_64-linux-gnu/libX11.so.6.3.0
7f0cffffc000-7f0d00000000 rw-p 00134000 103:02 9839217                   /usr/lib/x86_64-linux-gnu/libX11.so.6.3.0
7f0d00000000-7f0d00021000 rw-p 00000000 00:00 0 
7f0d00021000-7f0d04000000 ---p 00000000 00:00 0 
7f0d04000000-7f0d04013000 rw-s 00000000 00:06 582                        /dev/nvidiactl
7f0d04013000-7f0d04118000 rw-s 00000000 00:06 582                        /dev/nvidiactl
7f0d04118000-7f0d0415b000 r-xp 00000000 103:02 18483153                  /tmp/lwjglsam/3.2.3-build-13/libglfw.so
7f0d0415b000-7f0d0435a000 ---p 00043000 103:02 18483153                  /tmp/lwjglsam/3.2.3-build-13/libglfw.so
7f0d0435a000-7f0d0435b000 r--p 00042000 103:02 18483153                  /tmp/lwjglsam/3.2.3-build-13/libglfw.so
7f0d0435b000-7f0d0435d000 rw-p 00043000 103:02 18483153                  /tmp/lwjglsam/3.2.3-build-13/libglfw.so
7f0d0435d000-7f0d0437e000 rw-p 00000000 00:00 0 
7f0d0437e000-7f0d043cf000 r-xp 00000000 103:02 18483152                  /tmp/lwjglsam/3.2.3-build-13/liblwjgl.so
7f0d043cf000-7f0d045ce000 ---p 00051000 103:02 18483152                  /tmp/lwjglsam/3.2.3-build-13/liblwjgl.so
7f0d045ce000-7f0d045cf000 r--p 00050000 103:02 18483152                  /tmp/lwjglsam/3.2.3-build-13/liblwjgl.so
7f0d045cf000-7f0d045d0000 rw-p 00051000 103:02 18483152                  /tmp/lwjglsam/3.2.3-build-13/liblwjgl.so
7f0d045d0000-7f0d075d1000 rw-p 00000000 00:00 0 
7f0d075d1000-7f0d075e7000 r-xp 00000000 103:02 9839031                   /usr/lib/jvm/java-8-openjdk-amd64/jre/lib/amd64/libnet.so
7f0d075e7000-7f0d077e6000 ---p 00016000 103:02 9839031                   /usr/lib/jvm/java-8-openjdk-amd64/jre/lib/amd64/libnet.so
7f0d077e6000-7f0d077e7000 r--p 00015000 103:02 9839031                   /usr/lib/jvm/java-8-openjdk-amd64/jre/lib/amd64/libnet.so
7f0d077e7000-7f0d077e8000 rw-p 00016000 103:02 9839031                   /usr/lib/jvm/java-8-openjdk-amd64/jre/lib/amd64/libnet.so
7f0d077e8000-7f0d077f9000 r-xp 00000000 103:02 9839036                   /usr/lib/jvm/java-8-openjdk-amd64/jre/lib/amd64/libnio.so
7f0d077f9000-7f0d079f8000 ---p 00011000 103:02 9839036                   /usr/lib/jvm/java-8-openjdk-amd64/jre/lib/amd64/libnio.so
7f0d079f8000-7f0d079f9000 r--p 00010000 103:02 9839036                   /usr/lib/jvm/java-8-openjdk-amd64/jre/lib/amd64/libnio.so
7f0d079f9000-7f0d079fa000 rw-p 00011000 103:02 9839036                   /usr/lib/jvm/java-8-openjdk-amd64/jre/lib/amd64/libnio.so
7f0d079fa000-7f0d079fb000 ---p 00000000 00:00 0 
7f0d079fb000-7f0d07afb000 rw-p 00000000 00:00 0 
7f0d07afb000-7f0d07afe000 ---p 00000000 00:00 0 
7f0d07afe000-7f0d07bfc000 rw-p 00000000 00:00 0 
7f0d07bfc000-7f0d07bfd000 ---p 00000000 00:00 0 
7f0d07bfd000-7f0d07c00000 ---p 00000000 00:00 0 
7f0d07c00000-7f0d07cfd000 rw-p 00000000 00:00 0 
7f0d07cfd000-7f0d07cfe000 ---p 00000000 00:00 0 
7f0d07cfe000-7f0d07d01000 ---p 00000000 00:00 0 
7f0d07d01000-7f0d07dfe000 rw-p 00000000 00:00 0 
7f0d07dfe000-7f0d07dff000 ---p 00000000 00:00 0 
7f0d07dff000-7f0d07e02000 ---p 00000000 00:00 0 
7f0d07e02000-7f0d07eff000 rw-p 00000000 00:00 0 
7f0d07eff000-7f0d07f00000 ---p 00000000 00:00 0 
7f0d07f00000-7f0d07f03000 ---p 00000000 00:00 0 
7f0d07f03000-7f0d08000000 rw-p 00000000 00:00 0 
7f0d08000000-7f0d08021000 rw-p 00000000 00:00 0 
7f0d08021000-7f0d0c000000 ---p 00000000 00:00 0 
7f0d0c002000-7f0d0c004000 rw-s 00000000 103:02 15728655                  /tmp/.glLFa0Fu (deleted)
7f0d0c004000-7f0d0c014000 rw-s 00000000 00:06 583                        /dev/nvidia0
7f0d0c014000-7f0d0c015000 rw-s 00000000 00:06 582                        /dev/nvidiactl
7f0d0c015000-7f0d0c019000 rw-s 00000000 00:06 582                        /dev/nvidiactl
7f0d0c019000-7f0d0c01a000 rw-s 00000000 00:06 583                        /dev/nvidia0
7f0d0c01a000-7f0d0c01b000 rw-s 00000000 00:06 583                        /dev/nvidia0
7f0d0c01b000-7f0d0c03b000 rw-s 00000000 00:06 582                        /dev/nvidiactl
7f0d0c03b000-7f0d0c03c000 rw-s 00000000 00:06 583                        /dev/nvidia0
7f0d0c05c000-7f0d0c05d000 rw-s 00000000 00:06 582                        /dev/nvidiactl
7f0d0c05d000-7f0d0c05e000 rw-s 00000000 00:06 582                        /dev/nvidiactl
7f0d0c05e000-7f0d0c065000 r--s 00000000 103:02 10095718                  /usr/lib/x86_64-linux-gnu/gconv/gconv-modules.cache
7f0d0c065000-7f0d0c066000 r--s 0002c000 08:01 21106431                   /home/sam/Downloads/lwjgl-3.2.3/lwjgl-stb/lwjgl-stb-natives-linux-arm64.jar
7f0d0c066000-7f0d0c067000 r--s 00030000 08:01 21106432                   /home/sam/Downloads/lwjgl-3.2.3/lwjgl-stb/lwjgl-stb-natives-linux.jar
7f0d0c067000-7f0d0c069000 r--s 00018000 08:01 21106437                   /home/sam/Downloads/lwjgl-3.2.3/lwjgl-stb/lwjgl-stb.jar
7f0d0c069000-7f0d0c07c000 r--s 00346000 103:02 9839324                   /usr/lib/jvm/java-8-openjdk-amd64/jre/lib/resources.jar
7f0d0c07c000-7f0d0c07d000 r--s 00002000 08:01 16253464                   /home/sam/Downloads/pngdecoder-1.0.jar
7f0d0c07d000-7f0d0c07e000 r--s 00022000 08:01 17960234                   /home/sam/Downloads/lwjgl-3.2.3/lwjgl-glfw/lwjgl-glfw-natives-linux-arm64.jar
7f0d0c07e000-7f0d0c07f000 r--s 00026000 08:01 17960235                   /home/sam/Downloads/lwjgl-3.2.3/lwjgl-glfw/lwjgl-glfw-natives-linux.jar
7f0d0c07f000-7f0d0c082000 r--s 00018000 08:01 17960240                   /home/sam/Downloads/lwjgl-3.2.3/lwjgl-glfw/lwjgl-glfw.jar
7f0d0c082000-7f0d0c084000 r--s 0000d000 08:01 19795215                   /home/sam/Downloads/lwjgl-3.2.3/lwjgl-opengl/lwjgl-opengl-natives-linux-arm64.jar
7f0d0c084000-7f0d0c085000 r--s 00013000 08:01 19795216                   /home/sam/Downloads/lwjgl-3.2.3/lwjgl-opengl/lwjgl-opengl-natives-linux.jar
7f0d0c085000-7f0d0c090000 r--s 000da000 08:01 19795221                   /home/sam/Downloads/lwjgl-3.2.3/lwjgl-opengl/lwjgl-opengl.jar
7f0d0c090000-7f0d0c091000 r--s 0000c000 08:01 16517972                   /home/sam/Downloads/lwjgl-3.2.3/lwjgl/lwjgl-natives-linux-arm64.jar
7f0d0c091000-7f0d0c0ac000 r--s 001d6000 103:02 9839212                   /usr/lib/jvm/java-8-openjdk-amd64/jre/lib/ext/nashorn.jar
7f0d0c0ac000-7f0d0c0af000 ---p 00000000 00:00 0 
7f0d0c0af000-7f0d0c1ad000 rw-p 00000000 00:00 0 
7f0d0c1ad000-7f0d0cb7c000 r--p 00000000 103:02 9837060                   /usr/lib/locale/locale-archive
7f0d0cb7c000-7f0d0cb7f000 ---p 00000000 00:00 0 
7f0d0cb7f000-7f0d0cc7d000 rw-p 00000000 00:00 0 
7f0d0cc7d000-7f0d0cc80000 ---p 00000000 00:00 0 
7f0d0cc80000-7f0d0cd7e000 rw-p 00000000 00:00 0 
7f0d0cd7e000-7f0d0cd7f000 ---p 00000000 00:00 0 
7f0d0cd7f000-7f0d10000000 rw-p 00000000 00:00 0 
7f0d10000000-7f0d10021000 rw-p 00000000 00:00 0 
7f0d10021000-7f0d14000000 ---p 00000000 00:00 0 
7f0d14000000-7f0d14001000 r--s 00012000 08:01 16517973                   /home/sam/Downloads/lwjgl-3.2.3/lwjgl/lwjgl-natives-linux.jar
7f0d14001000-7f0d14008000 r--s 00081000 08:01 16518147                   /home/sam/Downloads/lwjgl-3.2.3/lwjgl/lwjgl.jar
7f0d14008000-7f0d1400d000 r--s 0003c000 103:02 9839214                   /usr/lib/jvm/java-8-openjdk-amd64/jre/lib/ext/sunjce_provider.jar
7f0d1400d000-7f0d14010000 r--s 00039000 103:02 9839215                   /usr/lib/jvm/java-8-openjdk-amd64/jre/lib/ext/sunpkcs11.jar
7f0d14010000-7f0d140b5000 rw-p 00000000 00:00 0 
7f0d140b5000-7f0d14285000 r--s 03c5c000 103:02 9839328                   /usr/lib/jvm/java-8-openjdk-amd64/jre/lib/rt.jar
7f0d14285000-7f0d14afb000 rw-p 00000000 00:00 0 
7f0d14afb000-7f0d14afc000 ---p 00000000 00:00 0 
7f0d14afc000-7f0d14bfc000 rw-p 00000000 00:00 0 
7f0d14bfc000-7f0d14bfd000 ---p 00000000 00:00 0 
7f0d14bfd000-7f0d14cfd000 rw-p 00000000 00:00 0 
7f0d14cfd000-7f0d14cfe000 ---p 00000000 00:00 0 
7f0d14cfe000-7f0d14dfe000 rw-p 00000000 00:00 0 
7f0d14dfe000-7f0d14dff000 ---p 00000000 00:00 0 
7f0d14dff000-7f0d14eff000 rw-p 00000000 00:00 0 
7f0d14eff000-7f0d14f00000 ---p 00000000 00:00 0 
7f0d14f00000-7f0d15000000 rw-p 00000000 00:00 0 
7f0d15000000-7f0d152a0000 rwxp 00000000 00:00 0 
7f0d152a0000-7f0d24000000 ---p 00000000 00:00 0 
7f0d24000000-7f0d26ca2000 rw-p 00000000 00:00 0 
7f0d26ca2000-7f0d28000000 ---p 00000000 00:00 0 
7f0d28000000-7f0d28003000 r--s 0000f000 103:02 9839204                   /usr/lib/jvm/java-8-openjdk-amd64/jre/lib/ext/icedtea-sound.jar
7f0d28003000-7f0d280ac000 rw-p 00000000 00:00 0 
7f0d280ac000-7f0d280ad000 ---p 00000000 00:00 0 
7f0d280ad000-7f0d281ad000 rw-p 00000000 00:00 0 
7f0d281ad000-7f0d281ae000 ---p 00000000 00:00 0 
7f0d281ae000-7f0d282ae000 rw-p 00000000 00:00 0 
7f0d282ae000-7f0d282af000 ---p 00000000 00:00 0 
7f0d282af000-7f0d283af000 rw-p 00000000 00:00 0 
7f0d283af000-7f0d283b0000 ---p 00000000 00:00 0 
7f0d283b0000-7f0d284b0000 rw-p 00000000 00:00 0 
7f0d284b0000-7f0d284b1000 ---p 00000000 00:00 0 
7f0d284b1000-7f0d28658000 rw-p 00000000 00:00 0 
7f0d28658000-7f0d29018000 ---p 00000000 00:00 0 
7f0d29018000-7f0d290bf000 rw-p 00000000 00:00 0 
7f0d290bf000-7f0d29a7e000 ---p 00000000 00:00 0 
7f0d29a7e000-7f0d29ad2000 rw-p 00000000 00:00 0 
7f0d29ad2000-7f0d29fb2000 ---p 00000000 00:00 0 
7f0d29fb2000-7f0d29fbe000 rw-p 00000000 00:00 0 
7f0d29fbe000-7f0d2a373000 ---p 00000000 00:00 0 
7f0d2a373000-7f0d2a37b000 r-xp 00000000 103:02 9839091                   /usr/lib/jvm/java-8-openjdk-amd64/jre/lib/amd64/libzip.so
7f0d2a37b000-7f0d2a57a000 ---p 00008000 103:02 9839091                   /usr/lib/jvm/java-8-openjdk-amd64/jre/lib/amd64/libzip.so
7f0d2a57a000-7f0d2a57b000 r--p 00007000 103:02 9839091                   /usr/lib/jvm/java-8-openjdk-amd64/jre/lib/amd64/libzip.so
7f0d2a57b000-7f0d2a57c000 rw-p 00008000 103:02 9839091                   /usr/lib/jvm/java-8-openjdk-amd64/jre/lib/amd64/libzip.so
7f0d2a57c000-7f0d2a587000 r-xp 00000000 103:02 22942476                  /lib/x86_64-linux-gnu/libnss_files-2.27.so
7f0d2a587000-7f0d2a786000 ---p 0000b000 103:02 22942476                  /lib/x86_64-linux-gnu/libnss_files-2.27.so
7f0d2a786000-7f0d2a787000 r--p 0000a000 103:02 22942476                  /lib/x86_64-linux-gnu/libnss_files-2.27.so
7f0d2a787000-7f0d2a788000 rw-p 0000b000 103:02 22942476                  /lib/x86_64-linux-gnu/libnss_files-2.27.so
7f0d2a788000-7f0d2a78e000 rw-p 00000000 00:00 0 
7f0d2a78e000-7f0d2a7a5000 r-xp 00000000 103:02 22942470                  /lib/x86_64-linux-gnu/libnsl-2.27.so
7f0d2a7a5000-7f0d2a9a4000 ---p 00017000 103:02 22942470                  /lib/x86_64-linux-gnu/libnsl-2.27.so
7f0d2a9a4000-7f0d2a9a5000 r--p 00016000 103:02 22942470                  /lib/x86_64-linux-gnu/libnsl-2.27.so
7f0d2a9a5000-7f0d2a9a6000 rw-p 00017000 103:02 22942470                  /lib/x86_64-linux-gnu/libnsl-2.27.so
7f0d2a9a6000-7f0d2a9a8000 rw-p 00000000 00:00 0 
7f0d2a9a8000-7f0d2a9b3000 r-xp 00000000 103:02 22942487                  /lib/x86_64-linux-gnu/libnss_nis-2.27.so
7f0d2a9b3000-7f0d2abb2000 ---p 0000b000 103:02 22942487                  /lib/x86_64-linux-gnu/libnss_nis-2.27.so
7f0d2abb2000-7f0d2abb3000 r--p 0000a000 103:02 22942487                  /lib/x86_64-linux-gnu/libnss_nis-2.27.so
7f0d2abb3000-7f0d2abb4000 rw-p 0000b000 103:02 22942487                  /lib/x86_64-linux-gnu/libnss_nis-2.27.so
7f0d2abb4000-7f0d2abbc000 r-xp 00000000 103:02 22942472                  /lib/x86_64-linux-gnu/libnss_compat-2.27.so
7f0d2abbc000-7f0d2adbc000 ---p 00008000 103:02 22942472                  /lib/x86_64-linux-gnu/libnss_compat-2.27.so
7f0d2adbc000-7f0d2adbd000 r--p 00008000 103:02 22942472                  /lib/x86_64-linux-gnu/libnss_compat-2.27.so
7f0d2adbd000-7f0d2adbe000 rw-p 00009000 103:02 22942472                  /lib/x86_64-linux-gnu/libnss_compat-2.27.so
7f0d2adbe000-7f0d2ade8000 r-xp 00000000 103:02 9838982                   /usr/lib/jvm/java-8-openjdk-amd64/jre/lib/amd64/libjava.so
7f0d2ade8000-7f0d2afe7000 ---p 0002a000 103:02 9838982                   /usr/lib/jvm/java-8-openjdk-amd64/jre/lib/amd64/libjava.so
7f0d2afe7000-7f0d2afe8000 r--p 00029000 103:02 9838982                   /usr/lib/jvm/java-8-openjdk-amd64/jre/lib/amd64/libjava.so
7f0d2afe8000-7f0d2afea000 rw-p 0002a000 103:02 9838982                   /usr/lib/jvm/java-8-openjdk-amd64/jre/lib/amd64/libjava.so
7f0d2afea000-7f0d2affa000 r-xp 00000000 103:02 9839073                   /usr/lib/jvm/java-8-openjdk-amd64/jre/lib/amd64/libverify.so
7f0d2affa000-7f0d2b1f9000 ---p 00010000 103:02 9839073                   /usr/lib/jvm/java-8-openjdk-amd64/jre/lib/amd64/libverify.so
7f0d2b1f9000-7f0d2b1fb000 r--p 0000f000 103:02 9839073                   /usr/lib/jvm/java-8-openjdk-amd64/jre/lib/amd64/libverify.so
7f0d2b1fb000-7f0d2b1fc000 rw-p 00011000 103:02 9839073                   /usr/lib/jvm/java-8-openjdk-amd64/jre/lib/amd64/libverify.so
7f0d2b1fc000-7f0d2b203000 r-xp 00000000 103:02 22942527                  /lib/x86_64-linux-gnu/librt-2.27.so
7f0d2b203000-7f0d2b402000 ---p 00007000 103:02 22942527                  /lib/x86_64-linux-gnu/librt-2.27.so
7f0d2b402000-7f0d2b403000 r--p 00006000 103:02 22942527                  /lib/x86_64-linux-gnu/librt-2.27.so
7f0d2b403000-7f0d2b404000 rw-p 00007000 103:02 22942527                  /lib/x86_64-linux-gnu/librt-2.27.so
7f0d2b404000-7f0d2b41b000 r-xp 00000000 103:02 22937606                  /lib/x86_64-linux-gnu/libgcc_s.so.1
7f0d2b41b000-7f0d2b61a000 ---p 00017000 103:02 22937606                  /lib/x86_64-linux-gnu/libgcc_s.so.1
7f0d2b61a000-7f0d2b61b000 r--p 00016000 103:02 22937606                  /lib/x86_64-linux-gnu/libgcc_s.so.1
7f0d2b61b000-7f0d2b61c000 rw-p 00017000 103:02 22937606                  /lib/x86_64-linux-gnu/libgcc_s.so.1
7f0d2b61c000-7f0d2b7b9000 r-xp 00000000 103:02 22942449                  /lib/x86_64-linux-gnu/libm-2.27.so
7f0d2b7b9000-7f0d2b9b8000 ---p 0019d000 103:02 22942449                  /lib/x86_64-linux-gnu/libm-2.27.so
7f0d2b9b8000-7f0d2b9b9000 r--p 0019c000 103:02 22942449                  /lib/x86_64-linux-gnu/libm-2.27.so
7f0d2b9b9000-7f0d2b9ba000 rw-p 0019d000 103:02 22942449                  /lib/x86_64-linux-gnu/libm-2.27.so
7f0d2b9ba000-7f0d2bb33000 r-xp 00000000 103:02 9830530                   /usr/lib/x86_64-linux-gnu/libstdc++.so.6.0.25
7f0d2bb33000-7f0d2bd33000 ---p 00179000 103:02 9830530                   /usr/lib/x86_64-linux-gnu/libstdc++.so.6.0.25
7f0d2bd33000-7f0d2bd3d000 r--p 00179000 103:02 9830530                   /usr/lib/x86_64-linux-gnu/libstdc++.so.6.0.25
7f0d2bd3d000-7f0d2bd3f000 rw-p 00183000 103:02 9830530                   /usr/lib/x86_64-linux-gnu/libstdc++.so.6.0.25
7f0d2bd3f000-7f0d2bd43000 rw-p 00000000 00:00 0 
7f0d2bd43000-7f0d2c9e2000 r-xp 00000000 103:02 9839139                   /usr/lib/jvm/java-8-openjdk-amd64/jre/lib/amd64/server/libjvm.so
7f0d2c9e2000-7f0d2cbe2000 ---p 00c9f000 103:02 9839139                   /usr/lib/jvm/java-8-openjdk-amd64/jre/lib/amd64/server/libjvm.so
7f0d2cbe2000-7f0d2cc76000 r--p 00c9f000 103:02 9839139                   /usr/lib/jvm/java-8-openjdk-amd64/jre/lib/amd64/server/libjvm.so
7f0d2cc76000-7f0d2cc9f000 rw-p 00d33000 103:02 9839139                   /usr/lib/jvm/java-8-openjdk-amd64/jre/lib/amd64/server/libjvm.so
7f0d2cc9f000-7f0d2cccf000 rw-p 00000000 00:00 0 
7f0d2cccf000-7f0d2cce9000 r-xp 00000000 103:02 22942519                  /lib/x86_64-linux-gnu/libpthread-2.27.so
7f0d2cce9000-7f0d2cee8000 ---p 0001a000 103:02 22942519                  /lib/x86_64-linux-gnu/libpthread-2.27.so
7f0d2cee8000-7f0d2cee9000 r--p 00019000 103:02 22942519                  /lib/x86_64-linux-gnu/libpthread-2.27.so
7f0d2cee9000-7f0d2ceea000 rw-p 0001a000 103:02 22942519                  /lib/x86_64-linux-gnu/libpthread-2.27.so
7f0d2ceea000-7f0d2ceee000 rw-p 00000000 00:00 0 
7f0d2ceee000-7f0d2cef1000 r-xp 00000000 103:02 22942409                  /lib/x86_64-linux-gnu/libdl-2.27.so
7f0d2cef1000-7f0d2d0f0000 ---p 00003000 103:02 22942409                  /lib/x86_64-linux-gnu/libdl-2.27.so
7f0d2d0f0000-7f0d2d0f1000 r--p 00002000 103:02 22942409                  /lib/x86_64-linux-gnu/libdl-2.27.so
7f0d2d0f1000-7f0d2d0f2000 rw-p 00003000 103:02 22942409                  /lib/x86_64-linux-gnu/libdl-2.27.so
7f0d2d0f2000-7f0d2d10e000 r-xp 00000000 103:02 22942558                  /lib/x86_64-linux-gnu/libz.so.1.2.11
7f0d2d10e000-7f0d2d30d000 ---p 0001c000 103:02 22942558                  /lib/x86_64-linux-gnu/libz.so.1.2.11
7f0d2d30d000-7f0d2d30e000 r--p 0001b000 103:02 22942558                  /lib/x86_64-linux-gnu/libz.so.1.2.11
7f0d2d30e000-7f0d2d30f000 rw-p 0001c000 103:02 22942558                  /lib/x86_64-linux-gnu/libz.so.1.2.11
7f0d2d30f000-7f0d2d4f6000 r-xp 00000000 103:02 22942386                  /lib/x86_64-linux-gnu/libc-2.27.so
7f0d2d4f6000-7f0d2d6f6000 ---p 001e7000 103:02 22942386                  /lib/x86_64-linux-gnu/libc-2.27.so
7f0d2d6f6000-7f0d2d6fa000 r--p 001e7000 103:02 22942386                  /lib/x86_64-linux-gnu/libc-2.27.so
7f0d2d6fa000-7f0d2d6fc000 rw-p 001eb000 103:02 22942386                  /lib/x86_64-linux-gnu/libc-2.27.so
7f0d2d6fc000-7f0d2d700000 rw-p 00000000 00:00 0 
7f0d2d700000-7f0d2d70e000 r-xp 00000000 103:02 9838942                   /usr/lib/jvm/java-8-openjdk-amd64/jre/lib/amd64/jli/libjli.so
7f0d2d70e000-7f0d2d90d000 ---p 0000e000 103:02 9838942                   /usr/lib/jvm/java-8-openjdk-amd64/jre/lib/amd64/jli/libjli.so
7f0d2d90d000-7f0d2d90e000 r--p 0000d000 103:02 9838942                   /usr/lib/jvm/java-8-openjdk-amd64/jre/lib/amd64/jli/libjli.so
7f0d2d90e000-7f0d2d90f000 rw-p 0000e000 103:02 9838942                   /usr/lib/jvm/java-8-openjdk-amd64/jre/lib/amd64/jli/libjli.so
7f0d2d90f000-7f0d2d936000 r-xp 00000000 103:02 22942358                  /lib/x86_64-linux-gnu/ld-2.27.so
7f0d2d936000-7f0d2d937000 r--s 0000a000 103:02 9839205                   /usr/lib/jvm/java-8-openjdk-amd64/jre/lib/ext/jaccess.jar
7f0d2d937000-7f0d2d952000 r--s 00394000 103:02 9839202                   /usr/lib/jvm/java-8-openjdk-amd64/jre/lib/ext/cldrdata.jar
7f0d2d952000-7f0d2da17000 rw-p 00000000 00:00 0 
7f0d2da17000-7f0d2da18000 ---p 00000000 00:00 0 
7f0d2da18000-7f0d2da1b000 ---p 00000000 00:00 0 
7f0d2da1b000-7f0d2db1a000 rw-p 00000000 00:00 0 
7f0d2db1a000-7f0d2db1c000 r--s 00001000 103:02 9839203                   /usr/lib/jvm/java-8-openjdk-amd64/jre/lib/ext/dnsns.jar
7f0d2db1c000-7f0d2db26000 r--s 00116000 103:02 9839206                   /usr/lib/jvm/java-8-openjdk-amd64/jre/lib/ext/localedata.jar
7f0d2db26000-7f0d2db28000 r--s 00007000 103:02 10224650                  /usr/share/java/java-atk-wrapper.jar
7f0d2db28000-7f0d2db29000 r--s 0000d000 103:02 9839213                   /usr/lib/jvm/java-8-openjdk-amd64/jre/lib/ext/sunec.jar
7f0d2db29000-7f0d2db2a000 r--s 00010000 103:02 9839216                   /usr/lib/jvm/java-8-openjdk-amd64/jre/lib/ext/zipfs.jar
7f0d2db2a000-7f0d2db32000 rw-s 00000000 103:02 18483139                  /tmp/hsperfdata_sam/7530
7f0d2db32000-7f0d2db33000 rw-p 00000000 00:00 0 
7f0d2db33000-7f0d2db34000 r--p 00000000 00:00 0 
7f0d2db34000-7f0d2db36000 rw-p 00000000 00:00 0 
7f0d2db36000-7f0d2db37000 r--p 00027000 103:02 22942358                  /lib/x86_64-linux-gnu/ld-2.27.so
7f0d2db37000-7f0d2db38000 rw-p 00028000 103:02 22942358                  /lib/x86_64-linux-gnu/ld-2.27.so
7f0d2db38000-7f0d2db39000 rw-p 00000000 00:00 0 
7ffc47a9c000-7ffc47abd000 rw-p 00000000 00:00 0                          [stack]
7ffc47b19000-7ffc47b1c000 r--p 00000000 00:00 0                          [vvar]
7ffc47b1c000-7ffc47b1d000 r-xp 00000000 00:00 0                          [vdso]
ffffffffff600000-ffffffffff601000 --xp 00000000 00:00 0                  [vsyscall]

VM Arguments:
jvm_args: -Dfile.encoding=UTF-8 
java_command: main.Main
java_class_path (initial): /home/sam/Downloads/lwjgl-3.2.3/lwjgl/lwjgl.jar:/home/sam/Downloads/lwjgl-3.2.3/lwjgl/lwjgl-natives-linux.jar:/home/sam/Downloads/lwjgl-3.2.3/lwjgl/lwjgl-natives-linux-arm64.jar:/home/sam/Downloads/lwjgl-3.2.3/lwjgl-opengl/lwjgl-opengl.jar:/home/sam/Downloads/lwjgl-3.2.3/lwjgl-opengl/lwjgl-opengl-natives-linux.jar:/home/sam/Downloads/lwjgl-3.2.3/lwjgl-opengl/lwjgl-opengl-natives-linux-arm64.jar:/home/sam/Downloads/lwjgl-3.2.3/lwjgl-glfw/lwjgl-glfw.jar:/home/sam/Downloads/lwjgl-3.2.3/lwjgl-glfw/lwjgl-glfw-natives-linux.jar:/home/sam/Downloads/lwjgl-3.2.3/lwjgl-glfw/lwjgl-glfw-natives-linux-arm64.jar:/home/sam/Downloads/pngdecoder-1.0.jar:/home/sam/eclipse/workspace/LWJGL-ENGINE/bin:/home/sam/Downloads/lwjgl-3.2.3/lwjgl-stb/lwjgl-stb.jar:/home/sam/Downloads/lwjgl-3.2.3/lwjgl-stb/lwjgl-stb-natives-linux.jar:/home/sam/Downloads/lwjgl-3.2.3/lwjgl-stb/lwjgl-stb-natives-linux-arm64.jar
Launcher Type: SUN_STANDARD

Environment Variables:
PATH=/usr/local/sbin:/usr/local/bin:/usr/sbin:/usr/bin:/sbin:/bin:/usr/games:/usr/local/games:/snap/bin
USERNAME=sam
SHELL=/bin/bash
DISPLAY=:0

Signal Handlers:
SIGSEGV: [libjvm.so+0xab92f0], sa_mask[0]=11111111011111111101111111111110, sa_flags=SA_RESTART|SA_SIGINFO
SIGBUS: [libjvm.so+0xab92f0], sa_mask[0]=11111111011111111101111111111110, sa_flags=SA_RESTART|SA_SIGINFO
SIGFPE: [libjvm.so+0x8ee560], sa_mask[0]=11111111011111111101111111111110, sa_flags=SA_RESTART|SA_SIGINFO
SIGPIPE: [libjvm.so+0x8ee560], sa_mask[0]=11111111011111111101111111111110, sa_flags=SA_RESTART|SA_SIGINFO
SIGXFSZ: [libjvm.so+0x8ee560], sa_mask[0]=11111111011111111101111111111110, sa_flags=SA_RESTART|SA_SIGINFO
SIGILL: [libjvm.so+0x8ee560], sa_mask[0]=11111111011111111101111111111110, sa_flags=SA_RESTART|SA_SIGINFO
SIGUSR1: SIG_DFL, sa_mask[0]=00000000000000000000000000000000, sa_flags=none
SIGUSR2: [libjvm.so+0x8ee410], sa_mask[0]=00100000000000000000000000000000, sa_flags=SA_RESTART|SA_SIGINFO
SIGHUP: [libjvm.so+0x8eea80], sa_mask[0]=11111111011111111101111111111110, sa_flags=SA_RESTART|SA_SIGINFO
SIGINT: [libjvm.so+0x8eea80], sa_mask[0]=11111111011111111101111111111110, sa_flags=SA_RESTART|SA_SIGINFO
SIGTERM: [libjvm.so+0x8eea80], sa_mask[0]=11111111011111111101111111111110, sa_flags=SA_RESTART|SA_SIGINFO
SIGQUIT: [libjvm.so+0x8eea80], sa_mask[0]=11111111011111111101111111111110, sa_flags=SA_RESTART|SA_SIGINFO


---------------  S Y S T E M  ---------------

OS:DISTRIB_ID=Ubuntu
DISTRIB_RELEASE=18.04
DISTRIB_CODENAME=bionic
DISTRIB_DESCRIPTION="Ubuntu 18.04.2 LTS"

uname:Linux 5.3.0-23-generic #25~18.04.1-Ubuntu SMP Tue Nov 12 10:58:57 UTC 2019 x86_64
libc:glibc 2.27 NPTL 2.27 
rlimit: STACK 8192k, CORE 0k, NPROC 127605, NOFILE 1048576, AS infinity
load average:0.67 0.70 0.58

/proc/meminfo:
MemTotal:       32713504 kB
MemFree:        28151120 kB
MemAvailable:   29274052 kB
Buffers:          233904 kB
Cached:          1360476 kB
SwapCached:            0 kB
Active:          3198596 kB
Inactive:         799216 kB
Active(anon):    2447644 kB
Inactive(anon):   150376 kB
Active(file):     750952 kB
Inactive(file):   648840 kB
Unevictable:       42936 kB
Mlocked:             128 kB
SwapTotal:       2097148 kB
SwapFree:        2097148 kB
Dirty:               256 kB
Writeback:             0 kB
AnonPages:       2446656 kB
Mapped:           568752 kB
Shmem:            194576 kB
KReclaimable:     185200 kB
Slab:             270352 kB
SReclaimable:     185200 kB
SUnreclaim:        85152 kB
KernelStack:       15248 kB
PageTables:        53404 kB
NFS_Unstable:          0 kB
Bounce:                0 kB
WritebackTmp:          0 kB
CommitLimit:    18453900 kB
Committed_AS:    8866816 kB
VmallocTotal:   34359738367 kB
VmallocUsed:       57868 kB
VmallocChunk:          0 kB
Percpu:             5760 kB
HardwareCorrupted:     0 kB
AnonHugePages:         0 kB
ShmemHugePages:        0 kB
ShmemPmdMapped:        0 kB
CmaTotal:              0 kB
CmaFree:               0 kB
HugePages_Total:       0
HugePages_Free:        0
HugePages_Rsvd:        0
HugePages_Surp:        0
Hugepagesize:       2048 kB
Hugetlb:               0 kB
DirectMap4k:      359072 kB
DirectMap2M:     5758976 kB
DirectMap1G:    27262976 kB

container (cgroup) information:
container_type: cgroupv1
cpu_cpuset_cpus: 0-11
cpu_memory_nodes: 0
active_processor_count: 12
cpu_quota: -1
cpu_period: 100000
cpu_shares: -1
memory_limit_in_bytes: -1
memory_and_swap_limit_in_bytes: -2
memory_soft_limit_in_bytes: -1
memory_usage_in_bytes: 4137168896
memory_max_usage_in_bytes: 0


CPU:total 12 (initial active 12) (6 cores per cpu, 2 threads per core) family 6 model 158 stepping 10, cmov, cx8, fxsr, mmx, sse, sse2, sse3, ssse3, sse4.1, sse4.2, popcnt, avx, avx2, aes, clmul, erms, 3dnowpref, lzcnt, ht, tsc, tscinvbit, bmi1, bmi2, adx

/proc/cpuinfo:
processor	: 0
vendor_id	: GenuineIntel
cpu family	: 6
model		: 158
model name	: Intel(R) Core(TM) i7-8750H CPU @ 2.20GHz
stepping	: 10
microcode	: 0xca
cpu MHz		: 3928.811
cache size	: 9216 KB
physical id	: 0
siblings	: 12
core id		: 0
cpu cores	: 6
apicid		: 0
initial apicid	: 0
fpu		: yes
fpu_exception	: yes
cpuid level	: 22
wp		: yes
flags		: fpu vme de pse tsc msr pae mce cx8 apic sep mtrr pge mca cmov pat pse36 clflush dts acpi mmx fxsr sse sse2 ss ht tm pbe syscall nx pdpe1gb rdtscp lm constant_tsc art arch_perfmon pebs bts rep_good nopl xtopology nonstop_tsc cpuid aperfmperf pni pclmulqdq dtes64 monitor ds_cpl vmx est tm2 ssse3 sdbg fma cx16 xtpr pdcm pcid sse4_1 sse4_2 x2apic movbe popcnt tsc_deadline_timer aes xsave avx f16c rdrand lahf_lm abm 3dnowprefetch cpuid_fault epb invpcid_single pti ssbd ibrs ibpb stibp tpr_shadow vnmi flexpriority ept vpid ept_ad fsgsbase tsc_adjust bmi1 avx2 smep bmi2 erms invpcid mpx rdseed adx smap clflushopt intel_pt xsaveopt xsavec xgetbv1 xsaves dtherm ida arat pln pts hwp hwp_notify hwp_act_window hwp_epp md_clear flush_l1d
bugs		: cpu_meltdown spectre_v1 spectre_v2 spec_store_bypass l1tf mds swapgs itlb_multihit
bogomips	: 4399.99
clflush size	: 64
cache_alignment	: 64
address sizes	: 39 bits physical, 48 bits virtual
power management:

processor	: 1
vendor_id	: GenuineIntel
cpu family	: 6
model		: 158
model name	: Intel(R) Core(TM) i7-8750H CPU @ 2.20GHz
stepping	: 10
microcode	: 0xca
cpu MHz		: 3964.724
cache size	: 9216 KB
physical id	: 0
siblings	: 12
core id		: 1
cpu cores	: 6
apicid		: 2
initial apicid	: 2
fpu		: yes
fpu_exception	: yes
cpuid level	: 22
wp		: yes
flags		: fpu vme de pse tsc msr pae mce cx8 apic sep mtrr pge mca cmov pat pse36 clflush dts acpi mmx fxsr sse sse2 ss ht tm pbe syscall nx pdpe1gb rdtscp lm constant_tsc art arch_perfmon pebs bts rep_good nopl xtopology nonstop_tsc cpuid aperfmperf pni pclmulqdq dtes64 monitor ds_cpl vmx est tm2 ssse3 sdbg fma cx16 xtpr pdcm pcid sse4_1 sse4_2 x2apic movbe popcnt tsc_deadline_timer aes xsave avx f16c rdrand lahf_lm abm 3dnowprefetch cpuid_fault epb invpcid_single pti ssbd ibrs ibpb stibp tpr_shadow vnmi flexpriority ept vpid ept_ad fsgsbase tsc_adjust bmi1 avx2 smep bmi2 erms invpcid mpx rdseed adx smap clflushopt intel_pt xsaveopt xsavec xgetbv1 xsaves dtherm ida arat pln pts hwp hwp_notify hwp_act_window hwp_epp md_clear flush_l1d
bugs		: cpu_meltdown spectre_v1 spectre_v2 spec_store_bypass l1tf mds swapgs itlb_multihit
bogomips	: 4399.99
clflush size	: 64
cache_alignment	: 64
address sizes	: 39 bits physical, 48 bits virtual
power management:

processor	: 2
vendor_id	: GenuineIntel
cpu family	: 6
model		: 158
model name	: Intel(R) Core(TM) i7-8750H CPU @ 2.20GHz
stepping	: 10
microcode	: 0xca
cpu MHz		: 3990.901
cache size	: 9216 KB
physical id	: 0
siblings	: 12
core id		: 2
cpu cores	: 6
apicid		: 4
initial apicid	: 4
fpu		: yes
fpu_exception	: yes
cpuid level	: 22
wp		: yes
flags		: fpu vme de pse tsc msr pae mce cx8 apic sep mtrr pge mca cmov pat pse36 clflush dts acpi mmx fxsr sse sse2 ss ht tm pbe syscall nx pdpe1gb rdtscp lm constant_tsc art arch_perfmon pebs bts rep_good nopl xtopology nonstop_tsc cpuid aperfmperf pni pclmulqdq dtes64 monitor ds_cpl vmx est tm2 ssse3 sdbg fma cx16 xtpr pdcm pcid sse4_1 sse4_2 x2apic movbe popcnt tsc_deadline_timer aes xsave avx f16c rdrand lahf_lm abm 3dnowprefetch cpuid_fault epb invpcid_single pti ssbd ibrs ibpb stibp tpr_shadow vnmi flexpriority ept vpid ept_ad fsgsbase tsc_adjust bmi1 avx2 smep bmi2 erms invpcid mpx rdseed adx smap clflushopt intel_pt xsaveopt xsavec xgetbv1 xsaves dtherm ida arat pln pts hwp hwp_notify hwp_act_window hwp_epp md_clear flush_l1d
bugs		: cpu_meltdown spectre_v1 spectre_v2 spec_store_bypass l1tf mds swapgs itlb_multihit
bogomips	: 4399.99
clflush size	: 64
cache_alignment	: 64
address sizes	: 39 bits physical, 48 bits virtual
power management:

processor	: 3
vendor_id	: GenuineIntel
cpu family	: 6
model		: 158
model name	: Intel(R) Core(TM) i7-8750H CPU @ 2.20GHz
stepping	: 10
microcode	: 0xca
cpu MHz		: 3984.103
cache size	: 9216 KB
physical id	: 0
siblings	: 12
core id		: 3
cpu cores	: 6
apicid		: 6
initial apicid	: 6
fpu		: yes
fpu_exception	: yes
cpuid level	: 22
wp		: yes
flags		: fpu vme de pse tsc msr pae mce cx8 apic sep mtrr pge mca cmov pat pse36 clflush dts acpi mmx fxsr sse sse2 ss ht tm pbe syscall nx pdpe1gb rdtscp lm constant_tsc art arch_perfmon pebs bts rep_good nopl xtopology nonstop_tsc cpuid aperfmperf pni pclmulqdq dtes64 monitor ds_cpl vmx est tm2 ssse3 sdbg fma cx16 xtpr pdcm pcid sse4_1 sse4_2 x2apic movbe popcnt tsc_deadline_timer aes xsave avx f16c rdrand lahf_lm abm 3dnowprefetch cpuid_fault epb invpcid_single pti ssbd ibrs ibpb stibp tpr_shadow vnmi flexpriority ept vpid ept_ad fsgsbase tsc_adjust bmi1 avx2 smep bmi2 erms invpcid mpx rdseed adx smap clflushopt intel_pt xsaveopt xsavec xgetbv1 xsaves dtherm ida arat pln pts hwp hwp_notify hwp_act_window hwp_epp md_clear flush_l1d
bugs		: cpu_meltdown spectre_v1 spectre_v2 spec_store_bypass l1tf mds swapgs itlb_multihit
bogomips	: 4399.99
clflush size	: 64
cache_alignment	: 64
address sizes	: 39 bits physical, 48 bits virtual
power management:

processor	: 4
vendor_id	: GenuineIntel
cpu family	: 6
model		: 158
model name	: Intel(R) Core(TM) i7-8750H CPU @ 2.20GHz
stepping	: 10
microcode	: 0xca
cpu MHz		: 3994.397
cache size	: 9216 KB
physical id	: 0
siblings	: 12
core id		: 4
cpu cores	: 6
apicid		: 8
initial apicid	: 8
fpu		: yes
fpu_exception	: yes
cpuid level	: 22
wp		: yes
flags		: fpu vme de pse tsc msr pae mce cx8 apic sep mtrr pge mca cmov pat pse36 clflush dts acpi mmx fxsr sse sse2 ss ht tm pbe syscall nx pdpe1gb rdtscp lm constant_tsc art arch_perfmon pebs bts rep_good nopl xtopology nonstop_tsc cpuid aperfmperf pni pclmulqdq dtes64 monitor ds_cpl vmx est tm2 ssse3 sdbg fma cx16 xtpr pdcm pcid sse4_1 sse4_2 x2apic movbe popcnt tsc_deadline_timer aes xsave avx f16c rdrand lahf_lm abm 3dnowprefetch cpuid_fault epb invpcid_single pti ssbd ibrs ibpb stibp tpr_shadow vnmi flexpriority ept vpid ept_ad fsgsbase tsc_adjust bmi1 avx2 smep bmi2 erms invpcid mpx rdseed adx smap clflushopt intel_pt xsaveopt xsavec xgetbv1 xsaves dtherm ida arat pln pts hwp hwp_notify hwp_act_window hwp_epp md_clear flush_l1d
bugs		: cpu_meltdown spectre_v1 spectre_v2 spec_store_bypass l1tf mds swapgs itlb_multihit
bogomips	: 4399.99
clflush size	: 64
cache_alignment	: 64
address sizes	: 39 bits physical, 48 bits virtual
power management:

processor	: 5
vendor_id	: GenuineIntel
cpu family	: 6
model		: 158
model name	: Intel(R) Core(TM) i7-8750H CPU @ 2.20GHz
stepping	: 10
microcode	: 0xca
cpu MHz		: 4000.231
cache size	: 9216 KB
physical id	: 0
siblings	: 12
core id		: 5
cpu cores	: 6
apicid		: 10
initial apicid	: 10
fpu		: yes
fpu_exception	: yes
cpuid level	: 22
wp		: yes
flags		: fpu vme de pse tsc msr pae mce cx8 apic sep mtrr pge mca cmov pat pse36 clflush dts acpi mmx fxsr sse sse2 ss ht tm pbe syscall nx pdpe1gb rdtscp lm constant_tsc art arch_perfmon pebs bts rep_good nopl xtopology nonstop_tsc cpuid aperfmperf pni pclmulqdq dtes64 monitor ds_cpl vmx est tm2 ssse3 sdbg fma cx16 xtpr pdcm pcid sse4_1 sse4_2 x2apic movbe popcnt tsc_deadline_timer aes xsave avx f16c rdrand lahf_lm abm 3dnowprefetch cpuid_fault epb invpcid_single pti ssbd ibrs ibpb stibp tpr_shadow vnmi flexpriority ept vpid ept_ad fsgsbase tsc_adjust bmi1 avx2 smep bmi2 erms invpcid mpx rdseed adx smap clflushopt intel_pt xsaveopt xsavec xgetbv1 xsaves dtherm ida arat pln pts hwp hwp_notify hwp_act_window hwp_epp md_clear flush_l1d
bugs		: cpu_meltdown spectre_v1 spectre_v2 spec_store_bypass l1tf mds swapgs itlb_multihit
bogomips	: 4399.99
clflush size	: 64
cache_alignment	: 64
address sizes	: 39 bits physical, 48 bits virtual
power management:

processor	: 6
vendor_id	: GenuineIntel
cpu family	: 6
model		: 158
model name	: Intel(R) Core(TM) i7-8750H CPU @ 2.20GHz
stepping	: 10
microcode	: 0xca
cpu MHz		: 3987.951
cache size	: 9216 KB
physical id	: 0
siblings	: 12
core id		: 0
cpu cores	: 6
apicid		: 1
initial apicid	: 1
fpu		: yes
fpu_exception	: yes
cpuid level	: 22
wp		: yes
flags		: fpu vme de pse tsc msr pae mce cx8 apic sep mtrr pge mca cmov pat pse36 clflush dts acpi mmx fxsr sse sse2 ss ht tm pbe syscall nx pdpe1gb rdtscp lm constant_tsc art arch_perfmon pebs bts rep_good nopl xtopology nonstop_tsc cpuid aperfmperf pni pclmulqdq dtes64 monitor ds_cpl vmx est tm2 ssse3 sdbg fma cx16 xtpr pdcm pcid sse4_1 sse4_2 x2apic movbe popcnt tsc_deadline_timer aes xsave avx f16c rdrand lahf_lm abm 3dnowprefetch cpuid_fault epb invpcid_single pti ssbd ibrs ibpb stibp tpr_shadow vnmi flexpriority ept vpid ept_ad fsgsbase tsc_adjust bmi1 avx2 smep bmi2 erms invpcid mpx rdseed adx smap clflushopt intel_pt xsaveopt xsavec xgetbv1 xsaves dtherm ida arat pln pts hwp hwp_notify hwp_act_window hwp_epp md_clear flush_l1d
bugs		: cpu_meltdown spectre_v1 spectre_v2 spec_store_bypass l1tf mds swapgs itlb_multihit
bogomips	: 4399.99
clflush size	: 64
cache_alignment	: 64
address sizes	: 39 bits physical, 48 bits virtual
power management:

processor	: 7
vendor_id	: GenuineIntel
cpu family	: 6
model		: 158
model name	: Intel(R) Core(TM) i7-8750H CPU @ 2.20GHz
stepping	: 10
microcode	: 0xca
cpu MHz		: 4000.163
cache size	: 9216 KB
physical id	: 0
siblings	: 12
core id		: 1
cpu cores	: 6
apicid		: 3
initial apicid	: 3
fpu		: yes
fpu_exception	: yes
cpuid level	: 22
wp		: yes
flags		: fpu vme de pse tsc msr pae mce cx8 apic sep mtrr pge mca cmov pat pse36 clflush dts acpi mmx fxsr sse sse2 ss ht tm pbe syscall nx pdpe1gb rdtscp lm constant_tsc art arch_perfmon pebs bts rep_good nopl xtopology nonstop_tsc cpuid aperfmperf pni pclmulqdq dtes64 monitor ds_cpl vmx est tm2 ssse3 sdbg fma cx16 xtpr pdcm pcid sse4_1 sse4_2 x2apic movbe popcnt tsc_deadline_timer aes xsave avx f16c rdrand lahf_lm abm 3dnowprefetch cpuid_fault epb invpcid_single pti ssbd ibrs ibpb stibp tpr_shadow vnmi flexpriority ept vpid ept_ad fsgsbase tsc_adjust bmi1 avx2 smep bmi2 erms invpcid mpx rdseed adx smap clflushopt intel_pt xsaveopt xsavec xgetbv1 xsaves dtherm ida arat pln pts hwp hwp_notify hwp_act_window hwp_epp md_clear flush_l1d
bugs		: cpu_meltdown spectre_v1 spectre_v2 spec_store_bypass l1tf mds swapgs itlb_multihit
bogomips	: 4399.99
clflush size	: 64
cache_alignment	: 64
address sizes	: 39 bits physical, 48 bits virtual
power management:

processor	: 8
vendor_id	: GenuineIntel
cpu family	: 6
model		: 158
model name	: Intel(R) Core(TM) i7-8750H CPU @ 2.20GHz
stepping	: 10
microcode	: 0xca
cpu MHz		: 4000.238
cache size	: 9216 KB
physical id	: 0
siblings	: 12
core id		: 2
cpu cores	: 6
apicid		: 5
initial apicid	: 5
fpu		: yes
fpu_exception	: yes
cpuid level	: 22
wp		: yes
flags		: fpu vme de pse tsc msr pae mce cx8 apic sep mtrr pge mca cmov pat pse36 clflush dts acpi mmx fxsr sse sse2 ss ht tm pbe syscall nx pdpe1gb rdtscp lm constant_tsc art arch_perfmon pebs bts rep_good nopl xtopology nonstop_tsc cpuid aperfmperf pni pclmulqdq dtes64 monitor ds_cpl vmx est tm2 ssse3 sdbg fma cx16 xtpr pdcm pcid sse4_1 sse4_2 x2apic movbe popcnt tsc_deadline_timer aes xsave avx f16c rdrand lahf_lm abm 3dnowprefetch cpuid_fault epb invpcid_single pti ssbd ibrs ibpb stibp tpr_shadow vnmi flexpriority ept vpid ept_ad fsgsbase tsc_adjust bmi1 avx2 smep bmi2 erms invpcid mpx rdseed adx smap clflushopt intel_pt xsaveopt xsavec xgetbv1 xsaves dtherm ida arat pln pts hwp hwp_notify hwp_act_window hwp_epp md_clear flush_l1d
bugs		: cpu_meltdown spectre_v1 spectre_v2 spec_store_bypass l1tf mds swapgs itlb_multihit
bogomips	: 4399.99
clflush size	: 64
cache_alignment	: 64
address sizes	: 39 bits physical, 48 bits virtual
power management:

processor	: 9
vendor_id	: GenuineIntel
cpu family	: 6
model		: 158
model name	: Intel(R) Core(TM) i7-8750H CPU @ 2.20GHz
stepping	: 10
microcode	: 0xca
cpu MHz		: 3994.966
cache size	: 9216 KB
physical id	: 0
siblings	: 12
core id		: 3
cpu cores	: 6
apicid		: 7
initial apicid	: 7
fpu		: yes
fpu_exception	: yes
cpuid level	: 22
wp		: yes
flags		: fpu vme de pse tsc msr pae mce cx8 apic sep mtrr pge mca cmov pat pse36 clflush dts acpi mmx fxsr sse sse2 ss ht tm pbe syscall nx pdpe1gb rdtscp lm constant_tsc art arch_perfmon pebs bts rep_good nopl xtopology nonstop_tsc cpuid aperfmperf pni pclmulqdq dtes64 monitor ds_cpl vmx est tm2 ssse3 sdbg fma cx16 xtpr pdcm pcid sse4_1 sse4_2 x2apic movbe popcnt tsc_deadline_timer aes xsave avx f16c rdrand lahf_lm abm 3dnowprefetch cpuid_fault epb invpcid_single pti ssbd ibrs ibpb stibp tpr_shadow vnmi flexpriority ept vpid ept_ad fsgsbase tsc_adjust bmi1 avx2 smep bmi2 erms invpcid mpx rdseed adx smap clflushopt intel_pt xsaveopt xsavec xgetbv1 xsaves dtherm ida arat pln pts hwp hwp_notify hwp_act_window hwp_epp md_clear flush_l1d
bugs		: cpu_meltdown spectre_v1 spectre_v2 spec_store_bypass l1tf mds swapgs itlb_multihit
bogomips	: 4399.99
clflush size	: 64
cache_alignment	: 64
address sizes	: 39 bits physical, 48 bits virtual
power management:

processor	: 10
vendor_id	: GenuineIntel
cpu family	: 6
model		: 158
model name	: Intel(R) Core(TM) i7-8750H CPU @ 2.20GHz
stepping	: 10
microcode	: 0xca
cpu MHz		: 3973.268
cache size	: 9216 KB
physical id	: 0
siblings	: 12
core id		: 4
cpu cores	: 6
apicid		: 9
initial apicid	: 9
fpu		: yes
fpu_exception	: yes
cpuid level	: 22
wp		: yes
flags		: fpu vme de pse tsc msr pae mce cx8 apic sep mtrr pge mca cmov pat pse36 clflush dts acpi mmx fxsr sse sse2 ss ht tm pbe syscall nx pdpe1gb rdtscp lm constant_tsc art arch_perfmon pebs bts rep_good nopl xtopology nonstop_tsc cpuid aperfmperf pni pclmulqdq dtes64 monitor ds_cpl vmx est tm2 ssse3 sdbg fma cx16 xtpr pdcm pcid sse4_1 sse4_2 x2apic movbe popcnt tsc_deadline_timer aes xsave avx f16c rdrand lahf_lm abm 3dnowprefetch cpuid_fault epb invpcid_single pti ssbd ibrs ibpb stibp tpr_shadow vnmi flexpriority ept vpid ept_ad fsgsbase tsc_adjust bmi1 avx2 smep bmi2 erms invpcid mpx rdseed adx smap clflushopt intel_pt xsaveopt xsavec xgetbv1 xsaves dtherm ida arat pln pts hwp hwp_notify hwp_act_window hwp_epp md_clear flush_l1d
bugs		: cpu_meltdown spectre_v1 spectre_v2 spec_store_bypass l1tf mds swapgs itlb_multihit
bogomips	: 4399.99
clflush size	: 64
cache_alignment	: 64
address sizes	: 39 bits physical, 48 bits virtual
power management:

processor	: 11
vendor_id	: GenuineIntel
cpu family	: 6
model		: 158
model name	: Intel(R) Core(TM) i7-8750H CPU @ 2.20GHz
stepping	: 10
microcode	: 0xca
cpu MHz		: 4001.959
cache size	: 9216 KB
physical id	: 0
siblings	: 12
core id		: 5
cpu cores	: 6
apicid		: 11
initial apicid	: 11
fpu		: yes
fpu_exception	: yes
cpuid level	: 22
wp		: yes
flags		: fpu vme de pse tsc msr pae mce cx8 apic sep mtrr pge mca cmov pat pse36 clflush dts acpi mmx fxsr sse sse2 ss ht tm pbe syscall nx pdpe1gb rdtscp lm constant_tsc art arch_perfmon pebs bts rep_good nopl xtopology nonstop_tsc cpuid aperfmperf pni pclmulqdq dtes64 monitor ds_cpl vmx est tm2 ssse3 sdbg fma cx16 xtpr pdcm pcid sse4_1 sse4_2 x2apic movbe popcnt tsc_deadline_timer aes xsave avx f16c rdrand lahf_lm abm 3dnowprefetch cpuid_fault epb invpcid_single pti ssbd ibrs ibpb stibp tpr_shadow vnmi flexpriority ept vpid ept_ad fsgsbase tsc_adjust bmi1 avx2 smep bmi2 erms invpcid mpx rdseed adx smap clflushopt intel_pt xsaveopt xsavec xgetbv1 xsaves dtherm ida arat pln pts hwp hwp_notify hwp_act_window hwp_epp md_clear flush_l1d
bugs		: cpu_meltdown spectre_v1 spectre_v2 spec_store_bypass l1tf mds swapgs itlb_multihit
bogomips	: 4399.99
clflush size	: 64
cache_alignment	: 64
address sizes	: 39 bits physical, 48 bits virtual
power management:



Memory: 4k page, physical 32713504k(28151120k free), swap 2097148k(2097148k free)

vm_info: OpenJDK 64-Bit Server VM (25.222-b10) for linux-amd64 JRE (1.8.0_222-8u222-b10-1ubuntu1~18.04.1-b10), built on Jul 18 2019 18:52:48 by "buildd" with gcc 7.4.0

time: Sun Nov 24 09:56:37 2019
timezone: CST
elapsed time: 0 seconds (0d 0h 0m 0s)

