#
# A fatal error has been detected by the Java Runtime Environment:
#
#  SIGSEGV (0xb) at pc=0x0000000040d9cefa, pid=7967, tid=0x00007f4e43b2b700
#
# JRE version: OpenJDK Runtime Environment (8.0_222-b10) (build 1.8.0_222-8u222-b10-1ubuntu1~18.04.1-b10)
# Java VM: OpenJDK 64-Bit Server VM (25.222-b10 mixed mode linux-amd64 compressed oops)
# Problematic frame:
# C  0x0000000040d9cefa
#
# Failed to write core dump. Core dumps have been disabled. To enable core dumping, try "ulimit -c unlimited" before starting Java again
#
# If you would like to submit a bug report, please visit:
#   http://bugreport.java.com/bugreport/crash.jsp
# The crash happened outside the Java Virtual Machine in native code.
# See problematic frame for where to report the bug.
#

---------------  T H R E A D  ---------------

Current thread (0x00007f4e3c00b800):  JavaThread "main" [_thread_in_native, id=7973, stack(0x00007f4e43a2c000,0x00007f4e43b2c000)]

siginfo: si_signo: 11 (SIGSEGV), si_code: 1 (SEGV_MAPERR), si_addr: 0x0000000000000000

Registers:
RAX=0x00007f4dbc24898c, RBX=0x0000000040322000, RCX=0x0000000000000000, RDX=0x00007f4e3c92a7c4
RSP=0x00007f4e43b2a1a8, RBP=0x000000003f800000, RSI=0x0000000000000000, RDI=0x0000000000000000
R8 =0x0000000000000001, R9 =0x0000000000000000, R10=0x000000004039f950, R11=0x00007f4e3c92a7d8
R12=0x0000000000000006, R13=0x0000000000000006, R14=0x00007f4e3c92a7c0, R15=0x0000000000000090
RIP=0x0000000040d9cefa, EFLAGS=0x0000000000010246, CSGSFS=0x002b000000000033, ERR=0x0000000000000004
  TRAPNO=0x000000000000000e

Top of Stack: (sp=0x00007f4e43b2a1a8)
0x00007f4e43b2a1a8:   00007f4dbf039f5d 00007f4dbcabc060
0x00007f4e43b2a1b8:   00000000bf009bf3 00007f4dbcabc060
0x00007f4e43b2a1c8:   0000000600001405 0000000000000000
0x00007f4e43b2a1d8:   00000004676e1e00 0000000040322000
0x00007f4e43b2a1e8:   00007f4e3c96a278 00007f4e3c68f730
0x00007f4e43b2a1f8:   0000000040d9ce80 0000002000000000
0x00007f4e43b2a208:   0000000000000000 0000000000000000
0x00007f4e43b2a218:   0000000000000000 0000000600000000
0x00007f4e43b2a228:   00007f4e3c92a7c0 0000000000000000
0x00007f4e43b2a238:   0000000000000000 0000000000000000
0x00007f4e43b2a248:   0000000000000000 0000000000000000
0x00007f4e43b2a258:   0000000000000000 00007f4e3c68f730
0x00007f4e43b2a268:   0000000000000000 0000000000000000
0x00007f4e43b2a278:   0000000000000000 0000000000000000
0x00007f4e43b2a288:   0000000000000000 0000000000000000
0x00007f4e43b2a298:   0000000000000000 00000002f00df00d
0x00007f4e43b2a2a8:   000000000000009a 00000001beefbeef
0x00007f4e43b2a2b8:   0000000000000000 00000000f00df00d
0x00007f4e43b2a2c8:   0000000000000027 0000000040322000
0x00007f4e43b2a2d8:   00007f4e3c96a880 0000000000000001
0x00007f4e43b2a2e8:   00007f4e43b28110 0000000000000102
0x00007f4e43b2a2f8:   00007f4dbef68b87 0000000000000042
0x00007f4e43b2a308:   0000000000000000 0000000000000000
0x00007f4e43b2a318:   0000000040379e44 00007f4e43b2a360
0x00007f4e43b2a328:   0000000040379e40 0000000040322000
0x00007f4e43b2a338:   0000000000000007 0000000000002133
0x00007f4e43b2a348:   00007f4dbef695c1 00007f4e3c69dcf4
0x00007f4e43b2a358:   0000000301019123 0000000300002133
0x00007f4e43b2a368:   0000000100000003 0000000800000002
0x00007f4e43b2a378:   0000000400000001 00007f4e00000010
0x00007f4e43b2a388:   000000183c965250 0000000000000102
0x00007f4e43b2a398:   00c0000000000000 3fffffff3fffffff 

Instructions: (pc=0x0000000040d9cefa)
0x0000000040d9ceda:   68 04 48 be e0 96 37 40 00 00 00 00 48 8b 36 48
0x0000000040d9ceea:   8b b6 38 03 00 00 48 8b f9 48 c1 e7 04 48 03 f7
0x0000000040d9cefa:   8b 3e 8b 6e 04 89 78 08 89 68 0c 8b 7e 08 8b 6e
0x0000000040d9cf0a:   0c 89 78 10 89 68 14 48 83 c0 18 49 3b d3 75 8d 

Register to memory mapping:

RAX=0x00007f4dbc24898c is an unknown value
RBX=0x0000000040322000 is an unknown value
RCX=0x0000000000000000 is an unknown value
RDX=0x00007f4e3c92a7c4 is an unknown value
RSP=0x00007f4e43b2a1a8 is pointing into the stack for thread: 0x00007f4e3c00b800
RBP=0x000000003f800000 is an unknown value
RSI=0x0000000000000000 is an unknown value
RDI=0x0000000000000000 is an unknown value
R8 =0x0000000000000001 is an unknown value
R9 =0x0000000000000000 is an unknown value
R10=0x000000004039f950 is an unknown value
R11=0x00007f4e3c92a7d8 is an unknown value
R12=0x0000000000000006 is an unknown value
R13=0x0000000000000006 is an unknown value
R14=0x00007f4e3c92a7c0 is an unknown value
R15=0x0000000000000090 is an unknown value


Stack: [0x00007f4e43a2c000,0x00007f4e43b2c000],  sp=0x00007f4e43b2a1a8,  free space=1016k
Native frames: (J=compiled Java code, j=interpreted, Vv=VM code, C=native code)
C  0x0000000040d9cefa

Java frames: (J=compiled Java code, j=interpreted, Vv=VM code)
j  org.lwjgl.opengl.GL11C.nglDrawElements(IIIJ)V+0
j  org.lwjgl.opengl.GL11C.glDrawElements(IIIJ)V+4
j  org.lwjgl.opengl.GL11.glDrawElements(IIIJ)V+4
j  GUI.GUIRenderer.render(Lmodels/Mesh;Ljava/util/List;)V+56
j  rendering.MasterRenderer.render()V+203
j  misc.Game.render()V+8
j  main.Main.main([Ljava/lang/String;)V+30
v  ~StubRoutines::call_stub

---------------  P R O C E S S  ---------------

Java Threads: ( => current thread )
  0x00007f4e3c0d0000 JavaThread "Service Thread" daemon [_thread_blocked, id=7993, stack(0x00007f4df21fc000,0x00007f4df22fd000)]
  0x00007f4e3c0cc800 JavaThread "C1 CompilerThread3" daemon [_thread_blocked, id=7992, stack(0x00007f4df22fe000,0x00007f4df23fe000)]
  0x00007f4e3c0ca800 JavaThread "C2 CompilerThread2" daemon [_thread_in_native, id=7991, stack(0x00007f4df23ff000,0x00007f4df24ff000)]
  0x00007f4e3c0c9000 JavaThread "C2 CompilerThread1" daemon [_thread_blocked, id=7990, stack(0x00007f4df2500000,0x00007f4df2600000)]
  0x00007f4e3c0c6000 JavaThread "C2 CompilerThread0" daemon [_thread_blocked, id=7989, stack(0x00007f4df2601000,0x00007f4df2701000)]
  0x00007f4e3c0c4800 JavaThread "Signal Dispatcher" daemon [_thread_blocked, id=7988, stack(0x00007f4df2701000,0x00007f4df2802000)]
  0x00007f4e3c091800 JavaThread "Finalizer" daemon [_thread_blocked, id=7987, stack(0x00007f4df31d1000,0x00007f4df32d2000)]
  0x00007f4e3c08f800 JavaThread "Reference Handler" daemon [_thread_blocked, id=7986, stack(0x00007f4df32d2000,0x00007f4df33d3000)]
=>0x00007f4e3c00b800 JavaThread "main" [_thread_in_native, id=7973, stack(0x00007f4e43a2c000,0x00007f4e43b2c000)]

Other Threads:
  0x00007f4e3c085800 VMThread [stack: 0x00007f4df33d4000,0x00007f4df34d4000] [id=7984]
  0x00007f4e3c0d2800 WatcherThread [stack: 0x00007f4df20fc000,0x00007f4df21fc000] [id=7994]

VM state:not at safepoint (normal execution)

VM Mutex/Monitor currently owned by a thread: None

heap address: 0x00000005ccc00000, size: 7988 MB, Compressed Oops mode: Zero based, Oop shift amount: 3
Narrow klass base: 0x0000000000000000, Narrow klass shift: 3
Compressed class space size: 1073741824 Address: 0x00000007c0000000

Heap:
 PSYoungGen      total 149504K, used 60479K [0x0000000719980000, 0x000000072bd80000, 0x00000007c0000000)
  eden space 128512K, 45% used [0x0000000719980000,0x000000071d22f750,0x0000000721700000)
  from space 20992K, 11% used [0x0000000722b80000,0x0000000722de0780,0x0000000724000000)
  to   space 20992K, 0% used [0x0000000721700000,0x0000000721700000,0x0000000722b80000)
 ParOldGen       total 341504K, used 88K [0x00000005ccc00000, 0x00000005e1980000, 0x0000000719980000)
  object space 341504K, 0% used [0x00000005ccc00000,0x00000005ccc16010,0x00000005e1980000)
 Metaspace       used 11206K, capacity 11467K, committed 11776K, reserved 1060864K
  class space    used 905K, capacity 1006K, committed 1024K, reserved 1048576K

Card table byte_map: [0x00007f4e2bca5000,0x00007f4e2cc40000] byte_map_base: 0x00007f4e28e3f000

Marking Bits: (ParMarkBitMap*) 0x00007f4e42cc6360
 Begin Bits: [0x00007f4df8660000, 0x00007f4e00330000)
 End Bits:   [0x00007f4e00330000, 0x00007f4e08000000)

Polling page: 0x00007f4e43b47000

CodeCache: size=245760Kb used=4331Kb max_used=4331Kb free=241428Kb
 bounds [0x00007f4e2d000000, 0x00007f4e2d440000, 0x00007f4e3c000000]
 total_blobs=2016 nmethods=1094 adapters=837
 compilation: enabled

Compilation events (10 events):
Event: 1.060 Thread 0x00007f4e3c0cc800 nmethod 1089 0x00007f4e2d43ba10 code [0x00007f4e2d43bc20, 0x00007f4e2d43c558]
Event: 1.060 Thread 0x00007f4e3c0cc800 1090       3       java.util.LinkedHashMap$LinkedHashIterator::hasNext (13 bytes)
Event: 1.060 Thread 0x00007f4e3c0cc800 nmethod 1090 0x00007f4e2d43a4d0 code [0x00007f4e2d43a640, 0x00007f4e2d43a7f0]
Event: 1.061 Thread 0x00007f4e3c0cc800 1092       3       GUI.Constraint::setValue (70 bytes)
Event: 1.061 Thread 0x00007f4e3c0cc800 nmethod 1092 0x00007f4e2d43ca50 code [0x00007f4e2d43cc20, 0x00007f4e2d43d2d0]
Event: 1.061 Thread 0x00007f4e3c0cc800 1093       3       window.GLFWWindow::getHeight (16 bytes)
Event: 1.061 Thread 0x00007f4e3c0cc800 nmethod 1093 0x00007f4e2d439a90 code [0x00007f4e2d439c40, 0x00007f4e2d43a178]
Event: 1.061 Thread 0x00007f4e3c0cc800 1091       1       math.Transform::getPos (5 bytes)
Event: 1.061 Thread 0x00007f4e3c0cc800 nmethod 1091 0x00007f4e2d43d690 code [0x00007f4e2d43d7e0, 0x00007f4e2d43d8f0]
Event: 1.064 Thread 0x00007f4e3c0cc800 1095       3       math.Matrix::getRow (7 bytes)

GC Heap History (4 events):
Event: 0.760 GC heap before
{Heap before GC invocations=1 (full 0):
 PSYoungGen      total 149504K, used 128512K [0x0000000719980000, 0x0000000724000000, 0x00000007c0000000)
  eden space 128512K, 100% used [0x0000000719980000,0x0000000721700000,0x0000000721700000)
  from space 20992K, 0% used [0x0000000722b80000,0x0000000722b80000,0x0000000724000000)
  to   space 20992K, 0% used [0x0000000721700000,0x0000000721700000,0x0000000722b80000)
 ParOldGen       total 341504K, used 0K [0x00000005ccc00000, 0x00000005e1980000, 0x0000000719980000)
  object space 341504K, 0% used [0x00000005ccc00000,0x00000005ccc00000,0x00000005e1980000)
 Metaspace       used 10848K, capacity 11051K, committed 11264K, reserved 1058816K
  class space    used 870K, capacity 974K, committed 1024K, reserved 1048576K
Event: 0.764 GC heap after
Heap after GC invocations=1 (full 0):
 PSYoungGen      total 149504K, used 9600K [0x0000000719980000, 0x0000000724000000, 0x00000007c0000000)
  eden space 128512K, 0% used [0x0000000719980000,0x0000000719980000,0x0000000721700000)
  from space 20992K, 45% used [0x0000000721700000,0x0000000722060320,0x0000000722b80000)
  to   space 20992K, 0% used [0x0000000722b80000,0x0000000722b80000,0x0000000724000000)
 ParOldGen       total 341504K, used 80K [0x00000005ccc00000, 0x00000005e1980000, 0x0000000719980000)
  object space 341504K, 0% used [0x00000005ccc00000,0x00000005ccc14010,0x00000005e1980000)
 Metaspace       used 10848K, capacity 11051K, committed 11264K, reserved 1058816K
  class space    used 870K, capacity 974K, committed 1024K, reserved 1048576K
}
Event: 0.870 GC heap before
{Heap before GC invocations=2 (full 0):
 PSYoungGen      total 149504K, used 138112K [0x0000000719980000, 0x0000000724000000, 0x00000007c0000000)
  eden space 128512K, 100% used [0x0000000719980000,0x0000000721700000,0x0000000721700000)
  from space 20992K, 45% used [0x0000000721700000,0x0000000722060320,0x0000000722b80000)
  to   space 20992K, 0% used [0x0000000722b80000,0x0000000722b80000,0x0000000724000000)
 ParOldGen       total 341504K, used 80K [0x00000005ccc00000, 0x00000005e1980000, 0x0000000719980000)
  object space 341504K, 0% used [0x00000005ccc00000,0x00000005ccc14010,0x00000005e1980000)
 Metaspace       used 10859K, capacity 11051K, committed 11264K, reserved 1058816K
  class space    used 870K, capacity 974K, committed 1024K, reserved 1048576K
Event: 0.871 GC heap after
Heap after GC invocations=2 (full 0):
 PSYoungGen      total 149504K, used 2433K [0x0000000719980000, 0x000000072bd80000, 0x00000007c0000000)
  eden space 128512K, 0% used [0x0000000719980000,0x0000000719980000,0x0000000721700000)
  from space 20992K, 11% used [0x0000000722b80000,0x0000000722de0780,0x0000000724000000)
  to   space 20992K, 0% used [0x0000000721700000,0x0000000721700000,0x0000000722b80000)
 ParOldGen       total 341504K, used 88K [0x00000005ccc00000, 0x00000005e1980000, 0x0000000719980000)
  object space 341504K, 0% used [0x00000005ccc00000,0x00000005ccc16010,0x00000005e1980000)
 Metaspace       used 10859K, capacity 11051K, committed 11264K, reserved 1058816K
  class space    used 870K, capacity 974K, committed 1024K, reserved 1048576K
}

Deoptimization events (10 events):
Event: 0.672 Thread 0x00007f4e3c00b800 Uncommon trap: reason=unstable_if action=reinterpret pc=0x00007f4e2d3846c0 method=sun.misc.FloatingDecimal.readJavaFormatString(Ljava/lang/String;)Lsun/misc/FloatingDecimal$ASCIIToBinaryConverter; @ 235
Event: 0.672 Thread 0x00007f4e3c00b800 Uncommon trap: reason=class_check action=maybe_recompile pc=0x00007f4e2d378748 method=sun.misc.FloatingDecimal.parseFloat(Ljava/lang/String;)F @ 4
Event: 0.686 Thread 0x00007f4e3c00b800 Uncommon trap: reason=class_check action=maybe_recompile pc=0x00007f4e2d378748 method=sun.misc.FloatingDecimal.parseFloat(Ljava/lang/String;)F @ 4
Event: 0.700 Thread 0x00007f4e3c00b800 Uncommon trap: reason=class_check action=maybe_recompile pc=0x00007f4e2d378748 method=sun.misc.FloatingDecimal.parseFloat(Ljava/lang/String;)F @ 4
Event: 0.700 Thread 0x00007f4e3c00b800 Uncommon trap: reason=class_check action=maybe_recompile pc=0x00007f4e2d378748 method=sun.misc.FloatingDecimal.parseFloat(Ljava/lang/String;)F @ 4
Event: 0.864 Thread 0x00007f4e3c00b800 Uncommon trap: reason=unstable_if action=reinterpret pc=0x00007f4e2d3cebc8 method=files.OBJFile.read()Lmodels/RawModel; @ 507
Event: 0.864 Thread 0x00007f4e3c00b800 Uncommon trap: reason=unstable_if action=reinterpret pc=0x00007f4e2d329158 method=java.nio.Bits.copyFromArray(Ljava/lang/Object;JJJJ)V @ 18
Event: 0.888 Thread 0x00007f4e3c00b800 Uncommon trap: reason=unstable_if action=reinterpret pc=0x00007f4e2d1b90f0 method=java.lang.String.indexOf([CII[CIII)I @ 3
Event: 0.939 Thread 0x00007f4e3c00b800 Uncommon trap: reason=unstable_if action=reinterpret pc=0x00007f4e2d40cb8c method=sun.security.provider.NativePRNG$RandomIO.ensureBufferValid()V @ 57
Event: 1.023 Thread 0x00007f4e3c00b800 Uncommon trap: reason=unstable_if action=reinterpret pc=0x00007f4e2d430b44 method=terrain.Terrain.getVertexNormals([F[I)[F @ 211

Classes redefined (0 events):
No events

Internal exceptions (10 events):
Event: 0.099 Thread 0x00007f4e3c00b800 Exception <a 'java/security/PrivilegedActionException'> (0x0000000719f694d8) thrown at [/build/openjdk-8-OqY7zN/openjdk-8-8u222-b10/src/hotspot/src/share/vm/prims/jvm.cpp, line 1502]
Event: 0.099 Thread 0x00007f4e3c00b800 Exception <a 'java/security/PrivilegedActionException'> (0x0000000719f696e8) thrown at [/build/openjdk-8-OqY7zN/openjdk-8-8u222-b10/src/hotspot/src/share/vm/prims/jvm.cpp, line 1502]
Event: 0.099 Thread 0x00007f4e3c00b800 Exception <a 'java/security/PrivilegedActionException'> (0x0000000719f6b770) thrown at [/build/openjdk-8-OqY7zN/openjdk-8-8u222-b10/src/hotspot/src/share/vm/prims/jvm.cpp, line 1502]
Event: 0.099 Thread 0x00007f4e3c00b800 Exception <a 'java/security/PrivilegedActionException'> (0x0000000719f6b980) thrown at [/build/openjdk-8-OqY7zN/openjdk-8-8u222-b10/src/hotspot/src/share/vm/prims/jvm.cpp, line 1502]
Event: 0.099 Thread 0x00007f4e3c00b800 Exception <a 'java/security/PrivilegedActionException'> (0x0000000719f6c458) thrown at [/build/openjdk-8-OqY7zN/openjdk-8-8u222-b10/src/hotspot/src/share/vm/prims/jvm.cpp, line 1502]
Event: 0.099 Thread 0x00007f4e3c00b800 Exception <a 'java/security/PrivilegedActionException'> (0x0000000719f6c668) thrown at [/build/openjdk-8-OqY7zN/openjdk-8-8u222-b10/src/hotspot/src/share/vm/prims/jvm.cpp, line 1502]
Event: 0.107 Thread 0x00007f4e3c00b800 Exception <a 'sun/nio/fs/UnixException'> (0x0000000719f99790) thrown at [/build/openjdk-8-OqY7zN/openjdk-8-8u222-b10/src/hotspot/src/share/vm/prims/jni.cpp, line 710]
Event: 0.110 Thread 0x00007f4e3c00b800 Exception <a 'sun/nio/fs/UnixException'> (0x0000000719fa9d10) thrown at [/build/openjdk-8-OqY7zN/openjdk-8-8u222-b10/src/hotspot/src/share/vm/prims/jni.cpp, line 710]
Event: 0.200 Thread 0x00007f4e3c00b800 Exception <a 'sun/nio/fs/UnixException'> (0x000000071a119450) thrown at [/build/openjdk-8-OqY7zN/openjdk-8-8u222-b10/src/hotspot/src/share/vm/prims/jni.cpp, line 710]
Event: 0.200 Thread 0x00007f4e3c00b800 Exception <a 'sun/nio/fs/UnixException'> (0x000000071a1214e8) thrown at [/build/openjdk-8-OqY7zN/openjdk-8-8u222-b10/src/hotspot/src/share/vm/prims/jni.cpp, line 710]

Events (10 events):
Event: 0.982 loading class terrain/Vertex done
Event: 0.986 loading class terrain/Face
Event: 0.986 loading class terrain/Face done
Event: 1.023 Thread 0x00007f4e3c00b800 Uncommon trap: trap_request=0xffffff65 fr.pc=0x00007f4e2d430b44
Event: 1.023 Thread 0x00007f4e3c00b800 DEOPT PACKING pc=0x00007f4e2d430b44 sp=0x00007f4e43b2a660
Event: 1.023 Thread 0x00007f4e3c00b800 DEOPT UNPACKING pc=0x00007f4e2d04547a sp=0x00007f4e43b2a640 mode 2
Event: 1.062 loading class math/Matrix
Event: 1.062 loading class math/Matrix done
Event: 1.062 loading class org/lwjgl/opengl/GL$ICDStatic$WriteOnce
Event: 1.062 loading class org/lwjgl/opengl/GL$ICDStatic$WriteOnce done


Dynamic libraries:
40322000-403d1000 rw-p 00000000 00:00 0 
40d9b000-40d9d000 r-xs 00000000 103:02 15728687                          /tmp/.gl1nKP0x (deleted)
5ccc00000-5e1980000 rw-p 00000000 00:00 0 
5e1980000-719980000 ---p 00000000 00:00 0 
719980000-72bd80000 rw-p 00000000 00:00 0 
72bd80000-7c0000000 ---p 00000000 00:00 0 
7c0000000-7c0100000 rw-p 00000000 00:00 0 
7c0100000-800000000 ---p 00000000 00:00 0 
55e40049c000-55e40049d000 r-xp 00000000 103:02 9838898                   /usr/lib/jvm/java-8-openjdk-amd64/jre/bin/java
55e40069c000-55e40069d000 r--p 00000000 103:02 9838898                   /usr/lib/jvm/java-8-openjdk-amd64/jre/bin/java
55e40069d000-55e40069e000 rw-p 00001000 103:02 9838898                   /usr/lib/jvm/java-8-openjdk-amd64/jre/bin/java
55e4009d6000-55e4009f7000 rw-p 00000000 00:00 0                          [heap]
7f4d7c000000-7f4d7c021000 rw-p 00000000 00:00 0 
7f4d7c021000-7f4d80000000 ---p 00000000 00:00 0 
7f4d80000000-7f4d80021000 rw-p 00000000 00:00 0 
7f4d80021000-7f4d84000000 ---p 00000000 00:00 0 
7f4d84000000-7f4d84021000 rw-p 00000000 00:00 0 
7f4d84021000-7f4d88000000 ---p 00000000 00:00 0 
7f4d88000000-7f4d88021000 rw-p 00000000 00:00 0 
7f4d88021000-7f4d8c000000 ---p 00000000 00:00 0 
7f4d8c000000-7f4d8c021000 rw-p 00000000 00:00 0 
7f4d8c021000-7f4d90000000 ---p 00000000 00:00 0 
7f4d90000000-7f4d90021000 rw-p 00000000 00:00 0 
7f4d90021000-7f4d94000000 ---p 00000000 00:00 0 
7f4d94000000-7f4d94021000 rw-p 00000000 00:00 0 
7f4d94021000-7f4d98000000 ---p 00000000 00:00 0 
7f4d98000000-7f4d98021000 rw-p 00000000 00:00 0 
7f4d98021000-7f4d9c000000 ---p 00000000 00:00 0 
7f4d9c000000-7f4d9c021000 rw-p 00000000 00:00 0 
7f4d9c021000-7f4da0000000 ---p 00000000 00:00 0 
7f4da0000000-7f4da0021000 rw-p 00000000 00:00 0 
7f4da0021000-7f4da4000000 ---p 00000000 00:00 0 
7f4da4000000-7f4da4021000 rw-p 00000000 00:00 0 
7f4da4021000-7f4da8000000 ---p 00000000 00:00 0 
7f4dab7ff000-7f4dab800000 ---p 00000000 00:00 0 
7f4dab800000-7f4dac000000 rw-p 00000000 00:00 0 
7f4dac000000-7f4dad328000 rw-p 00000000 00:00 0 
7f4dad328000-7f4db0000000 ---p 00000000 00:00 0 
7f4db07d2000-7f4db0e59000 rw-p 00000000 00:00 0 
7f4db0e59000-7f4db0e5a000 ---p 00000000 00:00 0 
7f4db0e5a000-7f4db165a000 rw-p 00000000 00:00 0 
7f4db165a000-7f4db165b000 ---p 00000000 00:00 0 
7f4db165b000-7f4db1e5b000 rw-p 00000000 00:00 0 
7f4db1e5b000-7f4db1e5c000 ---p 00000000 00:00 0 
7f4db1e5c000-7f4db265c000 rw-p 00000000 00:00 0 
7f4db265c000-7f4db265d000 ---p 00000000 00:00 0 
7f4db265d000-7f4db2e5d000 rw-p 00000000 00:00 0 
7f4db2e5d000-7f4db2e5e000 ---p 00000000 00:00 0 
7f4db2e5e000-7f4db365e000 rw-p 00000000 00:00 0 
7f4db365e000-7f4db365f000 ---p 00000000 00:00 0 
7f4db365f000-7f4db3e5f000 rw-p 00000000 00:00 0 
7f4db3e5f000-7f4db3e60000 ---p 00000000 00:00 0 
7f4db3e60000-7f4db4660000 rw-p 00000000 00:00 0 
7f4db4660000-7f4db4661000 ---p 00000000 00:00 0 
7f4db4661000-7f4db4e61000 rw-p 00000000 00:00 0 
7f4db4e61000-7f4db4e62000 ---p 00000000 00:00 0 
7f4db4e62000-7f4db5662000 rw-p 00000000 00:00 0 
7f4db5662000-7f4db5663000 ---p 00000000 00:00 0 
7f4db5663000-7f4db5e63000 rw-p 00000000 00:00 0 
7f4db5e63000-7f4db5e64000 ---p 00000000 00:00 0 
7f4db5e64000-7f4db6a65000 rw-p 00000000 00:00 0 
7f4db6e66000-7f4db7267000 rw-p 00000000 00:00 0 
7f4db7668000-7f4db7a69000 rw-p 00000000 00:00 0 
7f4db7e6a000-7f4db826b000 rw-p 00000000 00:00 0 
7f4db866c000-7f4db8a6d000 rw-p 00000000 00:00 0 
7f4db8e6e000-7f4db926e000 rw-s 00000000 00:06 581                        /dev/nvidiactl
7f4db926e000-7f4db966f000 rw-p 00000000 00:00 0 
7f4db9a70000-7f4db9e71000 rw-p 00000000 00:00 0 
7f4dba272000-7f4dba672000 rw-s 00000000 00:06 581                        /dev/nvidiactl
7f4dba672000-7f4dbaa73000 rw-p 00000000 00:00 0 
7f4dbae74000-7f4dbb274000 rw-s 00000000 00:06 581                        /dev/nvidiactl
7f4dbb274000-7f4dbb674000 rw-s 00000000 00:06 581                        /dev/nvidiactl
7f4dbb674000-7f4dbba75000 rw-p 00000000 00:00 0 
7f4dbbe76000-7f4dbc276000 rw-s 00000000 00:06 581                        /dev/nvidiactl
7f4dbc276000-7f4dbc476000 rw-s 00000000 00:06 581                        /dev/nvidiactl
7f4dbc476000-7f4dbc877000 rw-p 00000000 00:00 0 
7f4dbca78000-7f4dbcaf8000 rw-p 00000000 00:00 0 
7f4dbcaf8000-7f4dbcc78000 ---p 00000000 00:00 0 
7f4dbcc78000-7f4dbce78000 rw-p 00000000 00:00 0 
7f4dbce78000-7f4dbceb8000 rw-s 00000000 08:01 16256738                   /home/sam/#16256738 (deleted)
7f4dbceb8000-7f4dbcef8000 r-xs 00000000 08:01 16256738                   /home/sam/#16256738 (deleted)
7f4dbcef8000-7f4dbcf50000 r-xp 00000000 103:02 15728686                  /tmp/lwjglsam/3.2.3-build-13/liblwjgl_opengl.so
7f4dbcf50000-7f4dbd14f000 ---p 00058000 103:02 15728686                  /tmp/lwjglsam/3.2.3-build-13/liblwjgl_opengl.so
7f4dbd14f000-7f4dbd150000 r--p 00057000 103:02 15728686                  /tmp/lwjglsam/3.2.3-build-13/liblwjgl_opengl.so
7f4dbd150000-7f4dbd151000 rw-p 00058000 103:02 15728686                  /tmp/lwjglsam/3.2.3-build-13/liblwjgl_opengl.so
7f4dbd151000-7f4dbd156000 r-xp 00000000 103:02 9839193                   /usr/lib/x86_64-linux-gnu/libxcb-sync.so.1.0.0
7f4dbd156000-7f4dbd356000 ---p 00005000 103:02 9839193                   /usr/lib/x86_64-linux-gnu/libxcb-sync.so.1.0.0
7f4dbd356000-7f4dbd357000 r--p 00005000 103:02 9839193                   /usr/lib/x86_64-linux-gnu/libxcb-sync.so.1.0.0
7f4dbd357000-7f4dbd358000 rw-p 00006000 103:02 9839193                   /usr/lib/x86_64-linux-gnu/libxcb-sync.so.1.0.0
7f4dbd358000-7f4dbd35a000 r-xp 00000000 103:02 9839185                   /usr/lib/x86_64-linux-gnu/libxcb-present.so.0.0.0
7f4dbd35a000-7f4dbd559000 ---p 00002000 103:02 9839185                   /usr/lib/x86_64-linux-gnu/libxcb-present.so.0.0.0
7f4dbd559000-7f4dbd55a000 r--p 00001000 103:02 9839185                   /usr/lib/x86_64-linux-gnu/libxcb-present.so.0.0.0
7f4dbd55a000-7f4dbd55b000 rw-p 00002000 103:02 9839185                   /usr/lib/x86_64-linux-gnu/libxcb-present.so.0.0.0
7f4dbd55b000-7f4dbd55e000 r-xp 00000000 103:02 9839181                   /usr/lib/x86_64-linux-gnu/libxcb-dri3.so.0.0.0
7f4dbd55e000-7f4dbd75d000 ---p 00003000 103:02 9839181                   /usr/lib/x86_64-linux-gnu/libxcb-dri3.so.0.0.0
7f4dbd75d000-7f4dbd75e000 r--p 00002000 103:02 9839181                   /usr/lib/x86_64-linux-gnu/libxcb-dri3.so.0.0.0
7f4dbd75e000-7f4dbd75f000 rw-p 00003000 103:02 9839181                   /usr/lib/x86_64-linux-gnu/libxcb-dri3.so.0.0.0
7f4dbd75f000-7f4dbd777000 r-xp 00000000 103:02 9839183                   /usr/lib/x86_64-linux-gnu/libxcb-glx.so.0.0.0
7f4dbd777000-7f4dbd977000 ---p 00018000 103:02 9839183                   /usr/lib/x86_64-linux-gnu/libxcb-glx.so.0.0.0
7f4dbd977000-7f4dbd979000 r--p 00018000 103:02 9839183                   /usr/lib/x86_64-linux-gnu/libxcb-glx.so.0.0.0
7f4dbd979000-7f4dbd97a000 rw-p 0001a000 103:02 9839183                   /usr/lib/x86_64-linux-gnu/libxcb-glx.so.0.0.0
7f4dbd994000-7f4dbda14000 rw-s 00000000 00:06 581                        /dev/nvidiactl
7f4dbdb14000-7f4dbdb27000 rw-s 00000000 00:06 581                        /dev/nvidiactl
7f4dbdb27000-7f4dbdb67000 rw-s 00000000 00:06 581                        /dev/nvidiactl
7f4dbdb67000-7f4dbdb87000 rw-s 00000000 00:06 581                        /dev/nvidiactl
7f4dbdb87000-7f4dbdbc7000 rw-s 00000000 00:06 581                        /dev/nvidiactl
7f4dbdbc7000-7f4dbdbe7000 rw-s 00000000 00:06 581                        /dev/nvidiactl
7f4dbdbe7000-7f4dbdc27000 rw-s 00000000 00:06 581                        /dev/nvidiactl
7f4dbdc47000-7f4dbdc57000 r-xp 00000000 103:02 9840432                   /usr/lib/x86_64-linux-gnu/libdrm.so.2.4.0
7f4dbdc57000-7f4dbde56000 ---p 00010000 103:02 9840432                   /usr/lib/x86_64-linux-gnu/libdrm.so.2.4.0
7f4dbde56000-7f4dbde57000 r--p 0000f000 103:02 9840432                   /usr/lib/x86_64-linux-gnu/libdrm.so.2.4.0
7f4dbde57000-7f4dbde58000 rw-p 00010000 103:02 9840432                   /usr/lib/x86_64-linux-gnu/libdrm.so.2.4.0
7f4dbde58000-7f4dbdffd000 rw-s 00000000 00:06 581                        /dev/nvidiactl
7f4dbdffd000-7f4dbf2d8000 r-xp 00000000 103:02 9840523                   /usr/lib/x86_64-linux-gnu/libnvidia-glcore.so.440.31
7f4dbf2d8000-7f4dbf2f9000 rwxp 012db000 103:02 9840523                   /usr/lib/x86_64-linux-gnu/libnvidia-glcore.so.440.31
7f4dbf2f9000-7f4dbf80a000 r-xp 012fc000 103:02 9840523                   /usr/lib/x86_64-linux-gnu/libnvidia-glcore.so.440.31
7f4dbf80a000-7f4dbfa09000 ---p 0180d000 103:02 9840523                   /usr/lib/x86_64-linux-gnu/libnvidia-glcore.so.440.31
7f4dbfa09000-7f4dbfd4f000 rw-p 0180c000 103:02 9840523                   /usr/lib/x86_64-linux-gnu/libnvidia-glcore.so.440.31
7f4dbfd4f000-7f4dbfd6b000 rw-p 00000000 00:00 0 
7f4dbfd6b000-7f4dbfd6e000 r-xp 00000000 103:02 9840527                   /usr/lib/x86_64-linux-gnu/libnvidia-tls.so.440.31
7f4dbfd6e000-7f4dbff6e000 ---p 00003000 103:02 9840527                   /usr/lib/x86_64-linux-gnu/libnvidia-tls.so.440.31
7f4dbff6e000-7f4dbff6f000 rw-p 00003000 103:02 9840527                   /usr/lib/x86_64-linux-gnu/libnvidia-tls.so.440.31
7f4dbff6f000-7f4dc0018000 r-xp 00000000 103:02 9840520                   /usr/lib/x86_64-linux-gnu/libGLX_nvidia.so.440.31
7f4dc0018000-7f4dc004d000 rwxp 000a9000 103:02 9840520                   /usr/lib/x86_64-linux-gnu/libGLX_nvidia.so.440.31
7f4dc004d000-7f4dc005c000 r-xp 000de000 103:02 9840520                   /usr/lib/x86_64-linux-gnu/libGLX_nvidia.so.440.31
7f4dc005c000-7f4dc025b000 ---p 000ed000 103:02 9840520                   /usr/lib/x86_64-linux-gnu/libGLX_nvidia.so.440.31
7f4dc025b000-7f4dc027f000 rw-p 000ec000 103:02 9840520                   /usr/lib/x86_64-linux-gnu/libGLX_nvidia.so.440.31
7f4dc027f000-7f4dc0281000 rw-p 00000000 00:00 0 
7f4dc0281000-7f4dc02c3000 r-xp 00000000 103:02 9837994                   /usr/lib/x86_64-linux-gnu/libGLdispatch.so.0.0.0
7f4dc02c3000-7f4dc02dc000 r-xp 00042000 103:02 9837994                   /usr/lib/x86_64-linux-gnu/libGLdispatch.so.0.0.0
7f4dc02dc000-7f4dc02ef000 r-xp 0005b000 103:02 9837994                   /usr/lib/x86_64-linux-gnu/libGLdispatch.so.0.0.0
7f4dc02ef000-7f4dc04ee000 ---p 0006e000 103:02 9837994                   /usr/lib/x86_64-linux-gnu/libGLdispatch.so.0.0.0
7f4dc04ee000-7f4dc0516000 r--p 0006d000 103:02 9837994                   /usr/lib/x86_64-linux-gnu/libGLdispatch.so.0.0.0
7f4dc0516000-7f4dc0517000 rw-p 00095000 103:02 9837994                   /usr/lib/x86_64-linux-gnu/libGLdispatch.so.0.0.0
7f4dc0517000-7f4dc0537000 rw-p 00000000 00:00 0 
7f4dc0537000-7f4dc0547000 r-xp 00000000 103:02 9837992                   /usr/lib/x86_64-linux-gnu/libGLX.so.0.0.0
7f4dc0547000-7f4dc0746000 ---p 00010000 103:02 9837992                   /usr/lib/x86_64-linux-gnu/libGLX.so.0.0.0
7f4dc0746000-7f4dc0747000 r--p 0000f000 103:02 9837992                   /usr/lib/x86_64-linux-gnu/libGLX.so.0.0.0
7f4dc0747000-7f4dc0748000 rw-p 00010000 103:02 9837992                   /usr/lib/x86_64-linux-gnu/libGLX.so.0.0.0
7f4dc0748000-7f4dc0768000 rw-p 00000000 00:00 0 
7f4dc0768000-7f4dc07ac000 r-xp 00000000 103:02 9837986                   /usr/lib/x86_64-linux-gnu/libGL.so.1.0.0
7f4dc07ac000-7f4dc07c5000 r-xp 00044000 103:02 9837986                   /usr/lib/x86_64-linux-gnu/libGL.so.1.0.0
7f4dc07c5000-7f4dc07d9000 r-xp 0005d000 103:02 9837986                   /usr/lib/x86_64-linux-gnu/libGL.so.1.0.0
7f4dc07d9000-7f4dc09d8000 ---p 00071000 103:02 9837986                   /usr/lib/x86_64-linux-gnu/libGL.so.1.0.0
7f4dc09d8000-7f4dc09f2000 r--p 00070000 103:02 9837986                   /usr/lib/x86_64-linux-gnu/libGL.so.1.0.0
7f4dc09f2000-7f4dc09f3000 rw-p 0008a000 103:02 9837986                   /usr/lib/x86_64-linux-gnu/libGL.so.1.0.0
7f4dc09f3000-7f4dc09f4000 rw-p 00000000 00:00 0 
7f4dc09f4000-7f4dc09f5000 r-xp 00000000 103:02 9840453                   /usr/lib/x86_64-linux-gnu/libX11-xcb.so.1.0.0
7f4dc09f5000-7f4dc0bf4000 ---p 00001000 103:02 9840453                   /usr/lib/x86_64-linux-gnu/libX11-xcb.so.1.0.0
7f4dc0bf4000-7f4dc0bf5000 r--p 00000000 103:02 9840453                   /usr/lib/x86_64-linux-gnu/libX11-xcb.so.1.0.0
7f4dc0bf5000-7f4dc0bf6000 rw-p 00001000 103:02 9840453                   /usr/lib/x86_64-linux-gnu/libX11-xcb.so.1.0.0
7f4dc0bf6000-7f4dc0bf8000 r-xp 00000000 103:02 9838067                   /usr/lib/x86_64-linux-gnu/libXinerama.so.1.0.0
7f4dc0bf8000-7f4dc0df7000 ---p 00002000 103:02 9838067                   /usr/lib/x86_64-linux-gnu/libXinerama.so.1.0.0
7f4dc0df7000-7f4dc0df8000 r--p 00001000 103:02 9838067                   /usr/lib/x86_64-linux-gnu/libXinerama.so.1.0.0
7f4dc0df8000-7f4dc0df9000 rw-p 00002000 103:02 9838067                   /usr/lib/x86_64-linux-gnu/libXinerama.so.1.0.0
7f4dc0df9000-7f4dc0dfe000 r-xp 00000000 103:02 9838059                   /usr/lib/x86_64-linux-gnu/libXfixes.so.3.1.0
7f4dc0dfe000-7f4dc0ffd000 ---p 00005000 103:02 9838059                   /usr/lib/x86_64-linux-gnu/libXfixes.so.3.1.0
7f4dc0ffd000-7f4dc0ffe000 r--p 00004000 103:02 9838059                   /usr/lib/x86_64-linux-gnu/libXfixes.so.3.1.0
7f4dc0ffe000-7f4dc0fff000 rw-p 00005000 103:02 9838059                   /usr/lib/x86_64-linux-gnu/libXfixes.so.3.1.0
7f4dc0fff000-7f4dc4000000 rw-p 00000000 00:00 0 
7f4dc4000000-7f4dc4021000 rw-p 00000000 00:00 0 
7f4dc4021000-7f4dc8000000 ---p 00000000 00:00 0 
7f4dc8000000-7f4dc8021000 rw-p 00000000 00:00 0 
7f4dc8021000-7f4dcc000000 ---p 00000000 00:00 0 
7f4dcc000000-7f4dcc5d3000 rw-p 00000000 00:00 0 
7f4dcc5d3000-7f4dd0000000 ---p 00000000 00:00 0 
7f4dd0000000-7f4dd0368000 rw-p 00000000 00:00 0 
7f4dd0368000-7f4dd4000000 ---p 00000000 00:00 0 
7f4dd4000000-7f4dd432b000 rw-p 00000000 00:00 0 
7f4dd432b000-7f4dd8000000 ---p 00000000 00:00 0 
7f4dd8000000-7f4dd8bf2000 rw-p 00000000 00:00 0 
7f4dd8bf2000-7f4ddc000000 ---p 00000000 00:00 0 
7f4ddc000000-7f4ddc021000 rw-p 00000000 00:00 0 
7f4ddc021000-7f4de0000000 ---p 00000000 00:00 0 
7f4de0000000-7f4de0021000 rw-p 00000000 00:00 0 
7f4de0021000-7f4de4000000 ---p 00000000 00:00 0 
7f4de4000000-7f4de4021000 rw-p 00000000 00:00 0 
7f4de4021000-7f4de8000000 ---p 00000000 00:00 0 
7f4de8000000-7f4de8021000 rw-p 00000000 00:00 0 
7f4de8021000-7f4dec000000 ---p 00000000 00:00 0 
7f4dec000000-7f4dec021000 rw-p 00000000 00:00 0 
7f4dec021000-7f4df0000000 ---p 00000000 00:00 0 
7f4df0007000-7f4df000c000 r--s 000a3000 103:02 9839305                   /usr/lib/jvm/java-8-openjdk-amd64/jre/lib/jsse.jar
7f4df000c000-7f4df0015000 r-xp 00000000 103:02 9838051                   /usr/lib/x86_64-linux-gnu/libXcursor.so.1.0.2
7f4df0015000-7f4df0214000 ---p 00009000 103:02 9838051                   /usr/lib/x86_64-linux-gnu/libXcursor.so.1.0.2
7f4df0214000-7f4df0215000 r--p 00008000 103:02 9838051                   /usr/lib/x86_64-linux-gnu/libXcursor.so.1.0.2
7f4df0215000-7f4df0216000 rw-p 00009000 103:02 9838051                   /usr/lib/x86_64-linux-gnu/libXcursor.so.1.0.2
7f4df0216000-7f4df021f000 r-xp 00000000 103:02 9838077                   /usr/lib/x86_64-linux-gnu/libXrender.so.1.3.0
7f4df021f000-7f4df041e000 ---p 00009000 103:02 9838077                   /usr/lib/x86_64-linux-gnu/libXrender.so.1.3.0
7f4df041e000-7f4df041f000 r--p 00008000 103:02 9838077                   /usr/lib/x86_64-linux-gnu/libXrender.so.1.3.0
7f4df041f000-7f4df0420000 rw-p 00009000 103:02 9838077                   /usr/lib/x86_64-linux-gnu/libXrender.so.1.3.0
7f4df0420000-7f4df042a000 r-xp 00000000 103:02 9838075                   /usr/lib/x86_64-linux-gnu/libXrandr.so.2.2.0
7f4df042a000-7f4df0629000 ---p 0000a000 103:02 9838075                   /usr/lib/x86_64-linux-gnu/libXrandr.so.2.2.0
7f4df0629000-7f4df062a000 r--p 00009000 103:02 9838075                   /usr/lib/x86_64-linux-gnu/libXrandr.so.2.2.0
7f4df062a000-7f4df062b000 rw-p 0000a000 103:02 9838075                   /usr/lib/x86_64-linux-gnu/libXrandr.so.2.2.0
7f4df062b000-7f4df063a000 r-xp 00000000 103:02 9838065                   /usr/lib/x86_64-linux-gnu/libXi.so.6.1.0
7f4df063a000-7f4df0839000 ---p 0000f000 103:02 9838065                   /usr/lib/x86_64-linux-gnu/libXi.so.6.1.0
7f4df0839000-7f4df083a000 r--p 0000e000 103:02 9838065                   /usr/lib/x86_64-linux-gnu/libXi.so.6.1.0
7f4df083a000-7f4df083b000 rw-p 0000f000 103:02 9838065                   /usr/lib/x86_64-linux-gnu/libXi.so.6.1.0
7f4df083b000-7f4df084c000 r-xp 00000000 103:02 9838057                   /usr/lib/x86_64-linux-gnu/libXext.so.6.4.0
7f4df084c000-7f4df0a4b000 ---p 00011000 103:02 9838057                   /usr/lib/x86_64-linux-gnu/libXext.so.6.4.0
7f4df0a4b000-7f4df0a4c000 r--p 00010000 103:02 9838057                   /usr/lib/x86_64-linux-gnu/libXext.so.6.4.0
7f4df0a4c000-7f4df0a4d000 rw-p 00011000 103:02 9838057                   /usr/lib/x86_64-linux-gnu/libXext.so.6.4.0
7f4df0a4d000-7f4df0a52000 r-xp 00000000 103:02 9838093                   /usr/lib/x86_64-linux-gnu/libXxf86vm.so.1.0.0
7f4df0a52000-7f4df0c51000 ---p 00005000 103:02 9838093                   /usr/lib/x86_64-linux-gnu/libXxf86vm.so.1.0.0
7f4df0c51000-7f4df0c52000 r--p 00004000 103:02 9838093                   /usr/lib/x86_64-linux-gnu/libXxf86vm.so.1.0.0
7f4df0c52000-7f4df0c53000 rw-p 00005000 103:02 9838093                   /usr/lib/x86_64-linux-gnu/libXxf86vm.so.1.0.0
7f4df0c53000-7f4df0c66000 r-xp 00000000 103:02 22942382                  /lib/x86_64-linux-gnu/libbsd.so.0.8.7
7f4df0c66000-7f4df0e65000 ---p 00013000 103:02 22942382                  /lib/x86_64-linux-gnu/libbsd.so.0.8.7
7f4df0e65000-7f4df0e66000 r--p 00012000 103:02 22942382                  /lib/x86_64-linux-gnu/libbsd.so.0.8.7
7f4df0e66000-7f4df0e67000 rw-p 00013000 103:02 22942382                  /lib/x86_64-linux-gnu/libbsd.so.0.8.7
7f4df0e67000-7f4df0e68000 rw-p 00000000 00:00 0 
7f4df0e68000-7f4df0e6d000 r-xp 00000000 103:02 9838055                   /usr/lib/x86_64-linux-gnu/libXdmcp.so.6.0.0
7f4df0e6d000-7f4df106c000 ---p 00005000 103:02 9838055                   /usr/lib/x86_64-linux-gnu/libXdmcp.so.6.0.0
7f4df106c000-7f4df106d000 r--p 00004000 103:02 9838055                   /usr/lib/x86_64-linux-gnu/libXdmcp.so.6.0.0
7f4df106d000-7f4df106e000 rw-p 00005000 103:02 9838055                   /usr/lib/x86_64-linux-gnu/libXdmcp.so.6.0.0
7f4df106e000-7f4df1070000 r-xp 00000000 103:02 9838044                   /usr/lib/x86_64-linux-gnu/libXau.so.6.0.0
7f4df1070000-7f4df1270000 ---p 00002000 103:02 9838044                   /usr/lib/x86_64-linux-gnu/libXau.so.6.0.0
7f4df1270000-7f4df1271000 r--p 00002000 103:02 9838044                   /usr/lib/x86_64-linux-gnu/libXau.so.6.0.0
7f4df1271000-7f4df1272000 rw-p 00003000 103:02 9838044                   /usr/lib/x86_64-linux-gnu/libXau.so.6.0.0
7f4df1272000-7f4df1298000 r-xp 00000000 103:02 9840409                   /usr/lib/x86_64-linux-gnu/libxcb.so.1.1.0
7f4df1298000-7f4df1498000 ---p 00026000 103:02 9840409                   /usr/lib/x86_64-linux-gnu/libxcb.so.1.1.0
7f4df1498000-7f4df1499000 r--p 00026000 103:02 9840409                   /usr/lib/x86_64-linux-gnu/libxcb.so.1.1.0
7f4df1499000-7f4df149a000 rw-p 00027000 103:02 9840409                   /usr/lib/x86_64-linux-gnu/libxcb.so.1.1.0
7f4df149a000-7f4df15cd000 r-xp 00000000 103:02 9839217                   /usr/lib/x86_64-linux-gnu/libX11.so.6.3.0
7f4df15cd000-7f4df17cd000 ---p 00133000 103:02 9839217                   /usr/lib/x86_64-linux-gnu/libX11.so.6.3.0
7f4df17cd000-7f4df17ce000 r--p 00133000 103:02 9839217                   /usr/lib/x86_64-linux-gnu/libX11.so.6.3.0
7f4df17ce000-7f4df17d2000 rw-p 00134000 103:02 9839217                   /usr/lib/x86_64-linux-gnu/libX11.so.6.3.0
7f4df17d5000-7f4df17d9000 r-xp 00000000 00:00 0 
7f4df17d9000-7f4df17dc000 rw-s 00000000 00:06 581                        /dev/nvidiactl
7f4df17dc000-7f4df17de000 rw-s 00000000 103:02 15728687                  /tmp/.gl1nKP0x (deleted)
7f4df17e2000-7f4df17e3000 rw-s 00000000 00:06 582                        /dev/nvidia0
7f4df17e3000-7f4df17e5000 rw-s 00000000 00:06 581                        /dev/nvidiactl
7f4df17e5000-7f4df17e9000 rw-s 00000000 00:06 581                        /dev/nvidiactl
7f4df17e9000-7f4df17ea000 rw-s 00000000 00:06 582                        /dev/nvidia0
7f4df17ea000-7f4df17eb000 rw-s 00000000 00:06 582                        /dev/nvidia0
7f4df17eb000-7f4df17ec000 rw-s 00000000 00:06 582                        /dev/nvidia0
7f4df17ec000-7f4df182f000 r-xp 00000000 103:02 15728684                  /tmp/lwjglsam/3.2.3-build-13/libglfw.so
7f4df182f000-7f4df1a2e000 ---p 00043000 103:02 15728684                  /tmp/lwjglsam/3.2.3-build-13/libglfw.so
7f4df1a2e000-7f4df1a2f000 r--p 00042000 103:02 15728684                  /tmp/lwjglsam/3.2.3-build-13/libglfw.so
7f4df1a2f000-7f4df1a31000 rw-p 00043000 103:02 15728684                  /tmp/lwjglsam/3.2.3-build-13/libglfw.so
7f4df1a31000-7f4df1a52000 rw-p 00000000 00:00 0 
7f4df1a52000-7f4df1aa3000 r-xp 00000000 103:02 15728683                  /tmp/lwjglsam/3.2.3-build-13/liblwjgl.so
7f4df1aa3000-7f4df1ca2000 ---p 00051000 103:02 15728683                  /tmp/lwjglsam/3.2.3-build-13/liblwjgl.so
7f4df1ca2000-7f4df1ca3000 r--p 00050000 103:02 15728683                  /tmp/lwjglsam/3.2.3-build-13/liblwjgl.so
7f4df1ca3000-7f4df1ca4000 rw-p 00051000 103:02 15728683                  /tmp/lwjglsam/3.2.3-build-13/liblwjgl.so
7f4df1ca4000-7f4df1cba000 r-xp 00000000 103:02 9839031                   /usr/lib/jvm/java-8-openjdk-amd64/jre/lib/amd64/libnet.so
7f4df1cba000-7f4df1eb9000 ---p 00016000 103:02 9839031                   /usr/lib/jvm/java-8-openjdk-amd64/jre/lib/amd64/libnet.so
7f4df1eb9000-7f4df1eba000 r--p 00015000 103:02 9839031                   /usr/lib/jvm/java-8-openjdk-amd64/jre/lib/amd64/libnet.so
7f4df1eba000-7f4df1ebb000 rw-p 00016000 103:02 9839031                   /usr/lib/jvm/java-8-openjdk-amd64/jre/lib/amd64/libnet.so
7f4df1ebb000-7f4df1ecc000 r-xp 00000000 103:02 9839036                   /usr/lib/jvm/java-8-openjdk-amd64/jre/lib/amd64/libnio.so
7f4df1ecc000-7f4df20cb000 ---p 00011000 103:02 9839036                   /usr/lib/jvm/java-8-openjdk-amd64/jre/lib/amd64/libnio.so
7f4df20cb000-7f4df20cc000 r--p 00010000 103:02 9839036                   /usr/lib/jvm/java-8-openjdk-amd64/jre/lib/amd64/libnio.so
7f4df20cc000-7f4df20cd000 rw-p 00011000 103:02 9839036                   /usr/lib/jvm/java-8-openjdk-amd64/jre/lib/amd64/libnio.so
7f4df20cd000-7f4df20e0000 r--s 00346000 103:02 9839324                   /usr/lib/jvm/java-8-openjdk-amd64/jre/lib/resources.jar
7f4df20e0000-7f4df20fb000 r--s 001d6000 103:02 9839212                   /usr/lib/jvm/java-8-openjdk-amd64/jre/lib/ext/nashorn.jar
7f4df20fb000-7f4df20fc000 ---p 00000000 00:00 0 
7f4df20fc000-7f4df21fc000 rw-p 00000000 00:00 0 
7f4df21fc000-7f4df21ff000 ---p 00000000 00:00 0 
7f4df21ff000-7f4df22fd000 rw-p 00000000 00:00 0 
7f4df22fd000-7f4df22fe000 ---p 00000000 00:00 0 
7f4df22fe000-7f4df2301000 ---p 00000000 00:00 0 
7f4df2301000-7f4df23fe000 rw-p 00000000 00:00 0 
7f4df23fe000-7f4df23ff000 ---p 00000000 00:00 0 
7f4df23ff000-7f4df2402000 ---p 00000000 00:00 0 
7f4df2402000-7f4df24ff000 rw-p 00000000 00:00 0 
7f4df24ff000-7f4df2500000 ---p 00000000 00:00 0 
7f4df2500000-7f4df2503000 ---p 00000000 00:00 0 
7f4df2503000-7f4df2600000 rw-p 00000000 00:00 0 
7f4df2600000-7f4df2601000 ---p 00000000 00:00 0 
7f4df2601000-7f4df2604000 ---p 00000000 00:00 0 
7f4df2604000-7f4df2701000 rw-p 00000000 00:00 0 
7f4df2701000-7f4df2704000 ---p 00000000 00:00 0 
7f4df2704000-7f4df2802000 rw-p 00000000 00:00 0 
7f4df2802000-7f4df31d1000 r--p 00000000 103:02 9837060                   /usr/lib/locale/locale-archive
7f4df31d1000-7f4df31d4000 ---p 00000000 00:00 0 
7f4df31d4000-7f4df32d2000 rw-p 00000000 00:00 0 
7f4df32d2000-7f4df32d5000 ---p 00000000 00:00 0 
7f4df32d5000-7f4df33d3000 rw-p 00000000 00:00 0 
7f4df33d3000-7f4df33d4000 ---p 00000000 00:00 0 
7f4df33d4000-7f4df4000000 rw-p 00000000 00:00 0 
7f4df4000000-7f4df4021000 rw-p 00000000 00:00 0 
7f4df4021000-7f4df8000000 ---p 00000000 00:00 0 
7f4df8000000-7f4df8001000 rw-s 00000000 00:06 581                        /dev/nvidiactl
7f4df8001000-7f4df8002000 rw-s 00000000 00:06 581                        /dev/nvidiactl
7f4df8002000-7f4df8003000 rw-s 00000000 00:06 581                        /dev/nvidiactl
7f4df8003000-7f4df800a000 r--s 00000000 103:02 10095718                  /usr/lib/x86_64-linux-gnu/gconv/gconv-modules.cache
7f4df800a000-7f4df800b000 r--s 00002000 08:01 16253464                   /home/sam/Downloads/pngdecoder-1.0.jar
7f4df800b000-7f4df800c000 r--s 00022000 08:01 17960234                   /home/sam/Downloads/lwjgl-3.2.3/lwjgl-glfw/lwjgl-glfw-natives-linux-arm64.jar
7f4df800c000-7f4df800d000 r--s 00026000 08:01 17960235                   /home/sam/Downloads/lwjgl-3.2.3/lwjgl-glfw/lwjgl-glfw-natives-linux.jar
7f4df800d000-7f4df8018000 r--s 000da000 08:01 19795221                   /home/sam/Downloads/lwjgl-3.2.3/lwjgl-opengl/lwjgl-opengl.jar
7f4df8018000-7f4e08000000 rw-p 00000000 00:00 0 
7f4e08000000-7f4e08021000 rw-p 00000000 00:00 0 
7f4e08021000-7f4e0c000000 ---p 00000000 00:00 0 
7f4e0c000000-7f4e0c021000 rw-p 00000000 00:00 0 
7f4e0c021000-7f4e10000000 ---p 00000000 00:00 0 
7f4e10000000-7f4e10021000 rw-p 00000000 00:00 0 
7f4e10021000-7f4e14000000 ---p 00000000 00:00 0 
7f4e14000000-7f4e14021000 rw-p 00000000 00:00 0 
7f4e14021000-7f4e18000000 ---p 00000000 00:00 0 
7f4e18000000-7f4e18021000 rw-p 00000000 00:00 0 
7f4e18021000-7f4e1c000000 ---p 00000000 00:00 0 
7f4e1c000000-7f4e1c021000 rw-p 00000000 00:00 0 
7f4e1c021000-7f4e20000000 ---p 00000000 00:00 0 
7f4e20000000-7f4e20021000 rw-p 00000000 00:00 0 
7f4e20021000-7f4e24000000 ---p 00000000 00:00 0 
7f4e24000000-7f4e24021000 rw-p 00000000 00:00 0 
7f4e24021000-7f4e28000000 ---p 00000000 00:00 0 
7f4e28000000-7f4e28003000 r--s 00018000 08:01 17960240                   /home/sam/Downloads/lwjgl-3.2.3/lwjgl-glfw/lwjgl-glfw.jar
7f4e28003000-7f4e28005000 r--s 0000d000 08:01 19795215                   /home/sam/Downloads/lwjgl-3.2.3/lwjgl-opengl/lwjgl-opengl-natives-linux-arm64.jar
7f4e28005000-7f4e28006000 r--s 00013000 08:01 19795216                   /home/sam/Downloads/lwjgl-3.2.3/lwjgl-opengl/lwjgl-opengl-natives-linux.jar
7f4e28006000-7f4e2800d000 r--s 00081000 08:01 16518147                   /home/sam/Downloads/lwjgl-3.2.3/lwjgl/lwjgl.jar
7f4e2800d000-7f4e28012000 r--s 0003c000 103:02 9839214                   /usr/lib/jvm/java-8-openjdk-amd64/jre/lib/ext/sunjce_provider.jar
7f4e28012000-7f4e29157000 rw-p 00000000 00:00 0 
7f4e29157000-7f4e29327000 r--s 03c5c000 103:02 9839328                   /usr/lib/jvm/java-8-openjdk-amd64/jre/lib/rt.jar
7f4e29327000-7f4e2ab37000 rw-p 00000000 00:00 0 
7f4e2ab37000-7f4e2ab38000 ---p 00000000 00:00 0 
7f4e2ab38000-7f4e2ac38000 rw-p 00000000 00:00 0 
7f4e2ac38000-7f4e2ac39000 ---p 00000000 00:00 0 
7f4e2ac39000-7f4e2ad39000 rw-p 00000000 00:00 0 
7f4e2ad39000-7f4e2ad3a000 ---p 00000000 00:00 0 
7f4e2ad3a000-7f4e2ae3a000 rw-p 00000000 00:00 0 
7f4e2ae3a000-7f4e2ae3b000 ---p 00000000 00:00 0 
7f4e2ae3b000-7f4e2af3b000 rw-p 00000000 00:00 0 
7f4e2af3b000-7f4e2af3c000 ---p 00000000 00:00 0 
7f4e2af3c000-7f4e2b03c000 rw-p 00000000 00:00 0 
7f4e2b03c000-7f4e2b03d000 ---p 00000000 00:00 0 
7f4e2b03d000-7f4e2b13d000 rw-p 00000000 00:00 0 
7f4e2b13d000-7f4e2b13e000 ---p 00000000 00:00 0 
7f4e2b13e000-7f4e2b2e5000 rw-p 00000000 00:00 0 
7f4e2b2e5000-7f4e2bca5000 ---p 00000000 00:00 0 
7f4e2bca5000-7f4e2bd4c000 rw-p 00000000 00:00 0 
7f4e2bd4c000-7f4e2c70b000 ---p 00000000 00:00 0 
7f4e2c70b000-7f4e2c79e000 rw-p 00000000 00:00 0 
7f4e2c79e000-7f4e2cc3f000 ---p 00000000 00:00 0 
7f4e2cc3f000-7f4e2cc51000 rw-p 00000000 00:00 0 
7f4e2cc51000-7f4e2d000000 ---p 00000000 00:00 0 
7f4e2d000000-7f4e2d440000 rwxp 00000000 00:00 0 
7f4e2d440000-7f4e3c000000 ---p 00000000 00:00 0 
7f4e3c000000-7f4e3f9b5000 rw-p 00000000 00:00 0 
7f4e3f9b5000-7f4e40000000 ---p 00000000 00:00 0 
7f4e40000000-7f4e40001000 r--s 0000c000 08:01 16517972                   /home/sam/Downloads/lwjgl-3.2.3/lwjgl/lwjgl-natives-linux-arm64.jar
7f4e40001000-7f4e40002000 r--s 00012000 08:01 16517973                   /home/sam/Downloads/lwjgl-3.2.3/lwjgl/lwjgl-natives-linux.jar
7f4e40002000-7f4e40005000 r--s 00039000 103:02 9839215                   /usr/lib/jvm/java-8-openjdk-amd64/jre/lib/ext/sunpkcs11.jar
7f4e40005000-7f4e40008000 r--s 0000f000 103:02 9839204                   /usr/lib/jvm/java-8-openjdk-amd64/jre/lib/ext/icedtea-sound.jar
7f4e40008000-7f4e40084000 rw-p 00000000 00:00 0 
7f4e40084000-7f4e40085000 ---p 00000000 00:00 0 
7f4e40085000-7f4e40185000 rw-p 00000000 00:00 0 
7f4e40185000-7f4e40186000 ---p 00000000 00:00 0 
7f4e40186000-7f4e40286000 rw-p 00000000 00:00 0 
7f4e40286000-7f4e40287000 ---p 00000000 00:00 0 
7f4e40287000-7f4e40387000 rw-p 00000000 00:00 0 
7f4e40387000-7f4e4038f000 r-xp 00000000 103:02 9839091                   /usr/lib/jvm/java-8-openjdk-amd64/jre/lib/amd64/libzip.so
7f4e4038f000-7f4e4058e000 ---p 00008000 103:02 9839091                   /usr/lib/jvm/java-8-openjdk-amd64/jre/lib/amd64/libzip.so
7f4e4058e000-7f4e4058f000 r--p 00007000 103:02 9839091                   /usr/lib/jvm/java-8-openjdk-amd64/jre/lib/amd64/libzip.so
7f4e4058f000-7f4e40590000 rw-p 00008000 103:02 9839091                   /usr/lib/jvm/java-8-openjdk-amd64/jre/lib/amd64/libzip.so
7f4e40590000-7f4e4059b000 r-xp 00000000 103:02 22942476                  /lib/x86_64-linux-gnu/libnss_files-2.27.so
7f4e4059b000-7f4e4079a000 ---p 0000b000 103:02 22942476                  /lib/x86_64-linux-gnu/libnss_files-2.27.so
7f4e4079a000-7f4e4079b000 r--p 0000a000 103:02 22942476                  /lib/x86_64-linux-gnu/libnss_files-2.27.so
7f4e4079b000-7f4e4079c000 rw-p 0000b000 103:02 22942476                  /lib/x86_64-linux-gnu/libnss_files-2.27.so
7f4e4079c000-7f4e407a2000 rw-p 00000000 00:00 0 
7f4e407a2000-7f4e407b9000 r-xp 00000000 103:02 22942470                  /lib/x86_64-linux-gnu/libnsl-2.27.so
7f4e407b9000-7f4e409b8000 ---p 00017000 103:02 22942470                  /lib/x86_64-linux-gnu/libnsl-2.27.so
7f4e409b8000-7f4e409b9000 r--p 00016000 103:02 22942470                  /lib/x86_64-linux-gnu/libnsl-2.27.so
7f4e409b9000-7f4e409ba000 rw-p 00017000 103:02 22942470                  /lib/x86_64-linux-gnu/libnsl-2.27.so
7f4e409ba000-7f4e409bc000 rw-p 00000000 00:00 0 
7f4e409bc000-7f4e409c7000 r-xp 00000000 103:02 22942487                  /lib/x86_64-linux-gnu/libnss_nis-2.27.so
7f4e409c7000-7f4e40bc6000 ---p 0000b000 103:02 22942487                  /lib/x86_64-linux-gnu/libnss_nis-2.27.so
7f4e40bc6000-7f4e40bc7000 r--p 0000a000 103:02 22942487                  /lib/x86_64-linux-gnu/libnss_nis-2.27.so
7f4e40bc7000-7f4e40bc8000 rw-p 0000b000 103:02 22942487                  /lib/x86_64-linux-gnu/libnss_nis-2.27.so
7f4e40bc8000-7f4e40bd0000 r-xp 00000000 103:02 22942472                  /lib/x86_64-linux-gnu/libnss_compat-2.27.so
7f4e40bd0000-7f4e40dd0000 ---p 00008000 103:02 22942472                  /lib/x86_64-linux-gnu/libnss_compat-2.27.so
7f4e40dd0000-7f4e40dd1000 r--p 00008000 103:02 22942472                  /lib/x86_64-linux-gnu/libnss_compat-2.27.so
7f4e40dd1000-7f4e40dd2000 rw-p 00009000 103:02 22942472                  /lib/x86_64-linux-gnu/libnss_compat-2.27.so
7f4e40dd2000-7f4e40dfc000 r-xp 00000000 103:02 9838982                   /usr/lib/jvm/java-8-openjdk-amd64/jre/lib/amd64/libjava.so
7f4e40dfc000-7f4e40ffb000 ---p 0002a000 103:02 9838982                   /usr/lib/jvm/java-8-openjdk-amd64/jre/lib/amd64/libjava.so
7f4e40ffb000-7f4e40ffc000 r--p 00029000 103:02 9838982                   /usr/lib/jvm/java-8-openjdk-amd64/jre/lib/amd64/libjava.so
7f4e40ffc000-7f4e40ffe000 rw-p 0002a000 103:02 9838982                   /usr/lib/jvm/java-8-openjdk-amd64/jre/lib/amd64/libjava.so
7f4e40ffe000-7f4e4100e000 r-xp 00000000 103:02 9839073                   /usr/lib/jvm/java-8-openjdk-amd64/jre/lib/amd64/libverify.so
7f4e4100e000-7f4e4120d000 ---p 00010000 103:02 9839073                   /usr/lib/jvm/java-8-openjdk-amd64/jre/lib/amd64/libverify.so
7f4e4120d000-7f4e4120f000 r--p 0000f000 103:02 9839073                   /usr/lib/jvm/java-8-openjdk-amd64/jre/lib/amd64/libverify.so
7f4e4120f000-7f4e41210000 rw-p 00011000 103:02 9839073                   /usr/lib/jvm/java-8-openjdk-amd64/jre/lib/amd64/libverify.so
7f4e41210000-7f4e41217000 r-xp 00000000 103:02 22942527                  /lib/x86_64-linux-gnu/librt-2.27.so
7f4e41217000-7f4e41416000 ---p 00007000 103:02 22942527                  /lib/x86_64-linux-gnu/librt-2.27.so
7f4e41416000-7f4e41417000 r--p 00006000 103:02 22942527                  /lib/x86_64-linux-gnu/librt-2.27.so
7f4e41417000-7f4e41418000 rw-p 00007000 103:02 22942527                  /lib/x86_64-linux-gnu/librt-2.27.so
7f4e41418000-7f4e4142f000 r-xp 00000000 103:02 22937606                  /lib/x86_64-linux-gnu/libgcc_s.so.1
7f4e4142f000-7f4e4162e000 ---p 00017000 103:02 22937606                  /lib/x86_64-linux-gnu/libgcc_s.so.1
7f4e4162e000-7f4e4162f000 r--p 00016000 103:02 22937606                  /lib/x86_64-linux-gnu/libgcc_s.so.1
7f4e4162f000-7f4e41630000 rw-p 00017000 103:02 22937606                  /lib/x86_64-linux-gnu/libgcc_s.so.1
7f4e41630000-7f4e417cd000 r-xp 00000000 103:02 22942449                  /lib/x86_64-linux-gnu/libm-2.27.so
7f4e417cd000-7f4e419cc000 ---p 0019d000 103:02 22942449                  /lib/x86_64-linux-gnu/libm-2.27.so
7f4e419cc000-7f4e419cd000 r--p 0019c000 103:02 22942449                  /lib/x86_64-linux-gnu/libm-2.27.so
7f4e419cd000-7f4e419ce000 rw-p 0019d000 103:02 22942449                  /lib/x86_64-linux-gnu/libm-2.27.so
7f4e419ce000-7f4e41b47000 r-xp 00000000 103:02 9830530                   /usr/lib/x86_64-linux-gnu/libstdc++.so.6.0.25
7f4e41b47000-7f4e41d47000 ---p 00179000 103:02 9830530                   /usr/lib/x86_64-linux-gnu/libstdc++.so.6.0.25
7f4e41d47000-7f4e41d51000 r--p 00179000 103:02 9830530                   /usr/lib/x86_64-linux-gnu/libstdc++.so.6.0.25
7f4e41d51000-7f4e41d53000 rw-p 00183000 103:02 9830530                   /usr/lib/x86_64-linux-gnu/libstdc++.so.6.0.25
7f4e41d53000-7f4e41d57000 rw-p 00000000 00:00 0 
7f4e41d57000-7f4e429f6000 r-xp 00000000 103:02 9839139                   /usr/lib/jvm/java-8-openjdk-amd64/jre/lib/amd64/server/libjvm.so
7f4e429f6000-7f4e42bf6000 ---p 00c9f000 103:02 9839139                   /usr/lib/jvm/java-8-openjdk-amd64/jre/lib/amd64/server/libjvm.so
7f4e42bf6000-7f4e42c8a000 r--p 00c9f000 103:02 9839139                   /usr/lib/jvm/java-8-openjdk-amd64/jre/lib/amd64/server/libjvm.so
7f4e42c8a000-7f4e42cb3000 rw-p 00d33000 103:02 9839139                   /usr/lib/jvm/java-8-openjdk-amd64/jre/lib/amd64/server/libjvm.so
7f4e42cb3000-7f4e42ce3000 rw-p 00000000 00:00 0 
7f4e42ce3000-7f4e42cfd000 r-xp 00000000 103:02 22942519                  /lib/x86_64-linux-gnu/libpthread-2.27.so
7f4e42cfd000-7f4e42efc000 ---p 0001a000 103:02 22942519                  /lib/x86_64-linux-gnu/libpthread-2.27.so
7f4e42efc000-7f4e42efd000 r--p 00019000 103:02 22942519                  /lib/x86_64-linux-gnu/libpthread-2.27.so
7f4e42efd000-7f4e42efe000 rw-p 0001a000 103:02 22942519                  /lib/x86_64-linux-gnu/libpthread-2.27.so
7f4e42efe000-7f4e42f02000 rw-p 00000000 00:00 0 
7f4e42f02000-7f4e42f05000 r-xp 00000000 103:02 22942409                  /lib/x86_64-linux-gnu/libdl-2.27.so
7f4e42f05000-7f4e43104000 ---p 00003000 103:02 22942409                  /lib/x86_64-linux-gnu/libdl-2.27.so
7f4e43104000-7f4e43105000 r--p 00002000 103:02 22942409                  /lib/x86_64-linux-gnu/libdl-2.27.so
7f4e43105000-7f4e43106000 rw-p 00003000 103:02 22942409                  /lib/x86_64-linux-gnu/libdl-2.27.so
7f4e43106000-7f4e43122000 r-xp 00000000 103:02 22942558                  /lib/x86_64-linux-gnu/libz.so.1.2.11
7f4e43122000-7f4e43321000 ---p 0001c000 103:02 22942558                  /lib/x86_64-linux-gnu/libz.so.1.2.11
7f4e43321000-7f4e43322000 r--p 0001b000 103:02 22942558                  /lib/x86_64-linux-gnu/libz.so.1.2.11
7f4e43322000-7f4e43323000 rw-p 0001c000 103:02 22942558                  /lib/x86_64-linux-gnu/libz.so.1.2.11
7f4e43323000-7f4e4350a000 r-xp 00000000 103:02 22942386                  /lib/x86_64-linux-gnu/libc-2.27.so
7f4e4350a000-7f4e4370a000 ---p 001e7000 103:02 22942386                  /lib/x86_64-linux-gnu/libc-2.27.so
7f4e4370a000-7f4e4370e000 r--p 001e7000 103:02 22942386                  /lib/x86_64-linux-gnu/libc-2.27.so
7f4e4370e000-7f4e43710000 rw-p 001eb000 103:02 22942386                  /lib/x86_64-linux-gnu/libc-2.27.so
7f4e43710000-7f4e43714000 rw-p 00000000 00:00 0 
7f4e43714000-7f4e43722000 r-xp 00000000 103:02 9838942                   /usr/lib/jvm/java-8-openjdk-amd64/jre/lib/amd64/jli/libjli.so
7f4e43722000-7f4e43921000 ---p 0000e000 103:02 9838942                   /usr/lib/jvm/java-8-openjdk-amd64/jre/lib/amd64/jli/libjli.so
7f4e43921000-7f4e43922000 r--p 0000d000 103:02 9838942                   /usr/lib/jvm/java-8-openjdk-amd64/jre/lib/amd64/jli/libjli.so
7f4e43922000-7f4e43923000 rw-p 0000e000 103:02 9838942                   /usr/lib/jvm/java-8-openjdk-amd64/jre/lib/amd64/jli/libjli.so
7f4e43923000-7f4e4394a000 r-xp 00000000 103:02 22942358                  /lib/x86_64-linux-gnu/ld-2.27.so
7f4e4394a000-7f4e4394b000 r--s 0000a000 103:02 9839205                   /usr/lib/jvm/java-8-openjdk-amd64/jre/lib/ext/jaccess.jar
7f4e4394b000-7f4e43966000 r--s 00394000 103:02 9839202                   /usr/lib/jvm/java-8-openjdk-amd64/jre/lib/ext/cldrdata.jar
7f4e43966000-7f4e43a2b000 rw-p 00000000 00:00 0 
7f4e43a2b000-7f4e43a2c000 ---p 00000000 00:00 0 
7f4e43a2c000-7f4e43a2f000 ---p 00000000 00:00 0 
7f4e43a2f000-7f4e43b2e000 rw-p 00000000 00:00 0 
7f4e43b2e000-7f4e43b30000 r--s 00001000 103:02 9839203                   /usr/lib/jvm/java-8-openjdk-amd64/jre/lib/ext/dnsns.jar
7f4e43b30000-7f4e43b3a000 r--s 00116000 103:02 9839206                   /usr/lib/jvm/java-8-openjdk-amd64/jre/lib/ext/localedata.jar
7f4e43b3a000-7f4e43b3c000 r--s 00007000 103:02 10224650                  /usr/share/java/java-atk-wrapper.jar
7f4e43b3c000-7f4e43b3d000 r--s 0000d000 103:02 9839213                   /usr/lib/jvm/java-8-openjdk-amd64/jre/lib/ext/sunec.jar
7f4e43b3d000-7f4e43b3e000 r--s 00010000 103:02 9839216                   /usr/lib/jvm/java-8-openjdk-amd64/jre/lib/ext/zipfs.jar
7f4e43b3e000-7f4e43b46000 rw-s 00000000 103:02 15728685                  /tmp/hsperfdata_sam/7967
7f4e43b46000-7f4e43b47000 rw-p 00000000 00:00 0 
7f4e43b47000-7f4e43b48000 r--p 00000000 00:00 0 
7f4e43b48000-7f4e43b4a000 rw-p 00000000 00:00 0 
7f4e43b4a000-7f4e43b4b000 r--p 00027000 103:02 22942358                  /lib/x86_64-linux-gnu/ld-2.27.so
7f4e43b4b000-7f4e43b4c000 rw-p 00028000 103:02 22942358                  /lib/x86_64-linux-gnu/ld-2.27.so
7f4e43b4c000-7f4e43b4d000 rw-p 00000000 00:00 0 
7ffd77658000-7ffd77679000 rw-p 00000000 00:00 0                          [stack]
7ffd7768e000-7ffd77691000 r--p 00000000 00:00 0                          [vvar]
7ffd77691000-7ffd77692000 r-xp 00000000 00:00 0                          [vdso]
ffffffffff600000-ffffffffff601000 --xp 00000000 00:00 0                  [vsyscall]

VM Arguments:
jvm_args: -Dfile.encoding=UTF-8 
java_command: main.Main
java_class_path (initial): /home/sam/Downloads/lwjgl-3.2.3/lwjgl/lwjgl.jar:/home/sam/Downloads/lwjgl-3.2.3/lwjgl/lwjgl-natives-linux.jar:/home/sam/Downloads/lwjgl-3.2.3/lwjgl/lwjgl-natives-linux-arm64.jar:/home/sam/Downloads/lwjgl-3.2.3/lwjgl-opengl/lwjgl-opengl.jar:/home/sam/Downloads/lwjgl-3.2.3/lwjgl-opengl/lwjgl-opengl-natives-linux.jar:/home/sam/Downloads/lwjgl-3.2.3/lwjgl-opengl/lwjgl-opengl-natives-linux-arm64.jar:/home/sam/Downloads/lwjgl-3.2.3/lwjgl-glfw/lwjgl-glfw.jar:/home/sam/Downloads/lwjgl-3.2.3/lwjgl-glfw/lwjgl-glfw-natives-linux.jar:/home/sam/Downloads/lwjgl-3.2.3/lwjgl-glfw/lwjgl-glfw-natives-linux-arm64.jar:/home/sam/Downloads/pngdecoder-1.0.jar:/home/sam/eclipse/workspace/LWJGL-ENGINE/bin
Launcher Type: SUN_STANDARD

Environment Variables:
PATH=/usr/local/sbin:/usr/local/bin:/usr/sbin:/usr/bin:/sbin:/bin:/usr/games:/usr/local/games:/snap/bin
USERNAME=sam
SHELL=/bin/bash
DISPLAY=:0

Signal Handlers:
SIGSEGV: [libjvm.so+0xab92f0], sa_mask[0]=11111111011111111101111111111110, sa_flags=SA_RESTART|SA_SIGINFO
SIGBUS: [libjvm.so+0xab92f0], sa_mask[0]=11111111011111111101111111111110, sa_flags=SA_RESTART|SA_SIGINFO
SIGFPE: [libjvm.so+0x8ee560], sa_mask[0]=11111111011111111101111111111110, sa_flags=SA_RESTART|SA_SIGINFO
SIGPIPE: [libjvm.so+0x8ee560], sa_mask[0]=11111111011111111101111111111110, sa_flags=SA_RESTART|SA_SIGINFO
SIGXFSZ: [libjvm.so+0x8ee560], sa_mask[0]=11111111011111111101111111111110, sa_flags=SA_RESTART|SA_SIGINFO
SIGILL: [libjvm.so+0x8ee560], sa_mask[0]=11111111011111111101111111111110, sa_flags=SA_RESTART|SA_SIGINFO
SIGUSR1: SIG_DFL, sa_mask[0]=00000000000000000000000000000000, sa_flags=none
SIGUSR2: [libjvm.so+0x8ee410], sa_mask[0]=00100000000000000000000000000000, sa_flags=SA_RESTART|SA_SIGINFO
SIGHUP: [libjvm.so+0x8eea80], sa_mask[0]=11111111011111111101111111111110, sa_flags=SA_RESTART|SA_SIGINFO
SIGINT: [libjvm.so+0x8eea80], sa_mask[0]=11111111011111111101111111111110, sa_flags=SA_RESTART|SA_SIGINFO
SIGTERM: [libjvm.so+0x8eea80], sa_mask[0]=11111111011111111101111111111110, sa_flags=SA_RESTART|SA_SIGINFO
SIGQUIT: [libjvm.so+0x8eea80], sa_mask[0]=11111111011111111101111111111110, sa_flags=SA_RESTART|SA_SIGINFO


---------------  S Y S T E M  ---------------

OS:DISTRIB_ID=Ubuntu
DISTRIB_RELEASE=18.04
DISTRIB_CODENAME=bionic
DISTRIB_DESCRIPTION="Ubuntu 18.04.3 LTS"

uname:Linux 5.3.0-23-generic #25~18.04.2-Ubuntu SMP Thu Nov 21 22:27:50 UTC 2019 x86_64
libc:glibc 2.27 NPTL 2.27 
rlimit: STACK 8192k, CORE 0k, NPROC 127594, NOFILE 1048576, AS infinity
load average:4.23 3.25 1.77

/proc/meminfo:
MemTotal:       32713520 kB
MemFree:        26234740 kB
MemAvailable:   28145212 kB
Buffers:          429804 kB
Cached:          2005168 kB
SwapCached:            0 kB
Active:          4938976 kB
Inactive:         945440 kB
Active(anon):    3491404 kB
Inactive(anon):   220804 kB
Active(file):    1447572 kB
Inactive(file):   724636 kB
Unevictable:       40904 kB
Mlocked:             352 kB
SwapTotal:       2097148 kB
SwapFree:        2097148 kB
Dirty:               300 kB
Writeback:             0 kB
AnonPages:       3490644 kB
Mapped:           641532 kB
Shmem:            262772 kB
KReclaimable:     207840 kB
Slab:             300088 kB
SReclaimable:     207840 kB
SUnreclaim:        92248 kB
KernelStack:       18416 kB
PageTables:        66704 kB
NFS_Unstable:          0 kB
Bounce:                0 kB
WritebackTmp:          0 kB
CommitLimit:    18453908 kB
Committed_AS:   11664548 kB
VmallocTotal:   34359738367 kB
VmallocUsed:       62036 kB
VmallocChunk:          0 kB
Percpu:             6144 kB
HardwareCorrupted:     0 kB
AnonHugePages:         0 kB
ShmemHugePages:        0 kB
ShmemPmdMapped:        0 kB
CmaTotal:              0 kB
CmaFree:               0 kB
HugePages_Total:       0
HugePages_Free:        0
HugePages_Rsvd:        0
HugePages_Surp:        0
Hugepagesize:       2048 kB
Hugetlb:               0 kB
DirectMap4k:      381600 kB
DirectMap2M:     8882176 kB
DirectMap1G:    24117248 kB

container (cgroup) information:
container_type: cgroupv1
cpu_cpuset_cpus: 0-11
cpu_memory_nodes: 0
active_processor_count: 12
cpu_quota: -1
cpu_period: 100000
cpu_shares: -1
memory_limit_in_bytes: -1
memory_and_swap_limit_in_bytes: -2
memory_soft_limit_in_bytes: -1
memory_usage_in_bytes: 6066876416
memory_max_usage_in_bytes: 0


CPU:total 12 (initial active 12) (6 cores per cpu, 2 threads per core) family 6 model 158 stepping 10, cmov, cx8, fxsr, mmx, sse, sse2, sse3, ssse3, sse4.1, sse4.2, popcnt, avx, avx2, aes, clmul, erms, 3dnowpref, lzcnt, ht, tsc, tscinvbit, bmi1, bmi2, adx

/proc/cpuinfo:
processor	: 0
vendor_id	: GenuineIntel
cpu family	: 6
model		: 158
model name	: Intel(R) Core(TM) i7-8750H CPU @ 2.20GHz
stepping	: 10
microcode	: 0xca
cpu MHz		: 3900.200
cache size	: 9216 KB
physical id	: 0
siblings	: 12
core id		: 0
cpu cores	: 6
apicid		: 0
initial apicid	: 0
fpu		: yes
fpu_exception	: yes
cpuid level	: 22
wp		: yes
flags		: fpu vme de pse tsc msr pae mce cx8 apic sep mtrr pge mca cmov pat pse36 clflush dts acpi mmx fxsr sse sse2 ss ht tm pbe syscall nx pdpe1gb rdtscp lm constant_tsc art arch_perfmon pebs bts rep_good nopl xtopology nonstop_tsc cpuid aperfmperf pni pclmulqdq dtes64 monitor ds_cpl vmx est tm2 ssse3 sdbg fma cx16 xtpr pdcm pcid sse4_1 sse4_2 x2apic movbe popcnt tsc_deadline_timer aes xsave avx f16c rdrand lahf_lm abm 3dnowprefetch cpuid_fault epb invpcid_single pti ssbd ibrs ibpb stibp tpr_shadow vnmi flexpriority ept vpid ept_ad fsgsbase tsc_adjust bmi1 avx2 smep bmi2 erms invpcid mpx rdseed adx smap clflushopt intel_pt xsaveopt xsavec xgetbv1 xsaves dtherm ida arat pln pts hwp hwp_notify hwp_act_window hwp_epp md_clear flush_l1d
bugs		: cpu_meltdown spectre_v1 spectre_v2 spec_store_bypass l1tf mds swapgs itlb_multihit
bogomips	: 4399.99
clflush size	: 64
cache_alignment	: 64
address sizes	: 39 bits physical, 48 bits virtual
power management:

processor	: 1
vendor_id	: GenuineIntel
cpu family	: 6
model		: 158
model name	: Intel(R) Core(TM) i7-8750H CPU @ 2.20GHz
stepping	: 10
microcode	: 0xca
cpu MHz		: 3902.450
cache size	: 9216 KB
physical id	: 0
siblings	: 12
core id		: 1
cpu cores	: 6
apicid		: 2
initial apicid	: 2
fpu		: yes
fpu_exception	: yes
cpuid level	: 22
wp		: yes
flags		: fpu vme de pse tsc msr pae mce cx8 apic sep mtrr pge mca cmov pat pse36 clflush dts acpi mmx fxsr sse sse2 ss ht tm pbe syscall nx pdpe1gb rdtscp lm constant_tsc art arch_perfmon pebs bts rep_good nopl xtopology nonstop_tsc cpuid aperfmperf pni pclmulqdq dtes64 monitor ds_cpl vmx est tm2 ssse3 sdbg fma cx16 xtpr pdcm pcid sse4_1 sse4_2 x2apic movbe popcnt tsc_deadline_timer aes xsave avx f16c rdrand lahf_lm abm 3dnowprefetch cpuid_fault epb invpcid_single pti ssbd ibrs ibpb stibp tpr_shadow vnmi flexpriority ept vpid ept_ad fsgsbase tsc_adjust bmi1 avx2 smep bmi2 erms invpcid mpx rdseed adx smap clflushopt intel_pt xsaveopt xsavec xgetbv1 xsaves dtherm ida arat pln pts hwp hwp_notify hwp_act_window hwp_epp md_clear flush_l1d
bugs		: cpu_meltdown spectre_v1 spectre_v2 spec_store_bypass l1tf mds swapgs itlb_multihit
bogomips	: 4399.99
clflush size	: 64
cache_alignment	: 64
address sizes	: 39 bits physical, 48 bits virtual
power management:

processor	: 2
vendor_id	: GenuineIntel
cpu family	: 6
model		: 158
model name	: Intel(R) Core(TM) i7-8750H CPU @ 2.20GHz
stepping	: 10
microcode	: 0xca
cpu MHz		: 3900.284
cache size	: 9216 KB
physical id	: 0
siblings	: 12
core id		: 2
cpu cores	: 6
apicid		: 4
initial apicid	: 4
fpu		: yes
fpu_exception	: yes
cpuid level	: 22
wp		: yes
flags		: fpu vme de pse tsc msr pae mce cx8 apic sep mtrr pge mca cmov pat pse36 clflush dts acpi mmx fxsr sse sse2 ss ht tm pbe syscall nx pdpe1gb rdtscp lm constant_tsc art arch_perfmon pebs bts rep_good nopl xtopology nonstop_tsc cpuid aperfmperf pni pclmulqdq dtes64 monitor ds_cpl vmx est tm2 ssse3 sdbg fma cx16 xtpr pdcm pcid sse4_1 sse4_2 x2apic movbe popcnt tsc_deadline_timer aes xsave avx f16c rdrand lahf_lm abm 3dnowprefetch cpuid_fault epb invpcid_single pti ssbd ibrs ibpb stibp tpr_shadow vnmi flexpriority ept vpid ept_ad fsgsbase tsc_adjust bmi1 avx2 smep bmi2 erms invpcid mpx rdseed adx smap clflushopt intel_pt xsaveopt xsavec xgetbv1 xsaves dtherm ida arat pln pts hwp hwp_notify hwp_act_window hwp_epp md_clear flush_l1d
bugs		: cpu_meltdown spectre_v1 spectre_v2 spec_store_bypass l1tf mds swapgs itlb_multihit
bogomips	: 4399.99
clflush size	: 64
cache_alignment	: 64
address sizes	: 39 bits physical, 48 bits virtual
power management:

processor	: 3
vendor_id	: GenuineIntel
cpu family	: 6
model		: 158
model name	: Intel(R) Core(TM) i7-8750H CPU @ 2.20GHz
stepping	: 10
microcode	: 0xca
cpu MHz		: 3900.001
cache size	: 9216 KB
physical id	: 0
siblings	: 12
core id		: 3
cpu cores	: 6
apicid		: 6
initial apicid	: 6
fpu		: yes
fpu_exception	: yes
cpuid level	: 22
wp		: yes
flags		: fpu vme de pse tsc msr pae mce cx8 apic sep mtrr pge mca cmov pat pse36 clflush dts acpi mmx fxsr sse sse2 ss ht tm pbe syscall nx pdpe1gb rdtscp lm constant_tsc art arch_perfmon pebs bts rep_good nopl xtopology nonstop_tsc cpuid aperfmperf pni pclmulqdq dtes64 monitor ds_cpl vmx est tm2 ssse3 sdbg fma cx16 xtpr pdcm pcid sse4_1 sse4_2 x2apic movbe popcnt tsc_deadline_timer aes xsave avx f16c rdrand lahf_lm abm 3dnowprefetch cpuid_fault epb invpcid_single pti ssbd ibrs ibpb stibp tpr_shadow vnmi flexpriority ept vpid ept_ad fsgsbase tsc_adjust bmi1 avx2 smep bmi2 erms invpcid mpx rdseed adx smap clflushopt intel_pt xsaveopt xsavec xgetbv1 xsaves dtherm ida arat pln pts hwp hwp_notify hwp_act_window hwp_epp md_clear flush_l1d
bugs		: cpu_meltdown spectre_v1 spectre_v2 spec_store_bypass l1tf mds swapgs itlb_multihit
bogomips	: 4399.99
clflush size	: 64
cache_alignment	: 64
address sizes	: 39 bits physical, 48 bits virtual
power management:

processor	: 4
vendor_id	: GenuineIntel
cpu family	: 6
model		: 158
model name	: Intel(R) Core(TM) i7-8750H CPU @ 2.20GHz
stepping	: 10
microcode	: 0xca
cpu MHz		: 3899.999
cache size	: 9216 KB
physical id	: 0
siblings	: 12
core id		: 4
cpu cores	: 6
apicid		: 8
initial apicid	: 8
fpu		: yes
fpu_exception	: yes
cpuid level	: 22
wp		: yes
flags		: fpu vme de pse tsc msr pae mce cx8 apic sep mtrr pge mca cmov pat pse36 clflush dts acpi mmx fxsr sse sse2 ss ht tm pbe syscall nx pdpe1gb rdtscp lm constant_tsc art arch_perfmon pebs bts rep_good nopl xtopology nonstop_tsc cpuid aperfmperf pni pclmulqdq dtes64 monitor ds_cpl vmx est tm2 ssse3 sdbg fma cx16 xtpr pdcm pcid sse4_1 sse4_2 x2apic movbe popcnt tsc_deadline_timer aes xsave avx f16c rdrand lahf_lm abm 3dnowprefetch cpuid_fault epb invpcid_single pti ssbd ibrs ibpb stibp tpr_shadow vnmi flexpriority ept vpid ept_ad fsgsbase tsc_adjust bmi1 avx2 smep bmi2 erms invpcid mpx rdseed adx smap clflushopt intel_pt xsaveopt xsavec xgetbv1 xsaves dtherm ida arat pln pts hwp hwp_notify hwp_act_window hwp_epp md_clear flush_l1d
bugs		: cpu_meltdown spectre_v1 spectre_v2 spec_store_bypass l1tf mds swapgs itlb_multihit
bogomips	: 4399.99
clflush size	: 64
cache_alignment	: 64
address sizes	: 39 bits physical, 48 bits virtual
power management:

processor	: 5
vendor_id	: GenuineIntel
cpu family	: 6
model		: 158
model name	: Intel(R) Core(TM) i7-8750H CPU @ 2.20GHz
stepping	: 10
microcode	: 0xca
cpu MHz		: 3900.779
cache size	: 9216 KB
physical id	: 0
siblings	: 12
core id		: 5
cpu cores	: 6
apicid		: 10
initial apicid	: 10
fpu		: yes
fpu_exception	: yes
cpuid level	: 22
wp		: yes
flags		: fpu vme de pse tsc msr pae mce cx8 apic sep mtrr pge mca cmov pat pse36 clflush dts acpi mmx fxsr sse sse2 ss ht tm pbe syscall nx pdpe1gb rdtscp lm constant_tsc art arch_perfmon pebs bts rep_good nopl xtopology nonstop_tsc cpuid aperfmperf pni pclmulqdq dtes64 monitor ds_cpl vmx est tm2 ssse3 sdbg fma cx16 xtpr pdcm pcid sse4_1 sse4_2 x2apic movbe popcnt tsc_deadline_timer aes xsave avx f16c rdrand lahf_lm abm 3dnowprefetch cpuid_fault epb invpcid_single pti ssbd ibrs ibpb stibp tpr_shadow vnmi flexpriority ept vpid ept_ad fsgsbase tsc_adjust bmi1 avx2 smep bmi2 erms invpcid mpx rdseed adx smap clflushopt intel_pt xsaveopt xsavec xgetbv1 xsaves dtherm ida arat pln pts hwp hwp_notify hwp_act_window hwp_epp md_clear flush_l1d
bugs		: cpu_meltdown spectre_v1 spectre_v2 spec_store_bypass l1tf mds swapgs itlb_multihit
bogomips	: 4399.99
clflush size	: 64
cache_alignment	: 64
address sizes	: 39 bits physical, 48 bits virtual
power management:

processor	: 6
vendor_id	: GenuineIntel
cpu family	: 6
model		: 158
model name	: Intel(R) Core(TM) i7-8750H CPU @ 2.20GHz
stepping	: 10
microcode	: 0xca
cpu MHz		: 3899.750
cache size	: 9216 KB
physical id	: 0
siblings	: 12
core id		: 0
cpu cores	: 6
apicid		: 1
initial apicid	: 1
fpu		: yes
fpu_exception	: yes
cpuid level	: 22
wp		: yes
flags		: fpu vme de pse tsc msr pae mce cx8 apic sep mtrr pge mca cmov pat pse36 clflush dts acpi mmx fxsr sse sse2 ss ht tm pbe syscall nx pdpe1gb rdtscp lm constant_tsc art arch_perfmon pebs bts rep_good nopl xtopology nonstop_tsc cpuid aperfmperf pni pclmulqdq dtes64 monitor ds_cpl vmx est tm2 ssse3 sdbg fma cx16 xtpr pdcm pcid sse4_1 sse4_2 x2apic movbe popcnt tsc_deadline_timer aes xsave avx f16c rdrand lahf_lm abm 3dnowprefetch cpuid_fault epb invpcid_single pti ssbd ibrs ibpb stibp tpr_shadow vnmi flexpriority ept vpid ept_ad fsgsbase tsc_adjust bmi1 avx2 smep bmi2 erms invpcid mpx rdseed adx smap clflushopt intel_pt xsaveopt xsavec xgetbv1 xsaves dtherm ida arat pln pts hwp hwp_notify hwp_act_window hwp_epp md_clear flush_l1d
bugs		: cpu_meltdown spectre_v1 spectre_v2 spec_store_bypass l1tf mds swapgs itlb_multihit
bogomips	: 4399.99
clflush size	: 64
cache_alignment	: 64
address sizes	: 39 bits physical, 48 bits virtual
power management:

processor	: 7
vendor_id	: GenuineIntel
cpu family	: 6
model		: 158
model name	: Intel(R) Core(TM) i7-8750H CPU @ 2.20GHz
stepping	: 10
microcode	: 0xca
cpu MHz		: 3900.036
cache size	: 9216 KB
physical id	: 0
siblings	: 12
core id		: 1
cpu cores	: 6
apicid		: 3
initial apicid	: 3
fpu		: yes
fpu_exception	: yes
cpuid level	: 22
wp		: yes
flags		: fpu vme de pse tsc msr pae mce cx8 apic sep mtrr pge mca cmov pat pse36 clflush dts acpi mmx fxsr sse sse2 ss ht tm pbe syscall nx pdpe1gb rdtscp lm constant_tsc art arch_perfmon pebs bts rep_good nopl xtopology nonstop_tsc cpuid aperfmperf pni pclmulqdq dtes64 monitor ds_cpl vmx est tm2 ssse3 sdbg fma cx16 xtpr pdcm pcid sse4_1 sse4_2 x2apic movbe popcnt tsc_deadline_timer aes xsave avx f16c rdrand lahf_lm abm 3dnowprefetch cpuid_fault epb invpcid_single pti ssbd ibrs ibpb stibp tpr_shadow vnmi flexpriority ept vpid ept_ad fsgsbase tsc_adjust bmi1 avx2 smep bmi2 erms invpcid mpx rdseed adx smap clflushopt intel_pt xsaveopt xsavec xgetbv1 xsaves dtherm ida arat pln pts hwp hwp_notify hwp_act_window hwp_epp md_clear flush_l1d
bugs		: cpu_meltdown spectre_v1 spectre_v2 spec_store_bypass l1tf mds swapgs itlb_multihit
bogomips	: 4399.99
clflush size	: 64
cache_alignment	: 64
address sizes	: 39 bits physical, 48 bits virtual
power management:

processor	: 8
vendor_id	: GenuineIntel
cpu family	: 6
model		: 158
model name	: Intel(R) Core(TM) i7-8750H CPU @ 2.20GHz
stepping	: 10
microcode	: 0xca
cpu MHz		: 3900.046
cache size	: 9216 KB
physical id	: 0
siblings	: 12
core id		: 2
cpu cores	: 6
apicid		: 5
initial apicid	: 5
fpu		: yes
fpu_exception	: yes
cpuid level	: 22
wp		: yes
flags		: fpu vme de pse tsc msr pae mce cx8 apic sep mtrr pge mca cmov pat pse36 clflush dts acpi mmx fxsr sse sse2 ss ht tm pbe syscall nx pdpe1gb rdtscp lm constant_tsc art arch_perfmon pebs bts rep_good nopl xtopology nonstop_tsc cpuid aperfmperf pni pclmulqdq dtes64 monitor ds_cpl vmx est tm2 ssse3 sdbg fma cx16 xtpr pdcm pcid sse4_1 sse4_2 x2apic movbe popcnt tsc_deadline_timer aes xsave avx f16c rdrand lahf_lm abm 3dnowprefetch cpuid_fault epb invpcid_single pti ssbd ibrs ibpb stibp tpr_shadow vnmi flexpriority ept vpid ept_ad fsgsbase tsc_adjust bmi1 avx2 smep bmi2 erms invpcid mpx rdseed adx smap clflushopt intel_pt xsaveopt xsavec xgetbv1 xsaves dtherm ida arat pln pts hwp hwp_notify hwp_act_window hwp_epp md_clear flush_l1d
bugs		: cpu_meltdown spectre_v1 spectre_v2 spec_store_bypass l1tf mds swapgs itlb_multihit
bogomips	: 4399.99
clflush size	: 64
cache_alignment	: 64
address sizes	: 39 bits physical, 48 bits virtual
power management:

processor	: 9
vendor_id	: GenuineIntel
cpu family	: 6
model		: 158
model name	: Intel(R) Core(TM) i7-8750H CPU @ 2.20GHz
stepping	: 10
microcode	: 0xca
cpu MHz		: 3902.696
cache size	: 9216 KB
physical id	: 0
siblings	: 12
core id		: 3
cpu cores	: 6
apicid		: 7
initial apicid	: 7
fpu		: yes
fpu_exception	: yes
cpuid level	: 22
wp		: yes
flags		: fpu vme de pse tsc msr pae mce cx8 apic sep mtrr pge mca cmov pat pse36 clflush dts acpi mmx fxsr sse sse2 ss ht tm pbe syscall nx pdpe1gb rdtscp lm constant_tsc art arch_perfmon pebs bts rep_good nopl xtopology nonstop_tsc cpuid aperfmperf pni pclmulqdq dtes64 monitor ds_cpl vmx est tm2 ssse3 sdbg fma cx16 xtpr pdcm pcid sse4_1 sse4_2 x2apic movbe popcnt tsc_deadline_timer aes xsave avx f16c rdrand lahf_lm abm 3dnowprefetch cpuid_fault epb invpcid_single pti ssbd ibrs ibpb stibp tpr_shadow vnmi flexpriority ept vpid ept_ad fsgsbase tsc_adjust bmi1 avx2 smep bmi2 erms invpcid mpx rdseed adx smap clflushopt intel_pt xsaveopt xsavec xgetbv1 xsaves dtherm ida arat pln pts hwp hwp_notify hwp_act_window hwp_epp md_clear flush_l1d
bugs		: cpu_meltdown spectre_v1 spectre_v2 spec_store_bypass l1tf mds swapgs itlb_multihit
bogomips	: 4399.99
clflush size	: 64
cache_alignment	: 64
address sizes	: 39 bits physical, 48 bits virtual
power management:

processor	: 10
vendor_id	: GenuineIntel
cpu family	: 6
model		: 158
model name	: Intel(R) Core(TM) i7-8750H CPU @ 2.20GHz
stepping	: 10
microcode	: 0xca
cpu MHz		: 3900.003
cache size	: 9216 KB
physical id	: 0
siblings	: 12
core id		: 4
cpu cores	: 6
apicid		: 9
initial apicid	: 9
fpu		: yes
fpu_exception	: yes
cpuid level	: 22
wp		: yes
flags		: fpu vme de pse tsc msr pae mce cx8 apic sep mtrr pge mca cmov pat pse36 clflush dts acpi mmx fxsr sse sse2 ss ht tm pbe syscall nx pdpe1gb rdtscp lm constant_tsc art arch_perfmon pebs bts rep_good nopl xtopology nonstop_tsc cpuid aperfmperf pni pclmulqdq dtes64 monitor ds_cpl vmx est tm2 ssse3 sdbg fma cx16 xtpr pdcm pcid sse4_1 sse4_2 x2apic movbe popcnt tsc_deadline_timer aes xsave avx f16c rdrand lahf_lm abm 3dnowprefetch cpuid_fault epb invpcid_single pti ssbd ibrs ibpb stibp tpr_shadow vnmi flexpriority ept vpid ept_ad fsgsbase tsc_adjust bmi1 avx2 smep bmi2 erms invpcid mpx rdseed adx smap clflushopt intel_pt xsaveopt xsavec xgetbv1 xsaves dtherm ida arat pln pts hwp hwp_notify hwp_act_window hwp_epp md_clear flush_l1d
bugs		: cpu_meltdown spectre_v1 spectre_v2 spec_store_bypass l1tf mds swapgs itlb_multihit
bogomips	: 4399.99
clflush size	: 64
cache_alignment	: 64
address sizes	: 39 bits physical, 48 bits virtual
power management:

processor	: 11
vendor_id	: GenuineIntel
cpu family	: 6
model		: 158
model name	: Intel(R) Core(TM) i7-8750H CPU @ 2.20GHz
stepping	: 10
microcode	: 0xca
cpu MHz		: 3900.098
cache size	: 9216 KB
physical id	: 0
siblings	: 12
core id		: 5
cpu cores	: 6
apicid		: 11
initial apicid	: 11
fpu		: yes
fpu_exception	: yes
cpuid level	: 22
wp		: yes
flags		: fpu vme de pse tsc msr pae mce cx8 apic sep mtrr pge mca cmov pat pse36 clflush dts acpi mmx fxsr sse sse2 ss ht tm pbe syscall nx pdpe1gb rdtscp lm constant_tsc art arch_perfmon pebs bts rep_good nopl xtopology nonstop_tsc cpuid aperfmperf pni pclmulqdq dtes64 monitor ds_cpl vmx est tm2 ssse3 sdbg fma cx16 xtpr pdcm pcid sse4_1 sse4_2 x2apic movbe popcnt tsc_deadline_timer aes xsave avx f16c rdrand lahf_lm abm 3dnowprefetch cpuid_fault epb invpcid_single pti ssbd ibrs ibpb stibp tpr_shadow vnmi flexpriority ept vpid ept_ad fsgsbase tsc_adjust bmi1 avx2 smep bmi2 erms invpcid mpx rdseed adx smap clflushopt intel_pt xsaveopt xsavec xgetbv1 xsaves dtherm ida arat pln pts hwp hwp_notify hwp_act_window hwp_epp md_clear flush_l1d
bugs		: cpu_meltdown spectre_v1 spectre_v2 spec_store_bypass l1tf mds swapgs itlb_multihit
bogomips	: 4399.99
clflush size	: 64
cache_alignment	: 64
address sizes	: 39 bits physical, 48 bits virtual
power management:



Memory: 4k page, physical 32713520k(26234740k free), swap 2097148k(2097148k free)

vm_info: OpenJDK 64-Bit Server VM (25.222-b10) for linux-amd64 JRE (1.8.0_222-8u222-b10-1ubuntu1~18.04.1-b10), built on Jul 18 2019 18:52:48 by "buildd" with gcc 7.4.0

time: Sun Dec 15 13:45:02 2019
timezone: CST
elapsed time: 1 seconds (0d 0h 0m 1s)

