#
# A fatal error has been detected by the Java Runtime Environment:
#
#  SIGSEGV (0xb) at pc=0x00007f2a7b2d3699, pid=20177, tid=0x00007f2b00533700
#
# JRE version: OpenJDK Runtime Environment (8.0_222-b10) (build 1.8.0_222-8u222-b10-1ubuntu1~18.04.1-b10)
# Java VM: OpenJDK 64-Bit Server VM (25.222-b10 mixed mode linux-amd64 compressed oops)
# Problematic frame:
# C  [libnvidia-glcore.so.440.31+0x1041699]
#
# Failed to write core dump. Core dumps have been disabled. To enable core dumping, try "ulimit -c unlimited" before starting Java again
#
# If you would like to submit a bug report, please visit:
#   http://bugreport.java.com/bugreport/crash.jsp
# The crash happened outside the Java Virtual Machine in native code.
# See problematic frame for where to report the bug.
#

---------------  T H R E A D  ---------------

Current thread (0x00007f2af800b800):  JavaThread "main" [_thread_in_native, id=20182, stack(0x00007f2b00434000,0x00007f2b00534000)]

siginfo: si_signo: 11 (SIGSEGV), si_code: 1 (SEGV_MAPERR), si_addr: 0x0000000000000000

Registers:
RAX=0x0000000000000000, RBX=0x0000000000000000, RCX=0x00007f2a6e90be78, RDX=0x0000000000000000
RSP=0x00007f2b00532480, RBP=0x0000000000000003, RSI=0x0000000000000003, RDI=0x00007f2a6e90be78
R8 =0x0000000000000000, R9 =0x0000000000000000, R10=0x0000000000000020, R11=0x0000000000000004
R12=0x0000000000000003, R13=0x00000000411e2000, R14=0x0000000000000000, R15=0x0000000000000682
RIP=0x00007f2a7b2d3699, EFLAGS=0x0000000000010202, CSGSFS=0x002b000000000033, ERR=0x0000000000000004
  TRAPNO=0x000000000000000e

Top of Stack: (sp=0x00007f2b00532480)
0x00007f2b00532480:   00007f2b005326ec 00007f2b00532540
0x00007f2b00532490:   0000000000000000 00007f2b00532540
0x00007f2b005324a0:   00007f2af84ad1e0 00007f2af84ad1d0
0x00007f2b005324b0:   00000000411e2000 00007f2af8bd7318
0x00007f2b005324c0:   0000000000000000 00007f2a7b2e34b8
0x00007f2b005324d0:   0000000000000000 0000000000000001
0x00007f2b005324e0:   0000000000000000 0008000000020006
0x00007f2b005324f0:   00007f2b00532550 00007f2b00532540
0x00007f2b00532500:   00001405f8a5ed60 ffffffff00000006
0x00007f2b00532510:   0000000400000000 00007f2af8bd7920
0x00007f2b00532520:   00007f2af8691d70 0100000000000000
0x00007f2b00532530:   00007f2a411e2001 00007f2b00533700
0x00007f2b00532540:   00007f2af8781bb0 0000000000000040
0x00007f2b00532550:   00007f2af800b800 0000000000000000
0x00007f2b00532560:   00007f2af8957790 0000000000000040
0x00007f2b00532570:   00000000411e2000 00007f2af895d29c
0x00007f2b00532580:   0000000000000000 0000000000000000
0x00007f2b00532590:   0000000001000000 0000000000000000
0x00007f2b005325a0:   0000000100000000 82ba46bf0eb55d00
0x00007f2b005325b0:   00007f2b00532660 82ba46bf0eb55d00
0x00007f2b005325c0:   0000000000000000 00007f2af800b800
0x00007f2b005325d0:   00007f2b00532630 0000000000000000
0x00007f2b005325e0:   00007f2af8954600 00007f2b00532660
0x00007f2b005325f0:   00007f2af800b9e0 00007f2afedf10fd
0x00007f2b00532600:   00007f2b00532600 000000072aa19bb8
0x00007f2b00532610:   0000000000000000 00000007248ad628
0x00007f2b00532620:   00007f2b00532678 000000072aa19bb8
0x00007f2b00532630:   00007f2b00532690 00007f2ae938f3d9
0x00007f2b00532640:   00007f2aa8b14300 00007f2ae9007ffd
0x00007f2b00532650:   0000000000000008 00007f2b005324d0
0x00007f2b00532660:   000000070e55d515 82ba46bf0eb55d00
0x00007f2b00532670:   00007f2a411e2001 00007f2b00533700 

Instructions: (pc=0x00007f2a7b2d3699)
0x00007f2a7b2d3679:   0f 83 03 01 00 00 89 e8 48 8d 7a 04 89 ee c1 e0
0x00007f2a7b2d3689:   10 0d 7c 05 00 60 48 89 f9 89 02 4c 89 f2 89 d8
0x00007f2a7b2d3699:   03 02 66 89 01 89 d8 03 42 04 48 83 c2 08 66 89
0x00007f2a7b2d36a9:   41 02 48 83 c1 04 ff ce 75 e4 8d 45 ff 41 29 ec 

Register to memory mapping:

RAX=0x0000000000000000 is an unknown value
RBX=0x0000000000000000 is an unknown value
RCX=0x00007f2a6e90be78 is an unknown value
RDX=0x0000000000000000 is an unknown value
RSP=0x00007f2b00532480 is pointing into the stack for thread: 0x00007f2af800b800
RBP=0x0000000000000003 is an unknown value
RSI=0x0000000000000003 is an unknown value
RDI=0x00007f2a6e90be78 is an unknown value
R8 =0x0000000000000000 is an unknown value
R9 =0x0000000000000000 is an unknown value
R10=0x0000000000000020 is an unknown value
R11=0x0000000000000004 is an unknown value
R12=0x0000000000000003 is an unknown value
R13=0x00000000411e2000 is an unknown value
R14=0x0000000000000000 is an unknown value
R15=0x0000000000000682 is an unknown value


Stack: [0x00007f2b00434000,0x00007f2b00534000],  sp=0x00007f2b00532480,  free space=1017k
Native frames: (J=compiled Java code, j=interpreted, Vv=VM code, C=native code)
C  [libnvidia-glcore.so.440.31+0x1041699]

Java frames: (J=compiled Java code, j=interpreted, Vv=VM code)
J 892  org.lwjgl.opengl.GL11C.nglDrawElements(IIIJ)V (0 bytes) @ 0x00007f2ae93ab64a [0x00007f2ae93ab600+0x4a]
J 918 C2 rendering.MasterRenderer.renderEntity(Lmodels/Entity;)V (39 bytes) @ 0x00007f2ae93c949c [0x00007f2ae93c73e0+0x20bc]
J 955 C2 rendering.MasterRenderer.render()V (319 bytes) @ 0x00007f2ae93e4d04 [0x00007f2ae93e47e0+0x524]
j  rendering.Game.render()V+4
j  main.Main.main([Ljava/lang/String;)V+27
v  ~StubRoutines::call_stub

---------------  P R O C E S S  ---------------

Java Threads: ( => current thread )
  0x00007f2af80d8000 JavaThread "Service Thread" daemon [_thread_blocked, id=20201, stack(0x00007f2ac6520000,0x00007f2ac6621000)]
  0x00007f2af80cc800 JavaThread "C1 CompilerThread3" daemon [_thread_blocked, id=20200, stack(0x00007f2ac6622000,0x00007f2ac6722000)]
  0x00007f2af80ca800 JavaThread "C2 CompilerThread2" daemon [_thread_blocked, id=20199, stack(0x00007f2ac6723000,0x00007f2ac6823000)]
  0x00007f2af80c9000 JavaThread "C2 CompilerThread1" daemon [_thread_blocked, id=20198, stack(0x00007f2ac6824000,0x00007f2ac6924000)]
  0x00007f2af80c6000 JavaThread "C2 CompilerThread0" daemon [_thread_blocked, id=20197, stack(0x00007f2ac6925000,0x00007f2ac6a25000)]
  0x00007f2af80c4800 JavaThread "Signal Dispatcher" daemon [_thread_blocked, id=20196, stack(0x00007f2ac6a25000,0x00007f2ac6b26000)]
  0x00007f2af8091800 JavaThread "Finalizer" daemon [_thread_blocked, id=20195, stack(0x00007f2ac74f5000,0x00007f2ac75f6000)]
  0x00007f2af808f800 JavaThread "Reference Handler" daemon [_thread_blocked, id=20194, stack(0x00007f2ac75f6000,0x00007f2ac76f7000)]
=>0x00007f2af800b800 JavaThread "main" [_thread_in_native, id=20182, stack(0x00007f2b00434000,0x00007f2b00534000)]

Other Threads:
  0x00007f2af8085800 VMThread [stack: 0x00007f2ac76f8000,0x00007f2ac77f8000] [id=20193]
  0x00007f2af80da800 WatcherThread [stack: 0x00007f2ac6420000,0x00007f2ac6520000] [id=20202]

VM state:not at safepoint (normal execution)

VM Mutex/Monitor currently owned by a thread: None

heap address: 0x00000005ccc00000, size: 7988 MB, Compressed Oops mode: Zero based, Oop shift amount: 3
Narrow klass base: 0x0000000000000000, Narrow klass shift: 3
Compressed class space size: 1073741824 Address: 0x00000007c0000000

Heap:
 PSYoungGen      total 278016K, used 186767K [0x0000000719980000, 0x000000072bd80000, 0x00000007c0000000)
  eden space 257024K, 71% used [0x0000000719980000,0x0000000724d73ec8,0x0000000729480000)
  from space 20992K, 11% used [0x000000072a900000,0x000000072ab70060,0x000000072bd80000)
  to   space 20992K, 0% used [0x0000000729480000,0x0000000729480000,0x000000072a900000)
 ParOldGen       total 341504K, used 41K [0x00000005ccc00000, 0x00000005e1980000, 0x0000000719980000)
  object space 341504K, 0% used [0x00000005ccc00000,0x00000005ccc0a6d0,0x00000005e1980000)
 Metaspace       used 9551K, capacity 9833K, committed 10112K, reserved 1058816K
  class space    used 727K, capacity 841K, committed 896K, reserved 1048576K

Card table byte_map: [0x00007f2ae8065000,0x00007f2ae9000000] byte_map_base: 0x00007f2ae51ff000

Marking Bits: (ParMarkBitMap*) 0x00007f2aff6ce360
 Begin Bits: [0x00007f2ab0660000, 0x00007f2ab8330000)
 End Bits:   [0x00007f2ab8330000, 0x00007f2ac0000000)

Polling page: 0x00007f2b0054f000

CodeCache: size=245760Kb used=3985Kb max_used=3985Kb free=241774Kb
 bounds [0x00007f2ae9000000, 0x00007f2ae93f0000, 0x00007f2af8000000]
 total_blobs=1881 nmethods=975 adapters=821
 compilation: enabled

Compilation events (10 events):
Event: 1.109 Thread 0x00007f2af80cc800 nmethod 969 0x00007f2ae93df0d0 code [0x00007f2ae93df220, 0x00007f2ae93df330]
Event: 1.109 Thread 0x00007f2af80cc800  970       1       rendering.Material::getTexture (5 bytes)
Event: 1.109 Thread 0x00007f2af80cc800 nmethod 970 0x00007f2ae93dee10 code [0x00007f2ae93def60, 0x00007f2ae93df070]
Event: 1.129 Thread 0x00007f2af80cc800  971       3       org.lwjgl.BufferUtils::createByteBuffer (11 bytes)
Event: 1.129 Thread 0x00007f2af80cc800 nmethod 971 0x00007f2ae93de750 code [0x00007f2ae93de8e0, 0x00007f2ae93dec98]
Event: 1.129 Thread 0x00007f2af80cc800  972       3       org.lwjgl.BufferUtils::getAllocationSize (17 bytes)
Event: 1.129 Thread 0x00007f2af80cc800 nmethod 972 0x00007f2ae93de310 code [0x00007f2ae93de480, 0x00007f2ae93de688]
Event: 1.130 Thread 0x00007f2af80cc800  975       3       java.lang.Character::hashCode (2 bytes)
Event: 1.130 Thread 0x00007f2af80cc800 nmethod 975 0x00007f2ae93de010 code [0x00007f2ae93de160, 0x00007f2ae93de290]
Event: 1.130 Thread 0x00007f2af80cc800  973       3       java.lang.Character::valueOf (21 bytes)

GC Heap History (8 events):
Event: 0.628 GC heap before
{Heap before GC invocations=1 (full 0):
 PSYoungGen      total 149504K, used 128512K [0x0000000719980000, 0x0000000724000000, 0x00000007c0000000)
  eden space 128512K, 100% used [0x0000000719980000,0x0000000721700000,0x0000000721700000)
  from space 20992K, 0% used [0x0000000722b80000,0x0000000722b80000,0x0000000724000000)
  to   space 20992K, 0% used [0x0000000721700000,0x0000000721700000,0x0000000722b80000)
 ParOldGen       total 341504K, used 0K [0x00000005ccc00000, 0x00000005e1980000, 0x0000000719980000)
  object space 341504K, 0% used [0x00000005ccc00000,0x00000005ccc00000,0x00000005e1980000)
 Metaspace       used 9423K, capacity 9705K, committed 9856K, reserved 1058816K
  class space    used 720K, capacity 841K, committed 896K, reserved 1048576K
Event: 0.632 GC heap after
Heap after GC invocations=1 (full 0):
 PSYoungGen      total 149504K, used 9390K [0x0000000719980000, 0x0000000724000000, 0x00000007c0000000)
  eden space 128512K, 0% used [0x0000000719980000,0x0000000719980000,0x0000000721700000)
  from space 20992K, 44% used [0x0000000721700000,0x000000072202b810,0x0000000722b80000)
  to   space 20992K, 0% used [0x0000000722b80000,0x0000000722b80000,0x0000000724000000)
 ParOldGen       total 341504K, used 8K [0x00000005ccc00000, 0x00000005e1980000, 0x0000000719980000)
  object space 341504K, 0% used [0x00000005ccc00000,0x00000005ccc02000,0x00000005e1980000)
 Metaspace       used 9423K, capacity 9705K, committed 9856K, reserved 1058816K
  class space    used 720K, capacity 841K, committed 896K, reserved 1048576K
}
Event: 0.751 GC heap before
{Heap before GC invocations=2 (full 0):
 PSYoungGen      total 149504K, used 137902K [0x0000000719980000, 0x0000000724000000, 0x00000007c0000000)
  eden space 128512K, 100% used [0x0000000719980000,0x0000000721700000,0x0000000721700000)
  from space 20992K, 44% used [0x0000000721700000,0x000000072202b810,0x0000000722b80000)
  to   space 20992K, 0% used [0x0000000722b80000,0x0000000722b80000,0x0000000724000000)
 ParOldGen       total 341504K, used 8K [0x00000005ccc00000, 0x00000005e1980000, 0x0000000719980000)
  object space 341504K, 0% used [0x00000005ccc00000,0x00000005ccc02000,0x00000005e1980000)
 Metaspace       used 9518K, capacity 9769K, committed 9856K, reserved 1058816K
  class space    used 727K, capacity 841K, committed 896K, reserved 1048576K
Event: 0.752 GC heap after
Heap after GC invocations=2 (full 0):
 PSYoungGen      total 149504K, used 2496K [0x0000000719980000, 0x0000000724000000, 0x00000007c0000000)
  eden space 128512K, 0% used [0x0000000719980000,0x0000000719980000,0x0000000721700000)
  from space 20992K, 11% used [0x0000000722b80000,0x0000000722df0060,0x0000000724000000)
  to   space 20992K, 0% used [0x0000000721700000,0x0000000721700000,0x0000000722b80000)
 ParOldGen       total 341504K, used 33K [0x00000005ccc00000, 0x00000005e1980000, 0x0000000719980000)
  object space 341504K, 0% used [0x00000005ccc00000,0x00000005ccc086d0,0x00000005e1980000)
 Metaspace       used 9518K, capacity 9769K, committed 9856K, reserved 1058816K
  class space    used 727K, capacity 841K, committed 896K, reserved 1048576K
}
Event: 0.862 GC heap before
{Heap before GC invocations=3 (full 0):
 PSYoungGen      total 149504K, used 131008K [0x0000000719980000, 0x0000000724000000, 0x00000007c0000000)
  eden space 128512K, 100% used [0x0000000719980000,0x0000000721700000,0x0000000721700000)
  from space 20992K, 11% used [0x0000000722b80000,0x0000000722df0060,0x0000000724000000)
  to   space 20992K, 0% used [0x0000000721700000,0x0000000721700000,0x0000000722b80000)
 ParOldGen       total 341504K, used 33K [0x00000005ccc00000, 0x00000005e1980000, 0x0000000719980000)
  object space 341504K, 0% used [0x00000005ccc00000,0x00000005ccc086d0,0x00000005e1980000)
 Metaspace       used 9526K, capacity 9769K, committed 9856K, reserved 1058816K
  class space    used 727K, capacity 841K, committed 896K, reserved 1048576K
Event: 0.864 GC heap after
Heap after GC invocations=3 (full 0):
 PSYoungGen      total 149504K, used 2448K [0x0000000719980000, 0x000000072bd80000, 0x00000007c0000000)
  eden space 128512K, 0% used [0x0000000719980000,0x0000000719980000,0x0000000721700000)
  from space 20992K, 11% used [0x0000000721700000,0x0000000721964050,0x0000000722b80000)
  to   space 20992K, 0% used [0x000000072a900000,0x000000072a900000,0x000000072bd80000)
 ParOldGen       total 341504K, used 33K [0x00000005ccc00000, 0x00000005e1980000, 0x0000000719980000)
  object space 341504K, 0% used [0x00000005ccc00000,0x00000005ccc086d0,0x00000005e1980000)
 Metaspace       used 9526K, capacity 9769K, committed 9856K, reserved 1058816K
  class space    used 727K, capacity 841K, committed 896K, reserved 1048576K
}
Event: 0.975 GC heap before
{Heap before GC invocations=4 (full 0):
 PSYoungGen      total 149504K, used 130960K [0x0000000719980000, 0x000000072bd80000, 0x00000007c0000000)
  eden space 128512K, 100% used [0x0000000719980000,0x0000000721700000,0x0000000721700000)
  from space 20992K, 11% used [0x0000000721700000,0x0000000721964050,0x0000000722b80000)
  to   space 20992K, 0% used [0x000000072a900000,0x000000072a900000,0x000000072bd80000)
 ParOldGen       total 341504K, used 33K [0x00000005ccc00000, 0x00000005e1980000, 0x0000000719980000)
  object space 341504K, 0% used [0x00000005ccc00000,0x00000005ccc086d0,0x00000005e1980000)
 Metaspace       used 9542K, capacity 9833K, committed 10112K, reserved 1058816K
  class space    used 727K, capacity 841K, committed 896K, reserved 1048576K
Event: 0.976 GC heap after
Heap after GC invocations=4 (full 0):
 PSYoungGen      total 278016K, used 2496K [0x0000000719980000, 0x000000072bd80000, 0x00000007c0000000)
  eden space 257024K, 0% used [0x0000000719980000,0x0000000719980000,0x0000000729480000)
  from space 20992K, 11% used [0x000000072a900000,0x000000072ab70060,0x000000072bd80000)
  to   space 20992K, 0% used [0x0000000729480000,0x0000000729480000,0x000000072a900000)
 ParOldGen       total 341504K, used 41K [0x00000005ccc00000, 0x00000005e1980000, 0x0000000719980000)
  object space 341504K, 0% used [0x00000005ccc00000,0x00000005ccc0a6d0,0x00000005e1980000)
 Metaspace       used 9542K, capacity 9833K, committed 10112K, reserved 1058816K
  class space    used 727K, capacity 841K, committed 896K, reserved 1048576K
}

Deoptimization events (10 events):
Event: 0.513 Thread 0x00007f2af800b800 Uncommon trap: reason=class_check action=maybe_recompile pc=0x00007f2ae92f8a88 method=sun.misc.FloatingDecimal.parseFloat(Ljava/lang/String;)F @ 4
Event: 0.535 Thread 0x00007f2af800b800 Uncommon trap: reason=class_check action=maybe_recompile pc=0x00007f2ae92f8a88 method=sun.misc.FloatingDecimal.parseFloat(Ljava/lang/String;)F @ 4
Event: 0.549 Thread 0x00007f2af800b800 Uncommon trap: reason=class_check action=maybe_recompile pc=0x00007f2ae92f8a88 method=sun.misc.FloatingDecimal.parseFloat(Ljava/lang/String;)F @ 4
Event: 0.549 Thread 0x00007f2af800b800 Uncommon trap: reason=class_check action=maybe_recompile pc=0x00007f2ae92f8a88 method=sun.misc.FloatingDecimal.parseFloat(Ljava/lang/String;)F @ 4
Event: 0.697 Thread 0x00007f2af800b800 Uncommon trap: reason=unstable_if action=reinterpret pc=0x00007f2ae936037c method=java.util.ArrayList$Itr.hasNext()Z @ 11
Event: 0.735 Thread 0x00007f2af800b800 Uncommon trap: reason=unstable_if action=reinterpret pc=0x00007f2ae9325b78 method=sun.misc.FloatingDecimal$ASCIIToBinaryBuffer.floatValue()F @ 65
Event: 0.772 Thread 0x00007f2af800b800 Uncommon trap: reason=bimorphic action=maybe_recompile pc=0x00007f2ae93aec00 method=models.Entity.update()V @ 4
Event: 0.772 Thread 0x00007f2af800b800 Uncommon trap: reason=bimorphic action=maybe_recompile pc=0x00007f2ae93aec00 method=models.Entity.update()V @ 4
Event: 0.773 Thread 0x00007f2af800b800 Uncommon trap: reason=bimorphic action=maybe_recompile pc=0x00007f2ae93aec00 method=models.Entity.update()V @ 4
Event: 0.773 Thread 0x00007f2af800b800 Uncommon trap: reason=bimorphic action=maybe_recompile pc=0x00007f2ae93aec00 method=models.Entity.update()V @ 4

Classes redefined (0 events):
No events

Internal exceptions (10 events):
Event: 0.105 Thread 0x00007f2af800b800 Exception <a 'java/security/PrivilegedActionException'> (0x0000000719f81280) thrown at [/build/openjdk-8-OqY7zN/openjdk-8-8u222-b10/src/hotspot/src/share/vm/prims/jvm.cpp, line 1502]
Event: 0.105 Thread 0x00007f2af800b800 Exception <a 'java/security/PrivilegedActionException'> (0x0000000719f81490) thrown at [/build/openjdk-8-OqY7zN/openjdk-8-8u222-b10/src/hotspot/src/share/vm/prims/jvm.cpp, line 1502]
Event: 0.105 Thread 0x00007f2af800b800 Exception <a 'java/security/PrivilegedActionException'> (0x0000000719f83518) thrown at [/build/openjdk-8-OqY7zN/openjdk-8-8u222-b10/src/hotspot/src/share/vm/prims/jvm.cpp, line 1502]
Event: 0.105 Thread 0x00007f2af800b800 Exception <a 'java/security/PrivilegedActionException'> (0x0000000719f83728) thrown at [/build/openjdk-8-OqY7zN/openjdk-8-8u222-b10/src/hotspot/src/share/vm/prims/jvm.cpp, line 1502]
Event: 0.105 Thread 0x00007f2af800b800 Exception <a 'java/security/PrivilegedActionException'> (0x0000000719f84200) thrown at [/build/openjdk-8-OqY7zN/openjdk-8-8u222-b10/src/hotspot/src/share/vm/prims/jvm.cpp, line 1502]
Event: 0.105 Thread 0x00007f2af800b800 Exception <a 'java/security/PrivilegedActionException'> (0x0000000719f84410) thrown at [/build/openjdk-8-OqY7zN/openjdk-8-8u222-b10/src/hotspot/src/share/vm/prims/jvm.cpp, line 1502]
Event: 0.113 Thread 0x00007f2af800b800 Exception <a 'sun/nio/fs/UnixException'> (0x0000000719fb2158) thrown at [/build/openjdk-8-OqY7zN/openjdk-8-8u222-b10/src/hotspot/src/share/vm/prims/jni.cpp, line 710]
Event: 0.116 Thread 0x00007f2af800b800 Exception <a 'sun/nio/fs/UnixException'> (0x0000000719fc26d8) thrown at [/build/openjdk-8-OqY7zN/openjdk-8-8u222-b10/src/hotspot/src/share/vm/prims/jni.cpp, line 710]
Event: 0.227 Thread 0x00007f2af800b800 Exception <a 'sun/nio/fs/UnixException'> (0x000000071a1005b8) thrown at [/build/openjdk-8-OqY7zN/openjdk-8-8u222-b10/src/hotspot/src/share/vm/prims/jni.cpp, line 710]
Event: 0.228 Thread 0x00007f2af800b800 Exception <a 'sun/nio/fs/UnixException'> (0x000000071a108698) thrown at [/build/openjdk-8-OqY7zN/openjdk-8-8u222-b10/src/hotspot/src/share/vm/prims/jni.cpp, line 710]

Events (10 events):
Event: 0.773 Thread 0x00007f2af800b800 DEOPT UNPACKING pc=0x00007f2ae904547a sp=0x00007f2b005327f8 mode 2
Event: 0.773 Thread 0x00007f2af800b800 Uncommon trap: trap_request=0xffffffc6 fr.pc=0x00007f2ae93aec00
Event: 0.773 Thread 0x00007f2af800b800 DEOPT PACKING pc=0x00007f2ae93aec00 sp=0x00007f2b00532840
Event: 0.773 Thread 0x00007f2af800b800 DEOPT UNPACKING pc=0x00007f2ae904547a sp=0x00007f2b005327f8 mode 2
Event: 0.862 Executing VM operation: ParallelGCFailedAllocation
Event: 0.864 Executing VM operation: ParallelGCFailedAllocation done
Event: 0.975 Executing VM operation: ParallelGCFailedAllocation
Event: 0.976 Executing VM operation: ParallelGCFailedAllocation done
Event: 1.038 Thread 0x00007f2af800b800 DEOPT PACKING pc=0x00007f2ae93db188 sp=0x00007f2b00532800
Event: 1.038 Thread 0x00007f2af800b800 DEOPT UNPACKING pc=0x00007f2ae90474c4 sp=0x00007f2b005325b8 mode 0


Dynamic libraries:
411e2000-41291000 rw-p 00000000 00:00 0 
419e8000-419ea000 r-xs 00000000 103:02 15728652                          /tmp/.gl288YpN (deleted)
5ccc00000-5e1980000 rw-p 00000000 00:00 0 
5e1980000-719980000 ---p 00000000 00:00 0 
719980000-72bd80000 rw-p 00000000 00:00 0 
72bd80000-7c0000000 ---p 00000000 00:00 0 
7c0000000-7c00e0000 rw-p 00000000 00:00 0 
7c00e0000-800000000 ---p 00000000 00:00 0 
55d255017000-55d255018000 r-xp 00000000 103:02 9838898                   /usr/lib/jvm/java-8-openjdk-amd64/jre/bin/java
55d255217000-55d255218000 r--p 00000000 103:02 9838898                   /usr/lib/jvm/java-8-openjdk-amd64/jre/bin/java
55d255218000-55d255219000 rw-p 00001000 103:02 9838898                   /usr/lib/jvm/java-8-openjdk-amd64/jre/bin/java
55d256c58000-55d256c79000 rw-p 00000000 00:00 0                          [heap]
7f2a40000000-7f2a40021000 rw-p 00000000 00:00 0 
7f2a40021000-7f2a44000000 ---p 00000000 00:00 0 
7f2a44000000-7f2a44021000 rw-p 00000000 00:00 0 
7f2a44021000-7f2a48000000 ---p 00000000 00:00 0 
7f2a48000000-7f2a48021000 rw-p 00000000 00:00 0 
7f2a48021000-7f2a4c000000 ---p 00000000 00:00 0 
7f2a4c000000-7f2a4c021000 rw-p 00000000 00:00 0 
7f2a4c021000-7f2a50000000 ---p 00000000 00:00 0 
7f2a50000000-7f2a50021000 rw-p 00000000 00:00 0 
7f2a50021000-7f2a54000000 ---p 00000000 00:00 0 
7f2a54000000-7f2a54021000 rw-p 00000000 00:00 0 
7f2a54021000-7f2a58000000 ---p 00000000 00:00 0 
7f2a58000000-7f2a58021000 rw-p 00000000 00:00 0 
7f2a58021000-7f2a5c000000 ---p 00000000 00:00 0 
7f2a5c000000-7f2a5c021000 rw-p 00000000 00:00 0 
7f2a5c021000-7f2a60000000 ---p 00000000 00:00 0 
7f2a60000000-7f2a60021000 rw-p 00000000 00:00 0 
7f2a60021000-7f2a64000000 ---p 00000000 00:00 0 
7f2a64000000-7f2a64021000 rw-p 00000000 00:00 0 
7f2a64021000-7f2a68000000 ---p 00000000 00:00 0 
7f2a68000000-7f2a68021000 rw-p 00000000 00:00 0 
7f2a68021000-7f2a6c000000 ---p 00000000 00:00 0 
7f2a6e00a000-7f2a6e40a000 rw-s 00000000 00:06 583                        /dev/nvidiactl
7f2a6e40a000-7f2a6e60a000 rw-s 00000000 00:06 583                        /dev/nvidiactl
7f2a6e80a000-7f2a6ea0a000 rw-s 00000000 00:06 583                        /dev/nvidiactl
7f2a6ea0a000-7f2a6ee0b000 rw-p 00000000 00:00 0 
7f2a6ee0b000-7f2a6ee0c000 ---p 00000000 00:00 0 
7f2a6ee0c000-7f2a6f60c000 rw-p 00000000 00:00 0 
7f2a6f7ff000-7f2a6f800000 ---p 00000000 00:00 0 
7f2a6f800000-7f2a70000000 rw-p 00000000 00:00 0 
7f2a70000000-7f2a70021000 rw-p 00000000 00:00 0 
7f2a70021000-7f2a74000000 ---p 00000000 00:00 0 
7f2a74006000-7f2a74406000 rw-s 00000000 00:06 583                        /dev/nvidiactl
7f2a74406000-7f2a74606000 rw-s 00000000 00:06 583                        /dev/nvidiactl
7f2a74606000-7f2a74607000 ---p 00000000 00:00 0 
7f2a74607000-7f2a74e07000 rw-p 00000000 00:00 0 
7f2a74e07000-7f2a74e08000 ---p 00000000 00:00 0 
7f2a74e08000-7f2a75608000 rw-p 00000000 00:00 0 
7f2a75608000-7f2a75609000 ---p 00000000 00:00 0 
7f2a75609000-7f2a75e09000 rw-p 00000000 00:00 0 
7f2a75e09000-7f2a75e0a000 ---p 00000000 00:00 0 
7f2a75e0a000-7f2a7660a000 rw-p 00000000 00:00 0 
7f2a7660a000-7f2a7660b000 ---p 00000000 00:00 0 
7f2a7660b000-7f2a76e0b000 rw-p 00000000 00:00 0 
7f2a76e0b000-7f2a76e0c000 ---p 00000000 00:00 0 
7f2a76e0c000-7f2a7760c000 rw-p 00000000 00:00 0 
7f2a7760c000-7f2a7760d000 ---p 00000000 00:00 0 
7f2a7760d000-7f2a77e0d000 rw-p 00000000 00:00 0 
7f2a77e0d000-7f2a77e0e000 ---p 00000000 00:00 0 
7f2a77e0e000-7f2a7860e000 rw-p 00000000 00:00 0 
7f2a7860e000-7f2a7860f000 ---p 00000000 00:00 0 
7f2a7860f000-7f2a78e0f000 rw-p 00000000 00:00 0 
7f2a78e0f000-7f2a78e10000 ---p 00000000 00:00 0 
7f2a78e10000-7f2a79710000 rw-p 00000000 00:00 0 
7f2a79710000-7f2a79810000 ---p 00000000 00:00 0 
7f2a79810000-7f2a79868000 r-xp 00000000 103:02 15990858                  /tmp/lwjglsam/3.2.3-build-13/liblwjgl_opengl.so
7f2a79868000-7f2a79a67000 ---p 00058000 103:02 15990858                  /tmp/lwjglsam/3.2.3-build-13/liblwjgl_opengl.so
7f2a79a67000-7f2a79a68000 r--p 00057000 103:02 15990858                  /tmp/lwjglsam/3.2.3-build-13/liblwjgl_opengl.so
7f2a79a68000-7f2a79a69000 rw-p 00058000 103:02 15990858                  /tmp/lwjglsam/3.2.3-build-13/liblwjgl_opengl.so
7f2a79a69000-7f2a79a6e000 r-xp 00000000 103:02 9839193                   /usr/lib/x86_64-linux-gnu/libxcb-sync.so.1.0.0
7f2a79a6e000-7f2a79c6e000 ---p 00005000 103:02 9839193                   /usr/lib/x86_64-linux-gnu/libxcb-sync.so.1.0.0
7f2a79c6e000-7f2a79c6f000 r--p 00005000 103:02 9839193                   /usr/lib/x86_64-linux-gnu/libxcb-sync.so.1.0.0
7f2a79c6f000-7f2a79c70000 rw-p 00006000 103:02 9839193                   /usr/lib/x86_64-linux-gnu/libxcb-sync.so.1.0.0
7f2a79c70000-7f2a79c72000 r-xp 00000000 103:02 9839185                   /usr/lib/x86_64-linux-gnu/libxcb-present.so.0.0.0
7f2a79c72000-7f2a79e71000 ---p 00002000 103:02 9839185                   /usr/lib/x86_64-linux-gnu/libxcb-present.so.0.0.0
7f2a79e71000-7f2a79e72000 r--p 00001000 103:02 9839185                   /usr/lib/x86_64-linux-gnu/libxcb-present.so.0.0.0
7f2a79e72000-7f2a79e73000 rw-p 00002000 103:02 9839185                   /usr/lib/x86_64-linux-gnu/libxcb-present.so.0.0.0
7f2a79e73000-7f2a79e76000 r-xp 00000000 103:02 9839181                   /usr/lib/x86_64-linux-gnu/libxcb-dri3.so.0.0.0
7f2a79e76000-7f2a7a075000 ---p 00003000 103:02 9839181                   /usr/lib/x86_64-linux-gnu/libxcb-dri3.so.0.0.0
7f2a7a075000-7f2a7a076000 r--p 00002000 103:02 9839181                   /usr/lib/x86_64-linux-gnu/libxcb-dri3.so.0.0.0
7f2a7a076000-7f2a7a077000 rw-p 00003000 103:02 9839181                   /usr/lib/x86_64-linux-gnu/libxcb-dri3.so.0.0.0
7f2a7a077000-7f2a7a08f000 r-xp 00000000 103:02 9839183                   /usr/lib/x86_64-linux-gnu/libxcb-glx.so.0.0.0
7f2a7a08f000-7f2a7a28f000 ---p 00018000 103:02 9839183                   /usr/lib/x86_64-linux-gnu/libxcb-glx.so.0.0.0
7f2a7a28f000-7f2a7a291000 r--p 00018000 103:02 9839183                   /usr/lib/x86_64-linux-gnu/libxcb-glx.so.0.0.0
7f2a7a291000-7f2a7a292000 rw-p 0001a000 103:02 9839183                   /usr/lib/x86_64-linux-gnu/libxcb-glx.so.0.0.0
7f2a7a292000-7f2a7b56d000 r-xp 00000000 103:02 9840523                   /usr/lib/x86_64-linux-gnu/libnvidia-glcore.so.440.31
7f2a7b56d000-7f2a7b58e000 rwxp 012db000 103:02 9840523                   /usr/lib/x86_64-linux-gnu/libnvidia-glcore.so.440.31
7f2a7b58e000-7f2a7ba9f000 r-xp 012fc000 103:02 9840523                   /usr/lib/x86_64-linux-gnu/libnvidia-glcore.so.440.31
7f2a7ba9f000-7f2a7bc9e000 ---p 0180d000 103:02 9840523                   /usr/lib/x86_64-linux-gnu/libnvidia-glcore.so.440.31
7f2a7bc9e000-7f2a7bfe4000 rw-p 0180c000 103:02 9840523                   /usr/lib/x86_64-linux-gnu/libnvidia-glcore.so.440.31
7f2a7bfe4000-7f2a7c000000 rw-p 00000000 00:00 0 
7f2a7c000000-7f2a7c021000 rw-p 00000000 00:00 0 
7f2a7c021000-7f2a80000000 ---p 00000000 00:00 0 
7f2a80000000-7f2a80021000 rw-p 00000000 00:00 0 
7f2a80021000-7f2a84000000 ---p 00000000 00:00 0 
7f2a84000000-7f2a84682000 rw-p 00000000 00:00 0 
7f2a84682000-7f2a88000000 ---p 00000000 00:00 0 
7f2a88000000-7f2a88357000 rw-p 00000000 00:00 0 
7f2a88357000-7f2a8c000000 ---p 00000000 00:00 0 
7f2a8c000000-7f2a8c616000 rw-p 00000000 00:00 0 
7f2a8c616000-7f2a90000000 ---p 00000000 00:00 0 
7f2a90000000-7f2a90a77000 rw-p 00000000 00:00 0 
7f2a90a77000-7f2a94000000 ---p 00000000 00:00 0 
7f2a94000000-7f2a94021000 rw-p 00000000 00:00 0 
7f2a94021000-7f2a98000000 ---p 00000000 00:00 0 
7f2a98000000-7f2a98021000 rw-p 00000000 00:00 0 
7f2a98021000-7f2a9c000000 ---p 00000000 00:00 0 
7f2a9c000000-7f2a9c021000 rw-p 00000000 00:00 0 
7f2a9c021000-7f2aa0000000 ---p 00000000 00:00 0 
7f2aa0000000-7f2aa0021000 rw-p 00000000 00:00 0 
7f2aa0021000-7f2aa4000000 ---p 00000000 00:00 0 
7f2aa4000000-7f2aa4021000 rw-p 00000000 00:00 0 
7f2aa4021000-7f2aa8000000 ---p 00000000 00:00 0 
7f2aa8031000-7f2aa8071000 rw-s 00000000 08:01 16256612                   /home/sam/#16256612 (deleted)
7f2aa8071000-7f2aa80f1000 rw-s 00000000 00:06 583                        /dev/nvidiactl
7f2aa81f1000-7f2aa8201000 r-xp 00000000 103:02 9840432                   /usr/lib/x86_64-linux-gnu/libdrm.so.2.4.0
7f2aa8201000-7f2aa8400000 ---p 00010000 103:02 9840432                   /usr/lib/x86_64-linux-gnu/libdrm.so.2.4.0
7f2aa8400000-7f2aa8401000 r--p 0000f000 103:02 9840432                   /usr/lib/x86_64-linux-gnu/libdrm.so.2.4.0
7f2aa8401000-7f2aa8402000 rw-p 00010000 103:02 9840432                   /usr/lib/x86_64-linux-gnu/libdrm.so.2.4.0
7f2aa8402000-7f2aa85a7000 rw-s 00000000 00:06 583                        /dev/nvidiactl
7f2aa85a7000-7f2aa85aa000 r-xp 00000000 103:02 9840527                   /usr/lib/x86_64-linux-gnu/libnvidia-tls.so.440.31
7f2aa85aa000-7f2aa87aa000 ---p 00003000 103:02 9840527                   /usr/lib/x86_64-linux-gnu/libnvidia-tls.so.440.31
7f2aa87aa000-7f2aa87ab000 rw-p 00003000 103:02 9840527                   /usr/lib/x86_64-linux-gnu/libnvidia-tls.so.440.31
7f2aa87ab000-7f2aa8854000 r-xp 00000000 103:02 9840520                   /usr/lib/x86_64-linux-gnu/libGLX_nvidia.so.440.31
7f2aa8854000-7f2aa8889000 rwxp 000a9000 103:02 9840520                   /usr/lib/x86_64-linux-gnu/libGLX_nvidia.so.440.31
7f2aa8889000-7f2aa8898000 r-xp 000de000 103:02 9840520                   /usr/lib/x86_64-linux-gnu/libGLX_nvidia.so.440.31
7f2aa8898000-7f2aa8a97000 ---p 000ed000 103:02 9840520                   /usr/lib/x86_64-linux-gnu/libGLX_nvidia.so.440.31
7f2aa8a97000-7f2aa8abb000 rw-p 000ec000 103:02 9840520                   /usr/lib/x86_64-linux-gnu/libGLX_nvidia.so.440.31
7f2aa8abb000-7f2aa8abd000 rw-p 00000000 00:00 0 
7f2aa8abd000-7f2aa8aff000 r-xp 00000000 103:02 9837994                   /usr/lib/x86_64-linux-gnu/libGLdispatch.so.0.0.0
7f2aa8aff000-7f2aa8b18000 r-xp 00042000 103:02 9837994                   /usr/lib/x86_64-linux-gnu/libGLdispatch.so.0.0.0
7f2aa8b18000-7f2aa8b2b000 r-xp 0005b000 103:02 9837994                   /usr/lib/x86_64-linux-gnu/libGLdispatch.so.0.0.0
7f2aa8b2b000-7f2aa8d2a000 ---p 0006e000 103:02 9837994                   /usr/lib/x86_64-linux-gnu/libGLdispatch.so.0.0.0
7f2aa8d2a000-7f2aa8d52000 r--p 0006d000 103:02 9837994                   /usr/lib/x86_64-linux-gnu/libGLdispatch.so.0.0.0
7f2aa8d52000-7f2aa8d53000 rw-p 00095000 103:02 9837994                   /usr/lib/x86_64-linux-gnu/libGLdispatch.so.0.0.0
7f2aa8d53000-7f2aa8d73000 rw-p 00000000 00:00 0 
7f2aa8d73000-7f2aa8db7000 r-xp 00000000 103:02 9837986                   /usr/lib/x86_64-linux-gnu/libGL.so.1.0.0
7f2aa8db7000-7f2aa8dd0000 r-xp 00044000 103:02 9837986                   /usr/lib/x86_64-linux-gnu/libGL.so.1.0.0
7f2aa8dd0000-7f2aa8de4000 r-xp 0005d000 103:02 9837986                   /usr/lib/x86_64-linux-gnu/libGL.so.1.0.0
7f2aa8de4000-7f2aa8fe3000 ---p 00071000 103:02 9837986                   /usr/lib/x86_64-linux-gnu/libGL.so.1.0.0
7f2aa8fe3000-7f2aa8ffd000 r--p 00070000 103:02 9837986                   /usr/lib/x86_64-linux-gnu/libGL.so.1.0.0
7f2aa8ffd000-7f2aa8ffe000 rw-p 0008a000 103:02 9837986                   /usr/lib/x86_64-linux-gnu/libGL.so.1.0.0
7f2aa8ffe000-7f2aac000000 rw-p 00000000 00:00 0 
7f2aac000000-7f2aac021000 rw-p 00000000 00:00 0 
7f2aac021000-7f2ab0000000 ---p 00000000 00:00 0 
7f2ab002a000-7f2ab003a000 r-xp 00000000 103:02 9837992                   /usr/lib/x86_64-linux-gnu/libGLX.so.0.0.0
7f2ab003a000-7f2ab0239000 ---p 00010000 103:02 9837992                   /usr/lib/x86_64-linux-gnu/libGLX.so.0.0.0
7f2ab0239000-7f2ab023a000 r--p 0000f000 103:02 9837992                   /usr/lib/x86_64-linux-gnu/libGLX.so.0.0.0
7f2ab023a000-7f2ab023b000 rw-p 00010000 103:02 9837992                   /usr/lib/x86_64-linux-gnu/libGLX.so.0.0.0
7f2ab023b000-7f2ab025b000 rw-p 00000000 00:00 0 
7f2ab025b000-7f2ab025c000 r-xp 00000000 103:02 9840453                   /usr/lib/x86_64-linux-gnu/libX11-xcb.so.1.0.0
7f2ab025c000-7f2ab045b000 ---p 00001000 103:02 9840453                   /usr/lib/x86_64-linux-gnu/libX11-xcb.so.1.0.0
7f2ab045b000-7f2ab045c000 r--p 00000000 103:02 9840453                   /usr/lib/x86_64-linux-gnu/libX11-xcb.so.1.0.0
7f2ab045c000-7f2ab045d000 rw-p 00001000 103:02 9840453                   /usr/lib/x86_64-linux-gnu/libX11-xcb.so.1.0.0
7f2ab045d000-7f2ab045f000 r-xp 00000000 103:02 9838067                   /usr/lib/x86_64-linux-gnu/libXinerama.so.1.0.0
7f2ab045f000-7f2ab065e000 ---p 00002000 103:02 9838067                   /usr/lib/x86_64-linux-gnu/libXinerama.so.1.0.0
7f2ab065e000-7f2ab065f000 r--p 00001000 103:02 9838067                   /usr/lib/x86_64-linux-gnu/libXinerama.so.1.0.0
7f2ab065f000-7f2ab0660000 rw-p 00002000 103:02 9838067                   /usr/lib/x86_64-linux-gnu/libXinerama.so.1.0.0
7f2ab0660000-7f2ac0000000 rw-p 00000000 00:00 0 
7f2ac0000000-7f2ac0021000 rw-p 00000000 00:00 0 
7f2ac0021000-7f2ac4000000 ---p 00000000 00:00 0 
7f2ac403f000-7f2ac407f000 r-xs 00000000 08:01 16256612                   /home/sam/#16256612 (deleted)
7f2ac407f000-7f2ac4092000 rw-s 00000000 00:06 583                        /dev/nvidiactl
7f2ac4092000-7f2ac40d2000 rw-s 00000000 00:06 583                        /dev/nvidiactl
7f2ac40d2000-7f2ac40f2000 rw-s 00000000 00:06 583                        /dev/nvidiactl
7f2ac40f2000-7f2ac4132000 rw-s 00000000 00:06 583                        /dev/nvidiactl
7f2ac4132000-7f2ac4172000 rw-s 00000000 00:06 583                        /dev/nvidiactl
7f2ac4172000-7f2ac4177000 r-xp 00000000 103:02 9838059                   /usr/lib/x86_64-linux-gnu/libXfixes.so.3.1.0
7f2ac4177000-7f2ac4376000 ---p 00005000 103:02 9838059                   /usr/lib/x86_64-linux-gnu/libXfixes.so.3.1.0
7f2ac4376000-7f2ac4377000 r--p 00004000 103:02 9838059                   /usr/lib/x86_64-linux-gnu/libXfixes.so.3.1.0
7f2ac4377000-7f2ac4378000 rw-p 00005000 103:02 9838059                   /usr/lib/x86_64-linux-gnu/libXfixes.so.3.1.0
7f2ac4378000-7f2ac4381000 r-xp 00000000 103:02 9838051                   /usr/lib/x86_64-linux-gnu/libXcursor.so.1.0.2
7f2ac4381000-7f2ac4580000 ---p 00009000 103:02 9838051                   /usr/lib/x86_64-linux-gnu/libXcursor.so.1.0.2
7f2ac4580000-7f2ac4581000 r--p 00008000 103:02 9838051                   /usr/lib/x86_64-linux-gnu/libXcursor.so.1.0.2
7f2ac4581000-7f2ac4582000 rw-p 00009000 103:02 9838051                   /usr/lib/x86_64-linux-gnu/libXcursor.so.1.0.2
7f2ac4582000-7f2ac458b000 r-xp 00000000 103:02 9838077                   /usr/lib/x86_64-linux-gnu/libXrender.so.1.3.0
7f2ac458b000-7f2ac478a000 ---p 00009000 103:02 9838077                   /usr/lib/x86_64-linux-gnu/libXrender.so.1.3.0
7f2ac478a000-7f2ac478b000 r--p 00008000 103:02 9838077                   /usr/lib/x86_64-linux-gnu/libXrender.so.1.3.0
7f2ac478b000-7f2ac478c000 rw-p 00009000 103:02 9838077                   /usr/lib/x86_64-linux-gnu/libXrender.so.1.3.0
7f2ac478c000-7f2ac4796000 r-xp 00000000 103:02 9838075                   /usr/lib/x86_64-linux-gnu/libXrandr.so.2.2.0
7f2ac4796000-7f2ac4995000 ---p 0000a000 103:02 9838075                   /usr/lib/x86_64-linux-gnu/libXrandr.so.2.2.0
7f2ac4995000-7f2ac4996000 r--p 00009000 103:02 9838075                   /usr/lib/x86_64-linux-gnu/libXrandr.so.2.2.0
7f2ac4996000-7f2ac4997000 rw-p 0000a000 103:02 9838075                   /usr/lib/x86_64-linux-gnu/libXrandr.so.2.2.0
7f2ac4997000-7f2ac49a6000 r-xp 00000000 103:02 9838065                   /usr/lib/x86_64-linux-gnu/libXi.so.6.1.0
7f2ac49a6000-7f2ac4ba5000 ---p 0000f000 103:02 9838065                   /usr/lib/x86_64-linux-gnu/libXi.so.6.1.0
7f2ac4ba5000-7f2ac4ba6000 r--p 0000e000 103:02 9838065                   /usr/lib/x86_64-linux-gnu/libXi.so.6.1.0
7f2ac4ba6000-7f2ac4ba7000 rw-p 0000f000 103:02 9838065                   /usr/lib/x86_64-linux-gnu/libXi.so.6.1.0
7f2ac4ba7000-7f2ac4bb8000 r-xp 00000000 103:02 9838057                   /usr/lib/x86_64-linux-gnu/libXext.so.6.4.0
7f2ac4bb8000-7f2ac4db7000 ---p 00011000 103:02 9838057                   /usr/lib/x86_64-linux-gnu/libXext.so.6.4.0
7f2ac4db7000-7f2ac4db8000 r--p 00010000 103:02 9838057                   /usr/lib/x86_64-linux-gnu/libXext.so.6.4.0
7f2ac4db8000-7f2ac4db9000 rw-p 00011000 103:02 9838057                   /usr/lib/x86_64-linux-gnu/libXext.so.6.4.0
7f2ac4db9000-7f2ac4dbe000 r-xp 00000000 103:02 9838093                   /usr/lib/x86_64-linux-gnu/libXxf86vm.so.1.0.0
7f2ac4dbe000-7f2ac4fbd000 ---p 00005000 103:02 9838093                   /usr/lib/x86_64-linux-gnu/libXxf86vm.so.1.0.0
7f2ac4fbd000-7f2ac4fbe000 r--p 00004000 103:02 9838093                   /usr/lib/x86_64-linux-gnu/libXxf86vm.so.1.0.0
7f2ac4fbe000-7f2ac4fbf000 rw-p 00005000 103:02 9838093                   /usr/lib/x86_64-linux-gnu/libXxf86vm.so.1.0.0
7f2ac4fbf000-7f2ac4fd2000 r-xp 00000000 103:02 22942382                  /lib/x86_64-linux-gnu/libbsd.so.0.8.7
7f2ac4fd2000-7f2ac51d1000 ---p 00013000 103:02 22942382                  /lib/x86_64-linux-gnu/libbsd.so.0.8.7
7f2ac51d1000-7f2ac51d2000 r--p 00012000 103:02 22942382                  /lib/x86_64-linux-gnu/libbsd.so.0.8.7
7f2ac51d2000-7f2ac51d3000 rw-p 00013000 103:02 22942382                  /lib/x86_64-linux-gnu/libbsd.so.0.8.7
7f2ac51d3000-7f2ac51d4000 rw-p 00000000 00:00 0 
7f2ac51d4000-7f2ac51d9000 r-xp 00000000 103:02 9838055                   /usr/lib/x86_64-linux-gnu/libXdmcp.so.6.0.0
7f2ac51d9000-7f2ac53d8000 ---p 00005000 103:02 9838055                   /usr/lib/x86_64-linux-gnu/libXdmcp.so.6.0.0
7f2ac53d8000-7f2ac53d9000 r--p 00004000 103:02 9838055                   /usr/lib/x86_64-linux-gnu/libXdmcp.so.6.0.0
7f2ac53d9000-7f2ac53da000 rw-p 00005000 103:02 9838055                   /usr/lib/x86_64-linux-gnu/libXdmcp.so.6.0.0
7f2ac53da000-7f2ac53dc000 r-xp 00000000 103:02 9838044                   /usr/lib/x86_64-linux-gnu/libXau.so.6.0.0
7f2ac53dc000-7f2ac55dc000 ---p 00002000 103:02 9838044                   /usr/lib/x86_64-linux-gnu/libXau.so.6.0.0
7f2ac55dc000-7f2ac55dd000 r--p 00002000 103:02 9838044                   /usr/lib/x86_64-linux-gnu/libXau.so.6.0.0
7f2ac55dd000-7f2ac55de000 rw-p 00003000 103:02 9838044                   /usr/lib/x86_64-linux-gnu/libXau.so.6.0.0
7f2ac55de000-7f2ac5604000 r-xp 00000000 103:02 9840409                   /usr/lib/x86_64-linux-gnu/libxcb.so.1.1.0
7f2ac5604000-7f2ac5804000 ---p 00026000 103:02 9840409                   /usr/lib/x86_64-linux-gnu/libxcb.so.1.1.0
7f2ac5804000-7f2ac5805000 r--p 00026000 103:02 9840409                   /usr/lib/x86_64-linux-gnu/libxcb.so.1.1.0
7f2ac5805000-7f2ac5806000 rw-p 00027000 103:02 9840409                   /usr/lib/x86_64-linux-gnu/libxcb.so.1.1.0
7f2ac5806000-7f2ac5939000 r-xp 00000000 103:02 9839217                   /usr/lib/x86_64-linux-gnu/libX11.so.6.3.0
7f2ac5939000-7f2ac5b39000 ---p 00133000 103:02 9839217                   /usr/lib/x86_64-linux-gnu/libX11.so.6.3.0
7f2ac5b39000-7f2ac5b3a000 r--p 00133000 103:02 9839217                   /usr/lib/x86_64-linux-gnu/libX11.so.6.3.0
7f2ac5b3a000-7f2ac5b3e000 rw-p 00134000 103:02 9839217                   /usr/lib/x86_64-linux-gnu/libX11.so.6.3.0
7f2ac5b3e000-7f2ac5b81000 r-xp 00000000 103:02 15990857                  /tmp/lwjglsam/3.2.3-build-13/libglfw.so
7f2ac5b81000-7f2ac5d80000 ---p 00043000 103:02 15990857                  /tmp/lwjglsam/3.2.3-build-13/libglfw.so
7f2ac5d80000-7f2ac5d81000 r--p 00042000 103:02 15990857                  /tmp/lwjglsam/3.2.3-build-13/libglfw.so
7f2ac5d81000-7f2ac5d83000 rw-p 00043000 103:02 15990857                  /tmp/lwjglsam/3.2.3-build-13/libglfw.so
7f2ac5d83000-7f2ac5da4000 rw-p 00000000 00:00 0 
7f2ac5da4000-7f2ac5df5000 r-xp 00000000 103:02 15990805                  /tmp/lwjglsam/3.2.3-build-13/liblwjgl.so
7f2ac5df5000-7f2ac5ff4000 ---p 00051000 103:02 15990805                  /tmp/lwjglsam/3.2.3-build-13/liblwjgl.so
7f2ac5ff4000-7f2ac5ff5000 r--p 00050000 103:02 15990805                  /tmp/lwjglsam/3.2.3-build-13/liblwjgl.so
7f2ac5ff5000-7f2ac5ff6000 rw-p 00051000 103:02 15990805                  /tmp/lwjglsam/3.2.3-build-13/liblwjgl.so
7f2ac5ff6000-7f2ac600c000 r-xp 00000000 103:02 9839031                   /usr/lib/jvm/java-8-openjdk-amd64/jre/lib/amd64/libnet.so
7f2ac600c000-7f2ac620b000 ---p 00016000 103:02 9839031                   /usr/lib/jvm/java-8-openjdk-amd64/jre/lib/amd64/libnet.so
7f2ac620b000-7f2ac620c000 r--p 00015000 103:02 9839031                   /usr/lib/jvm/java-8-openjdk-amd64/jre/lib/amd64/libnet.so
7f2ac620c000-7f2ac620d000 rw-p 00016000 103:02 9839031                   /usr/lib/jvm/java-8-openjdk-amd64/jre/lib/amd64/libnet.so
7f2ac620d000-7f2ac621e000 r-xp 00000000 103:02 9839036                   /usr/lib/jvm/java-8-openjdk-amd64/jre/lib/amd64/libnio.so
7f2ac621e000-7f2ac641d000 ---p 00011000 103:02 9839036                   /usr/lib/jvm/java-8-openjdk-amd64/jre/lib/amd64/libnio.so
7f2ac641d000-7f2ac641e000 r--p 00010000 103:02 9839036                   /usr/lib/jvm/java-8-openjdk-amd64/jre/lib/amd64/libnio.so
7f2ac641e000-7f2ac641f000 rw-p 00011000 103:02 9839036                   /usr/lib/jvm/java-8-openjdk-amd64/jre/lib/amd64/libnio.so
7f2ac641f000-7f2ac6420000 ---p 00000000 00:00 0 
7f2ac6420000-7f2ac6520000 rw-p 00000000 00:00 0 
7f2ac6520000-7f2ac6523000 ---p 00000000 00:00 0 
7f2ac6523000-7f2ac6621000 rw-p 00000000 00:00 0 
7f2ac6621000-7f2ac6622000 ---p 00000000 00:00 0 
7f2ac6622000-7f2ac6625000 ---p 00000000 00:00 0 
7f2ac6625000-7f2ac6722000 rw-p 00000000 00:00 0 
7f2ac6722000-7f2ac6723000 ---p 00000000 00:00 0 
7f2ac6723000-7f2ac6726000 ---p 00000000 00:00 0 
7f2ac6726000-7f2ac6823000 rw-p 00000000 00:00 0 
7f2ac6823000-7f2ac6824000 ---p 00000000 00:00 0 
7f2ac6824000-7f2ac6827000 ---p 00000000 00:00 0 
7f2ac6827000-7f2ac6924000 rw-p 00000000 00:00 0 
7f2ac6924000-7f2ac6925000 ---p 00000000 00:00 0 
7f2ac6925000-7f2ac6928000 ---p 00000000 00:00 0 
7f2ac6928000-7f2ac6a25000 rw-p 00000000 00:00 0 
7f2ac6a25000-7f2ac6a28000 ---p 00000000 00:00 0 
7f2ac6a28000-7f2ac6b26000 rw-p 00000000 00:00 0 
7f2ac6b26000-7f2ac74f5000 r--p 00000000 103:02 9837060                   /usr/lib/locale/locale-archive
7f2ac74f5000-7f2ac74f8000 ---p 00000000 00:00 0 
7f2ac74f8000-7f2ac75f6000 rw-p 00000000 00:00 0 
7f2ac75f6000-7f2ac75f9000 ---p 00000000 00:00 0 
7f2ac75f9000-7f2ac76f7000 rw-p 00000000 00:00 0 
7f2ac76f7000-7f2ac76f8000 ---p 00000000 00:00 0 
7f2ac76f8000-7f2ac8000000 rw-p 00000000 00:00 0 
7f2ac8000000-7f2ac8021000 rw-p 00000000 00:00 0 
7f2ac8021000-7f2acc000000 ---p 00000000 00:00 0 
7f2acc000000-7f2acc021000 rw-p 00000000 00:00 0 
7f2acc021000-7f2ad0000000 ---p 00000000 00:00 0 
7f2ad0000000-7f2ad0021000 rw-p 00000000 00:00 0 
7f2ad0021000-7f2ad4000000 ---p 00000000 00:00 0 
7f2ad4000000-7f2ad4021000 rw-p 00000000 00:00 0 
7f2ad4021000-7f2ad8000000 ---p 00000000 00:00 0 
7f2ad8000000-7f2ad8021000 rw-p 00000000 00:00 0 
7f2ad8021000-7f2adc000000 ---p 00000000 00:00 0 
7f2adc000000-7f2adc021000 rw-p 00000000 00:00 0 
7f2adc021000-7f2ae0000000 ---p 00000000 00:00 0 
7f2ae0000000-7f2ae0021000 rw-p 00000000 00:00 0 
7f2ae0021000-7f2ae4000000 ---p 00000000 00:00 0 
7f2ae4002000-7f2ae4003000 r-xp 00000000 00:00 0 
7f2ae4003000-7f2ae4006000 rw-s 00000000 00:06 583                        /dev/nvidiactl
7f2ae4006000-7f2ae4008000 rw-s 00000000 103:02 15728652                  /tmp/.gl288YpN (deleted)
7f2ae400c000-7f2ae400d000 rw-s 00000000 00:06 584                        /dev/nvidia0
7f2ae400d000-7f2ae400f000 rw-s 00000000 00:06 583                        /dev/nvidiactl
7f2ae400f000-7f2ae4013000 rw-s 00000000 00:06 583                        /dev/nvidiactl
7f2ae4013000-7f2ae4014000 rw-s 00000000 00:06 584                        /dev/nvidia0
7f2ae4014000-7f2ae4015000 rw-s 00000000 00:06 584                        /dev/nvidia0
7f2ae4015000-7f2ae4035000 rw-s 00000000 00:06 583                        /dev/nvidiactl
7f2ae4035000-7f2ae4036000 rw-s 00000000 00:06 584                        /dev/nvidia0
7f2ae4056000-7f2ae4057000 rw-s 00000000 00:06 583                        /dev/nvidiactl
7f2ae4057000-7f2ae4058000 rw-s 00000000 00:06 583                        /dev/nvidiactl
7f2ae4058000-7f2ae4059000 rw-s 00000000 00:06 583                        /dev/nvidiactl
7f2ae4059000-7f2ae4060000 r--s 00000000 103:02 10095718                  /usr/lib/x86_64-linux-gnu/gconv/gconv-modules.cache
7f2ae4060000-7f2ae4073000 r--s 00346000 103:02 9839324                   /usr/lib/jvm/java-8-openjdk-amd64/jre/lib/resources.jar
7f2ae4073000-7f2ae4074000 r--s 00002000 08:01 16253464                   /home/sam/Downloads/pngdecoder-1.0.jar
7f2ae4074000-7f2ae4075000 r--s 00022000 08:01 17960234                   /home/sam/Downloads/lwjgl-3.2.3/lwjgl-glfw/lwjgl-glfw-natives-linux-arm64.jar
7f2ae4075000-7f2ae4076000 r--s 00026000 08:01 17960235                   /home/sam/Downloads/lwjgl-3.2.3/lwjgl-glfw/lwjgl-glfw-natives-linux.jar
7f2ae4076000-7f2ae4079000 r--s 00018000 08:01 17960240                   /home/sam/Downloads/lwjgl-3.2.3/lwjgl-glfw/lwjgl-glfw.jar
7f2ae4079000-7f2ae407b000 r--s 0000d000 08:01 19795215                   /home/sam/Downloads/lwjgl-3.2.3/lwjgl-opengl/lwjgl-opengl-natives-linux-arm64.jar
7f2ae407b000-7f2ae407c000 r--s 00013000 08:01 19795216                   /home/sam/Downloads/lwjgl-3.2.3/lwjgl-opengl/lwjgl-opengl-natives-linux.jar
7f2ae407c000-7f2ae4087000 r--s 000da000 08:01 19795221                   /home/sam/Downloads/lwjgl-3.2.3/lwjgl-opengl/lwjgl-opengl.jar
7f2ae4087000-7f2ae408e000 r--s 00081000 08:01 16518147                   /home/sam/Downloads/lwjgl-3.2.3/lwjgl/lwjgl.jar
7f2ae408e000-7f2ae4093000 r--s 0003c000 103:02 9839214                   /usr/lib/jvm/java-8-openjdk-amd64/jre/lib/ext/sunjce_provider.jar
7f2ae4093000-7f2ae4096000 r--s 00039000 103:02 9839215                   /usr/lib/jvm/java-8-openjdk-amd64/jre/lib/ext/sunpkcs11.jar
7f2ae4096000-7f2ae4099000 r--s 0000f000 103:02 9839204                   /usr/lib/jvm/java-8-openjdk-amd64/jre/lib/ext/icedtea-sound.jar
7f2ae4099000-7f2ae5b1d000 rw-p 00000000 00:00 0 
7f2ae5b1d000-7f2ae5ced000 r--s 03c5c000 103:02 9839328                   /usr/lib/jvm/java-8-openjdk-amd64/jre/lib/rt.jar
7f2ae5ced000-7f2ae74fd000 rw-p 00000000 00:00 0 
7f2ae74fd000-7f2ae74fe000 ---p 00000000 00:00 0 
7f2ae74fe000-7f2ae76a5000 rw-p 00000000 00:00 0 
7f2ae76a5000-7f2ae8065000 ---p 00000000 00:00 0 
7f2ae8065000-7f2ae810c000 rw-p 00000000 00:00 0 
7f2ae810c000-7f2ae8acb000 ---p 00000000 00:00 0 
7f2ae8acb000-7f2ae8b5e000 rw-p 00000000 00:00 0 
7f2ae8b5e000-7f2ae8fff000 ---p 00000000 00:00 0 
7f2ae8fff000-7f2ae9000000 rw-p 00000000 00:00 0 
7f2ae9000000-7f2ae93f0000 rwxp 00000000 00:00 0 
7f2ae93f0000-7f2af8000000 ---p 00000000 00:00 0 
7f2af8000000-7f2af9726000 rw-p 00000000 00:00 0 
7f2af9726000-7f2afc000000 ---p 00000000 00:00 0 
7f2afc000000-7f2afc001000 r--s 0000c000 08:01 16517972                   /home/sam/Downloads/lwjgl-3.2.3/lwjgl/lwjgl-natives-linux-arm64.jar
7f2afc001000-7f2afc002000 r--s 00012000 08:01 16517973                   /home/sam/Downloads/lwjgl-3.2.3/lwjgl/lwjgl-natives-linux.jar
7f2afc002000-7f2afc01d000 r--s 001d6000 103:02 9839212                   /usr/lib/jvm/java-8-openjdk-amd64/jre/lib/ext/nashorn.jar
7f2afc01d000-7f2afc0c6000 rw-p 00000000 00:00 0 
7f2afc0c6000-7f2afc0c7000 ---p 00000000 00:00 0 
7f2afc0c7000-7f2afc1c7000 rw-p 00000000 00:00 0 
7f2afc1c7000-7f2afc1c8000 ---p 00000000 00:00 0 
7f2afc1c8000-7f2afc2c8000 rw-p 00000000 00:00 0 
7f2afc2c8000-7f2afc2c9000 ---p 00000000 00:00 0 
7f2afc2c9000-7f2afc3c9000 rw-p 00000000 00:00 0 
7f2afc3c9000-7f2afc3ca000 ---p 00000000 00:00 0 
7f2afc3ca000-7f2afc4ca000 rw-p 00000000 00:00 0 
7f2afc4ca000-7f2afc4cb000 ---p 00000000 00:00 0 
7f2afc4cb000-7f2afc5cb000 rw-p 00000000 00:00 0 
7f2afc5cb000-7f2afc5cc000 ---p 00000000 00:00 0 
7f2afc5cc000-7f2afc6cc000 rw-p 00000000 00:00 0 
7f2afc6cc000-7f2afc6cd000 ---p 00000000 00:00 0 
7f2afc6cd000-7f2afc7cd000 rw-p 00000000 00:00 0 
7f2afc7cd000-7f2afc7ce000 ---p 00000000 00:00 0 
7f2afc7ce000-7f2afc8ce000 rw-p 00000000 00:00 0 
7f2afc8ce000-7f2afc8cf000 ---p 00000000 00:00 0 
7f2afc8cf000-7f2afc9df000 rw-p 00000000 00:00 0 
7f2afc9df000-7f2afcd8f000 ---p 00000000 00:00 0 
7f2afcd8f000-7f2afcd97000 r-xp 00000000 103:02 9839091                   /usr/lib/jvm/java-8-openjdk-amd64/jre/lib/amd64/libzip.so
7f2afcd97000-7f2afcf96000 ---p 00008000 103:02 9839091                   /usr/lib/jvm/java-8-openjdk-amd64/jre/lib/amd64/libzip.so
7f2afcf96000-7f2afcf97000 r--p 00007000 103:02 9839091                   /usr/lib/jvm/java-8-openjdk-amd64/jre/lib/amd64/libzip.so
7f2afcf97000-7f2afcf98000 rw-p 00008000 103:02 9839091                   /usr/lib/jvm/java-8-openjdk-amd64/jre/lib/amd64/libzip.so
7f2afcf98000-7f2afcfa3000 r-xp 00000000 103:02 22942476                  /lib/x86_64-linux-gnu/libnss_files-2.27.so
7f2afcfa3000-7f2afd1a2000 ---p 0000b000 103:02 22942476                  /lib/x86_64-linux-gnu/libnss_files-2.27.so
7f2afd1a2000-7f2afd1a3000 r--p 0000a000 103:02 22942476                  /lib/x86_64-linux-gnu/libnss_files-2.27.so
7f2afd1a3000-7f2afd1a4000 rw-p 0000b000 103:02 22942476                  /lib/x86_64-linux-gnu/libnss_files-2.27.so
7f2afd1a4000-7f2afd1aa000 rw-p 00000000 00:00 0 
7f2afd1aa000-7f2afd1c1000 r-xp 00000000 103:02 22942470                  /lib/x86_64-linux-gnu/libnsl-2.27.so
7f2afd1c1000-7f2afd3c0000 ---p 00017000 103:02 22942470                  /lib/x86_64-linux-gnu/libnsl-2.27.so
7f2afd3c0000-7f2afd3c1000 r--p 00016000 103:02 22942470                  /lib/x86_64-linux-gnu/libnsl-2.27.so
7f2afd3c1000-7f2afd3c2000 rw-p 00017000 103:02 22942470                  /lib/x86_64-linux-gnu/libnsl-2.27.so
7f2afd3c2000-7f2afd3c4000 rw-p 00000000 00:00 0 
7f2afd3c4000-7f2afd3cf000 r-xp 00000000 103:02 22942487                  /lib/x86_64-linux-gnu/libnss_nis-2.27.so
7f2afd3cf000-7f2afd5ce000 ---p 0000b000 103:02 22942487                  /lib/x86_64-linux-gnu/libnss_nis-2.27.so
7f2afd5ce000-7f2afd5cf000 r--p 0000a000 103:02 22942487                  /lib/x86_64-linux-gnu/libnss_nis-2.27.so
7f2afd5cf000-7f2afd5d0000 rw-p 0000b000 103:02 22942487                  /lib/x86_64-linux-gnu/libnss_nis-2.27.so
7f2afd5d0000-7f2afd5d8000 r-xp 00000000 103:02 22942472                  /lib/x86_64-linux-gnu/libnss_compat-2.27.so
7f2afd5d8000-7f2afd7d8000 ---p 00008000 103:02 22942472                  /lib/x86_64-linux-gnu/libnss_compat-2.27.so
7f2afd7d8000-7f2afd7d9000 r--p 00008000 103:02 22942472                  /lib/x86_64-linux-gnu/libnss_compat-2.27.so
7f2afd7d9000-7f2afd7da000 rw-p 00009000 103:02 22942472                  /lib/x86_64-linux-gnu/libnss_compat-2.27.so
7f2afd7da000-7f2afd804000 r-xp 00000000 103:02 9838982                   /usr/lib/jvm/java-8-openjdk-amd64/jre/lib/amd64/libjava.so
7f2afd804000-7f2afda03000 ---p 0002a000 103:02 9838982                   /usr/lib/jvm/java-8-openjdk-amd64/jre/lib/amd64/libjava.so
7f2afda03000-7f2afda04000 r--p 00029000 103:02 9838982                   /usr/lib/jvm/java-8-openjdk-amd64/jre/lib/amd64/libjava.so
7f2afda04000-7f2afda06000 rw-p 0002a000 103:02 9838982                   /usr/lib/jvm/java-8-openjdk-amd64/jre/lib/amd64/libjava.so
7f2afda06000-7f2afda16000 r-xp 00000000 103:02 9839073                   /usr/lib/jvm/java-8-openjdk-amd64/jre/lib/amd64/libverify.so
7f2afda16000-7f2afdc15000 ---p 00010000 103:02 9839073                   /usr/lib/jvm/java-8-openjdk-amd64/jre/lib/amd64/libverify.so
7f2afdc15000-7f2afdc17000 r--p 0000f000 103:02 9839073                   /usr/lib/jvm/java-8-openjdk-amd64/jre/lib/amd64/libverify.so
7f2afdc17000-7f2afdc18000 rw-p 00011000 103:02 9839073                   /usr/lib/jvm/java-8-openjdk-amd64/jre/lib/amd64/libverify.so
7f2afdc18000-7f2afdc1f000 r-xp 00000000 103:02 22942527                  /lib/x86_64-linux-gnu/librt-2.27.so
7f2afdc1f000-7f2afde1e000 ---p 00007000 103:02 22942527                  /lib/x86_64-linux-gnu/librt-2.27.so
7f2afde1e000-7f2afde1f000 r--p 00006000 103:02 22942527                  /lib/x86_64-linux-gnu/librt-2.27.so
7f2afde1f000-7f2afde20000 rw-p 00007000 103:02 22942527                  /lib/x86_64-linux-gnu/librt-2.27.so
7f2afde20000-7f2afde37000 r-xp 00000000 103:02 22937606                  /lib/x86_64-linux-gnu/libgcc_s.so.1
7f2afde37000-7f2afe036000 ---p 00017000 103:02 22937606                  /lib/x86_64-linux-gnu/libgcc_s.so.1
7f2afe036000-7f2afe037000 r--p 00016000 103:02 22937606                  /lib/x86_64-linux-gnu/libgcc_s.so.1
7f2afe037000-7f2afe038000 rw-p 00017000 103:02 22937606                  /lib/x86_64-linux-gnu/libgcc_s.so.1
7f2afe038000-7f2afe1d5000 r-xp 00000000 103:02 22942449                  /lib/x86_64-linux-gnu/libm-2.27.so
7f2afe1d5000-7f2afe3d4000 ---p 0019d000 103:02 22942449                  /lib/x86_64-linux-gnu/libm-2.27.so
7f2afe3d4000-7f2afe3d5000 r--p 0019c000 103:02 22942449                  /lib/x86_64-linux-gnu/libm-2.27.so
7f2afe3d5000-7f2afe3d6000 rw-p 0019d000 103:02 22942449                  /lib/x86_64-linux-gnu/libm-2.27.so
7f2afe3d6000-7f2afe54f000 r-xp 00000000 103:02 9830530                   /usr/lib/x86_64-linux-gnu/libstdc++.so.6.0.25
7f2afe54f000-7f2afe74f000 ---p 00179000 103:02 9830530                   /usr/lib/x86_64-linux-gnu/libstdc++.so.6.0.25
7f2afe74f000-7f2afe759000 r--p 00179000 103:02 9830530                   /usr/lib/x86_64-linux-gnu/libstdc++.so.6.0.25
7f2afe759000-7f2afe75b000 rw-p 00183000 103:02 9830530                   /usr/lib/x86_64-linux-gnu/libstdc++.so.6.0.25
7f2afe75b000-7f2afe75f000 rw-p 00000000 00:00 0 
7f2afe75f000-7f2aff3fe000 r-xp 00000000 103:02 9839139                   /usr/lib/jvm/java-8-openjdk-amd64/jre/lib/amd64/server/libjvm.so
7f2aff3fe000-7f2aff5fe000 ---p 00c9f000 103:02 9839139                   /usr/lib/jvm/java-8-openjdk-amd64/jre/lib/amd64/server/libjvm.so
7f2aff5fe000-7f2aff692000 r--p 00c9f000 103:02 9839139                   /usr/lib/jvm/java-8-openjdk-amd64/jre/lib/amd64/server/libjvm.so
7f2aff692000-7f2aff6bb000 rw-p 00d33000 103:02 9839139                   /usr/lib/jvm/java-8-openjdk-amd64/jre/lib/amd64/server/libjvm.so
7f2aff6bb000-7f2aff6eb000 rw-p 00000000 00:00 0 
7f2aff6eb000-7f2aff705000 r-xp 00000000 103:02 22942519                  /lib/x86_64-linux-gnu/libpthread-2.27.so
7f2aff705000-7f2aff904000 ---p 0001a000 103:02 22942519                  /lib/x86_64-linux-gnu/libpthread-2.27.so
7f2aff904000-7f2aff905000 r--p 00019000 103:02 22942519                  /lib/x86_64-linux-gnu/libpthread-2.27.so
7f2aff905000-7f2aff906000 rw-p 0001a000 103:02 22942519                  /lib/x86_64-linux-gnu/libpthread-2.27.so
7f2aff906000-7f2aff90a000 rw-p 00000000 00:00 0 
7f2aff90a000-7f2aff90d000 r-xp 00000000 103:02 22942409                  /lib/x86_64-linux-gnu/libdl-2.27.so
7f2aff90d000-7f2affb0c000 ---p 00003000 103:02 22942409                  /lib/x86_64-linux-gnu/libdl-2.27.so
7f2affb0c000-7f2affb0d000 r--p 00002000 103:02 22942409                  /lib/x86_64-linux-gnu/libdl-2.27.so
7f2affb0d000-7f2affb0e000 rw-p 00003000 103:02 22942409                  /lib/x86_64-linux-gnu/libdl-2.27.so
7f2affb0e000-7f2affb2a000 r-xp 00000000 103:02 22942558                  /lib/x86_64-linux-gnu/libz.so.1.2.11
7f2affb2a000-7f2affd29000 ---p 0001c000 103:02 22942558                  /lib/x86_64-linux-gnu/libz.so.1.2.11
7f2affd29000-7f2affd2a000 r--p 0001b000 103:02 22942558                  /lib/x86_64-linux-gnu/libz.so.1.2.11
7f2affd2a000-7f2affd2b000 rw-p 0001c000 103:02 22942558                  /lib/x86_64-linux-gnu/libz.so.1.2.11
7f2affd2b000-7f2afff12000 r-xp 00000000 103:02 22942386                  /lib/x86_64-linux-gnu/libc-2.27.so
7f2afff12000-7f2b00112000 ---p 001e7000 103:02 22942386                  /lib/x86_64-linux-gnu/libc-2.27.so
7f2b00112000-7f2b00116000 r--p 001e7000 103:02 22942386                  /lib/x86_64-linux-gnu/libc-2.27.so
7f2b00116000-7f2b00118000 rw-p 001eb000 103:02 22942386                  /lib/x86_64-linux-gnu/libc-2.27.so
7f2b00118000-7f2b0011c000 rw-p 00000000 00:00 0 
7f2b0011c000-7f2b0012a000 r-xp 00000000 103:02 9838942                   /usr/lib/jvm/java-8-openjdk-amd64/jre/lib/amd64/jli/libjli.so
7f2b0012a000-7f2b00329000 ---p 0000e000 103:02 9838942                   /usr/lib/jvm/java-8-openjdk-amd64/jre/lib/amd64/jli/libjli.so
7f2b00329000-7f2b0032a000 r--p 0000d000 103:02 9838942                   /usr/lib/jvm/java-8-openjdk-amd64/jre/lib/amd64/jli/libjli.so
7f2b0032a000-7f2b0032b000 rw-p 0000e000 103:02 9838942                   /usr/lib/jvm/java-8-openjdk-amd64/jre/lib/amd64/jli/libjli.so
7f2b0032b000-7f2b00352000 r-xp 00000000 103:02 22942358                  /lib/x86_64-linux-gnu/ld-2.27.so
7f2b00352000-7f2b00353000 r--s 0000a000 103:02 9839205                   /usr/lib/jvm/java-8-openjdk-amd64/jre/lib/ext/jaccess.jar
7f2b00353000-7f2b0036e000 r--s 00394000 103:02 9839202                   /usr/lib/jvm/java-8-openjdk-amd64/jre/lib/ext/cldrdata.jar
7f2b0036e000-7f2b00433000 rw-p 00000000 00:00 0 
7f2b00433000-7f2b00434000 ---p 00000000 00:00 0 
7f2b00434000-7f2b00437000 ---p 00000000 00:00 0 
7f2b00437000-7f2b00536000 rw-p 00000000 00:00 0 
7f2b00536000-7f2b00538000 r--s 00001000 103:02 9839203                   /usr/lib/jvm/java-8-openjdk-amd64/jre/lib/ext/dnsns.jar
7f2b00538000-7f2b00542000 r--s 00116000 103:02 9839206                   /usr/lib/jvm/java-8-openjdk-amd64/jre/lib/ext/localedata.jar
7f2b00542000-7f2b00544000 r--s 00007000 103:02 10224650                  /usr/share/java/java-atk-wrapper.jar
7f2b00544000-7f2b00545000 r--s 0000d000 103:02 9839213                   /usr/lib/jvm/java-8-openjdk-amd64/jre/lib/ext/sunec.jar
7f2b00545000-7f2b00546000 r--s 00010000 103:02 9839216                   /usr/lib/jvm/java-8-openjdk-amd64/jre/lib/ext/zipfs.jar
7f2b00546000-7f2b0054e000 rw-s 00000000 103:02 15990796                  /tmp/hsperfdata_sam/20177
7f2b0054e000-7f2b0054f000 rw-p 00000000 00:00 0 
7f2b0054f000-7f2b00550000 r--p 00000000 00:00 0 
7f2b00550000-7f2b00552000 rw-p 00000000 00:00 0 
7f2b00552000-7f2b00553000 r--p 00027000 103:02 22942358                  /lib/x86_64-linux-gnu/ld-2.27.so
7f2b00553000-7f2b00554000 rw-p 00028000 103:02 22942358                  /lib/x86_64-linux-gnu/ld-2.27.so
7f2b00554000-7f2b00555000 rw-p 00000000 00:00 0 
7ffe73484000-7ffe734a5000 rw-p 00000000 00:00 0                          [stack]
7ffe734f8000-7ffe734fb000 r--p 00000000 00:00 0                          [vvar]
7ffe734fb000-7ffe734fc000 r-xp 00000000 00:00 0                          [vdso]
ffffffffff600000-ffffffffff601000 --xp 00000000 00:00 0                  [vsyscall]

VM Arguments:
jvm_args: -Dfile.encoding=UTF-8 
java_command: main.Main
java_class_path (initial): /home/sam/Downloads/lwjgl-3.2.3/lwjgl/lwjgl.jar:/home/sam/Downloads/lwjgl-3.2.3/lwjgl/lwjgl-natives-linux.jar:/home/sam/Downloads/lwjgl-3.2.3/lwjgl/lwjgl-natives-linux-arm64.jar:/home/sam/Downloads/lwjgl-3.2.3/lwjgl-opengl/lwjgl-opengl.jar:/home/sam/Downloads/lwjgl-3.2.3/lwjgl-opengl/lwjgl-opengl-natives-linux.jar:/home/sam/Downloads/lwjgl-3.2.3/lwjgl-opengl/lwjgl-opengl-natives-linux-arm64.jar:/home/sam/Downloads/lwjgl-3.2.3/lwjgl-glfw/lwjgl-glfw.jar:/home/sam/Downloads/lwjgl-3.2.3/lwjgl-glfw/lwjgl-glfw-natives-linux.jar:/home/sam/Downloads/lwjgl-3.2.3/lwjgl-glfw/lwjgl-glfw-natives-linux-arm64.jar:/home/sam/Downloads/pngdecoder-1.0.jar:/home/sam/eclipse/workspace/LWJGL-ENGINE/bin
Launcher Type: SUN_STANDARD

Environment Variables:
PATH=/usr/local/sbin:/usr/local/bin:/usr/sbin:/usr/bin:/sbin:/bin:/usr/games:/usr/local/games:/snap/bin
USERNAME=sam
SHELL=/bin/bash
DISPLAY=:0

Signal Handlers:
SIGSEGV: [libjvm.so+0xab92f0], sa_mask[0]=11111111011111111101111111111110, sa_flags=SA_RESTART|SA_SIGINFO
SIGBUS: [libjvm.so+0xab92f0], sa_mask[0]=11111111011111111101111111111110, sa_flags=SA_RESTART|SA_SIGINFO
SIGFPE: [libjvm.so+0x8ee560], sa_mask[0]=11111111011111111101111111111110, sa_flags=SA_RESTART|SA_SIGINFO
SIGPIPE: [libjvm.so+0x8ee560], sa_mask[0]=11111111011111111101111111111110, sa_flags=SA_RESTART|SA_SIGINFO
SIGXFSZ: [libjvm.so+0x8ee560], sa_mask[0]=11111111011111111101111111111110, sa_flags=SA_RESTART|SA_SIGINFO
SIGILL: [libjvm.so+0x8ee560], sa_mask[0]=11111111011111111101111111111110, sa_flags=SA_RESTART|SA_SIGINFO
SIGUSR1: SIG_DFL, sa_mask[0]=00000000000000000000000000000000, sa_flags=none
SIGUSR2: [libjvm.so+0x8ee410], sa_mask[0]=00100000000000000000000000000000, sa_flags=SA_RESTART|SA_SIGINFO
SIGHUP: [libjvm.so+0x8eea80], sa_mask[0]=11111111011111111101111111111110, sa_flags=SA_RESTART|SA_SIGINFO
SIGINT: [libjvm.so+0x8eea80], sa_mask[0]=11111111011111111101111111111110, sa_flags=SA_RESTART|SA_SIGINFO
SIGTERM: [libjvm.so+0x8eea80], sa_mask[0]=11111111011111111101111111111110, sa_flags=SA_RESTART|SA_SIGINFO
SIGQUIT: [libjvm.so+0x8eea80], sa_mask[0]=11111111011111111101111111111110, sa_flags=SA_RESTART|SA_SIGINFO


---------------  S Y S T E M  ---------------

OS:DISTRIB_ID=Ubuntu
DISTRIB_RELEASE=18.04
DISTRIB_CODENAME=bionic
DISTRIB_DESCRIPTION="Ubuntu 18.04.3 LTS"

uname:Linux 5.3.0-23-generic #25~18.04.2-Ubuntu SMP Thu Nov 21 22:27:50 UTC 2019 x86_64
libc:glibc 2.27 NPTL 2.27 
rlimit: STACK 8192k, CORE 0k, NPROC 127594, NOFILE 1048576, AS infinity
load average:1.83 5.28 4.61

/proc/meminfo:
MemTotal:       32713520 kB
MemFree:        28193288 kB
MemAvailable:   29109092 kB
Buffers:           79868 kB
Cached:          1389924 kB
SwapCached:            0 kB
Active:          3318764 kB
Inactive:         742104 kB
Active(anon):    2651016 kB
Inactive(anon):   161360 kB
Active(file):     667748 kB
Inactive(file):   580744 kB
Unevictable:       58768 kB
Mlocked:             208 kB
SwapTotal:       2097148 kB
SwapFree:        2097148 kB
Dirty:               208 kB
Writeback:             0 kB
AnonPages:       2650244 kB
Mapped:           635128 kB
Shmem:            221308 kB
KReclaimable:      73300 kB
Slab:             160464 kB
SReclaimable:      73300 kB
SUnreclaim:        87164 kB
KernelStack:       18416 kB
PageTables:        60452 kB
NFS_Unstable:          0 kB
Bounce:                0 kB
WritebackTmp:          0 kB
CommitLimit:    18453908 kB
Committed_AS:    9766708 kB
VmallocTotal:   34359738367 kB
VmallocUsed:       62288 kB
VmallocChunk:          0 kB
Percpu:             5760 kB
HardwareCorrupted:     0 kB
AnonHugePages:         0 kB
ShmemHugePages:        0 kB
ShmemPmdMapped:        0 kB
CmaTotal:              0 kB
CmaFree:               0 kB
HugePages_Total:       0
HugePages_Free:        0
HugePages_Rsvd:        0
HugePages_Surp:        0
Hugepagesize:       2048 kB
Hugetlb:               0 kB
DirectMap4k:      340640 kB
DirectMap2M:     5777408 kB
DirectMap1G:    27262976 kB

container (cgroup) information:
container_type: cgroupv1
cpu_cpuset_cpus: 0-11
cpu_memory_nodes: 0
active_processor_count: 12
cpu_quota: -1
cpu_period: 100000
cpu_shares: -1
memory_limit_in_bytes: -1
memory_and_swap_limit_in_bytes: -2
memory_soft_limit_in_bytes: -1
memory_usage_in_bytes: 4218241024
memory_max_usage_in_bytes: 0


CPU:total 12 (initial active 12) (6 cores per cpu, 2 threads per core) family 6 model 158 stepping 10, cmov, cx8, fxsr, mmx, sse, sse2, sse3, ssse3, sse4.1, sse4.2, popcnt, avx, avx2, aes, clmul, erms, 3dnowpref, lzcnt, ht, tsc, tscinvbit, bmi1, bmi2, adx

/proc/cpuinfo:
processor	: 0
vendor_id	: GenuineIntel
cpu family	: 6
model		: 158
model name	: Intel(R) Core(TM) i7-8750H CPU @ 2.20GHz
stepping	: 10
microcode	: 0xca
cpu MHz		: 3924.397
cache size	: 9216 KB
physical id	: 0
siblings	: 12
core id		: 0
cpu cores	: 6
apicid		: 0
initial apicid	: 0
fpu		: yes
fpu_exception	: yes
cpuid level	: 22
wp		: yes
flags		: fpu vme de pse tsc msr pae mce cx8 apic sep mtrr pge mca cmov pat pse36 clflush dts acpi mmx fxsr sse sse2 ss ht tm pbe syscall nx pdpe1gb rdtscp lm constant_tsc art arch_perfmon pebs bts rep_good nopl xtopology nonstop_tsc cpuid aperfmperf pni pclmulqdq dtes64 monitor ds_cpl vmx est tm2 ssse3 sdbg fma cx16 xtpr pdcm pcid sse4_1 sse4_2 x2apic movbe popcnt tsc_deadline_timer aes xsave avx f16c rdrand lahf_lm abm 3dnowprefetch cpuid_fault epb invpcid_single pti ssbd ibrs ibpb stibp tpr_shadow vnmi flexpriority ept vpid ept_ad fsgsbase tsc_adjust bmi1 avx2 smep bmi2 erms invpcid mpx rdseed adx smap clflushopt intel_pt xsaveopt xsavec xgetbv1 xsaves dtherm ida arat pln pts hwp hwp_notify hwp_act_window hwp_epp md_clear flush_l1d
bugs		: cpu_meltdown spectre_v1 spectre_v2 spec_store_bypass l1tf mds swapgs itlb_multihit
bogomips	: 4399.99
clflush size	: 64
cache_alignment	: 64
address sizes	: 39 bits physical, 48 bits virtual
power management:

processor	: 1
vendor_id	: GenuineIntel
cpu family	: 6
model		: 158
model name	: Intel(R) Core(TM) i7-8750H CPU @ 2.20GHz
stepping	: 10
microcode	: 0xca
cpu MHz		: 3999.488
cache size	: 9216 KB
physical id	: 0
siblings	: 12
core id		: 1
cpu cores	: 6
apicid		: 2
initial apicid	: 2
fpu		: yes
fpu_exception	: yes
cpuid level	: 22
wp		: yes
flags		: fpu vme de pse tsc msr pae mce cx8 apic sep mtrr pge mca cmov pat pse36 clflush dts acpi mmx fxsr sse sse2 ss ht tm pbe syscall nx pdpe1gb rdtscp lm constant_tsc art arch_perfmon pebs bts rep_good nopl xtopology nonstop_tsc cpuid aperfmperf pni pclmulqdq dtes64 monitor ds_cpl vmx est tm2 ssse3 sdbg fma cx16 xtpr pdcm pcid sse4_1 sse4_2 x2apic movbe popcnt tsc_deadline_timer aes xsave avx f16c rdrand lahf_lm abm 3dnowprefetch cpuid_fault epb invpcid_single pti ssbd ibrs ibpb stibp tpr_shadow vnmi flexpriority ept vpid ept_ad fsgsbase tsc_adjust bmi1 avx2 smep bmi2 erms invpcid mpx rdseed adx smap clflushopt intel_pt xsaveopt xsavec xgetbv1 xsaves dtherm ida arat pln pts hwp hwp_notify hwp_act_window hwp_epp md_clear flush_l1d
bugs		: cpu_meltdown spectre_v1 spectre_v2 spec_store_bypass l1tf mds swapgs itlb_multihit
bogomips	: 4399.99
clflush size	: 64
cache_alignment	: 64
address sizes	: 39 bits physical, 48 bits virtual
power management:

processor	: 2
vendor_id	: GenuineIntel
cpu family	: 6
model		: 158
model name	: Intel(R) Core(TM) i7-8750H CPU @ 2.20GHz
stepping	: 10
microcode	: 0xca
cpu MHz		: 4001.619
cache size	: 9216 KB
physical id	: 0
siblings	: 12
core id		: 2
cpu cores	: 6
apicid		: 4
initial apicid	: 4
fpu		: yes
fpu_exception	: yes
cpuid level	: 22
wp		: yes
flags		: fpu vme de pse tsc msr pae mce cx8 apic sep mtrr pge mca cmov pat pse36 clflush dts acpi mmx fxsr sse sse2 ss ht tm pbe syscall nx pdpe1gb rdtscp lm constant_tsc art arch_perfmon pebs bts rep_good nopl xtopology nonstop_tsc cpuid aperfmperf pni pclmulqdq dtes64 monitor ds_cpl vmx est tm2 ssse3 sdbg fma cx16 xtpr pdcm pcid sse4_1 sse4_2 x2apic movbe popcnt tsc_deadline_timer aes xsave avx f16c rdrand lahf_lm abm 3dnowprefetch cpuid_fault epb invpcid_single pti ssbd ibrs ibpb stibp tpr_shadow vnmi flexpriority ept vpid ept_ad fsgsbase tsc_adjust bmi1 avx2 smep bmi2 erms invpcid mpx rdseed adx smap clflushopt intel_pt xsaveopt xsavec xgetbv1 xsaves dtherm ida arat pln pts hwp hwp_notify hwp_act_window hwp_epp md_clear flush_l1d
bugs		: cpu_meltdown spectre_v1 spectre_v2 spec_store_bypass l1tf mds swapgs itlb_multihit
bogomips	: 4399.99
clflush size	: 64
cache_alignment	: 64
address sizes	: 39 bits physical, 48 bits virtual
power management:

processor	: 3
vendor_id	: GenuineIntel
cpu family	: 6
model		: 158
model name	: Intel(R) Core(TM) i7-8750H CPU @ 2.20GHz
stepping	: 10
microcode	: 0xca
cpu MHz		: 3992.437
cache size	: 9216 KB
physical id	: 0
siblings	: 12
core id		: 3
cpu cores	: 6
apicid		: 6
initial apicid	: 6
fpu		: yes
fpu_exception	: yes
cpuid level	: 22
wp		: yes
flags		: fpu vme de pse tsc msr pae mce cx8 apic sep mtrr pge mca cmov pat pse36 clflush dts acpi mmx fxsr sse sse2 ss ht tm pbe syscall nx pdpe1gb rdtscp lm constant_tsc art arch_perfmon pebs bts rep_good nopl xtopology nonstop_tsc cpuid aperfmperf pni pclmulqdq dtes64 monitor ds_cpl vmx est tm2 ssse3 sdbg fma cx16 xtpr pdcm pcid sse4_1 sse4_2 x2apic movbe popcnt tsc_deadline_timer aes xsave avx f16c rdrand lahf_lm abm 3dnowprefetch cpuid_fault epb invpcid_single pti ssbd ibrs ibpb stibp tpr_shadow vnmi flexpriority ept vpid ept_ad fsgsbase tsc_adjust bmi1 avx2 smep bmi2 erms invpcid mpx rdseed adx smap clflushopt intel_pt xsaveopt xsavec xgetbv1 xsaves dtherm ida arat pln pts hwp hwp_notify hwp_act_window hwp_epp md_clear flush_l1d
bugs		: cpu_meltdown spectre_v1 spectre_v2 spec_store_bypass l1tf mds swapgs itlb_multihit
bogomips	: 4399.99
clflush size	: 64
cache_alignment	: 64
address sizes	: 39 bits physical, 48 bits virtual
power management:

processor	: 4
vendor_id	: GenuineIntel
cpu family	: 6
model		: 158
model name	: Intel(R) Core(TM) i7-8750H CPU @ 2.20GHz
stepping	: 10
microcode	: 0xca
cpu MHz		: 3946.089
cache size	: 9216 KB
physical id	: 0
siblings	: 12
core id		: 4
cpu cores	: 6
apicid		: 8
initial apicid	: 8
fpu		: yes
fpu_exception	: yes
cpuid level	: 22
wp		: yes
flags		: fpu vme de pse tsc msr pae mce cx8 apic sep mtrr pge mca cmov pat pse36 clflush dts acpi mmx fxsr sse sse2 ss ht tm pbe syscall nx pdpe1gb rdtscp lm constant_tsc art arch_perfmon pebs bts rep_good nopl xtopology nonstop_tsc cpuid aperfmperf pni pclmulqdq dtes64 monitor ds_cpl vmx est tm2 ssse3 sdbg fma cx16 xtpr pdcm pcid sse4_1 sse4_2 x2apic movbe popcnt tsc_deadline_timer aes xsave avx f16c rdrand lahf_lm abm 3dnowprefetch cpuid_fault epb invpcid_single pti ssbd ibrs ibpb stibp tpr_shadow vnmi flexpriority ept vpid ept_ad fsgsbase tsc_adjust bmi1 avx2 smep bmi2 erms invpcid mpx rdseed adx smap clflushopt intel_pt xsaveopt xsavec xgetbv1 xsaves dtherm ida arat pln pts hwp hwp_notify hwp_act_window hwp_epp md_clear flush_l1d
bugs		: cpu_meltdown spectre_v1 spectre_v2 spec_store_bypass l1tf mds swapgs itlb_multihit
bogomips	: 4399.99
clflush size	: 64
cache_alignment	: 64
address sizes	: 39 bits physical, 48 bits virtual
power management:

processor	: 5
vendor_id	: GenuineIntel
cpu family	: 6
model		: 158
model name	: Intel(R) Core(TM) i7-8750H CPU @ 2.20GHz
stepping	: 10
microcode	: 0xca
cpu MHz		: 3992.959
cache size	: 9216 KB
physical id	: 0
siblings	: 12
core id		: 5
cpu cores	: 6
apicid		: 10
initial apicid	: 10
fpu		: yes
fpu_exception	: yes
cpuid level	: 22
wp		: yes
flags		: fpu vme de pse tsc msr pae mce cx8 apic sep mtrr pge mca cmov pat pse36 clflush dts acpi mmx fxsr sse sse2 ss ht tm pbe syscall nx pdpe1gb rdtscp lm constant_tsc art arch_perfmon pebs bts rep_good nopl xtopology nonstop_tsc cpuid aperfmperf pni pclmulqdq dtes64 monitor ds_cpl vmx est tm2 ssse3 sdbg fma cx16 xtpr pdcm pcid sse4_1 sse4_2 x2apic movbe popcnt tsc_deadline_timer aes xsave avx f16c rdrand lahf_lm abm 3dnowprefetch cpuid_fault epb invpcid_single pti ssbd ibrs ibpb stibp tpr_shadow vnmi flexpriority ept vpid ept_ad fsgsbase tsc_adjust bmi1 avx2 smep bmi2 erms invpcid mpx rdseed adx smap clflushopt intel_pt xsaveopt xsavec xgetbv1 xsaves dtherm ida arat pln pts hwp hwp_notify hwp_act_window hwp_epp md_clear flush_l1d
bugs		: cpu_meltdown spectre_v1 spectre_v2 spec_store_bypass l1tf mds swapgs itlb_multihit
bogomips	: 4399.99
clflush size	: 64
cache_alignment	: 64
address sizes	: 39 bits physical, 48 bits virtual
power management:

processor	: 6
vendor_id	: GenuineIntel
cpu family	: 6
model		: 158
model name	: Intel(R) Core(TM) i7-8750H CPU @ 2.20GHz
stepping	: 10
microcode	: 0xca
cpu MHz		: 3949.496
cache size	: 9216 KB
physical id	: 0
siblings	: 12
core id		: 0
cpu cores	: 6
apicid		: 1
initial apicid	: 1
fpu		: yes
fpu_exception	: yes
cpuid level	: 22
wp		: yes
flags		: fpu vme de pse tsc msr pae mce cx8 apic sep mtrr pge mca cmov pat pse36 clflush dts acpi mmx fxsr sse sse2 ss ht tm pbe syscall nx pdpe1gb rdtscp lm constant_tsc art arch_perfmon pebs bts rep_good nopl xtopology nonstop_tsc cpuid aperfmperf pni pclmulqdq dtes64 monitor ds_cpl vmx est tm2 ssse3 sdbg fma cx16 xtpr pdcm pcid sse4_1 sse4_2 x2apic movbe popcnt tsc_deadline_timer aes xsave avx f16c rdrand lahf_lm abm 3dnowprefetch cpuid_fault epb invpcid_single pti ssbd ibrs ibpb stibp tpr_shadow vnmi flexpriority ept vpid ept_ad fsgsbase tsc_adjust bmi1 avx2 smep bmi2 erms invpcid mpx rdseed adx smap clflushopt intel_pt xsaveopt xsavec xgetbv1 xsaves dtherm ida arat pln pts hwp hwp_notify hwp_act_window hwp_epp md_clear flush_l1d
bugs		: cpu_meltdown spectre_v1 spectre_v2 spec_store_bypass l1tf mds swapgs itlb_multihit
bogomips	: 4399.99
clflush size	: 64
cache_alignment	: 64
address sizes	: 39 bits physical, 48 bits virtual
power management:

processor	: 7
vendor_id	: GenuineIntel
cpu family	: 6
model		: 158
model name	: Intel(R) Core(TM) i7-8750H CPU @ 2.20GHz
stepping	: 10
microcode	: 0xca
cpu MHz		: 3999.694
cache size	: 9216 KB
physical id	: 0
siblings	: 12
core id		: 1
cpu cores	: 6
apicid		: 3
initial apicid	: 3
fpu		: yes
fpu_exception	: yes
cpuid level	: 22
wp		: yes
flags		: fpu vme de pse tsc msr pae mce cx8 apic sep mtrr pge mca cmov pat pse36 clflush dts acpi mmx fxsr sse sse2 ss ht tm pbe syscall nx pdpe1gb rdtscp lm constant_tsc art arch_perfmon pebs bts rep_good nopl xtopology nonstop_tsc cpuid aperfmperf pni pclmulqdq dtes64 monitor ds_cpl vmx est tm2 ssse3 sdbg fma cx16 xtpr pdcm pcid sse4_1 sse4_2 x2apic movbe popcnt tsc_deadline_timer aes xsave avx f16c rdrand lahf_lm abm 3dnowprefetch cpuid_fault epb invpcid_single pti ssbd ibrs ibpb stibp tpr_shadow vnmi flexpriority ept vpid ept_ad fsgsbase tsc_adjust bmi1 avx2 smep bmi2 erms invpcid mpx rdseed adx smap clflushopt intel_pt xsaveopt xsavec xgetbv1 xsaves dtherm ida arat pln pts hwp hwp_notify hwp_act_window hwp_epp md_clear flush_l1d
bugs		: cpu_meltdown spectre_v1 spectre_v2 spec_store_bypass l1tf mds swapgs itlb_multihit
bogomips	: 4399.99
clflush size	: 64
cache_alignment	: 64
address sizes	: 39 bits physical, 48 bits virtual
power management:

processor	: 8
vendor_id	: GenuineIntel
cpu family	: 6
model		: 158
model name	: Intel(R) Core(TM) i7-8750H CPU @ 2.20GHz
stepping	: 10
microcode	: 0xca
cpu MHz		: 3999.562
cache size	: 9216 KB
physical id	: 0
siblings	: 12
core id		: 2
cpu cores	: 6
apicid		: 5
initial apicid	: 5
fpu		: yes
fpu_exception	: yes
cpuid level	: 22
wp		: yes
flags		: fpu vme de pse tsc msr pae mce cx8 apic sep mtrr pge mca cmov pat pse36 clflush dts acpi mmx fxsr sse sse2 ss ht tm pbe syscall nx pdpe1gb rdtscp lm constant_tsc art arch_perfmon pebs bts rep_good nopl xtopology nonstop_tsc cpuid aperfmperf pni pclmulqdq dtes64 monitor ds_cpl vmx est tm2 ssse3 sdbg fma cx16 xtpr pdcm pcid sse4_1 sse4_2 x2apic movbe popcnt tsc_deadline_timer aes xsave avx f16c rdrand lahf_lm abm 3dnowprefetch cpuid_fault epb invpcid_single pti ssbd ibrs ibpb stibp tpr_shadow vnmi flexpriority ept vpid ept_ad fsgsbase tsc_adjust bmi1 avx2 smep bmi2 erms invpcid mpx rdseed adx smap clflushopt intel_pt xsaveopt xsavec xgetbv1 xsaves dtherm ida arat pln pts hwp hwp_notify hwp_act_window hwp_epp md_clear flush_l1d
bugs		: cpu_meltdown spectre_v1 spectre_v2 spec_store_bypass l1tf mds swapgs itlb_multihit
bogomips	: 4399.99
clflush size	: 64
cache_alignment	: 64
address sizes	: 39 bits physical, 48 bits virtual
power management:

processor	: 9
vendor_id	: GenuineIntel
cpu family	: 6
model		: 158
model name	: Intel(R) Core(TM) i7-8750H CPU @ 2.20GHz
stepping	: 10
microcode	: 0xca
cpu MHz		: 3990.657
cache size	: 9216 KB
physical id	: 0
siblings	: 12
core id		: 3
cpu cores	: 6
apicid		: 7
initial apicid	: 7
fpu		: yes
fpu_exception	: yes
cpuid level	: 22
wp		: yes
flags		: fpu vme de pse tsc msr pae mce cx8 apic sep mtrr pge mca cmov pat pse36 clflush dts acpi mmx fxsr sse sse2 ss ht tm pbe syscall nx pdpe1gb rdtscp lm constant_tsc art arch_perfmon pebs bts rep_good nopl xtopology nonstop_tsc cpuid aperfmperf pni pclmulqdq dtes64 monitor ds_cpl vmx est tm2 ssse3 sdbg fma cx16 xtpr pdcm pcid sse4_1 sse4_2 x2apic movbe popcnt tsc_deadline_timer aes xsave avx f16c rdrand lahf_lm abm 3dnowprefetch cpuid_fault epb invpcid_single pti ssbd ibrs ibpb stibp tpr_shadow vnmi flexpriority ept vpid ept_ad fsgsbase tsc_adjust bmi1 avx2 smep bmi2 erms invpcid mpx rdseed adx smap clflushopt intel_pt xsaveopt xsavec xgetbv1 xsaves dtherm ida arat pln pts hwp hwp_notify hwp_act_window hwp_epp md_clear flush_l1d
bugs		: cpu_meltdown spectre_v1 spectre_v2 spec_store_bypass l1tf mds swapgs itlb_multihit
bogomips	: 4399.99
clflush size	: 64
cache_alignment	: 64
address sizes	: 39 bits physical, 48 bits virtual
power management:

processor	: 10
vendor_id	: GenuineIntel
cpu family	: 6
model		: 158
model name	: Intel(R) Core(TM) i7-8750H CPU @ 2.20GHz
stepping	: 10
microcode	: 0xca
cpu MHz		: 4000.650
cache size	: 9216 KB
physical id	: 0
siblings	: 12
core id		: 4
cpu cores	: 6
apicid		: 9
initial apicid	: 9
fpu		: yes
fpu_exception	: yes
cpuid level	: 22
wp		: yes
flags		: fpu vme de pse tsc msr pae mce cx8 apic sep mtrr pge mca cmov pat pse36 clflush dts acpi mmx fxsr sse sse2 ss ht tm pbe syscall nx pdpe1gb rdtscp lm constant_tsc art arch_perfmon pebs bts rep_good nopl xtopology nonstop_tsc cpuid aperfmperf pni pclmulqdq dtes64 monitor ds_cpl vmx est tm2 ssse3 sdbg fma cx16 xtpr pdcm pcid sse4_1 sse4_2 x2apic movbe popcnt tsc_deadline_timer aes xsave avx f16c rdrand lahf_lm abm 3dnowprefetch cpuid_fault epb invpcid_single pti ssbd ibrs ibpb stibp tpr_shadow vnmi flexpriority ept vpid ept_ad fsgsbase tsc_adjust bmi1 avx2 smep bmi2 erms invpcid mpx rdseed adx smap clflushopt intel_pt xsaveopt xsavec xgetbv1 xsaves dtherm ida arat pln pts hwp hwp_notify hwp_act_window hwp_epp md_clear flush_l1d
bugs		: cpu_meltdown spectre_v1 spectre_v2 spec_store_bypass l1tf mds swapgs itlb_multihit
bogomips	: 4399.99
clflush size	: 64
cache_alignment	: 64
address sizes	: 39 bits physical, 48 bits virtual
power management:

processor	: 11
vendor_id	: GenuineIntel
cpu family	: 6
model		: 158
model name	: Intel(R) Core(TM) i7-8750H CPU @ 2.20GHz
stepping	: 10
microcode	: 0xca
cpu MHz		: 3999.810
cache size	: 9216 KB
physical id	: 0
siblings	: 12
core id		: 5
cpu cores	: 6
apicid		: 11
initial apicid	: 11
fpu		: yes
fpu_exception	: yes
cpuid level	: 22
wp		: yes
flags		: fpu vme de pse tsc msr pae mce cx8 apic sep mtrr pge mca cmov pat pse36 clflush dts acpi mmx fxsr sse sse2 ss ht tm pbe syscall nx pdpe1gb rdtscp lm constant_tsc art arch_perfmon pebs bts rep_good nopl xtopology nonstop_tsc cpuid aperfmperf pni pclmulqdq dtes64 monitor ds_cpl vmx est tm2 ssse3 sdbg fma cx16 xtpr pdcm pcid sse4_1 sse4_2 x2apic movbe popcnt tsc_deadline_timer aes xsave avx f16c rdrand lahf_lm abm 3dnowprefetch cpuid_fault epb invpcid_single pti ssbd ibrs ibpb stibp tpr_shadow vnmi flexpriority ept vpid ept_ad fsgsbase tsc_adjust bmi1 avx2 smep bmi2 erms invpcid mpx rdseed adx smap clflushopt intel_pt xsaveopt xsavec xgetbv1 xsaves dtherm ida arat pln pts hwp hwp_notify hwp_act_window hwp_epp md_clear flush_l1d
bugs		: cpu_meltdown spectre_v1 spectre_v2 spec_store_bypass l1tf mds swapgs itlb_multihit
bogomips	: 4399.99
clflush size	: 64
cache_alignment	: 64
address sizes	: 39 bits physical, 48 bits virtual
power management:



Memory: 4k page, physical 32713520k(28193280k free), swap 2097148k(2097148k free)

vm_info: OpenJDK 64-Bit Server VM (25.222-b10) for linux-amd64 JRE (1.8.0_222-8u222-b10-1ubuntu1~18.04.1-b10), built on Jul 18 2019 18:52:48 by "buildd" with gcc 7.4.0

time: Sat Nov 30 15:34:36 2019
timezone: CST
elapsed time: 1 seconds (0d 0h 0m 1s)

