#
# A fatal error has been detected by the Java Runtime Environment:
#
#  SIGSEGV (0xb) at pc=0x00007ff274fdd699, pid=13389, tid=0x00007ff2f9e01700
#
# JRE version: OpenJDK Runtime Environment (8.0_222-b10) (build 1.8.0_222-8u222-b10-1ubuntu1~18.04.1-b10)
# Java VM: OpenJDK 64-Bit Server VM (25.222-b10 mixed mode linux-amd64 compressed oops)
# Problematic frame:
# C  [libnvidia-glcore.so.440.31+0x1041699]
#
# Failed to write core dump. Core dumps have been disabled. To enable core dumping, try "ulimit -c unlimited" before starting Java again
#
# If you would like to submit a bug report, please visit:
#   http://bugreport.java.com/bugreport/crash.jsp
# The crash happened outside the Java Virtual Machine in native code.
# See problematic frame for where to report the bug.
#

---------------  T H R E A D  ---------------

Current thread (0x00007ff2f000b800):  JavaThread "main" [_thread_in_native, id=13394, stack(0x00007ff2f9d02000,0x00007ff2f9e02000)]

siginfo: si_signo: 11 (SIGSEGV), si_code: 1 (SEGV_MAPERR), si_addr: 0x0000000000000000

Registers:
RAX=0x0000000000000000, RBX=0x0000000000000000, RCX=0x00007ff23be01eb8, RDX=0x0000000000000000
RSP=0x00007ff2f9e00480, RBP=0x0000000000000003, RSI=0x0000000000000003, RDI=0x00007ff23be01eb8
R8 =0x0000000000000000, R9 =0x0000000000000000, R10=0x0000000000000000, R11=0x0000000000000004
R12=0x0000000000000003, R13=0x00000000415b0000, R14=0x0000000000000000, R15=0x0000000000000682
RIP=0x00007ff274fdd699, EFLAGS=0x0000000000010202, CSGSFS=0x002b000000000033, ERR=0x0000000000000004
  TRAPNO=0x000000000000000e

Top of Stack: (sp=0x00007ff2f9e00480)
0x00007ff2f9e00480:   00007ff2f9e006ec 00007ff2f9e00540
0x00007ff2f9e00490:   00000000415b0000 00007ff2f9e00540
0x00007ff2f9e004a0:   00007ff2f04e4c00 00007ff2f04e4bf0
0x00007ff2f9e004b0:   00000000415b0000 0000000041606c08
0x00007ff2f9e004c0:   0000000000000000 00007ff274fed4b8
0x00007ff2f9e004d0:   0000000000000000 0000000000000000
0x00007ff2f9e004e0:   0000000000000000 0000000000000000
0x00007ff2f9e004f0:   00007ff2f0a96450 00007ff2f9e00540
0x00007ff2f9e00500:   00001405f000b9e0 ffffffff00000006
0x00007ff2f9e00510:   0000000400000000 0000000041607210
0x00007ff2f9e00520:   00007ff2f06c9790 0100000000000000
0x00007ff2f9e00530:   00007ff200000001 00007ff2f9e01700
0x00007ff2f9e00540:   0000000000000000 00007ff274fbb731
0x00007ff2f9e00550:   00007ff2f0a96450 0000000000000000
0x00007ff2f9e00560:   0000000000000000 0001ff0200000000
0x00007ff2f9e00570:   0000000000000007 00007ff2f0969ae0
0x00007ff2f9e00580:   0000000000000001 0000000000000000
0x00007ff2f9e00590:   00007ff2f0997600 00007ff274beede7
0x00007ff2f9e005a0:   0000000000000000 0000000000000040
0x00007ff2f9e005b0:   00007ff2f000b800 0000000000000000
0x00007ff2f9e005c0:   00007ff2f096bb40 0000000000000040
0x00007ff2f9e005d0:   00000000415b0000 00007ff2f097209c
0x00007ff2f9e005e0:   0000000000000000 0000000000000000
0x00007ff2f9e005f0:   0000000001000000 0000000000000000
0x00007ff2f9e00600:   0000000100000000 2a5daad85fc4c300
0x00007ff2f9e00610:   00007ff2f9e006c0 2a5daad85fc4c300
0x00007ff2f9e00620:   0000000000000000 00007ff2f000b800
0x00007ff2f9e00630:   00007ff2f9e00690 0000000000000000
0x00007ff2f9e00640:   00007ff2f17352a0 00007ff2f9e006c0
0x00007ff2f9e00650:   0000000000000006 00007ff2f9e00560
0x00007ff2f9e00660:   000000002fba5e41 0000000000000000
0x00007ff2f9e00670:   00007ff200000001 00007ff2f9e01700 

Instructions: (pc=0x00007ff274fdd699)
0x00007ff274fdd679:   0f 83 03 01 00 00 89 e8 48 8d 7a 04 89 ee c1 e0
0x00007ff274fdd689:   10 0d 7c 05 00 60 48 89 f9 89 02 4c 89 f2 89 d8
0x00007ff274fdd699:   03 02 66 89 01 89 d8 03 42 04 48 83 c2 08 66 89
0x00007ff274fdd6a9:   41 02 48 83 c1 04 ff ce 75 e4 8d 45 ff 41 29 ec 

Register to memory mapping:

RAX=0x0000000000000000 is an unknown value
RBX=0x0000000000000000 is an unknown value
RCX=0x00007ff23be01eb8 is an unknown value
RDX=0x0000000000000000 is an unknown value
RSP=0x00007ff2f9e00480 is pointing into the stack for thread: 0x00007ff2f000b800
RBP=0x0000000000000003 is an unknown value
RSI=0x0000000000000003 is an unknown value
RDI=0x00007ff23be01eb8 is an unknown value
R8 =0x0000000000000000 is an unknown value
R9 =0x0000000000000000 is an unknown value
R10=0x0000000000000000 is an unknown value
R11=0x0000000000000004 is an unknown value
R12=0x0000000000000003 is an unknown value
R13=0x00000000415b0000 is an unknown value
R14=0x0000000000000000 is an unknown value
R15=0x0000000000000682 is an unknown value


Stack: [0x00007ff2f9d02000,0x00007ff2f9e02000],  sp=0x00007ff2f9e00480,  free space=1017k
Native frames: (J=compiled Java code, j=interpreted, Vv=VM code, C=native code)
C  [libnvidia-glcore.so.440.31+0x1041699]

Java frames: (J=compiled Java code, j=interpreted, Vv=VM code)
J 898  org.lwjgl.opengl.GL11C.nglDrawElements(IIIJ)V (0 bytes) @ 0x00007ff2e13a02ca [0x00007ff2e13a0280+0x4a]
J 920 C2 rendering.MasterRenderer.renderEntity(Lmodels/Entity;)V (39 bytes) @ 0x00007ff2e13b9450 [0x00007ff2e13b8da0+0x6b0]
J 957 C2 rendering.MasterRenderer.render()V (319 bytes) @ 0x00007ff2e13d9a44 [0x00007ff2e13d9520+0x524]
j  rendering.Game.render()V+4
j  main.Main.main([Ljava/lang/String;)V+27
v  ~StubRoutines::call_stub

---------------  P R O C E S S  ---------------

Java Threads: ( => current thread )
  0x00007ff2f00d8000 JavaThread "Service Thread" daemon [_thread_blocked, id=13413, stack(0x00007ff2ac4d1000,0x00007ff2ac5d2000)]
  0x00007ff2f00cc800 JavaThread "C1 CompilerThread3" daemon [_thread_blocked, id=13412, stack(0x00007ff2ac5d3000,0x00007ff2ac6d3000)]
  0x00007ff2f00ca800 JavaThread "C2 CompilerThread2" daemon [_thread_blocked, id=13411, stack(0x00007ff2ac6d4000,0x00007ff2ac7d4000)]
  0x00007ff2f00c9000 JavaThread "C2 CompilerThread1" daemon [_thread_blocked, id=13410, stack(0x00007ff2ac7d5000,0x00007ff2ac8d5000)]
  0x00007ff2f00c6000 JavaThread "C2 CompilerThread0" daemon [_thread_blocked, id=13409, stack(0x00007ff2ac8d6000,0x00007ff2ac9d6000)]
  0x00007ff2f00c4800 JavaThread "Signal Dispatcher" daemon [_thread_blocked, id=13408, stack(0x00007ff2ac9d6000,0x00007ff2acad7000)]
  0x00007ff2f0091800 JavaThread "Finalizer" daemon [_thread_blocked, id=13407, stack(0x00007ff2ad4a6000,0x00007ff2ad5a7000)]
  0x00007ff2f008f800 JavaThread "Reference Handler" daemon [_thread_blocked, id=13406, stack(0x00007ff2ad5a7000,0x00007ff2ad6a8000)]
=>0x00007ff2f000b800 JavaThread "main" [_thread_in_native, id=13394, stack(0x00007ff2f9d02000,0x00007ff2f9e02000)]

Other Threads:
  0x00007ff2f0085800 VMThread [stack: 0x00007ff2ad6a9000,0x00007ff2ad7a9000] [id=13405]
  0x00007ff2f00da800 WatcherThread [stack: 0x00007ff2ac3d1000,0x00007ff2ac4d1000] [id=13414]

VM state:not at safepoint (normal execution)

VM Mutex/Monitor currently owned by a thread: None

heap address: 0x00000005ccc00000, size: 7988 MB, Compressed Oops mode: Zero based, Oop shift amount: 3
Narrow klass base: 0x0000000000000000, Narrow klass shift: 3
Compressed class space size: 1073741824 Address: 0x00000007c0000000

Heap:
 PSYoungGen      total 220672K, used 178054K [0x0000000719980000, 0x0000000738900000, 0x00000007c0000000)
  eden space 211968K, 83% used [0x0000000719980000,0x00000007247498f0,0x0000000726880000)
  from space 8704K, 1% used [0x0000000737800000,0x0000000737818000,0x0000000738080000)
  to   space 8192K, 0% used [0x0000000738100000,0x0000000738100000,0x0000000738900000)
 ParOldGen       total 341504K, used 2380K [0x00000005ccc00000, 0x00000005e1980000, 0x0000000719980000)
  object space 341504K, 0% used [0x00000005ccc00000,0x00000005cce53178,0x00000005e1980000)
 Metaspace       used 9578K, capacity 9829K, committed 10112K, reserved 1058816K
  class space    used 727K, capacity 841K, committed 896K, reserved 1048576K

Card table byte_map: [0x00007ff2f5302000,0x00007ff2f629d000] byte_map_base: 0x00007ff2f249c000

Marking Bits: (ParMarkBitMap*) 0x00007ff2f8f9c360
 Begin Bits: [0x00007ff2b4660000, 0x00007ff2bc330000)
 End Bits:   [0x00007ff2bc330000, 0x00007ff2c4000000)

Polling page: 0x00007ff2f9e1d000

CodeCache: size=245760Kb used=4107Kb max_used=4107Kb free=241652Kb
 bounds [0x00007ff2e1000000, 0x00007ff2e1410000, 0x00007ff2f0000000]
 total_blobs=1964 nmethods=1058 adapters=821
 compilation: enabled

Compilation events (10 events):
Event: 2.311 Thread 0x00007ff2f00c6000 nmethod 1052 0x00007ff2e1403e90 code [0x00007ff2e1403fe0, 0x00007ff2e14040d8]
Event: 2.320 Thread 0x00007ff2f00cc800 1053       3       rendering.BasicRenderer::loadTexturedMesh (78 bytes)
Event: 2.321 Thread 0x00007ff2f00cc800 nmethod 1053 0x00007ff2e1401550 code [0x00007ff2e14018c0, 0x00007ff2e1403128]
Event: 2.360 Thread 0x00007ff2f00cc800 1054       3       shaders.Shader::setUniform (19 bytes)
Event: 2.360 Thread 0x00007ff2f00cc800 nmethod 1054 0x00007ff2e14041d0 code [0x00007ff2e1404360, 0x00007ff2e1404798]
Event: 2.360 Thread 0x00007ff2f00cc800 1055       3       org.lwjgl.opengl.GL20::glUniform1f (6 bytes)
Event: 2.360 Thread 0x00007ff2f00cc800 nmethod 1055 0x00007ff2e1401190 code [0x00007ff2e1401300, 0x00007ff2e1401468]
Event: 2.493 Thread 0x00007ff2f00cc800 1056       3       GUI.GUIComponent::onWindowResize (52 bytes)
Event: 2.494 Thread 0x00007ff2f00cc800 nmethod 1056 0x00007ff2e1404910 code [0x00007ff2e1404ae0, 0x00007ff2e1405258]
Event: 2.544 Thread 0x00007ff2f00cc800 1057       3       java.lang.Character::valueOf (21 bytes)

GC Heap History (10 events):
Event: 1.629 GC heap before
{Heap before GC invocations=7 (full 0):
 PSYoungGen      total 251392K, used 251328K [0x0000000719980000, 0x0000000739b80000, 0x00000007c0000000)
  eden space 248832K, 100% used [0x0000000719980000,0x0000000728c80000,0x0000000728c80000)
  from space 2560K, 97% used [0x0000000739900000,0x0000000739b70060,0x0000000739b80000)
  to   space 9216K, 0% used [0x0000000738980000,0x0000000738980000,0x0000000739280000)
 ParOldGen       total 341504K, used 65K [0x00000005ccc00000, 0x00000005e1980000, 0x0000000719980000)
  object space 341504K, 0% used [0x00000005ccc00000,0x00000005ccc106d0,0x00000005e1980000)
 Metaspace       used 9569K, capacity 9829K, committed 10112K, reserved 1058816K
  class space    used 727K, capacity 841K, committed 896K, reserved 1048576K
Event: 1.630 GC heap after
Heap after GC invocations=7 (full 0):
 PSYoungGen      total 241152K, used 224K [0x0000000719980000, 0x0000000739980000, 0x00000007c0000000)
  eden space 240640K, 0% used [0x0000000719980000,0x0000000719980000,0x0000000728480000)
  from space 512K, 43% used [0x0000000738980000,0x00000007389b8000,0x0000000738a00000)
  to   space 9216K, 0% used [0x0000000739080000,0x0000000739080000,0x0000000739980000)
 ParOldGen       total 341504K, used 2364K [0x00000005ccc00000, 0x00000005e1980000, 0x0000000719980000)
  object space 341504K, 0% used [0x00000005ccc00000,0x00000005cce4f178,0x00000005e1980000)
 Metaspace       used 9569K, capacity 9829K, committed 10112K, reserved 1058816K
  class space    used 727K, capacity 841K, committed 896K, reserved 1048576K
}
Event: 1.829 GC heap before
{Heap before GC invocations=8 (full 0):
 PSYoungGen      total 241152K, used 240864K [0x0000000719980000, 0x0000000739980000, 0x00000007c0000000)
  eden space 240640K, 100% used [0x0000000719980000,0x0000000728480000,0x0000000728480000)
  from space 512K, 43% used [0x0000000738980000,0x00000007389b8000,0x0000000738a00000)
  to   space 9216K, 0% used [0x0000000739080000,0x0000000739080000,0x0000000739980000)
 ParOldGen       total 341504K, used 2364K [0x00000005ccc00000, 0x00000005e1980000, 0x0000000719980000)
  object space 341504K, 0% used [0x00000005ccc00000,0x00000005cce4f178,0x00000005e1980000)
 Metaspace       used 9574K, capacity 9829K, committed 10112K, reserved 1058816K
  class space    used 727K, capacity 841K, committed 896K, reserved 1048576K
Event: 1.830 GC heap after
Heap after GC invocations=8 (full 0):
 PSYoungGen      total 233472K, used 64K [0x0000000719980000, 0x0000000739100000, 0x00000007c0000000)
  eden space 232960K, 0% used [0x0000000719980000,0x0000000719980000,0x0000000727d00000)
  from space 512K, 12% used [0x0000000739080000,0x0000000739090000,0x0000000739100000)
  to   space 9216K, 0% used [0x0000000737f00000,0x0000000737f00000,0x0000000738800000)
 ParOldGen       total 341504K, used 2372K [0x00000005ccc00000, 0x00000005e1980000, 0x0000000719980000)
  object space 341504K, 0% used [0x00000005ccc00000,0x00000005cce51178,0x00000005e1980000)
 Metaspace       used 9574K, capacity 9829K, committed 10112K, reserved 1058816K
  class space    used 727K, capacity 841K, committed 896K, reserved 1048576K
}
Event: 2.020 GC heap before
{Heap before GC invocations=9 (full 0):
 PSYoungGen      total 233472K, used 233024K [0x0000000719980000, 0x0000000739100000, 0x00000007c0000000)
  eden space 232960K, 100% used [0x0000000719980000,0x0000000727d00000,0x0000000727d00000)
  from space 512K, 12% used [0x0000000739080000,0x0000000739090000,0x0000000739100000)
  to   space 9216K, 0% used [0x0000000737f00000,0x0000000737f00000,0x0000000738800000)
 ParOldGen       total 341504K, used 2372K [0x00000005ccc00000, 0x00000005e1980000, 0x0000000719980000)
  object space 341504K, 0% used [0x00000005ccc00000,0x00000005cce51178,0x00000005e1980000)
 Metaspace       used 9576K, capacity 9829K, committed 10112K, reserved 1058816K
  class space    used 727K, capacity 841K, committed 896K, reserved 1048576K
Event: 2.021 GC heap after
Heap after GC invocations=9 (full 0):
 PSYoungGen      total 235008K, used 96K [0x0000000719980000, 0x0000000739100000, 0x00000007c0000000)
  eden space 225792K, 0% used [0x0000000719980000,0x0000000719980000,0x0000000727600000)
  from space 9216K, 1% used [0x0000000737f00000,0x0000000737f18000,0x0000000738800000)
  to   space 8704K, 0% used [0x0000000738880000,0x0000000738880000,0x0000000739100000)
 ParOldGen       total 341504K, used 2380K [0x00000005ccc00000, 0x00000005e1980000, 0x0000000719980000)
  object space 341504K, 0% used [0x00000005ccc00000,0x00000005cce53178,0x00000005e1980000)
 Metaspace       used 9576K, capacity 9829K, committed 10112K, reserved 1058816K
  class space    used 727K, capacity 841K, committed 896K, reserved 1048576K
}
Event: 2.213 GC heap before
{Heap before GC invocations=10 (full 0):
 PSYoungGen      total 235008K, used 225888K [0x0000000719980000, 0x0000000739100000, 0x00000007c0000000)
  eden space 225792K, 100% used [0x0000000719980000,0x0000000727600000,0x0000000727600000)
  from space 9216K, 1% used [0x0000000737f00000,0x0000000737f18000,0x0000000738800000)
  to   space 8704K, 0% used [0x0000000738880000,0x0000000738880000,0x0000000739100000)
 ParOldGen       total 341504K, used 2380K [0x00000005ccc00000, 0x00000005e1980000, 0x0000000719980000)
  object space 341504K, 0% used [0x00000005ccc00000,0x00000005cce53178,0x00000005e1980000)
 Metaspace       used 9577K, capacity 9829K, committed 10112K, reserved 1058816K
  class space    used 727K, capacity 841K, committed 896K, reserved 1048576K
Event: 2.213 GC heap after
Heap after GC invocations=10 (full 0):
 PSYoungGen      total 219136K, used 64K [0x0000000719980000, 0x0000000738900000, 0x00000007c0000000)
  eden space 218624K, 0% used [0x0000000719980000,0x0000000719980000,0x0000000726f00000)
  from space 512K, 12% used [0x0000000738880000,0x0000000738890000,0x0000000738900000)
  to   space 8704K, 0% used [0x0000000737800000,0x0000000737800000,0x0000000738080000)
 ParOldGen       total 341504K, used 2380K [0x00000005ccc00000, 0x00000005e1980000, 0x0000000719980000)
  object space 341504K, 0% used [0x00000005ccc00000,0x00000005cce53178,0x00000005e1980000)
 Metaspace       used 9577K, capacity 9829K, committed 10112K, reserved 1058816K
  class space    used 727K, capacity 841K, committed 896K, reserved 1048576K
}
Event: 2.396 GC heap before
{Heap before GC invocations=11 (full 0):
 PSYoungGen      total 219136K, used 218688K [0x0000000719980000, 0x0000000738900000, 0x00000007c0000000)
  eden space 218624K, 100% used [0x0000000719980000,0x0000000726f00000,0x0000000726f00000)
  from space 512K, 12% used [0x0000000738880000,0x0000000738890000,0x0000000738900000)
  to   space 8704K, 0% used [0x0000000737800000,0x0000000737800000,0x0000000738080000)
 ParOldGen       total 341504K, used 2380K [0x00000005ccc00000, 0x00000005e1980000, 0x0000000719980000)
  object space 341504K, 0% used [0x00000005ccc00000,0x00000005cce53178,0x00000005e1980000)
 Metaspace       used 9577K, capacity 9829K, committed 10112K, reserved 1058816K
  class space    used 727K, capacity 841K, committed 896K, reserved 1048576K
Event: 2.397 GC heap after
Heap after GC invocations=11 (full 0):
 PSYoungGen      total 220672K, used 96K [0x0000000719980000, 0x0000000738900000, 0x00000007c0000000)
  eden space 211968K, 0% used [0x0000000719980000,0x0000000719980000,0x0000000726880000)
  from space 8704K, 1% used [0x0000000737800000,0x0000000737818000,0x0000000738080000)
  to   space 8192K, 0% used [0x0000000738100000,0x0000000738100000,0x0000000738900000)
 ParOldGen       total 341504K, used 2380K [0x00000005ccc00000, 0x00000005e1980000, 0x0000000719980000)
  object space 341504K, 0% used [0x00000005ccc00000,0x00000005cce53178,0x00000005e1980000)
 Metaspace       used 9577K, capacity 9829K, committed 10112K, reserved 1058816K
  class space    used 727K, capacity 841K, committed 896K, reserved 1048576K
}

Deoptimization events (10 events):
Event: 0.519 Thread 0x00007ff2f000b800 Uncommon trap: reason=class_check action=maybe_recompile pc=0x00007ff2e12ea588 method=sun.misc.FloatingDecimal.parseFloat(Ljava/lang/String;)F @ 4
Event: 0.536 Thread 0x00007ff2f000b800 Uncommon trap: reason=class_check action=maybe_recompile pc=0x00007ff2e12ea588 method=sun.misc.FloatingDecimal.parseFloat(Ljava/lang/String;)F @ 4
Event: 0.550 Thread 0x00007ff2f000b800 Uncommon trap: reason=class_check action=maybe_recompile pc=0x00007ff2e12ea588 method=sun.misc.FloatingDecimal.parseFloat(Ljava/lang/String;)F @ 4
Event: 0.550 Thread 0x00007ff2f000b800 Uncommon trap: reason=class_check action=maybe_recompile pc=0x00007ff2e12ea588 method=sun.misc.FloatingDecimal.parseFloat(Ljava/lang/String;)F @ 4
Event: 0.708 Thread 0x00007ff2f000b800 Uncommon trap: reason=unstable_if action=reinterpret pc=0x00007ff2e1356e3c method=java.util.ArrayList$Itr.hasNext()Z @ 11
Event: 0.746 Thread 0x00007ff2f000b800 Uncommon trap: reason=unstable_if action=reinterpret pc=0x00007ff2e13114e0 method=sun.misc.FloatingDecimal$ASCIIToBinaryBuffer.floatValue()F @ 65
Event: 0.788 Thread 0x00007ff2f000b800 Uncommon trap: reason=class_check action=maybe_recompile pc=0x00007ff2e13a3c78 method=models.Entity.update()V @ 4
Event: 0.788 Thread 0x00007ff2f000b800 Uncommon trap: reason=class_check action=maybe_recompile pc=0x00007ff2e13a3c78 method=models.Entity.update()V @ 4
Event: 0.788 Thread 0x00007ff2f000b800 Uncommon trap: reason=class_check action=maybe_recompile pc=0x00007ff2e13a3c78 method=models.Entity.update()V @ 4
Event: 0.788 Thread 0x00007ff2f000b800 Uncommon trap: reason=class_check action=maybe_recompile pc=0x00007ff2e13a3c78 method=models.Entity.update()V @ 4

Classes redefined (0 events):
No events

Internal exceptions (10 events):
Event: 0.101 Thread 0x00007ff2f000b800 Exception <a 'java/security/PrivilegedActionException'> (0x0000000719f812a0) thrown at [/build/openjdk-8-OqY7zN/openjdk-8-8u222-b10/src/hotspot/src/share/vm/prims/jvm.cpp, line 1502]
Event: 0.101 Thread 0x00007ff2f000b800 Exception <a 'java/security/PrivilegedActionException'> (0x0000000719f814b0) thrown at [/build/openjdk-8-OqY7zN/openjdk-8-8u222-b10/src/hotspot/src/share/vm/prims/jvm.cpp, line 1502]
Event: 0.102 Thread 0x00007ff2f000b800 Exception <a 'java/security/PrivilegedActionException'> (0x0000000719f83538) thrown at [/build/openjdk-8-OqY7zN/openjdk-8-8u222-b10/src/hotspot/src/share/vm/prims/jvm.cpp, line 1502]
Event: 0.102 Thread 0x00007ff2f000b800 Exception <a 'java/security/PrivilegedActionException'> (0x0000000719f83748) thrown at [/build/openjdk-8-OqY7zN/openjdk-8-8u222-b10/src/hotspot/src/share/vm/prims/jvm.cpp, line 1502]
Event: 0.102 Thread 0x00007ff2f000b800 Exception <a 'java/security/PrivilegedActionException'> (0x0000000719f84220) thrown at [/build/openjdk-8-OqY7zN/openjdk-8-8u222-b10/src/hotspot/src/share/vm/prims/jvm.cpp, line 1502]
Event: 0.102 Thread 0x00007ff2f000b800 Exception <a 'java/security/PrivilegedActionException'> (0x0000000719f84430) thrown at [/build/openjdk-8-OqY7zN/openjdk-8-8u222-b10/src/hotspot/src/share/vm/prims/jvm.cpp, line 1502]
Event: 0.109 Thread 0x00007ff2f000b800 Exception <a 'sun/nio/fs/UnixException'> (0x0000000719fb2178) thrown at [/build/openjdk-8-OqY7zN/openjdk-8-8u222-b10/src/hotspot/src/share/vm/prims/jni.cpp, line 710]
Event: 0.112 Thread 0x00007ff2f000b800 Exception <a 'sun/nio/fs/UnixException'> (0x0000000719fc26f8) thrown at [/build/openjdk-8-OqY7zN/openjdk-8-8u222-b10/src/hotspot/src/share/vm/prims/jni.cpp, line 710]
Event: 0.205 Thread 0x00007ff2f000b800 Exception <a 'sun/nio/fs/UnixException'> (0x000000071a1005d8) thrown at [/build/openjdk-8-OqY7zN/openjdk-8-8u222-b10/src/hotspot/src/share/vm/prims/jni.cpp, line 710]
Event: 0.206 Thread 0x00007ff2f000b800 Exception <a 'sun/nio/fs/UnixException'> (0x000000071a1086e0) thrown at [/build/openjdk-8-OqY7zN/openjdk-8-8u222-b10/src/hotspot/src/share/vm/prims/jni.cpp, line 710]

Events (10 events):
Event: 1.628 Executing VM operation: ParallelGCFailedAllocation
Event: 1.630 Executing VM operation: ParallelGCFailedAllocation done
Event: 1.829 Executing VM operation: ParallelGCFailedAllocation
Event: 1.830 Executing VM operation: ParallelGCFailedAllocation done
Event: 2.020 Executing VM operation: ParallelGCFailedAllocation
Event: 2.021 Executing VM operation: ParallelGCFailedAllocation done
Event: 2.213 Executing VM operation: ParallelGCFailedAllocation
Event: 2.213 Executing VM operation: ParallelGCFailedAllocation done
Event: 2.396 Executing VM operation: ParallelGCFailedAllocation
Event: 2.397 Executing VM operation: ParallelGCFailedAllocation done


Dynamic libraries:
404e3000-404e5000 r-xs 00000000 103:02 15728652                          /tmp/.glsUpmjD (deleted)
415b0000-4165f000 rw-p 00000000 00:00 0 
5ccc00000-5e1980000 rw-p 00000000 00:00 0 
5e1980000-719980000 ---p 00000000 00:00 0 
719980000-738900000 rw-p 00000000 00:00 0 
738900000-7c0000000 ---p 00000000 00:00 0 
7c0000000-7c00e0000 rw-p 00000000 00:00 0 
7c00e0000-800000000 ---p 00000000 00:00 0 
55a21fcf7000-55a21fcf8000 r-xp 00000000 103:02 9838898                   /usr/lib/jvm/java-8-openjdk-amd64/jre/bin/java
55a21fef7000-55a21fef8000 r--p 00000000 103:02 9838898                   /usr/lib/jvm/java-8-openjdk-amd64/jre/bin/java
55a21fef8000-55a21fef9000 rw-p 00001000 103:02 9838898                   /usr/lib/jvm/java-8-openjdk-amd64/jre/bin/java
55a220317000-55a220338000 rw-p 00000000 00:00 0                          [heap]
7ff23b800000-7ff23bc00000 rw-s 00000000 00:06 583                        /dev/nvidiactl
7ff23be00000-7ff23c000000 rw-s 00000000 00:06 583                        /dev/nvidiactl
7ff23c000000-7ff23c021000 rw-p 00000000 00:00 0 
7ff23c021000-7ff240000000 ---p 00000000 00:00 0 
7ff240000000-7ff240021000 rw-p 00000000 00:00 0 
7ff240021000-7ff244000000 ---p 00000000 00:00 0 
7ff244000000-7ff244021000 rw-p 00000000 00:00 0 
7ff244021000-7ff248000000 ---p 00000000 00:00 0 
7ff248000000-7ff248021000 rw-p 00000000 00:00 0 
7ff248021000-7ff24c000000 ---p 00000000 00:00 0 
7ff24c000000-7ff24c021000 rw-p 00000000 00:00 0 
7ff24c021000-7ff250000000 ---p 00000000 00:00 0 
7ff250000000-7ff250021000 rw-p 00000000 00:00 0 
7ff250021000-7ff254000000 ---p 00000000 00:00 0 
7ff254000000-7ff254021000 rw-p 00000000 00:00 0 
7ff254021000-7ff258000000 ---p 00000000 00:00 0 
7ff258000000-7ff258021000 rw-p 00000000 00:00 0 
7ff258021000-7ff25c000000 ---p 00000000 00:00 0 
7ff25c000000-7ff25c021000 rw-p 00000000 00:00 0 
7ff25c021000-7ff260000000 ---p 00000000 00:00 0 
7ff260000000-7ff260021000 rw-p 00000000 00:00 0 
7ff260021000-7ff264000000 ---p 00000000 00:00 0 
7ff264000000-7ff264021000 rw-p 00000000 00:00 0 
7ff264021000-7ff268000000 ---p 00000000 00:00 0 
7ff2681f8000-7ff2683f8000 rw-s 00000000 00:06 583                        /dev/nvidiactl
7ff2683f8000-7ff2687f9000 rw-p 00000000 00:00 0 
7ff2687f9000-7ff2687fa000 ---p 00000000 00:00 0 
7ff2687fa000-7ff268ffa000 rw-p 00000000 00:00 0 
7ff268ffa000-7ff268ffb000 ---p 00000000 00:00 0 
7ff268ffb000-7ff2697fb000 rw-p 00000000 00:00 0 
7ff2697fb000-7ff2697fc000 ---p 00000000 00:00 0 
7ff2697fc000-7ff269ffc000 rw-p 00000000 00:00 0 
7ff269ffc000-7ff269ffd000 ---p 00000000 00:00 0 
7ff269ffd000-7ff26a7fd000 rw-p 00000000 00:00 0 
7ff26a7fd000-7ff26a7fe000 ---p 00000000 00:00 0 
7ff26a7fe000-7ff26affe000 rw-p 00000000 00:00 0 
7ff26affe000-7ff26afff000 ---p 00000000 00:00 0 
7ff26afff000-7ff26b7ff000 rw-p 00000000 00:00 0 
7ff26b7ff000-7ff26b800000 ---p 00000000 00:00 0 
7ff26b800000-7ff26c000000 rw-p 00000000 00:00 0 
7ff26c000000-7ff26c021000 rw-p 00000000 00:00 0 
7ff26c021000-7ff270000000 ---p 00000000 00:00 0 
7ff270144000-7ff270544000 rw-s 00000000 00:06 583                        /dev/nvidiactl
7ff270544000-7ff270744000 rw-s 00000000 00:06 583                        /dev/nvidiactl
7ff270744000-7ff270745000 ---p 00000000 00:00 0 
7ff270745000-7ff270f45000 rw-p 00000000 00:00 0 
7ff270f45000-7ff270f46000 ---p 00000000 00:00 0 
7ff270f46000-7ff271746000 rw-p 00000000 00:00 0 
7ff271746000-7ff271747000 ---p 00000000 00:00 0 
7ff271747000-7ff271f47000 rw-p 00000000 00:00 0 
7ff271f47000-7ff271f48000 ---p 00000000 00:00 0 
7ff271f48000-7ff272748000 rw-p 00000000 00:00 0 
7ff272748000-7ff272749000 ---p 00000000 00:00 0 
7ff272749000-7ff273049000 rw-p 00000000 00:00 0 
7ff273049000-7ff273149000 ---p 00000000 00:00 0 
7ff273149000-7ff273189000 rw-s 00000000 08:01 16256534                   /home/sam/#16256534 (deleted)
7ff273189000-7ff2731e1000 r-xp 00000000 103:02 15990858                  /tmp/lwjglsam/3.2.3-build-13/liblwjgl_opengl.so
7ff2731e1000-7ff2733e0000 ---p 00058000 103:02 15990858                  /tmp/lwjglsam/3.2.3-build-13/liblwjgl_opengl.so
7ff2733e0000-7ff2733e1000 r--p 00057000 103:02 15990858                  /tmp/lwjglsam/3.2.3-build-13/liblwjgl_opengl.so
7ff2733e1000-7ff2733e2000 rw-p 00058000 103:02 15990858                  /tmp/lwjglsam/3.2.3-build-13/liblwjgl_opengl.so
7ff2733e2000-7ff2733e7000 r-xp 00000000 103:02 9839193                   /usr/lib/x86_64-linux-gnu/libxcb-sync.so.1.0.0
7ff2733e7000-7ff2735e7000 ---p 00005000 103:02 9839193                   /usr/lib/x86_64-linux-gnu/libxcb-sync.so.1.0.0
7ff2735e7000-7ff2735e8000 r--p 00005000 103:02 9839193                   /usr/lib/x86_64-linux-gnu/libxcb-sync.so.1.0.0
7ff2735e8000-7ff2735e9000 rw-p 00006000 103:02 9839193                   /usr/lib/x86_64-linux-gnu/libxcb-sync.so.1.0.0
7ff2735e9000-7ff2735eb000 r-xp 00000000 103:02 9839185                   /usr/lib/x86_64-linux-gnu/libxcb-present.so.0.0.0
7ff2735eb000-7ff2737ea000 ---p 00002000 103:02 9839185                   /usr/lib/x86_64-linux-gnu/libxcb-present.so.0.0.0
7ff2737ea000-7ff2737eb000 r--p 00001000 103:02 9839185                   /usr/lib/x86_64-linux-gnu/libxcb-present.so.0.0.0
7ff2737eb000-7ff2737ec000 rw-p 00002000 103:02 9839185                   /usr/lib/x86_64-linux-gnu/libxcb-present.so.0.0.0
7ff2737ec000-7ff2737ef000 r-xp 00000000 103:02 9839181                   /usr/lib/x86_64-linux-gnu/libxcb-dri3.so.0.0.0
7ff2737ef000-7ff2739ee000 ---p 00003000 103:02 9839181                   /usr/lib/x86_64-linux-gnu/libxcb-dri3.so.0.0.0
7ff2739ee000-7ff2739ef000 r--p 00002000 103:02 9839181                   /usr/lib/x86_64-linux-gnu/libxcb-dri3.so.0.0.0
7ff2739ef000-7ff2739f0000 rw-p 00003000 103:02 9839181                   /usr/lib/x86_64-linux-gnu/libxcb-dri3.so.0.0.0
7ff2739f0000-7ff273a08000 r-xp 00000000 103:02 9839183                   /usr/lib/x86_64-linux-gnu/libxcb-glx.so.0.0.0
7ff273a08000-7ff273c08000 ---p 00018000 103:02 9839183                   /usr/lib/x86_64-linux-gnu/libxcb-glx.so.0.0.0
7ff273c08000-7ff273c0a000 r--p 00018000 103:02 9839183                   /usr/lib/x86_64-linux-gnu/libxcb-glx.so.0.0.0
7ff273c0a000-7ff273c0b000 rw-p 0001a000 103:02 9839183                   /usr/lib/x86_64-linux-gnu/libxcb-glx.so.0.0.0
7ff273c0b000-7ff273c8b000 rw-s 00000000 00:06 583                        /dev/nvidiactl
7ff273d8b000-7ff273d9b000 r-xp 00000000 103:02 9840432                   /usr/lib/x86_64-linux-gnu/libdrm.so.2.4.0
7ff273d9b000-7ff273f9a000 ---p 00010000 103:02 9840432                   /usr/lib/x86_64-linux-gnu/libdrm.so.2.4.0
7ff273f9a000-7ff273f9b000 r--p 0000f000 103:02 9840432                   /usr/lib/x86_64-linux-gnu/libdrm.so.2.4.0
7ff273f9b000-7ff273f9c000 rw-p 00010000 103:02 9840432                   /usr/lib/x86_64-linux-gnu/libdrm.so.2.4.0
7ff273f9c000-7ff275277000 r-xp 00000000 103:02 9840523                   /usr/lib/x86_64-linux-gnu/libnvidia-glcore.so.440.31
7ff275277000-7ff275298000 rwxp 012db000 103:02 9840523                   /usr/lib/x86_64-linux-gnu/libnvidia-glcore.so.440.31
7ff275298000-7ff2757a9000 r-xp 012fc000 103:02 9840523                   /usr/lib/x86_64-linux-gnu/libnvidia-glcore.so.440.31
7ff2757a9000-7ff2759a8000 ---p 0180d000 103:02 9840523                   /usr/lib/x86_64-linux-gnu/libnvidia-glcore.so.440.31
7ff2759a8000-7ff275cee000 rw-p 0180c000 103:02 9840523                   /usr/lib/x86_64-linux-gnu/libnvidia-glcore.so.440.31
7ff275cee000-7ff275d0a000 rw-p 00000000 00:00 0 
7ff275d0a000-7ff275d0d000 r-xp 00000000 103:02 9840527                   /usr/lib/x86_64-linux-gnu/libnvidia-tls.so.440.31
7ff275d0d000-7ff275f0d000 ---p 00003000 103:02 9840527                   /usr/lib/x86_64-linux-gnu/libnvidia-tls.so.440.31
7ff275f0d000-7ff275f0e000 rw-p 00003000 103:02 9840527                   /usr/lib/x86_64-linux-gnu/libnvidia-tls.so.440.31
7ff275f0e000-7ff275fb7000 r-xp 00000000 103:02 9840520                   /usr/lib/x86_64-linux-gnu/libGLX_nvidia.so.440.31
7ff275fb7000-7ff275fec000 rwxp 000a9000 103:02 9840520                   /usr/lib/x86_64-linux-gnu/libGLX_nvidia.so.440.31
7ff275fec000-7ff275ffb000 r-xp 000de000 103:02 9840520                   /usr/lib/x86_64-linux-gnu/libGLX_nvidia.so.440.31
7ff275ffb000-7ff2761fa000 ---p 000ed000 103:02 9840520                   /usr/lib/x86_64-linux-gnu/libGLX_nvidia.so.440.31
7ff2761fa000-7ff27621e000 rw-p 000ec000 103:02 9840520                   /usr/lib/x86_64-linux-gnu/libGLX_nvidia.so.440.31
7ff27621e000-7ff276220000 rw-p 00000000 00:00 0 
7ff276220000-7ff276262000 r-xp 00000000 103:02 9837994                   /usr/lib/x86_64-linux-gnu/libGLdispatch.so.0.0.0
7ff276262000-7ff27627b000 r-xp 00042000 103:02 9837994                   /usr/lib/x86_64-linux-gnu/libGLdispatch.so.0.0.0
7ff27627b000-7ff27628e000 r-xp 0005b000 103:02 9837994                   /usr/lib/x86_64-linux-gnu/libGLdispatch.so.0.0.0
7ff27628e000-7ff27648d000 ---p 0006e000 103:02 9837994                   /usr/lib/x86_64-linux-gnu/libGLdispatch.so.0.0.0
7ff27648d000-7ff2764b5000 r--p 0006d000 103:02 9837994                   /usr/lib/x86_64-linux-gnu/libGLdispatch.so.0.0.0
7ff2764b5000-7ff2764b6000 rw-p 00095000 103:02 9837994                   /usr/lib/x86_64-linux-gnu/libGLdispatch.so.0.0.0
7ff2764b6000-7ff2764d6000 rw-p 00000000 00:00 0 
7ff2764d6000-7ff2764e6000 r-xp 00000000 103:02 9837992                   /usr/lib/x86_64-linux-gnu/libGLX.so.0.0.0
7ff2764e6000-7ff2766e5000 ---p 00010000 103:02 9837992                   /usr/lib/x86_64-linux-gnu/libGLX.so.0.0.0
7ff2766e5000-7ff2766e6000 r--p 0000f000 103:02 9837992                   /usr/lib/x86_64-linux-gnu/libGLX.so.0.0.0
7ff2766e6000-7ff2766e7000 rw-p 00010000 103:02 9837992                   /usr/lib/x86_64-linux-gnu/libGLX.so.0.0.0
7ff2766e7000-7ff276707000 rw-p 00000000 00:00 0 
7ff276707000-7ff27674b000 r-xp 00000000 103:02 9837986                   /usr/lib/x86_64-linux-gnu/libGL.so.1.0.0
7ff27674b000-7ff276764000 r-xp 00044000 103:02 9837986                   /usr/lib/x86_64-linux-gnu/libGL.so.1.0.0
7ff276764000-7ff276778000 r-xp 0005d000 103:02 9837986                   /usr/lib/x86_64-linux-gnu/libGL.so.1.0.0
7ff276778000-7ff276977000 ---p 00071000 103:02 9837986                   /usr/lib/x86_64-linux-gnu/libGL.so.1.0.0
7ff276977000-7ff276991000 r--p 00070000 103:02 9837986                   /usr/lib/x86_64-linux-gnu/libGL.so.1.0.0
7ff276991000-7ff276992000 rw-p 0008a000 103:02 9837986                   /usr/lib/x86_64-linux-gnu/libGL.so.1.0.0
7ff276992000-7ff276993000 rw-p 00000000 00:00 0 
7ff276993000-7ff276994000 r-xp 00000000 103:02 9840453                   /usr/lib/x86_64-linux-gnu/libX11-xcb.so.1.0.0
7ff276994000-7ff276b93000 ---p 00001000 103:02 9840453                   /usr/lib/x86_64-linux-gnu/libX11-xcb.so.1.0.0
7ff276b93000-7ff276b94000 r--p 00000000 103:02 9840453                   /usr/lib/x86_64-linux-gnu/libX11-xcb.so.1.0.0
7ff276b94000-7ff276b95000 rw-p 00001000 103:02 9840453                   /usr/lib/x86_64-linux-gnu/libX11-xcb.so.1.0.0
7ff276b95000-7ff276b97000 r-xp 00000000 103:02 9838067                   /usr/lib/x86_64-linux-gnu/libXinerama.so.1.0.0
7ff276b97000-7ff276d96000 ---p 00002000 103:02 9838067                   /usr/lib/x86_64-linux-gnu/libXinerama.so.1.0.0
7ff276d96000-7ff276d97000 r--p 00001000 103:02 9838067                   /usr/lib/x86_64-linux-gnu/libXinerama.so.1.0.0
7ff276d97000-7ff276d98000 rw-p 00002000 103:02 9838067                   /usr/lib/x86_64-linux-gnu/libXinerama.so.1.0.0
7ff276d98000-7ff276d9d000 r-xp 00000000 103:02 9838059                   /usr/lib/x86_64-linux-gnu/libXfixes.so.3.1.0
7ff276d9d000-7ff276f9c000 ---p 00005000 103:02 9838059                   /usr/lib/x86_64-linux-gnu/libXfixes.so.3.1.0
7ff276f9c000-7ff276f9d000 r--p 00004000 103:02 9838059                   /usr/lib/x86_64-linux-gnu/libXfixes.so.3.1.0
7ff276f9d000-7ff276f9e000 rw-p 00005000 103:02 9838059                   /usr/lib/x86_64-linux-gnu/libXfixes.so.3.1.0
7ff276f9e000-7ff276fa7000 r-xp 00000000 103:02 9838051                   /usr/lib/x86_64-linux-gnu/libXcursor.so.1.0.2
7ff276fa7000-7ff2771a6000 ---p 00009000 103:02 9838051                   /usr/lib/x86_64-linux-gnu/libXcursor.so.1.0.2
7ff2771a6000-7ff2771a7000 r--p 00008000 103:02 9838051                   /usr/lib/x86_64-linux-gnu/libXcursor.so.1.0.2
7ff2771a7000-7ff2771a8000 rw-p 00009000 103:02 9838051                   /usr/lib/x86_64-linux-gnu/libXcursor.so.1.0.2
7ff2771a8000-7ff2771b1000 r-xp 00000000 103:02 9838077                   /usr/lib/x86_64-linux-gnu/libXrender.so.1.3.0
7ff2771b1000-7ff2773b0000 ---p 00009000 103:02 9838077                   /usr/lib/x86_64-linux-gnu/libXrender.so.1.3.0
7ff2773b0000-7ff2773b1000 r--p 00008000 103:02 9838077                   /usr/lib/x86_64-linux-gnu/libXrender.so.1.3.0
7ff2773b1000-7ff2773b2000 rw-p 00009000 103:02 9838077                   /usr/lib/x86_64-linux-gnu/libXrender.so.1.3.0
7ff2773b2000-7ff2773bc000 r-xp 00000000 103:02 9838075                   /usr/lib/x86_64-linux-gnu/libXrandr.so.2.2.0
7ff2773bc000-7ff2775bb000 ---p 0000a000 103:02 9838075                   /usr/lib/x86_64-linux-gnu/libXrandr.so.2.2.0
7ff2775bb000-7ff2775bc000 r--p 00009000 103:02 9838075                   /usr/lib/x86_64-linux-gnu/libXrandr.so.2.2.0
7ff2775bc000-7ff2775bd000 rw-p 0000a000 103:02 9838075                   /usr/lib/x86_64-linux-gnu/libXrandr.so.2.2.0
7ff2775bd000-7ff2775cc000 r-xp 00000000 103:02 9838065                   /usr/lib/x86_64-linux-gnu/libXi.so.6.1.0
7ff2775cc000-7ff2777cb000 ---p 0000f000 103:02 9838065                   /usr/lib/x86_64-linux-gnu/libXi.so.6.1.0
7ff2777cb000-7ff2777cc000 r--p 0000e000 103:02 9838065                   /usr/lib/x86_64-linux-gnu/libXi.so.6.1.0
7ff2777cc000-7ff2777cd000 rw-p 0000f000 103:02 9838065                   /usr/lib/x86_64-linux-gnu/libXi.so.6.1.0
7ff2777cd000-7ff2777de000 r-xp 00000000 103:02 9838057                   /usr/lib/x86_64-linux-gnu/libXext.so.6.4.0
7ff2777de000-7ff2779dd000 ---p 00011000 103:02 9838057                   /usr/lib/x86_64-linux-gnu/libXext.so.6.4.0
7ff2779dd000-7ff2779de000 r--p 00010000 103:02 9838057                   /usr/lib/x86_64-linux-gnu/libXext.so.6.4.0
7ff2779de000-7ff2779df000 rw-p 00011000 103:02 9838057                   /usr/lib/x86_64-linux-gnu/libXext.so.6.4.0
7ff2779df000-7ff2779e4000 r-xp 00000000 103:02 9838093                   /usr/lib/x86_64-linux-gnu/libXxf86vm.so.1.0.0
7ff2779e4000-7ff277be3000 ---p 00005000 103:02 9838093                   /usr/lib/x86_64-linux-gnu/libXxf86vm.so.1.0.0
7ff277be3000-7ff277be4000 r--p 00004000 103:02 9838093                   /usr/lib/x86_64-linux-gnu/libXxf86vm.so.1.0.0
7ff277be4000-7ff277be5000 rw-p 00005000 103:02 9838093                   /usr/lib/x86_64-linux-gnu/libXxf86vm.so.1.0.0
7ff277be5000-7ff277bf8000 r-xp 00000000 103:02 22942382                  /lib/x86_64-linux-gnu/libbsd.so.0.8.7
7ff277bf8000-7ff277df7000 ---p 00013000 103:02 22942382                  /lib/x86_64-linux-gnu/libbsd.so.0.8.7
7ff277df7000-7ff277df8000 r--p 00012000 103:02 22942382                  /lib/x86_64-linux-gnu/libbsd.so.0.8.7
7ff277df8000-7ff277df9000 rw-p 00013000 103:02 22942382                  /lib/x86_64-linux-gnu/libbsd.so.0.8.7
7ff277df9000-7ff277dfa000 rw-p 00000000 00:00 0 
7ff277dfa000-7ff277dff000 r-xp 00000000 103:02 9838055                   /usr/lib/x86_64-linux-gnu/libXdmcp.so.6.0.0
7ff277dff000-7ff277ffe000 ---p 00005000 103:02 9838055                   /usr/lib/x86_64-linux-gnu/libXdmcp.so.6.0.0
7ff277ffe000-7ff277fff000 r--p 00004000 103:02 9838055                   /usr/lib/x86_64-linux-gnu/libXdmcp.so.6.0.0
7ff277fff000-7ff278000000 rw-p 00005000 103:02 9838055                   /usr/lib/x86_64-linux-gnu/libXdmcp.so.6.0.0
7ff278000000-7ff278021000 rw-p 00000000 00:00 0 
7ff278021000-7ff27c000000 ---p 00000000 00:00 0 
7ff27c027000-7ff27c1cc000 rw-s 00000000 00:06 583                        /dev/nvidiactl
7ff27c1cc000-7ff27c1ce000 r-xp 00000000 103:02 9838044                   /usr/lib/x86_64-linux-gnu/libXau.so.6.0.0
7ff27c1ce000-7ff27c3ce000 ---p 00002000 103:02 9838044                   /usr/lib/x86_64-linux-gnu/libXau.so.6.0.0
7ff27c3ce000-7ff27c3cf000 r--p 00002000 103:02 9838044                   /usr/lib/x86_64-linux-gnu/libXau.so.6.0.0
7ff27c3cf000-7ff27c3d0000 rw-p 00003000 103:02 9838044                   /usr/lib/x86_64-linux-gnu/libXau.so.6.0.0
7ff27c3d0000-7ff27c3f6000 r-xp 00000000 103:02 9840409                   /usr/lib/x86_64-linux-gnu/libxcb.so.1.1.0
7ff27c3f6000-7ff27c5f6000 ---p 00026000 103:02 9840409                   /usr/lib/x86_64-linux-gnu/libxcb.so.1.1.0
7ff27c5f6000-7ff27c5f7000 r--p 00026000 103:02 9840409                   /usr/lib/x86_64-linux-gnu/libxcb.so.1.1.0
7ff27c5f7000-7ff27c5f8000 rw-p 00027000 103:02 9840409                   /usr/lib/x86_64-linux-gnu/libxcb.so.1.1.0
7ff27c5f8000-7ff27c72b000 r-xp 00000000 103:02 9839217                   /usr/lib/x86_64-linux-gnu/libX11.so.6.3.0
7ff27c72b000-7ff27c92b000 ---p 00133000 103:02 9839217                   /usr/lib/x86_64-linux-gnu/libX11.so.6.3.0
7ff27c92b000-7ff27c92c000 r--p 00133000 103:02 9839217                   /usr/lib/x86_64-linux-gnu/libX11.so.6.3.0
7ff27c92c000-7ff27c930000 rw-p 00134000 103:02 9839217                   /usr/lib/x86_64-linux-gnu/libX11.so.6.3.0
7ff27c930000-7ff27c973000 r-xp 00000000 103:02 15990857                  /tmp/lwjglsam/3.2.3-build-13/libglfw.so
7ff27c973000-7ff27cb72000 ---p 00043000 103:02 15990857                  /tmp/lwjglsam/3.2.3-build-13/libglfw.so
7ff27cb72000-7ff27cb73000 r--p 00042000 103:02 15990857                  /tmp/lwjglsam/3.2.3-build-13/libglfw.so
7ff27cb73000-7ff27cb75000 rw-p 00043000 103:02 15990857                  /tmp/lwjglsam/3.2.3-build-13/libglfw.so
7ff27cb75000-7ff27cb96000 rw-p 00000000 00:00 0 
7ff27cb96000-7ff27cbe7000 r-xp 00000000 103:02 15990805                  /tmp/lwjglsam/3.2.3-build-13/liblwjgl.so
7ff27cbe7000-7ff27cde6000 ---p 00051000 103:02 15990805                  /tmp/lwjglsam/3.2.3-build-13/liblwjgl.so
7ff27cde6000-7ff27cde7000 r--p 00050000 103:02 15990805                  /tmp/lwjglsam/3.2.3-build-13/liblwjgl.so
7ff27cde7000-7ff27cde8000 rw-p 00051000 103:02 15990805                  /tmp/lwjglsam/3.2.3-build-13/liblwjgl.so
7ff27cde8000-7ff27fde9000 rw-p 00000000 00:00 0 
7ff27fde9000-7ff27fdff000 r-xp 00000000 103:02 9839031                   /usr/lib/jvm/java-8-openjdk-amd64/jre/lib/amd64/libnet.so
7ff27fdff000-7ff27fffe000 ---p 00016000 103:02 9839031                   /usr/lib/jvm/java-8-openjdk-amd64/jre/lib/amd64/libnet.so
7ff27fffe000-7ff27ffff000 r--p 00015000 103:02 9839031                   /usr/lib/jvm/java-8-openjdk-amd64/jre/lib/amd64/libnet.so
7ff27ffff000-7ff280000000 rw-p 00016000 103:02 9839031                   /usr/lib/jvm/java-8-openjdk-amd64/jre/lib/amd64/libnet.so
7ff280000000-7ff28032d000 rw-p 00000000 00:00 0 
7ff28032d000-7ff284000000 ---p 00000000 00:00 0 
7ff284000000-7ff284021000 rw-p 00000000 00:00 0 
7ff284021000-7ff288000000 ---p 00000000 00:00 0 
7ff288000000-7ff28865e000 rw-p 00000000 00:00 0 
7ff28865e000-7ff28c000000 ---p 00000000 00:00 0 
7ff28c000000-7ff28caa8000 rw-p 00000000 00:00 0 
7ff28caa8000-7ff290000000 ---p 00000000 00:00 0 
7ff290000000-7ff290021000 rw-p 00000000 00:00 0 
7ff290021000-7ff294000000 ---p 00000000 00:00 0 
7ff294000000-7ff29468d000 rw-p 00000000 00:00 0 
7ff29468d000-7ff298000000 ---p 00000000 00:00 0 
7ff298000000-7ff298021000 rw-p 00000000 00:00 0 
7ff298021000-7ff29c000000 ---p 00000000 00:00 0 
7ff29c000000-7ff29c021000 rw-p 00000000 00:00 0 
7ff29c021000-7ff2a0000000 ---p 00000000 00:00 0 
7ff2a0000000-7ff2a0021000 rw-p 00000000 00:00 0 
7ff2a0021000-7ff2a4000000 ---p 00000000 00:00 0 
7ff2a4000000-7ff2a4021000 rw-p 00000000 00:00 0 
7ff2a4021000-7ff2a8000000 ---p 00000000 00:00 0 
7ff2a8000000-7ff2a8021000 rw-p 00000000 00:00 0 
7ff2a8021000-7ff2ac000000 ---p 00000000 00:00 0 
7ff2ac00a000-7ff2ac04a000 r-xs 00000000 08:01 16256534                   /home/sam/#16256534 (deleted)
7ff2ac04a000-7ff2ac04b000 r-xp 00000000 00:00 0 
7ff2ac04b000-7ff2ac04e000 rw-s 00000000 00:06 583                        /dev/nvidiactl
7ff2ac04e000-7ff2ac050000 rw-s 00000000 103:02 15728652                  /tmp/.glsUpmjD (deleted)
7ff2ac054000-7ff2ac067000 rw-s 00000000 00:06 583                        /dev/nvidiactl
7ff2ac067000-7ff2ac068000 rw-s 00000000 00:06 584                        /dev/nvidia0
7ff2ac068000-7ff2ac06a000 rw-s 00000000 00:06 583                        /dev/nvidiactl
7ff2ac06a000-7ff2ac06e000 rw-s 00000000 00:06 583                        /dev/nvidiactl
7ff2ac06e000-7ff2ac06f000 rw-s 00000000 00:06 584                        /dev/nvidia0
7ff2ac06f000-7ff2ac0af000 rw-s 00000000 00:06 583                        /dev/nvidiactl
7ff2ac0af000-7ff2ac0cf000 rw-s 00000000 00:06 583                        /dev/nvidiactl
7ff2ac0cf000-7ff2ac0d0000 rw-s 00000000 00:06 584                        /dev/nvidia0
7ff2ac0d0000-7ff2ac110000 rw-s 00000000 00:06 583                        /dev/nvidiactl
7ff2ac110000-7ff2ac130000 rw-s 00000000 00:06 583                        /dev/nvidiactl
7ff2ac130000-7ff2ac170000 rw-s 00000000 00:06 583                        /dev/nvidiactl
7ff2ac190000-7ff2ac1a1000 r-xp 00000000 103:02 9839036                   /usr/lib/jvm/java-8-openjdk-amd64/jre/lib/amd64/libnio.so
7ff2ac1a1000-7ff2ac3a0000 ---p 00011000 103:02 9839036                   /usr/lib/jvm/java-8-openjdk-amd64/jre/lib/amd64/libnio.so
7ff2ac3a0000-7ff2ac3a1000 r--p 00010000 103:02 9839036                   /usr/lib/jvm/java-8-openjdk-amd64/jre/lib/amd64/libnio.so
7ff2ac3a1000-7ff2ac3a2000 rw-p 00011000 103:02 9839036                   /usr/lib/jvm/java-8-openjdk-amd64/jre/lib/amd64/libnio.so
7ff2ac3a2000-7ff2ac3b5000 r--s 00346000 103:02 9839324                   /usr/lib/jvm/java-8-openjdk-amd64/jre/lib/resources.jar
7ff2ac3b5000-7ff2ac3d0000 r--s 001d6000 103:02 9839212                   /usr/lib/jvm/java-8-openjdk-amd64/jre/lib/ext/nashorn.jar
7ff2ac3d0000-7ff2ac3d1000 ---p 00000000 00:00 0 
7ff2ac3d1000-7ff2ac4d1000 rw-p 00000000 00:00 0 
7ff2ac4d1000-7ff2ac4d4000 ---p 00000000 00:00 0 
7ff2ac4d4000-7ff2ac5d2000 rw-p 00000000 00:00 0 
7ff2ac5d2000-7ff2ac5d3000 ---p 00000000 00:00 0 
7ff2ac5d3000-7ff2ac5d6000 ---p 00000000 00:00 0 
7ff2ac5d6000-7ff2ac6d3000 rw-p 00000000 00:00 0 
7ff2ac6d3000-7ff2ac6d4000 ---p 00000000 00:00 0 
7ff2ac6d4000-7ff2ac6d7000 ---p 00000000 00:00 0 
7ff2ac6d7000-7ff2ac7d4000 rw-p 00000000 00:00 0 
7ff2ac7d4000-7ff2ac7d5000 ---p 00000000 00:00 0 
7ff2ac7d5000-7ff2ac7d8000 ---p 00000000 00:00 0 
7ff2ac7d8000-7ff2ac8d5000 rw-p 00000000 00:00 0 
7ff2ac8d5000-7ff2ac8d6000 ---p 00000000 00:00 0 
7ff2ac8d6000-7ff2ac8d9000 ---p 00000000 00:00 0 
7ff2ac8d9000-7ff2ac9d6000 rw-p 00000000 00:00 0 
7ff2ac9d6000-7ff2ac9d9000 ---p 00000000 00:00 0 
7ff2ac9d9000-7ff2acad7000 rw-p 00000000 00:00 0 
7ff2acad7000-7ff2ad4a6000 r--p 00000000 103:02 9837060                   /usr/lib/locale/locale-archive
7ff2ad4a6000-7ff2ad4a9000 ---p 00000000 00:00 0 
7ff2ad4a9000-7ff2ad5a7000 rw-p 00000000 00:00 0 
7ff2ad5a7000-7ff2ad5aa000 ---p 00000000 00:00 0 
7ff2ad5aa000-7ff2ad6a8000 rw-p 00000000 00:00 0 
7ff2ad6a8000-7ff2ad6a9000 ---p 00000000 00:00 0 
7ff2ad6a9000-7ff2b0000000 rw-p 00000000 00:00 0 
7ff2b0000000-7ff2b0021000 rw-p 00000000 00:00 0 
7ff2b0021000-7ff2b4000000 ---p 00000000 00:00 0 
7ff2b4000000-7ff2b4001000 rw-s 00000000 00:06 584                        /dev/nvidia0
7ff2b4001000-7ff2b4002000 rw-s 00000000 00:06 583                        /dev/nvidiactl
7ff2b4002000-7ff2b4003000 rw-s 00000000 00:06 583                        /dev/nvidiactl
7ff2b4003000-7ff2b4004000 rw-s 00000000 00:06 583                        /dev/nvidiactl
7ff2b4004000-7ff2b400b000 r--s 00000000 103:02 10095718                  /usr/lib/x86_64-linux-gnu/gconv/gconv-modules.cache
7ff2b400b000-7ff2b400c000 r--s 00002000 08:01 16253464                   /home/sam/Downloads/pngdecoder-1.0.jar
7ff2b400c000-7ff2b400d000 r--s 00022000 08:01 17960234                   /home/sam/Downloads/lwjgl-3.2.3/lwjgl-glfw/lwjgl-glfw-natives-linux-arm64.jar
7ff2b400d000-7ff2b4018000 r--s 000da000 08:01 19795221                   /home/sam/Downloads/lwjgl-3.2.3/lwjgl-opengl/lwjgl-opengl.jar
7ff2b4018000-7ff2c4000000 rw-p 00000000 00:00 0 
7ff2c4000000-7ff2c4021000 rw-p 00000000 00:00 0 
7ff2c4021000-7ff2c8000000 ---p 00000000 00:00 0 
7ff2c8000000-7ff2c8021000 rw-p 00000000 00:00 0 
7ff2c8021000-7ff2cc000000 ---p 00000000 00:00 0 
7ff2cc000000-7ff2cc021000 rw-p 00000000 00:00 0 
7ff2cc021000-7ff2d0000000 ---p 00000000 00:00 0 
7ff2d0000000-7ff2d0021000 rw-p 00000000 00:00 0 
7ff2d0021000-7ff2d4000000 ---p 00000000 00:00 0 
7ff2d4000000-7ff2d4021000 rw-p 00000000 00:00 0 
7ff2d4021000-7ff2d8000000 ---p 00000000 00:00 0 
7ff2d8000000-7ff2d8021000 rw-p 00000000 00:00 0 
7ff2d8021000-7ff2dc000000 ---p 00000000 00:00 0 
7ff2dc000000-7ff2dc021000 rw-p 00000000 00:00 0 
7ff2dc021000-7ff2e0000000 ---p 00000000 00:00 0 
7ff2e0000000-7ff2e0001000 r--s 00026000 08:01 17960235                   /home/sam/Downloads/lwjgl-3.2.3/lwjgl-glfw/lwjgl-glfw-natives-linux.jar
7ff2e0001000-7ff2e0004000 r--s 00018000 08:01 17960240                   /home/sam/Downloads/lwjgl-3.2.3/lwjgl-glfw/lwjgl-glfw.jar
7ff2e0004000-7ff2e03b8000 rw-p 00000000 00:00 0 
7ff2e03b8000-7ff2e0588000 r--s 03c5c000 103:02 9839328                   /usr/lib/jvm/java-8-openjdk-amd64/jre/lib/rt.jar
7ff2e0588000-7ff2e0dfe000 rw-p 00000000 00:00 0 
7ff2e0dfe000-7ff2e0dff000 ---p 00000000 00:00 0 
7ff2e0dff000-7ff2e0eff000 rw-p 00000000 00:00 0 
7ff2e0eff000-7ff2e0f00000 ---p 00000000 00:00 0 
7ff2e0f00000-7ff2e1000000 rw-p 00000000 00:00 0 
7ff2e1000000-7ff2e1410000 rwxp 00000000 00:00 0 
7ff2e1410000-7ff2f0000000 ---p 00000000 00:00 0 
7ff2f0000000-7ff2f1757000 rw-p 00000000 00:00 0 
7ff2f1757000-7ff2f4000000 ---p 00000000 00:00 0 
7ff2f4000000-7ff2f4002000 r--s 0000d000 08:01 19795215                   /home/sam/Downloads/lwjgl-3.2.3/lwjgl-opengl/lwjgl-opengl-natives-linux-arm64.jar
7ff2f4002000-7ff2f4003000 r--s 00013000 08:01 19795216                   /home/sam/Downloads/lwjgl-3.2.3/lwjgl-opengl/lwjgl-opengl-natives-linux.jar
7ff2f4003000-7ff2f4004000 r--s 0000c000 08:01 16517972                   /home/sam/Downloads/lwjgl-3.2.3/lwjgl/lwjgl-natives-linux-arm64.jar
7ff2f4004000-7ff2f4005000 r--s 00012000 08:01 16517973                   /home/sam/Downloads/lwjgl-3.2.3/lwjgl/lwjgl-natives-linux.jar
7ff2f4005000-7ff2f400c000 r--s 00081000 08:01 16518147                   /home/sam/Downloads/lwjgl-3.2.3/lwjgl/lwjgl.jar
7ff2f400c000-7ff2f4011000 r--s 0003c000 103:02 9839214                   /usr/lib/jvm/java-8-openjdk-amd64/jre/lib/ext/sunjce_provider.jar
7ff2f4011000-7ff2f4014000 r--s 00039000 103:02 9839215                   /usr/lib/jvm/java-8-openjdk-amd64/jre/lib/ext/sunpkcs11.jar
7ff2f4014000-7ff2f4017000 r--s 0000f000 103:02 9839204                   /usr/lib/jvm/java-8-openjdk-amd64/jre/lib/ext/icedtea-sound.jar
7ff2f4017000-7ff2f4093000 rw-p 00000000 00:00 0 
7ff2f4093000-7ff2f4094000 ---p 00000000 00:00 0 
7ff2f4094000-7ff2f4194000 rw-p 00000000 00:00 0 
7ff2f4194000-7ff2f4195000 ---p 00000000 00:00 0 
7ff2f4195000-7ff2f4295000 rw-p 00000000 00:00 0 
7ff2f4295000-7ff2f4296000 ---p 00000000 00:00 0 
7ff2f4296000-7ff2f4396000 rw-p 00000000 00:00 0 
7ff2f4396000-7ff2f4397000 ---p 00000000 00:00 0 
7ff2f4397000-7ff2f4497000 rw-p 00000000 00:00 0 
7ff2f4497000-7ff2f4498000 ---p 00000000 00:00 0 
7ff2f4498000-7ff2f4598000 rw-p 00000000 00:00 0 
7ff2f4598000-7ff2f4599000 ---p 00000000 00:00 0 
7ff2f4599000-7ff2f4699000 rw-p 00000000 00:00 0 
7ff2f4699000-7ff2f469a000 ---p 00000000 00:00 0 
7ff2f469a000-7ff2f479a000 rw-p 00000000 00:00 0 
7ff2f479a000-7ff2f479b000 ---p 00000000 00:00 0 
7ff2f479b000-7ff2f4942000 rw-p 00000000 00:00 0 
7ff2f4942000-7ff2f5302000 ---p 00000000 00:00 0 
7ff2f5302000-7ff2f53a9000 rw-p 00000000 00:00 0 
7ff2f53a9000-7ff2f5d68000 ---p 00000000 00:00 0 
7ff2f5d68000-7ff2f5e61000 rw-p 00000000 00:00 0 
7ff2f5e61000-7ff2f629c000 ---p 00000000 00:00 0 
7ff2f629c000-7ff2f62ae000 rw-p 00000000 00:00 0 
7ff2f62ae000-7ff2f665d000 ---p 00000000 00:00 0 
7ff2f665d000-7ff2f6665000 r-xp 00000000 103:02 9839091                   /usr/lib/jvm/java-8-openjdk-amd64/jre/lib/amd64/libzip.so
7ff2f6665000-7ff2f6864000 ---p 00008000 103:02 9839091                   /usr/lib/jvm/java-8-openjdk-amd64/jre/lib/amd64/libzip.so
7ff2f6864000-7ff2f6865000 r--p 00007000 103:02 9839091                   /usr/lib/jvm/java-8-openjdk-amd64/jre/lib/amd64/libzip.so
7ff2f6865000-7ff2f6866000 rw-p 00008000 103:02 9839091                   /usr/lib/jvm/java-8-openjdk-amd64/jre/lib/amd64/libzip.so
7ff2f6866000-7ff2f6871000 r-xp 00000000 103:02 22942476                  /lib/x86_64-linux-gnu/libnss_files-2.27.so
7ff2f6871000-7ff2f6a70000 ---p 0000b000 103:02 22942476                  /lib/x86_64-linux-gnu/libnss_files-2.27.so
7ff2f6a70000-7ff2f6a71000 r--p 0000a000 103:02 22942476                  /lib/x86_64-linux-gnu/libnss_files-2.27.so
7ff2f6a71000-7ff2f6a72000 rw-p 0000b000 103:02 22942476                  /lib/x86_64-linux-gnu/libnss_files-2.27.so
7ff2f6a72000-7ff2f6a78000 rw-p 00000000 00:00 0 
7ff2f6a78000-7ff2f6a8f000 r-xp 00000000 103:02 22942470                  /lib/x86_64-linux-gnu/libnsl-2.27.so
7ff2f6a8f000-7ff2f6c8e000 ---p 00017000 103:02 22942470                  /lib/x86_64-linux-gnu/libnsl-2.27.so
7ff2f6c8e000-7ff2f6c8f000 r--p 00016000 103:02 22942470                  /lib/x86_64-linux-gnu/libnsl-2.27.so
7ff2f6c8f000-7ff2f6c90000 rw-p 00017000 103:02 22942470                  /lib/x86_64-linux-gnu/libnsl-2.27.so
7ff2f6c90000-7ff2f6c92000 rw-p 00000000 00:00 0 
7ff2f6c92000-7ff2f6c9d000 r-xp 00000000 103:02 22942487                  /lib/x86_64-linux-gnu/libnss_nis-2.27.so
7ff2f6c9d000-7ff2f6e9c000 ---p 0000b000 103:02 22942487                  /lib/x86_64-linux-gnu/libnss_nis-2.27.so
7ff2f6e9c000-7ff2f6e9d000 r--p 0000a000 103:02 22942487                  /lib/x86_64-linux-gnu/libnss_nis-2.27.so
7ff2f6e9d000-7ff2f6e9e000 rw-p 0000b000 103:02 22942487                  /lib/x86_64-linux-gnu/libnss_nis-2.27.so
7ff2f6e9e000-7ff2f6ea6000 r-xp 00000000 103:02 22942472                  /lib/x86_64-linux-gnu/libnss_compat-2.27.so
7ff2f6ea6000-7ff2f70a6000 ---p 00008000 103:02 22942472                  /lib/x86_64-linux-gnu/libnss_compat-2.27.so
7ff2f70a6000-7ff2f70a7000 r--p 00008000 103:02 22942472                  /lib/x86_64-linux-gnu/libnss_compat-2.27.so
7ff2f70a7000-7ff2f70a8000 rw-p 00009000 103:02 22942472                  /lib/x86_64-linux-gnu/libnss_compat-2.27.so
7ff2f70a8000-7ff2f70d2000 r-xp 00000000 103:02 9838982                   /usr/lib/jvm/java-8-openjdk-amd64/jre/lib/amd64/libjava.so
7ff2f70d2000-7ff2f72d1000 ---p 0002a000 103:02 9838982                   /usr/lib/jvm/java-8-openjdk-amd64/jre/lib/amd64/libjava.so
7ff2f72d1000-7ff2f72d2000 r--p 00029000 103:02 9838982                   /usr/lib/jvm/java-8-openjdk-amd64/jre/lib/amd64/libjava.so
7ff2f72d2000-7ff2f72d4000 rw-p 0002a000 103:02 9838982                   /usr/lib/jvm/java-8-openjdk-amd64/jre/lib/amd64/libjava.so
7ff2f72d4000-7ff2f72e4000 r-xp 00000000 103:02 9839073                   /usr/lib/jvm/java-8-openjdk-amd64/jre/lib/amd64/libverify.so
7ff2f72e4000-7ff2f74e3000 ---p 00010000 103:02 9839073                   /usr/lib/jvm/java-8-openjdk-amd64/jre/lib/amd64/libverify.so
7ff2f74e3000-7ff2f74e5000 r--p 0000f000 103:02 9839073                   /usr/lib/jvm/java-8-openjdk-amd64/jre/lib/amd64/libverify.so
7ff2f74e5000-7ff2f74e6000 rw-p 00011000 103:02 9839073                   /usr/lib/jvm/java-8-openjdk-amd64/jre/lib/amd64/libverify.so
7ff2f74e6000-7ff2f74ed000 r-xp 00000000 103:02 22942527                  /lib/x86_64-linux-gnu/librt-2.27.so
7ff2f74ed000-7ff2f76ec000 ---p 00007000 103:02 22942527                  /lib/x86_64-linux-gnu/librt-2.27.so
7ff2f76ec000-7ff2f76ed000 r--p 00006000 103:02 22942527                  /lib/x86_64-linux-gnu/librt-2.27.so
7ff2f76ed000-7ff2f76ee000 rw-p 00007000 103:02 22942527                  /lib/x86_64-linux-gnu/librt-2.27.so
7ff2f76ee000-7ff2f7705000 r-xp 00000000 103:02 22937606                  /lib/x86_64-linux-gnu/libgcc_s.so.1
7ff2f7705000-7ff2f7904000 ---p 00017000 103:02 22937606                  /lib/x86_64-linux-gnu/libgcc_s.so.1
7ff2f7904000-7ff2f7905000 r--p 00016000 103:02 22937606                  /lib/x86_64-linux-gnu/libgcc_s.so.1
7ff2f7905000-7ff2f7906000 rw-p 00017000 103:02 22937606                  /lib/x86_64-linux-gnu/libgcc_s.so.1
7ff2f7906000-7ff2f7aa3000 r-xp 00000000 103:02 22942449                  /lib/x86_64-linux-gnu/libm-2.27.so
7ff2f7aa3000-7ff2f7ca2000 ---p 0019d000 103:02 22942449                  /lib/x86_64-linux-gnu/libm-2.27.so
7ff2f7ca2000-7ff2f7ca3000 r--p 0019c000 103:02 22942449                  /lib/x86_64-linux-gnu/libm-2.27.so
7ff2f7ca3000-7ff2f7ca4000 rw-p 0019d000 103:02 22942449                  /lib/x86_64-linux-gnu/libm-2.27.so
7ff2f7ca4000-7ff2f7e1d000 r-xp 00000000 103:02 9830530                   /usr/lib/x86_64-linux-gnu/libstdc++.so.6.0.25
7ff2f7e1d000-7ff2f801d000 ---p 00179000 103:02 9830530                   /usr/lib/x86_64-linux-gnu/libstdc++.so.6.0.25
7ff2f801d000-7ff2f8027000 r--p 00179000 103:02 9830530                   /usr/lib/x86_64-linux-gnu/libstdc++.so.6.0.25
7ff2f8027000-7ff2f8029000 rw-p 00183000 103:02 9830530                   /usr/lib/x86_64-linux-gnu/libstdc++.so.6.0.25
7ff2f8029000-7ff2f802d000 rw-p 00000000 00:00 0 
7ff2f802d000-7ff2f8ccc000 r-xp 00000000 103:02 9839139                   /usr/lib/jvm/java-8-openjdk-amd64/jre/lib/amd64/server/libjvm.so
7ff2f8ccc000-7ff2f8ecc000 ---p 00c9f000 103:02 9839139                   /usr/lib/jvm/java-8-openjdk-amd64/jre/lib/amd64/server/libjvm.so
7ff2f8ecc000-7ff2f8f60000 r--p 00c9f000 103:02 9839139                   /usr/lib/jvm/java-8-openjdk-amd64/jre/lib/amd64/server/libjvm.so
7ff2f8f60000-7ff2f8f89000 rw-p 00d33000 103:02 9839139                   /usr/lib/jvm/java-8-openjdk-amd64/jre/lib/amd64/server/libjvm.so
7ff2f8f89000-7ff2f8fb9000 rw-p 00000000 00:00 0 
7ff2f8fb9000-7ff2f8fd3000 r-xp 00000000 103:02 22942519                  /lib/x86_64-linux-gnu/libpthread-2.27.so
7ff2f8fd3000-7ff2f91d2000 ---p 0001a000 103:02 22942519                  /lib/x86_64-linux-gnu/libpthread-2.27.so
7ff2f91d2000-7ff2f91d3000 r--p 00019000 103:02 22942519                  /lib/x86_64-linux-gnu/libpthread-2.27.so
7ff2f91d3000-7ff2f91d4000 rw-p 0001a000 103:02 22942519                  /lib/x86_64-linux-gnu/libpthread-2.27.so
7ff2f91d4000-7ff2f91d8000 rw-p 00000000 00:00 0 
7ff2f91d8000-7ff2f91db000 r-xp 00000000 103:02 22942409                  /lib/x86_64-linux-gnu/libdl-2.27.so
7ff2f91db000-7ff2f93da000 ---p 00003000 103:02 22942409                  /lib/x86_64-linux-gnu/libdl-2.27.so
7ff2f93da000-7ff2f93db000 r--p 00002000 103:02 22942409                  /lib/x86_64-linux-gnu/libdl-2.27.so
7ff2f93db000-7ff2f93dc000 rw-p 00003000 103:02 22942409                  /lib/x86_64-linux-gnu/libdl-2.27.so
7ff2f93dc000-7ff2f93f8000 r-xp 00000000 103:02 22942558                  /lib/x86_64-linux-gnu/libz.so.1.2.11
7ff2f93f8000-7ff2f95f7000 ---p 0001c000 103:02 22942558                  /lib/x86_64-linux-gnu/libz.so.1.2.11
7ff2f95f7000-7ff2f95f8000 r--p 0001b000 103:02 22942558                  /lib/x86_64-linux-gnu/libz.so.1.2.11
7ff2f95f8000-7ff2f95f9000 rw-p 0001c000 103:02 22942558                  /lib/x86_64-linux-gnu/libz.so.1.2.11
7ff2f95f9000-7ff2f97e0000 r-xp 00000000 103:02 22942386                  /lib/x86_64-linux-gnu/libc-2.27.so
7ff2f97e0000-7ff2f99e0000 ---p 001e7000 103:02 22942386                  /lib/x86_64-linux-gnu/libc-2.27.so
7ff2f99e0000-7ff2f99e4000 r--p 001e7000 103:02 22942386                  /lib/x86_64-linux-gnu/libc-2.27.so
7ff2f99e4000-7ff2f99e6000 rw-p 001eb000 103:02 22942386                  /lib/x86_64-linux-gnu/libc-2.27.so
7ff2f99e6000-7ff2f99ea000 rw-p 00000000 00:00 0 
7ff2f99ea000-7ff2f99f8000 r-xp 00000000 103:02 9838942                   /usr/lib/jvm/java-8-openjdk-amd64/jre/lib/amd64/jli/libjli.so
7ff2f99f8000-7ff2f9bf7000 ---p 0000e000 103:02 9838942                   /usr/lib/jvm/java-8-openjdk-amd64/jre/lib/amd64/jli/libjli.so
7ff2f9bf7000-7ff2f9bf8000 r--p 0000d000 103:02 9838942                   /usr/lib/jvm/java-8-openjdk-amd64/jre/lib/amd64/jli/libjli.so
7ff2f9bf8000-7ff2f9bf9000 rw-p 0000e000 103:02 9838942                   /usr/lib/jvm/java-8-openjdk-amd64/jre/lib/amd64/jli/libjli.so
7ff2f9bf9000-7ff2f9c20000 r-xp 00000000 103:02 22942358                  /lib/x86_64-linux-gnu/ld-2.27.so
7ff2f9c20000-7ff2f9c21000 r--s 0000a000 103:02 9839205                   /usr/lib/jvm/java-8-openjdk-amd64/jre/lib/ext/jaccess.jar
7ff2f9c21000-7ff2f9c3c000 r--s 00394000 103:02 9839202                   /usr/lib/jvm/java-8-openjdk-amd64/jre/lib/ext/cldrdata.jar
7ff2f9c3c000-7ff2f9d01000 rw-p 00000000 00:00 0 
7ff2f9d01000-7ff2f9d02000 ---p 00000000 00:00 0 
7ff2f9d02000-7ff2f9d05000 ---p 00000000 00:00 0 
7ff2f9d05000-7ff2f9e04000 rw-p 00000000 00:00 0 
7ff2f9e04000-7ff2f9e06000 r--s 00001000 103:02 9839203                   /usr/lib/jvm/java-8-openjdk-amd64/jre/lib/ext/dnsns.jar
7ff2f9e06000-7ff2f9e10000 r--s 00116000 103:02 9839206                   /usr/lib/jvm/java-8-openjdk-amd64/jre/lib/ext/localedata.jar
7ff2f9e10000-7ff2f9e12000 r--s 00007000 103:02 10224650                  /usr/share/java/java-atk-wrapper.jar
7ff2f9e12000-7ff2f9e13000 r--s 0000d000 103:02 9839213                   /usr/lib/jvm/java-8-openjdk-amd64/jre/lib/ext/sunec.jar
7ff2f9e13000-7ff2f9e14000 r--s 00010000 103:02 9839216                   /usr/lib/jvm/java-8-openjdk-amd64/jre/lib/ext/zipfs.jar
7ff2f9e14000-7ff2f9e1c000 rw-s 00000000 103:02 15990796                  /tmp/hsperfdata_sam/13389
7ff2f9e1c000-7ff2f9e1d000 rw-p 00000000 00:00 0 
7ff2f9e1d000-7ff2f9e1e000 r--p 00000000 00:00 0 
7ff2f9e1e000-7ff2f9e20000 rw-p 00000000 00:00 0 
7ff2f9e20000-7ff2f9e21000 r--p 00027000 103:02 22942358                  /lib/x86_64-linux-gnu/ld-2.27.so
7ff2f9e21000-7ff2f9e22000 rw-p 00028000 103:02 22942358                  /lib/x86_64-linux-gnu/ld-2.27.so
7ff2f9e22000-7ff2f9e23000 rw-p 00000000 00:00 0 
7ffd76347000-7ffd76368000 rw-p 00000000 00:00 0                          [stack]
7ffd76371000-7ffd76374000 r--p 00000000 00:00 0                          [vvar]
7ffd76374000-7ffd76375000 r-xp 00000000 00:00 0                          [vdso]
ffffffffff600000-ffffffffff601000 --xp 00000000 00:00 0                  [vsyscall]

VM Arguments:
jvm_args: -Dfile.encoding=UTF-8 
java_command: main.Main
java_class_path (initial): /home/sam/Downloads/lwjgl-3.2.3/lwjgl/lwjgl.jar:/home/sam/Downloads/lwjgl-3.2.3/lwjgl/lwjgl-natives-linux.jar:/home/sam/Downloads/lwjgl-3.2.3/lwjgl/lwjgl-natives-linux-arm64.jar:/home/sam/Downloads/lwjgl-3.2.3/lwjgl-opengl/lwjgl-opengl.jar:/home/sam/Downloads/lwjgl-3.2.3/lwjgl-opengl/lwjgl-opengl-natives-linux.jar:/home/sam/Downloads/lwjgl-3.2.3/lwjgl-opengl/lwjgl-opengl-natives-linux-arm64.jar:/home/sam/Downloads/lwjgl-3.2.3/lwjgl-glfw/lwjgl-glfw.jar:/home/sam/Downloads/lwjgl-3.2.3/lwjgl-glfw/lwjgl-glfw-natives-linux.jar:/home/sam/Downloads/lwjgl-3.2.3/lwjgl-glfw/lwjgl-glfw-natives-linux-arm64.jar:/home/sam/Downloads/pngdecoder-1.0.jar:/home/sam/eclipse/workspace/LWJGL-ENGINE/bin
Launcher Type: SUN_STANDARD

Environment Variables:
PATH=/usr/local/sbin:/usr/local/bin:/usr/sbin:/usr/bin:/sbin:/bin:/usr/games:/usr/local/games:/snap/bin
USERNAME=sam
SHELL=/bin/bash
DISPLAY=:0

Signal Handlers:
SIGSEGV: [libjvm.so+0xab92f0], sa_mask[0]=11111111011111111101111111111110, sa_flags=SA_RESTART|SA_SIGINFO
SIGBUS: [libjvm.so+0xab92f0], sa_mask[0]=11111111011111111101111111111110, sa_flags=SA_RESTART|SA_SIGINFO
SIGFPE: [libjvm.so+0x8ee560], sa_mask[0]=11111111011111111101111111111110, sa_flags=SA_RESTART|SA_SIGINFO
SIGPIPE: [libjvm.so+0x8ee560], sa_mask[0]=11111111011111111101111111111110, sa_flags=SA_RESTART|SA_SIGINFO
SIGXFSZ: [libjvm.so+0x8ee560], sa_mask[0]=11111111011111111101111111111110, sa_flags=SA_RESTART|SA_SIGINFO
SIGILL: [libjvm.so+0x8ee560], sa_mask[0]=11111111011111111101111111111110, sa_flags=SA_RESTART|SA_SIGINFO
SIGUSR1: SIG_DFL, sa_mask[0]=00000000000000000000000000000000, sa_flags=none
SIGUSR2: [libjvm.so+0x8ee410], sa_mask[0]=00100000000000000000000000000000, sa_flags=SA_RESTART|SA_SIGINFO
SIGHUP: [libjvm.so+0x8eea80], sa_mask[0]=11111111011111111101111111111110, sa_flags=SA_RESTART|SA_SIGINFO
SIGINT: [libjvm.so+0x8eea80], sa_mask[0]=11111111011111111101111111111110, sa_flags=SA_RESTART|SA_SIGINFO
SIGTERM: [libjvm.so+0x8eea80], sa_mask[0]=11111111011111111101111111111110, sa_flags=SA_RESTART|SA_SIGINFO
SIGQUIT: [libjvm.so+0x8eea80], sa_mask[0]=11111111011111111101111111111110, sa_flags=SA_RESTART|SA_SIGINFO


---------------  S Y S T E M  ---------------

OS:DISTRIB_ID=Ubuntu
DISTRIB_RELEASE=18.04
DISTRIB_CODENAME=bionic
DISTRIB_DESCRIPTION="Ubuntu 18.04.3 LTS"

uname:Linux 5.3.0-23-generic #25~18.04.2-Ubuntu SMP Thu Nov 21 22:27:50 UTC 2019 x86_64
libc:glibc 2.27 NPTL 2.27 
rlimit: STACK 8192k, CORE 0k, NPROC 127594, NOFILE 1048576, AS infinity
load average:7.03 5.93 3.09

/proc/meminfo:
MemTotal:       32713520 kB
MemFree:        28274116 kB
MemAvailable:   29164696 kB
Buffers:           75868 kB
Cached:          1392012 kB
SwapCached:            0 kB
Active:          3229696 kB
Inactive:         766100 kB
Active(anon):    2587852 kB
Inactive(anon):   183968 kB
Active(file):     641844 kB
Inactive(file):   582132 kB
Unevictable:       58688 kB
Mlocked:             128 kB
SwapTotal:       2097148 kB
SwapFree:        2097148 kB
Dirty:                24 kB
Writeback:            12 kB
AnonPages:       2586784 kB
Mapped:           651000 kB
Shmem:            243912 kB
KReclaimable:      71884 kB
Slab:             155500 kB
SReclaimable:      71884 kB
SUnreclaim:        83616 kB
KernelStack:       17664 kB
PageTables:        56496 kB
NFS_Unstable:          0 kB
Bounce:                0 kB
WritebackTmp:          0 kB
CommitLimit:    18453908 kB
Committed_AS:    9510792 kB
VmallocTotal:   34359738367 kB
VmallocUsed:       61552 kB
VmallocChunk:          0 kB
Percpu:             5760 kB
HardwareCorrupted:     0 kB
AnonHugePages:         0 kB
ShmemHugePages:        0 kB
ShmemPmdMapped:        0 kB
CmaTotal:              0 kB
CmaFree:               0 kB
HugePages_Total:       0
HugePages_Free:        0
HugePages_Rsvd:        0
HugePages_Surp:        0
Hugepagesize:       2048 kB
Hugetlb:               0 kB
DirectMap4k:      332448 kB
DirectMap2M:     5785600 kB
DirectMap1G:    27262976 kB

container (cgroup) information:
container_type: cgroupv1
cpu_cpuset_cpus: 0-11
cpu_memory_nodes: 0
active_processor_count: 12
cpu_quota: -1
cpu_period: 100000
cpu_shares: -1
memory_limit_in_bytes: -1
memory_and_swap_limit_in_bytes: -2
memory_soft_limit_in_bytes: -1
memory_usage_in_bytes: 4151422976
memory_max_usage_in_bytes: 0


CPU:total 12 (initial active 12) (6 cores per cpu, 2 threads per core) family 6 model 158 stepping 10, cmov, cx8, fxsr, mmx, sse, sse2, sse3, ssse3, sse4.1, sse4.2, popcnt, avx, avx2, aes, clmul, erms, 3dnowpref, lzcnt, ht, tsc, tscinvbit, bmi1, bmi2, adx

/proc/cpuinfo:
processor	: 0
vendor_id	: GenuineIntel
cpu family	: 6
model		: 158
model name	: Intel(R) Core(TM) i7-8750H CPU @ 2.20GHz
stepping	: 10
microcode	: 0xca
cpu MHz		: 3999.903
cache size	: 9216 KB
physical id	: 0
siblings	: 12
core id		: 0
cpu cores	: 6
apicid		: 0
initial apicid	: 0
fpu		: yes
fpu_exception	: yes
cpuid level	: 22
wp		: yes
flags		: fpu vme de pse tsc msr pae mce cx8 apic sep mtrr pge mca cmov pat pse36 clflush dts acpi mmx fxsr sse sse2 ss ht tm pbe syscall nx pdpe1gb rdtscp lm constant_tsc art arch_perfmon pebs bts rep_good nopl xtopology nonstop_tsc cpuid aperfmperf pni pclmulqdq dtes64 monitor ds_cpl vmx est tm2 ssse3 sdbg fma cx16 xtpr pdcm pcid sse4_1 sse4_2 x2apic movbe popcnt tsc_deadline_timer aes xsave avx f16c rdrand lahf_lm abm 3dnowprefetch cpuid_fault epb invpcid_single pti ssbd ibrs ibpb stibp tpr_shadow vnmi flexpriority ept vpid ept_ad fsgsbase tsc_adjust bmi1 avx2 smep bmi2 erms invpcid mpx rdseed adx smap clflushopt intel_pt xsaveopt xsavec xgetbv1 xsaves dtherm ida arat pln pts hwp hwp_notify hwp_act_window hwp_epp md_clear flush_l1d
bugs		: cpu_meltdown spectre_v1 spectre_v2 spec_store_bypass l1tf mds swapgs itlb_multihit
bogomips	: 4399.99
clflush size	: 64
cache_alignment	: 64
address sizes	: 39 bits physical, 48 bits virtual
power management:

processor	: 1
vendor_id	: GenuineIntel
cpu family	: 6
model		: 158
model name	: Intel(R) Core(TM) i7-8750H CPU @ 2.20GHz
stepping	: 10
microcode	: 0xca
cpu MHz		: 3987.061
cache size	: 9216 KB
physical id	: 0
siblings	: 12
core id		: 1
cpu cores	: 6
apicid		: 2
initial apicid	: 2
fpu		: yes
fpu_exception	: yes
cpuid level	: 22
wp		: yes
flags		: fpu vme de pse tsc msr pae mce cx8 apic sep mtrr pge mca cmov pat pse36 clflush dts acpi mmx fxsr sse sse2 ss ht tm pbe syscall nx pdpe1gb rdtscp lm constant_tsc art arch_perfmon pebs bts rep_good nopl xtopology nonstop_tsc cpuid aperfmperf pni pclmulqdq dtes64 monitor ds_cpl vmx est tm2 ssse3 sdbg fma cx16 xtpr pdcm pcid sse4_1 sse4_2 x2apic movbe popcnt tsc_deadline_timer aes xsave avx f16c rdrand lahf_lm abm 3dnowprefetch cpuid_fault epb invpcid_single pti ssbd ibrs ibpb stibp tpr_shadow vnmi flexpriority ept vpid ept_ad fsgsbase tsc_adjust bmi1 avx2 smep bmi2 erms invpcid mpx rdseed adx smap clflushopt intel_pt xsaveopt xsavec xgetbv1 xsaves dtherm ida arat pln pts hwp hwp_notify hwp_act_window hwp_epp md_clear flush_l1d
bugs		: cpu_meltdown spectre_v1 spectre_v2 spec_store_bypass l1tf mds swapgs itlb_multihit
bogomips	: 4399.99
clflush size	: 64
cache_alignment	: 64
address sizes	: 39 bits physical, 48 bits virtual
power management:

processor	: 2
vendor_id	: GenuineIntel
cpu family	: 6
model		: 158
model name	: Intel(R) Core(TM) i7-8750H CPU @ 2.20GHz
stepping	: 10
microcode	: 0xca
cpu MHz		: 4000.354
cache size	: 9216 KB
physical id	: 0
siblings	: 12
core id		: 2
cpu cores	: 6
apicid		: 4
initial apicid	: 4
fpu		: yes
fpu_exception	: yes
cpuid level	: 22
wp		: yes
flags		: fpu vme de pse tsc msr pae mce cx8 apic sep mtrr pge mca cmov pat pse36 clflush dts acpi mmx fxsr sse sse2 ss ht tm pbe syscall nx pdpe1gb rdtscp lm constant_tsc art arch_perfmon pebs bts rep_good nopl xtopology nonstop_tsc cpuid aperfmperf pni pclmulqdq dtes64 monitor ds_cpl vmx est tm2 ssse3 sdbg fma cx16 xtpr pdcm pcid sse4_1 sse4_2 x2apic movbe popcnt tsc_deadline_timer aes xsave avx f16c rdrand lahf_lm abm 3dnowprefetch cpuid_fault epb invpcid_single pti ssbd ibrs ibpb stibp tpr_shadow vnmi flexpriority ept vpid ept_ad fsgsbase tsc_adjust bmi1 avx2 smep bmi2 erms invpcid mpx rdseed adx smap clflushopt intel_pt xsaveopt xsavec xgetbv1 xsaves dtherm ida arat pln pts hwp hwp_notify hwp_act_window hwp_epp md_clear flush_l1d
bugs		: cpu_meltdown spectre_v1 spectre_v2 spec_store_bypass l1tf mds swapgs itlb_multihit
bogomips	: 4399.99
clflush size	: 64
cache_alignment	: 64
address sizes	: 39 bits physical, 48 bits virtual
power management:

processor	: 3
vendor_id	: GenuineIntel
cpu family	: 6
model		: 158
model name	: Intel(R) Core(TM) i7-8750H CPU @ 2.20GHz
stepping	: 10
microcode	: 0xca
cpu MHz		: 4001.866
cache size	: 9216 KB
physical id	: 0
siblings	: 12
core id		: 3
cpu cores	: 6
apicid		: 6
initial apicid	: 6
fpu		: yes
fpu_exception	: yes
cpuid level	: 22
wp		: yes
flags		: fpu vme de pse tsc msr pae mce cx8 apic sep mtrr pge mca cmov pat pse36 clflush dts acpi mmx fxsr sse sse2 ss ht tm pbe syscall nx pdpe1gb rdtscp lm constant_tsc art arch_perfmon pebs bts rep_good nopl xtopology nonstop_tsc cpuid aperfmperf pni pclmulqdq dtes64 monitor ds_cpl vmx est tm2 ssse3 sdbg fma cx16 xtpr pdcm pcid sse4_1 sse4_2 x2apic movbe popcnt tsc_deadline_timer aes xsave avx f16c rdrand lahf_lm abm 3dnowprefetch cpuid_fault epb invpcid_single pti ssbd ibrs ibpb stibp tpr_shadow vnmi flexpriority ept vpid ept_ad fsgsbase tsc_adjust bmi1 avx2 smep bmi2 erms invpcid mpx rdseed adx smap clflushopt intel_pt xsaveopt xsavec xgetbv1 xsaves dtherm ida arat pln pts hwp hwp_notify hwp_act_window hwp_epp md_clear flush_l1d
bugs		: cpu_meltdown spectre_v1 spectre_v2 spec_store_bypass l1tf mds swapgs itlb_multihit
bogomips	: 4399.99
clflush size	: 64
cache_alignment	: 64
address sizes	: 39 bits physical, 48 bits virtual
power management:

processor	: 4
vendor_id	: GenuineIntel
cpu family	: 6
model		: 158
model name	: Intel(R) Core(TM) i7-8750H CPU @ 2.20GHz
stepping	: 10
microcode	: 0xca
cpu MHz		: 4000.332
cache size	: 9216 KB
physical id	: 0
siblings	: 12
core id		: 4
cpu cores	: 6
apicid		: 8
initial apicid	: 8
fpu		: yes
fpu_exception	: yes
cpuid level	: 22
wp		: yes
flags		: fpu vme de pse tsc msr pae mce cx8 apic sep mtrr pge mca cmov pat pse36 clflush dts acpi mmx fxsr sse sse2 ss ht tm pbe syscall nx pdpe1gb rdtscp lm constant_tsc art arch_perfmon pebs bts rep_good nopl xtopology nonstop_tsc cpuid aperfmperf pni pclmulqdq dtes64 monitor ds_cpl vmx est tm2 ssse3 sdbg fma cx16 xtpr pdcm pcid sse4_1 sse4_2 x2apic movbe popcnt tsc_deadline_timer aes xsave avx f16c rdrand lahf_lm abm 3dnowprefetch cpuid_fault epb invpcid_single pti ssbd ibrs ibpb stibp tpr_shadow vnmi flexpriority ept vpid ept_ad fsgsbase tsc_adjust bmi1 avx2 smep bmi2 erms invpcid mpx rdseed adx smap clflushopt intel_pt xsaveopt xsavec xgetbv1 xsaves dtherm ida arat pln pts hwp hwp_notify hwp_act_window hwp_epp md_clear flush_l1d
bugs		: cpu_meltdown spectre_v1 spectre_v2 spec_store_bypass l1tf mds swapgs itlb_multihit
bogomips	: 4399.99
clflush size	: 64
cache_alignment	: 64
address sizes	: 39 bits physical, 48 bits virtual
power management:

processor	: 5
vendor_id	: GenuineIntel
cpu family	: 6
model		: 158
model name	: Intel(R) Core(TM) i7-8750H CPU @ 2.20GHz
stepping	: 10
microcode	: 0xca
cpu MHz		: 4000.689
cache size	: 9216 KB
physical id	: 0
siblings	: 12
core id		: 5
cpu cores	: 6
apicid		: 10
initial apicid	: 10
fpu		: yes
fpu_exception	: yes
cpuid level	: 22
wp		: yes
flags		: fpu vme de pse tsc msr pae mce cx8 apic sep mtrr pge mca cmov pat pse36 clflush dts acpi mmx fxsr sse sse2 ss ht tm pbe syscall nx pdpe1gb rdtscp lm constant_tsc art arch_perfmon pebs bts rep_good nopl xtopology nonstop_tsc cpuid aperfmperf pni pclmulqdq dtes64 monitor ds_cpl vmx est tm2 ssse3 sdbg fma cx16 xtpr pdcm pcid sse4_1 sse4_2 x2apic movbe popcnt tsc_deadline_timer aes xsave avx f16c rdrand lahf_lm abm 3dnowprefetch cpuid_fault epb invpcid_single pti ssbd ibrs ibpb stibp tpr_shadow vnmi flexpriority ept vpid ept_ad fsgsbase tsc_adjust bmi1 avx2 smep bmi2 erms invpcid mpx rdseed adx smap clflushopt intel_pt xsaveopt xsavec xgetbv1 xsaves dtherm ida arat pln pts hwp hwp_notify hwp_act_window hwp_epp md_clear flush_l1d
bugs		: cpu_meltdown spectre_v1 spectre_v2 spec_store_bypass l1tf mds swapgs itlb_multihit
bogomips	: 4399.99
clflush size	: 64
cache_alignment	: 64
address sizes	: 39 bits physical, 48 bits virtual
power management:

processor	: 6
vendor_id	: GenuineIntel
cpu family	: 6
model		: 158
model name	: Intel(R) Core(TM) i7-8750H CPU @ 2.20GHz
stepping	: 10
microcode	: 0xca
cpu MHz		: 4004.538
cache size	: 9216 KB
physical id	: 0
siblings	: 12
core id		: 0
cpu cores	: 6
apicid		: 1
initial apicid	: 1
fpu		: yes
fpu_exception	: yes
cpuid level	: 22
wp		: yes
flags		: fpu vme de pse tsc msr pae mce cx8 apic sep mtrr pge mca cmov pat pse36 clflush dts acpi mmx fxsr sse sse2 ss ht tm pbe syscall nx pdpe1gb rdtscp lm constant_tsc art arch_perfmon pebs bts rep_good nopl xtopology nonstop_tsc cpuid aperfmperf pni pclmulqdq dtes64 monitor ds_cpl vmx est tm2 ssse3 sdbg fma cx16 xtpr pdcm pcid sse4_1 sse4_2 x2apic movbe popcnt tsc_deadline_timer aes xsave avx f16c rdrand lahf_lm abm 3dnowprefetch cpuid_fault epb invpcid_single pti ssbd ibrs ibpb stibp tpr_shadow vnmi flexpriority ept vpid ept_ad fsgsbase tsc_adjust bmi1 avx2 smep bmi2 erms invpcid mpx rdseed adx smap clflushopt intel_pt xsaveopt xsavec xgetbv1 xsaves dtherm ida arat pln pts hwp hwp_notify hwp_act_window hwp_epp md_clear flush_l1d
bugs		: cpu_meltdown spectre_v1 spectre_v2 spec_store_bypass l1tf mds swapgs itlb_multihit
bogomips	: 4399.99
clflush size	: 64
cache_alignment	: 64
address sizes	: 39 bits physical, 48 bits virtual
power management:

processor	: 7
vendor_id	: GenuineIntel
cpu family	: 6
model		: 158
model name	: Intel(R) Core(TM) i7-8750H CPU @ 2.20GHz
stepping	: 10
microcode	: 0xca
cpu MHz		: 4000.159
cache size	: 9216 KB
physical id	: 0
siblings	: 12
core id		: 1
cpu cores	: 6
apicid		: 3
initial apicid	: 3
fpu		: yes
fpu_exception	: yes
cpuid level	: 22
wp		: yes
flags		: fpu vme de pse tsc msr pae mce cx8 apic sep mtrr pge mca cmov pat pse36 clflush dts acpi mmx fxsr sse sse2 ss ht tm pbe syscall nx pdpe1gb rdtscp lm constant_tsc art arch_perfmon pebs bts rep_good nopl xtopology nonstop_tsc cpuid aperfmperf pni pclmulqdq dtes64 monitor ds_cpl vmx est tm2 ssse3 sdbg fma cx16 xtpr pdcm pcid sse4_1 sse4_2 x2apic movbe popcnt tsc_deadline_timer aes xsave avx f16c rdrand lahf_lm abm 3dnowprefetch cpuid_fault epb invpcid_single pti ssbd ibrs ibpb stibp tpr_shadow vnmi flexpriority ept vpid ept_ad fsgsbase tsc_adjust bmi1 avx2 smep bmi2 erms invpcid mpx rdseed adx smap clflushopt intel_pt xsaveopt xsavec xgetbv1 xsaves dtherm ida arat pln pts hwp hwp_notify hwp_act_window hwp_epp md_clear flush_l1d
bugs		: cpu_meltdown spectre_v1 spectre_v2 spec_store_bypass l1tf mds swapgs itlb_multihit
bogomips	: 4399.99
clflush size	: 64
cache_alignment	: 64
address sizes	: 39 bits physical, 48 bits virtual
power management:

processor	: 8
vendor_id	: GenuineIntel
cpu family	: 6
model		: 158
model name	: Intel(R) Core(TM) i7-8750H CPU @ 2.20GHz
stepping	: 10
microcode	: 0xca
cpu MHz		: 3999.913
cache size	: 9216 KB
physical id	: 0
siblings	: 12
core id		: 2
cpu cores	: 6
apicid		: 5
initial apicid	: 5
fpu		: yes
fpu_exception	: yes
cpuid level	: 22
wp		: yes
flags		: fpu vme de pse tsc msr pae mce cx8 apic sep mtrr pge mca cmov pat pse36 clflush dts acpi mmx fxsr sse sse2 ss ht tm pbe syscall nx pdpe1gb rdtscp lm constant_tsc art arch_perfmon pebs bts rep_good nopl xtopology nonstop_tsc cpuid aperfmperf pni pclmulqdq dtes64 monitor ds_cpl vmx est tm2 ssse3 sdbg fma cx16 xtpr pdcm pcid sse4_1 sse4_2 x2apic movbe popcnt tsc_deadline_timer aes xsave avx f16c rdrand lahf_lm abm 3dnowprefetch cpuid_fault epb invpcid_single pti ssbd ibrs ibpb stibp tpr_shadow vnmi flexpriority ept vpid ept_ad fsgsbase tsc_adjust bmi1 avx2 smep bmi2 erms invpcid mpx rdseed adx smap clflushopt intel_pt xsaveopt xsavec xgetbv1 xsaves dtherm ida arat pln pts hwp hwp_notify hwp_act_window hwp_epp md_clear flush_l1d
bugs		: cpu_meltdown spectre_v1 spectre_v2 spec_store_bypass l1tf mds swapgs itlb_multihit
bogomips	: 4399.99
clflush size	: 64
cache_alignment	: 64
address sizes	: 39 bits physical, 48 bits virtual
power management:

processor	: 9
vendor_id	: GenuineIntel
cpu family	: 6
model		: 158
model name	: Intel(R) Core(TM) i7-8750H CPU @ 2.20GHz
stepping	: 10
microcode	: 0xca
cpu MHz		: 4000.587
cache size	: 9216 KB
physical id	: 0
siblings	: 12
core id		: 3
cpu cores	: 6
apicid		: 7
initial apicid	: 7
fpu		: yes
fpu_exception	: yes
cpuid level	: 22
wp		: yes
flags		: fpu vme de pse tsc msr pae mce cx8 apic sep mtrr pge mca cmov pat pse36 clflush dts acpi mmx fxsr sse sse2 ss ht tm pbe syscall nx pdpe1gb rdtscp lm constant_tsc art arch_perfmon pebs bts rep_good nopl xtopology nonstop_tsc cpuid aperfmperf pni pclmulqdq dtes64 monitor ds_cpl vmx est tm2 ssse3 sdbg fma cx16 xtpr pdcm pcid sse4_1 sse4_2 x2apic movbe popcnt tsc_deadline_timer aes xsave avx f16c rdrand lahf_lm abm 3dnowprefetch cpuid_fault epb invpcid_single pti ssbd ibrs ibpb stibp tpr_shadow vnmi flexpriority ept vpid ept_ad fsgsbase tsc_adjust bmi1 avx2 smep bmi2 erms invpcid mpx rdseed adx smap clflushopt intel_pt xsaveopt xsavec xgetbv1 xsaves dtherm ida arat pln pts hwp hwp_notify hwp_act_window hwp_epp md_clear flush_l1d
bugs		: cpu_meltdown spectre_v1 spectre_v2 spec_store_bypass l1tf mds swapgs itlb_multihit
bogomips	: 4399.99
clflush size	: 64
cache_alignment	: 64
address sizes	: 39 bits physical, 48 bits virtual
power management:

processor	: 10
vendor_id	: GenuineIntel
cpu family	: 6
model		: 158
model name	: Intel(R) Core(TM) i7-8750H CPU @ 2.20GHz
stepping	: 10
microcode	: 0xca
cpu MHz		: 4000.011
cache size	: 9216 KB
physical id	: 0
siblings	: 12
core id		: 4
cpu cores	: 6
apicid		: 9
initial apicid	: 9
fpu		: yes
fpu_exception	: yes
cpuid level	: 22
wp		: yes
flags		: fpu vme de pse tsc msr pae mce cx8 apic sep mtrr pge mca cmov pat pse36 clflush dts acpi mmx fxsr sse sse2 ss ht tm pbe syscall nx pdpe1gb rdtscp lm constant_tsc art arch_perfmon pebs bts rep_good nopl xtopology nonstop_tsc cpuid aperfmperf pni pclmulqdq dtes64 monitor ds_cpl vmx est tm2 ssse3 sdbg fma cx16 xtpr pdcm pcid sse4_1 sse4_2 x2apic movbe popcnt tsc_deadline_timer aes xsave avx f16c rdrand lahf_lm abm 3dnowprefetch cpuid_fault epb invpcid_single pti ssbd ibrs ibpb stibp tpr_shadow vnmi flexpriority ept vpid ept_ad fsgsbase tsc_adjust bmi1 avx2 smep bmi2 erms invpcid mpx rdseed adx smap clflushopt intel_pt xsaveopt xsavec xgetbv1 xsaves dtherm ida arat pln pts hwp hwp_notify hwp_act_window hwp_epp md_clear flush_l1d
bugs		: cpu_meltdown spectre_v1 spectre_v2 spec_store_bypass l1tf mds swapgs itlb_multihit
bogomips	: 4399.99
clflush size	: 64
cache_alignment	: 64
address sizes	: 39 bits physical, 48 bits virtual
power management:

processor	: 11
vendor_id	: GenuineIntel
cpu family	: 6
model		: 158
model name	: Intel(R) Core(TM) i7-8750H CPU @ 2.20GHz
stepping	: 10
microcode	: 0xca
cpu MHz		: 3999.212
cache size	: 9216 KB
physical id	: 0
siblings	: 12
core id		: 5
cpu cores	: 6
apicid		: 11
initial apicid	: 11
fpu		: yes
fpu_exception	: yes
cpuid level	: 22
wp		: yes
flags		: fpu vme de pse tsc msr pae mce cx8 apic sep mtrr pge mca cmov pat pse36 clflush dts acpi mmx fxsr sse sse2 ss ht tm pbe syscall nx pdpe1gb rdtscp lm constant_tsc art arch_perfmon pebs bts rep_good nopl xtopology nonstop_tsc cpuid aperfmperf pni pclmulqdq dtes64 monitor ds_cpl vmx est tm2 ssse3 sdbg fma cx16 xtpr pdcm pcid sse4_1 sse4_2 x2apic movbe popcnt tsc_deadline_timer aes xsave avx f16c rdrand lahf_lm abm 3dnowprefetch cpuid_fault epb invpcid_single pti ssbd ibrs ibpb stibp tpr_shadow vnmi flexpriority ept vpid ept_ad fsgsbase tsc_adjust bmi1 avx2 smep bmi2 erms invpcid mpx rdseed adx smap clflushopt intel_pt xsaveopt xsavec xgetbv1 xsaves dtherm ida arat pln pts hwp hwp_notify hwp_act_window hwp_epp md_clear flush_l1d
bugs		: cpu_meltdown spectre_v1 spectre_v2 spec_store_bypass l1tf mds swapgs itlb_multihit
bogomips	: 4399.99
clflush size	: 64
cache_alignment	: 64
address sizes	: 39 bits physical, 48 bits virtual
power management:



Memory: 4k page, physical 32713520k(28274116k free), swap 2097148k(2097148k free)

vm_info: OpenJDK 64-Bit Server VM (25.222-b10) for linux-amd64 JRE (1.8.0_222-8u222-b10-1ubuntu1~18.04.1-b10), built on Jul 18 2019 18:52:48 by "buildd" with gcc 7.4.0

time: Sat Nov 30 15:01:13 2019
timezone: CST
elapsed time: 2 seconds (0d 0h 0m 2s)

