#
# A fatal error has been detected by the Java Runtime Environment:
#
#  SIGSEGV (0xb) at pc=0x00007f6dc603f9e0, pid=4983, tid=0x00007f6e4acdb700
#
# JRE version: OpenJDK Runtime Environment (8.0_222-b10) (build 1.8.0_222-8u222-b10-1ubuntu1~18.04.1-b10)
# Java VM: OpenJDK 64-Bit Server VM (25.222-b10 mixed mode linux-amd64 compressed oops)
# Problematic frame:
# C  [libnvidia-glcore.so.440.31+0x10419e0]
#
# Failed to write core dump. Core dumps have been disabled. To enable core dumping, try "ulimit -c unlimited" before starting Java again
#
# If you would like to submit a bug report, please visit:
#   http://bugreport.java.com/bugreport/crash.jsp
# The crash happened outside the Java Virtual Machine in native code.
# See problematic frame for where to report the bug.
#

---------------  T H R E A D  ---------------

Current thread (0x00007f6e4400b800):  JavaThread "main" [_thread_in_native, id=4990, stack(0x00007f6e4abdc000,0x00007f6e4acdc000)]

siginfo: si_signo: 11 (SIGSEGV), si_code: 1 (SEGV_MAPERR), si_addr: 0x0000000000000000

Registers:
RAX=0x0000000104e3e000, RBX=0x00007f6dcc040f6c, RCX=0x0000000000000000, RDX=0x000000000005f406
RSP=0x00007f6e4acda390, RBP=0x0000000000000000, RSI=0x00007f6db8776000, RDI=0x0000000000000000
R8 =0x00007f6db8776000, R9 =0x00007f6dc6d6ac08, R10=0x00000000c1d07513, R11=0x00007f6e446c6880
R12=0x0000000040dec000, R13=0x000000000005f406, R14=0x00007f6db8776000, R15=0x00007f6e446c6880
RIP=0x00007f6dc603f9e0, EFLAGS=0x0000000000010246, CSGSFS=0x002b000000000033, ERR=0x0000000000000004
  TRAPNO=0x000000000000000e

Top of Stack: (sp=0x00007f6e4acda390)
0x00007f6e4acda390:   00007f6e4acda490 00007f6e4acda63c
0x00007f6e4acda3a0:   0000000040dec000 00007f6e446bfa20
0x00007f6e4acda3b0:   000000000005f406 0000000440dec000
0x00007f6e4acda3c0:   00007f6e446bfa20 00000000000be81c
0x00007f6e4acda3d0:   0000000104e3e000 00007f6e4acda490
0x00007f6e4acda3e0:   0000000040dec000 00007f6e4acda490
0x00007f6e4acda3f0:   00007f6e4466a750 00007f6e4466a740
0x00007f6e4acda400:   0000000040dec000 0000000040e42c08
0x00007f6e4acda410:   0000000000000000 00007f6dc604f4b8
0x00007f6e4acda420:   0000000000000000 0000000000000000
0x00007f6e4acda430:   0000000000000000 0000000040e36a80
0x00007f6e4acda440:   0000000000000012 00007f6e4acda490
0x00007f6e4acda450:   0000140595adaeef ffffffff0005f406
0x00007f6e4acda460:   0000000400000000 0000000040e43210
0x00007f6e4acda470:   00007f6e446bfa20 0100000000000000
0x00007f6e4acda480:   00007f6e00000001 00007f6e4acdb700
0x00007f6e4acda490:   00007f6e4466a740 0000000040dec000
0x00007f6e4acda4a0:   0000000040e36a80 00007f6dc6011159
0x00007f6e4acda4b0:   0000000040dec000 0000000040e56cb0
0x00007f6e4acda4c0:   0000000040e36eb0 0000001000000000
0x00007f6e4acda4d0:   0000000040dec210 00007f6e446bfa20
0x00007f6e4acda4e0:   00007f6e4444a600 00c5c5559d862200
0x00007f6e4acda4f0:   00007f6e446bfa20 0000000040dec218
0x00007f6e4acda500:   0000000000000001 00007f6e4acdb700
0x00007f6e4acda510:   00007f6e4acda570 0000000000000000
0x00007f6e4acda520:   00007f6e4498fed0 00007f6e4acda5a0
0x00007f6e4acda530:   00007f6e4400b9e0 00007f6e495990fd
0x00007f6e4acda540:   000000000000000c 00007f6dc72d9300
0x00007f6e4acda550:   0000000000000000 0000000000000010
0x00007f6e4acda560:   000000004400b801 00007f6e4acdb700
0x00007f6e4acda570:   00007f6e4acda5d0 00007f6e347438d9
0x00007f6e4acda580:   00007f6dc72d9300 00007f6e4acda5f4 

Instructions: (pc=0x00007f6dc603f9e0)
0x00007f6dc603f9c0:   14 c7 4c 89 c0 48 23 4a 60 48 2b 42 58 48 01 c8
0x00007f6dc603f9d0:   45 85 ed 48 89 44 24 40 74 1f 44 89 ea 31 c9 90
0x00007f6dc603f9e0:   8b 44 8d 00 66 41 89 04 48 48 ff c1 ff ca 75 f0
0x00007f6dc603f9f0:   41 8d 45 ff 49 8d 74 40 02 85 ff 74 10 0f 1f 00 

Register to memory mapping:

RAX=0x0000000104e3e000 is an unknown value
RBX=0x00007f6dcc040f6c is an unknown value
RCX=0x0000000000000000 is an unknown value
RDX=0x000000000005f406 is an unknown value
RSP=0x00007f6e4acda390 is pointing into the stack for thread: 0x00007f6e4400b800
RBP=0x0000000000000000 is an unknown value
RSI=0x00007f6db8776000 is an unknown value
RDI=0x0000000000000000 is an unknown value
R8 =0x00007f6db8776000 is an unknown value
R9 =0x00007f6dc6d6ac08: <offset 0x1d6cc08> in /usr/lib/x86_64-linux-gnu/libnvidia-glcore.so.440.31 at 0x00007f6dc4ffe000
R10=0x00000000c1d07513 is an unknown value
R11=0x00007f6e446c6880 is an unknown value
R12=0x0000000040dec000 is an unknown value
R13=0x000000000005f406 is an unknown value
R14=0x00007f6db8776000 is an unknown value
R15=0x00007f6e446c6880 is an unknown value


Stack: [0x00007f6e4abdc000,0x00007f6e4acdc000],  sp=0x00007f6e4acda390,  free space=1016k
Native frames: (J=compiled Java code, j=interpreted, Vv=VM code, C=native code)
C  [libnvidia-glcore.so.440.31+0x10419e0]

Java frames: (J=compiled Java code, j=interpreted, Vv=VM code)
J 944  org.lwjgl.opengl.GL11C.nglDrawElements(IIIJ)V (0 bytes) @ 0x00007f6e34747bca [0x00007f6e34747b80+0x4a]
J 932 C1 rendering.MasterRenderer.renderEntity(Lmodels/Entity;Z)V (79 bytes) @ 0x00007f6e34746834 [0x00007f6e34745da0+0xa94]
j  rendering.MasterRenderer.render()V+300
j  misc.Game.render()V+8
j  main.Main.main([Ljava/lang/String;)V+30
v  ~StubRoutines::call_stub

---------------  P R O C E S S  ---------------

Java Threads: ( => current thread )
  0x00007f6e440d8000 JavaThread "Service Thread" daemon [_thread_blocked, id=5009, stack(0x00007f6dfd3ac000,0x00007f6dfd4ad000)]
  0x00007f6e440cc800 JavaThread "C1 CompilerThread3" daemon [_thread_blocked, id=5008, stack(0x00007f6dfd4ae000,0x00007f6dfd5ae000)]
  0x00007f6e440ca800 JavaThread "C2 CompilerThread2" daemon [_thread_blocked, id=5007, stack(0x00007f6dfd5af000,0x00007f6dfd6af000)]
  0x00007f6e440c9000 JavaThread "C2 CompilerThread1" daemon [_thread_in_native, id=5006, stack(0x00007f6dfd6b0000,0x00007f6dfd7b0000)]
  0x00007f6e440c6000 JavaThread "C2 CompilerThread0" daemon [_thread_in_native, id=5005, stack(0x00007f6dfd7b1000,0x00007f6dfd8b1000)]
  0x00007f6e440c4800 JavaThread "Signal Dispatcher" daemon [_thread_blocked, id=5004, stack(0x00007f6dfd8b1000,0x00007f6dfd9b2000)]
  0x00007f6e44091800 JavaThread "Finalizer" daemon [_thread_blocked, id=5003, stack(0x00007f6dfe381000,0x00007f6dfe482000)]
  0x00007f6e4408f800 JavaThread "Reference Handler" daemon [_thread_blocked, id=5002, stack(0x00007f6dfe482000,0x00007f6dfe583000)]
=>0x00007f6e4400b800 JavaThread "main" [_thread_in_native, id=4990, stack(0x00007f6e4abdc000,0x00007f6e4acdc000)]

Other Threads:
  0x00007f6e44085800 VMThread [stack: 0x00007f6dfe584000,0x00007f6dfe684000] [id=5001]
  0x00007f6e440da800 WatcherThread [stack: 0x00007f6dfd2ac000,0x00007f6dfd3ac000] [id=5010]

VM state:not at safepoint (normal execution)

VM Mutex/Monitor currently owned by a thread: None

heap address: 0x00000005ccc00000, size: 7988 MB, Compressed Oops mode: Zero based, Oop shift amount: 3
Narrow klass base: 0x0000000000000000, Narrow klass shift: 3
Compressed class space size: 1073741824 Address: 0x00000007c0000000

Heap:
 PSYoungGen      total 149504K, used 63080K [0x0000000719980000, 0x000000072bd80000, 0x00000007c0000000)
  eden space 128512K, 44% used [0x0000000719980000,0x000000071d13b160,0x0000000721700000)
  from space 20992K, 28% used [0x0000000722b80000,0x000000072315eef8,0x0000000724000000)
  to   space 20992K, 0% used [0x0000000721700000,0x0000000721700000,0x0000000722b80000)
 ParOldGen       total 341504K, used 16K [0x00000005ccc00000, 0x00000005e1980000, 0x0000000719980000)
  object space 341504K, 0% used [0x00000005ccc00000,0x00000005ccc04000,0x00000005e1980000)
 Metaspace       used 9859K, capacity 10063K, committed 10368K, reserved 1058816K
  class space    used 769K, capacity 878K, committed 896K, reserved 1048576K

Card table byte_map: [0x00007f6e3302e000,0x00007f6e33fc9000] byte_map_base: 0x00007f6e301c8000

Marking Bits: (ParMarkBitMap*) 0x00007f6e49e76360
 Begin Bits: [0x00007f6e1c660000, 0x00007f6e24330000)
 End Bits:   [0x00007f6e24330000, 0x00007f6e2c000000)

Polling page: 0x00007f6e4acf7000

CodeCache: size=245760Kb used=3844Kb max_used=3856Kb free=241915Kb
 bounds [0x00007f6e34389000, 0x00007f6e34759000, 0x00007f6e43389000]
 total_blobs=1855 nmethods=946 adapters=824
 compilation: enabled

Compilation events (10 events):
Event: 0.921 Thread 0x00007f6e440cc800 nmethod 943 0x00007f6e3474a150 code [0x00007f6e3474a2c0, 0x00007f6e3474a428]
Event: 0.921 Thread 0x00007f6e440cc800  946       3       org.lwjgl.opengl.GL20C::glUniformMatrix4fv (30 bytes)
Event: 0.922 Thread 0x00007f6e440cc800 nmethod 946 0x00007f6e3474a4d0 code [0x00007f6e3474a6a0, 0x00007f6e3474ac58]
Event: 0.922 Thread 0x00007f6e440cc800  948       3       org.lwjgl.opengl.GL::checkCapabilities (22 bytes)
Event: 0.922 Thread 0x00007f6e440cc800 nmethod 948 0x00007f6e3474afd0 code [0x00007f6e3474b140, 0x00007f6e3474b388]
Event: 0.922 Thread 0x00007f6e440cc800  947       3       org.lwjgl.opengl.GL::getICD (12 bytes)
Event: 0.922 Thread 0x00007f6e440cc800 nmethod 947 0x00007f6e3474b490 code [0x00007f6e3474b620, 0x00007f6e3474b998]
Event: 0.922 Thread 0x00007f6e440ca800 nmethod 940 0x00007f6e3474eb90 code [0x00007f6e3474ed20, 0x00007f6e3474f178]
Event: 0.922 Thread 0x00007f6e440ca800  945       4       math.Matrix::getFloats (75 bytes)
Event: 0.925 Thread 0x00007f6e440ca800 nmethod 945 0x00007f6e3474f510 code [0x00007f6e3474f660, 0x00007f6e3474f958]

GC Heap History (4 events):
Event: 0.630 GC heap before
{Heap before GC invocations=1 (full 0):
 PSYoungGen      total 149504K, used 128512K [0x0000000719980000, 0x0000000724000000, 0x00000007c0000000)
  eden space 128512K, 100% used [0x0000000719980000,0x0000000721700000,0x0000000721700000)
  from space 20992K, 0% used [0x0000000722b80000,0x0000000722b80000,0x0000000724000000)
  to   space 20992K, 0% used [0x0000000721700000,0x0000000721700000,0x0000000722b80000)
 ParOldGen       total 341504K, used 0K [0x00000005ccc00000, 0x00000005e1980000, 0x0000000719980000)
  object space 341504K, 0% used [0x00000005ccc00000,0x00000005ccc00000,0x00000005e1980000)
 Metaspace       used 9233K, capacity 9455K, committed 9856K, reserved 1058816K
  class space    used 717K, capacity 782K, committed 896K, reserved 1048576K
Event: 0.634 GC heap after
Heap after GC invocations=1 (full 0):
 PSYoungGen      total 149504K, used 9672K [0x0000000719980000, 0x0000000724000000, 0x00000007c0000000)
  eden space 128512K, 0% used [0x0000000719980000,0x0000000719980000,0x0000000721700000)
  from space 20992K, 46% used [0x0000000721700000,0x0000000722072340,0x0000000722b80000)
  to   space 20992K, 0% used [0x0000000722b80000,0x0000000722b80000,0x0000000724000000)
 ParOldGen       total 341504K, used 8K [0x00000005ccc00000, 0x00000005e1980000, 0x0000000719980000)
  object space 341504K, 0% used [0x00000005ccc00000,0x00000005ccc02000,0x00000005e1980000)
 Metaspace       used 9233K, capacity 9455K, committed 9856K, reserved 1058816K
  class space    used 717K, capacity 782K, committed 896K, reserved 1048576K
}
Event: 0.788 GC heap before
{Heap before GC invocations=2 (full 0):
 PSYoungGen      total 149504K, used 138184K [0x0000000719980000, 0x0000000724000000, 0x00000007c0000000)
  eden space 128512K, 100% used [0x0000000719980000,0x0000000721700000,0x0000000721700000)
  from space 20992K, 46% used [0x0000000721700000,0x0000000722072340,0x0000000722b80000)
  to   space 20992K, 0% used [0x0000000722b80000,0x0000000722b80000,0x0000000724000000)
 ParOldGen       total 341504K, used 8K [0x00000005ccc00000, 0x00000005e1980000, 0x0000000719980000)
  object space 341504K, 0% used [0x00000005ccc00000,0x00000005ccc02000,0x00000005e1980000)
 Metaspace       used 9724K, capacity 9935K, committed 10112K, reserved 1058816K
  class space    used 762K, capacity 878K, committed 896K, reserved 1048576K
Event: 0.790 GC heap after
Heap after GC invocations=2 (full 0):
 PSYoungGen      total 149504K, used 6011K [0x0000000719980000, 0x000000072bd80000, 0x00000007c0000000)
  eden space 128512K, 0% used [0x0000000719980000,0x0000000719980000,0x0000000721700000)
  from space 20992K, 28% used [0x0000000722b80000,0x000000072315eef8,0x0000000724000000)
  to   space 20992K, 0% used [0x0000000721700000,0x0000000721700000,0x0000000722b80000)
 ParOldGen       total 341504K, used 16K [0x00000005ccc00000, 0x00000005e1980000, 0x0000000719980000)
  object space 341504K, 0% used [0x00000005ccc00000,0x00000005ccc04000,0x00000005e1980000)
 Metaspace       used 9724K, capacity 9935K, committed 10112K, reserved 1058816K
  class space    used 762K, capacity 878K, committed 896K, reserved 1048576K
}

Deoptimization events (10 events):
Event: 0.523 Thread 0x00007f6e4400b800 Uncommon trap: reason=array_check action=maybe_recompile pc=0x00007f6e3463bc98 method=java.util.AbstractCollection.toArray([Ljava/lang/Object;)[Ljava/lang/Object; @ 119
Event: 0.529 Thread 0x00007f6e4400b800 Uncommon trap: reason=unstable_if action=reinterpret pc=0x00007f6e34659900 method=sun.misc.FloatingDecimal.readJavaFormatString(Ljava/lang/String;)Lsun/misc/FloatingDecimal$ASCIIToBinaryConverter; @ 235
Event: 0.529 Thread 0x00007f6e4400b800 Uncommon trap: reason=class_check action=maybe_recompile pc=0x00007f6e346369c8 method=sun.misc.FloatingDecimal.parseFloat(Ljava/lang/String;)F @ 4
Event: 0.545 Thread 0x00007f6e4400b800 Uncommon trap: reason=class_check action=maybe_recompile pc=0x00007f6e346369c8 method=sun.misc.FloatingDecimal.parseFloat(Ljava/lang/String;)F @ 4
Event: 0.559 Thread 0x00007f6e4400b800 Uncommon trap: reason=class_check action=maybe_recompile pc=0x00007f6e346369c8 method=sun.misc.FloatingDecimal.parseFloat(Ljava/lang/String;)F @ 4
Event: 0.559 Thread 0x00007f6e4400b800 Uncommon trap: reason=class_check action=maybe_recompile pc=0x00007f6e346369c8 method=sun.misc.FloatingDecimal.parseFloat(Ljava/lang/String;)F @ 4
Event: 0.693 Thread 0x00007f6e4400b800 Uncommon trap: reason=unstable_if action=reinterpret pc=0x00007f6e346acb7c method=java.util.ArrayList$Itr.hasNext()Z @ 11
Event: 0.743 Thread 0x00007f6e4400b800 Uncommon trap: reason=unstable_if action=reinterpret pc=0x00007f6e34540140 method=java.lang.String.indexOf([CII[CIII)I @ 3
Event: 0.796 Thread 0x00007f6e4400b800 Uncommon trap: reason=unstable_if action=reinterpret pc=0x00007f6e34704c0c method=sun.security.provider.NativePRNG$RandomIO.ensureBufferValid()V @ 57
Event: 0.877 Thread 0x00007f6e4400b800 Uncommon trap: reason=unstable_if action=reinterpret pc=0x00007f6e3473130c method=terrain.Terrain.getVertexNormals([F[I)[F @ 211

Classes redefined (0 events):
No events

Internal exceptions (10 events):
Event: 0.109 Thread 0x00007f6e4400b800 Exception <a 'java/security/PrivilegedActionException'> (0x0000000719f6c570) thrown at [/build/openjdk-8-OqY7zN/openjdk-8-8u222-b10/src/hotspot/src/share/vm/prims/jvm.cpp, line 1502]
Event: 0.109 Thread 0x00007f6e4400b800 Exception <a 'java/security/PrivilegedActionException'> (0x0000000719f6c780) thrown at [/build/openjdk-8-OqY7zN/openjdk-8-8u222-b10/src/hotspot/src/share/vm/prims/jvm.cpp, line 1502]
Event: 0.109 Thread 0x00007f6e4400b800 Exception <a 'java/security/PrivilegedActionException'> (0x0000000719f6e808) thrown at [/build/openjdk-8-OqY7zN/openjdk-8-8u222-b10/src/hotspot/src/share/vm/prims/jvm.cpp, line 1502]
Event: 0.109 Thread 0x00007f6e4400b800 Exception <a 'java/security/PrivilegedActionException'> (0x0000000719f6ea18) thrown at [/build/openjdk-8-OqY7zN/openjdk-8-8u222-b10/src/hotspot/src/share/vm/prims/jvm.cpp, line 1502]
Event: 0.109 Thread 0x00007f6e4400b800 Exception <a 'java/security/PrivilegedActionException'> (0x0000000719f6f4f0) thrown at [/build/openjdk-8-OqY7zN/openjdk-8-8u222-b10/src/hotspot/src/share/vm/prims/jvm.cpp, line 1502]
Event: 0.109 Thread 0x00007f6e4400b800 Exception <a 'java/security/PrivilegedActionException'> (0x0000000719f6f700) thrown at [/build/openjdk-8-OqY7zN/openjdk-8-8u222-b10/src/hotspot/src/share/vm/prims/jvm.cpp, line 1502]
Event: 0.117 Thread 0x00007f6e4400b800 Exception <a 'sun/nio/fs/UnixException'> (0x0000000719f9c828) thrown at [/build/openjdk-8-OqY7zN/openjdk-8-8u222-b10/src/hotspot/src/share/vm/prims/jni.cpp, line 710]
Event: 0.120 Thread 0x00007f6e4400b800 Exception <a 'sun/nio/fs/UnixException'> (0x0000000719facda8) thrown at [/build/openjdk-8-OqY7zN/openjdk-8-8u222-b10/src/hotspot/src/share/vm/prims/jni.cpp, line 710]
Event: 0.295 Thread 0x00007f6e4400b800 Exception <a 'sun/nio/fs/UnixException'> (0x000000071a11c168) thrown at [/build/openjdk-8-OqY7zN/openjdk-8-8u222-b10/src/hotspot/src/share/vm/prims/jni.cpp, line 710]
Event: 0.296 Thread 0x00007f6e4400b800 Exception <a 'sun/nio/fs/UnixException'> (0x000000071a124490) thrown at [/build/openjdk-8-OqY7zN/openjdk-8-8u222-b10/src/hotspot/src/share/vm/prims/jni.cpp, line 710]

Events (10 events):
Event: 0.924 Thread 0x00007f6e4400b800 DEOPT PACKING pc=0x00007f6e3473aae2 sp=0x00007f6e4acda630
Event: 0.924 Thread 0x00007f6e4400b800 DEOPT UNPACKING pc=0x00007f6e343d04c4 sp=0x00007f6e4acda318 mode 0
Event: 0.925 Thread 0x00007f6e4400b800 DEOPT PACKING pc=0x00007f6e3473aae2 sp=0x00007f6e4acda680
Event: 0.925 Thread 0x00007f6e4400b800 DEOPT UNPACKING pc=0x00007f6e343d04c4 sp=0x00007f6e4acda368 mode 0
Event: 0.925 Thread 0x00007f6e4400b800 DEOPT PACKING pc=0x00007f6e3473aae2 sp=0x00007f6e4acda630
Event: 0.925 Thread 0x00007f6e4400b800 DEOPT UNPACKING pc=0x00007f6e343d04c4 sp=0x00007f6e4acda318 mode 0
Event: 0.925 Thread 0x00007f6e4400b800 DEOPT PACKING pc=0x00007f6e3473aae2 sp=0x00007f6e4acda680
Event: 0.925 Thread 0x00007f6e4400b800 DEOPT UNPACKING pc=0x00007f6e343d04c4 sp=0x00007f6e4acda368 mode 0
Event: 0.925 Thread 0x00007f6e4400b800 DEOPT PACKING pc=0x00007f6e3473aae2 sp=0x00007f6e4acda630
Event: 0.925 Thread 0x00007f6e4400b800 DEOPT UNPACKING pc=0x00007f6e343d04c4 sp=0x00007f6e4acda318 mode 0


Dynamic libraries:
40dec000-40e9b000 rw-p 00000000 00:00 0 
419f3000-419f5000 r-xs 00000000 103:02 15728685                          /tmp/.glgPWVWt (deleted)
5ccc00000-5e1980000 rw-p 00000000 00:00 0 
5e1980000-719980000 ---p 00000000 00:00 0 
719980000-72bd80000 rw-p 00000000 00:00 0 
72bd80000-7c0000000 ---p 00000000 00:00 0 
7c0000000-7c00e0000 rw-p 00000000 00:00 0 
7c00e0000-800000000 ---p 00000000 00:00 0 
562f22a36000-562f22a37000 r-xp 00000000 103:02 9838898                   /usr/lib/jvm/java-8-openjdk-amd64/jre/bin/java
562f22c36000-562f22c37000 r--p 00000000 103:02 9838898                   /usr/lib/jvm/java-8-openjdk-amd64/jre/bin/java
562f22c37000-562f22c38000 rw-p 00001000 103:02 9838898                   /usr/lib/jvm/java-8-openjdk-amd64/jre/bin/java
562f23f3d000-562f23f5e000 rw-p 00000000 00:00 0                          [heap]
7f6d88000000-7f6d88021000 rw-p 00000000 00:00 0 
7f6d88021000-7f6d8c000000 ---p 00000000 00:00 0 
7f6d90000000-7f6d90021000 rw-p 00000000 00:00 0 
7f6d90021000-7f6d94000000 ---p 00000000 00:00 0 
7f6d94000000-7f6d94021000 rw-p 00000000 00:00 0 
7f6d94021000-7f6d98000000 ---p 00000000 00:00 0 
7f6d98000000-7f6d98021000 rw-p 00000000 00:00 0 
7f6d98021000-7f6d9c000000 ---p 00000000 00:00 0 
7f6d9c000000-7f6d9c021000 rw-p 00000000 00:00 0 
7f6d9c021000-7f6da0000000 ---p 00000000 00:00 0 
7f6da0000000-7f6da0021000 rw-p 00000000 00:00 0 
7f6da0021000-7f6da4000000 ---p 00000000 00:00 0 
7f6da4000000-7f6da4021000 rw-p 00000000 00:00 0 
7f6da4021000-7f6da8000000 ---p 00000000 00:00 0 
7f6da8000000-7f6da8021000 rw-p 00000000 00:00 0 
7f6da8021000-7f6dac000000 ---p 00000000 00:00 0 
7f6dac000000-7f6dac021000 rw-p 00000000 00:00 0 
7f6dac021000-7f6db0000000 ---p 00000000 00:00 0 
7f6db0000000-7f6db0021000 rw-p 00000000 00:00 0 
7f6db0021000-7f6db4000000 ---p 00000000 00:00 0 
7f6db4000000-7f6db4021000 rw-p 00000000 00:00 0 
7f6db4021000-7f6db8000000 ---p 00000000 00:00 0 
7f6db8776000-7f6db8b76000 rw-s 00000000 00:06 581                        /dev/nvidiactl
7f6db8b76000-7f6db8dfb000 rw-p 00000000 00:00 0 
7f6db8dfb000-7f6db91fb000 rw-s 00000000 00:06 581                        /dev/nvidiactl
7f6db91fb000-7f6db93fb000 rw-s 00000000 00:06 581                        /dev/nvidiactl
7f6db93fb000-7f6db97fb000 rw-s 00000000 00:06 581                        /dev/nvidiactl
7f6db97fb000-7f6db97fc000 ---p 00000000 00:00 0 
7f6db97fc000-7f6db9ffc000 rw-p 00000000 00:00 0 
7f6db9ffc000-7f6db9ffd000 ---p 00000000 00:00 0 
7f6db9ffd000-7f6dba7fd000 rw-p 00000000 00:00 0 
7f6dba7fd000-7f6dba7fe000 ---p 00000000 00:00 0 
7f6dba7fe000-7f6dbaffe000 rw-p 00000000 00:00 0 
7f6dbaffe000-7f6dbafff000 ---p 00000000 00:00 0 
7f6dbafff000-7f6dbb7ff000 rw-p 00000000 00:00 0 
7f6dbb7ff000-7f6dbb800000 ---p 00000000 00:00 0 
7f6dbb800000-7f6dbc000000 rw-p 00000000 00:00 0 
7f6dbc000000-7f6dbc021000 rw-p 00000000 00:00 0 
7f6dbc021000-7f6dc0000000 ---p 00000000 00:00 0 
7f6dc0012000-7f6dc0212000 rw-s 00000000 00:06 581                        /dev/nvidiactl
7f6dc03a0000-7f6dc0625000 rw-p 00000000 00:00 0 
7f6dc0625000-7f6dc0626000 ---p 00000000 00:00 0 
7f6dc0626000-7f6dc0e26000 rw-p 00000000 00:00 0 
7f6dc0e26000-7f6dc0e27000 ---p 00000000 00:00 0 
7f6dc0e27000-7f6dc1627000 rw-p 00000000 00:00 0 
7f6dc1627000-7f6dc1628000 ---p 00000000 00:00 0 
7f6dc1628000-7f6dc1e28000 rw-p 00000000 00:00 0 
7f6dc1e28000-7f6dc1e29000 ---p 00000000 00:00 0 
7f6dc1e29000-7f6dc2629000 rw-p 00000000 00:00 0 
7f6dc2629000-7f6dc262a000 ---p 00000000 00:00 0 
7f6dc262a000-7f6dc2e2a000 rw-p 00000000 00:00 0 
7f6dc2e2a000-7f6dc2e2b000 ---p 00000000 00:00 0 
7f6dc2e2b000-7f6dc362b000 rw-p 00000000 00:00 0 
7f6dc362b000-7f6dc362c000 ---p 00000000 00:00 0 
7f6dc362c000-7f6dc3f6c000 rw-p 00000000 00:00 0 
7f6dc3f6c000-7f6dc402c000 ---p 00000000 00:00 0 
7f6dc402c000-7f6dc406c000 rw-s 00000000 08:01 16256738                   /home/sam/#16256738 (deleted)
7f6dc406c000-7f6dc40ac000 r-xs 00000000 08:01 16256738                   /home/sam/#16256738 (deleted)
7f6dc40ac000-7f6dc4104000 r-xp 00000000 103:02 15728686                  /tmp/lwjglsam/3.2.3-build-13/liblwjgl_opengl.so
7f6dc4104000-7f6dc4303000 ---p 00058000 103:02 15728686                  /tmp/lwjglsam/3.2.3-build-13/liblwjgl_opengl.so
7f6dc4303000-7f6dc4304000 r--p 00057000 103:02 15728686                  /tmp/lwjglsam/3.2.3-build-13/liblwjgl_opengl.so
7f6dc4304000-7f6dc4305000 rw-p 00058000 103:02 15728686                  /tmp/lwjglsam/3.2.3-build-13/liblwjgl_opengl.so
7f6dc4305000-7f6dc430a000 r-xp 00000000 103:02 9839193                   /usr/lib/x86_64-linux-gnu/libxcb-sync.so.1.0.0
7f6dc430a000-7f6dc450a000 ---p 00005000 103:02 9839193                   /usr/lib/x86_64-linux-gnu/libxcb-sync.so.1.0.0
7f6dc450a000-7f6dc450b000 r--p 00005000 103:02 9839193                   /usr/lib/x86_64-linux-gnu/libxcb-sync.so.1.0.0
7f6dc450b000-7f6dc450c000 rw-p 00006000 103:02 9839193                   /usr/lib/x86_64-linux-gnu/libxcb-sync.so.1.0.0
7f6dc450c000-7f6dc450e000 r-xp 00000000 103:02 9839185                   /usr/lib/x86_64-linux-gnu/libxcb-present.so.0.0.0
7f6dc450e000-7f6dc470d000 ---p 00002000 103:02 9839185                   /usr/lib/x86_64-linux-gnu/libxcb-present.so.0.0.0
7f6dc470d000-7f6dc470e000 r--p 00001000 103:02 9839185                   /usr/lib/x86_64-linux-gnu/libxcb-present.so.0.0.0
7f6dc470e000-7f6dc470f000 rw-p 00002000 103:02 9839185                   /usr/lib/x86_64-linux-gnu/libxcb-present.so.0.0.0
7f6dc470f000-7f6dc4712000 r-xp 00000000 103:02 9839181                   /usr/lib/x86_64-linux-gnu/libxcb-dri3.so.0.0.0
7f6dc4712000-7f6dc4911000 ---p 00003000 103:02 9839181                   /usr/lib/x86_64-linux-gnu/libxcb-dri3.so.0.0.0
7f6dc4911000-7f6dc4912000 r--p 00002000 103:02 9839181                   /usr/lib/x86_64-linux-gnu/libxcb-dri3.so.0.0.0
7f6dc4912000-7f6dc4913000 rw-p 00003000 103:02 9839181                   /usr/lib/x86_64-linux-gnu/libxcb-dri3.so.0.0.0
7f6dc4913000-7f6dc492b000 r-xp 00000000 103:02 9839183                   /usr/lib/x86_64-linux-gnu/libxcb-glx.so.0.0.0
7f6dc492b000-7f6dc4b2b000 ---p 00018000 103:02 9839183                   /usr/lib/x86_64-linux-gnu/libxcb-glx.so.0.0.0
7f6dc4b2b000-7f6dc4b2d000 r--p 00018000 103:02 9839183                   /usr/lib/x86_64-linux-gnu/libxcb-glx.so.0.0.0
7f6dc4b2d000-7f6dc4b2e000 rw-p 0001a000 103:02 9839183                   /usr/lib/x86_64-linux-gnu/libxcb-glx.so.0.0.0
7f6dc4c48000-7f6dc4c58000 r-xp 00000000 103:02 9840432                   /usr/lib/x86_64-linux-gnu/libdrm.so.2.4.0
7f6dc4c58000-7f6dc4e57000 ---p 00010000 103:02 9840432                   /usr/lib/x86_64-linux-gnu/libdrm.so.2.4.0
7f6dc4e57000-7f6dc4e58000 r--p 0000f000 103:02 9840432                   /usr/lib/x86_64-linux-gnu/libdrm.so.2.4.0
7f6dc4e58000-7f6dc4e59000 rw-p 00010000 103:02 9840432                   /usr/lib/x86_64-linux-gnu/libdrm.so.2.4.0
7f6dc4e59000-7f6dc4ffe000 rw-s 00000000 00:06 581                        /dev/nvidiactl
7f6dc4ffe000-7f6dc62d9000 r-xp 00000000 103:02 9840523                   /usr/lib/x86_64-linux-gnu/libnvidia-glcore.so.440.31
7f6dc62d9000-7f6dc62fa000 rwxp 012db000 103:02 9840523                   /usr/lib/x86_64-linux-gnu/libnvidia-glcore.so.440.31
7f6dc62fa000-7f6dc680b000 r-xp 012fc000 103:02 9840523                   /usr/lib/x86_64-linux-gnu/libnvidia-glcore.so.440.31
7f6dc680b000-7f6dc6a0a000 ---p 0180d000 103:02 9840523                   /usr/lib/x86_64-linux-gnu/libnvidia-glcore.so.440.31
7f6dc6a0a000-7f6dc6d50000 rw-p 0180c000 103:02 9840523                   /usr/lib/x86_64-linux-gnu/libnvidia-glcore.so.440.31
7f6dc6d50000-7f6dc6d6c000 rw-p 00000000 00:00 0 
7f6dc6d6c000-7f6dc6d6f000 r-xp 00000000 103:02 9840527                   /usr/lib/x86_64-linux-gnu/libnvidia-tls.so.440.31
7f6dc6d6f000-7f6dc6f6f000 ---p 00003000 103:02 9840527                   /usr/lib/x86_64-linux-gnu/libnvidia-tls.so.440.31
7f6dc6f6f000-7f6dc6f70000 rw-p 00003000 103:02 9840527                   /usr/lib/x86_64-linux-gnu/libnvidia-tls.so.440.31
7f6dc6f70000-7f6dc7019000 r-xp 00000000 103:02 9840520                   /usr/lib/x86_64-linux-gnu/libGLX_nvidia.so.440.31
7f6dc7019000-7f6dc704e000 rwxp 000a9000 103:02 9840520                   /usr/lib/x86_64-linux-gnu/libGLX_nvidia.so.440.31
7f6dc704e000-7f6dc705d000 r-xp 000de000 103:02 9840520                   /usr/lib/x86_64-linux-gnu/libGLX_nvidia.so.440.31
7f6dc705d000-7f6dc725c000 ---p 000ed000 103:02 9840520                   /usr/lib/x86_64-linux-gnu/libGLX_nvidia.so.440.31
7f6dc725c000-7f6dc7280000 rw-p 000ec000 103:02 9840520                   /usr/lib/x86_64-linux-gnu/libGLX_nvidia.so.440.31
7f6dc7280000-7f6dc7282000 rw-p 00000000 00:00 0 
7f6dc7282000-7f6dc72c4000 r-xp 00000000 103:02 9837994                   /usr/lib/x86_64-linux-gnu/libGLdispatch.so.0.0.0
7f6dc72c4000-7f6dc72dd000 r-xp 00042000 103:02 9837994                   /usr/lib/x86_64-linux-gnu/libGLdispatch.so.0.0.0
7f6dc72dd000-7f6dc72f0000 r-xp 0005b000 103:02 9837994                   /usr/lib/x86_64-linux-gnu/libGLdispatch.so.0.0.0
7f6dc72f0000-7f6dc74ef000 ---p 0006e000 103:02 9837994                   /usr/lib/x86_64-linux-gnu/libGLdispatch.so.0.0.0
7f6dc74ef000-7f6dc7517000 r--p 0006d000 103:02 9837994                   /usr/lib/x86_64-linux-gnu/libGLdispatch.so.0.0.0
7f6dc7517000-7f6dc7518000 rw-p 00095000 103:02 9837994                   /usr/lib/x86_64-linux-gnu/libGLdispatch.so.0.0.0
7f6dc7518000-7f6dc7538000 rw-p 00000000 00:00 0 
7f6dc7538000-7f6dc7548000 r-xp 00000000 103:02 9837992                   /usr/lib/x86_64-linux-gnu/libGLX.so.0.0.0
7f6dc7548000-7f6dc7747000 ---p 00010000 103:02 9837992                   /usr/lib/x86_64-linux-gnu/libGLX.so.0.0.0
7f6dc7747000-7f6dc7748000 r--p 0000f000 103:02 9837992                   /usr/lib/x86_64-linux-gnu/libGLX.so.0.0.0
7f6dc7748000-7f6dc7749000 rw-p 00010000 103:02 9837992                   /usr/lib/x86_64-linux-gnu/libGLX.so.0.0.0
7f6dc7749000-7f6dc7769000 rw-p 00000000 00:00 0 
7f6dc7769000-7f6dc77ad000 r-xp 00000000 103:02 9837986                   /usr/lib/x86_64-linux-gnu/libGL.so.1.0.0
7f6dc77ad000-7f6dc77c6000 r-xp 00044000 103:02 9837986                   /usr/lib/x86_64-linux-gnu/libGL.so.1.0.0
7f6dc77c6000-7f6dc77da000 r-xp 0005d000 103:02 9837986                   /usr/lib/x86_64-linux-gnu/libGL.so.1.0.0
7f6dc77da000-7f6dc79d9000 ---p 00071000 103:02 9837986                   /usr/lib/x86_64-linux-gnu/libGL.so.1.0.0
7f6dc79d9000-7f6dc79f3000 r--p 00070000 103:02 9837986                   /usr/lib/x86_64-linux-gnu/libGL.so.1.0.0
7f6dc79f3000-7f6dc79f4000 rw-p 0008a000 103:02 9837986                   /usr/lib/x86_64-linux-gnu/libGL.so.1.0.0
7f6dc79f4000-7f6dc79f5000 rw-p 00000000 00:00 0 
7f6dc79f5000-7f6dc79f6000 r-xp 00000000 103:02 9840453                   /usr/lib/x86_64-linux-gnu/libX11-xcb.so.1.0.0
7f6dc79f6000-7f6dc7bf5000 ---p 00001000 103:02 9840453                   /usr/lib/x86_64-linux-gnu/libX11-xcb.so.1.0.0
7f6dc7bf5000-7f6dc7bf6000 r--p 00000000 103:02 9840453                   /usr/lib/x86_64-linux-gnu/libX11-xcb.so.1.0.0
7f6dc7bf6000-7f6dc7bf7000 rw-p 00001000 103:02 9840453                   /usr/lib/x86_64-linux-gnu/libX11-xcb.so.1.0.0
7f6dc7bf7000-7f6dc7bf9000 r-xp 00000000 103:02 9838067                   /usr/lib/x86_64-linux-gnu/libXinerama.so.1.0.0
7f6dc7bf9000-7f6dc7df8000 ---p 00002000 103:02 9838067                   /usr/lib/x86_64-linux-gnu/libXinerama.so.1.0.0
7f6dc7df8000-7f6dc7df9000 r--p 00001000 103:02 9838067                   /usr/lib/x86_64-linux-gnu/libXinerama.so.1.0.0
7f6dc7df9000-7f6dc7dfa000 rw-p 00002000 103:02 9838067                   /usr/lib/x86_64-linux-gnu/libXinerama.so.1.0.0
7f6dc7dfa000-7f6dc7dff000 r-xp 00000000 103:02 9838059                   /usr/lib/x86_64-linux-gnu/libXfixes.so.3.1.0
7f6dc7dff000-7f6dc7ffe000 ---p 00005000 103:02 9838059                   /usr/lib/x86_64-linux-gnu/libXfixes.so.3.1.0
7f6dc7ffe000-7f6dc7fff000 r--p 00004000 103:02 9838059                   /usr/lib/x86_64-linux-gnu/libXfixes.so.3.1.0
7f6dc7fff000-7f6dc8000000 rw-p 00005000 103:02 9838059                   /usr/lib/x86_64-linux-gnu/libXfixes.so.3.1.0
7f6dc8000000-7f6dc8021000 rw-p 00000000 00:00 0 
7f6dc8021000-7f6dcc000000 ---p 00000000 00:00 0 
7f6dcc003000-7f6dcc083000 rw-s 00000000 00:06 581                        /dev/nvidiactl
7f6dcc083000-7f6dcc0c3000 rw-s 00000000 00:06 581                        /dev/nvidiactl
7f6dcc0c3000-7f6dcc0e3000 rw-s 00000000 00:06 581                        /dev/nvidiactl
7f6dcc0e3000-7f6dcc123000 rw-s 00000000 00:06 581                        /dev/nvidiactl
7f6dcc123000-7f6dcc143000 rw-s 00000000 00:06 581                        /dev/nvidiactl
7f6dcc143000-7f6dcc183000 rw-s 00000000 00:06 581                        /dev/nvidiactl
7f6dcc1a3000-7f6dcc1ac000 r-xp 00000000 103:02 9838051                   /usr/lib/x86_64-linux-gnu/libXcursor.so.1.0.2
7f6dcc1ac000-7f6dcc3ab000 ---p 00009000 103:02 9838051                   /usr/lib/x86_64-linux-gnu/libXcursor.so.1.0.2
7f6dcc3ab000-7f6dcc3ac000 r--p 00008000 103:02 9838051                   /usr/lib/x86_64-linux-gnu/libXcursor.so.1.0.2
7f6dcc3ac000-7f6dcc3ad000 rw-p 00009000 103:02 9838051                   /usr/lib/x86_64-linux-gnu/libXcursor.so.1.0.2
7f6dcc3ad000-7f6dcc3b6000 r-xp 00000000 103:02 9838077                   /usr/lib/x86_64-linux-gnu/libXrender.so.1.3.0
7f6dcc3b6000-7f6dcc5b5000 ---p 00009000 103:02 9838077                   /usr/lib/x86_64-linux-gnu/libXrender.so.1.3.0
7f6dcc5b5000-7f6dcc5b6000 r--p 00008000 103:02 9838077                   /usr/lib/x86_64-linux-gnu/libXrender.so.1.3.0
7f6dcc5b6000-7f6dcc5b7000 rw-p 00009000 103:02 9838077                   /usr/lib/x86_64-linux-gnu/libXrender.so.1.3.0
7f6dcc5b7000-7f6dcc5c1000 r-xp 00000000 103:02 9838075                   /usr/lib/x86_64-linux-gnu/libXrandr.so.2.2.0
7f6dcc5c1000-7f6dcc7c0000 ---p 0000a000 103:02 9838075                   /usr/lib/x86_64-linux-gnu/libXrandr.so.2.2.0
7f6dcc7c0000-7f6dcc7c1000 r--p 00009000 103:02 9838075                   /usr/lib/x86_64-linux-gnu/libXrandr.so.2.2.0
7f6dcc7c1000-7f6dcc7c2000 rw-p 0000a000 103:02 9838075                   /usr/lib/x86_64-linux-gnu/libXrandr.so.2.2.0
7f6dcc7c2000-7f6dcc7d1000 r-xp 00000000 103:02 9838065                   /usr/lib/x86_64-linux-gnu/libXi.so.6.1.0
7f6dcc7d1000-7f6dcc9d0000 ---p 0000f000 103:02 9838065                   /usr/lib/x86_64-linux-gnu/libXi.so.6.1.0
7f6dcc9d0000-7f6dcc9d1000 r--p 0000e000 103:02 9838065                   /usr/lib/x86_64-linux-gnu/libXi.so.6.1.0
7f6dcc9d1000-7f6dcc9d2000 rw-p 0000f000 103:02 9838065                   /usr/lib/x86_64-linux-gnu/libXi.so.6.1.0
7f6dcc9d2000-7f6dcc9e3000 r-xp 00000000 103:02 9838057                   /usr/lib/x86_64-linux-gnu/libXext.so.6.4.0
7f6dcc9e3000-7f6dccbe2000 ---p 00011000 103:02 9838057                   /usr/lib/x86_64-linux-gnu/libXext.so.6.4.0
7f6dccbe2000-7f6dccbe3000 r--p 00010000 103:02 9838057                   /usr/lib/x86_64-linux-gnu/libXext.so.6.4.0
7f6dccbe3000-7f6dccbe4000 rw-p 00011000 103:02 9838057                   /usr/lib/x86_64-linux-gnu/libXext.so.6.4.0
7f6dccbe4000-7f6dccbe9000 r-xp 00000000 103:02 9838093                   /usr/lib/x86_64-linux-gnu/libXxf86vm.so.1.0.0
7f6dccbe9000-7f6dccde8000 ---p 00005000 103:02 9838093                   /usr/lib/x86_64-linux-gnu/libXxf86vm.so.1.0.0
7f6dccde8000-7f6dccde9000 r--p 00004000 103:02 9838093                   /usr/lib/x86_64-linux-gnu/libXxf86vm.so.1.0.0
7f6dccde9000-7f6dccdea000 rw-p 00005000 103:02 9838093                   /usr/lib/x86_64-linux-gnu/libXxf86vm.so.1.0.0
7f6dccdea000-7f6dccdfd000 r-xp 00000000 103:02 22942382                  /lib/x86_64-linux-gnu/libbsd.so.0.8.7
7f6dccdfd000-7f6dccffc000 ---p 00013000 103:02 22942382                  /lib/x86_64-linux-gnu/libbsd.so.0.8.7
7f6dccffc000-7f6dccffd000 r--p 00012000 103:02 22942382                  /lib/x86_64-linux-gnu/libbsd.so.0.8.7
7f6dccffd000-7f6dccffe000 rw-p 00013000 103:02 22942382                  /lib/x86_64-linux-gnu/libbsd.so.0.8.7
7f6dccffe000-7f6dd0000000 rw-p 00000000 00:00 0 
7f6dd0000000-7f6dd02b9000 rw-p 00000000 00:00 0 
7f6dd02b9000-7f6dd4000000 ---p 00000000 00:00 0 
7f6dd4000000-7f6dd4021000 rw-p 00000000 00:00 0 
7f6dd4021000-7f6dd8000000 ---p 00000000 00:00 0 
7f6dd8000000-7f6dd84f1000 rw-p 00000000 00:00 0 
7f6dd84f1000-7f6ddc000000 ---p 00000000 00:00 0 
7f6ddc000000-7f6ddc4f8000 rw-p 00000000 00:00 0 
7f6ddc4f8000-7f6de0000000 ---p 00000000 00:00 0 
7f6de0000000-7f6de0021000 rw-p 00000000 00:00 0 
7f6de0021000-7f6de4000000 ---p 00000000 00:00 0 
7f6de4000000-7f6de4c02000 rw-p 00000000 00:00 0 
7f6de4c02000-7f6de8000000 ---p 00000000 00:00 0 
7f6de8000000-7f6de8021000 rw-p 00000000 00:00 0 
7f6de8021000-7f6dec000000 ---p 00000000 00:00 0 
7f6dec000000-7f6dec021000 rw-p 00000000 00:00 0 
7f6dec021000-7f6df0000000 ---p 00000000 00:00 0 
7f6df0000000-7f6df0021000 rw-p 00000000 00:00 0 
7f6df0021000-7f6df4000000 ---p 00000000 00:00 0 
7f6df4000000-7f6df4021000 rw-p 00000000 00:00 0 
7f6df4021000-7f6df8000000 ---p 00000000 00:00 0 
7f6df8000000-7f6df8021000 rw-p 00000000 00:00 0 
7f6df8021000-7f6dfc000000 ---p 00000000 00:00 0 
7f6dfc000000-7f6dfc005000 r--s 000a3000 103:02 9839305                   /usr/lib/jvm/java-8-openjdk-amd64/jre/lib/jsse.jar
7f6dfc005000-7f6dfc018000 rw-s 00000000 00:06 581                        /dev/nvidiactl
7f6dfc018000-7f6dfc01d000 r-xp 00000000 103:02 9838055                   /usr/lib/x86_64-linux-gnu/libXdmcp.so.6.0.0
7f6dfc01d000-7f6dfc21c000 ---p 00005000 103:02 9838055                   /usr/lib/x86_64-linux-gnu/libXdmcp.so.6.0.0
7f6dfc21c000-7f6dfc21d000 r--p 00004000 103:02 9838055                   /usr/lib/x86_64-linux-gnu/libXdmcp.so.6.0.0
7f6dfc21d000-7f6dfc21e000 rw-p 00005000 103:02 9838055                   /usr/lib/x86_64-linux-gnu/libXdmcp.so.6.0.0
7f6dfc21e000-7f6dfc220000 r-xp 00000000 103:02 9838044                   /usr/lib/x86_64-linux-gnu/libXau.so.6.0.0
7f6dfc220000-7f6dfc420000 ---p 00002000 103:02 9838044                   /usr/lib/x86_64-linux-gnu/libXau.so.6.0.0
7f6dfc420000-7f6dfc421000 r--p 00002000 103:02 9838044                   /usr/lib/x86_64-linux-gnu/libXau.so.6.0.0
7f6dfc421000-7f6dfc422000 rw-p 00003000 103:02 9838044                   /usr/lib/x86_64-linux-gnu/libXau.so.6.0.0
7f6dfc422000-7f6dfc448000 r-xp 00000000 103:02 9840409                   /usr/lib/x86_64-linux-gnu/libxcb.so.1.1.0
7f6dfc448000-7f6dfc648000 ---p 00026000 103:02 9840409                   /usr/lib/x86_64-linux-gnu/libxcb.so.1.1.0
7f6dfc648000-7f6dfc649000 r--p 00026000 103:02 9840409                   /usr/lib/x86_64-linux-gnu/libxcb.so.1.1.0
7f6dfc649000-7f6dfc64a000 rw-p 00027000 103:02 9840409                   /usr/lib/x86_64-linux-gnu/libxcb.so.1.1.0
7f6dfc64a000-7f6dfc77d000 r-xp 00000000 103:02 9839217                   /usr/lib/x86_64-linux-gnu/libX11.so.6.3.0
7f6dfc77d000-7f6dfc97d000 ---p 00133000 103:02 9839217                   /usr/lib/x86_64-linux-gnu/libX11.so.6.3.0
7f6dfc97d000-7f6dfc97e000 r--p 00133000 103:02 9839217                   /usr/lib/x86_64-linux-gnu/libX11.so.6.3.0
7f6dfc97e000-7f6dfc982000 rw-p 00134000 103:02 9839217                   /usr/lib/x86_64-linux-gnu/libX11.so.6.3.0
7f6dfc985000-7f6dfc989000 r-xp 00000000 00:00 0 
7f6dfc989000-7f6dfc98c000 rw-s 00000000 00:06 581                        /dev/nvidiactl
7f6dfc98c000-7f6dfc98e000 rw-s 00000000 103:02 15728685                  /tmp/.glgPWVWt (deleted)
7f6dfc992000-7f6dfc993000 rw-s 00000000 00:06 582                        /dev/nvidia0
7f6dfc993000-7f6dfc995000 rw-s 00000000 00:06 581                        /dev/nvidiactl
7f6dfc995000-7f6dfc999000 rw-s 00000000 00:06 581                        /dev/nvidiactl
7f6dfc999000-7f6dfc99a000 rw-s 00000000 00:06 582                        /dev/nvidia0
7f6dfc99a000-7f6dfc99b000 rw-s 00000000 00:06 582                        /dev/nvidia0
7f6dfc99b000-7f6dfc99c000 rw-s 00000000 00:06 582                        /dev/nvidia0
7f6dfc99c000-7f6dfc9df000 r-xp 00000000 103:02 15728684                  /tmp/lwjglsam/3.2.3-build-13/libglfw.so
7f6dfc9df000-7f6dfcbde000 ---p 00043000 103:02 15728684                  /tmp/lwjglsam/3.2.3-build-13/libglfw.so
7f6dfcbde000-7f6dfcbdf000 r--p 00042000 103:02 15728684                  /tmp/lwjglsam/3.2.3-build-13/libglfw.so
7f6dfcbdf000-7f6dfcbe1000 rw-p 00043000 103:02 15728684                  /tmp/lwjglsam/3.2.3-build-13/libglfw.so
7f6dfcbe1000-7f6dfcc02000 rw-p 00000000 00:00 0 
7f6dfcc02000-7f6dfcc53000 r-xp 00000000 103:02 15728683                  /tmp/lwjglsam/3.2.3-build-13/liblwjgl.so
7f6dfcc53000-7f6dfce52000 ---p 00051000 103:02 15728683                  /tmp/lwjglsam/3.2.3-build-13/liblwjgl.so
7f6dfce52000-7f6dfce53000 r--p 00050000 103:02 15728683                  /tmp/lwjglsam/3.2.3-build-13/liblwjgl.so
7f6dfce53000-7f6dfce54000 rw-p 00051000 103:02 15728683                  /tmp/lwjglsam/3.2.3-build-13/liblwjgl.so
7f6dfce54000-7f6dfce6a000 r-xp 00000000 103:02 9839031                   /usr/lib/jvm/java-8-openjdk-amd64/jre/lib/amd64/libnet.so
7f6dfce6a000-7f6dfd069000 ---p 00016000 103:02 9839031                   /usr/lib/jvm/java-8-openjdk-amd64/jre/lib/amd64/libnet.so
7f6dfd069000-7f6dfd06a000 r--p 00015000 103:02 9839031                   /usr/lib/jvm/java-8-openjdk-amd64/jre/lib/amd64/libnet.so
7f6dfd06a000-7f6dfd06b000 rw-p 00016000 103:02 9839031                   /usr/lib/jvm/java-8-openjdk-amd64/jre/lib/amd64/libnet.so
7f6dfd06b000-7f6dfd07c000 r-xp 00000000 103:02 9839036                   /usr/lib/jvm/java-8-openjdk-amd64/jre/lib/amd64/libnio.so
7f6dfd07c000-7f6dfd27b000 ---p 00011000 103:02 9839036                   /usr/lib/jvm/java-8-openjdk-amd64/jre/lib/amd64/libnio.so
7f6dfd27b000-7f6dfd27c000 r--p 00010000 103:02 9839036                   /usr/lib/jvm/java-8-openjdk-amd64/jre/lib/amd64/libnio.so
7f6dfd27c000-7f6dfd27d000 rw-p 00011000 103:02 9839036                   /usr/lib/jvm/java-8-openjdk-amd64/jre/lib/amd64/libnio.so
7f6dfd27d000-7f6dfd290000 r--s 00346000 103:02 9839324                   /usr/lib/jvm/java-8-openjdk-amd64/jre/lib/resources.jar
7f6dfd290000-7f6dfd2ab000 r--s 001d6000 103:02 9839212                   /usr/lib/jvm/java-8-openjdk-amd64/jre/lib/ext/nashorn.jar
7f6dfd2ab000-7f6dfd2ac000 ---p 00000000 00:00 0 
7f6dfd2ac000-7f6dfd3ac000 rw-p 00000000 00:00 0 
7f6dfd3ac000-7f6dfd3af000 ---p 00000000 00:00 0 
7f6dfd3af000-7f6dfd4ad000 rw-p 00000000 00:00 0 
7f6dfd4ad000-7f6dfd4ae000 ---p 00000000 00:00 0 
7f6dfd4ae000-7f6dfd4b1000 ---p 00000000 00:00 0 
7f6dfd4b1000-7f6dfd5ae000 rw-p 00000000 00:00 0 
7f6dfd5ae000-7f6dfd5af000 ---p 00000000 00:00 0 
7f6dfd5af000-7f6dfd5b2000 ---p 00000000 00:00 0 
7f6dfd5b2000-7f6dfd6af000 rw-p 00000000 00:00 0 
7f6dfd6af000-7f6dfd6b0000 ---p 00000000 00:00 0 
7f6dfd6b0000-7f6dfd6b3000 ---p 00000000 00:00 0 
7f6dfd6b3000-7f6dfd7b0000 rw-p 00000000 00:00 0 
7f6dfd7b0000-7f6dfd7b1000 ---p 00000000 00:00 0 
7f6dfd7b1000-7f6dfd7b4000 ---p 00000000 00:00 0 
7f6dfd7b4000-7f6dfd8b1000 rw-p 00000000 00:00 0 
7f6dfd8b1000-7f6dfd8b4000 ---p 00000000 00:00 0 
7f6dfd8b4000-7f6dfd9b2000 rw-p 00000000 00:00 0 
7f6dfd9b2000-7f6dfe381000 r--p 00000000 103:02 9837060                   /usr/lib/locale/locale-archive
7f6dfe381000-7f6dfe384000 ---p 00000000 00:00 0 
7f6dfe384000-7f6dfe482000 rw-p 00000000 00:00 0 
7f6dfe482000-7f6dfe485000 ---p 00000000 00:00 0 
7f6dfe485000-7f6dfe583000 rw-p 00000000 00:00 0 
7f6dfe583000-7f6dfe584000 ---p 00000000 00:00 0 
7f6dfe584000-7f6e00000000 rw-p 00000000 00:00 0 
7f6e00000000-7f6e00021000 rw-p 00000000 00:00 0 
7f6e00021000-7f6e04000000 ---p 00000000 00:00 0 
7f6e04000000-7f6e04021000 rw-p 00000000 00:00 0 
7f6e04021000-7f6e08000000 ---p 00000000 00:00 0 
7f6e08000000-7f6e08021000 rw-p 00000000 00:00 0 
7f6e08021000-7f6e0c000000 ---p 00000000 00:00 0 
7f6e0c000000-7f6e0c021000 rw-p 00000000 00:00 0 
7f6e0c021000-7f6e10000000 ---p 00000000 00:00 0 
7f6e10000000-7f6e10021000 rw-p 00000000 00:00 0 
7f6e10021000-7f6e14000000 ---p 00000000 00:00 0 
7f6e14000000-7f6e14021000 rw-p 00000000 00:00 0 
7f6e14021000-7f6e18000000 ---p 00000000 00:00 0 
7f6e18000000-7f6e18021000 rw-p 00000000 00:00 0 
7f6e18021000-7f6e1c000000 ---p 00000000 00:00 0 
7f6e1c000000-7f6e1c001000 rw-s 00000000 00:06 581                        /dev/nvidiactl
7f6e1c001000-7f6e1c002000 rw-s 00000000 00:06 581                        /dev/nvidiactl
7f6e1c002000-7f6e1c003000 rw-s 00000000 00:06 581                        /dev/nvidiactl
7f6e1c003000-7f6e1c00a000 r--s 00000000 103:02 10095718                  /usr/lib/x86_64-linux-gnu/gconv/gconv-modules.cache
7f6e1c00a000-7f6e1c00b000 r--s 00002000 08:01 16253464                   /home/sam/Downloads/pngdecoder-1.0.jar
7f6e1c00b000-7f6e1c00c000 r--s 00022000 08:01 17960234                   /home/sam/Downloads/lwjgl-3.2.3/lwjgl-glfw/lwjgl-glfw-natives-linux-arm64.jar
7f6e1c00c000-7f6e1c00d000 r--s 00026000 08:01 17960235                   /home/sam/Downloads/lwjgl-3.2.3/lwjgl-glfw/lwjgl-glfw-natives-linux.jar
7f6e1c00d000-7f6e1c018000 r--s 000da000 08:01 19795221                   /home/sam/Downloads/lwjgl-3.2.3/lwjgl-opengl/lwjgl-opengl.jar
7f6e1c018000-7f6e2c000000 rw-p 00000000 00:00 0 
7f6e2c000000-7f6e2c021000 rw-p 00000000 00:00 0 
7f6e2c021000-7f6e30000000 ---p 00000000 00:00 0 
7f6e30000000-7f6e30003000 r--s 00018000 08:01 17960240                   /home/sam/Downloads/lwjgl-3.2.3/lwjgl-glfw/lwjgl-glfw.jar
7f6e30003000-7f6e30005000 r--s 0000d000 08:01 19795215                   /home/sam/Downloads/lwjgl-3.2.3/lwjgl-opengl/lwjgl-opengl-natives-linux-arm64.jar
7f6e30005000-7f6e30006000 r--s 00013000 08:01 19795216                   /home/sam/Downloads/lwjgl-3.2.3/lwjgl-opengl/lwjgl-opengl-natives-linux.jar
7f6e30006000-7f6e30007000 r--s 0000c000 08:01 16517972                   /home/sam/Downloads/lwjgl-3.2.3/lwjgl/lwjgl-natives-linux-arm64.jar
7f6e30007000-7f6e3000e000 r--s 00081000 08:01 16518147                   /home/sam/Downloads/lwjgl-3.2.3/lwjgl/lwjgl.jar
7f6e3000e000-7f6e30013000 r--s 0003c000 103:02 9839214                   /usr/lib/jvm/java-8-openjdk-amd64/jre/lib/ext/sunjce_provider.jar
7f6e30013000-7f6e30016000 r--s 00039000 103:02 9839215                   /usr/lib/jvm/java-8-openjdk-amd64/jre/lib/ext/sunpkcs11.jar
7f6e30016000-7f6e302de000 rw-p 00000000 00:00 0 
7f6e302de000-7f6e304ae000 r--s 03c5c000 103:02 9839328                   /usr/lib/jvm/java-8-openjdk-amd64/jre/lib/rt.jar
7f6e304ae000-7f6e31cbe000 rw-p 00000000 00:00 0 
7f6e31cbe000-7f6e31cbf000 ---p 00000000 00:00 0 
7f6e31cbf000-7f6e31dbf000 rw-p 00000000 00:00 0 
7f6e31dbf000-7f6e31dc0000 ---p 00000000 00:00 0 
7f6e31dc0000-7f6e31ec0000 rw-p 00000000 00:00 0 
7f6e31ec0000-7f6e31ec1000 ---p 00000000 00:00 0 
7f6e31ec1000-7f6e31fc1000 rw-p 00000000 00:00 0 
7f6e31fc1000-7f6e31fc2000 ---p 00000000 00:00 0 
7f6e31fc2000-7f6e320c2000 rw-p 00000000 00:00 0 
7f6e320c2000-7f6e320c3000 ---p 00000000 00:00 0 
7f6e320c3000-7f6e321c3000 rw-p 00000000 00:00 0 
7f6e321c3000-7f6e321c4000 ---p 00000000 00:00 0 
7f6e321c4000-7f6e322c4000 rw-p 00000000 00:00 0 
7f6e322c4000-7f6e322c5000 ---p 00000000 00:00 0 
7f6e322c5000-7f6e323c5000 rw-p 00000000 00:00 0 
7f6e323c5000-7f6e323c6000 ---p 00000000 00:00 0 
7f6e323c6000-7f6e324c6000 rw-p 00000000 00:00 0 
7f6e324c6000-7f6e324c7000 ---p 00000000 00:00 0 
7f6e324c7000-7f6e3266e000 rw-p 00000000 00:00 0 
7f6e3266e000-7f6e3302e000 ---p 00000000 00:00 0 
7f6e3302e000-7f6e330d5000 rw-p 00000000 00:00 0 
7f6e330d5000-7f6e33a94000 ---p 00000000 00:00 0 
7f6e33a94000-7f6e33b27000 rw-p 00000000 00:00 0 
7f6e33b27000-7f6e33fc8000 ---p 00000000 00:00 0 
7f6e33fc8000-7f6e33fd9000 rw-p 00000000 00:00 0 
7f6e33fd9000-7f6e34389000 ---p 00000000 00:00 0 
7f6e34389000-7f6e34759000 rwxp 00000000 00:00 0 
7f6e34759000-7f6e43389000 ---p 00000000 00:00 0 
7f6e43389000-7f6e43391000 r-xp 00000000 103:02 9839091                   /usr/lib/jvm/java-8-openjdk-amd64/jre/lib/amd64/libzip.so
7f6e43391000-7f6e43590000 ---p 00008000 103:02 9839091                   /usr/lib/jvm/java-8-openjdk-amd64/jre/lib/amd64/libzip.so
7f6e43590000-7f6e43591000 r--p 00007000 103:02 9839091                   /usr/lib/jvm/java-8-openjdk-amd64/jre/lib/amd64/libzip.so
7f6e43591000-7f6e43592000 rw-p 00008000 103:02 9839091                   /usr/lib/jvm/java-8-openjdk-amd64/jre/lib/amd64/libzip.so
7f6e43592000-7f6e4359d000 r-xp 00000000 103:02 22942476                  /lib/x86_64-linux-gnu/libnss_files-2.27.so
7f6e4359d000-7f6e4379c000 ---p 0000b000 103:02 22942476                  /lib/x86_64-linux-gnu/libnss_files-2.27.so
7f6e4379c000-7f6e4379d000 r--p 0000a000 103:02 22942476                  /lib/x86_64-linux-gnu/libnss_files-2.27.so
7f6e4379d000-7f6e4379e000 rw-p 0000b000 103:02 22942476                  /lib/x86_64-linux-gnu/libnss_files-2.27.so
7f6e4379e000-7f6e437a4000 rw-p 00000000 00:00 0 
7f6e437a4000-7f6e437bb000 r-xp 00000000 103:02 22942470                  /lib/x86_64-linux-gnu/libnsl-2.27.so
7f6e437bb000-7f6e439ba000 ---p 00017000 103:02 22942470                  /lib/x86_64-linux-gnu/libnsl-2.27.so
7f6e439ba000-7f6e439bb000 r--p 00016000 103:02 22942470                  /lib/x86_64-linux-gnu/libnsl-2.27.so
7f6e439bb000-7f6e439bc000 rw-p 00017000 103:02 22942470                  /lib/x86_64-linux-gnu/libnsl-2.27.so
7f6e439bc000-7f6e439be000 rw-p 00000000 00:00 0 
7f6e439be000-7f6e439c9000 r-xp 00000000 103:02 22942487                  /lib/x86_64-linux-gnu/libnss_nis-2.27.so
7f6e439c9000-7f6e43bc8000 ---p 0000b000 103:02 22942487                  /lib/x86_64-linux-gnu/libnss_nis-2.27.so
7f6e43bc8000-7f6e43bc9000 r--p 0000a000 103:02 22942487                  /lib/x86_64-linux-gnu/libnss_nis-2.27.so
7f6e43bc9000-7f6e43bca000 rw-p 0000b000 103:02 22942487                  /lib/x86_64-linux-gnu/libnss_nis-2.27.so
7f6e43bca000-7f6e43bd2000 r-xp 00000000 103:02 22942472                  /lib/x86_64-linux-gnu/libnss_compat-2.27.so
7f6e43bd2000-7f6e43dd2000 ---p 00008000 103:02 22942472                  /lib/x86_64-linux-gnu/libnss_compat-2.27.so
7f6e43dd2000-7f6e43dd3000 r--p 00008000 103:02 22942472                  /lib/x86_64-linux-gnu/libnss_compat-2.27.so
7f6e43dd3000-7f6e43dd4000 rw-p 00009000 103:02 22942472                  /lib/x86_64-linux-gnu/libnss_compat-2.27.so
7f6e43dd4000-7f6e43dfe000 r-xp 00000000 103:02 9838982                   /usr/lib/jvm/java-8-openjdk-amd64/jre/lib/amd64/libjava.so
7f6e43dfe000-7f6e43ffd000 ---p 0002a000 103:02 9838982                   /usr/lib/jvm/java-8-openjdk-amd64/jre/lib/amd64/libjava.so
7f6e43ffd000-7f6e43ffe000 r--p 00029000 103:02 9838982                   /usr/lib/jvm/java-8-openjdk-amd64/jre/lib/amd64/libjava.so
7f6e43ffe000-7f6e44000000 rw-p 0002a000 103:02 9838982                   /usr/lib/jvm/java-8-openjdk-amd64/jre/lib/amd64/libjava.so
7f6e44000000-7f6e45878000 rw-p 00000000 00:00 0 
7f6e45878000-7f6e48000000 ---p 00000000 00:00 0 
7f6e48000000-7f6e48001000 r--s 00012000 08:01 16517973                   /home/sam/Downloads/lwjgl-3.2.3/lwjgl/lwjgl-natives-linux.jar
7f6e48001000-7f6e48004000 r--s 0000f000 103:02 9839204                   /usr/lib/jvm/java-8-openjdk-amd64/jre/lib/ext/icedtea-sound.jar
7f6e48004000-7f6e480ad000 rw-p 00000000 00:00 0 
7f6e480ad000-7f6e480ae000 ---p 00000000 00:00 0 
7f6e480ae000-7f6e481ae000 rw-p 00000000 00:00 0 
7f6e481ae000-7f6e481be000 r-xp 00000000 103:02 9839073                   /usr/lib/jvm/java-8-openjdk-amd64/jre/lib/amd64/libverify.so
7f6e481be000-7f6e483bd000 ---p 00010000 103:02 9839073                   /usr/lib/jvm/java-8-openjdk-amd64/jre/lib/amd64/libverify.so
7f6e483bd000-7f6e483bf000 r--p 0000f000 103:02 9839073                   /usr/lib/jvm/java-8-openjdk-amd64/jre/lib/amd64/libverify.so
7f6e483bf000-7f6e483c0000 rw-p 00011000 103:02 9839073                   /usr/lib/jvm/java-8-openjdk-amd64/jre/lib/amd64/libverify.so
7f6e483c0000-7f6e483c7000 r-xp 00000000 103:02 22942527                  /lib/x86_64-linux-gnu/librt-2.27.so
7f6e483c7000-7f6e485c6000 ---p 00007000 103:02 22942527                  /lib/x86_64-linux-gnu/librt-2.27.so
7f6e485c6000-7f6e485c7000 r--p 00006000 103:02 22942527                  /lib/x86_64-linux-gnu/librt-2.27.so
7f6e485c7000-7f6e485c8000 rw-p 00007000 103:02 22942527                  /lib/x86_64-linux-gnu/librt-2.27.so
7f6e485c8000-7f6e485df000 r-xp 00000000 103:02 22937606                  /lib/x86_64-linux-gnu/libgcc_s.so.1
7f6e485df000-7f6e487de000 ---p 00017000 103:02 22937606                  /lib/x86_64-linux-gnu/libgcc_s.so.1
7f6e487de000-7f6e487df000 r--p 00016000 103:02 22937606                  /lib/x86_64-linux-gnu/libgcc_s.so.1
7f6e487df000-7f6e487e0000 rw-p 00017000 103:02 22937606                  /lib/x86_64-linux-gnu/libgcc_s.so.1
7f6e487e0000-7f6e4897d000 r-xp 00000000 103:02 22942449                  /lib/x86_64-linux-gnu/libm-2.27.so
7f6e4897d000-7f6e48b7c000 ---p 0019d000 103:02 22942449                  /lib/x86_64-linux-gnu/libm-2.27.so
7f6e48b7c000-7f6e48b7d000 r--p 0019c000 103:02 22942449                  /lib/x86_64-linux-gnu/libm-2.27.so
7f6e48b7d000-7f6e48b7e000 rw-p 0019d000 103:02 22942449                  /lib/x86_64-linux-gnu/libm-2.27.so
7f6e48b7e000-7f6e48cf7000 r-xp 00000000 103:02 9830530                   /usr/lib/x86_64-linux-gnu/libstdc++.so.6.0.25
7f6e48cf7000-7f6e48ef7000 ---p 00179000 103:02 9830530                   /usr/lib/x86_64-linux-gnu/libstdc++.so.6.0.25
7f6e48ef7000-7f6e48f01000 r--p 00179000 103:02 9830530                   /usr/lib/x86_64-linux-gnu/libstdc++.so.6.0.25
7f6e48f01000-7f6e48f03000 rw-p 00183000 103:02 9830530                   /usr/lib/x86_64-linux-gnu/libstdc++.so.6.0.25
7f6e48f03000-7f6e48f07000 rw-p 00000000 00:00 0 
7f6e48f07000-7f6e49ba6000 r-xp 00000000 103:02 9839139                   /usr/lib/jvm/java-8-openjdk-amd64/jre/lib/amd64/server/libjvm.so
7f6e49ba6000-7f6e49da6000 ---p 00c9f000 103:02 9839139                   /usr/lib/jvm/java-8-openjdk-amd64/jre/lib/amd64/server/libjvm.so
7f6e49da6000-7f6e49e3a000 r--p 00c9f000 103:02 9839139                   /usr/lib/jvm/java-8-openjdk-amd64/jre/lib/amd64/server/libjvm.so
7f6e49e3a000-7f6e49e63000 rw-p 00d33000 103:02 9839139                   /usr/lib/jvm/java-8-openjdk-amd64/jre/lib/amd64/server/libjvm.so
7f6e49e63000-7f6e49e93000 rw-p 00000000 00:00 0 
7f6e49e93000-7f6e49ead000 r-xp 00000000 103:02 22942519                  /lib/x86_64-linux-gnu/libpthread-2.27.so
7f6e49ead000-7f6e4a0ac000 ---p 0001a000 103:02 22942519                  /lib/x86_64-linux-gnu/libpthread-2.27.so
7f6e4a0ac000-7f6e4a0ad000 r--p 00019000 103:02 22942519                  /lib/x86_64-linux-gnu/libpthread-2.27.so
7f6e4a0ad000-7f6e4a0ae000 rw-p 0001a000 103:02 22942519                  /lib/x86_64-linux-gnu/libpthread-2.27.so
7f6e4a0ae000-7f6e4a0b2000 rw-p 00000000 00:00 0 
7f6e4a0b2000-7f6e4a0b5000 r-xp 00000000 103:02 22942409                  /lib/x86_64-linux-gnu/libdl-2.27.so
7f6e4a0b5000-7f6e4a2b4000 ---p 00003000 103:02 22942409                  /lib/x86_64-linux-gnu/libdl-2.27.so
7f6e4a2b4000-7f6e4a2b5000 r--p 00002000 103:02 22942409                  /lib/x86_64-linux-gnu/libdl-2.27.so
7f6e4a2b5000-7f6e4a2b6000 rw-p 00003000 103:02 22942409                  /lib/x86_64-linux-gnu/libdl-2.27.so
7f6e4a2b6000-7f6e4a2d2000 r-xp 00000000 103:02 22942558                  /lib/x86_64-linux-gnu/libz.so.1.2.11
7f6e4a2d2000-7f6e4a4d1000 ---p 0001c000 103:02 22942558                  /lib/x86_64-linux-gnu/libz.so.1.2.11
7f6e4a4d1000-7f6e4a4d2000 r--p 0001b000 103:02 22942558                  /lib/x86_64-linux-gnu/libz.so.1.2.11
7f6e4a4d2000-7f6e4a4d3000 rw-p 0001c000 103:02 22942558                  /lib/x86_64-linux-gnu/libz.so.1.2.11
7f6e4a4d3000-7f6e4a6ba000 r-xp 00000000 103:02 22942386                  /lib/x86_64-linux-gnu/libc-2.27.so
7f6e4a6ba000-7f6e4a8ba000 ---p 001e7000 103:02 22942386                  /lib/x86_64-linux-gnu/libc-2.27.so
7f6e4a8ba000-7f6e4a8be000 r--p 001e7000 103:02 22942386                  /lib/x86_64-linux-gnu/libc-2.27.so
7f6e4a8be000-7f6e4a8c0000 rw-p 001eb000 103:02 22942386                  /lib/x86_64-linux-gnu/libc-2.27.so
7f6e4a8c0000-7f6e4a8c4000 rw-p 00000000 00:00 0 
7f6e4a8c4000-7f6e4a8d2000 r-xp 00000000 103:02 9838942                   /usr/lib/jvm/java-8-openjdk-amd64/jre/lib/amd64/jli/libjli.so
7f6e4a8d2000-7f6e4aad1000 ---p 0000e000 103:02 9838942                   /usr/lib/jvm/java-8-openjdk-amd64/jre/lib/amd64/jli/libjli.so
7f6e4aad1000-7f6e4aad2000 r--p 0000d000 103:02 9838942                   /usr/lib/jvm/java-8-openjdk-amd64/jre/lib/amd64/jli/libjli.so
7f6e4aad2000-7f6e4aad3000 rw-p 0000e000 103:02 9838942                   /usr/lib/jvm/java-8-openjdk-amd64/jre/lib/amd64/jli/libjli.so
7f6e4aad3000-7f6e4aafa000 r-xp 00000000 103:02 22942358                  /lib/x86_64-linux-gnu/ld-2.27.so
7f6e4aafa000-7f6e4aafb000 r--s 0000a000 103:02 9839205                   /usr/lib/jvm/java-8-openjdk-amd64/jre/lib/ext/jaccess.jar
7f6e4aafb000-7f6e4ab16000 r--s 00394000 103:02 9839202                   /usr/lib/jvm/java-8-openjdk-amd64/jre/lib/ext/cldrdata.jar
7f6e4ab16000-7f6e4abdb000 rw-p 00000000 00:00 0 
7f6e4abdb000-7f6e4abdc000 ---p 00000000 00:00 0 
7f6e4abdc000-7f6e4abdf000 ---p 00000000 00:00 0 
7f6e4abdf000-7f6e4acde000 rw-p 00000000 00:00 0 
7f6e4acde000-7f6e4ace0000 r--s 00001000 103:02 9839203                   /usr/lib/jvm/java-8-openjdk-amd64/jre/lib/ext/dnsns.jar
7f6e4ace0000-7f6e4acea000 r--s 00116000 103:02 9839206                   /usr/lib/jvm/java-8-openjdk-amd64/jre/lib/ext/localedata.jar
7f6e4acea000-7f6e4acec000 r--s 00007000 103:02 10224650                  /usr/share/java/java-atk-wrapper.jar
7f6e4acec000-7f6e4aced000 r--s 0000d000 103:02 9839213                   /usr/lib/jvm/java-8-openjdk-amd64/jre/lib/ext/sunec.jar
7f6e4aced000-7f6e4acee000 r--s 00010000 103:02 9839216                   /usr/lib/jvm/java-8-openjdk-amd64/jre/lib/ext/zipfs.jar
7f6e4acee000-7f6e4acf6000 rw-s 00000000 103:02 15728654                  /tmp/hsperfdata_sam/4983
7f6e4acf6000-7f6e4acf7000 rw-p 00000000 00:00 0 
7f6e4acf7000-7f6e4acf8000 r--p 00000000 00:00 0 
7f6e4acf8000-7f6e4acfa000 rw-p 00000000 00:00 0 
7f6e4acfa000-7f6e4acfb000 r--p 00027000 103:02 22942358                  /lib/x86_64-linux-gnu/ld-2.27.so
7f6e4acfb000-7f6e4acfc000 rw-p 00028000 103:02 22942358                  /lib/x86_64-linux-gnu/ld-2.27.so
7f6e4acfc000-7f6e4acfd000 rw-p 00000000 00:00 0 
7ffd1ebf2000-7ffd1ec13000 rw-p 00000000 00:00 0                          [stack]
7ffd1ecff000-7ffd1ed02000 r--p 00000000 00:00 0                          [vvar]
7ffd1ed02000-7ffd1ed03000 r-xp 00000000 00:00 0                          [vdso]
ffffffffff600000-ffffffffff601000 --xp 00000000 00:00 0                  [vsyscall]

VM Arguments:
jvm_args: -Dfile.encoding=UTF-8 
java_command: main.Main
java_class_path (initial): /home/sam/Downloads/lwjgl-3.2.3/lwjgl/lwjgl.jar:/home/sam/Downloads/lwjgl-3.2.3/lwjgl/lwjgl-natives-linux.jar:/home/sam/Downloads/lwjgl-3.2.3/lwjgl/lwjgl-natives-linux-arm64.jar:/home/sam/Downloads/lwjgl-3.2.3/lwjgl-opengl/lwjgl-opengl.jar:/home/sam/Downloads/lwjgl-3.2.3/lwjgl-opengl/lwjgl-opengl-natives-linux.jar:/home/sam/Downloads/lwjgl-3.2.3/lwjgl-opengl/lwjgl-opengl-natives-linux-arm64.jar:/home/sam/Downloads/lwjgl-3.2.3/lwjgl-glfw/lwjgl-glfw.jar:/home/sam/Downloads/lwjgl-3.2.3/lwjgl-glfw/lwjgl-glfw-natives-linux.jar:/home/sam/Downloads/lwjgl-3.2.3/lwjgl-glfw/lwjgl-glfw-natives-linux-arm64.jar:/home/sam/Downloads/pngdecoder-1.0.jar:/home/sam/eclipse/workspace/LWJGL-ENGINE/bin
Launcher Type: SUN_STANDARD

Environment Variables:
PATH=/usr/local/sbin:/usr/local/bin:/usr/sbin:/usr/bin:/sbin:/bin:/usr/games:/usr/local/games:/snap/bin
USERNAME=sam
SHELL=/bin/bash
DISPLAY=:0

Signal Handlers:
SIGSEGV: [libjvm.so+0xab92f0], sa_mask[0]=11111111011111111101111111111110, sa_flags=SA_RESTART|SA_SIGINFO
SIGBUS: [libjvm.so+0xab92f0], sa_mask[0]=11111111011111111101111111111110, sa_flags=SA_RESTART|SA_SIGINFO
SIGFPE: [libjvm.so+0x8ee560], sa_mask[0]=11111111011111111101111111111110, sa_flags=SA_RESTART|SA_SIGINFO
SIGPIPE: [libjvm.so+0x8ee560], sa_mask[0]=11111111011111111101111111111110, sa_flags=SA_RESTART|SA_SIGINFO
SIGXFSZ: [libjvm.so+0x8ee560], sa_mask[0]=11111111011111111101111111111110, sa_flags=SA_RESTART|SA_SIGINFO
SIGILL: [libjvm.so+0x8ee560], sa_mask[0]=11111111011111111101111111111110, sa_flags=SA_RESTART|SA_SIGINFO
SIGUSR1: SIG_DFL, sa_mask[0]=00000000000000000000000000000000, sa_flags=none
SIGUSR2: [libjvm.so+0x8ee410], sa_mask[0]=00100000000000000000000000000000, sa_flags=SA_RESTART|SA_SIGINFO
SIGHUP: [libjvm.so+0x8eea80], sa_mask[0]=11111111011111111101111111111110, sa_flags=SA_RESTART|SA_SIGINFO
SIGINT: [libjvm.so+0x8eea80], sa_mask[0]=11111111011111111101111111111110, sa_flags=SA_RESTART|SA_SIGINFO
SIGTERM: [libjvm.so+0x8eea80], sa_mask[0]=11111111011111111101111111111110, sa_flags=SA_RESTART|SA_SIGINFO
SIGQUIT: [libjvm.so+0x8eea80], sa_mask[0]=11111111011111111101111111111110, sa_flags=SA_RESTART|SA_SIGINFO


---------------  S Y S T E M  ---------------

OS:DISTRIB_ID=Ubuntu
DISTRIB_RELEASE=18.04
DISTRIB_CODENAME=bionic
DISTRIB_DESCRIPTION="Ubuntu 18.04.3 LTS"

uname:Linux 5.3.0-23-generic #25~18.04.2-Ubuntu SMP Thu Nov 21 22:27:50 UTC 2019 x86_64
libc:glibc 2.27 NPTL 2.27 
rlimit: STACK 8192k, CORE 0k, NPROC 127594, NOFILE 1048576, AS infinity
load average:0.45 0.72 0.87

/proc/meminfo:
MemTotal:       32713520 kB
MemFree:        26550044 kB
MemAvailable:   28446788 kB
Buffers:          425772 kB
Cached:          1996796 kB
SwapCached:            0 kB
Active:          4557552 kB
Inactive:        1026272 kB
Active(anon):    3203216 kB
Inactive(anon):   220804 kB
Active(file):    1354336 kB
Inactive(file):   805468 kB
Unevictable:       40872 kB
Mlocked:             320 kB
SwapTotal:       2097148 kB
SwapFree:        2097148 kB
Dirty:               252 kB
Writeback:             0 kB
AnonPages:       3202468 kB
Mapped:           629812 kB
Shmem:            262772 kB
KReclaimable:     206516 kB
Slab:             298072 kB
SReclaimable:     206516 kB
SUnreclaim:        91556 kB
KernelStack:       17536 kB
PageTables:        63980 kB
NFS_Unstable:          0 kB
Bounce:                0 kB
WritebackTmp:          0 kB
CommitLimit:    18453908 kB
Committed_AS:   10456280 kB
VmallocTotal:   34359738367 kB
VmallocUsed:       61156 kB
VmallocChunk:          0 kB
Percpu:             6144 kB
HardwareCorrupted:     0 kB
AnonHugePages:         0 kB
ShmemHugePages:        0 kB
ShmemPmdMapped:        0 kB
CmaTotal:              0 kB
CmaFree:               0 kB
HugePages_Total:       0
HugePages_Free:        0
HugePages_Rsvd:        0
HugePages_Surp:        0
Hugepagesize:       2048 kB
Hugetlb:               0 kB
DirectMap4k:      381600 kB
DirectMap2M:     8882176 kB
DirectMap1G:    24117248 kB

container (cgroup) information:
container_type: cgroupv1
cpu_cpuset_cpus: 0-11
cpu_memory_nodes: 0
active_processor_count: 12
cpu_quota: -1
cpu_period: 100000
cpu_shares: -1
memory_limit_in_bytes: -1
memory_and_swap_limit_in_bytes: -2
memory_soft_limit_in_bytes: -1
memory_usage_in_bytes: 5759455232
memory_max_usage_in_bytes: 0


CPU:total 12 (initial active 12) (6 cores per cpu, 2 threads per core) family 6 model 158 stepping 10, cmov, cx8, fxsr, mmx, sse, sse2, sse3, ssse3, sse4.1, sse4.2, popcnt, avx, avx2, aes, clmul, erms, 3dnowpref, lzcnt, ht, tsc, tscinvbit, bmi1, bmi2, adx

/proc/cpuinfo:
processor	: 0
vendor_id	: GenuineIntel
cpu family	: 6
model		: 158
model name	: Intel(R) Core(TM) i7-8750H CPU @ 2.20GHz
stepping	: 10
microcode	: 0xca
cpu MHz		: 3900.027
cache size	: 9216 KB
physical id	: 0
siblings	: 12
core id		: 0
cpu cores	: 6
apicid		: 0
initial apicid	: 0
fpu		: yes
fpu_exception	: yes
cpuid level	: 22
wp		: yes
flags		: fpu vme de pse tsc msr pae mce cx8 apic sep mtrr pge mca cmov pat pse36 clflush dts acpi mmx fxsr sse sse2 ss ht tm pbe syscall nx pdpe1gb rdtscp lm constant_tsc art arch_perfmon pebs bts rep_good nopl xtopology nonstop_tsc cpuid aperfmperf pni pclmulqdq dtes64 monitor ds_cpl vmx est tm2 ssse3 sdbg fma cx16 xtpr pdcm pcid sse4_1 sse4_2 x2apic movbe popcnt tsc_deadline_timer aes xsave avx f16c rdrand lahf_lm abm 3dnowprefetch cpuid_fault epb invpcid_single pti ssbd ibrs ibpb stibp tpr_shadow vnmi flexpriority ept vpid ept_ad fsgsbase tsc_adjust bmi1 avx2 smep bmi2 erms invpcid mpx rdseed adx smap clflushopt intel_pt xsaveopt xsavec xgetbv1 xsaves dtherm ida arat pln pts hwp hwp_notify hwp_act_window hwp_epp md_clear flush_l1d
bugs		: cpu_meltdown spectre_v1 spectre_v2 spec_store_bypass l1tf mds swapgs itlb_multihit
bogomips	: 4399.99
clflush size	: 64
cache_alignment	: 64
address sizes	: 39 bits physical, 48 bits virtual
power management:

processor	: 1
vendor_id	: GenuineIntel
cpu family	: 6
model		: 158
model name	: Intel(R) Core(TM) i7-8750H CPU @ 2.20GHz
stepping	: 10
microcode	: 0xca
cpu MHz		: 3899.999
cache size	: 9216 KB
physical id	: 0
siblings	: 12
core id		: 1
cpu cores	: 6
apicid		: 2
initial apicid	: 2
fpu		: yes
fpu_exception	: yes
cpuid level	: 22
wp		: yes
flags		: fpu vme de pse tsc msr pae mce cx8 apic sep mtrr pge mca cmov pat pse36 clflush dts acpi mmx fxsr sse sse2 ss ht tm pbe syscall nx pdpe1gb rdtscp lm constant_tsc art arch_perfmon pebs bts rep_good nopl xtopology nonstop_tsc cpuid aperfmperf pni pclmulqdq dtes64 monitor ds_cpl vmx est tm2 ssse3 sdbg fma cx16 xtpr pdcm pcid sse4_1 sse4_2 x2apic movbe popcnt tsc_deadline_timer aes xsave avx f16c rdrand lahf_lm abm 3dnowprefetch cpuid_fault epb invpcid_single pti ssbd ibrs ibpb stibp tpr_shadow vnmi flexpriority ept vpid ept_ad fsgsbase tsc_adjust bmi1 avx2 smep bmi2 erms invpcid mpx rdseed adx smap clflushopt intel_pt xsaveopt xsavec xgetbv1 xsaves dtherm ida arat pln pts hwp hwp_notify hwp_act_window hwp_epp md_clear flush_l1d
bugs		: cpu_meltdown spectre_v1 spectre_v2 spec_store_bypass l1tf mds swapgs itlb_multihit
bogomips	: 4399.99
clflush size	: 64
cache_alignment	: 64
address sizes	: 39 bits physical, 48 bits virtual
power management:

processor	: 2
vendor_id	: GenuineIntel
cpu family	: 6
model		: 158
model name	: Intel(R) Core(TM) i7-8750H CPU @ 2.20GHz
stepping	: 10
microcode	: 0xca
cpu MHz		: 3900.634
cache size	: 9216 KB
physical id	: 0
siblings	: 12
core id		: 2
cpu cores	: 6
apicid		: 4
initial apicid	: 4
fpu		: yes
fpu_exception	: yes
cpuid level	: 22
wp		: yes
flags		: fpu vme de pse tsc msr pae mce cx8 apic sep mtrr pge mca cmov pat pse36 clflush dts acpi mmx fxsr sse sse2 ss ht tm pbe syscall nx pdpe1gb rdtscp lm constant_tsc art arch_perfmon pebs bts rep_good nopl xtopology nonstop_tsc cpuid aperfmperf pni pclmulqdq dtes64 monitor ds_cpl vmx est tm2 ssse3 sdbg fma cx16 xtpr pdcm pcid sse4_1 sse4_2 x2apic movbe popcnt tsc_deadline_timer aes xsave avx f16c rdrand lahf_lm abm 3dnowprefetch cpuid_fault epb invpcid_single pti ssbd ibrs ibpb stibp tpr_shadow vnmi flexpriority ept vpid ept_ad fsgsbase tsc_adjust bmi1 avx2 smep bmi2 erms invpcid mpx rdseed adx smap clflushopt intel_pt xsaveopt xsavec xgetbv1 xsaves dtherm ida arat pln pts hwp hwp_notify hwp_act_window hwp_epp md_clear flush_l1d
bugs		: cpu_meltdown spectre_v1 spectre_v2 spec_store_bypass l1tf mds swapgs itlb_multihit
bogomips	: 4399.99
clflush size	: 64
cache_alignment	: 64
address sizes	: 39 bits physical, 48 bits virtual
power management:

processor	: 3
vendor_id	: GenuineIntel
cpu family	: 6
model		: 158
model name	: Intel(R) Core(TM) i7-8750H CPU @ 2.20GHz
stepping	: 10
microcode	: 0xca
cpu MHz		: 3900.638
cache size	: 9216 KB
physical id	: 0
siblings	: 12
core id		: 3
cpu cores	: 6
apicid		: 6
initial apicid	: 6
fpu		: yes
fpu_exception	: yes
cpuid level	: 22
wp		: yes
flags		: fpu vme de pse tsc msr pae mce cx8 apic sep mtrr pge mca cmov pat pse36 clflush dts acpi mmx fxsr sse sse2 ss ht tm pbe syscall nx pdpe1gb rdtscp lm constant_tsc art arch_perfmon pebs bts rep_good nopl xtopology nonstop_tsc cpuid aperfmperf pni pclmulqdq dtes64 monitor ds_cpl vmx est tm2 ssse3 sdbg fma cx16 xtpr pdcm pcid sse4_1 sse4_2 x2apic movbe popcnt tsc_deadline_timer aes xsave avx f16c rdrand lahf_lm abm 3dnowprefetch cpuid_fault epb invpcid_single pti ssbd ibrs ibpb stibp tpr_shadow vnmi flexpriority ept vpid ept_ad fsgsbase tsc_adjust bmi1 avx2 smep bmi2 erms invpcid mpx rdseed adx smap clflushopt intel_pt xsaveopt xsavec xgetbv1 xsaves dtherm ida arat pln pts hwp hwp_notify hwp_act_window hwp_epp md_clear flush_l1d
bugs		: cpu_meltdown spectre_v1 spectre_v2 spec_store_bypass l1tf mds swapgs itlb_multihit
bogomips	: 4399.99
clflush size	: 64
cache_alignment	: 64
address sizes	: 39 bits physical, 48 bits virtual
power management:

processor	: 4
vendor_id	: GenuineIntel
cpu family	: 6
model		: 158
model name	: Intel(R) Core(TM) i7-8750H CPU @ 2.20GHz
stepping	: 10
microcode	: 0xca
cpu MHz		: 3899.948
cache size	: 9216 KB
physical id	: 0
siblings	: 12
core id		: 4
cpu cores	: 6
apicid		: 8
initial apicid	: 8
fpu		: yes
fpu_exception	: yes
cpuid level	: 22
wp		: yes
flags		: fpu vme de pse tsc msr pae mce cx8 apic sep mtrr pge mca cmov pat pse36 clflush dts acpi mmx fxsr sse sse2 ss ht tm pbe syscall nx pdpe1gb rdtscp lm constant_tsc art arch_perfmon pebs bts rep_good nopl xtopology nonstop_tsc cpuid aperfmperf pni pclmulqdq dtes64 monitor ds_cpl vmx est tm2 ssse3 sdbg fma cx16 xtpr pdcm pcid sse4_1 sse4_2 x2apic movbe popcnt tsc_deadline_timer aes xsave avx f16c rdrand lahf_lm abm 3dnowprefetch cpuid_fault epb invpcid_single pti ssbd ibrs ibpb stibp tpr_shadow vnmi flexpriority ept vpid ept_ad fsgsbase tsc_adjust bmi1 avx2 smep bmi2 erms invpcid mpx rdseed adx smap clflushopt intel_pt xsaveopt xsavec xgetbv1 xsaves dtherm ida arat pln pts hwp hwp_notify hwp_act_window hwp_epp md_clear flush_l1d
bugs		: cpu_meltdown spectre_v1 spectre_v2 spec_store_bypass l1tf mds swapgs itlb_multihit
bogomips	: 4399.99
clflush size	: 64
cache_alignment	: 64
address sizes	: 39 bits physical, 48 bits virtual
power management:

processor	: 5
vendor_id	: GenuineIntel
cpu family	: 6
model		: 158
model name	: Intel(R) Core(TM) i7-8750H CPU @ 2.20GHz
stepping	: 10
microcode	: 0xca
cpu MHz		: 3903.441
cache size	: 9216 KB
physical id	: 0
siblings	: 12
core id		: 5
cpu cores	: 6
apicid		: 10
initial apicid	: 10
fpu		: yes
fpu_exception	: yes
cpuid level	: 22
wp		: yes
flags		: fpu vme de pse tsc msr pae mce cx8 apic sep mtrr pge mca cmov pat pse36 clflush dts acpi mmx fxsr sse sse2 ss ht tm pbe syscall nx pdpe1gb rdtscp lm constant_tsc art arch_perfmon pebs bts rep_good nopl xtopology nonstop_tsc cpuid aperfmperf pni pclmulqdq dtes64 monitor ds_cpl vmx est tm2 ssse3 sdbg fma cx16 xtpr pdcm pcid sse4_1 sse4_2 x2apic movbe popcnt tsc_deadline_timer aes xsave avx f16c rdrand lahf_lm abm 3dnowprefetch cpuid_fault epb invpcid_single pti ssbd ibrs ibpb stibp tpr_shadow vnmi flexpriority ept vpid ept_ad fsgsbase tsc_adjust bmi1 avx2 smep bmi2 erms invpcid mpx rdseed adx smap clflushopt intel_pt xsaveopt xsavec xgetbv1 xsaves dtherm ida arat pln pts hwp hwp_notify hwp_act_window hwp_epp md_clear flush_l1d
bugs		: cpu_meltdown spectre_v1 spectre_v2 spec_store_bypass l1tf mds swapgs itlb_multihit
bogomips	: 4399.99
clflush size	: 64
cache_alignment	: 64
address sizes	: 39 bits physical, 48 bits virtual
power management:

processor	: 6
vendor_id	: GenuineIntel
cpu family	: 6
model		: 158
model name	: Intel(R) Core(TM) i7-8750H CPU @ 2.20GHz
stepping	: 10
microcode	: 0xca
cpu MHz		: 3900.004
cache size	: 9216 KB
physical id	: 0
siblings	: 12
core id		: 0
cpu cores	: 6
apicid		: 1
initial apicid	: 1
fpu		: yes
fpu_exception	: yes
cpuid level	: 22
wp		: yes
flags		: fpu vme de pse tsc msr pae mce cx8 apic sep mtrr pge mca cmov pat pse36 clflush dts acpi mmx fxsr sse sse2 ss ht tm pbe syscall nx pdpe1gb rdtscp lm constant_tsc art arch_perfmon pebs bts rep_good nopl xtopology nonstop_tsc cpuid aperfmperf pni pclmulqdq dtes64 monitor ds_cpl vmx est tm2 ssse3 sdbg fma cx16 xtpr pdcm pcid sse4_1 sse4_2 x2apic movbe popcnt tsc_deadline_timer aes xsave avx f16c rdrand lahf_lm abm 3dnowprefetch cpuid_fault epb invpcid_single pti ssbd ibrs ibpb stibp tpr_shadow vnmi flexpriority ept vpid ept_ad fsgsbase tsc_adjust bmi1 avx2 smep bmi2 erms invpcid mpx rdseed adx smap clflushopt intel_pt xsaveopt xsavec xgetbv1 xsaves dtherm ida arat pln pts hwp hwp_notify hwp_act_window hwp_epp md_clear flush_l1d
bugs		: cpu_meltdown spectre_v1 spectre_v2 spec_store_bypass l1tf mds swapgs itlb_multihit
bogomips	: 4399.99
clflush size	: 64
cache_alignment	: 64
address sizes	: 39 bits physical, 48 bits virtual
power management:

processor	: 7
vendor_id	: GenuineIntel
cpu family	: 6
model		: 158
model name	: Intel(R) Core(TM) i7-8750H CPU @ 2.20GHz
stepping	: 10
microcode	: 0xca
cpu MHz		: 3900.030
cache size	: 9216 KB
physical id	: 0
siblings	: 12
core id		: 1
cpu cores	: 6
apicid		: 3
initial apicid	: 3
fpu		: yes
fpu_exception	: yes
cpuid level	: 22
wp		: yes
flags		: fpu vme de pse tsc msr pae mce cx8 apic sep mtrr pge mca cmov pat pse36 clflush dts acpi mmx fxsr sse sse2 ss ht tm pbe syscall nx pdpe1gb rdtscp lm constant_tsc art arch_perfmon pebs bts rep_good nopl xtopology nonstop_tsc cpuid aperfmperf pni pclmulqdq dtes64 monitor ds_cpl vmx est tm2 ssse3 sdbg fma cx16 xtpr pdcm pcid sse4_1 sse4_2 x2apic movbe popcnt tsc_deadline_timer aes xsave avx f16c rdrand lahf_lm abm 3dnowprefetch cpuid_fault epb invpcid_single pti ssbd ibrs ibpb stibp tpr_shadow vnmi flexpriority ept vpid ept_ad fsgsbase tsc_adjust bmi1 avx2 smep bmi2 erms invpcid mpx rdseed adx smap clflushopt intel_pt xsaveopt xsavec xgetbv1 xsaves dtherm ida arat pln pts hwp hwp_notify hwp_act_window hwp_epp md_clear flush_l1d
bugs		: cpu_meltdown spectre_v1 spectre_v2 spec_store_bypass l1tf mds swapgs itlb_multihit
bogomips	: 4399.99
clflush size	: 64
cache_alignment	: 64
address sizes	: 39 bits physical, 48 bits virtual
power management:

processor	: 8
vendor_id	: GenuineIntel
cpu family	: 6
model		: 158
model name	: Intel(R) Core(TM) i7-8750H CPU @ 2.20GHz
stepping	: 10
microcode	: 0xca
cpu MHz		: 3900.030
cache size	: 9216 KB
physical id	: 0
siblings	: 12
core id		: 2
cpu cores	: 6
apicid		: 5
initial apicid	: 5
fpu		: yes
fpu_exception	: yes
cpuid level	: 22
wp		: yes
flags		: fpu vme de pse tsc msr pae mce cx8 apic sep mtrr pge mca cmov pat pse36 clflush dts acpi mmx fxsr sse sse2 ss ht tm pbe syscall nx pdpe1gb rdtscp lm constant_tsc art arch_perfmon pebs bts rep_good nopl xtopology nonstop_tsc cpuid aperfmperf pni pclmulqdq dtes64 monitor ds_cpl vmx est tm2 ssse3 sdbg fma cx16 xtpr pdcm pcid sse4_1 sse4_2 x2apic movbe popcnt tsc_deadline_timer aes xsave avx f16c rdrand lahf_lm abm 3dnowprefetch cpuid_fault epb invpcid_single pti ssbd ibrs ibpb stibp tpr_shadow vnmi flexpriority ept vpid ept_ad fsgsbase tsc_adjust bmi1 avx2 smep bmi2 erms invpcid mpx rdseed adx smap clflushopt intel_pt xsaveopt xsavec xgetbv1 xsaves dtherm ida arat pln pts hwp hwp_notify hwp_act_window hwp_epp md_clear flush_l1d
bugs		: cpu_meltdown spectre_v1 spectre_v2 spec_store_bypass l1tf mds swapgs itlb_multihit
bogomips	: 4399.99
clflush size	: 64
cache_alignment	: 64
address sizes	: 39 bits physical, 48 bits virtual
power management:

processor	: 9
vendor_id	: GenuineIntel
cpu family	: 6
model		: 158
model name	: Intel(R) Core(TM) i7-8750H CPU @ 2.20GHz
stepping	: 10
microcode	: 0xca
cpu MHz		: 3903.999
cache size	: 9216 KB
physical id	: 0
siblings	: 12
core id		: 3
cpu cores	: 6
apicid		: 7
initial apicid	: 7
fpu		: yes
fpu_exception	: yes
cpuid level	: 22
wp		: yes
flags		: fpu vme de pse tsc msr pae mce cx8 apic sep mtrr pge mca cmov pat pse36 clflush dts acpi mmx fxsr sse sse2 ss ht tm pbe syscall nx pdpe1gb rdtscp lm constant_tsc art arch_perfmon pebs bts rep_good nopl xtopology nonstop_tsc cpuid aperfmperf pni pclmulqdq dtes64 monitor ds_cpl vmx est tm2 ssse3 sdbg fma cx16 xtpr pdcm pcid sse4_1 sse4_2 x2apic movbe popcnt tsc_deadline_timer aes xsave avx f16c rdrand lahf_lm abm 3dnowprefetch cpuid_fault epb invpcid_single pti ssbd ibrs ibpb stibp tpr_shadow vnmi flexpriority ept vpid ept_ad fsgsbase tsc_adjust bmi1 avx2 smep bmi2 erms invpcid mpx rdseed adx smap clflushopt intel_pt xsaveopt xsavec xgetbv1 xsaves dtherm ida arat pln pts hwp hwp_notify hwp_act_window hwp_epp md_clear flush_l1d
bugs		: cpu_meltdown spectre_v1 spectre_v2 spec_store_bypass l1tf mds swapgs itlb_multihit
bogomips	: 4399.99
clflush size	: 64
cache_alignment	: 64
address sizes	: 39 bits physical, 48 bits virtual
power management:

processor	: 10
vendor_id	: GenuineIntel
cpu family	: 6
model		: 158
model name	: Intel(R) Core(TM) i7-8750H CPU @ 2.20GHz
stepping	: 10
microcode	: 0xca
cpu MHz		: 3900.020
cache size	: 9216 KB
physical id	: 0
siblings	: 12
core id		: 4
cpu cores	: 6
apicid		: 9
initial apicid	: 9
fpu		: yes
fpu_exception	: yes
cpuid level	: 22
wp		: yes
flags		: fpu vme de pse tsc msr pae mce cx8 apic sep mtrr pge mca cmov pat pse36 clflush dts acpi mmx fxsr sse sse2 ss ht tm pbe syscall nx pdpe1gb rdtscp lm constant_tsc art arch_perfmon pebs bts rep_good nopl xtopology nonstop_tsc cpuid aperfmperf pni pclmulqdq dtes64 monitor ds_cpl vmx est tm2 ssse3 sdbg fma cx16 xtpr pdcm pcid sse4_1 sse4_2 x2apic movbe popcnt tsc_deadline_timer aes xsave avx f16c rdrand lahf_lm abm 3dnowprefetch cpuid_fault epb invpcid_single pti ssbd ibrs ibpb stibp tpr_shadow vnmi flexpriority ept vpid ept_ad fsgsbase tsc_adjust bmi1 avx2 smep bmi2 erms invpcid mpx rdseed adx smap clflushopt intel_pt xsaveopt xsavec xgetbv1 xsaves dtherm ida arat pln pts hwp hwp_notify hwp_act_window hwp_epp md_clear flush_l1d
bugs		: cpu_meltdown spectre_v1 spectre_v2 spec_store_bypass l1tf mds swapgs itlb_multihit
bogomips	: 4399.99
clflush size	: 64
cache_alignment	: 64
address sizes	: 39 bits physical, 48 bits virtual
power management:

processor	: 11
vendor_id	: GenuineIntel
cpu family	: 6
model		: 158
model name	: Intel(R) Core(TM) i7-8750H CPU @ 2.20GHz
stepping	: 10
microcode	: 0xca
cpu MHz		: 3902.375
cache size	: 9216 KB
physical id	: 0
siblings	: 12
core id		: 5
cpu cores	: 6
apicid		: 11
initial apicid	: 11
fpu		: yes
fpu_exception	: yes
cpuid level	: 22
wp		: yes
flags		: fpu vme de pse tsc msr pae mce cx8 apic sep mtrr pge mca cmov pat pse36 clflush dts acpi mmx fxsr sse sse2 ss ht tm pbe syscall nx pdpe1gb rdtscp lm constant_tsc art arch_perfmon pebs bts rep_good nopl xtopology nonstop_tsc cpuid aperfmperf pni pclmulqdq dtes64 monitor ds_cpl vmx est tm2 ssse3 sdbg fma cx16 xtpr pdcm pcid sse4_1 sse4_2 x2apic movbe popcnt tsc_deadline_timer aes xsave avx f16c rdrand lahf_lm abm 3dnowprefetch cpuid_fault epb invpcid_single pti ssbd ibrs ibpb stibp tpr_shadow vnmi flexpriority ept vpid ept_ad fsgsbase tsc_adjust bmi1 avx2 smep bmi2 erms invpcid mpx rdseed adx smap clflushopt intel_pt xsaveopt xsavec xgetbv1 xsaves dtherm ida arat pln pts hwp hwp_notify hwp_act_window hwp_epp md_clear flush_l1d
bugs		: cpu_meltdown spectre_v1 spectre_v2 spec_store_bypass l1tf mds swapgs itlb_multihit
bogomips	: 4399.99
clflush size	: 64
cache_alignment	: 64
address sizes	: 39 bits physical, 48 bits virtual
power management:



Memory: 4k page, physical 32713520k(26549224k free), swap 2097148k(2097148k free)

vm_info: OpenJDK 64-Bit Server VM (25.222-b10) for linux-amd64 JRE (1.8.0_222-8u222-b10-1ubuntu1~18.04.1-b10), built on Jul 18 2019 18:52:48 by "buildd" with gcc 7.4.0

time: Sun Dec 15 13:11:44 2019
timezone: CST
elapsed time: 0 seconds (0d 0h 0m 0s)

