#
# A fatal error has been detected by the Java Runtime Environment:
#
#  SIGSEGV (0xb) at pc=0x00007f43515690e0, pid=9804, tid=0x00007f43a21d9700
#
# JRE version: OpenJDK Runtime Environment (8.0_222-b10) (build 1.8.0_222-8u222-b10-1ubuntu1~18.04.1-b10)
# Java VM: OpenJDK 64-Bit Server VM (25.222-b10 mixed mode linux-amd64 compressed oops)
# Problematic frame:
# C  [libnvidia-glcore.so.430.34+0xf190e0]
#
# Failed to write core dump. Core dumps have been disabled. To enable core dumping, try "ulimit -c unlimited" before starting Java again
#
# If you would like to submit a bug report, please visit:
#   http://bugreport.java.com/bugreport/crash.jsp
# The crash happened outside the Java Virtual Machine in native code.
# See problematic frame for where to report the bug.
#

---------------  T H R E A D  ---------------

Current thread (0x00007f439800b800):  JavaThread "main" [_thread_in_native, id=9809, stack(0x00007f43a20da000,0x00007f43a21da000)]

siginfo: si_signo: 11 (SIGSEGV), si_code: 1 (SEGV_MAPERR), si_addr: 0x0000000000000000

Registers:
RAX=0x00007f4398f436e8, RBX=0x00007f4398f433b8, RCX=0x0000000000000014, RDX=0x0000000000000010
RSP=0x00007f43a21d8488, RBP=0x00007f439867b1e0, RSI=0x0000000000000000, RDI=0x00007f434b378968
R8 =0x00007f434b378968, R9 =0x0000000000000014, R10=0x0000000000000000, R11=0x0000000000000000
R12=0x00007f4398f439c0, R13=0x00007f4398626180, R14=0x00007f4398626170, R15=0x00007f435015c6bc
RIP=0x00007f43515690e0, EFLAGS=0x0000000000010246, CSGSFS=0x002b000000000033, ERR=0x0000000000000004
  TRAPNO=0x000000000000000e

Top of Stack: (sp=0x00007f43a21d8488)
0x00007f43a21d8488:   00007f435163c9d3 00007f4398f436b8
0x00007f43a21d8498:   0000000000000001 0000000000000001
0x00007f43a21d84a8:   0000000000f436b8 0000000000000014
0x00007f43a21d84b8:   0000000041973000 00007f434b378968
0x00007f43a21d84c8:   00007f43515690d0 0000000104212be8
0x00007f43a21d84d8:   00007f4398f433b8 0000000000000000
0x00007f43a21d84e8:   00007f43510976de 00007f4398f43f70
0x00007f43a21d84f8:   0000000751472524 0000000100000001
0x00007f43a21d8508:   00007f4398f436e8 00007f439874b270
0x00007f43a21d8518:   0000000000000001 0000000000004102
0x00007f43a21d8528:   1080000000000000 0000000000004102
0x00007f43a21d8538:   1080000000000000 00007f43a21d84a0
0x00007f43a21d8548:   0000000000000000 0000000041973000
0x00007f43a21d8558:   00007f4398f439c0 00007f4398626180
0x00007f43a21d8568:   00007f4398626170 00000000419ca208
0x00007f43a21d8578:   00007f4351642485 00007f43a21d864c
0x00007f43a21d8588:   00007f43a21d8648 0000140500000000
0x00007f43a21d8598:   ffffffff00000024 0000000400000000
0x00007f43a21d85a8:   0000000041973220 00007f439867b1e0
0x00007f43a21d85b8:   00007f43a21d8560 0000000000001401
0x00007f43a21d85c8:   00007f43a21d9700 0000000000000000
0x00007f43a21d85d8:   0000000000000000 0000000000004102
0x00007f43a21d85e8:   00007f4398f439c0 0000000041973000
0x00007f43a21d85f8:   00007f4398626180 00007f4398626170
0x00007f43a21d8608:   00007f439867b1e0 0000000000000000
0x00007f43a21d8618:   00007f435164307f 0000000000001401
0x00007f43a21d8628:   00007f43a21d9700 00007f43a21d8760
0x00007f43a21d8638:   00007f4363fd4428 00007f439800b800
0x00007f43a21d8648:   0000000000000014 0000000041973001
0x00007f43a21d8658:   0000000041973000 00000000419be080
0x00007f43a21d8668:   0000000000000004 0000000000001405
0x00007f43a21d8678:   0000000000000010 0000000000000000 

Instructions: (pc=0x00007f43515690e0)
0x00007f43515690c0:   d0 48 8d 44 07 0c c3 90 90 90 90 90 90 90 90 90
0x00007f43515690d0:   48 63 d2 49 89 f8 41 89 c9 0f 1f 80 00 00 00 00
0x00007f43515690e0:   8b 06 41 89 00 8b 46 04 41 89 40 04 8b 46 08 41
0x00007f43515690f0:   89 40 08 8b 46 0c 48 01 d6 41 89 40 0c 49 83 c0 

Register to memory mapping:

RAX=0x00007f4398f436e8 is an unknown value
RBX=0x00007f4398f433b8 is an unknown value
RCX=0x0000000000000014 is an unknown value
RDX=0x0000000000000010 is an unknown value
RSP=0x00007f43a21d8488 is pointing into the stack for thread: 0x00007f439800b800
RBP=0x00007f439867b1e0 is an unknown value
RSI=0x0000000000000000 is an unknown value
RDI=0x00007f434b378968 is an unknown value
R8 =0x00007f434b378968 is an unknown value
R9 =0x0000000000000014 is an unknown value
R10=0x0000000000000000 is an unknown value
R11=0x0000000000000000 is an unknown value
R12=0x00007f4398f439c0 is an unknown value
R13=0x00007f4398626180 is an unknown value
R14=0x00007f4398626170 is an unknown value
R15=0x00007f435015c6bc is an unknown value


Stack: [0x00007f43a20da000,0x00007f43a21da000],  sp=0x00007f43a21d8488,  free space=1017k
Native frames: (J=compiled Java code, j=interpreted, Vv=VM code, C=native code)
C  [libnvidia-glcore.so.430.34+0xf190e0]

Java frames: (J=compiled Java code, j=interpreted, Vv=VM code)
j  org.lwjgl.opengl.GL11C.nglDrawElements(IIIJ)V+0
j  org.lwjgl.opengl.GL11C.glDrawElements(IIIJ)V+4
j  org.lwjgl.opengl.GL11.glDrawElements(IIIJ)V+4
j  GUI.FontRenderer.renderText(LGUI/TextMesh;)V+21
j  main.Main.main([Ljava/lang/String;)V+966
v  ~StubRoutines::call_stub

---------------  P R O C E S S  ---------------

Java Threads: ( => current thread )
  0x00007f43980d8000 JavaThread "Service Thread" daemon [_thread_blocked, id=9828, stack(0x00007f43608ca000,0x00007f43609cb000)]
  0x00007f43980cd000 JavaThread "C1 CompilerThread3" daemon [_thread_blocked, id=9827, stack(0x00007f43609cc000,0x00007f4360acc000)]
  0x00007f43980ca800 JavaThread "C2 CompilerThread2" daemon [_thread_blocked, id=9826, stack(0x00007f4360acd000,0x00007f4360bcd000)]
  0x00007f43980c9000 JavaThread "C2 CompilerThread1" daemon [_thread_blocked, id=9825, stack(0x00007f4360bce000,0x00007f4360cce000)]
  0x00007f43980c6000 JavaThread "C2 CompilerThread0" daemon [_thread_blocked, id=9824, stack(0x00007f4360ccf000,0x00007f4360dcf000)]
  0x00007f43980c4800 JavaThread "Signal Dispatcher" daemon [_thread_blocked, id=9823, stack(0x00007f4360dcf000,0x00007f4360ed0000)]
  0x00007f4398092000 JavaThread "Finalizer" daemon [_thread_blocked, id=9822, stack(0x00007f436189f000,0x00007f43619a0000)]
  0x00007f439808f800 JavaThread "Reference Handler" daemon [_thread_blocked, id=9821, stack(0x00007f43619a0000,0x00007f4361aa1000)]
=>0x00007f439800b800 JavaThread "main" [_thread_in_native, id=9809, stack(0x00007f43a20da000,0x00007f43a21da000)]

Other Threads:
  0x00007f4398085800 VMThread [stack: 0x00007f4361aa2000,0x00007f4361ba2000] [id=9820]
  0x00007f43980da800 WatcherThread [stack: 0x00007f43607ca000,0x00007f43608ca000] [id=9829]

VM state:not at safepoint (normal execution)

VM Mutex/Monitor currently owned by a thread: None

heap address: 0x00000005ccc00000, size: 7988 MB, Compressed Oops mode: Zero based, Oop shift amount: 3
Narrow klass base: 0x0000000000000000, Narrow klass shift: 3
Compressed class space size: 1073741824 Address: 0x00000007c0000000

Heap:
 PSYoungGen      total 149504K, used 12190K [0x0000000719980000, 0x0000000724000000, 0x00000007c0000000)
  eden space 128512K, 6% used [0x0000000719980000,0x000000071a1908d8,0x0000000721700000)
  from space 20992K, 18% used [0x0000000722b80000,0x0000000722f56f58,0x0000000724000000)
  to   space 20992K, 0% used [0x0000000721700000,0x0000000721700000,0x0000000722b80000)
 ParOldGen       total 341504K, used 16K [0x00000005ccc00000, 0x00000005e1980000, 0x0000000719980000)
  object space 341504K, 0% used [0x00000005ccc00000,0x00000005ccc04000,0x00000005e1980000)
 Metaspace       used 9226K, capacity 9465K, committed 9600K, reserved 1058816K
  class space    used 700K, capacity 807K, committed 896K, reserved 1048576K

Card table byte_map: [0x00007f439d6da000,0x00007f439e675000] byte_map_base: 0x00007f439a874000

Marking Bits: (ParMarkBitMap*) 0x00007f43a1374360
 Begin Bits: [0x00007f4368660000, 0x00007f4370330000)
 End Bits:   [0x00007f4370330000, 0x00007f4378000000)

Polling page: 0x00007f43a21f5000

CodeCache: size=245760Kb used=3587Kb max_used=3593Kb free=242172Kb
 bounds [0x00007f4389000000, 0x00007f4389390000, 0x00007f4398000000]
 total_blobs=1696 nmethods=798 adapters=813
 compilation: enabled

Compilation events (10 events):
Event: 1.372 Thread 0x00007f43980ca800  794       4       java.lang.Math::random (7 bytes)
Event: 1.373 Thread 0x00007f43980ca800 nmethod 794 0x00007f4389376290 code [0x00007f4389376400, 0x00007f4389376538]
Event: 1.373 Thread 0x00007f43980c9000  795 %     4       models.TerrainGenerator::generateMesh @ 239 (360 bytes)
Event: 1.374 Thread 0x00007f43980cd000  796       3       java.util.ArrayList$Itr::hasNext (20 bytes)
Event: 1.374 Thread 0x00007f43980cd000 nmethod 796 0x00007f4389372cd0 code [0x00007f4389372e40, 0x00007f4389373010]
Event: 1.375 Thread 0x00007f43980c6000  797       4       java.util.ArrayList$Itr::hasNext (20 bytes)
Event: 1.375 Thread 0x00007f43980c6000 nmethod 797 0x00007f4389372a50 code [0x00007f4389372ba0, 0x00007f4389372c38]
Event: 1.377 Thread 0x00007f43980c9000 nmethod 795% 0x00007f43893856d0 code [0x00007f4389385880, 0x00007f4389385e78]
Event: 1.379 Thread 0x00007f43980cd000  798       3       java.io.UnixFileSystem::prefixLength (25 bytes)
Event: 1.380 Thread 0x00007f43980cd000 nmethod 798 0x00007f4389372210 code [0x00007f43893723a0, 0x00007f4389372868]

GC Heap History (4 events):
Event: 1.015 GC heap before
{Heap before GC invocations=1 (full 0):
 PSYoungGen      total 149504K, used 128512K [0x0000000719980000, 0x0000000724000000, 0x00000007c0000000)
  eden space 128512K, 100% used [0x0000000719980000,0x0000000721700000,0x0000000721700000)
  from space 20992K, 0% used [0x0000000722b80000,0x0000000722b80000,0x0000000724000000)
  to   space 20992K, 0% used [0x0000000721700000,0x0000000721700000,0x0000000722b80000)
 ParOldGen       total 341504K, used 0K [0x00000005ccc00000, 0x00000005e1980000, 0x0000000719980000)
  object space 341504K, 0% used [0x00000005ccc00000,0x00000005ccc00000,0x00000005e1980000)
 Metaspace       used 8829K, capacity 9015K, committed 9216K, reserved 1058816K
  class space    used 676K, capacity 742K, committed 768K, reserved 1048576K
Event: 1.020 GC heap after
Heap after GC invocations=1 (full 0):
 PSYoungGen      total 149504K, used 9088K [0x0000000719980000, 0x0000000724000000, 0x00000007c0000000)
  eden space 128512K, 0% used [0x0000000719980000,0x0000000719980000,0x0000000721700000)
  from space 20992K, 43% used [0x0000000721700000,0x0000000721fe0270,0x0000000722b80000)
  to   space 20992K, 0% used [0x0000000722b80000,0x0000000722b80000,0x0000000724000000)
 ParOldGen       total 341504K, used 8K [0x00000005ccc00000, 0x00000005e1980000, 0x0000000719980000)
  object space 341504K, 0% used [0x00000005ccc00000,0x00000005ccc02000,0x00000005e1980000)
 Metaspace       used 8829K, capacity 9015K, committed 9216K, reserved 1058816K
  class space    used 676K, capacity 742K, committed 768K, reserved 1048576K
}
Event: 1.363 GC heap before
{Heap before GC invocations=2 (full 0):
 PSYoungGen      total 149504K, used 137600K [0x0000000719980000, 0x0000000724000000, 0x00000007c0000000)
  eden space 128512K, 100% used [0x0000000719980000,0x0000000721700000,0x0000000721700000)
  from space 20992K, 43% used [0x0000000721700000,0x0000000721fe0270,0x0000000722b80000)
  to   space 20992K, 0% used [0x0000000722b80000,0x0000000722b80000,0x0000000724000000)
 ParOldGen       total 341504K, used 8K [0x00000005ccc00000, 0x00000005e1980000, 0x0000000719980000)
  object space 341504K, 0% used [0x00000005ccc00000,0x00000005ccc02000,0x00000005e1980000)
 Metaspace       used 9214K, capacity 9401K, committed 9600K, reserved 1058816K
  class space    used 697K, capacity 807K, committed 896K, reserved 1048576K
Event: 1.365 GC heap after
Heap after GC invocations=2 (full 0):
 PSYoungGen      total 149504K, used 3931K [0x0000000719980000, 0x0000000724000000, 0x00000007c0000000)
  eden space 128512K, 0% used [0x0000000719980000,0x0000000719980000,0x0000000721700000)
  from space 20992K, 18% used [0x0000000722b80000,0x0000000722f56f58,0x0000000724000000)
  to   space 20992K, 0% used [0x0000000721700000,0x0000000721700000,0x0000000722b80000)
 ParOldGen       total 341504K, used 16K [0x00000005ccc00000, 0x00000005e1980000, 0x0000000719980000)
  object space 341504K, 0% used [0x00000005ccc00000,0x00000005ccc04000,0x00000005e1980000)
 Metaspace       used 9214K, capacity 9401K, committed 9600K, reserved 1058816K
  class space    used 697K, capacity 807K, committed 896K, reserved 1048576K
}

Deoptimization events (10 events):
Event: 0.732 Thread 0x00007f439800b800 Uncommon trap: reason=array_check action=maybe_recompile pc=0x00007f438929c618 method=java.util.AbstractCollection.toArray([Ljava/lang/Object;)[Ljava/lang/Object; @ 119
Event: 0.732 Thread 0x00007f439800b800 Uncommon trap: reason=array_check action=maybe_recompile pc=0x00007f438929c618 method=java.util.AbstractCollection.toArray([Ljava/lang/Object;)[Ljava/lang/Object; @ 119
Event: 0.739 Thread 0x00007f439800b800 Uncommon trap: reason=unstable_if action=reinterpret pc=0x00007f43892a0800 method=sun.misc.FloatingDecimal.readJavaFormatString(Ljava/lang/String;)Lsun/misc/FloatingDecimal$ASCIIToBinaryConverter; @ 235
Event: 0.739 Thread 0x00007f439800b800 Uncommon trap: reason=class_check action=maybe_recompile pc=0x00007f438928ed88 method=sun.misc.FloatingDecimal.parseFloat(Ljava/lang/String;)F @ 4
Event: 0.759 Thread 0x00007f439800b800 Uncommon trap: reason=class_check action=maybe_recompile pc=0x00007f438928ed88 method=sun.misc.FloatingDecimal.parseFloat(Ljava/lang/String;)F @ 4
Event: 0.771 Thread 0x00007f439800b800 Uncommon trap: reason=class_check action=maybe_recompile pc=0x00007f438928ed88 method=sun.misc.FloatingDecimal.parseFloat(Ljava/lang/String;)F @ 4
Event: 0.771 Thread 0x00007f439800b800 Uncommon trap: reason=class_check action=maybe_recompile pc=0x00007f438928ed88 method=sun.misc.FloatingDecimal.parseFloat(Ljava/lang/String;)F @ 4
Event: 1.314 Thread 0x00007f439800b800 Uncommon trap: reason=unstable_if action=reinterpret pc=0x00007f438929eed4 method=java.io.BufferedReader.readLine(Z)Ljava/lang/String; @ 55
Event: 1.314 Thread 0x00007f439800b800 Uncommon trap: reason=unstable_if action=reinterpret pc=0x00007f43893470c0 method=files.OBJFile.read()Lmodels/Mesh; @ 369
Event: 1.318 Thread 0x00007f439800b800 Uncommon trap: reason=unstable_if action=reinterpret pc=0x00007f438932687c method=java.util.ArrayList$Itr.hasNext()Z @ 11

Classes redefined (0 events):
No events

Internal exceptions (10 events):
Event: 0.102 Thread 0x00007f439800b800 Exception <a 'java/security/PrivilegedActionException'> (0x0000000719f5a040) thrown at [/build/openjdk-8-OqY7zN/openjdk-8-8u222-b10/src/hotspot/src/share/vm/prims/jvm.cpp, line 1502]
Event: 0.102 Thread 0x00007f439800b800 Exception <a 'java/security/PrivilegedActionException'> (0x0000000719f5a250) thrown at [/build/openjdk-8-OqY7zN/openjdk-8-8u222-b10/src/hotspot/src/share/vm/prims/jvm.cpp, line 1502]
Event: 0.102 Thread 0x00007f439800b800 Exception <a 'java/security/PrivilegedActionException'> (0x0000000719f5c2d8) thrown at [/build/openjdk-8-OqY7zN/openjdk-8-8u222-b10/src/hotspot/src/share/vm/prims/jvm.cpp, line 1502]
Event: 0.102 Thread 0x00007f439800b800 Exception <a 'java/security/PrivilegedActionException'> (0x0000000719f5c4e8) thrown at [/build/openjdk-8-OqY7zN/openjdk-8-8u222-b10/src/hotspot/src/share/vm/prims/jvm.cpp, line 1502]
Event: 0.102 Thread 0x00007f439800b800 Exception <a 'java/security/PrivilegedActionException'> (0x0000000719f5cfc0) thrown at [/build/openjdk-8-OqY7zN/openjdk-8-8u222-b10/src/hotspot/src/share/vm/prims/jvm.cpp, line 1502]
Event: 0.102 Thread 0x00007f439800b800 Exception <a 'java/security/PrivilegedActionException'> (0x0000000719f5d1d0) thrown at [/build/openjdk-8-OqY7zN/openjdk-8-8u222-b10/src/hotspot/src/share/vm/prims/jvm.cpp, line 1502]
Event: 0.110 Thread 0x00007f439800b800 Exception <a 'sun/nio/fs/UnixException'> (0x0000000719f8a2f8) thrown at [/build/openjdk-8-OqY7zN/openjdk-8-8u222-b10/src/hotspot/src/share/vm/prims/jni.cpp, line 710]
Event: 0.115 Thread 0x00007f439800b800 Exception <a 'sun/nio/fs/UnixException'> (0x0000000719fb4068) thrown at [/build/openjdk-8-OqY7zN/openjdk-8-8u222-b10/src/hotspot/src/share/vm/prims/jni.cpp, line 710]
Event: 0.485 Thread 0x00007f439800b800 Exception <a 'sun/nio/fs/UnixException'> (0x000000071a0981d0) thrown at [/build/openjdk-8-OqY7zN/openjdk-8-8u222-b10/src/hotspot/src/share/vm/prims/jni.cpp, line 710]
Event: 0.486 Thread 0x00007f439800b800 Exception <a 'sun/nio/fs/UnixException'> (0x000000071a0a0790) thrown at [/build/openjdk-8-OqY7zN/openjdk-8-8u222-b10/src/hotspot/src/share/vm/prims/jni.cpp, line 710]

Events (10 events):
Event: 1.363 Executing VM operation: ParallelGCFailedAllocation
Event: 1.365 Executing VM operation: ParallelGCFailedAllocation done
Event: 1.371 loading class java/lang/Math$RandomNumberGeneratorHolder
Event: 1.371 loading class java/lang/Math$RandomNumberGeneratorHolder done
Event: 1.379 loading class shaders/TextShader
Event: 1.379 loading class shaders/TextShader done
Event: 1.379 loading class GUI/FontRenderer
Event: 1.379 loading class GUI/FontRenderer done
Event: 1.379 loading class rendering/ModelBatch
Event: 1.379 loading class rendering/ModelBatch done


Dynamic libraries:
41973000-41a25000 rw-p 00000000 00:00 0 
41b5b000-41b5d000 r-xs 00000000 103:02 15728653                          /tmp/.glYBRNSr (deleted)
5ccc00000-5e1980000 rw-p 00000000 00:00 0 
5e1980000-719980000 ---p 00000000 00:00 0 
719980000-724000000 rw-p 00000000 00:00 0 
724000000-7c0000000 ---p 00000000 00:00 0 
7c0000000-7c00e0000 rw-p 00000000 00:00 0 
7c00e0000-800000000 ---p 00000000 00:00 0 
5641d51c6000-5641d51c7000 r-xp 00000000 103:02 9838898                   /usr/lib/jvm/java-8-openjdk-amd64/jre/bin/java
5641d53c6000-5641d53c7000 r--p 00000000 103:02 9838898                   /usr/lib/jvm/java-8-openjdk-amd64/jre/bin/java
5641d53c7000-5641d53c8000 rw-p 00001000 103:02 9838898                   /usr/lib/jvm/java-8-openjdk-amd64/jre/bin/java
5641d5fa8000-5641d5fc9000 rw-p 00000000 00:00 0                          [heap]
7f4314000000-7f4314021000 rw-p 00000000 00:00 0 
7f4314021000-7f4318000000 ---p 00000000 00:00 0 
7f431c000000-7f431c300000 rw-p 00000000 00:00 0 
7f431c300000-7f4320000000 ---p 00000000 00:00 0 
7f4320000000-7f4320021000 rw-p 00000000 00:00 0 
7f4320021000-7f4324000000 ---p 00000000 00:00 0 
7f4324000000-7f43244c1000 rw-p 00000000 00:00 0 
7f43244c1000-7f4328000000 ---p 00000000 00:00 0 
7f4328000000-7f43293e4000 rw-p 00000000 00:00 0 
7f43293e4000-7f432c000000 ---p 00000000 00:00 0 
7f432c000000-7f432c021000 rw-p 00000000 00:00 0 
7f432c021000-7f4330000000 ---p 00000000 00:00 0 
7f4330000000-7f43304ad000 rw-p 00000000 00:00 0 
7f43304ad000-7f4334000000 ---p 00000000 00:00 0 
7f4334000000-7f4334021000 rw-p 00000000 00:00 0 
7f4334021000-7f4338000000 ---p 00000000 00:00 0 
7f4338000000-7f4338021000 rw-p 00000000 00:00 0 
7f4338021000-7f433c000000 ---p 00000000 00:00 0 
7f433c000000-7f433c021000 rw-p 00000000 00:00 0 
7f433c021000-7f4340000000 ---p 00000000 00:00 0 
7f4340000000-7f4340021000 rw-p 00000000 00:00 0 
7f4340021000-7f4344000000 ---p 00000000 00:00 0 
7f4344000000-7f4344021000 rw-p 00000000 00:00 0 
7f4344021000-7f4348000000 ---p 00000000 00:00 0 
7f434ad65000-7f434b166000 rw-p 00000000 00:00 0 
7f434b166000-7f434b566000 rw-s 00000000 00:06 577                        /dev/nvidiactl
7f434b967000-7f434bb67000 rw-s 00000000 00:06 577                        /dev/nvidiactl
7f434bb67000-7f434bbe7000 rw-p 00000000 00:00 0 
7f434bbe7000-7f434bd67000 ---p 00000000 00:00 0 
7f434bd67000-7f434bda7000 rw-s 00000000 08:01 16254236                   /home/sam/#16254236 (deleted)
7f434bda7000-7f434bdff000 r-xp 00000000 103:02 18483175                  /tmp/lwjglsam/3.2.3-build-13/liblwjgl_opengl.so
7f434bdff000-7f434bffe000 ---p 00058000 103:02 18483175                  /tmp/lwjglsam/3.2.3-build-13/liblwjgl_opengl.so
7f434bffe000-7f434bfff000 r--p 00057000 103:02 18483175                  /tmp/lwjglsam/3.2.3-build-13/liblwjgl_opengl.so
7f434bfff000-7f434c000000 rw-p 00058000 103:02 18483175                  /tmp/lwjglsam/3.2.3-build-13/liblwjgl_opengl.so
7f434c000000-7f434c021000 rw-p 00000000 00:00 0 
7f434c021000-7f4350000000 ---p 00000000 00:00 0 
7f435003a000-7f435007a000 r-xs 00000000 08:01 16254236                   /home/sam/#16254236 (deleted)
7f435007a000-7f43500fa000 rw-s 00000000 00:06 577                        /dev/nvidiactl
7f43500fa000-7f435017a000 rw-s 00000000 00:06 577                        /dev/nvidiactl
7f435017a000-7f43501fa000 rw-s 00000000 00:06 577                        /dev/nvidiactl
7f43501fa000-7f43502fa000 rw-s 00000000 00:06 577                        /dev/nvidiactl
7f43502fa000-7f435033a000 rw-s 00000000 00:06 577                        /dev/nvidiactl
7f435033a000-7f435034a000 r-xp 00000000 103:02 9840432                   /usr/lib/x86_64-linux-gnu/libdrm.so.2.4.0
7f435034a000-7f4350549000 ---p 00010000 103:02 9840432                   /usr/lib/x86_64-linux-gnu/libdrm.so.2.4.0
7f4350549000-7f435054a000 r--p 0000f000 103:02 9840432                   /usr/lib/x86_64-linux-gnu/libdrm.so.2.4.0
7f435054a000-7f435054b000 rw-p 00010000 103:02 9840432                   /usr/lib/x86_64-linux-gnu/libdrm.so.2.4.0
7f435054b000-7f4350650000 rw-s 00000000 00:06 577                        /dev/nvidiactl
7f4350650000-7f43518b9000 r-xp 00000000 103:02 9840564                   /usr/lib/x86_64-linux-gnu/libnvidia-glcore.so.430.34
7f43518b9000-7f43518da000 rwxp 01269000 103:02 9840564                   /usr/lib/x86_64-linux-gnu/libnvidia-glcore.so.430.34
7f43518da000-7f4351dd4000 r-xp 0128a000 103:02 9840564                   /usr/lib/x86_64-linux-gnu/libnvidia-glcore.so.430.34
7f4351dd4000-7f4351fd3000 ---p 01784000 103:02 9840564                   /usr/lib/x86_64-linux-gnu/libnvidia-glcore.so.430.34
7f4351fd3000-7f4352308000 rw-p 01783000 103:02 9840564                   /usr/lib/x86_64-linux-gnu/libnvidia-glcore.so.430.34
7f4352308000-7f4352324000 rw-p 00000000 00:00 0 
7f4352324000-7f4352327000 r-xp 00000000 103:02 9840568                   /usr/lib/x86_64-linux-gnu/libnvidia-tls.so.430.34
7f4352327000-7f4352527000 ---p 00003000 103:02 9840568                   /usr/lib/x86_64-linux-gnu/libnvidia-tls.so.430.34
7f4352527000-7f4352528000 rw-p 00003000 103:02 9840568                   /usr/lib/x86_64-linux-gnu/libnvidia-tls.so.430.34
7f4352528000-7f43525d7000 r-xp 00000000 103:02 9840561                   /usr/lib/x86_64-linux-gnu/libGLX_nvidia.so.430.34
7f43525d7000-7f435260c000 rwxp 000af000 103:02 9840561                   /usr/lib/x86_64-linux-gnu/libGLX_nvidia.so.430.34
7f435260c000-7f435261b000 r-xp 000e4000 103:02 9840561                   /usr/lib/x86_64-linux-gnu/libGLX_nvidia.so.430.34
7f435261b000-7f435281b000 ---p 000f3000 103:02 9840561                   /usr/lib/x86_64-linux-gnu/libGLX_nvidia.so.430.34
7f435281b000-7f435283f000 rw-p 000f3000 103:02 9840561                   /usr/lib/x86_64-linux-gnu/libGLX_nvidia.so.430.34
7f435283f000-7f4352841000 rw-p 00000000 00:00 0 
7f4352841000-7f4352883000 r-xp 00000000 103:02 9837994                   /usr/lib/x86_64-linux-gnu/libGLdispatch.so.0.0.0
7f4352883000-7f435289c000 r-xp 00042000 103:02 9837994                   /usr/lib/x86_64-linux-gnu/libGLdispatch.so.0.0.0
7f435289c000-7f43528af000 r-xp 0005b000 103:02 9837994                   /usr/lib/x86_64-linux-gnu/libGLdispatch.so.0.0.0
7f43528af000-7f4352aae000 ---p 0006e000 103:02 9837994                   /usr/lib/x86_64-linux-gnu/libGLdispatch.so.0.0.0
7f4352aae000-7f4352ad6000 r--p 0006d000 103:02 9837994                   /usr/lib/x86_64-linux-gnu/libGLdispatch.so.0.0.0
7f4352ad6000-7f4352ad7000 rw-p 00095000 103:02 9837994                   /usr/lib/x86_64-linux-gnu/libGLdispatch.so.0.0.0
7f4352ad7000-7f4352af7000 rw-p 00000000 00:00 0 
7f4352af7000-7f4352b07000 r-xp 00000000 103:02 9837992                   /usr/lib/x86_64-linux-gnu/libGLX.so.0.0.0
7f4352b07000-7f4352d06000 ---p 00010000 103:02 9837992                   /usr/lib/x86_64-linux-gnu/libGLX.so.0.0.0
7f4352d06000-7f4352d07000 r--p 0000f000 103:02 9837992                   /usr/lib/x86_64-linux-gnu/libGLX.so.0.0.0
7f4352d07000-7f4352d08000 rw-p 00010000 103:02 9837992                   /usr/lib/x86_64-linux-gnu/libGLX.so.0.0.0
7f4352d08000-7f4352d28000 rw-p 00000000 00:00 0 
7f4352d28000-7f4352d6c000 r-xp 00000000 103:02 9837986                   /usr/lib/x86_64-linux-gnu/libGL.so.1.0.0
7f4352d6c000-7f4352d85000 r-xp 00044000 103:02 9837986                   /usr/lib/x86_64-linux-gnu/libGL.so.1.0.0
7f4352d85000-7f4352d99000 r-xp 0005d000 103:02 9837986                   /usr/lib/x86_64-linux-gnu/libGL.so.1.0.0
7f4352d99000-7f4352f98000 ---p 00071000 103:02 9837986                   /usr/lib/x86_64-linux-gnu/libGL.so.1.0.0
7f4352f98000-7f4352fb2000 r--p 00070000 103:02 9837986                   /usr/lib/x86_64-linux-gnu/libGL.so.1.0.0
7f4352fb2000-7f4352fb3000 rw-p 0008a000 103:02 9837986                   /usr/lib/x86_64-linux-gnu/libGL.so.1.0.0
7f4352fb3000-7f4352fb4000 rw-p 00000000 00:00 0 
7f4352fb4000-7f4352fb5000 r-xp 00000000 103:02 9840453                   /usr/lib/x86_64-linux-gnu/libX11-xcb.so.1.0.0
7f4352fb5000-7f43531b4000 ---p 00001000 103:02 9840453                   /usr/lib/x86_64-linux-gnu/libX11-xcb.so.1.0.0
7f43531b4000-7f43531b5000 r--p 00000000 103:02 9840453                   /usr/lib/x86_64-linux-gnu/libX11-xcb.so.1.0.0
7f43531b5000-7f43531b6000 rw-p 00001000 103:02 9840453                   /usr/lib/x86_64-linux-gnu/libX11-xcb.so.1.0.0
7f43531b6000-7f43531b8000 r-xp 00000000 103:02 9838067                   /usr/lib/x86_64-linux-gnu/libXinerama.so.1.0.0
7f43531b8000-7f43533b7000 ---p 00002000 103:02 9838067                   /usr/lib/x86_64-linux-gnu/libXinerama.so.1.0.0
7f43533b7000-7f43533b8000 r--p 00001000 103:02 9838067                   /usr/lib/x86_64-linux-gnu/libXinerama.so.1.0.0
7f43533b8000-7f43533b9000 rw-p 00002000 103:02 9838067                   /usr/lib/x86_64-linux-gnu/libXinerama.so.1.0.0
7f43533b9000-7f43533be000 r-xp 00000000 103:02 9838059                   /usr/lib/x86_64-linux-gnu/libXfixes.so.3.1.0
7f43533be000-7f43535bd000 ---p 00005000 103:02 9838059                   /usr/lib/x86_64-linux-gnu/libXfixes.so.3.1.0
7f43535bd000-7f43535be000 r--p 00004000 103:02 9838059                   /usr/lib/x86_64-linux-gnu/libXfixes.so.3.1.0
7f43535be000-7f43535bf000 rw-p 00005000 103:02 9838059                   /usr/lib/x86_64-linux-gnu/libXfixes.so.3.1.0
7f43535bf000-7f43535c8000 r-xp 00000000 103:02 9838051                   /usr/lib/x86_64-linux-gnu/libXcursor.so.1.0.2
7f43535c8000-7f43537c7000 ---p 00009000 103:02 9838051                   /usr/lib/x86_64-linux-gnu/libXcursor.so.1.0.2
7f43537c7000-7f43537c8000 r--p 00008000 103:02 9838051                   /usr/lib/x86_64-linux-gnu/libXcursor.so.1.0.2
7f43537c8000-7f43537c9000 rw-p 00009000 103:02 9838051                   /usr/lib/x86_64-linux-gnu/libXcursor.so.1.0.2
7f43537c9000-7f43537d2000 r-xp 00000000 103:02 9838077                   /usr/lib/x86_64-linux-gnu/libXrender.so.1.3.0
7f43537d2000-7f43539d1000 ---p 00009000 103:02 9838077                   /usr/lib/x86_64-linux-gnu/libXrender.so.1.3.0
7f43539d1000-7f43539d2000 r--p 00008000 103:02 9838077                   /usr/lib/x86_64-linux-gnu/libXrender.so.1.3.0
7f43539d2000-7f43539d3000 rw-p 00009000 103:02 9838077                   /usr/lib/x86_64-linux-gnu/libXrender.so.1.3.0
7f43539d3000-7f43539dd000 r-xp 00000000 103:02 9838075                   /usr/lib/x86_64-linux-gnu/libXrandr.so.2.2.0
7f43539dd000-7f4353bdc000 ---p 0000a000 103:02 9838075                   /usr/lib/x86_64-linux-gnu/libXrandr.so.2.2.0
7f4353bdc000-7f4353bdd000 r--p 00009000 103:02 9838075                   /usr/lib/x86_64-linux-gnu/libXrandr.so.2.2.0
7f4353bdd000-7f4353bde000 rw-p 0000a000 103:02 9838075                   /usr/lib/x86_64-linux-gnu/libXrandr.so.2.2.0
7f4353bde000-7f4353bed000 r-xp 00000000 103:02 9838065                   /usr/lib/x86_64-linux-gnu/libXi.so.6.1.0
7f4353bed000-7f4353dec000 ---p 0000f000 103:02 9838065                   /usr/lib/x86_64-linux-gnu/libXi.so.6.1.0
7f4353dec000-7f4353ded000 r--p 0000e000 103:02 9838065                   /usr/lib/x86_64-linux-gnu/libXi.so.6.1.0
7f4353ded000-7f4353dee000 rw-p 0000f000 103:02 9838065                   /usr/lib/x86_64-linux-gnu/libXi.so.6.1.0
7f4353dee000-7f4353dff000 r-xp 00000000 103:02 9838057                   /usr/lib/x86_64-linux-gnu/libXext.so.6.4.0
7f4353dff000-7f4353ffe000 ---p 00011000 103:02 9838057                   /usr/lib/x86_64-linux-gnu/libXext.so.6.4.0
7f4353ffe000-7f4353fff000 r--p 00010000 103:02 9838057                   /usr/lib/x86_64-linux-gnu/libXext.so.6.4.0
7f4353fff000-7f4354000000 rw-p 00011000 103:02 9838057                   /usr/lib/x86_64-linux-gnu/libXext.so.6.4.0
7f4354000000-7f4354021000 rw-p 00000000 00:00 0 
7f4354021000-7f4358000000 ---p 00000000 00:00 0 
7f4358001000-7f4358014000 rw-s 00000000 00:06 577                        /dev/nvidiactl
7f4358014000-7f4358019000 r-xp 00000000 103:02 9838093                   /usr/lib/x86_64-linux-gnu/libXxf86vm.so.1.0.0
7f4358019000-7f4358218000 ---p 00005000 103:02 9838093                   /usr/lib/x86_64-linux-gnu/libXxf86vm.so.1.0.0
7f4358218000-7f4358219000 r--p 00004000 103:02 9838093                   /usr/lib/x86_64-linux-gnu/libXxf86vm.so.1.0.0
7f4358219000-7f435821a000 rw-p 00005000 103:02 9838093                   /usr/lib/x86_64-linux-gnu/libXxf86vm.so.1.0.0
7f435821a000-7f435822d000 r-xp 00000000 103:02 22942382                  /lib/x86_64-linux-gnu/libbsd.so.0.8.7
7f435822d000-7f435842c000 ---p 00013000 103:02 22942382                  /lib/x86_64-linux-gnu/libbsd.so.0.8.7
7f435842c000-7f435842d000 r--p 00012000 103:02 22942382                  /lib/x86_64-linux-gnu/libbsd.so.0.8.7
7f435842d000-7f435842e000 rw-p 00013000 103:02 22942382                  /lib/x86_64-linux-gnu/libbsd.so.0.8.7
7f435842e000-7f435842f000 rw-p 00000000 00:00 0 
7f435842f000-7f4358434000 r-xp 00000000 103:02 9838055                   /usr/lib/x86_64-linux-gnu/libXdmcp.so.6.0.0
7f4358434000-7f4358633000 ---p 00005000 103:02 9838055                   /usr/lib/x86_64-linux-gnu/libXdmcp.so.6.0.0
7f4358633000-7f4358634000 r--p 00004000 103:02 9838055                   /usr/lib/x86_64-linux-gnu/libXdmcp.so.6.0.0
7f4358634000-7f4358635000 rw-p 00005000 103:02 9838055                   /usr/lib/x86_64-linux-gnu/libXdmcp.so.6.0.0
7f4358635000-7f4358637000 r-xp 00000000 103:02 9838044                   /usr/lib/x86_64-linux-gnu/libXau.so.6.0.0
7f4358637000-7f4358837000 ---p 00002000 103:02 9838044                   /usr/lib/x86_64-linux-gnu/libXau.so.6.0.0
7f4358837000-7f4358838000 r--p 00002000 103:02 9838044                   /usr/lib/x86_64-linux-gnu/libXau.so.6.0.0
7f4358838000-7f4358839000 rw-p 00003000 103:02 9838044                   /usr/lib/x86_64-linux-gnu/libXau.so.6.0.0
7f4358839000-7f435885f000 r-xp 00000000 103:02 9840409                   /usr/lib/x86_64-linux-gnu/libxcb.so.1.1.0
7f435885f000-7f4358a5f000 ---p 00026000 103:02 9840409                   /usr/lib/x86_64-linux-gnu/libxcb.so.1.1.0
7f4358a5f000-7f4358a60000 r--p 00026000 103:02 9840409                   /usr/lib/x86_64-linux-gnu/libxcb.so.1.1.0
7f4358a60000-7f4358a61000 rw-p 00027000 103:02 9840409                   /usr/lib/x86_64-linux-gnu/libxcb.so.1.1.0
7f4358a61000-7f4358b94000 r-xp 00000000 103:02 9839217                   /usr/lib/x86_64-linux-gnu/libX11.so.6.3.0
7f4358b94000-7f4358d94000 ---p 00133000 103:02 9839217                   /usr/lib/x86_64-linux-gnu/libX11.so.6.3.0
7f4358d94000-7f4358d95000 r--p 00133000 103:02 9839217                   /usr/lib/x86_64-linux-gnu/libX11.so.6.3.0
7f4358d95000-7f4358d99000 rw-p 00134000 103:02 9839217                   /usr/lib/x86_64-linux-gnu/libX11.so.6.3.0
7f4358d99000-7f4358ddc000 r-xp 00000000 103:02 18483174                  /tmp/lwjglsam/3.2.3-build-13/libglfw.so
7f4358ddc000-7f4358fdb000 ---p 00043000 103:02 18483174                  /tmp/lwjglsam/3.2.3-build-13/libglfw.so
7f4358fdb000-7f4358fdc000 r--p 00042000 103:02 18483174                  /tmp/lwjglsam/3.2.3-build-13/libglfw.so
7f4358fdc000-7f4358fde000 rw-p 00043000 103:02 18483174                  /tmp/lwjglsam/3.2.3-build-13/libglfw.so
7f4358fde000-7f435c000000 rw-p 00000000 00:00 0 
7f435c000000-7f435c021000 rw-p 00000000 00:00 0 
7f435c021000-7f4360000000 ---p 00000000 00:00 0 
7f4360003000-7f4360005000 rw-s 00000000 103:02 15728653                  /tmp/.glYBRNSr (deleted)
7f4360005000-7f4360015000 rw-s 00000000 00:06 578                        /dev/nvidia0
7f4360015000-7f4360016000 rw-s 00000000 00:06 577                        /dev/nvidiactl
7f4360016000-7f436001a000 rw-s 00000000 00:06 577                        /dev/nvidiactl
7f436001a000-7f436001b000 rw-s 00000000 00:06 578                        /dev/nvidia0
7f436001b000-7f436003b000 rw-s 00000000 00:06 577                        /dev/nvidiactl
7f436003b000-7f436003c000 rw-s 00000000 00:06 578                        /dev/nvidia0
7f436003c000-7f436007c000 rw-s 00000000 00:06 577                        /dev/nvidiactl
7f436007c000-7f436009c000 rw-s 00000000 00:06 577                        /dev/nvidiactl
7f436009c000-7f436009d000 rw-s 00000000 00:06 578                        /dev/nvidia0
7f436009d000-7f43600dd000 rw-s 00000000 00:06 577                        /dev/nvidiactl
7f43600fd000-7f43600fe000 rw-s 00000000 00:06 577                        /dev/nvidiactl
7f43600fe000-7f43600ff000 rw-s 00000000 00:06 577                        /dev/nvidiactl
7f43600ff000-7f4360106000 r--s 00000000 103:02 10095718                  /usr/lib/x86_64-linux-gnu/gconv/gconv-modules.cache
7f4360106000-7f4360107000 r--s 0002c000 08:01 21106431                   /home/sam/Downloads/lwjgl-3.2.3/lwjgl-stb/lwjgl-stb-natives-linux-arm64.jar
7f4360107000-7f4360108000 r--s 00030000 08:01 21106432                   /home/sam/Downloads/lwjgl-3.2.3/lwjgl-stb/lwjgl-stb-natives-linux.jar
7f4360108000-7f436010a000 r--s 00018000 08:01 21106437                   /home/sam/Downloads/lwjgl-3.2.3/lwjgl-stb/lwjgl-stb.jar
7f436010a000-7f436015b000 r-xp 00000000 103:02 18483173                  /tmp/lwjglsam/3.2.3-build-13/liblwjgl.so
7f436015b000-7f436035a000 ---p 00051000 103:02 18483173                  /tmp/lwjglsam/3.2.3-build-13/liblwjgl.so
7f436035a000-7f436035b000 r--p 00050000 103:02 18483173                  /tmp/lwjglsam/3.2.3-build-13/liblwjgl.so
7f436035b000-7f436035c000 rw-p 00051000 103:02 18483173                  /tmp/lwjglsam/3.2.3-build-13/liblwjgl.so
7f436035c000-7f4360372000 r-xp 00000000 103:02 9839031                   /usr/lib/jvm/java-8-openjdk-amd64/jre/lib/amd64/libnet.so
7f4360372000-7f4360571000 ---p 00016000 103:02 9839031                   /usr/lib/jvm/java-8-openjdk-amd64/jre/lib/amd64/libnet.so
7f4360571000-7f4360572000 r--p 00015000 103:02 9839031                   /usr/lib/jvm/java-8-openjdk-amd64/jre/lib/amd64/libnet.so
7f4360572000-7f4360573000 rw-p 00016000 103:02 9839031                   /usr/lib/jvm/java-8-openjdk-amd64/jre/lib/amd64/libnet.so
7f4360573000-7f4360584000 r-xp 00000000 103:02 9839036                   /usr/lib/jvm/java-8-openjdk-amd64/jre/lib/amd64/libnio.so
7f4360584000-7f4360783000 ---p 00011000 103:02 9839036                   /usr/lib/jvm/java-8-openjdk-amd64/jre/lib/amd64/libnio.so
7f4360783000-7f4360784000 r--p 00010000 103:02 9839036                   /usr/lib/jvm/java-8-openjdk-amd64/jre/lib/amd64/libnio.so
7f4360784000-7f4360785000 rw-p 00011000 103:02 9839036                   /usr/lib/jvm/java-8-openjdk-amd64/jre/lib/amd64/libnio.so
7f4360785000-7f4360798000 r--s 00346000 103:02 9839324                   /usr/lib/jvm/java-8-openjdk-amd64/jre/lib/resources.jar
7f4360798000-7f4360799000 r--s 00002000 08:01 16253464                   /home/sam/Downloads/pngdecoder-1.0.jar
7f4360799000-7f436079c000 r--s 00018000 08:01 17960240                   /home/sam/Downloads/lwjgl-3.2.3/lwjgl-glfw/lwjgl-glfw.jar
7f436079c000-7f43607a7000 r--s 000da000 08:01 19795221                   /home/sam/Downloads/lwjgl-3.2.3/lwjgl-opengl/lwjgl-opengl.jar
7f43607a7000-7f43607ae000 r--s 00081000 08:01 16518147                   /home/sam/Downloads/lwjgl-3.2.3/lwjgl/lwjgl.jar
7f43607ae000-7f43607c9000 r--s 001d6000 103:02 9839212                   /usr/lib/jvm/java-8-openjdk-amd64/jre/lib/ext/nashorn.jar
7f43607c9000-7f43607ca000 ---p 00000000 00:00 0 
7f43607ca000-7f43608ca000 rw-p 00000000 00:00 0 
7f43608ca000-7f43608cd000 ---p 00000000 00:00 0 
7f43608cd000-7f43609cb000 rw-p 00000000 00:00 0 
7f43609cb000-7f43609cc000 ---p 00000000 00:00 0 
7f43609cc000-7f43609cf000 ---p 00000000 00:00 0 
7f43609cf000-7f4360acc000 rw-p 00000000 00:00 0 
7f4360acc000-7f4360acd000 ---p 00000000 00:00 0 
7f4360acd000-7f4360ad0000 ---p 00000000 00:00 0 
7f4360ad0000-7f4360bcd000 rw-p 00000000 00:00 0 
7f4360bcd000-7f4360bce000 ---p 00000000 00:00 0 
7f4360bce000-7f4360bd1000 ---p 00000000 00:00 0 
7f4360bd1000-7f4360cce000 rw-p 00000000 00:00 0 
7f4360cce000-7f4360ccf000 ---p 00000000 00:00 0 
7f4360ccf000-7f4360cd2000 ---p 00000000 00:00 0 
7f4360cd2000-7f4360dcf000 rw-p 00000000 00:00 0 
7f4360dcf000-7f4360dd2000 ---p 00000000 00:00 0 
7f4360dd2000-7f4360ed0000 rw-p 00000000 00:00 0 
7f4360ed0000-7f436189f000 r--p 00000000 103:02 9837060                   /usr/lib/locale/locale-archive
7f436189f000-7f43618a2000 ---p 00000000 00:00 0 
7f43618a2000-7f43619a0000 rw-p 00000000 00:00 0 
7f43619a0000-7f43619a3000 ---p 00000000 00:00 0 
7f43619a3000-7f4361aa1000 rw-p 00000000 00:00 0 
7f4361aa1000-7f4361aa2000 ---p 00000000 00:00 0 
7f4361aa2000-7f4364000000 rw-p 00000000 00:00 0 
7f4364000000-7f4364021000 rw-p 00000000 00:00 0 
7f4364021000-7f4368000000 ---p 00000000 00:00 0 
7f4368000000-7f4368001000 r--s 00022000 08:01 17960234                   /home/sam/Downloads/lwjgl-3.2.3/lwjgl-glfw/lwjgl-glfw-natives-linux-arm64.jar
7f4368001000-7f4368003000 r--s 0000d000 08:01 19795215                   /home/sam/Downloads/lwjgl-3.2.3/lwjgl-opengl/lwjgl-opengl-natives-linux-arm64.jar
7f4368003000-7f4368008000 r--s 0003c000 103:02 9839214                   /usr/lib/jvm/java-8-openjdk-amd64/jre/lib/ext/sunjce_provider.jar
7f4368008000-7f4368490000 rw-p 00000000 00:00 0 
7f4368490000-7f4368660000 r--s 03c5c000 103:02 9839328                   /usr/lib/jvm/java-8-openjdk-amd64/jre/lib/rt.jar
7f4368660000-7f4378000000 rw-p 00000000 00:00 0 
7f4378000000-7f4378021000 rw-p 00000000 00:00 0 
7f4378021000-7f437c000000 ---p 00000000 00:00 0 
7f437c000000-7f437c021000 rw-p 00000000 00:00 0 
7f437c021000-7f4380000000 ---p 00000000 00:00 0 
7f4380000000-7f4380021000 rw-p 00000000 00:00 0 
7f4380021000-7f4384000000 ---p 00000000 00:00 0 
7f4384000000-7f4384021000 rw-p 00000000 00:00 0 
7f4384021000-7f4388000000 ---p 00000000 00:00 0 
7f4388000000-7f4388001000 r--s 00026000 08:01 17960235                   /home/sam/Downloads/lwjgl-3.2.3/lwjgl-glfw/lwjgl-glfw-natives-linux.jar
7f4388001000-7f4388002000 r--s 00013000 08:01 19795216                   /home/sam/Downloads/lwjgl-3.2.3/lwjgl-opengl/lwjgl-opengl-natives-linux.jar
7f4388002000-7f4388003000 r--s 0000c000 08:01 16517972                   /home/sam/Downloads/lwjgl-3.2.3/lwjgl/lwjgl-natives-linux-arm64.jar
7f4388003000-7f4389000000 rw-p 00000000 00:00 0 
7f4389000000-7f4389390000 rwxp 00000000 00:00 0 
7f4389390000-7f4398000000 ---p 00000000 00:00 0 
7f4398000000-7f439911a000 rw-p 00000000 00:00 0 
7f439911a000-7f439c000000 ---p 00000000 00:00 0 
7f439c000000-7f439c001000 r--s 00012000 08:01 16517973                   /home/sam/Downloads/lwjgl-3.2.3/lwjgl/lwjgl-natives-linux.jar
7f439c001000-7f439c004000 r--s 00039000 103:02 9839215                   /usr/lib/jvm/java-8-openjdk-amd64/jre/lib/ext/sunpkcs11.jar
7f439c004000-7f439c007000 r--s 0000f000 103:02 9839204                   /usr/lib/jvm/java-8-openjdk-amd64/jre/lib/ext/icedtea-sound.jar
7f439c007000-7f439c269000 rw-p 00000000 00:00 0 
7f439c269000-7f439c26a000 ---p 00000000 00:00 0 
7f439c26a000-7f439c36a000 rw-p 00000000 00:00 0 
7f439c36a000-7f439c36b000 ---p 00000000 00:00 0 
7f439c36b000-7f439c46b000 rw-p 00000000 00:00 0 
7f439c46b000-7f439c46c000 ---p 00000000 00:00 0 
7f439c46c000-7f439c56c000 rw-p 00000000 00:00 0 
7f439c56c000-7f439c56d000 ---p 00000000 00:00 0 
7f439c56d000-7f439c66d000 rw-p 00000000 00:00 0 
7f439c66d000-7f439c66e000 ---p 00000000 00:00 0 
7f439c66e000-7f439c76e000 rw-p 00000000 00:00 0 
7f439c76e000-7f439c76f000 ---p 00000000 00:00 0 
7f439c76f000-7f439c86f000 rw-p 00000000 00:00 0 
7f439c86f000-7f439c870000 ---p 00000000 00:00 0 
7f439c870000-7f439c970000 rw-p 00000000 00:00 0 
7f439c970000-7f439c971000 ---p 00000000 00:00 0 
7f439c971000-7f439ca71000 rw-p 00000000 00:00 0 
7f439ca71000-7f439ca72000 ---p 00000000 00:00 0 
7f439ca72000-7f439cb72000 rw-p 00000000 00:00 0 
7f439cb72000-7f439cb73000 ---p 00000000 00:00 0 
7f439cb73000-7f439cd1a000 rw-p 00000000 00:00 0 
7f439cd1a000-7f439d6da000 ---p 00000000 00:00 0 
7f439d6da000-7f439d781000 rw-p 00000000 00:00 0 
7f439d781000-7f439e140000 ---p 00000000 00:00 0 
7f439e140000-7f439e194000 rw-p 00000000 00:00 0 
7f439e194000-7f439e674000 ---p 00000000 00:00 0 
7f439e674000-7f439e684000 rw-p 00000000 00:00 0 
7f439e684000-7f439ea35000 ---p 00000000 00:00 0 
7f439ea35000-7f439ea3d000 r-xp 00000000 103:02 9839091                   /usr/lib/jvm/java-8-openjdk-amd64/jre/lib/amd64/libzip.so
7f439ea3d000-7f439ec3c000 ---p 00008000 103:02 9839091                   /usr/lib/jvm/java-8-openjdk-amd64/jre/lib/amd64/libzip.so
7f439ec3c000-7f439ec3d000 r--p 00007000 103:02 9839091                   /usr/lib/jvm/java-8-openjdk-amd64/jre/lib/amd64/libzip.so
7f439ec3d000-7f439ec3e000 rw-p 00008000 103:02 9839091                   /usr/lib/jvm/java-8-openjdk-amd64/jre/lib/amd64/libzip.so
7f439ec3e000-7f439ec49000 r-xp 00000000 103:02 22942476                  /lib/x86_64-linux-gnu/libnss_files-2.27.so
7f439ec49000-7f439ee48000 ---p 0000b000 103:02 22942476                  /lib/x86_64-linux-gnu/libnss_files-2.27.so
7f439ee48000-7f439ee49000 r--p 0000a000 103:02 22942476                  /lib/x86_64-linux-gnu/libnss_files-2.27.so
7f439ee49000-7f439ee4a000 rw-p 0000b000 103:02 22942476                  /lib/x86_64-linux-gnu/libnss_files-2.27.so
7f439ee4a000-7f439ee50000 rw-p 00000000 00:00 0 
7f439ee50000-7f439ee67000 r-xp 00000000 103:02 22942470                  /lib/x86_64-linux-gnu/libnsl-2.27.so
7f439ee67000-7f439f066000 ---p 00017000 103:02 22942470                  /lib/x86_64-linux-gnu/libnsl-2.27.so
7f439f066000-7f439f067000 r--p 00016000 103:02 22942470                  /lib/x86_64-linux-gnu/libnsl-2.27.so
7f439f067000-7f439f068000 rw-p 00017000 103:02 22942470                  /lib/x86_64-linux-gnu/libnsl-2.27.so
7f439f068000-7f439f06a000 rw-p 00000000 00:00 0 
7f439f06a000-7f439f075000 r-xp 00000000 103:02 22942487                  /lib/x86_64-linux-gnu/libnss_nis-2.27.so
7f439f075000-7f439f274000 ---p 0000b000 103:02 22942487                  /lib/x86_64-linux-gnu/libnss_nis-2.27.so
7f439f274000-7f439f275000 r--p 0000a000 103:02 22942487                  /lib/x86_64-linux-gnu/libnss_nis-2.27.so
7f439f275000-7f439f276000 rw-p 0000b000 103:02 22942487                  /lib/x86_64-linux-gnu/libnss_nis-2.27.so
7f439f276000-7f439f27e000 r-xp 00000000 103:02 22942472                  /lib/x86_64-linux-gnu/libnss_compat-2.27.so
7f439f27e000-7f439f47e000 ---p 00008000 103:02 22942472                  /lib/x86_64-linux-gnu/libnss_compat-2.27.so
7f439f47e000-7f439f47f000 r--p 00008000 103:02 22942472                  /lib/x86_64-linux-gnu/libnss_compat-2.27.so
7f439f47f000-7f439f480000 rw-p 00009000 103:02 22942472                  /lib/x86_64-linux-gnu/libnss_compat-2.27.so
7f439f480000-7f439f4aa000 r-xp 00000000 103:02 9838982                   /usr/lib/jvm/java-8-openjdk-amd64/jre/lib/amd64/libjava.so
7f439f4aa000-7f439f6a9000 ---p 0002a000 103:02 9838982                   /usr/lib/jvm/java-8-openjdk-amd64/jre/lib/amd64/libjava.so
7f439f6a9000-7f439f6aa000 r--p 00029000 103:02 9838982                   /usr/lib/jvm/java-8-openjdk-amd64/jre/lib/amd64/libjava.so
7f439f6aa000-7f439f6ac000 rw-p 0002a000 103:02 9838982                   /usr/lib/jvm/java-8-openjdk-amd64/jre/lib/amd64/libjava.so
7f439f6ac000-7f439f6bc000 r-xp 00000000 103:02 9839073                   /usr/lib/jvm/java-8-openjdk-amd64/jre/lib/amd64/libverify.so
7f439f6bc000-7f439f8bb000 ---p 00010000 103:02 9839073                   /usr/lib/jvm/java-8-openjdk-amd64/jre/lib/amd64/libverify.so
7f439f8bb000-7f439f8bd000 r--p 0000f000 103:02 9839073                   /usr/lib/jvm/java-8-openjdk-amd64/jre/lib/amd64/libverify.so
7f439f8bd000-7f439f8be000 rw-p 00011000 103:02 9839073                   /usr/lib/jvm/java-8-openjdk-amd64/jre/lib/amd64/libverify.so
7f439f8be000-7f439f8c5000 r-xp 00000000 103:02 22942527                  /lib/x86_64-linux-gnu/librt-2.27.so
7f439f8c5000-7f439fac4000 ---p 00007000 103:02 22942527                  /lib/x86_64-linux-gnu/librt-2.27.so
7f439fac4000-7f439fac5000 r--p 00006000 103:02 22942527                  /lib/x86_64-linux-gnu/librt-2.27.so
7f439fac5000-7f439fac6000 rw-p 00007000 103:02 22942527                  /lib/x86_64-linux-gnu/librt-2.27.so
7f439fac6000-7f439fadd000 r-xp 00000000 103:02 22937606                  /lib/x86_64-linux-gnu/libgcc_s.so.1
7f439fadd000-7f439fcdc000 ---p 00017000 103:02 22937606                  /lib/x86_64-linux-gnu/libgcc_s.so.1
7f439fcdc000-7f439fcdd000 r--p 00016000 103:02 22937606                  /lib/x86_64-linux-gnu/libgcc_s.so.1
7f439fcdd000-7f439fcde000 rw-p 00017000 103:02 22937606                  /lib/x86_64-linux-gnu/libgcc_s.so.1
7f439fcde000-7f439fe7b000 r-xp 00000000 103:02 22942449                  /lib/x86_64-linux-gnu/libm-2.27.so
7f439fe7b000-7f43a007a000 ---p 0019d000 103:02 22942449                  /lib/x86_64-linux-gnu/libm-2.27.so
7f43a007a000-7f43a007b000 r--p 0019c000 103:02 22942449                  /lib/x86_64-linux-gnu/libm-2.27.so
7f43a007b000-7f43a007c000 rw-p 0019d000 103:02 22942449                  /lib/x86_64-linux-gnu/libm-2.27.so
7f43a007c000-7f43a01f5000 r-xp 00000000 103:02 9830530                   /usr/lib/x86_64-linux-gnu/libstdc++.so.6.0.25
7f43a01f5000-7f43a03f5000 ---p 00179000 103:02 9830530                   /usr/lib/x86_64-linux-gnu/libstdc++.so.6.0.25
7f43a03f5000-7f43a03ff000 r--p 00179000 103:02 9830530                   /usr/lib/x86_64-linux-gnu/libstdc++.so.6.0.25
7f43a03ff000-7f43a0401000 rw-p 00183000 103:02 9830530                   /usr/lib/x86_64-linux-gnu/libstdc++.so.6.0.25
7f43a0401000-7f43a0405000 rw-p 00000000 00:00 0 
7f43a0405000-7f43a10a4000 r-xp 00000000 103:02 9839139                   /usr/lib/jvm/java-8-openjdk-amd64/jre/lib/amd64/server/libjvm.so
7f43a10a4000-7f43a12a4000 ---p 00c9f000 103:02 9839139                   /usr/lib/jvm/java-8-openjdk-amd64/jre/lib/amd64/server/libjvm.so
7f43a12a4000-7f43a1338000 r--p 00c9f000 103:02 9839139                   /usr/lib/jvm/java-8-openjdk-amd64/jre/lib/amd64/server/libjvm.so
7f43a1338000-7f43a1361000 rw-p 00d33000 103:02 9839139                   /usr/lib/jvm/java-8-openjdk-amd64/jre/lib/amd64/server/libjvm.so
7f43a1361000-7f43a1391000 rw-p 00000000 00:00 0 
7f43a1391000-7f43a13ab000 r-xp 00000000 103:02 22942519                  /lib/x86_64-linux-gnu/libpthread-2.27.so
7f43a13ab000-7f43a15aa000 ---p 0001a000 103:02 22942519                  /lib/x86_64-linux-gnu/libpthread-2.27.so
7f43a15aa000-7f43a15ab000 r--p 00019000 103:02 22942519                  /lib/x86_64-linux-gnu/libpthread-2.27.so
7f43a15ab000-7f43a15ac000 rw-p 0001a000 103:02 22942519                  /lib/x86_64-linux-gnu/libpthread-2.27.so
7f43a15ac000-7f43a15b0000 rw-p 00000000 00:00 0 
7f43a15b0000-7f43a15b3000 r-xp 00000000 103:02 22942409                  /lib/x86_64-linux-gnu/libdl-2.27.so
7f43a15b3000-7f43a17b2000 ---p 00003000 103:02 22942409                  /lib/x86_64-linux-gnu/libdl-2.27.so
7f43a17b2000-7f43a17b3000 r--p 00002000 103:02 22942409                  /lib/x86_64-linux-gnu/libdl-2.27.so
7f43a17b3000-7f43a17b4000 rw-p 00003000 103:02 22942409                  /lib/x86_64-linux-gnu/libdl-2.27.so
7f43a17b4000-7f43a17d0000 r-xp 00000000 103:02 22942558                  /lib/x86_64-linux-gnu/libz.so.1.2.11
7f43a17d0000-7f43a19cf000 ---p 0001c000 103:02 22942558                  /lib/x86_64-linux-gnu/libz.so.1.2.11
7f43a19cf000-7f43a19d0000 r--p 0001b000 103:02 22942558                  /lib/x86_64-linux-gnu/libz.so.1.2.11
7f43a19d0000-7f43a19d1000 rw-p 0001c000 103:02 22942558                  /lib/x86_64-linux-gnu/libz.so.1.2.11
7f43a19d1000-7f43a1bb8000 r-xp 00000000 103:02 22942386                  /lib/x86_64-linux-gnu/libc-2.27.so
7f43a1bb8000-7f43a1db8000 ---p 001e7000 103:02 22942386                  /lib/x86_64-linux-gnu/libc-2.27.so
7f43a1db8000-7f43a1dbc000 r--p 001e7000 103:02 22942386                  /lib/x86_64-linux-gnu/libc-2.27.so
7f43a1dbc000-7f43a1dbe000 rw-p 001eb000 103:02 22942386                  /lib/x86_64-linux-gnu/libc-2.27.so
7f43a1dbe000-7f43a1dc2000 rw-p 00000000 00:00 0 
7f43a1dc2000-7f43a1dd0000 r-xp 00000000 103:02 9838942                   /usr/lib/jvm/java-8-openjdk-amd64/jre/lib/amd64/jli/libjli.so
7f43a1dd0000-7f43a1fcf000 ---p 0000e000 103:02 9838942                   /usr/lib/jvm/java-8-openjdk-amd64/jre/lib/amd64/jli/libjli.so
7f43a1fcf000-7f43a1fd0000 r--p 0000d000 103:02 9838942                   /usr/lib/jvm/java-8-openjdk-amd64/jre/lib/amd64/jli/libjli.so
7f43a1fd0000-7f43a1fd1000 rw-p 0000e000 103:02 9838942                   /usr/lib/jvm/java-8-openjdk-amd64/jre/lib/amd64/jli/libjli.so
7f43a1fd1000-7f43a1ff8000 r-xp 00000000 103:02 22942358                  /lib/x86_64-linux-gnu/ld-2.27.so
7f43a1ff8000-7f43a1ff9000 r--s 0000a000 103:02 9839205                   /usr/lib/jvm/java-8-openjdk-amd64/jre/lib/ext/jaccess.jar
7f43a1ff9000-7f43a2014000 r--s 00394000 103:02 9839202                   /usr/lib/jvm/java-8-openjdk-amd64/jre/lib/ext/cldrdata.jar
7f43a2014000-7f43a20d9000 rw-p 00000000 00:00 0 
7f43a20d9000-7f43a20da000 ---p 00000000 00:00 0 
7f43a20da000-7f43a20dd000 ---p 00000000 00:00 0 
7f43a20dd000-7f43a21dc000 rw-p 00000000 00:00 0 
7f43a21dc000-7f43a21de000 r--s 00001000 103:02 9839203                   /usr/lib/jvm/java-8-openjdk-amd64/jre/lib/ext/dnsns.jar
7f43a21de000-7f43a21e8000 r--s 00116000 103:02 9839206                   /usr/lib/jvm/java-8-openjdk-amd64/jre/lib/ext/localedata.jar
7f43a21e8000-7f43a21ea000 r--s 00007000 103:02 10224650                  /usr/share/java/java-atk-wrapper.jar
7f43a21ea000-7f43a21eb000 r--s 0000d000 103:02 9839213                   /usr/lib/jvm/java-8-openjdk-amd64/jre/lib/ext/sunec.jar
7f43a21eb000-7f43a21ec000 r--s 00010000 103:02 9839216                   /usr/lib/jvm/java-8-openjdk-amd64/jre/lib/ext/zipfs.jar
7f43a21ec000-7f43a21f4000 rw-s 00000000 103:02 18483149                  /tmp/hsperfdata_sam/9804
7f43a21f4000-7f43a21f5000 rw-p 00000000 00:00 0 
7f43a21f5000-7f43a21f6000 r--p 00000000 00:00 0 
7f43a21f6000-7f43a21f8000 rw-p 00000000 00:00 0 
7f43a21f8000-7f43a21f9000 r--p 00027000 103:02 22942358                  /lib/x86_64-linux-gnu/ld-2.27.so
7f43a21f9000-7f43a21fa000 rw-p 00028000 103:02 22942358                  /lib/x86_64-linux-gnu/ld-2.27.so
7f43a21fa000-7f43a21fb000 rw-p 00000000 00:00 0 
7ffca4941000-7ffca4962000 rw-p 00000000 00:00 0                          [stack]
7ffca49cb000-7ffca49ce000 r--p 00000000 00:00 0                          [vvar]
7ffca49ce000-7ffca49cf000 r-xp 00000000 00:00 0                          [vdso]
ffffffffff600000-ffffffffff601000 --xp 00000000 00:00 0                  [vsyscall]

VM Arguments:
jvm_args: -Dfile.encoding=UTF-8 
java_command: main.Main
java_class_path (initial): /home/sam/Downloads/lwjgl-3.2.3/lwjgl/lwjgl.jar:/home/sam/Downloads/lwjgl-3.2.3/lwjgl/lwjgl-natives-linux.jar:/home/sam/Downloads/lwjgl-3.2.3/lwjgl/lwjgl-natives-linux-arm64.jar:/home/sam/Downloads/lwjgl-3.2.3/lwjgl-opengl/lwjgl-opengl.jar:/home/sam/Downloads/lwjgl-3.2.3/lwjgl-opengl/lwjgl-opengl-natives-linux.jar:/home/sam/Downloads/lwjgl-3.2.3/lwjgl-opengl/lwjgl-opengl-natives-linux-arm64.jar:/home/sam/Downloads/lwjgl-3.2.3/lwjgl-glfw/lwjgl-glfw.jar:/home/sam/Downloads/lwjgl-3.2.3/lwjgl-glfw/lwjgl-glfw-natives-linux.jar:/home/sam/Downloads/lwjgl-3.2.3/lwjgl-glfw/lwjgl-glfw-natives-linux-arm64.jar:/home/sam/Downloads/pngdecoder-1.0.jar:/home/sam/eclipse/workspace/LWJGL-ENGINE/bin:/home/sam/Downloads/lwjgl-3.2.3/lwjgl-stb/lwjgl-stb.jar:/home/sam/Downloads/lwjgl-3.2.3/lwjgl-stb/lwjgl-stb-natives-linux.jar:/home/sam/Downloads/lwjgl-3.2.3/lwjgl-stb/lwjgl-stb-natives-linux-arm64.jar
Launcher Type: SUN_STANDARD

Environment Variables:
PATH=/usr/local/sbin:/usr/local/bin:/usr/sbin:/usr/bin:/sbin:/bin:/usr/games:/usr/local/games:/snap/bin
USERNAME=sam
SHELL=/bin/bash
DISPLAY=:0

Signal Handlers:
SIGSEGV: [libjvm.so+0xab92f0], sa_mask[0]=11111111011111111101111111111110, sa_flags=SA_RESTART|SA_SIGINFO
SIGBUS: [libjvm.so+0xab92f0], sa_mask[0]=11111111011111111101111111111110, sa_flags=SA_RESTART|SA_SIGINFO
SIGFPE: [libjvm.so+0x8ee560], sa_mask[0]=11111111011111111101111111111110, sa_flags=SA_RESTART|SA_SIGINFO
SIGPIPE: [libjvm.so+0x8ee560], sa_mask[0]=11111111011111111101111111111110, sa_flags=SA_RESTART|SA_SIGINFO
SIGXFSZ: [libjvm.so+0x8ee560], sa_mask[0]=11111111011111111101111111111110, sa_flags=SA_RESTART|SA_SIGINFO
SIGILL: [libjvm.so+0x8ee560], sa_mask[0]=11111111011111111101111111111110, sa_flags=SA_RESTART|SA_SIGINFO
SIGUSR1: SIG_DFL, sa_mask[0]=00000000000000000000000000000000, sa_flags=none
SIGUSR2: [libjvm.so+0x8ee410], sa_mask[0]=00100000000000000000000000000000, sa_flags=SA_RESTART|SA_SIGINFO
SIGHUP: [libjvm.so+0x8eea80], sa_mask[0]=11111111011111111101111111111110, sa_flags=SA_RESTART|SA_SIGINFO
SIGINT: [libjvm.so+0x8eea80], sa_mask[0]=11111111011111111101111111111110, sa_flags=SA_RESTART|SA_SIGINFO
SIGTERM: [libjvm.so+0x8eea80], sa_mask[0]=11111111011111111101111111111110, sa_flags=SA_RESTART|SA_SIGINFO
SIGQUIT: [libjvm.so+0x8eea80], sa_mask[0]=11111111011111111101111111111110, sa_flags=SA_RESTART|SA_SIGINFO


---------------  S Y S T E M  ---------------

OS:DISTRIB_ID=Ubuntu
DISTRIB_RELEASE=18.04
DISTRIB_CODENAME=bionic
DISTRIB_DESCRIPTION="Ubuntu 18.04.2 LTS"

uname:Linux 5.3.0-23-generic #25~18.04.1-Ubuntu SMP Tue Nov 12 10:58:57 UTC 2019 x86_64
libc:glibc 2.27 NPTL 2.27 
rlimit: STACK 8192k, CORE 0k, NPROC 127605, NOFILE 1048576, AS infinity
load average:0.54 0.71 0.73

/proc/meminfo:
MemTotal:       32713520 kB
MemFree:        28023012 kB
MemAvailable:   29227636 kB
Buffers:          213828 kB
Cached:          1433976 kB
SwapCached:            0 kB
Active:          3377124 kB
Inactive:         830912 kB
Active(anon):    2602088 kB
Inactive(anon):    82080 kB
Active(file):     775036 kB
Inactive(file):   748832 kB
Unevictable:       40640 kB
Mlocked:             176 kB
SwapTotal:       2097148 kB
SwapFree:        2097148 kB
Dirty:                56 kB
Writeback:             0 kB
AnonPages:       2601092 kB
Mapped:           468408 kB
Shmem:            123944 kB
KReclaimable:     100216 kB
Slab:             191828 kB
SReclaimable:     100216 kB
SUnreclaim:        91612 kB
KernelStack:       16608 kB
PageTables:        58472 kB
NFS_Unstable:          0 kB
Bounce:                0 kB
WritebackTmp:          0 kB
CommitLimit:    18453908 kB
Committed_AS:    9115856 kB
VmallocTotal:   34359738367 kB
VmallocUsed:       59348 kB
VmallocChunk:          0 kB
Percpu:             5760 kB
HardwareCorrupted:     0 kB
AnonHugePages:         0 kB
ShmemHugePages:        0 kB
ShmemPmdMapped:        0 kB
CmaTotal:              0 kB
CmaFree:               0 kB
HugePages_Total:       0
HugePages_Free:        0
HugePages_Rsvd:        0
HugePages_Surp:        0
Hugepagesize:       2048 kB
Hugetlb:               0 kB
DirectMap4k:      375456 kB
DirectMap2M:     5742592 kB
DirectMap1G:    27262976 kB

container (cgroup) information:
container_type: cgroupv1
cpu_cpuset_cpus: 0-11
cpu_memory_nodes: 0
active_processor_count: 12
cpu_quota: -1
cpu_period: 100000
cpu_shares: -1
memory_limit_in_bytes: -1
memory_and_swap_limit_in_bytes: -2
memory_soft_limit_in_bytes: -1
memory_usage_in_bytes: 4351008768
memory_max_usage_in_bytes: 0


CPU:total 12 (initial active 12) (6 cores per cpu, 2 threads per core) family 6 model 158 stepping 10, cmov, cx8, fxsr, mmx, sse, sse2, sse3, ssse3, sse4.1, sse4.2, popcnt, avx, avx2, aes, clmul, erms, 3dnowpref, lzcnt, ht, tsc, tscinvbit, bmi1, bmi2, adx

/proc/cpuinfo:
processor	: 0
vendor_id	: GenuineIntel
cpu family	: 6
model		: 158
model name	: Intel(R) Core(TM) i7-8750H CPU @ 2.20GHz
stepping	: 10
microcode	: 0xca
cpu MHz		: 3900.461
cache size	: 9216 KB
physical id	: 0
siblings	: 12
core id		: 0
cpu cores	: 6
apicid		: 0
initial apicid	: 0
fpu		: yes
fpu_exception	: yes
cpuid level	: 22
wp		: yes
flags		: fpu vme de pse tsc msr pae mce cx8 apic sep mtrr pge mca cmov pat pse36 clflush dts acpi mmx fxsr sse sse2 ss ht tm pbe syscall nx pdpe1gb rdtscp lm constant_tsc art arch_perfmon pebs bts rep_good nopl xtopology nonstop_tsc cpuid aperfmperf pni pclmulqdq dtes64 monitor ds_cpl vmx est tm2 ssse3 sdbg fma cx16 xtpr pdcm pcid sse4_1 sse4_2 x2apic movbe popcnt tsc_deadline_timer aes xsave avx f16c rdrand lahf_lm abm 3dnowprefetch cpuid_fault epb invpcid_single pti ssbd ibrs ibpb stibp tpr_shadow vnmi flexpriority ept vpid ept_ad fsgsbase tsc_adjust bmi1 avx2 smep bmi2 erms invpcid mpx rdseed adx smap clflushopt intel_pt xsaveopt xsavec xgetbv1 xsaves dtherm ida arat pln pts hwp hwp_notify hwp_act_window hwp_epp md_clear flush_l1d
bugs		: cpu_meltdown spectre_v1 spectre_v2 spec_store_bypass l1tf mds swapgs itlb_multihit
bogomips	: 4399.99
clflush size	: 64
cache_alignment	: 64
address sizes	: 39 bits physical, 48 bits virtual
power management:

processor	: 1
vendor_id	: GenuineIntel
cpu family	: 6
model		: 158
model name	: Intel(R) Core(TM) i7-8750H CPU @ 2.20GHz
stepping	: 10
microcode	: 0xca
cpu MHz		: 3900.518
cache size	: 9216 KB
physical id	: 0
siblings	: 12
core id		: 1
cpu cores	: 6
apicid		: 2
initial apicid	: 2
fpu		: yes
fpu_exception	: yes
cpuid level	: 22
wp		: yes
flags		: fpu vme de pse tsc msr pae mce cx8 apic sep mtrr pge mca cmov pat pse36 clflush dts acpi mmx fxsr sse sse2 ss ht tm pbe syscall nx pdpe1gb rdtscp lm constant_tsc art arch_perfmon pebs bts rep_good nopl xtopology nonstop_tsc cpuid aperfmperf pni pclmulqdq dtes64 monitor ds_cpl vmx est tm2 ssse3 sdbg fma cx16 xtpr pdcm pcid sse4_1 sse4_2 x2apic movbe popcnt tsc_deadline_timer aes xsave avx f16c rdrand lahf_lm abm 3dnowprefetch cpuid_fault epb invpcid_single pti ssbd ibrs ibpb stibp tpr_shadow vnmi flexpriority ept vpid ept_ad fsgsbase tsc_adjust bmi1 avx2 smep bmi2 erms invpcid mpx rdseed adx smap clflushopt intel_pt xsaveopt xsavec xgetbv1 xsaves dtherm ida arat pln pts hwp hwp_notify hwp_act_window hwp_epp md_clear flush_l1d
bugs		: cpu_meltdown spectre_v1 spectre_v2 spec_store_bypass l1tf mds swapgs itlb_multihit
bogomips	: 4399.99
clflush size	: 64
cache_alignment	: 64
address sizes	: 39 bits physical, 48 bits virtual
power management:

processor	: 2
vendor_id	: GenuineIntel
cpu family	: 6
model		: 158
model name	: Intel(R) Core(TM) i7-8750H CPU @ 2.20GHz
stepping	: 10
microcode	: 0xca
cpu MHz		: 3900.217
cache size	: 9216 KB
physical id	: 0
siblings	: 12
core id		: 2
cpu cores	: 6
apicid		: 4
initial apicid	: 4
fpu		: yes
fpu_exception	: yes
cpuid level	: 22
wp		: yes
flags		: fpu vme de pse tsc msr pae mce cx8 apic sep mtrr pge mca cmov pat pse36 clflush dts acpi mmx fxsr sse sse2 ss ht tm pbe syscall nx pdpe1gb rdtscp lm constant_tsc art arch_perfmon pebs bts rep_good nopl xtopology nonstop_tsc cpuid aperfmperf pni pclmulqdq dtes64 monitor ds_cpl vmx est tm2 ssse3 sdbg fma cx16 xtpr pdcm pcid sse4_1 sse4_2 x2apic movbe popcnt tsc_deadline_timer aes xsave avx f16c rdrand lahf_lm abm 3dnowprefetch cpuid_fault epb invpcid_single pti ssbd ibrs ibpb stibp tpr_shadow vnmi flexpriority ept vpid ept_ad fsgsbase tsc_adjust bmi1 avx2 smep bmi2 erms invpcid mpx rdseed adx smap clflushopt intel_pt xsaveopt xsavec xgetbv1 xsaves dtherm ida arat pln pts hwp hwp_notify hwp_act_window hwp_epp md_clear flush_l1d
bugs		: cpu_meltdown spectre_v1 spectre_v2 spec_store_bypass l1tf mds swapgs itlb_multihit
bogomips	: 4399.99
clflush size	: 64
cache_alignment	: 64
address sizes	: 39 bits physical, 48 bits virtual
power management:

processor	: 3
vendor_id	: GenuineIntel
cpu family	: 6
model		: 158
model name	: Intel(R) Core(TM) i7-8750H CPU @ 2.20GHz
stepping	: 10
microcode	: 0xca
cpu MHz		: 3900.063
cache size	: 9216 KB
physical id	: 0
siblings	: 12
core id		: 3
cpu cores	: 6
apicid		: 6
initial apicid	: 6
fpu		: yes
fpu_exception	: yes
cpuid level	: 22
wp		: yes
flags		: fpu vme de pse tsc msr pae mce cx8 apic sep mtrr pge mca cmov pat pse36 clflush dts acpi mmx fxsr sse sse2 ss ht tm pbe syscall nx pdpe1gb rdtscp lm constant_tsc art arch_perfmon pebs bts rep_good nopl xtopology nonstop_tsc cpuid aperfmperf pni pclmulqdq dtes64 monitor ds_cpl vmx est tm2 ssse3 sdbg fma cx16 xtpr pdcm pcid sse4_1 sse4_2 x2apic movbe popcnt tsc_deadline_timer aes xsave avx f16c rdrand lahf_lm abm 3dnowprefetch cpuid_fault epb invpcid_single pti ssbd ibrs ibpb stibp tpr_shadow vnmi flexpriority ept vpid ept_ad fsgsbase tsc_adjust bmi1 avx2 smep bmi2 erms invpcid mpx rdseed adx smap clflushopt intel_pt xsaveopt xsavec xgetbv1 xsaves dtherm ida arat pln pts hwp hwp_notify hwp_act_window hwp_epp md_clear flush_l1d
bugs		: cpu_meltdown spectre_v1 spectre_v2 spec_store_bypass l1tf mds swapgs itlb_multihit
bogomips	: 4399.99
clflush size	: 64
cache_alignment	: 64
address sizes	: 39 bits physical, 48 bits virtual
power management:

processor	: 4
vendor_id	: GenuineIntel
cpu family	: 6
model		: 158
model name	: Intel(R) Core(TM) i7-8750H CPU @ 2.20GHz
stepping	: 10
microcode	: 0xca
cpu MHz		: 3900.046
cache size	: 9216 KB
physical id	: 0
siblings	: 12
core id		: 4
cpu cores	: 6
apicid		: 8
initial apicid	: 8
fpu		: yes
fpu_exception	: yes
cpuid level	: 22
wp		: yes
flags		: fpu vme de pse tsc msr pae mce cx8 apic sep mtrr pge mca cmov pat pse36 clflush dts acpi mmx fxsr sse sse2 ss ht tm pbe syscall nx pdpe1gb rdtscp lm constant_tsc art arch_perfmon pebs bts rep_good nopl xtopology nonstop_tsc cpuid aperfmperf pni pclmulqdq dtes64 monitor ds_cpl vmx est tm2 ssse3 sdbg fma cx16 xtpr pdcm pcid sse4_1 sse4_2 x2apic movbe popcnt tsc_deadline_timer aes xsave avx f16c rdrand lahf_lm abm 3dnowprefetch cpuid_fault epb invpcid_single pti ssbd ibrs ibpb stibp tpr_shadow vnmi flexpriority ept vpid ept_ad fsgsbase tsc_adjust bmi1 avx2 smep bmi2 erms invpcid mpx rdseed adx smap clflushopt intel_pt xsaveopt xsavec xgetbv1 xsaves dtherm ida arat pln pts hwp hwp_notify hwp_act_window hwp_epp md_clear flush_l1d
bugs		: cpu_meltdown spectre_v1 spectre_v2 spec_store_bypass l1tf mds swapgs itlb_multihit
bogomips	: 4399.99
clflush size	: 64
cache_alignment	: 64
address sizes	: 39 bits physical, 48 bits virtual
power management:

processor	: 5
vendor_id	: GenuineIntel
cpu family	: 6
model		: 158
model name	: Intel(R) Core(TM) i7-8750H CPU @ 2.20GHz
stepping	: 10
microcode	: 0xca
cpu MHz		: 3899.745
cache size	: 9216 KB
physical id	: 0
siblings	: 12
core id		: 5
cpu cores	: 6
apicid		: 10
initial apicid	: 10
fpu		: yes
fpu_exception	: yes
cpuid level	: 22
wp		: yes
flags		: fpu vme de pse tsc msr pae mce cx8 apic sep mtrr pge mca cmov pat pse36 clflush dts acpi mmx fxsr sse sse2 ss ht tm pbe syscall nx pdpe1gb rdtscp lm constant_tsc art arch_perfmon pebs bts rep_good nopl xtopology nonstop_tsc cpuid aperfmperf pni pclmulqdq dtes64 monitor ds_cpl vmx est tm2 ssse3 sdbg fma cx16 xtpr pdcm pcid sse4_1 sse4_2 x2apic movbe popcnt tsc_deadline_timer aes xsave avx f16c rdrand lahf_lm abm 3dnowprefetch cpuid_fault epb invpcid_single pti ssbd ibrs ibpb stibp tpr_shadow vnmi flexpriority ept vpid ept_ad fsgsbase tsc_adjust bmi1 avx2 smep bmi2 erms invpcid mpx rdseed adx smap clflushopt intel_pt xsaveopt xsavec xgetbv1 xsaves dtherm ida arat pln pts hwp hwp_notify hwp_act_window hwp_epp md_clear flush_l1d
bugs		: cpu_meltdown spectre_v1 spectre_v2 spec_store_bypass l1tf mds swapgs itlb_multihit
bogomips	: 4399.99
clflush size	: 64
cache_alignment	: 64
address sizes	: 39 bits physical, 48 bits virtual
power management:

processor	: 6
vendor_id	: GenuineIntel
cpu family	: 6
model		: 158
model name	: Intel(R) Core(TM) i7-8750H CPU @ 2.20GHz
stepping	: 10
microcode	: 0xca
cpu MHz		: 3900.465
cache size	: 9216 KB
physical id	: 0
siblings	: 12
core id		: 0
cpu cores	: 6
apicid		: 1
initial apicid	: 1
fpu		: yes
fpu_exception	: yes
cpuid level	: 22
wp		: yes
flags		: fpu vme de pse tsc msr pae mce cx8 apic sep mtrr pge mca cmov pat pse36 clflush dts acpi mmx fxsr sse sse2 ss ht tm pbe syscall nx pdpe1gb rdtscp lm constant_tsc art arch_perfmon pebs bts rep_good nopl xtopology nonstop_tsc cpuid aperfmperf pni pclmulqdq dtes64 monitor ds_cpl vmx est tm2 ssse3 sdbg fma cx16 xtpr pdcm pcid sse4_1 sse4_2 x2apic movbe popcnt tsc_deadline_timer aes xsave avx f16c rdrand lahf_lm abm 3dnowprefetch cpuid_fault epb invpcid_single pti ssbd ibrs ibpb stibp tpr_shadow vnmi flexpriority ept vpid ept_ad fsgsbase tsc_adjust bmi1 avx2 smep bmi2 erms invpcid mpx rdseed adx smap clflushopt intel_pt xsaveopt xsavec xgetbv1 xsaves dtherm ida arat pln pts hwp hwp_notify hwp_act_window hwp_epp md_clear flush_l1d
bugs		: cpu_meltdown spectre_v1 spectre_v2 spec_store_bypass l1tf mds swapgs itlb_multihit
bogomips	: 4399.99
clflush size	: 64
cache_alignment	: 64
address sizes	: 39 bits physical, 48 bits virtual
power management:

processor	: 7
vendor_id	: GenuineIntel
cpu family	: 6
model		: 158
model name	: Intel(R) Core(TM) i7-8750H CPU @ 2.20GHz
stepping	: 10
microcode	: 0xca
cpu MHz		: 3900.266
cache size	: 9216 KB
physical id	: 0
siblings	: 12
core id		: 1
cpu cores	: 6
apicid		: 3
initial apicid	: 3
fpu		: yes
fpu_exception	: yes
cpuid level	: 22
wp		: yes
flags		: fpu vme de pse tsc msr pae mce cx8 apic sep mtrr pge mca cmov pat pse36 clflush dts acpi mmx fxsr sse sse2 ss ht tm pbe syscall nx pdpe1gb rdtscp lm constant_tsc art arch_perfmon pebs bts rep_good nopl xtopology nonstop_tsc cpuid aperfmperf pni pclmulqdq dtes64 monitor ds_cpl vmx est tm2 ssse3 sdbg fma cx16 xtpr pdcm pcid sse4_1 sse4_2 x2apic movbe popcnt tsc_deadline_timer aes xsave avx f16c rdrand lahf_lm abm 3dnowprefetch cpuid_fault epb invpcid_single pti ssbd ibrs ibpb stibp tpr_shadow vnmi flexpriority ept vpid ept_ad fsgsbase tsc_adjust bmi1 avx2 smep bmi2 erms invpcid mpx rdseed adx smap clflushopt intel_pt xsaveopt xsavec xgetbv1 xsaves dtherm ida arat pln pts hwp hwp_notify hwp_act_window hwp_epp md_clear flush_l1d
bugs		: cpu_meltdown spectre_v1 spectre_v2 spec_store_bypass l1tf mds swapgs itlb_multihit
bogomips	: 4399.99
clflush size	: 64
cache_alignment	: 64
address sizes	: 39 bits physical, 48 bits virtual
power management:

processor	: 8
vendor_id	: GenuineIntel
cpu family	: 6
model		: 158
model name	: Intel(R) Core(TM) i7-8750H CPU @ 2.20GHz
stepping	: 10
microcode	: 0xca
cpu MHz		: 3900.003
cache size	: 9216 KB
physical id	: 0
siblings	: 12
core id		: 2
cpu cores	: 6
apicid		: 5
initial apicid	: 5
fpu		: yes
fpu_exception	: yes
cpuid level	: 22
wp		: yes
flags		: fpu vme de pse tsc msr pae mce cx8 apic sep mtrr pge mca cmov pat pse36 clflush dts acpi mmx fxsr sse sse2 ss ht tm pbe syscall nx pdpe1gb rdtscp lm constant_tsc art arch_perfmon pebs bts rep_good nopl xtopology nonstop_tsc cpuid aperfmperf pni pclmulqdq dtes64 monitor ds_cpl vmx est tm2 ssse3 sdbg fma cx16 xtpr pdcm pcid sse4_1 sse4_2 x2apic movbe popcnt tsc_deadline_timer aes xsave avx f16c rdrand lahf_lm abm 3dnowprefetch cpuid_fault epb invpcid_single pti ssbd ibrs ibpb stibp tpr_shadow vnmi flexpriority ept vpid ept_ad fsgsbase tsc_adjust bmi1 avx2 smep bmi2 erms invpcid mpx rdseed adx smap clflushopt intel_pt xsaveopt xsavec xgetbv1 xsaves dtherm ida arat pln pts hwp hwp_notify hwp_act_window hwp_epp md_clear flush_l1d
bugs		: cpu_meltdown spectre_v1 spectre_v2 spec_store_bypass l1tf mds swapgs itlb_multihit
bogomips	: 4399.99
clflush size	: 64
cache_alignment	: 64
address sizes	: 39 bits physical, 48 bits virtual
power management:

processor	: 9
vendor_id	: GenuineIntel
cpu family	: 6
model		: 158
model name	: Intel(R) Core(TM) i7-8750H CPU @ 2.20GHz
stepping	: 10
microcode	: 0xca
cpu MHz		: 3899.624
cache size	: 9216 KB
physical id	: 0
siblings	: 12
core id		: 3
cpu cores	: 6
apicid		: 7
initial apicid	: 7
fpu		: yes
fpu_exception	: yes
cpuid level	: 22
wp		: yes
flags		: fpu vme de pse tsc msr pae mce cx8 apic sep mtrr pge mca cmov pat pse36 clflush dts acpi mmx fxsr sse sse2 ss ht tm pbe syscall nx pdpe1gb rdtscp lm constant_tsc art arch_perfmon pebs bts rep_good nopl xtopology nonstop_tsc cpuid aperfmperf pni pclmulqdq dtes64 monitor ds_cpl vmx est tm2 ssse3 sdbg fma cx16 xtpr pdcm pcid sse4_1 sse4_2 x2apic movbe popcnt tsc_deadline_timer aes xsave avx f16c rdrand lahf_lm abm 3dnowprefetch cpuid_fault epb invpcid_single pti ssbd ibrs ibpb stibp tpr_shadow vnmi flexpriority ept vpid ept_ad fsgsbase tsc_adjust bmi1 avx2 smep bmi2 erms invpcid mpx rdseed adx smap clflushopt intel_pt xsaveopt xsavec xgetbv1 xsaves dtherm ida arat pln pts hwp hwp_notify hwp_act_window hwp_epp md_clear flush_l1d
bugs		: cpu_meltdown spectre_v1 spectre_v2 spec_store_bypass l1tf mds swapgs itlb_multihit
bogomips	: 4399.99
clflush size	: 64
cache_alignment	: 64
address sizes	: 39 bits physical, 48 bits virtual
power management:

processor	: 10
vendor_id	: GenuineIntel
cpu family	: 6
model		: 158
model name	: Intel(R) Core(TM) i7-8750H CPU @ 2.20GHz
stepping	: 10
microcode	: 0xca
cpu MHz		: 3901.970
cache size	: 9216 KB
physical id	: 0
siblings	: 12
core id		: 4
cpu cores	: 6
apicid		: 9
initial apicid	: 9
fpu		: yes
fpu_exception	: yes
cpuid level	: 22
wp		: yes
flags		: fpu vme de pse tsc msr pae mce cx8 apic sep mtrr pge mca cmov pat pse36 clflush dts acpi mmx fxsr sse sse2 ss ht tm pbe syscall nx pdpe1gb rdtscp lm constant_tsc art arch_perfmon pebs bts rep_good nopl xtopology nonstop_tsc cpuid aperfmperf pni pclmulqdq dtes64 monitor ds_cpl vmx est tm2 ssse3 sdbg fma cx16 xtpr pdcm pcid sse4_1 sse4_2 x2apic movbe popcnt tsc_deadline_timer aes xsave avx f16c rdrand lahf_lm abm 3dnowprefetch cpuid_fault epb invpcid_single pti ssbd ibrs ibpb stibp tpr_shadow vnmi flexpriority ept vpid ept_ad fsgsbase tsc_adjust bmi1 avx2 smep bmi2 erms invpcid mpx rdseed adx smap clflushopt intel_pt xsaveopt xsavec xgetbv1 xsaves dtherm ida arat pln pts hwp hwp_notify hwp_act_window hwp_epp md_clear flush_l1d
bugs		: cpu_meltdown spectre_v1 spectre_v2 spec_store_bypass l1tf mds swapgs itlb_multihit
bogomips	: 4399.99
clflush size	: 64
cache_alignment	: 64
address sizes	: 39 bits physical, 48 bits virtual
power management:

processor	: 11
vendor_id	: GenuineIntel
cpu family	: 6
model		: 158
model name	: Intel(R) Core(TM) i7-8750H CPU @ 2.20GHz
stepping	: 10
microcode	: 0xca
cpu MHz		: 3900.033
cache size	: 9216 KB
physical id	: 0
siblings	: 12
core id		: 5
cpu cores	: 6
apicid		: 11
initial apicid	: 11
fpu		: yes
fpu_exception	: yes
cpuid level	: 22
wp		: yes
flags		: fpu vme de pse tsc msr pae mce cx8 apic sep mtrr pge mca cmov pat pse36 clflush dts acpi mmx fxsr sse sse2 ss ht tm pbe syscall nx pdpe1gb rdtscp lm constant_tsc art arch_perfmon pebs bts rep_good nopl xtopology nonstop_tsc cpuid aperfmperf pni pclmulqdq dtes64 monitor ds_cpl vmx est tm2 ssse3 sdbg fma cx16 xtpr pdcm pcid sse4_1 sse4_2 x2apic movbe popcnt tsc_deadline_timer aes xsave avx f16c rdrand lahf_lm abm 3dnowprefetch cpuid_fault epb invpcid_single pti ssbd ibrs ibpb stibp tpr_shadow vnmi flexpriority ept vpid ept_ad fsgsbase tsc_adjust bmi1 avx2 smep bmi2 erms invpcid mpx rdseed adx smap clflushopt intel_pt xsaveopt xsavec xgetbv1 xsaves dtherm ida arat pln pts hwp hwp_notify hwp_act_window hwp_epp md_clear flush_l1d
bugs		: cpu_meltdown spectre_v1 spectre_v2 spec_store_bypass l1tf mds swapgs itlb_multihit
bogomips	: 4399.99
clflush size	: 64
cache_alignment	: 64
address sizes	: 39 bits physical, 48 bits virtual
power management:



Memory: 4k page, physical 32713520k(28022572k free), swap 2097148k(2097148k free)

vm_info: OpenJDK 64-Bit Server VM (25.222-b10) for linux-amd64 JRE (1.8.0_222-8u222-b10-1ubuntu1~18.04.1-b10), built on Jul 18 2019 18:52:48 by "buildd" with gcc 7.4.0

time: Sun Nov 24 20:40:25 2019
timezone: CST
elapsed time: 1 seconds (0d 0h 0m 1s)

