#
# A fatal error has been detected by the Java Runtime Environment:
#
#  SIGSEGV (0xb) at pc=0x00007f29db2d3699, pid=17598, tid=0x00007f2a603ff700
#
# JRE version: OpenJDK Runtime Environment (8.0_222-b10) (build 1.8.0_222-8u222-b10-1ubuntu1~18.04.1-b10)
# Java VM: OpenJDK 64-Bit Server VM (25.222-b10 mixed mode linux-amd64 compressed oops)
# Problematic frame:
# C  [libnvidia-glcore.so.440.31+0x1041699]
#
# Failed to write core dump. Core dumps have been disabled. To enable core dumping, try "ulimit -c unlimited" before starting Java again
#
# If you would like to submit a bug report, please visit:
#   http://bugreport.java.com/bugreport/crash.jsp
# The crash happened outside the Java Virtual Machine in native code.
# See problematic frame for where to report the bug.
#

---------------  T H R E A D  ---------------

Current thread (0x00007f2a5800b800):  JavaThread "main" [_thread_in_native, id=17603, stack(0x00007f2a60300000,0x00007f2a60400000)]

siginfo: si_signo: 11 (SIGSEGV), si_code: 1 (SEGV_MAPERR), si_addr: 0x0000000000000000

Registers:
RAX=0x0000000000000000, RBX=0x0000000000000000, RCX=0x00007f29d3cc6f1c, RDX=0x0000000000000000
RSP=0x00007f2a603fe480, RBP=0x0000000000000003, RSI=0x0000000000000003, RDI=0x00007f29d3cc6f1c
R8 =0x0000000000000000, R9 =0x0000000000000000, R10=0x0000000000000020, R11=0x0000000000000004
R12=0x0000000000000003, R13=0x00000000417ab000, R14=0x0000000000000000, R15=0x0000000000000682
RIP=0x00007f29db2d3699, EFLAGS=0x0000000000010202, CSGSFS=0x002b000000000033, ERR=0x0000000000000004
  TRAPNO=0x000000000000000e

Top of Stack: (sp=0x00007f2a603fe480)
0x00007f2a603fe480:   00007f2a603fe6ec 00007f2a603fe540
0x00007f2a603fe490:   0000000000000000 00007f2a603fe540
0x00007f2a603fe4a0:   00007f2a584ccdf0 00007f2a584ccde0
0x00007f2a603fe4b0:   00000000417ab000 00007f2a58968898
0x00007f2a603fe4c0:   0000000000000000 00007f29db2e34b8
0x00007f2a603fe4d0:   0000000000000000 0000000000000001
0x00007f2a603fe4e0:   0000000000000000 0008000000020006
0x00007f2a603fe4f0:   00007f2a58a7f4e0 00007f2a603fe540
0x00007f2a603fe500:   000014055800b9e0 ffffffff00000006
0x00007f2a603fe510:   0000000400000000 00007f2a58968ea0
0x00007f2a603fe520:   00007f2a586b1980 0100000000000000
0x00007f2a603fe530:   00007f2a417ab001 00007f2a603ff700
0x00007f2a603fe540:   00007f2a58814250 00007f29db2b1731
0x00007f2a603fe550:   00007f2a58a7f4e0 0000000000000000
0x00007f2a603fe560:   00000000603fe5d0 00000000417f5a80
0x00007f2a603fe570:   0000000000000001 00007f2a5894e6c0
0x00007f2a603fe580:   0000000000000001 0000000000000000
0x00007f2a603fe590:   00007f2a58952db0 00007f29daee4de7
0x00007f2a603fe5a0:   00000005ccc0c688 0000000000000040
0x00007f2a603fe5b0:   00007f2a5800b800 0000000000000000
0x00007f2a603fe5c0:   00007f2a58977f70 0000000000000040
0x00007f2a603fe5d0:   00000000417ab000 00007f2a5897da7c
0x00007f2a603fe5e0:   0000000000000000 0000000000000000
0x00007f2a603fe5f0:   0000000001000000 0000000000000000
0x00007f2a603fe600:   0000000100000000 2090be8e94b3e600
0x00007f2a603fe610:   00007f2a603fe6c0 2090be8e94b3e600
0x00007f2a603fe620:   0000000000000000 00007f2a5800b800
0x00007f2a603fe630:   00007f2a603fe690 0000000000000000
0x00007f2a603fe640:   00007f2a58a7f3a0 00007f2a603fe6c0
0x00007f2a603fe650:   00007f2a00000008 00007f2a603fe4d0
0x00007f2a603fe660:   00007f2a0e55d515 00000000f80144d4
0x00007f2a603fe670:   00007f2a417ab001 00007f2a603ff700 

Instructions: (pc=0x00007f29db2d3699)
0x00007f29db2d3679:   0f 83 03 01 00 00 89 e8 48 8d 7a 04 89 ee c1 e0
0x00007f29db2d3689:   10 0d 7c 05 00 60 48 89 f9 89 02 4c 89 f2 89 d8
0x00007f29db2d3699:   03 02 66 89 01 89 d8 03 42 04 48 83 c2 08 66 89
0x00007f29db2d36a9:   41 02 48 83 c1 04 ff ce 75 e4 8d 45 ff 41 29 ec 

Register to memory mapping:

RAX=0x0000000000000000 is an unknown value
RBX=0x0000000000000000 is an unknown value
RCX=0x00007f29d3cc6f1c is an unknown value
RDX=0x0000000000000000 is an unknown value
RSP=0x00007f2a603fe480 is pointing into the stack for thread: 0x00007f2a5800b800
RBP=0x0000000000000003 is an unknown value
RSI=0x0000000000000003 is an unknown value
RDI=0x00007f29d3cc6f1c is an unknown value
R8 =0x0000000000000000 is an unknown value
R9 =0x0000000000000000 is an unknown value
R10=0x0000000000000020 is an unknown value
R11=0x0000000000000004 is an unknown value
R12=0x0000000000000003 is an unknown value
R13=0x00000000417ab000 is an unknown value
R14=0x0000000000000000 is an unknown value
R15=0x0000000000000682 is an unknown value


Stack: [0x00007f2a60300000,0x00007f2a60400000],  sp=0x00007f2a603fe480,  free space=1017k
Native frames: (J=compiled Java code, j=interpreted, Vv=VM code, C=native code)
C  [libnvidia-glcore.so.440.31+0x1041699]

Java frames: (J=compiled Java code, j=interpreted, Vv=VM code)
J 906  org.lwjgl.opengl.GL11C.nglDrawElements(IIIJ)V (0 bytes) @ 0x00007f2a493abe8a [0x00007f2a493abe40+0x4a]
J 927 C2 rendering.MasterRenderer.renderEntity(Lmodels/Entity;)V (39 bytes) @ 0x00007f2a493c575c [0x00007f2a493c36a0+0x20bc]
J 963 C2 rendering.MasterRenderer.render()V (319 bytes) @ 0x00007f2a493e0fc4 [0x00007f2a493e0aa0+0x524]
j  rendering.Game.render()V+4
j  main.Main.main([Ljava/lang/String;)V+27
v  ~StubRoutines::call_stub

---------------  P R O C E S S  ---------------

Java Threads: ( => current thread )
  0x00007f2a580d0000 JavaThread "Service Thread" daemon [_thread_blocked, id=17623, stack(0x00007f2a2641f000,0x00007f2a26520000)]
  0x00007f2a580cc800 JavaThread "C1 CompilerThread3" daemon [_thread_blocked, id=17622, stack(0x00007f2a26521000,0x00007f2a26621000)]
  0x00007f2a580ca800 JavaThread "C2 CompilerThread2" daemon [_thread_blocked, id=17621, stack(0x00007f2a26622000,0x00007f2a26722000)]
  0x00007f2a580c9000 JavaThread "C2 CompilerThread1" daemon [_thread_blocked, id=17620, stack(0x00007f2a26723000,0x00007f2a26823000)]
  0x00007f2a580c6000 JavaThread "C2 CompilerThread0" daemon [_thread_blocked, id=17619, stack(0x00007f2a26824000,0x00007f2a26924000)]
  0x00007f2a580c4800 JavaThread "Signal Dispatcher" daemon [_thread_blocked, id=17618, stack(0x00007f2a26924000,0x00007f2a26a25000)]
  0x00007f2a58091800 JavaThread "Finalizer" daemon [_thread_blocked, id=17616, stack(0x00007f2a273f4000,0x00007f2a274f5000)]
  0x00007f2a5808f800 JavaThread "Reference Handler" daemon [_thread_blocked, id=17615, stack(0x00007f2a274f5000,0x00007f2a275f6000)]
=>0x00007f2a5800b800 JavaThread "main" [_thread_in_native, id=17603, stack(0x00007f2a60300000,0x00007f2a60400000)]

Other Threads:
  0x00007f2a58085800 VMThread [stack: 0x00007f2a275f7000,0x00007f2a276f7000] [id=17614]
  0x00007f2a580d2800 WatcherThread [stack: 0x00007f2a2631f000,0x00007f2a2641f000] [id=17624]

VM state:not at safepoint (normal execution)

VM Mutex/Monitor currently owned by a thread: None

heap address: 0x00000005ccc00000, size: 7988 MB, Compressed Oops mode: Zero based, Oop shift amount: 3
Narrow klass base: 0x0000000000000000, Narrow klass shift: 3
Compressed class space size: 1073741824 Address: 0x00000007c0000000

Heap:
 PSYoungGen      total 219136K, used 74387K [0x0000000719980000, 0x0000000738900000, 0x00000007c0000000)
  eden space 218624K, 33% used [0x0000000719980000,0x000000071e20cfb8,0x0000000726f00000)
  from space 512K, 18% used [0x0000000738880000,0x0000000738898000,0x0000000738900000)
  to   space 8704K, 0% used [0x0000000737800000,0x0000000737800000,0x0000000738080000)
 ParOldGen       total 341504K, used 2392K [0x00000005ccc00000, 0x00000005e1980000, 0x0000000719980000)
  object space 341504K, 0% used [0x00000005ccc00000,0x00000005cce56148,0x00000005e1980000)
 Metaspace       used 9589K, capacity 9833K, committed 10112K, reserved 1058816K
  class space    used 727K, capacity 841K, committed 896K, reserved 1048576K

Card table byte_map: [0x00007f2a48065000,0x00007f2a49000000] byte_map_base: 0x00007f2a451ff000

Marking Bits: (ParMarkBitMap*) 0x00007f2a5f59a360
 Begin Bits: [0x00007f2a08660000, 0x00007f2a10330000)
 End Bits:   [0x00007f2a10330000, 0x00007f2a18000000)

Polling page: 0x00007f2a6041b000

CodeCache: size=245760Kb used=4128Kb max_used=4128Kb free=241631Kb
 bounds [0x00007f2a49000000, 0x00007f2a49410000, 0x00007f2a58000000]
 total_blobs=1967 nmethods=1061 adapters=821
 compilation: enabled

Compilation events (10 events):
Event: 1.881 Thread 0x00007f2a580cc800 nmethod 1054 0x00007f2a49409050 code [0x00007f2a494091c0, 0x00007f2a49409428]
Event: 2.035 Thread 0x00007f2a580cc800 1055       3       shaders.BasicShader::setTextured (16 bytes)
Event: 2.035 Thread 0x00007f2a580cc800 nmethod 1055 0x00007f2a49409510 code [0x00007f2a494096c0, 0x00007f2a49409bb8]
Event: 2.043 Thread 0x00007f2a580cc800 1056       3       shaders.Shader::unbind (5 bytes)
Event: 2.043 Thread 0x00007f2a580cc800 nmethod 1056 0x00007f2a49409d90 code [0x00007f2a49409f00, 0x00007f2a4940a0e8]
Event: 2.180 Thread 0x00007f2a580cc800 1057       3       rendering.Time::getTimeMillis (4 bytes)
Event: 2.181 Thread 0x00007f2a580cc800 nmethod 1057 0x00007f2a4940a1d0 code [0x00007f2a4940a340, 0x00007f2a4940a490]
Event: 2.264 Thread 0x00007f2a580cc800 1060       3       java.lang.Character::hashCode (2 bytes)
Event: 2.264 Thread 0x00007f2a580cc800 nmethod 1060 0x00007f2a4940a510 code [0x00007f2a4940a660, 0x00007f2a4940a790]
Event: 2.264 Thread 0x00007f2a580cc800 1061       1       org.lwjgl.system.MemoryUtil::memAddress0 (11 bytes)

GC Heap History (10 events):
Event: 1.408 GC heap before
{Heap before GC invocations=6 (full 0):
 PSYoungGen      total 278016K, used 259472K [0x0000000719980000, 0x000000073a280000, 0x00000007c0000000)
  eden space 257024K, 100% used [0x0000000719980000,0x0000000729480000,0x0000000729480000)
  from space 20992K, 11% used [0x0000000729480000,0x00000007296e4070,0x000000072a900000)
  to   space 9728K, 0% used [0x0000000739900000,0x0000000739900000,0x000000073a280000)
 ParOldGen       total 341504K, used 40K [0x00000005ccc00000, 0x00000005e1980000, 0x0000000719980000)
  object space 341504K, 0% used [0x00000005ccc00000,0x00000005ccc0a000,0x00000005e1980000)
 Metaspace       used 9569K, capacity 9833K, committed 10112K, reserved 1058816K
  class space    used 727K, capacity 841K, committed 896K, reserved 1048576K
Event: 1.410 GC heap after
Heap after GC invocations=6 (full 0):
 PSYoungGen      total 251392K, used 2480K [0x0000000719980000, 0x0000000739b80000, 0x00000007c0000000)
  eden space 248832K, 0% used [0x0000000719980000,0x0000000719980000,0x0000000728c80000)
  from space 2560K, 96% used [0x0000000739900000,0x0000000739b6c050,0x0000000739b80000)
  to   space 9216K, 0% used [0x0000000738980000,0x0000000738980000,0x0000000739280000)
 ParOldGen       total 341504K, used 48K [0x00000005ccc00000, 0x00000005e1980000, 0x0000000719980000)
  object space 341504K, 0% used [0x00000005ccc00000,0x00000005ccc0c000,0x00000005e1980000)
 Metaspace       used 9569K, capacity 9833K, committed 10112K, reserved 1058816K
  class space    used 727K, capacity 841K, committed 896K, reserved 1048576K
}
Event: 1.618 GC heap before
{Heap before GC invocations=7 (full 0):
 PSYoungGen      total 251392K, used 251312K [0x0000000719980000, 0x0000000739b80000, 0x00000007c0000000)
  eden space 248832K, 100% used [0x0000000719980000,0x0000000728c80000,0x0000000728c80000)
  from space 2560K, 96% used [0x0000000739900000,0x0000000739b6c050,0x0000000739b80000)
  to   space 9216K, 0% used [0x0000000738980000,0x0000000738980000,0x0000000739280000)
 ParOldGen       total 341504K, used 48K [0x00000005ccc00000, 0x00000005e1980000, 0x0000000719980000)
  object space 341504K, 0% used [0x00000005ccc00000,0x00000005ccc0c000,0x00000005e1980000)
 Metaspace       used 9580K, capacity 9833K, committed 10112K, reserved 1058816K
  class space    used 727K, capacity 841K, committed 896K, reserved 1048576K
Event: 1.620 GC heap after
Heap after GC invocations=7 (full 0):
 PSYoungGen      total 241152K, used 224K [0x0000000719980000, 0x0000000739980000, 0x00000007c0000000)
  eden space 240640K, 0% used [0x0000000719980000,0x0000000719980000,0x0000000728480000)
  from space 512K, 43% used [0x0000000738980000,0x00000007389b8000,0x0000000738a00000)
  to   space 9216K, 0% used [0x0000000739080000,0x0000000739080000,0x0000000739980000)
 ParOldGen       total 341504K, used 2360K [0x00000005ccc00000, 0x00000005e1980000, 0x0000000719980000)
  object space 341504K, 0% used [0x00000005ccc00000,0x00000005cce4e148,0x00000005e1980000)
 Metaspace       used 9580K, capacity 9833K, committed 10112K, reserved 1058816K
  class space    used 727K, capacity 841K, committed 896K, reserved 1048576K
}
Event: 1.819 GC heap before
{Heap before GC invocations=8 (full 0):
 PSYoungGen      total 241152K, used 240864K [0x0000000719980000, 0x0000000739980000, 0x00000007c0000000)
  eden space 240640K, 100% used [0x0000000719980000,0x0000000728480000,0x0000000728480000)
  from space 512K, 43% used [0x0000000738980000,0x00000007389b8000,0x0000000738a00000)
  to   space 9216K, 0% used [0x0000000739080000,0x0000000739080000,0x0000000739980000)
 ParOldGen       total 341504K, used 2360K [0x00000005ccc00000, 0x00000005e1980000, 0x0000000719980000)
  object space 341504K, 0% used [0x00000005ccc00000,0x00000005cce4e148,0x00000005e1980000)
 Metaspace       used 9585K, capacity 9833K, committed 10112K, reserved 1058816K
  class space    used 727K, capacity 841K, committed 896K, reserved 1048576K
Event: 1.819 GC heap after
Heap after GC invocations=8 (full 0):
 PSYoungGen      total 233472K, used 128K [0x0000000719980000, 0x0000000739100000, 0x00000007c0000000)
  eden space 232960K, 0% used [0x0000000719980000,0x0000000719980000,0x0000000727d00000)
  from space 512K, 25% used [0x0000000739080000,0x00000007390a0000,0x0000000739100000)
  to   space 9216K, 0% used [0x0000000737f00000,0x0000000737f00000,0x0000000738800000)
 ParOldGen       total 341504K, used 2368K [0x00000005ccc00000, 0x00000005e1980000, 0x0000000719980000)
  object space 341504K, 0% used [0x00000005ccc00000,0x00000005cce50148,0x00000005e1980000)
 Metaspace       used 9585K, capacity 9833K, committed 10112K, reserved 1058816K
  class space    used 727K, capacity 841K, committed 896K, reserved 1048576K
}
Event: 2.015 GC heap before
{Heap before GC invocations=9 (full 0):
 PSYoungGen      total 233472K, used 233088K [0x0000000719980000, 0x0000000739100000, 0x00000007c0000000)
  eden space 232960K, 100% used [0x0000000719980000,0x0000000727d00000,0x0000000727d00000)
  from space 512K, 25% used [0x0000000739080000,0x00000007390a0000,0x0000000739100000)
  to   space 9216K, 0% used [0x0000000737f00000,0x0000000737f00000,0x0000000738800000)
 ParOldGen       total 341504K, used 2368K [0x00000005ccc00000, 0x00000005e1980000, 0x0000000719980000)
  object space 341504K, 0% used [0x00000005ccc00000,0x00000005cce50148,0x00000005e1980000)
 Metaspace       used 9587K, capacity 9833K, committed 10112K, reserved 1058816K
  class space    used 727K, capacity 841K, committed 896K, reserved 1048576K
Event: 2.016 GC heap after
Heap after GC invocations=9 (full 0):
 PSYoungGen      total 235008K, used 64K [0x0000000719980000, 0x0000000739100000, 0x00000007c0000000)
  eden space 225792K, 0% used [0x0000000719980000,0x0000000719980000,0x0000000727600000)
  from space 9216K, 0% used [0x0000000737f00000,0x0000000737f10000,0x0000000738800000)
  to   space 8704K, 0% used [0x0000000738880000,0x0000000738880000,0x0000000739100000)
 ParOldGen       total 341504K, used 2376K [0x00000005ccc00000, 0x00000005e1980000, 0x0000000719980000)
  object space 341504K, 0% used [0x00000005ccc00000,0x00000005cce52148,0x00000005e1980000)
 Metaspace       used 9587K, capacity 9833K, committed 10112K, reserved 1058816K
  class space    used 727K, capacity 841K, committed 896K, reserved 1048576K
}
Event: 2.202 GC heap before
{Heap before GC invocations=10 (full 0):
 PSYoungGen      total 235008K, used 225856K [0x0000000719980000, 0x0000000739100000, 0x00000007c0000000)
  eden space 225792K, 100% used [0x0000000719980000,0x0000000727600000,0x0000000727600000)
  from space 9216K, 0% used [0x0000000737f00000,0x0000000737f10000,0x0000000738800000)
  to   space 8704K, 0% used [0x0000000738880000,0x0000000738880000,0x0000000739100000)
 ParOldGen       total 341504K, used 2376K [0x00000005ccc00000, 0x00000005e1980000, 0x0000000719980000)
  object space 341504K, 0% used [0x00000005ccc00000,0x00000005cce52148,0x00000005e1980000)
 Metaspace       used 9588K, capacity 9833K, committed 10112K, reserved 1058816K
  class space    used 727K, capacity 841K, committed 896K, reserved 1048576K
Event: 2.203 GC heap after
Heap after GC invocations=10 (full 0):
 PSYoungGen      total 219136K, used 96K [0x0000000719980000, 0x0000000738900000, 0x00000007c0000000)
  eden space 218624K, 0% used [0x0000000719980000,0x0000000719980000,0x0000000726f00000)
  from space 512K, 18% used [0x0000000738880000,0x0000000738898000,0x0000000738900000)
  to   space 8704K, 0% used [0x0000000737800000,0x0000000737800000,0x0000000738080000)
 ParOldGen       total 341504K, used 2392K [0x00000005ccc00000, 0x00000005e1980000, 0x0000000719980000)
  object space 341504K, 0% used [0x00000005ccc00000,0x00000005cce56148,0x00000005e1980000)
 Metaspace       used 9588K, capacity 9833K, committed 10112K, reserved 1058816K
  class space    used 727K, capacity 841K, committed 896K, reserved 1048576K
}

Deoptimization events (10 events):
Event: 0.498 Thread 0x00007f2a5800b800 Uncommon trap: reason=class_check action=maybe_recompile pc=0x00007f2a492f4e08 method=sun.misc.FloatingDecimal.parseFloat(Ljava/lang/String;)F @ 4
Event: 0.515 Thread 0x00007f2a5800b800 Uncommon trap: reason=class_check action=maybe_recompile pc=0x00007f2a492f4e08 method=sun.misc.FloatingDecimal.parseFloat(Ljava/lang/String;)F @ 4
Event: 0.529 Thread 0x00007f2a5800b800 Uncommon trap: reason=class_check action=maybe_recompile pc=0x00007f2a492f4e08 method=sun.misc.FloatingDecimal.parseFloat(Ljava/lang/String;)F @ 4
Event: 0.529 Thread 0x00007f2a5800b800 Uncommon trap: reason=class_check action=maybe_recompile pc=0x00007f2a492f4e08 method=sun.misc.FloatingDecimal.parseFloat(Ljava/lang/String;)F @ 4
Event: 0.681 Thread 0x00007f2a5800b800 Uncommon trap: reason=unstable_if action=reinterpret pc=0x00007f2a4935e37c method=java.util.ArrayList$Itr.hasNext()Z @ 11
Event: 0.717 Thread 0x00007f2a5800b800 Uncommon trap: reason=unstable_if action=reinterpret pc=0x00007f2a49307ae0 method=sun.misc.FloatingDecimal$ASCIIToBinaryBuffer.floatValue()F @ 65
Event: 0.755 Thread 0x00007f2a5800b800 Uncommon trap: reason=bimorphic action=maybe_recompile pc=0x00007f2a493ad040 method=models.Entity.update()V @ 4
Event: 0.755 Thread 0x00007f2a5800b800 Uncommon trap: reason=bimorphic action=maybe_recompile pc=0x00007f2a493ad040 method=models.Entity.update()V @ 4
Event: 0.755 Thread 0x00007f2a5800b800 Uncommon trap: reason=bimorphic action=maybe_recompile pc=0x00007f2a493ad040 method=models.Entity.update()V @ 4
Event: 0.755 Thread 0x00007f2a5800b800 Uncommon trap: reason=bimorphic action=maybe_recompile pc=0x00007f2a493ad040 method=models.Entity.update()V @ 4

Classes redefined (0 events):
No events

Internal exceptions (10 events):
Event: 0.108 Thread 0x00007f2a5800b800 Exception <a 'java/security/PrivilegedActionException'> (0x0000000719f812a0) thrown at [/build/openjdk-8-OqY7zN/openjdk-8-8u222-b10/src/hotspot/src/share/vm/prims/jvm.cpp, line 1502]
Event: 0.108 Thread 0x00007f2a5800b800 Exception <a 'java/security/PrivilegedActionException'> (0x0000000719f814b0) thrown at [/build/openjdk-8-OqY7zN/openjdk-8-8u222-b10/src/hotspot/src/share/vm/prims/jvm.cpp, line 1502]
Event: 0.108 Thread 0x00007f2a5800b800 Exception <a 'java/security/PrivilegedActionException'> (0x0000000719f83538) thrown at [/build/openjdk-8-OqY7zN/openjdk-8-8u222-b10/src/hotspot/src/share/vm/prims/jvm.cpp, line 1502]
Event: 0.108 Thread 0x00007f2a5800b800 Exception <a 'java/security/PrivilegedActionException'> (0x0000000719f83748) thrown at [/build/openjdk-8-OqY7zN/openjdk-8-8u222-b10/src/hotspot/src/share/vm/prims/jvm.cpp, line 1502]
Event: 0.108 Thread 0x00007f2a5800b800 Exception <a 'java/security/PrivilegedActionException'> (0x0000000719f84220) thrown at [/build/openjdk-8-OqY7zN/openjdk-8-8u222-b10/src/hotspot/src/share/vm/prims/jvm.cpp, line 1502]
Event: 0.108 Thread 0x00007f2a5800b800 Exception <a 'java/security/PrivilegedActionException'> (0x0000000719f84430) thrown at [/build/openjdk-8-OqY7zN/openjdk-8-8u222-b10/src/hotspot/src/share/vm/prims/jvm.cpp, line 1502]
Event: 0.115 Thread 0x00007f2a5800b800 Exception <a 'sun/nio/fs/UnixException'> (0x0000000719fb2178) thrown at [/build/openjdk-8-OqY7zN/openjdk-8-8u222-b10/src/hotspot/src/share/vm/prims/jni.cpp, line 710]
Event: 0.118 Thread 0x00007f2a5800b800 Exception <a 'sun/nio/fs/UnixException'> (0x0000000719fc26f8) thrown at [/build/openjdk-8-OqY7zN/openjdk-8-8u222-b10/src/hotspot/src/share/vm/prims/jni.cpp, line 710]
Event: 0.204 Thread 0x00007f2a5800b800 Exception <a 'sun/nio/fs/UnixException'> (0x000000071a1005d8) thrown at [/build/openjdk-8-OqY7zN/openjdk-8-8u222-b10/src/hotspot/src/share/vm/prims/jni.cpp, line 710]
Event: 0.205 Thread 0x00007f2a5800b800 Exception <a 'sun/nio/fs/UnixException'> (0x000000071a1086e0) thrown at [/build/openjdk-8-OqY7zN/openjdk-8-8u222-b10/src/hotspot/src/share/vm/prims/jni.cpp, line 710]

Events (10 events):
Event: 1.408 Executing VM operation: ParallelGCFailedAllocation
Event: 1.410 Executing VM operation: ParallelGCFailedAllocation done
Event: 1.618 Executing VM operation: ParallelGCFailedAllocation
Event: 1.620 Executing VM operation: ParallelGCFailedAllocation done
Event: 1.819 Executing VM operation: ParallelGCFailedAllocation
Event: 1.819 Executing VM operation: ParallelGCFailedAllocation done
Event: 2.015 Executing VM operation: ParallelGCFailedAllocation
Event: 2.016 Executing VM operation: ParallelGCFailedAllocation done
Event: 2.202 Executing VM operation: ParallelGCFailedAllocation
Event: 2.203 Executing VM operation: ParallelGCFailedAllocation done


Dynamic libraries:
40463000-40465000 r-xs 00000000 103:02 15728652                          /tmp/.glHxTYCV (deleted)
417ab000-4185a000 rw-p 00000000 00:00 0 
5ccc00000-5e1980000 rw-p 00000000 00:00 0 
5e1980000-719980000 ---p 00000000 00:00 0 
719980000-738900000 rw-p 00000000 00:00 0 
738900000-7c0000000 ---p 00000000 00:00 0 
7c0000000-7c00e0000 rw-p 00000000 00:00 0 
7c00e0000-800000000 ---p 00000000 00:00 0 
5555a79e9000-5555a79ea000 r-xp 00000000 103:02 9838898                   /usr/lib/jvm/java-8-openjdk-amd64/jre/bin/java
5555a7be9000-5555a7bea000 r--p 00000000 103:02 9838898                   /usr/lib/jvm/java-8-openjdk-amd64/jre/bin/java
5555a7bea000-5555a7beb000 rw-p 00001000 103:02 9838898                   /usr/lib/jvm/java-8-openjdk-amd64/jre/bin/java
5555a8455000-5555a8476000 rw-p 00000000 00:00 0                          [heap]
7f299c000000-7f299c021000 rw-p 00000000 00:00 0 
7f299c021000-7f29a0000000 ---p 00000000 00:00 0 
7f29a4000000-7f29a4021000 rw-p 00000000 00:00 0 
7f29a4021000-7f29a8000000 ---p 00000000 00:00 0 
7f29a8000000-7f29a8021000 rw-p 00000000 00:00 0 
7f29a8021000-7f29ac000000 ---p 00000000 00:00 0 
7f29ac000000-7f29ac021000 rw-p 00000000 00:00 0 
7f29ac021000-7f29b0000000 ---p 00000000 00:00 0 
7f29b0000000-7f29b0021000 rw-p 00000000 00:00 0 
7f29b0021000-7f29b4000000 ---p 00000000 00:00 0 
7f29b4000000-7f29b4021000 rw-p 00000000 00:00 0 
7f29b4021000-7f29b8000000 ---p 00000000 00:00 0 
7f29b8000000-7f29b8021000 rw-p 00000000 00:00 0 
7f29b8021000-7f29bc000000 ---p 00000000 00:00 0 
7f29bc000000-7f29bc021000 rw-p 00000000 00:00 0 
7f29bc021000-7f29c0000000 ---p 00000000 00:00 0 
7f29c0000000-7f29c0021000 rw-p 00000000 00:00 0 
7f29c0021000-7f29c4000000 ---p 00000000 00:00 0 
7f29c4000000-7f29c4021000 rw-p 00000000 00:00 0 
7f29c4021000-7f29c8000000 ---p 00000000 00:00 0 
7f29c8000000-7f29c8021000 rw-p 00000000 00:00 0 
7f29c8021000-7f29cc000000 ---p 00000000 00:00 0 
7f29cc000000-7f29cc021000 rw-p 00000000 00:00 0 
7f29cc021000-7f29d0000000 ---p 00000000 00:00 0 
7f29d1f4a000-7f29d234a000 rw-s 00000000 00:06 583                        /dev/nvidiactl
7f29d234a000-7f29d254a000 rw-s 00000000 00:06 583                        /dev/nvidiactl
7f29d274a000-7f29d294a000 rw-s 00000000 00:06 583                        /dev/nvidiactl
7f29d294a000-7f29d2d4b000 rw-p 00000000 00:00 0 
7f29d2d4b000-7f29d2d4c000 ---p 00000000 00:00 0 
7f29d2d4c000-7f29d354c000 rw-p 00000000 00:00 0 
7f29d3745000-7f29d3b45000 rw-s 00000000 00:06 583                        /dev/nvidiactl
7f29d3b45000-7f29d3d45000 rw-s 00000000 00:06 583                        /dev/nvidiactl
7f29d3d45000-7f29d3d46000 ---p 00000000 00:00 0 
7f29d3d46000-7f29d4546000 rw-p 00000000 00:00 0 
7f29d4546000-7f29d4547000 ---p 00000000 00:00 0 
7f29d4547000-7f29d4d47000 rw-p 00000000 00:00 0 
7f29d4d47000-7f29d4d48000 ---p 00000000 00:00 0 
7f29d4d48000-7f29d5548000 rw-p 00000000 00:00 0 
7f29d5548000-7f29d5549000 ---p 00000000 00:00 0 
7f29d5549000-7f29d5d49000 rw-p 00000000 00:00 0 
7f29d5d49000-7f29d5d4a000 ---p 00000000 00:00 0 
7f29d5d4a000-7f29d654a000 rw-p 00000000 00:00 0 
7f29d654a000-7f29d654b000 ---p 00000000 00:00 0 
7f29d654b000-7f29d6d4b000 rw-p 00000000 00:00 0 
7f29d6d4b000-7f29d6d4c000 ---p 00000000 00:00 0 
7f29d6d4c000-7f29d754c000 rw-p 00000000 00:00 0 
7f29d754c000-7f29d754d000 ---p 00000000 00:00 0 
7f29d754d000-7f29d7d4d000 rw-p 00000000 00:00 0 
7f29d7d4d000-7f29d7d4e000 ---p 00000000 00:00 0 
7f29d7d4e000-7f29d854e000 rw-p 00000000 00:00 0 
7f29d854e000-7f29d854f000 ---p 00000000 00:00 0 
7f29d854f000-7f29d8d4f000 rw-p 00000000 00:00 0 
7f29d8d4f000-7f29d8d50000 ---p 00000000 00:00 0 
7f29d8d50000-7f29d9650000 rw-p 00000000 00:00 0 
7f29d9650000-7f29d9750000 ---p 00000000 00:00 0 
7f29d9750000-7f29d9790000 rw-s 00000000 08:01 16256624                   /home/sam/#16256624 (deleted)
7f29d9790000-7f29d97e8000 r-xp 00000000 103:02 15990858                  /tmp/lwjglsam/3.2.3-build-13/liblwjgl_opengl.so
7f29d97e8000-7f29d99e7000 ---p 00058000 103:02 15990858                  /tmp/lwjglsam/3.2.3-build-13/liblwjgl_opengl.so
7f29d99e7000-7f29d99e8000 r--p 00057000 103:02 15990858                  /tmp/lwjglsam/3.2.3-build-13/liblwjgl_opengl.so
7f29d99e8000-7f29d99e9000 rw-p 00058000 103:02 15990858                  /tmp/lwjglsam/3.2.3-build-13/liblwjgl_opengl.so
7f29d99e9000-7f29d99ee000 r-xp 00000000 103:02 9839193                   /usr/lib/x86_64-linux-gnu/libxcb-sync.so.1.0.0
7f29d99ee000-7f29d9bee000 ---p 00005000 103:02 9839193                   /usr/lib/x86_64-linux-gnu/libxcb-sync.so.1.0.0
7f29d9bee000-7f29d9bef000 r--p 00005000 103:02 9839193                   /usr/lib/x86_64-linux-gnu/libxcb-sync.so.1.0.0
7f29d9bef000-7f29d9bf0000 rw-p 00006000 103:02 9839193                   /usr/lib/x86_64-linux-gnu/libxcb-sync.so.1.0.0
7f29d9bf0000-7f29d9bf2000 r-xp 00000000 103:02 9839185                   /usr/lib/x86_64-linux-gnu/libxcb-present.so.0.0.0
7f29d9bf2000-7f29d9df1000 ---p 00002000 103:02 9839185                   /usr/lib/x86_64-linux-gnu/libxcb-present.so.0.0.0
7f29d9df1000-7f29d9df2000 r--p 00001000 103:02 9839185                   /usr/lib/x86_64-linux-gnu/libxcb-present.so.0.0.0
7f29d9df2000-7f29d9df3000 rw-p 00002000 103:02 9839185                   /usr/lib/x86_64-linux-gnu/libxcb-present.so.0.0.0
7f29d9df3000-7f29d9df6000 r-xp 00000000 103:02 9839181                   /usr/lib/x86_64-linux-gnu/libxcb-dri3.so.0.0.0
7f29d9df6000-7f29d9ff5000 ---p 00003000 103:02 9839181                   /usr/lib/x86_64-linux-gnu/libxcb-dri3.so.0.0.0
7f29d9ff5000-7f29d9ff6000 r--p 00002000 103:02 9839181                   /usr/lib/x86_64-linux-gnu/libxcb-dri3.so.0.0.0
7f29d9ff6000-7f29d9ff7000 rw-p 00003000 103:02 9839181                   /usr/lib/x86_64-linux-gnu/libxcb-dri3.so.0.0.0
7f29d9ff7000-7f29da00f000 r-xp 00000000 103:02 9839183                   /usr/lib/x86_64-linux-gnu/libxcb-glx.so.0.0.0
7f29da00f000-7f29da20f000 ---p 00018000 103:02 9839183                   /usr/lib/x86_64-linux-gnu/libxcb-glx.so.0.0.0
7f29da20f000-7f29da211000 r--p 00018000 103:02 9839183                   /usr/lib/x86_64-linux-gnu/libxcb-glx.so.0.0.0
7f29da211000-7f29da212000 rw-p 0001a000 103:02 9839183                   /usr/lib/x86_64-linux-gnu/libxcb-glx.so.0.0.0
7f29da212000-7f29da292000 rw-s 00000000 00:06 583                        /dev/nvidiactl
7f29da292000-7f29db56d000 r-xp 00000000 103:02 9840523                   /usr/lib/x86_64-linux-gnu/libnvidia-glcore.so.440.31
7f29db56d000-7f29db58e000 rwxp 012db000 103:02 9840523                   /usr/lib/x86_64-linux-gnu/libnvidia-glcore.so.440.31
7f29db58e000-7f29dba9f000 r-xp 012fc000 103:02 9840523                   /usr/lib/x86_64-linux-gnu/libnvidia-glcore.so.440.31
7f29dba9f000-7f29dbc9e000 ---p 0180d000 103:02 9840523                   /usr/lib/x86_64-linux-gnu/libnvidia-glcore.so.440.31
7f29dbc9e000-7f29dbfe4000 rw-p 0180c000 103:02 9840523                   /usr/lib/x86_64-linux-gnu/libnvidia-glcore.so.440.31
7f29dbfe4000-7f29dc000000 rw-p 00000000 00:00 0 
7f29dc000000-7f29dc021000 rw-p 00000000 00:00 0 
7f29dc021000-7f29e0000000 ---p 00000000 00:00 0 
7f29e001e000-7f29e005e000 r-xs 00000000 08:01 16256624                   /home/sam/#16256624 (deleted)
7f29e015e000-7f29e0171000 rw-s 00000000 00:06 583                        /dev/nvidiactl
7f29e0171000-7f29e01b1000 rw-s 00000000 00:06 583                        /dev/nvidiactl
7f29e01b1000-7f29e01f1000 rw-s 00000000 00:06 583                        /dev/nvidiactl
7f29e01f1000-7f29e0201000 r-xp 00000000 103:02 9840432                   /usr/lib/x86_64-linux-gnu/libdrm.so.2.4.0
7f29e0201000-7f29e0400000 ---p 00010000 103:02 9840432                   /usr/lib/x86_64-linux-gnu/libdrm.so.2.4.0
7f29e0400000-7f29e0401000 r--p 0000f000 103:02 9840432                   /usr/lib/x86_64-linux-gnu/libdrm.so.2.4.0
7f29e0401000-7f29e0402000 rw-p 00010000 103:02 9840432                   /usr/lib/x86_64-linux-gnu/libdrm.so.2.4.0
7f29e0402000-7f29e05a7000 rw-s 00000000 00:06 583                        /dev/nvidiactl
7f29e05a7000-7f29e05aa000 r-xp 00000000 103:02 9840527                   /usr/lib/x86_64-linux-gnu/libnvidia-tls.so.440.31
7f29e05aa000-7f29e07aa000 ---p 00003000 103:02 9840527                   /usr/lib/x86_64-linux-gnu/libnvidia-tls.so.440.31
7f29e07aa000-7f29e07ab000 rw-p 00003000 103:02 9840527                   /usr/lib/x86_64-linux-gnu/libnvidia-tls.so.440.31
7f29e07ab000-7f29e0854000 r-xp 00000000 103:02 9840520                   /usr/lib/x86_64-linux-gnu/libGLX_nvidia.so.440.31
7f29e0854000-7f29e0889000 rwxp 000a9000 103:02 9840520                   /usr/lib/x86_64-linux-gnu/libGLX_nvidia.so.440.31
7f29e0889000-7f29e0898000 r-xp 000de000 103:02 9840520                   /usr/lib/x86_64-linux-gnu/libGLX_nvidia.so.440.31
7f29e0898000-7f29e0a97000 ---p 000ed000 103:02 9840520                   /usr/lib/x86_64-linux-gnu/libGLX_nvidia.so.440.31
7f29e0a97000-7f29e0abb000 rw-p 000ec000 103:02 9840520                   /usr/lib/x86_64-linux-gnu/libGLX_nvidia.so.440.31
7f29e0abb000-7f29e0abd000 rw-p 00000000 00:00 0 
7f29e0abd000-7f29e0aff000 r-xp 00000000 103:02 9837994                   /usr/lib/x86_64-linux-gnu/libGLdispatch.so.0.0.0
7f29e0aff000-7f29e0b18000 r-xp 00042000 103:02 9837994                   /usr/lib/x86_64-linux-gnu/libGLdispatch.so.0.0.0
7f29e0b18000-7f29e0b2b000 r-xp 0005b000 103:02 9837994                   /usr/lib/x86_64-linux-gnu/libGLdispatch.so.0.0.0
7f29e0b2b000-7f29e0d2a000 ---p 0006e000 103:02 9837994                   /usr/lib/x86_64-linux-gnu/libGLdispatch.so.0.0.0
7f29e0d2a000-7f29e0d52000 r--p 0006d000 103:02 9837994                   /usr/lib/x86_64-linux-gnu/libGLdispatch.so.0.0.0
7f29e0d52000-7f29e0d53000 rw-p 00095000 103:02 9837994                   /usr/lib/x86_64-linux-gnu/libGLdispatch.so.0.0.0
7f29e0d53000-7f29e0d73000 rw-p 00000000 00:00 0 
7f29e0d73000-7f29e0db7000 r-xp 00000000 103:02 9837986                   /usr/lib/x86_64-linux-gnu/libGL.so.1.0.0
7f29e0db7000-7f29e0dd0000 r-xp 00044000 103:02 9837986                   /usr/lib/x86_64-linux-gnu/libGL.so.1.0.0
7f29e0dd0000-7f29e0de4000 r-xp 0005d000 103:02 9837986                   /usr/lib/x86_64-linux-gnu/libGL.so.1.0.0
7f29e0de4000-7f29e0fe3000 ---p 00071000 103:02 9837986                   /usr/lib/x86_64-linux-gnu/libGL.so.1.0.0
7f29e0fe3000-7f29e0ffd000 r--p 00070000 103:02 9837986                   /usr/lib/x86_64-linux-gnu/libGL.so.1.0.0
7f29e0ffd000-7f29e0ffe000 rw-p 0008a000 103:02 9837986                   /usr/lib/x86_64-linux-gnu/libGL.so.1.0.0
7f29e0ffe000-7f29e4000000 rw-p 00000000 00:00 0 
7f29e4000000-7f29e4398000 rw-p 00000000 00:00 0 
7f29e4398000-7f29e8000000 ---p 00000000 00:00 0 
7f29e8000000-7f29e8021000 rw-p 00000000 00:00 0 
7f29e8021000-7f29ec000000 ---p 00000000 00:00 0 
7f29ec000000-7f29ec70d000 rw-p 00000000 00:00 0 
7f29ec70d000-7f29f0000000 ---p 00000000 00:00 0 
7f29f0000000-7f29f0c1a000 rw-p 00000000 00:00 0 
7f29f0c1a000-7f29f4000000 ---p 00000000 00:00 0 
7f29f4000000-7f29f4021000 rw-p 00000000 00:00 0 
7f29f4021000-7f29f8000000 ---p 00000000 00:00 0 
7f29f8000000-7f29f8607000 rw-p 00000000 00:00 0 
7f29f8607000-7f29fc000000 ---p 00000000 00:00 0 
7f29fc000000-7f29fc021000 rw-p 00000000 00:00 0 
7f29fc021000-7f2a00000000 ---p 00000000 00:00 0 
7f2a00000000-7f2a00021000 rw-p 00000000 00:00 0 
7f2a00021000-7f2a04000000 ---p 00000000 00:00 0 
7f2a04000000-7f2a04021000 rw-p 00000000 00:00 0 
7f2a04021000-7f2a08000000 ---p 00000000 00:00 0 
7f2a0800a000-7f2a0802a000 rw-s 00000000 00:06 583                        /dev/nvidiactl
7f2a0802a000-7f2a0803a000 r-xp 00000000 103:02 9837992                   /usr/lib/x86_64-linux-gnu/libGLX.so.0.0.0
7f2a0803a000-7f2a08239000 ---p 00010000 103:02 9837992                   /usr/lib/x86_64-linux-gnu/libGLX.so.0.0.0
7f2a08239000-7f2a0823a000 r--p 0000f000 103:02 9837992                   /usr/lib/x86_64-linux-gnu/libGLX.so.0.0.0
7f2a0823a000-7f2a0823b000 rw-p 00010000 103:02 9837992                   /usr/lib/x86_64-linux-gnu/libGLX.so.0.0.0
7f2a0823b000-7f2a0825b000 rw-p 00000000 00:00 0 
7f2a0825b000-7f2a0825c000 r-xp 00000000 103:02 9840453                   /usr/lib/x86_64-linux-gnu/libX11-xcb.so.1.0.0
7f2a0825c000-7f2a0845b000 ---p 00001000 103:02 9840453                   /usr/lib/x86_64-linux-gnu/libX11-xcb.so.1.0.0
7f2a0845b000-7f2a0845c000 r--p 00000000 103:02 9840453                   /usr/lib/x86_64-linux-gnu/libX11-xcb.so.1.0.0
7f2a0845c000-7f2a0845d000 rw-p 00001000 103:02 9840453                   /usr/lib/x86_64-linux-gnu/libX11-xcb.so.1.0.0
7f2a0845d000-7f2a0845f000 r-xp 00000000 103:02 9838067                   /usr/lib/x86_64-linux-gnu/libXinerama.so.1.0.0
7f2a0845f000-7f2a0865e000 ---p 00002000 103:02 9838067                   /usr/lib/x86_64-linux-gnu/libXinerama.so.1.0.0
7f2a0865e000-7f2a0865f000 r--p 00001000 103:02 9838067                   /usr/lib/x86_64-linux-gnu/libXinerama.so.1.0.0
7f2a0865f000-7f2a08660000 rw-p 00002000 103:02 9838067                   /usr/lib/x86_64-linux-gnu/libXinerama.so.1.0.0
7f2a08660000-7f2a18000000 rw-p 00000000 00:00 0 
7f2a18000000-7f2a18021000 rw-p 00000000 00:00 0 
7f2a18021000-7f2a1c000000 ---p 00000000 00:00 0 
7f2a1c000000-7f2a1c021000 rw-p 00000000 00:00 0 
7f2a1c021000-7f2a20000000 ---p 00000000 00:00 0 
7f2a20000000-7f2a20021000 rw-p 00000000 00:00 0 
7f2a20021000-7f2a24000000 ---p 00000000 00:00 0 
7f2a24000000-7f2a24001000 r-xp 00000000 00:00 0 
7f2a24001000-7f2a24004000 rw-s 00000000 00:06 583                        /dev/nvidiactl
7f2a24004000-7f2a24006000 rw-s 00000000 103:02 15728652                  /tmp/.glHxTYCV (deleted)
7f2a2400a000-7f2a2400b000 rw-s 00000000 00:06 584                        /dev/nvidia0
7f2a2400b000-7f2a2400d000 rw-s 00000000 00:06 583                        /dev/nvidiactl
7f2a2400d000-7f2a24011000 rw-s 00000000 00:06 583                        /dev/nvidiactl
7f2a24011000-7f2a24031000 rw-s 00000000 00:06 583                        /dev/nvidiactl
7f2a24031000-7f2a24071000 rw-s 00000000 00:06 583                        /dev/nvidiactl
7f2a24071000-7f2a24076000 r-xp 00000000 103:02 9838059                   /usr/lib/x86_64-linux-gnu/libXfixes.so.3.1.0
7f2a24076000-7f2a24275000 ---p 00005000 103:02 9838059                   /usr/lib/x86_64-linux-gnu/libXfixes.so.3.1.0
7f2a24275000-7f2a24276000 r--p 00004000 103:02 9838059                   /usr/lib/x86_64-linux-gnu/libXfixes.so.3.1.0
7f2a24276000-7f2a24277000 rw-p 00005000 103:02 9838059                   /usr/lib/x86_64-linux-gnu/libXfixes.so.3.1.0
7f2a24277000-7f2a24280000 r-xp 00000000 103:02 9838051                   /usr/lib/x86_64-linux-gnu/libXcursor.so.1.0.2
7f2a24280000-7f2a2447f000 ---p 00009000 103:02 9838051                   /usr/lib/x86_64-linux-gnu/libXcursor.so.1.0.2
7f2a2447f000-7f2a24480000 r--p 00008000 103:02 9838051                   /usr/lib/x86_64-linux-gnu/libXcursor.so.1.0.2
7f2a24480000-7f2a24481000 rw-p 00009000 103:02 9838051                   /usr/lib/x86_64-linux-gnu/libXcursor.so.1.0.2
7f2a24481000-7f2a2448a000 r-xp 00000000 103:02 9838077                   /usr/lib/x86_64-linux-gnu/libXrender.so.1.3.0
7f2a2448a000-7f2a24689000 ---p 00009000 103:02 9838077                   /usr/lib/x86_64-linux-gnu/libXrender.so.1.3.0
7f2a24689000-7f2a2468a000 r--p 00008000 103:02 9838077                   /usr/lib/x86_64-linux-gnu/libXrender.so.1.3.0
7f2a2468a000-7f2a2468b000 rw-p 00009000 103:02 9838077                   /usr/lib/x86_64-linux-gnu/libXrender.so.1.3.0
7f2a2468b000-7f2a24695000 r-xp 00000000 103:02 9838075                   /usr/lib/x86_64-linux-gnu/libXrandr.so.2.2.0
7f2a24695000-7f2a24894000 ---p 0000a000 103:02 9838075                   /usr/lib/x86_64-linux-gnu/libXrandr.so.2.2.0
7f2a24894000-7f2a24895000 r--p 00009000 103:02 9838075                   /usr/lib/x86_64-linux-gnu/libXrandr.so.2.2.0
7f2a24895000-7f2a24896000 rw-p 0000a000 103:02 9838075                   /usr/lib/x86_64-linux-gnu/libXrandr.so.2.2.0
7f2a24896000-7f2a248a5000 r-xp 00000000 103:02 9838065                   /usr/lib/x86_64-linux-gnu/libXi.so.6.1.0
7f2a248a5000-7f2a24aa4000 ---p 0000f000 103:02 9838065                   /usr/lib/x86_64-linux-gnu/libXi.so.6.1.0
7f2a24aa4000-7f2a24aa5000 r--p 0000e000 103:02 9838065                   /usr/lib/x86_64-linux-gnu/libXi.so.6.1.0
7f2a24aa5000-7f2a24aa6000 rw-p 0000f000 103:02 9838065                   /usr/lib/x86_64-linux-gnu/libXi.so.6.1.0
7f2a24aa6000-7f2a24ab7000 r-xp 00000000 103:02 9838057                   /usr/lib/x86_64-linux-gnu/libXext.so.6.4.0
7f2a24ab7000-7f2a24cb6000 ---p 00011000 103:02 9838057                   /usr/lib/x86_64-linux-gnu/libXext.so.6.4.0
7f2a24cb6000-7f2a24cb7000 r--p 00010000 103:02 9838057                   /usr/lib/x86_64-linux-gnu/libXext.so.6.4.0
7f2a24cb7000-7f2a24cb8000 rw-p 00011000 103:02 9838057                   /usr/lib/x86_64-linux-gnu/libXext.so.6.4.0
7f2a24cb8000-7f2a24cbd000 r-xp 00000000 103:02 9838093                   /usr/lib/x86_64-linux-gnu/libXxf86vm.so.1.0.0
7f2a24cbd000-7f2a24ebc000 ---p 00005000 103:02 9838093                   /usr/lib/x86_64-linux-gnu/libXxf86vm.so.1.0.0
7f2a24ebc000-7f2a24ebd000 r--p 00004000 103:02 9838093                   /usr/lib/x86_64-linux-gnu/libXxf86vm.so.1.0.0
7f2a24ebd000-7f2a24ebe000 rw-p 00005000 103:02 9838093                   /usr/lib/x86_64-linux-gnu/libXxf86vm.so.1.0.0
7f2a24ebe000-7f2a24ed1000 r-xp 00000000 103:02 22942382                  /lib/x86_64-linux-gnu/libbsd.so.0.8.7
7f2a24ed1000-7f2a250d0000 ---p 00013000 103:02 22942382                  /lib/x86_64-linux-gnu/libbsd.so.0.8.7
7f2a250d0000-7f2a250d1000 r--p 00012000 103:02 22942382                  /lib/x86_64-linux-gnu/libbsd.so.0.8.7
7f2a250d1000-7f2a250d2000 rw-p 00013000 103:02 22942382                  /lib/x86_64-linux-gnu/libbsd.so.0.8.7
7f2a250d2000-7f2a250d3000 rw-p 00000000 00:00 0 
7f2a250d3000-7f2a250d8000 r-xp 00000000 103:02 9838055                   /usr/lib/x86_64-linux-gnu/libXdmcp.so.6.0.0
7f2a250d8000-7f2a252d7000 ---p 00005000 103:02 9838055                   /usr/lib/x86_64-linux-gnu/libXdmcp.so.6.0.0
7f2a252d7000-7f2a252d8000 r--p 00004000 103:02 9838055                   /usr/lib/x86_64-linux-gnu/libXdmcp.so.6.0.0
7f2a252d8000-7f2a252d9000 rw-p 00005000 103:02 9838055                   /usr/lib/x86_64-linux-gnu/libXdmcp.so.6.0.0
7f2a252d9000-7f2a252db000 r-xp 00000000 103:02 9838044                   /usr/lib/x86_64-linux-gnu/libXau.so.6.0.0
7f2a252db000-7f2a254db000 ---p 00002000 103:02 9838044                   /usr/lib/x86_64-linux-gnu/libXau.so.6.0.0
7f2a254db000-7f2a254dc000 r--p 00002000 103:02 9838044                   /usr/lib/x86_64-linux-gnu/libXau.so.6.0.0
7f2a254dc000-7f2a254dd000 rw-p 00003000 103:02 9838044                   /usr/lib/x86_64-linux-gnu/libXau.so.6.0.0
7f2a254dd000-7f2a25503000 r-xp 00000000 103:02 9840409                   /usr/lib/x86_64-linux-gnu/libxcb.so.1.1.0
7f2a25503000-7f2a25703000 ---p 00026000 103:02 9840409                   /usr/lib/x86_64-linux-gnu/libxcb.so.1.1.0
7f2a25703000-7f2a25704000 r--p 00026000 103:02 9840409                   /usr/lib/x86_64-linux-gnu/libxcb.so.1.1.0
7f2a25704000-7f2a25705000 rw-p 00027000 103:02 9840409                   /usr/lib/x86_64-linux-gnu/libxcb.so.1.1.0
7f2a25705000-7f2a25838000 r-xp 00000000 103:02 9839217                   /usr/lib/x86_64-linux-gnu/libX11.so.6.3.0
7f2a25838000-7f2a25a38000 ---p 00133000 103:02 9839217                   /usr/lib/x86_64-linux-gnu/libX11.so.6.3.0
7f2a25a38000-7f2a25a39000 r--p 00133000 103:02 9839217                   /usr/lib/x86_64-linux-gnu/libX11.so.6.3.0
7f2a25a39000-7f2a25a3d000 rw-p 00134000 103:02 9839217                   /usr/lib/x86_64-linux-gnu/libX11.so.6.3.0
7f2a25a3d000-7f2a25a80000 r-xp 00000000 103:02 15990857                  /tmp/lwjglsam/3.2.3-build-13/libglfw.so
7f2a25a80000-7f2a25c7f000 ---p 00043000 103:02 15990857                  /tmp/lwjglsam/3.2.3-build-13/libglfw.so
7f2a25c7f000-7f2a25c80000 r--p 00042000 103:02 15990857                  /tmp/lwjglsam/3.2.3-build-13/libglfw.so
7f2a25c80000-7f2a25c82000 rw-p 00043000 103:02 15990857                  /tmp/lwjglsam/3.2.3-build-13/libglfw.so
7f2a25c82000-7f2a25ca3000 rw-p 00000000 00:00 0 
7f2a25ca3000-7f2a25cf4000 r-xp 00000000 103:02 15990805                  /tmp/lwjglsam/3.2.3-build-13/liblwjgl.so
7f2a25cf4000-7f2a25ef3000 ---p 00051000 103:02 15990805                  /tmp/lwjglsam/3.2.3-build-13/liblwjgl.so
7f2a25ef3000-7f2a25ef4000 r--p 00050000 103:02 15990805                  /tmp/lwjglsam/3.2.3-build-13/liblwjgl.so
7f2a25ef4000-7f2a25ef5000 rw-p 00051000 103:02 15990805                  /tmp/lwjglsam/3.2.3-build-13/liblwjgl.so
7f2a25ef5000-7f2a25f0b000 r-xp 00000000 103:02 9839031                   /usr/lib/jvm/java-8-openjdk-amd64/jre/lib/amd64/libnet.so
7f2a25f0b000-7f2a2610a000 ---p 00016000 103:02 9839031                   /usr/lib/jvm/java-8-openjdk-amd64/jre/lib/amd64/libnet.so
7f2a2610a000-7f2a2610b000 r--p 00015000 103:02 9839031                   /usr/lib/jvm/java-8-openjdk-amd64/jre/lib/amd64/libnet.so
7f2a2610b000-7f2a2610c000 rw-p 00016000 103:02 9839031                   /usr/lib/jvm/java-8-openjdk-amd64/jre/lib/amd64/libnet.so
7f2a2610c000-7f2a2611d000 r-xp 00000000 103:02 9839036                   /usr/lib/jvm/java-8-openjdk-amd64/jre/lib/amd64/libnio.so
7f2a2611d000-7f2a2631c000 ---p 00011000 103:02 9839036                   /usr/lib/jvm/java-8-openjdk-amd64/jre/lib/amd64/libnio.so
7f2a2631c000-7f2a2631d000 r--p 00010000 103:02 9839036                   /usr/lib/jvm/java-8-openjdk-amd64/jre/lib/amd64/libnio.so
7f2a2631d000-7f2a2631e000 rw-p 00011000 103:02 9839036                   /usr/lib/jvm/java-8-openjdk-amd64/jre/lib/amd64/libnio.so
7f2a2631e000-7f2a2631f000 ---p 00000000 00:00 0 
7f2a2631f000-7f2a2641f000 rw-p 00000000 00:00 0 
7f2a2641f000-7f2a26422000 ---p 00000000 00:00 0 
7f2a26422000-7f2a26520000 rw-p 00000000 00:00 0 
7f2a26520000-7f2a26521000 ---p 00000000 00:00 0 
7f2a26521000-7f2a26524000 ---p 00000000 00:00 0 
7f2a26524000-7f2a26621000 rw-p 00000000 00:00 0 
7f2a26621000-7f2a26622000 ---p 00000000 00:00 0 
7f2a26622000-7f2a26625000 ---p 00000000 00:00 0 
7f2a26625000-7f2a26722000 rw-p 00000000 00:00 0 
7f2a26722000-7f2a26723000 ---p 00000000 00:00 0 
7f2a26723000-7f2a26726000 ---p 00000000 00:00 0 
7f2a26726000-7f2a26823000 rw-p 00000000 00:00 0 
7f2a26823000-7f2a26824000 ---p 00000000 00:00 0 
7f2a26824000-7f2a26827000 ---p 00000000 00:00 0 
7f2a26827000-7f2a26924000 rw-p 00000000 00:00 0 
7f2a26924000-7f2a26927000 ---p 00000000 00:00 0 
7f2a26927000-7f2a26a25000 rw-p 00000000 00:00 0 
7f2a26a25000-7f2a273f4000 r--p 00000000 103:02 9837060                   /usr/lib/locale/locale-archive
7f2a273f4000-7f2a273f7000 ---p 00000000 00:00 0 
7f2a273f7000-7f2a274f5000 rw-p 00000000 00:00 0 
7f2a274f5000-7f2a274f8000 ---p 00000000 00:00 0 
7f2a274f8000-7f2a275f6000 rw-p 00000000 00:00 0 
7f2a275f6000-7f2a275f7000 ---p 00000000 00:00 0 
7f2a275f7000-7f2a28000000 rw-p 00000000 00:00 0 
7f2a28000000-7f2a28021000 rw-p 00000000 00:00 0 
7f2a28021000-7f2a2c000000 ---p 00000000 00:00 0 
7f2a2c000000-7f2a2c021000 rw-p 00000000 00:00 0 
7f2a2c021000-7f2a30000000 ---p 00000000 00:00 0 
7f2a30000000-7f2a30021000 rw-p 00000000 00:00 0 
7f2a30021000-7f2a34000000 ---p 00000000 00:00 0 
7f2a34000000-7f2a34021000 rw-p 00000000 00:00 0 
7f2a34021000-7f2a38000000 ---p 00000000 00:00 0 
7f2a38000000-7f2a38021000 rw-p 00000000 00:00 0 
7f2a38021000-7f2a3c000000 ---p 00000000 00:00 0 
7f2a3c000000-7f2a3c021000 rw-p 00000000 00:00 0 
7f2a3c021000-7f2a40000000 ---p 00000000 00:00 0 
7f2a40000000-7f2a40021000 rw-p 00000000 00:00 0 
7f2a40021000-7f2a44000000 ---p 00000000 00:00 0 
7f2a44000000-7f2a44001000 rw-s 00000000 00:06 584                        /dev/nvidia0
7f2a44001000-7f2a44002000 rw-s 00000000 00:06 584                        /dev/nvidia0
7f2a44002000-7f2a44003000 rw-s 00000000 00:06 584                        /dev/nvidia0
7f2a44023000-7f2a44024000 rw-s 00000000 00:06 583                        /dev/nvidiactl
7f2a44024000-7f2a44025000 rw-s 00000000 00:06 583                        /dev/nvidiactl
7f2a44025000-7f2a44026000 rw-s 00000000 00:06 583                        /dev/nvidiactl
7f2a44026000-7f2a4402d000 r--s 00000000 103:02 10095718                  /usr/lib/x86_64-linux-gnu/gconv/gconv-modules.cache
7f2a4402d000-7f2a44040000 r--s 00346000 103:02 9839324                   /usr/lib/jvm/java-8-openjdk-amd64/jre/lib/resources.jar
7f2a44040000-7f2a44041000 r--s 00002000 08:01 16253464                   /home/sam/Downloads/pngdecoder-1.0.jar
7f2a44041000-7f2a44042000 r--s 00022000 08:01 17960234                   /home/sam/Downloads/lwjgl-3.2.3/lwjgl-glfw/lwjgl-glfw-natives-linux-arm64.jar
7f2a44042000-7f2a44043000 r--s 00026000 08:01 17960235                   /home/sam/Downloads/lwjgl-3.2.3/lwjgl-glfw/lwjgl-glfw-natives-linux.jar
7f2a44043000-7f2a44046000 r--s 00018000 08:01 17960240                   /home/sam/Downloads/lwjgl-3.2.3/lwjgl-glfw/lwjgl-glfw.jar
7f2a44046000-7f2a44051000 r--s 000da000 08:01 19795221                   /home/sam/Downloads/lwjgl-3.2.3/lwjgl-opengl/lwjgl-opengl.jar
7f2a44051000-7f2a4406c000 r--s 001d6000 103:02 9839212                   /usr/lib/jvm/java-8-openjdk-amd64/jre/lib/ext/nashorn.jar
7f2a4406c000-7f2a45a1c000 rw-p 00000000 00:00 0 
7f2a45a1c000-7f2a45bec000 r--s 03c5c000 103:02 9839328                   /usr/lib/jvm/java-8-openjdk-amd64/jre/lib/rt.jar
7f2a45bec000-7f2a473fc000 rw-p 00000000 00:00 0 
7f2a473fc000-7f2a473fd000 ---p 00000000 00:00 0 
7f2a473fd000-7f2a474fd000 rw-p 00000000 00:00 0 
7f2a474fd000-7f2a474fe000 ---p 00000000 00:00 0 
7f2a474fe000-7f2a476a5000 rw-p 00000000 00:00 0 
7f2a476a5000-7f2a48065000 ---p 00000000 00:00 0 
7f2a48065000-7f2a4810c000 rw-p 00000000 00:00 0 
7f2a4810c000-7f2a48acb000 ---p 00000000 00:00 0 
7f2a48acb000-7f2a48bc4000 rw-p 00000000 00:00 0 
7f2a48bc4000-7f2a48fff000 ---p 00000000 00:00 0 
7f2a48fff000-7f2a49000000 rw-p 00000000 00:00 0 
7f2a49000000-7f2a49410000 rwxp 00000000 00:00 0 
7f2a49410000-7f2a58000000 ---p 00000000 00:00 0 
7f2a58000000-7f2a59752000 rw-p 00000000 00:00 0 
7f2a59752000-7f2a5c000000 ---p 00000000 00:00 0 
7f2a5c000000-7f2a5c002000 r--s 0000d000 08:01 19795215                   /home/sam/Downloads/lwjgl-3.2.3/lwjgl-opengl/lwjgl-opengl-natives-linux-arm64.jar
7f2a5c002000-7f2a5c003000 r--s 00013000 08:01 19795216                   /home/sam/Downloads/lwjgl-3.2.3/lwjgl-opengl/lwjgl-opengl-natives-linux.jar
7f2a5c003000-7f2a5c004000 r--s 0000c000 08:01 16517972                   /home/sam/Downloads/lwjgl-3.2.3/lwjgl/lwjgl-natives-linux-arm64.jar
7f2a5c004000-7f2a5c005000 r--s 00012000 08:01 16517973                   /home/sam/Downloads/lwjgl-3.2.3/lwjgl/lwjgl-natives-linux.jar
7f2a5c005000-7f2a5c00c000 r--s 00081000 08:01 16518147                   /home/sam/Downloads/lwjgl-3.2.3/lwjgl/lwjgl.jar
7f2a5c00c000-7f2a5c011000 r--s 0003c000 103:02 9839214                   /usr/lib/jvm/java-8-openjdk-amd64/jre/lib/ext/sunjce_provider.jar
7f2a5c011000-7f2a5c014000 r--s 00039000 103:02 9839215                   /usr/lib/jvm/java-8-openjdk-amd64/jre/lib/ext/sunpkcs11.jar
7f2a5c014000-7f2a5c017000 r--s 0000f000 103:02 9839204                   /usr/lib/jvm/java-8-openjdk-amd64/jre/lib/ext/icedtea-sound.jar
7f2a5c017000-7f2a5c093000 rw-p 00000000 00:00 0 
7f2a5c093000-7f2a5c094000 ---p 00000000 00:00 0 
7f2a5c094000-7f2a5c194000 rw-p 00000000 00:00 0 
7f2a5c194000-7f2a5c195000 ---p 00000000 00:00 0 
7f2a5c195000-7f2a5c295000 rw-p 00000000 00:00 0 
7f2a5c295000-7f2a5c296000 ---p 00000000 00:00 0 
7f2a5c296000-7f2a5c396000 rw-p 00000000 00:00 0 
7f2a5c396000-7f2a5c397000 ---p 00000000 00:00 0 
7f2a5c397000-7f2a5c497000 rw-p 00000000 00:00 0 
7f2a5c497000-7f2a5c498000 ---p 00000000 00:00 0 
7f2a5c498000-7f2a5c598000 rw-p 00000000 00:00 0 
7f2a5c598000-7f2a5c599000 ---p 00000000 00:00 0 
7f2a5c599000-7f2a5c699000 rw-p 00000000 00:00 0 
7f2a5c699000-7f2a5c69a000 ---p 00000000 00:00 0 
7f2a5c69a000-7f2a5c79a000 rw-p 00000000 00:00 0 
7f2a5c79a000-7f2a5c79b000 ---p 00000000 00:00 0 
7f2a5c79b000-7f2a5c8ac000 rw-p 00000000 00:00 0 
7f2a5c8ac000-7f2a5cc5b000 ---p 00000000 00:00 0 
7f2a5cc5b000-7f2a5cc63000 r-xp 00000000 103:02 9839091                   /usr/lib/jvm/java-8-openjdk-amd64/jre/lib/amd64/libzip.so
7f2a5cc63000-7f2a5ce62000 ---p 00008000 103:02 9839091                   /usr/lib/jvm/java-8-openjdk-amd64/jre/lib/amd64/libzip.so
7f2a5ce62000-7f2a5ce63000 r--p 00007000 103:02 9839091                   /usr/lib/jvm/java-8-openjdk-amd64/jre/lib/amd64/libzip.so
7f2a5ce63000-7f2a5ce64000 rw-p 00008000 103:02 9839091                   /usr/lib/jvm/java-8-openjdk-amd64/jre/lib/amd64/libzip.so
7f2a5ce64000-7f2a5ce6f000 r-xp 00000000 103:02 22942476                  /lib/x86_64-linux-gnu/libnss_files-2.27.so
7f2a5ce6f000-7f2a5d06e000 ---p 0000b000 103:02 22942476                  /lib/x86_64-linux-gnu/libnss_files-2.27.so
7f2a5d06e000-7f2a5d06f000 r--p 0000a000 103:02 22942476                  /lib/x86_64-linux-gnu/libnss_files-2.27.so
7f2a5d06f000-7f2a5d070000 rw-p 0000b000 103:02 22942476                  /lib/x86_64-linux-gnu/libnss_files-2.27.so
7f2a5d070000-7f2a5d076000 rw-p 00000000 00:00 0 
7f2a5d076000-7f2a5d08d000 r-xp 00000000 103:02 22942470                  /lib/x86_64-linux-gnu/libnsl-2.27.so
7f2a5d08d000-7f2a5d28c000 ---p 00017000 103:02 22942470                  /lib/x86_64-linux-gnu/libnsl-2.27.so
7f2a5d28c000-7f2a5d28d000 r--p 00016000 103:02 22942470                  /lib/x86_64-linux-gnu/libnsl-2.27.so
7f2a5d28d000-7f2a5d28e000 rw-p 00017000 103:02 22942470                  /lib/x86_64-linux-gnu/libnsl-2.27.so
7f2a5d28e000-7f2a5d290000 rw-p 00000000 00:00 0 
7f2a5d290000-7f2a5d29b000 r-xp 00000000 103:02 22942487                  /lib/x86_64-linux-gnu/libnss_nis-2.27.so
7f2a5d29b000-7f2a5d49a000 ---p 0000b000 103:02 22942487                  /lib/x86_64-linux-gnu/libnss_nis-2.27.so
7f2a5d49a000-7f2a5d49b000 r--p 0000a000 103:02 22942487                  /lib/x86_64-linux-gnu/libnss_nis-2.27.so
7f2a5d49b000-7f2a5d49c000 rw-p 0000b000 103:02 22942487                  /lib/x86_64-linux-gnu/libnss_nis-2.27.so
7f2a5d49c000-7f2a5d4a4000 r-xp 00000000 103:02 22942472                  /lib/x86_64-linux-gnu/libnss_compat-2.27.so
7f2a5d4a4000-7f2a5d6a4000 ---p 00008000 103:02 22942472                  /lib/x86_64-linux-gnu/libnss_compat-2.27.so
7f2a5d6a4000-7f2a5d6a5000 r--p 00008000 103:02 22942472                  /lib/x86_64-linux-gnu/libnss_compat-2.27.so
7f2a5d6a5000-7f2a5d6a6000 rw-p 00009000 103:02 22942472                  /lib/x86_64-linux-gnu/libnss_compat-2.27.so
7f2a5d6a6000-7f2a5d6d0000 r-xp 00000000 103:02 9838982                   /usr/lib/jvm/java-8-openjdk-amd64/jre/lib/amd64/libjava.so
7f2a5d6d0000-7f2a5d8cf000 ---p 0002a000 103:02 9838982                   /usr/lib/jvm/java-8-openjdk-amd64/jre/lib/amd64/libjava.so
7f2a5d8cf000-7f2a5d8d0000 r--p 00029000 103:02 9838982                   /usr/lib/jvm/java-8-openjdk-amd64/jre/lib/amd64/libjava.so
7f2a5d8d0000-7f2a5d8d2000 rw-p 0002a000 103:02 9838982                   /usr/lib/jvm/java-8-openjdk-amd64/jre/lib/amd64/libjava.so
7f2a5d8d2000-7f2a5d8e2000 r-xp 00000000 103:02 9839073                   /usr/lib/jvm/java-8-openjdk-amd64/jre/lib/amd64/libverify.so
7f2a5d8e2000-7f2a5dae1000 ---p 00010000 103:02 9839073                   /usr/lib/jvm/java-8-openjdk-amd64/jre/lib/amd64/libverify.so
7f2a5dae1000-7f2a5dae3000 r--p 0000f000 103:02 9839073                   /usr/lib/jvm/java-8-openjdk-amd64/jre/lib/amd64/libverify.so
7f2a5dae3000-7f2a5dae4000 rw-p 00011000 103:02 9839073                   /usr/lib/jvm/java-8-openjdk-amd64/jre/lib/amd64/libverify.so
7f2a5dae4000-7f2a5daeb000 r-xp 00000000 103:02 22942527                  /lib/x86_64-linux-gnu/librt-2.27.so
7f2a5daeb000-7f2a5dcea000 ---p 00007000 103:02 22942527                  /lib/x86_64-linux-gnu/librt-2.27.so
7f2a5dcea000-7f2a5dceb000 r--p 00006000 103:02 22942527                  /lib/x86_64-linux-gnu/librt-2.27.so
7f2a5dceb000-7f2a5dcec000 rw-p 00007000 103:02 22942527                  /lib/x86_64-linux-gnu/librt-2.27.so
7f2a5dcec000-7f2a5dd03000 r-xp 00000000 103:02 22937606                  /lib/x86_64-linux-gnu/libgcc_s.so.1
7f2a5dd03000-7f2a5df02000 ---p 00017000 103:02 22937606                  /lib/x86_64-linux-gnu/libgcc_s.so.1
7f2a5df02000-7f2a5df03000 r--p 00016000 103:02 22937606                  /lib/x86_64-linux-gnu/libgcc_s.so.1
7f2a5df03000-7f2a5df04000 rw-p 00017000 103:02 22937606                  /lib/x86_64-linux-gnu/libgcc_s.so.1
7f2a5df04000-7f2a5e0a1000 r-xp 00000000 103:02 22942449                  /lib/x86_64-linux-gnu/libm-2.27.so
7f2a5e0a1000-7f2a5e2a0000 ---p 0019d000 103:02 22942449                  /lib/x86_64-linux-gnu/libm-2.27.so
7f2a5e2a0000-7f2a5e2a1000 r--p 0019c000 103:02 22942449                  /lib/x86_64-linux-gnu/libm-2.27.so
7f2a5e2a1000-7f2a5e2a2000 rw-p 0019d000 103:02 22942449                  /lib/x86_64-linux-gnu/libm-2.27.so
7f2a5e2a2000-7f2a5e41b000 r-xp 00000000 103:02 9830530                   /usr/lib/x86_64-linux-gnu/libstdc++.so.6.0.25
7f2a5e41b000-7f2a5e61b000 ---p 00179000 103:02 9830530                   /usr/lib/x86_64-linux-gnu/libstdc++.so.6.0.25
7f2a5e61b000-7f2a5e625000 r--p 00179000 103:02 9830530                   /usr/lib/x86_64-linux-gnu/libstdc++.so.6.0.25
7f2a5e625000-7f2a5e627000 rw-p 00183000 103:02 9830530                   /usr/lib/x86_64-linux-gnu/libstdc++.so.6.0.25
7f2a5e627000-7f2a5e62b000 rw-p 00000000 00:00 0 
7f2a5e62b000-7f2a5f2ca000 r-xp 00000000 103:02 9839139                   /usr/lib/jvm/java-8-openjdk-amd64/jre/lib/amd64/server/libjvm.so
7f2a5f2ca000-7f2a5f4ca000 ---p 00c9f000 103:02 9839139                   /usr/lib/jvm/java-8-openjdk-amd64/jre/lib/amd64/server/libjvm.so
7f2a5f4ca000-7f2a5f55e000 r--p 00c9f000 103:02 9839139                   /usr/lib/jvm/java-8-openjdk-amd64/jre/lib/amd64/server/libjvm.so
7f2a5f55e000-7f2a5f587000 rw-p 00d33000 103:02 9839139                   /usr/lib/jvm/java-8-openjdk-amd64/jre/lib/amd64/server/libjvm.so
7f2a5f587000-7f2a5f5b7000 rw-p 00000000 00:00 0 
7f2a5f5b7000-7f2a5f5d1000 r-xp 00000000 103:02 22942519                  /lib/x86_64-linux-gnu/libpthread-2.27.so
7f2a5f5d1000-7f2a5f7d0000 ---p 0001a000 103:02 22942519                  /lib/x86_64-linux-gnu/libpthread-2.27.so
7f2a5f7d0000-7f2a5f7d1000 r--p 00019000 103:02 22942519                  /lib/x86_64-linux-gnu/libpthread-2.27.so
7f2a5f7d1000-7f2a5f7d2000 rw-p 0001a000 103:02 22942519                  /lib/x86_64-linux-gnu/libpthread-2.27.so
7f2a5f7d2000-7f2a5f7d6000 rw-p 00000000 00:00 0 
7f2a5f7d6000-7f2a5f7d9000 r-xp 00000000 103:02 22942409                  /lib/x86_64-linux-gnu/libdl-2.27.so
7f2a5f7d9000-7f2a5f9d8000 ---p 00003000 103:02 22942409                  /lib/x86_64-linux-gnu/libdl-2.27.so
7f2a5f9d8000-7f2a5f9d9000 r--p 00002000 103:02 22942409                  /lib/x86_64-linux-gnu/libdl-2.27.so
7f2a5f9d9000-7f2a5f9da000 rw-p 00003000 103:02 22942409                  /lib/x86_64-linux-gnu/libdl-2.27.so
7f2a5f9da000-7f2a5f9f6000 r-xp 00000000 103:02 22942558                  /lib/x86_64-linux-gnu/libz.so.1.2.11
7f2a5f9f6000-7f2a5fbf5000 ---p 0001c000 103:02 22942558                  /lib/x86_64-linux-gnu/libz.so.1.2.11
7f2a5fbf5000-7f2a5fbf6000 r--p 0001b000 103:02 22942558                  /lib/x86_64-linux-gnu/libz.so.1.2.11
7f2a5fbf6000-7f2a5fbf7000 rw-p 0001c000 103:02 22942558                  /lib/x86_64-linux-gnu/libz.so.1.2.11
7f2a5fbf7000-7f2a5fdde000 r-xp 00000000 103:02 22942386                  /lib/x86_64-linux-gnu/libc-2.27.so
7f2a5fdde000-7f2a5ffde000 ---p 001e7000 103:02 22942386                  /lib/x86_64-linux-gnu/libc-2.27.so
7f2a5ffde000-7f2a5ffe2000 r--p 001e7000 103:02 22942386                  /lib/x86_64-linux-gnu/libc-2.27.so
7f2a5ffe2000-7f2a5ffe4000 rw-p 001eb000 103:02 22942386                  /lib/x86_64-linux-gnu/libc-2.27.so
7f2a5ffe4000-7f2a5ffe8000 rw-p 00000000 00:00 0 
7f2a5ffe8000-7f2a5fff6000 r-xp 00000000 103:02 9838942                   /usr/lib/jvm/java-8-openjdk-amd64/jre/lib/amd64/jli/libjli.so
7f2a5fff6000-7f2a601f5000 ---p 0000e000 103:02 9838942                   /usr/lib/jvm/java-8-openjdk-amd64/jre/lib/amd64/jli/libjli.so
7f2a601f5000-7f2a601f6000 r--p 0000d000 103:02 9838942                   /usr/lib/jvm/java-8-openjdk-amd64/jre/lib/amd64/jli/libjli.so
7f2a601f6000-7f2a601f7000 rw-p 0000e000 103:02 9838942                   /usr/lib/jvm/java-8-openjdk-amd64/jre/lib/amd64/jli/libjli.so
7f2a601f7000-7f2a6021e000 r-xp 00000000 103:02 22942358                  /lib/x86_64-linux-gnu/ld-2.27.so
7f2a6021e000-7f2a6021f000 r--s 0000a000 103:02 9839205                   /usr/lib/jvm/java-8-openjdk-amd64/jre/lib/ext/jaccess.jar
7f2a6021f000-7f2a6023a000 r--s 00394000 103:02 9839202                   /usr/lib/jvm/java-8-openjdk-amd64/jre/lib/ext/cldrdata.jar
7f2a6023a000-7f2a602ff000 rw-p 00000000 00:00 0 
7f2a602ff000-7f2a60300000 ---p 00000000 00:00 0 
7f2a60300000-7f2a60303000 ---p 00000000 00:00 0 
7f2a60303000-7f2a60402000 rw-p 00000000 00:00 0 
7f2a60402000-7f2a60404000 r--s 00001000 103:02 9839203                   /usr/lib/jvm/java-8-openjdk-amd64/jre/lib/ext/dnsns.jar
7f2a60404000-7f2a6040e000 r--s 00116000 103:02 9839206                   /usr/lib/jvm/java-8-openjdk-amd64/jre/lib/ext/localedata.jar
7f2a6040e000-7f2a60410000 r--s 00007000 103:02 10224650                  /usr/share/java/java-atk-wrapper.jar
7f2a60410000-7f2a60411000 r--s 0000d000 103:02 9839213                   /usr/lib/jvm/java-8-openjdk-amd64/jre/lib/ext/sunec.jar
7f2a60411000-7f2a60412000 r--s 00010000 103:02 9839216                   /usr/lib/jvm/java-8-openjdk-amd64/jre/lib/ext/zipfs.jar
7f2a60412000-7f2a6041a000 rw-s 00000000 103:02 15990796                  /tmp/hsperfdata_sam/17598
7f2a6041a000-7f2a6041b000 rw-p 00000000 00:00 0 
7f2a6041b000-7f2a6041c000 r--p 00000000 00:00 0 
7f2a6041c000-7f2a6041e000 rw-p 00000000 00:00 0 
7f2a6041e000-7f2a6041f000 r--p 00027000 103:02 22942358                  /lib/x86_64-linux-gnu/ld-2.27.so
7f2a6041f000-7f2a60420000 rw-p 00028000 103:02 22942358                  /lib/x86_64-linux-gnu/ld-2.27.so
7f2a60420000-7f2a60421000 rw-p 00000000 00:00 0 
7ffd95ecb000-7ffd95eec000 rw-p 00000000 00:00 0                          [stack]
7ffd95f96000-7ffd95f99000 r--p 00000000 00:00 0                          [vvar]
7ffd95f99000-7ffd95f9a000 r-xp 00000000 00:00 0                          [vdso]
ffffffffff600000-ffffffffff601000 --xp 00000000 00:00 0                  [vsyscall]

VM Arguments:
jvm_args: -Dfile.encoding=UTF-8 
java_command: main.Main
java_class_path (initial): /home/sam/Downloads/lwjgl-3.2.3/lwjgl/lwjgl.jar:/home/sam/Downloads/lwjgl-3.2.3/lwjgl/lwjgl-natives-linux.jar:/home/sam/Downloads/lwjgl-3.2.3/lwjgl/lwjgl-natives-linux-arm64.jar:/home/sam/Downloads/lwjgl-3.2.3/lwjgl-opengl/lwjgl-opengl.jar:/home/sam/Downloads/lwjgl-3.2.3/lwjgl-opengl/lwjgl-opengl-natives-linux.jar:/home/sam/Downloads/lwjgl-3.2.3/lwjgl-opengl/lwjgl-opengl-natives-linux-arm64.jar:/home/sam/Downloads/lwjgl-3.2.3/lwjgl-glfw/lwjgl-glfw.jar:/home/sam/Downloads/lwjgl-3.2.3/lwjgl-glfw/lwjgl-glfw-natives-linux.jar:/home/sam/Downloads/lwjgl-3.2.3/lwjgl-glfw/lwjgl-glfw-natives-linux-arm64.jar:/home/sam/Downloads/pngdecoder-1.0.jar:/home/sam/eclipse/workspace/LWJGL-ENGINE/bin
Launcher Type: SUN_STANDARD

Environment Variables:
PATH=/usr/local/sbin:/usr/local/bin:/usr/sbin:/usr/bin:/sbin:/bin:/usr/games:/usr/local/games:/snap/bin
USERNAME=sam
SHELL=/bin/bash
DISPLAY=:0

Signal Handlers:
SIGSEGV: [libjvm.so+0xab92f0], sa_mask[0]=11111111011111111101111111111110, sa_flags=SA_RESTART|SA_SIGINFO
SIGBUS: [libjvm.so+0xab92f0], sa_mask[0]=11111111011111111101111111111110, sa_flags=SA_RESTART|SA_SIGINFO
SIGFPE: [libjvm.so+0x8ee560], sa_mask[0]=11111111011111111101111111111110, sa_flags=SA_RESTART|SA_SIGINFO
SIGPIPE: [libjvm.so+0x8ee560], sa_mask[0]=11111111011111111101111111111110, sa_flags=SA_RESTART|SA_SIGINFO
SIGXFSZ: [libjvm.so+0x8ee560], sa_mask[0]=11111111011111111101111111111110, sa_flags=SA_RESTART|SA_SIGINFO
SIGILL: [libjvm.so+0x8ee560], sa_mask[0]=11111111011111111101111111111110, sa_flags=SA_RESTART|SA_SIGINFO
SIGUSR1: SIG_DFL, sa_mask[0]=00000000000000000000000000000000, sa_flags=none
SIGUSR2: [libjvm.so+0x8ee410], sa_mask[0]=00100000000000000000000000000000, sa_flags=SA_RESTART|SA_SIGINFO
SIGHUP: [libjvm.so+0x8eea80], sa_mask[0]=11111111011111111101111111111110, sa_flags=SA_RESTART|SA_SIGINFO
SIGINT: [libjvm.so+0x8eea80], sa_mask[0]=11111111011111111101111111111110, sa_flags=SA_RESTART|SA_SIGINFO
SIGTERM: [libjvm.so+0x8eea80], sa_mask[0]=11111111011111111101111111111110, sa_flags=SA_RESTART|SA_SIGINFO
SIGQUIT: [libjvm.so+0x8eea80], sa_mask[0]=11111111011111111101111111111110, sa_flags=SA_RESTART|SA_SIGINFO


---------------  S Y S T E M  ---------------

OS:DISTRIB_ID=Ubuntu
DISTRIB_RELEASE=18.04
DISTRIB_CODENAME=bionic
DISTRIB_DESCRIPTION="Ubuntu 18.04.3 LTS"

uname:Linux 5.3.0-23-generic #25~18.04.2-Ubuntu SMP Thu Nov 21 22:27:50 UTC 2019 x86_64
libc:glibc 2.27 NPTL 2.27 
rlimit: STACK 8192k, CORE 0k, NPROC 127594, NOFILE 1048576, AS infinity
load average:9.52 6.59 3.87

/proc/meminfo:
MemTotal:       32713520 kB
MemFree:        28168924 kB
MemAvailable:   29082996 kB
Buffers:           78852 kB
Cached:          1389380 kB
SwapCached:            0 kB
Active:          3349080 kB
Inactive:         740380 kB
Active(anon):    2681168 kB
Inactive(anon):   161360 kB
Active(file):     667912 kB
Inactive(file):   579020 kB
Unevictable:       58720 kB
Mlocked:             160 kB
SwapTotal:       2097148 kB
SwapFree:        2097148 kB
Dirty:                52 kB
Writeback:             0 kB
AnonPages:       2679724 kB
Mapped:           650484 kB
Shmem:            221308 kB
KReclaimable:      72960 kB
Slab:             159196 kB
SReclaimable:      72960 kB
SUnreclaim:        86236 kB
KernelStack:       17904 kB
PageTables:        58180 kB
NFS_Unstable:          0 kB
Bounce:                0 kB
WritebackTmp:          0 kB
CommitLimit:    18453908 kB
Committed_AS:    9714156 kB
VmallocTotal:   34359738367 kB
VmallocUsed:       61776 kB
VmallocChunk:          0 kB
Percpu:             5760 kB
HardwareCorrupted:     0 kB
AnonHugePages:         0 kB
ShmemHugePages:        0 kB
ShmemPmdMapped:        0 kB
CmaTotal:              0 kB
CmaFree:               0 kB
HugePages_Total:       0
HugePages_Free:        0
HugePages_Rsvd:        0
HugePages_Surp:        0
Hugepagesize:       2048 kB
Hugetlb:               0 kB
DirectMap4k:      338592 kB
DirectMap2M:     5779456 kB
DirectMap1G:    27262976 kB

container (cgroup) information:
container_type: cgroupv1
cpu_cpuset_cpus: 0-11
cpu_memory_nodes: 0
active_processor_count: 12
cpu_quota: -1
cpu_period: 100000
cpu_shares: -1
memory_limit_in_bytes: -1
memory_and_swap_limit_in_bytes: -2
memory_soft_limit_in_bytes: -1
memory_usage_in_bytes: 4247838720
memory_max_usage_in_bytes: 0


CPU:total 12 (initial active 12) (6 cores per cpu, 2 threads per core) family 6 model 158 stepping 10, cmov, cx8, fxsr, mmx, sse, sse2, sse3, ssse3, sse4.1, sse4.2, popcnt, avx, avx2, aes, clmul, erms, 3dnowpref, lzcnt, ht, tsc, tscinvbit, bmi1, bmi2, adx

/proc/cpuinfo:
processor	: 0
vendor_id	: GenuineIntel
cpu family	: 6
model		: 158
model name	: Intel(R) Core(TM) i7-8750H CPU @ 2.20GHz
stepping	: 10
microcode	: 0xca
cpu MHz		: 3999.631
cache size	: 9216 KB
physical id	: 0
siblings	: 12
core id		: 0
cpu cores	: 6
apicid		: 0
initial apicid	: 0
fpu		: yes
fpu_exception	: yes
cpuid level	: 22
wp		: yes
flags		: fpu vme de pse tsc msr pae mce cx8 apic sep mtrr pge mca cmov pat pse36 clflush dts acpi mmx fxsr sse sse2 ss ht tm pbe syscall nx pdpe1gb rdtscp lm constant_tsc art arch_perfmon pebs bts rep_good nopl xtopology nonstop_tsc cpuid aperfmperf pni pclmulqdq dtes64 monitor ds_cpl vmx est tm2 ssse3 sdbg fma cx16 xtpr pdcm pcid sse4_1 sse4_2 x2apic movbe popcnt tsc_deadline_timer aes xsave avx f16c rdrand lahf_lm abm 3dnowprefetch cpuid_fault epb invpcid_single pti ssbd ibrs ibpb stibp tpr_shadow vnmi flexpriority ept vpid ept_ad fsgsbase tsc_adjust bmi1 avx2 smep bmi2 erms invpcid mpx rdseed adx smap clflushopt intel_pt xsaveopt xsavec xgetbv1 xsaves dtherm ida arat pln pts hwp hwp_notify hwp_act_window hwp_epp md_clear flush_l1d
bugs		: cpu_meltdown spectre_v1 spectre_v2 spec_store_bypass l1tf mds swapgs itlb_multihit
bogomips	: 4399.99
clflush size	: 64
cache_alignment	: 64
address sizes	: 39 bits physical, 48 bits virtual
power management:

processor	: 1
vendor_id	: GenuineIntel
cpu family	: 6
model		: 158
model name	: Intel(R) Core(TM) i7-8750H CPU @ 2.20GHz
stepping	: 10
microcode	: 0xca
cpu MHz		: 3981.080
cache size	: 9216 KB
physical id	: 0
siblings	: 12
core id		: 1
cpu cores	: 6
apicid		: 2
initial apicid	: 2
fpu		: yes
fpu_exception	: yes
cpuid level	: 22
wp		: yes
flags		: fpu vme de pse tsc msr pae mce cx8 apic sep mtrr pge mca cmov pat pse36 clflush dts acpi mmx fxsr sse sse2 ss ht tm pbe syscall nx pdpe1gb rdtscp lm constant_tsc art arch_perfmon pebs bts rep_good nopl xtopology nonstop_tsc cpuid aperfmperf pni pclmulqdq dtes64 monitor ds_cpl vmx est tm2 ssse3 sdbg fma cx16 xtpr pdcm pcid sse4_1 sse4_2 x2apic movbe popcnt tsc_deadline_timer aes xsave avx f16c rdrand lahf_lm abm 3dnowprefetch cpuid_fault epb invpcid_single pti ssbd ibrs ibpb stibp tpr_shadow vnmi flexpriority ept vpid ept_ad fsgsbase tsc_adjust bmi1 avx2 smep bmi2 erms invpcid mpx rdseed adx smap clflushopt intel_pt xsaveopt xsavec xgetbv1 xsaves dtherm ida arat pln pts hwp hwp_notify hwp_act_window hwp_epp md_clear flush_l1d
bugs		: cpu_meltdown spectre_v1 spectre_v2 spec_store_bypass l1tf mds swapgs itlb_multihit
bogomips	: 4399.99
clflush size	: 64
cache_alignment	: 64
address sizes	: 39 bits physical, 48 bits virtual
power management:

processor	: 2
vendor_id	: GenuineIntel
cpu family	: 6
model		: 158
model name	: Intel(R) Core(TM) i7-8750H CPU @ 2.20GHz
stepping	: 10
microcode	: 0xca
cpu MHz		: 3946.671
cache size	: 9216 KB
physical id	: 0
siblings	: 12
core id		: 2
cpu cores	: 6
apicid		: 4
initial apicid	: 4
fpu		: yes
fpu_exception	: yes
cpuid level	: 22
wp		: yes
flags		: fpu vme de pse tsc msr pae mce cx8 apic sep mtrr pge mca cmov pat pse36 clflush dts acpi mmx fxsr sse sse2 ss ht tm pbe syscall nx pdpe1gb rdtscp lm constant_tsc art arch_perfmon pebs bts rep_good nopl xtopology nonstop_tsc cpuid aperfmperf pni pclmulqdq dtes64 monitor ds_cpl vmx est tm2 ssse3 sdbg fma cx16 xtpr pdcm pcid sse4_1 sse4_2 x2apic movbe popcnt tsc_deadline_timer aes xsave avx f16c rdrand lahf_lm abm 3dnowprefetch cpuid_fault epb invpcid_single pti ssbd ibrs ibpb stibp tpr_shadow vnmi flexpriority ept vpid ept_ad fsgsbase tsc_adjust bmi1 avx2 smep bmi2 erms invpcid mpx rdseed adx smap clflushopt intel_pt xsaveopt xsavec xgetbv1 xsaves dtherm ida arat pln pts hwp hwp_notify hwp_act_window hwp_epp md_clear flush_l1d
bugs		: cpu_meltdown spectre_v1 spectre_v2 spec_store_bypass l1tf mds swapgs itlb_multihit
bogomips	: 4399.99
clflush size	: 64
cache_alignment	: 64
address sizes	: 39 bits physical, 48 bits virtual
power management:

processor	: 3
vendor_id	: GenuineIntel
cpu family	: 6
model		: 158
model name	: Intel(R) Core(TM) i7-8750H CPU @ 2.20GHz
stepping	: 10
microcode	: 0xca
cpu MHz		: 3986.884
cache size	: 9216 KB
physical id	: 0
siblings	: 12
core id		: 3
cpu cores	: 6
apicid		: 6
initial apicid	: 6
fpu		: yes
fpu_exception	: yes
cpuid level	: 22
wp		: yes
flags		: fpu vme de pse tsc msr pae mce cx8 apic sep mtrr pge mca cmov pat pse36 clflush dts acpi mmx fxsr sse sse2 ss ht tm pbe syscall nx pdpe1gb rdtscp lm constant_tsc art arch_perfmon pebs bts rep_good nopl xtopology nonstop_tsc cpuid aperfmperf pni pclmulqdq dtes64 monitor ds_cpl vmx est tm2 ssse3 sdbg fma cx16 xtpr pdcm pcid sse4_1 sse4_2 x2apic movbe popcnt tsc_deadline_timer aes xsave avx f16c rdrand lahf_lm abm 3dnowprefetch cpuid_fault epb invpcid_single pti ssbd ibrs ibpb stibp tpr_shadow vnmi flexpriority ept vpid ept_ad fsgsbase tsc_adjust bmi1 avx2 smep bmi2 erms invpcid mpx rdseed adx smap clflushopt intel_pt xsaveopt xsavec xgetbv1 xsaves dtherm ida arat pln pts hwp hwp_notify hwp_act_window hwp_epp md_clear flush_l1d
bugs		: cpu_meltdown spectre_v1 spectre_v2 spec_store_bypass l1tf mds swapgs itlb_multihit
bogomips	: 4399.99
clflush size	: 64
cache_alignment	: 64
address sizes	: 39 bits physical, 48 bits virtual
power management:

processor	: 4
vendor_id	: GenuineIntel
cpu family	: 6
model		: 158
model name	: Intel(R) Core(TM) i7-8750H CPU @ 2.20GHz
stepping	: 10
microcode	: 0xca
cpu MHz		: 3998.872
cache size	: 9216 KB
physical id	: 0
siblings	: 12
core id		: 4
cpu cores	: 6
apicid		: 8
initial apicid	: 8
fpu		: yes
fpu_exception	: yes
cpuid level	: 22
wp		: yes
flags		: fpu vme de pse tsc msr pae mce cx8 apic sep mtrr pge mca cmov pat pse36 clflush dts acpi mmx fxsr sse sse2 ss ht tm pbe syscall nx pdpe1gb rdtscp lm constant_tsc art arch_perfmon pebs bts rep_good nopl xtopology nonstop_tsc cpuid aperfmperf pni pclmulqdq dtes64 monitor ds_cpl vmx est tm2 ssse3 sdbg fma cx16 xtpr pdcm pcid sse4_1 sse4_2 x2apic movbe popcnt tsc_deadline_timer aes xsave avx f16c rdrand lahf_lm abm 3dnowprefetch cpuid_fault epb invpcid_single pti ssbd ibrs ibpb stibp tpr_shadow vnmi flexpriority ept vpid ept_ad fsgsbase tsc_adjust bmi1 avx2 smep bmi2 erms invpcid mpx rdseed adx smap clflushopt intel_pt xsaveopt xsavec xgetbv1 xsaves dtherm ida arat pln pts hwp hwp_notify hwp_act_window hwp_epp md_clear flush_l1d
bugs		: cpu_meltdown spectre_v1 spectre_v2 spec_store_bypass l1tf mds swapgs itlb_multihit
bogomips	: 4399.99
clflush size	: 64
cache_alignment	: 64
address sizes	: 39 bits physical, 48 bits virtual
power management:

processor	: 5
vendor_id	: GenuineIntel
cpu family	: 6
model		: 158
model name	: Intel(R) Core(TM) i7-8750H CPU @ 2.20GHz
stepping	: 10
microcode	: 0xca
cpu MHz		: 3998.157
cache size	: 9216 KB
physical id	: 0
siblings	: 12
core id		: 5
cpu cores	: 6
apicid		: 10
initial apicid	: 10
fpu		: yes
fpu_exception	: yes
cpuid level	: 22
wp		: yes
flags		: fpu vme de pse tsc msr pae mce cx8 apic sep mtrr pge mca cmov pat pse36 clflush dts acpi mmx fxsr sse sse2 ss ht tm pbe syscall nx pdpe1gb rdtscp lm constant_tsc art arch_perfmon pebs bts rep_good nopl xtopology nonstop_tsc cpuid aperfmperf pni pclmulqdq dtes64 monitor ds_cpl vmx est tm2 ssse3 sdbg fma cx16 xtpr pdcm pcid sse4_1 sse4_2 x2apic movbe popcnt tsc_deadline_timer aes xsave avx f16c rdrand lahf_lm abm 3dnowprefetch cpuid_fault epb invpcid_single pti ssbd ibrs ibpb stibp tpr_shadow vnmi flexpriority ept vpid ept_ad fsgsbase tsc_adjust bmi1 avx2 smep bmi2 erms invpcid mpx rdseed adx smap clflushopt intel_pt xsaveopt xsavec xgetbv1 xsaves dtherm ida arat pln pts hwp hwp_notify hwp_act_window hwp_epp md_clear flush_l1d
bugs		: cpu_meltdown spectre_v1 spectre_v2 spec_store_bypass l1tf mds swapgs itlb_multihit
bogomips	: 4399.99
clflush size	: 64
cache_alignment	: 64
address sizes	: 39 bits physical, 48 bits virtual
power management:

processor	: 6
vendor_id	: GenuineIntel
cpu family	: 6
model		: 158
model name	: Intel(R) Core(TM) i7-8750H CPU @ 2.20GHz
stepping	: 10
microcode	: 0xca
cpu MHz		: 4000.732
cache size	: 9216 KB
physical id	: 0
siblings	: 12
core id		: 0
cpu cores	: 6
apicid		: 1
initial apicid	: 1
fpu		: yes
fpu_exception	: yes
cpuid level	: 22
wp		: yes
flags		: fpu vme de pse tsc msr pae mce cx8 apic sep mtrr pge mca cmov pat pse36 clflush dts acpi mmx fxsr sse sse2 ss ht tm pbe syscall nx pdpe1gb rdtscp lm constant_tsc art arch_perfmon pebs bts rep_good nopl xtopology nonstop_tsc cpuid aperfmperf pni pclmulqdq dtes64 monitor ds_cpl vmx est tm2 ssse3 sdbg fma cx16 xtpr pdcm pcid sse4_1 sse4_2 x2apic movbe popcnt tsc_deadline_timer aes xsave avx f16c rdrand lahf_lm abm 3dnowprefetch cpuid_fault epb invpcid_single pti ssbd ibrs ibpb stibp tpr_shadow vnmi flexpriority ept vpid ept_ad fsgsbase tsc_adjust bmi1 avx2 smep bmi2 erms invpcid mpx rdseed adx smap clflushopt intel_pt xsaveopt xsavec xgetbv1 xsaves dtherm ida arat pln pts hwp hwp_notify hwp_act_window hwp_epp md_clear flush_l1d
bugs		: cpu_meltdown spectre_v1 spectre_v2 spec_store_bypass l1tf mds swapgs itlb_multihit
bogomips	: 4399.99
clflush size	: 64
cache_alignment	: 64
address sizes	: 39 bits physical, 48 bits virtual
power management:

processor	: 7
vendor_id	: GenuineIntel
cpu family	: 6
model		: 158
model name	: Intel(R) Core(TM) i7-8750H CPU @ 2.20GHz
stepping	: 10
microcode	: 0xca
cpu MHz		: 3999.613
cache size	: 9216 KB
physical id	: 0
siblings	: 12
core id		: 1
cpu cores	: 6
apicid		: 3
initial apicid	: 3
fpu		: yes
fpu_exception	: yes
cpuid level	: 22
wp		: yes
flags		: fpu vme de pse tsc msr pae mce cx8 apic sep mtrr pge mca cmov pat pse36 clflush dts acpi mmx fxsr sse sse2 ss ht tm pbe syscall nx pdpe1gb rdtscp lm constant_tsc art arch_perfmon pebs bts rep_good nopl xtopology nonstop_tsc cpuid aperfmperf pni pclmulqdq dtes64 monitor ds_cpl vmx est tm2 ssse3 sdbg fma cx16 xtpr pdcm pcid sse4_1 sse4_2 x2apic movbe popcnt tsc_deadline_timer aes xsave avx f16c rdrand lahf_lm abm 3dnowprefetch cpuid_fault epb invpcid_single pti ssbd ibrs ibpb stibp tpr_shadow vnmi flexpriority ept vpid ept_ad fsgsbase tsc_adjust bmi1 avx2 smep bmi2 erms invpcid mpx rdseed adx smap clflushopt intel_pt xsaveopt xsavec xgetbv1 xsaves dtherm ida arat pln pts hwp hwp_notify hwp_act_window hwp_epp md_clear flush_l1d
bugs		: cpu_meltdown spectre_v1 spectre_v2 spec_store_bypass l1tf mds swapgs itlb_multihit
bogomips	: 4399.99
clflush size	: 64
cache_alignment	: 64
address sizes	: 39 bits physical, 48 bits virtual
power management:

processor	: 8
vendor_id	: GenuineIntel
cpu family	: 6
model		: 158
model name	: Intel(R) Core(TM) i7-8750H CPU @ 2.20GHz
stepping	: 10
microcode	: 0xca
cpu MHz		: 3992.041
cache size	: 9216 KB
physical id	: 0
siblings	: 12
core id		: 2
cpu cores	: 6
apicid		: 5
initial apicid	: 5
fpu		: yes
fpu_exception	: yes
cpuid level	: 22
wp		: yes
flags		: fpu vme de pse tsc msr pae mce cx8 apic sep mtrr pge mca cmov pat pse36 clflush dts acpi mmx fxsr sse sse2 ss ht tm pbe syscall nx pdpe1gb rdtscp lm constant_tsc art arch_perfmon pebs bts rep_good nopl xtopology nonstop_tsc cpuid aperfmperf pni pclmulqdq dtes64 monitor ds_cpl vmx est tm2 ssse3 sdbg fma cx16 xtpr pdcm pcid sse4_1 sse4_2 x2apic movbe popcnt tsc_deadline_timer aes xsave avx f16c rdrand lahf_lm abm 3dnowprefetch cpuid_fault epb invpcid_single pti ssbd ibrs ibpb stibp tpr_shadow vnmi flexpriority ept vpid ept_ad fsgsbase tsc_adjust bmi1 avx2 smep bmi2 erms invpcid mpx rdseed adx smap clflushopt intel_pt xsaveopt xsavec xgetbv1 xsaves dtherm ida arat pln pts hwp hwp_notify hwp_act_window hwp_epp md_clear flush_l1d
bugs		: cpu_meltdown spectre_v1 spectre_v2 spec_store_bypass l1tf mds swapgs itlb_multihit
bogomips	: 4399.99
clflush size	: 64
cache_alignment	: 64
address sizes	: 39 bits physical, 48 bits virtual
power management:

processor	: 9
vendor_id	: GenuineIntel
cpu family	: 6
model		: 158
model name	: Intel(R) Core(TM) i7-8750H CPU @ 2.20GHz
stepping	: 10
microcode	: 0xca
cpu MHz		: 3917.209
cache size	: 9216 KB
physical id	: 0
siblings	: 12
core id		: 3
cpu cores	: 6
apicid		: 7
initial apicid	: 7
fpu		: yes
fpu_exception	: yes
cpuid level	: 22
wp		: yes
flags		: fpu vme de pse tsc msr pae mce cx8 apic sep mtrr pge mca cmov pat pse36 clflush dts acpi mmx fxsr sse sse2 ss ht tm pbe syscall nx pdpe1gb rdtscp lm constant_tsc art arch_perfmon pebs bts rep_good nopl xtopology nonstop_tsc cpuid aperfmperf pni pclmulqdq dtes64 monitor ds_cpl vmx est tm2 ssse3 sdbg fma cx16 xtpr pdcm pcid sse4_1 sse4_2 x2apic movbe popcnt tsc_deadline_timer aes xsave avx f16c rdrand lahf_lm abm 3dnowprefetch cpuid_fault epb invpcid_single pti ssbd ibrs ibpb stibp tpr_shadow vnmi flexpriority ept vpid ept_ad fsgsbase tsc_adjust bmi1 avx2 smep bmi2 erms invpcid mpx rdseed adx smap clflushopt intel_pt xsaveopt xsavec xgetbv1 xsaves dtherm ida arat pln pts hwp hwp_notify hwp_act_window hwp_epp md_clear flush_l1d
bugs		: cpu_meltdown spectre_v1 spectre_v2 spec_store_bypass l1tf mds swapgs itlb_multihit
bogomips	: 4399.99
clflush size	: 64
cache_alignment	: 64
address sizes	: 39 bits physical, 48 bits virtual
power management:

processor	: 10
vendor_id	: GenuineIntel
cpu family	: 6
model		: 158
model name	: Intel(R) Core(TM) i7-8750H CPU @ 2.20GHz
stepping	: 10
microcode	: 0xca
cpu MHz		: 3963.284
cache size	: 9216 KB
physical id	: 0
siblings	: 12
core id		: 4
cpu cores	: 6
apicid		: 9
initial apicid	: 9
fpu		: yes
fpu_exception	: yes
cpuid level	: 22
wp		: yes
flags		: fpu vme de pse tsc msr pae mce cx8 apic sep mtrr pge mca cmov pat pse36 clflush dts acpi mmx fxsr sse sse2 ss ht tm pbe syscall nx pdpe1gb rdtscp lm constant_tsc art arch_perfmon pebs bts rep_good nopl xtopology nonstop_tsc cpuid aperfmperf pni pclmulqdq dtes64 monitor ds_cpl vmx est tm2 ssse3 sdbg fma cx16 xtpr pdcm pcid sse4_1 sse4_2 x2apic movbe popcnt tsc_deadline_timer aes xsave avx f16c rdrand lahf_lm abm 3dnowprefetch cpuid_fault epb invpcid_single pti ssbd ibrs ibpb stibp tpr_shadow vnmi flexpriority ept vpid ept_ad fsgsbase tsc_adjust bmi1 avx2 smep bmi2 erms invpcid mpx rdseed adx smap clflushopt intel_pt xsaveopt xsavec xgetbv1 xsaves dtherm ida arat pln pts hwp hwp_notify hwp_act_window hwp_epp md_clear flush_l1d
bugs		: cpu_meltdown spectre_v1 spectre_v2 spec_store_bypass l1tf mds swapgs itlb_multihit
bogomips	: 4399.99
clflush size	: 64
cache_alignment	: 64
address sizes	: 39 bits physical, 48 bits virtual
power management:

processor	: 11
vendor_id	: GenuineIntel
cpu family	: 6
model		: 158
model name	: Intel(R) Core(TM) i7-8750H CPU @ 2.20GHz
stepping	: 10
microcode	: 0xca
cpu MHz		: 3955.417
cache size	: 9216 KB
physical id	: 0
siblings	: 12
core id		: 5
cpu cores	: 6
apicid		: 11
initial apicid	: 11
fpu		: yes
fpu_exception	: yes
cpuid level	: 22
wp		: yes
flags		: fpu vme de pse tsc msr pae mce cx8 apic sep mtrr pge mca cmov pat pse36 clflush dts acpi mmx fxsr sse sse2 ss ht tm pbe syscall nx pdpe1gb rdtscp lm constant_tsc art arch_perfmon pebs bts rep_good nopl xtopology nonstop_tsc cpuid aperfmperf pni pclmulqdq dtes64 monitor ds_cpl vmx est tm2 ssse3 sdbg fma cx16 xtpr pdcm pcid sse4_1 sse4_2 x2apic movbe popcnt tsc_deadline_timer aes xsave avx f16c rdrand lahf_lm abm 3dnowprefetch cpuid_fault epb invpcid_single pti ssbd ibrs ibpb stibp tpr_shadow vnmi flexpriority ept vpid ept_ad fsgsbase tsc_adjust bmi1 avx2 smep bmi2 erms invpcid mpx rdseed adx smap clflushopt intel_pt xsaveopt xsavec xgetbv1 xsaves dtherm ida arat pln pts hwp hwp_notify hwp_act_window hwp_epp md_clear flush_l1d
bugs		: cpu_meltdown spectre_v1 spectre_v2 spec_store_bypass l1tf mds swapgs itlb_multihit
bogomips	: 4399.99
clflush size	: 64
cache_alignment	: 64
address sizes	: 39 bits physical, 48 bits virtual
power management:



Memory: 4k page, physical 32713520k(28168924k free), swap 2097148k(2097148k free)

vm_info: OpenJDK 64-Bit Server VM (25.222-b10) for linux-amd64 JRE (1.8.0_222-8u222-b10-1ubuntu1~18.04.1-b10), built on Jul 18 2019 18:52:48 by "buildd" with gcc 7.4.0

time: Sat Nov 30 15:27:35 2019
timezone: CST
elapsed time: 2 seconds (0d 0h 0m 2s)

