#
# A fatal error has been detected by the Java Runtime Environment:
#
#  SIGSEGV (0xb) at pc=0x000000004175eef1, pid=9924, tid=0x00007fccf314a700
#
# JRE version: OpenJDK Runtime Environment (8.0_232-b09) (build 1.8.0_232-8u232-b09-0ubuntu1~18.04.1-b09)
# Java VM: OpenJDK 64-Bit Server VM (25.232-b09 mixed mode linux-amd64 compressed oops)
# Problematic frame:
# C  0x000000004175eef1
#
# Failed to write core dump. Core dumps have been disabled. To enable core dumping, try "ulimit -c unlimited" before starting Java again
#
# If you would like to submit a bug report, please visit:
#   http://bugreport.java.com/bugreport/crash.jsp
# The crash happened outside the Java Virtual Machine in native code.
# See problematic frame for where to report the bug.
#

---------------  T H R E A D  ---------------

Current thread (0x00007fccec00b800):  JavaThread "main" [_thread_in_native, id=9930, stack(0x00007fccf304b000,0x00007fccf314b000)]

siginfo: si_signo: 11 (SIGSEGV), si_code: 1 (SEGV_MAPERR), si_addr: 0x0000000000000000

Registers:
RAX=0x00007fccb2a4e3b8, RBX=0x0000000040cbb000, RCX=0x0000000000000000, RDX=0x00007fccec760f04
RSP=0x00007fccf3149268, RBP=0x000000003f800000, RSI=0x0000000000000000, RDI=0x0000000000000000
R8 =0x0000000000000021, R9 =0x0000000000000000, R10=0x0000000040d38950, R11=0x00007fccec760f18
R12=0x0000000000000006, R13=0x0000000000000006, R14=0x00007fccec760f00, R15=0x00000000000000f0
RIP=0x000000004175eef1, EFLAGS=0x0000000000010246, CSGSFS=0x002b000000000033, ERR=0x0000000000000004
  TRAPNO=0x000000000000000e

Top of Stack: (sp=0x00007fccf3149268)
0x00007fccf3149268:   00007fccb9e30f5d 00007fccf3149350
0x00007fccf3149278:   00000000b9e00bf3 0000000000000000
0x00007fccf3149288:   0000000600001405 0000000000000000
0x00007fccf3149298:   00000004f17dfa20 0000000040cbb000
0x00007fccf31492a8:   00007fcced05e7e8 00007fccec6704a0
0x00007fccf31492b8:   000000004175ee40 0000002000000000
0x00007fccf31492c8:   0000000000000000 0000000000000000
0x00007fccf31492d8:   0000000000000000 0000000600000000
0x00007fccf31492e8:   00007fccec760f00 0000000000000000
0x00007fccf31492f8:   0000000000000000 0000000000000000
0x00007fccf3149308:   0000000000000000 0000000000000000
0x00007fccf3149318:   0000000000000000 00007fccec6704a0
0x00007fccf3149328:   0000000000000000 0000000000000000
0x00007fccf3149338:   0000000000000000 0000000000000000
0x00007fccf3149348:   0000000000000000 0000000000000000
0x00007fccf3149358:   0000000000000000 00000002f00df00d
0x00007fccf3149368:   00000000000000d5 00000001beefbeef
0x00007fccf3149378:   0000000000000000 00000000f00df00d
0x00007fccf3149388:   0000000000000027 0000000040cbb000
0x00007fccf3149398:   00007fcced05edf0 0000000000000002
0x00007fccf31493a8:   00007fccf31471d0 00000000000040c3
0x00007fccf31493b8:   00007fccb9d5fb87 0000000000000433
0x00007fccf31493c8:   0000000000000000 0000000000000000
0x00007fccf31493d8:   0000000040d12e44 00007fccf3149420
0x00007fccf31493e8:   0000000040d12e40 0000000040cbb000
0x00007fccf31493f8:   0000000000000007 0000000000002133
0x00007fccf3149408:   00007fccb9d605c1 00007fccec677f84
0x00007fccf3149418:   0000000701010123 0000000700002133
0x00007fccf3149428:   0000000100000007 0000000c00000003
0x00007fccf3149438:   0000000300000001 000000010000000c
0x00007fccf3149448:   0000001000000004 00000000000040c3
0x00007fccf3149458:   00c0000000000000 3fffffff3fffffff 

Instructions: (pc=0x000000004175eef1)
0x000000004175eed1:   78 14 48 be e0 26 d1 40 00 00 00 00 48 8b 36 48
0x000000004175eee1:   8b b6 68 03 00 00 48 8b f9 48 c1 e7 04 48 03 f7
0x000000004175eef1:   8b 3e 8b 6e 04 89 78 18 89 68 1c 8b 7e 08 8b 6e
0x000000004175ef01:   0c 89 78 20 89 68 24 48 83 c0 28 49 3b d3 0f 85 

Register to memory mapping:

RAX=0x00007fccb2a4e3b8 is an unknown value
RBX=0x0000000040cbb000 is an unknown value
RCX=0x0000000000000000 is an unknown value
RDX=0x00007fccec760f04 is an unknown value
RSP=0x00007fccf3149268 is pointing into the stack for thread: 0x00007fccec00b800
RBP=0x000000003f800000 is an unknown value
RSI=0x0000000000000000 is an unknown value
RDI=0x0000000000000000 is an unknown value
R8 =0x0000000000000021 is an unknown value
R9 =0x0000000000000000 is an unknown value
R10=0x0000000040d38950 is an unknown value
R11=0x00007fccec760f18 is an unknown value
R12=0x0000000000000006 is an unknown value
R13=0x0000000000000006 is an unknown value
R14=0x00007fccec760f00 is an unknown value
R15=0x00000000000000f0 is an unknown value


Stack: [0x00007fccf304b000,0x00007fccf314b000],  sp=0x00007fccf3149268,  free space=1016k
Native frames: (J=compiled Java code, j=interpreted, Vv=VM code, C=native code)
C  0x000000004175eef1

Java frames: (J=compiled Java code, j=interpreted, Vv=VM code)
J 1045  org.lwjgl.opengl.GL11C.nglDrawElements(IIIJ)V (0 bytes) @ 0x00007fccdcbe49ca [0x00007fccdcbe4980+0x4a]
J 1060 C2 org.lwjgl.opengl.GL11.glDrawElements(IIIJ)V (8 bytes) @ 0x00007fccdcbeaa34 [0x00007fccdcbeaa20+0x14]
j  rendering.BasicRenderer.render(Lmodels/Mesh;Ljava/util/List;)V+69
j  rendering.MasterRenderer.render()V+373
j  misc.Game.render()V+52
j  main.Main.main([Ljava/lang/String;)V+45
v  ~StubRoutines::call_stub

---------------  P R O C E S S  ---------------

Java Threads: ( => current thread )
  0x00007fccec0d7800 JavaThread "Service Thread" daemon [_thread_blocked, id=9950, stack(0x00007fccd11c4000,0x00007fccd12c5000)]
  0x00007fccec0cc800 JavaThread "C1 CompilerThread3" daemon [_thread_blocked, id=9949, stack(0x00007fccd12c6000,0x00007fccd13c6000)]
  0x00007fccec0ca800 JavaThread "C2 CompilerThread2" daemon [_thread_blocked, id=9948, stack(0x00007fccd13c7000,0x00007fccd14c7000)]
  0x00007fccec0c8800 JavaThread "C2 CompilerThread1" daemon [_thread_in_native, id=9947, stack(0x00007fccd14c8000,0x00007fccd15c8000)]
  0x00007fccec0c6000 JavaThread "C2 CompilerThread0" daemon [_thread_blocked, id=9946, stack(0x00007fccd15c9000,0x00007fccd16c9000)]
  0x00007fccec0c4800 JavaThread "Signal Dispatcher" daemon [_thread_blocked, id=9945, stack(0x00007fccd16c9000,0x00007fccd17ca000)]
  0x00007fccec091800 JavaThread "Finalizer" daemon [_thread_blocked, id=9943, stack(0x00007fccd2199000,0x00007fccd229a000)]
  0x00007fccec08f000 JavaThread "Reference Handler" daemon [_thread_blocked, id=9942, stack(0x00007fccd229a000,0x00007fccd239b000)]
=>0x00007fccec00b800 JavaThread "main" [_thread_in_native, id=9930, stack(0x00007fccf304b000,0x00007fccf314b000)]

Other Threads:
  0x00007fccec085800 VMThread [stack: 0x00007fccd239c000,0x00007fccd249c000] [id=9941]
  0x00007fccec0da000 WatcherThread [stack: 0x00007fccd10c4000,0x00007fccd11c4000] [id=9951]

VM state:not at safepoint (normal execution)

VM Mutex/Monitor currently owned by a thread: None

heap address: 0x00000005ccc00000, size: 7988 MB, Compressed Oops mode: Zero based, Oop shift amount: 3
Narrow klass base: 0x0000000000000000, Narrow klass shift: 3
Compressed class space size: 1073741824 Address: 0x00000007c0000000

Heap:
 PSYoungGen      total 149504K, used 39907K [0x0000000719980000, 0x0000000724000000, 0x00000007c0000000)
  eden space 128512K, 27% used [0x0000000719980000,0x000000071bc1a5e0,0x0000000721700000)
  from space 20992K, 21% used [0x0000000721700000,0x0000000721b5e890,0x0000000722b80000)
  to   space 20992K, 0% used [0x0000000722b80000,0x0000000722b80000,0x0000000724000000)
 ParOldGen       total 341504K, used 96K [0x00000005ccc00000, 0x00000005e1980000, 0x0000000719980000)
  object space 341504K, 0% used [0x00000005ccc00000,0x00000005ccc18010,0x00000005e1980000)
 Metaspace       used 11385K, capacity 11591K, committed 11776K, reserved 1060864K
  class space    used 921K, capacity 1006K, committed 1024K, reserved 1048576K

Card table byte_map: [0x00007fccdb464000,0x00007fccdc3ff000] byte_map_base: 0x00007fccd85fe000

Marking Bits: (ParMarkBitMap*) 0x00007fccf22e5380
 Begin Bits: [0x00007fcc8c660000, 0x00007fcc94330000)
 End Bits:   [0x00007fcc94330000, 0x00007fcc9c000000)

Polling page: 0x00007fccf3166000

CodeCache: size=245760Kb used=4326Kb max_used=4326Kb free=241433Kb
 bounds [0x00007fccdc7bf000, 0x00007fccdcbff000, 0x00007fcceb7bf000]
 total_blobs=1999 nmethods=1077 adapters=835
 compilation: enabled

Compilation events (10 events):
Event: 1.214 Thread 0x00007fccec0c6000 nmethod 1072 0x00007fccdcbf1990 code [0x00007fccdcbf1ae0, 0x00007fccdcbf1bd8]
Event: 1.214 Thread 0x00007fccec0cc800 nmethod 1077 0x00007fccdcbf4010 code [0x00007fccdcbf41c0, 0x00007fccdcbf4798]
Event: 1.214 Thread 0x00007fccec0cc800 1076       3       math.Transform::checkForUpdates (16 bytes)
Event: 1.214 Thread 0x00007fccec0cc800 nmethod 1076 0x00007fccdcbf3c50 code [0x00007fccdcbf3dc0, 0x00007fccdcbf3f70]
Event: 1.214 Thread 0x00007fccec0cc800 1074       3       models.Entity::update (29 bytes)
Event: 1.214 Thread 0x00007fccec0cc800 nmethod 1074 0x00007fccdcbf3550 code [0x00007fccdcbf36e0, 0x00007fccdcbf3af8]
Event: 1.214 Thread 0x00007fccec0cc800 1075       3       models.Mesh::update (1 bytes)
Event: 1.214 Thread 0x00007fccec0cc800 nmethod 1075 0x00007fccdcbf3210 code [0x00007fccdcbf3360, 0x00007fccdcbf34b0]
Event: 1.215 Thread 0x00007fccec0cc800 1078       3       shaders.BasicShader::setTransformationMatrix (8 bytes)
Event: 1.215 Thread 0x00007fccec0cc800 nmethod 1078 0x00007fccdcbf2910 code [0x00007fccdcbf2ac0, 0x00007fccdcbf2fa8]

GC Heap History (6 events):
Event: 0.660 GC heap before
{Heap before GC invocations=1 (full 0):
 PSYoungGen      total 149504K, used 128512K [0x0000000719980000, 0x0000000724000000, 0x00000007c0000000)
  eden space 128512K, 100% used [0x0000000719980000,0x0000000721700000,0x0000000721700000)
  from space 20992K, 0% used [0x0000000722b80000,0x0000000722b80000,0x0000000724000000)
  to   space 20992K, 0% used [0x0000000721700000,0x0000000721700000,0x0000000722b80000)
 ParOldGen       total 341504K, used 0K [0x00000005ccc00000, 0x00000005e1980000, 0x0000000719980000)
  object space 341504K, 0% used [0x00000005ccc00000,0x00000005ccc00000,0x00000005e1980000)
 Metaspace       used 10785K, capacity 10981K, committed 11264K, reserved 1058816K
  class space    used 864K, capacity 973K, committed 1024K, reserved 1048576K
Event: 0.665 GC heap after
Heap after GC invocations=1 (full 0):
 PSYoungGen      total 149504K, used 9219K [0x0000000719980000, 0x0000000724000000, 0x00000007c0000000)
  eden space 128512K, 0% used [0x0000000719980000,0x0000000719980000,0x0000000721700000)
  from space 20992K, 43% used [0x0000000721700000,0x0000000722000fa8,0x0000000722b80000)
  to   space 20992K, 0% used [0x0000000722b80000,0x0000000722b80000,0x0000000724000000)
 ParOldGen       total 341504K, used 80K [0x00000005ccc00000, 0x00000005e1980000, 0x0000000719980000)
  object space 341504K, 0% used [0x00000005ccc00000,0x00000005ccc14010,0x00000005e1980000)
 Metaspace       used 10785K, capacity 10981K, committed 11264K, reserved 1058816K
  class space    used 864K, capacity 973K, committed 1024K, reserved 1048576K
}
Event: 0.856 GC heap before
{Heap before GC invocations=2 (full 0):
 PSYoungGen      total 149504K, used 136621K [0x0000000719980000, 0x0000000724000000, 0x00000007c0000000)
  eden space 128512K, 99% used [0x0000000719980000,0x00000007215ea7b0,0x0000000721700000)
  from space 20992K, 43% used [0x0000000721700000,0x0000000722000fa8,0x0000000722b80000)
  to   space 20992K, 0% used [0x0000000722b80000,0x0000000722b80000,0x0000000724000000)
 ParOldGen       total 341504K, used 80K [0x00000005ccc00000, 0x00000005e1980000, 0x0000000719980000)
  object space 341504K, 0% used [0x00000005ccc00000,0x00000005ccc14010,0x00000005e1980000)
 Metaspace       used 11013K, capacity 11269K, committed 11520K, reserved 1060864K
  class space    used 892K, capacity 1005K, committed 1024K, reserved 1048576K
Event: 0.858 GC heap after
Heap after GC invocations=2 (full 0):
 PSYoungGen      total 149504K, used 4954K [0x0000000719980000, 0x0000000724000000, 0x00000007c0000000)
  eden space 128512K, 0% used [0x0000000719980000,0x0000000719980000,0x0000000721700000)
  from space 20992K, 23% used [0x0000000722b80000,0x0000000723056810,0x0000000724000000)
  to   space 20992K, 0% used [0x0000000721700000,0x0000000721700000,0x0000000722b80000)
 ParOldGen       total 341504K, used 88K [0x00000005ccc00000, 0x00000005e1980000, 0x0000000719980000)
  object space 341504K, 0% used [0x00000005ccc00000,0x00000005ccc16010,0x00000005e1980000)
 Metaspace       used 11013K, capacity 11269K, committed 11520K, reserved 1060864K
  class space    used 892K, capacity 1005K, committed 1024K, reserved 1048576K
}
Event: 1.188 GC heap before
{Heap before GC invocations=3 (full 0):
 PSYoungGen      total 149504K, used 133466K [0x0000000719980000, 0x0000000724000000, 0x00000007c0000000)
  eden space 128512K, 100% used [0x0000000719980000,0x0000000721700000,0x0000000721700000)
  from space 20992K, 23% used [0x0000000722b80000,0x0000000723056810,0x0000000724000000)
  to   space 20992K, 0% used [0x0000000721700000,0x0000000721700000,0x0000000722b80000)
 ParOldGen       total 341504K, used 88K [0x00000005ccc00000, 0x00000005e1980000, 0x0000000719980000)
  object space 341504K, 0% used [0x00000005ccc00000,0x00000005ccc16010,0x00000005e1980000)
 Metaspace       used 11330K, capacity 11527K, committed 11776K, reserved 1060864K
  class space    used 916K, capacity 1006K, committed 1024K, reserved 1048576K
Event: 1.190 GC heap after
Heap after GC invocations=3 (full 0):
 PSYoungGen      total 149504K, used 4474K [0x0000000719980000, 0x0000000724000000, 0x00000007c0000000)
  eden space 128512K, 0% used [0x0000000719980000,0x0000000719980000,0x0000000721700000)
  from space 20992K, 21% used [0x0000000721700000,0x0000000721b5e890,0x0000000722b80000)
  to   space 20992K, 0% used [0x0000000722b80000,0x0000000722b80000,0x0000000724000000)
 ParOldGen       total 341504K, used 96K [0x00000005ccc00000, 0x00000005e1980000, 0x0000000719980000)
  object space 341504K, 0% used [0x00000005ccc00000,0x00000005ccc18010,0x00000005e1980000)
 Metaspace       used 11330K, capacity 11527K, committed 11776K, reserved 1060864K
  class space    used 916K, capacity 1006K, committed 1024K, reserved 1048576K
}

Deoptimization events (10 events):
Event: 0.540 Thread 0x00007fccec00b800 Uncommon trap: reason=array_check action=maybe_recompile pc=0x00007fccdcabf418 method=java.util.AbstractCollection.toArray([Ljava/lang/Object;)[Ljava/lang/Object; @ 119
Event: 0.550 Thread 0x00007fccec00b800 Uncommon trap: reason=unstable_if action=reinterpret pc=0x00007fccdcadf4c0 method=sun.misc.FloatingDecimal.readJavaFormatString(Ljava/lang/String;)Lsun/misc/FloatingDecimal$ASCIIToBinaryConverter; @ 235
Event: 0.550 Thread 0x00007fccec00b800 Uncommon trap: reason=class_check action=maybe_recompile pc=0x00007fccdcaac588 method=sun.misc.FloatingDecimal.parseFloat(Ljava/lang/String;)F @ 4
Event: 0.566 Thread 0x00007fccec00b800 Uncommon trap: reason=class_check action=maybe_recompile pc=0x00007fccdcaac588 method=sun.misc.FloatingDecimal.parseFloat(Ljava/lang/String;)F @ 4
Event: 0.580 Thread 0x00007fccec00b800 Uncommon trap: reason=class_check action=maybe_recompile pc=0x00007fccdcaac588 method=sun.misc.FloatingDecimal.parseFloat(Ljava/lang/String;)F @ 4
Event: 0.580 Thread 0x00007fccec00b800 Uncommon trap: reason=class_check action=maybe_recompile pc=0x00007fccdcaac588 method=sun.misc.FloatingDecimal.parseFloat(Ljava/lang/String;)F @ 4
Event: 0.853 Thread 0x00007fccec00b800 Uncommon trap: reason=unstable_if action=reinterpret pc=0x00007fccdc96ae80 method=java.lang.String.indexOf([CII[CIII)I @ 3
Event: 0.853 Thread 0x00007fccec00b800 Uncommon trap: reason=class_check action=maybe_recompile pc=0x00007fccdcadac58 method=java.util.Arrays.copyOf([Ljava/lang/Object;ILjava/lang/Class;)[Ljava/lang/Object; @ 24
Event: 0.902 Thread 0x00007fccec00b800 Uncommon trap: reason=unstable_if action=reinterpret pc=0x00007fccdcb8832c method=sun.security.provider.NativePRNG$RandomIO.ensureBufferValid()V @ 57
Event: 0.979 Thread 0x00007fccec00b800 Uncommon trap: reason=unstable_if action=reinterpret pc=0x00007fccdcbafc80 method=terrain.TerrainMesh.getVertexNormals([F[I)[F @ 211

Classes redefined (0 events):
No events

Internal exceptions (10 events):
Event: 0.106 Thread 0x00007fccec00b800 Exception <a 'java/security/PrivilegedActionException'> (0x0000000719f6d838) thrown at [/build/openjdk-8-4aHi5C/openjdk-8-8u232-b09/src/hotspot/src/share/vm/prims/jvm.cpp, line 1502]
Event: 0.106 Thread 0x00007fccec00b800 Exception <a 'java/security/PrivilegedActionException'> (0x0000000719f6da48) thrown at [/build/openjdk-8-4aHi5C/openjdk-8-8u232-b09/src/hotspot/src/share/vm/prims/jvm.cpp, line 1502]
Event: 0.106 Thread 0x00007fccec00b800 Exception <a 'java/security/PrivilegedActionException'> (0x0000000719f6fad0) thrown at [/build/openjdk-8-4aHi5C/openjdk-8-8u232-b09/src/hotspot/src/share/vm/prims/jvm.cpp, line 1502]
Event: 0.106 Thread 0x00007fccec00b800 Exception <a 'java/security/PrivilegedActionException'> (0x0000000719f6fce0) thrown at [/build/openjdk-8-4aHi5C/openjdk-8-8u232-b09/src/hotspot/src/share/vm/prims/jvm.cpp, line 1502]
Event: 0.106 Thread 0x00007fccec00b800 Exception <a 'java/security/PrivilegedActionException'> (0x0000000719f707b8) thrown at [/build/openjdk-8-4aHi5C/openjdk-8-8u232-b09/src/hotspot/src/share/vm/prims/jvm.cpp, line 1502]
Event: 0.106 Thread 0x00007fccec00b800 Exception <a 'java/security/PrivilegedActionException'> (0x0000000719f709c8) thrown at [/build/openjdk-8-4aHi5C/openjdk-8-8u232-b09/src/hotspot/src/share/vm/prims/jvm.cpp, line 1502]
Event: 0.114 Thread 0x00007fccec00b800 Exception <a 'sun/nio/fs/UnixException'> (0x0000000719f9daf0) thrown at [/build/openjdk-8-4aHi5C/openjdk-8-8u232-b09/src/hotspot/src/share/vm/prims/jni.cpp, line 710]
Event: 0.117 Thread 0x00007fccec00b800 Exception <a 'sun/nio/fs/UnixException'> (0x0000000719fae070) thrown at [/build/openjdk-8-4aHi5C/openjdk-8-8u232-b09/src/hotspot/src/share/vm/prims/jni.cpp, line 710]
Event: 0.219 Thread 0x00007fccec00b800 Exception <a 'sun/nio/fs/UnixException'> (0x000000071a11d758) thrown at [/build/openjdk-8-4aHi5C/openjdk-8-8u232-b09/src/hotspot/src/share/vm/prims/jni.cpp, line 710]
Event: 0.220 Thread 0x00007fccec00b800 Exception <a 'sun/nio/fs/UnixException'> (0x000000071a125a80) thrown at [/build/openjdk-8-4aHi5C/openjdk-8-8u232-b09/src/hotspot/src/share/vm/prims/jni.cpp, line 710]

Events (10 events):
Event: 1.196 loading class particles/Particle
Event: 1.196 loading class particles/Particle done
Event: 1.196 loading class particles/CircularEmission
Event: 1.196 loading class particles/CircularEmission done
Event: 1.196 loading class particles/ParticleMesh
Event: 1.196 loading class particles/ParticleMesh done
Event: 1.197 loading class org/lwjgl/opengl/GL33C
Event: 1.197 loading class org/lwjgl/opengl/GL33C done
Event: 1.206 loading class particles/ParticleMaster
Event: 1.206 loading class particles/ParticleMaster done


Dynamic libraries:
40cbb000-40d6a000 rw-p 00000000 00:00 0 
4175d000-4175f000 r-xs 00000000 103:02 15728658                          /tmp/.glya5L4I (deleted)
5ccc00000-5e1980000 rw-p 00000000 00:00 0 
5e1980000-719980000 ---p 00000000 00:00 0 
719980000-724000000 rw-p 00000000 00:00 0 
724000000-7c0000000 ---p 00000000 00:00 0 
7c0000000-7c0100000 rw-p 00000000 00:00 0 
7c0100000-800000000 ---p 00000000 00:00 0 
561bd512f000-561bd5130000 r-xp 00000000 103:02 9833149                   /usr/lib/jvm/java-8-openjdk-amd64/jre/bin/java
561bd532f000-561bd5330000 r--p 00000000 103:02 9833149                   /usr/lib/jvm/java-8-openjdk-amd64/jre/bin/java
561bd5330000-561bd5331000 rw-p 00001000 103:02 9833149                   /usr/lib/jvm/java-8-openjdk-amd64/jre/bin/java
561bd6724000-561bd6745000 rw-p 00000000 00:00 0                          [heap]
7fcc20000000-7fcc20601000 rw-p 00000000 00:00 0 
7fcc20601000-7fcc24000000 ---p 00000000 00:00 0 
7fcc28000000-7fcc29564000 rw-p 00000000 00:00 0 
7fcc29564000-7fcc2c000000 ---p 00000000 00:00 0 
7fcc2c000000-7fcc2c021000 rw-p 00000000 00:00 0 
7fcc2c021000-7fcc30000000 ---p 00000000 00:00 0 
7fcc30000000-7fcc30021000 rw-p 00000000 00:00 0 
7fcc30021000-7fcc34000000 ---p 00000000 00:00 0 
7fcc34000000-7fcc34021000 rw-p 00000000 00:00 0 
7fcc34021000-7fcc38000000 ---p 00000000 00:00 0 
7fcc38000000-7fcc38021000 rw-p 00000000 00:00 0 
7fcc38021000-7fcc3c000000 ---p 00000000 00:00 0 
7fcc3c000000-7fcc3c021000 rw-p 00000000 00:00 0 
7fcc3c021000-7fcc40000000 ---p 00000000 00:00 0 
7fcc40000000-7fcc40021000 rw-p 00000000 00:00 0 
7fcc40021000-7fcc44000000 ---p 00000000 00:00 0 
7fcc44000000-7fcc44021000 rw-p 00000000 00:00 0 
7fcc44021000-7fcc48000000 ---p 00000000 00:00 0 
7fcc48000000-7fcc48021000 rw-p 00000000 00:00 0 
7fcc48021000-7fcc4c000000 ---p 00000000 00:00 0 
7fcc4e7fd000-7fcc4e7fe000 ---p 00000000 00:00 0 
7fcc4e7fe000-7fcc4effe000 rw-p 00000000 00:00 0 
7fcc50000000-7fcc50021000 rw-p 00000000 00:00 0 
7fcc50021000-7fcc54000000 ---p 00000000 00:00 0 
7fcc567fd000-7fcc567fe000 ---p 00000000 00:00 0 
7fcc567fe000-7fcc56ffe000 rw-p 00000000 00:00 0 
7fcc56ffe000-7fcc56fff000 ---p 00000000 00:00 0 
7fcc56fff000-7fcc577ff000 rw-p 00000000 00:00 0 
7fcc577ff000-7fcc57800000 ---p 00000000 00:00 0 
7fcc57800000-7fcc58000000 rw-p 00000000 00:00 0 
7fcc58000000-7fcc58021000 rw-p 00000000 00:00 0 
7fcc58021000-7fcc5c000000 ---p 00000000 00:00 0 
7fcc5c000000-7fcc5c021000 rw-p 00000000 00:00 0 
7fcc5c021000-7fcc60000000 ---p 00000000 00:00 0 
7fcc60000000-7fcc60021000 rw-p 00000000 00:00 0 
7fcc60021000-7fcc64000000 ---p 00000000 00:00 0 
7fcc64000000-7fcc67ea6000 rw-p 00000000 00:00 0 
7fcc67ea6000-7fcc68000000 ---p 00000000 00:00 0 
7fcc68000000-7fcc68359000 rw-p 00000000 00:00 0 
7fcc68359000-7fcc6c000000 ---p 00000000 00:00 0 
7fcc6c000000-7fcc6c021000 rw-p 00000000 00:00 0 
7fcc6c021000-7fcc70000000 ---p 00000000 00:00 0 
7fcc70000000-7fcc707c7000 rw-p 00000000 00:00 0 
7fcc707c7000-7fcc74000000 ---p 00000000 00:00 0 
7fcc74000000-7fcc7452d000 rw-p 00000000 00:00 0 
7fcc7452d000-7fcc78000000 ---p 00000000 00:00 0 
7fcc78000000-7fcc78021000 rw-p 00000000 00:00 0 
7fcc78021000-7fcc7c000000 ---p 00000000 00:00 0 
7fcc7c000000-7fcc7caba000 rw-p 00000000 00:00 0 
7fcc7caba000-7fcc80000000 ---p 00000000 00:00 0 
7fcc80000000-7fcc80021000 rw-p 00000000 00:00 0 
7fcc80021000-7fcc84000000 ---p 00000000 00:00 0 
7fcc84000000-7fcc84021000 rw-p 00000000 00:00 0 
7fcc84021000-7fcc88000000 ---p 00000000 00:00 0 
7fcc88000000-7fcc88021000 rw-p 00000000 00:00 0 
7fcc88021000-7fcc8c000000 ---p 00000000 00:00 0 
7fcc8c660000-7fcc9c000000 rw-p 00000000 00:00 0 
7fcc9c000000-7fcc9c021000 rw-p 00000000 00:00 0 
7fcc9c021000-7fcca0000000 ---p 00000000 00:00 0 
7fcca0000000-7fcca0021000 rw-p 00000000 00:00 0 
7fcca0021000-7fcca4000000 ---p 00000000 00:00 0 
7fcca4000000-7fcca4021000 rw-p 00000000 00:00 0 
7fcca4021000-7fcca8000000 ---p 00000000 00:00 0 
7fcca87f9000-7fcca87fa000 ---p 00000000 00:00 0 
7fcca87fa000-7fcca8ffa000 rw-p 00000000 00:00 0 
7fcca8ffa000-7fcca8ffb000 ---p 00000000 00:00 0 
7fcca8ffb000-7fcca97fb000 rw-p 00000000 00:00 0 
7fcca97fb000-7fcca97fc000 ---p 00000000 00:00 0 
7fcca97fc000-7fcca9ffc000 rw-p 00000000 00:00 0 
7fcca9ffc000-7fcca9ffd000 ---p 00000000 00:00 0 
7fcca9ffd000-7fccaa7fd000 rw-p 00000000 00:00 0 
7fccaa7fd000-7fccaa7fe000 ---p 00000000 00:00 0 
7fccaa7fe000-7fccaaffe000 rw-p 00000000 00:00 0 
7fccaaffe000-7fccaafff000 ---p 00000000 00:00 0 
7fccaafff000-7fccab7ff000 rw-p 00000000 00:00 0 
7fccab7ff000-7fccab800000 ---p 00000000 00:00 0 
7fccab800000-7fccac000000 rw-p 00000000 00:00 0 
7fccac000000-7fccac021000 rw-p 00000000 00:00 0 
7fccac021000-7fccb0000000 ---p 00000000 00:00 0 
7fccb01a3000-7fccb0223000 rw-p 00000000 00:00 0 
7fccb0223000-7fccb03a3000 ---p 00000000 00:00 0 
7fccb07a3000-7fccb17a4000 rw-p 00000000 00:00 0 
7fccb1ba4000-7fccb1ba5000 ---p 00000000 00:00 0 
7fccb1ba5000-7fccb23a5000 rw-p 00000000 00:00 0 
7fccb23a5000-7fccb27a5000 rw-s 00000000 00:06 552                        /dev/nvidiactl
7fccb27a5000-7fccb2ba5000 rw-s 00000000 00:06 552                        /dev/nvidiactl
7fccb2ba5000-7fccb2da5000 rw-s 00000000 00:06 552                        /dev/nvidiactl
7fccb2da5000-7fccb31a5000 rw-s 00000000 00:06 552                        /dev/nvidiactl
7fccb31a5000-7fccb33a5000 rw-s 00000000 00:06 552                        /dev/nvidiactl
7fccb33a5000-7fccb37a6000 rw-p 00000000 00:00 0 
7fccb37a7000-7fccb3ba7000 rw-s 00000000 00:06 552                        /dev/nvidiactl
7fccb3ba7000-7fccb3da7000 rw-p 00000000 00:00 0 
7fccb3da7000-7fccb3dff000 r-xp 00000000 103:02 15991432                  /tmp/lwjglsam/3.2.3-build-13/liblwjgl_opengl.so
7fccb3dff000-7fccb3ffe000 ---p 00058000 103:02 15991432                  /tmp/lwjglsam/3.2.3-build-13/liblwjgl_opengl.so
7fccb3ffe000-7fccb3fff000 r--p 00057000 103:02 15991432                  /tmp/lwjglsam/3.2.3-build-13/liblwjgl_opengl.so
7fccb3fff000-7fccb4000000 rw-p 00058000 103:02 15991432                  /tmp/lwjglsam/3.2.3-build-13/liblwjgl_opengl.so
7fccb4000000-7fccb4021000 rw-p 00000000 00:00 0 
7fccb4021000-7fccb8000000 ---p 00000000 00:00 0 
7fccb808d000-7fccb80cd000 rw-s 00000000 08:01 16256402                   /home/sam/#16256402 (deleted)
7fccb80cd000-7fccb810d000 r-xs 00000000 08:01 16256402                   /home/sam/#16256402 (deleted)
7fccb810d000-7fccb8112000 r-xp 00000000 103:02 9839193                   /usr/lib/x86_64-linux-gnu/libxcb-sync.so.1.0.0
7fccb8112000-7fccb8312000 ---p 00005000 103:02 9839193                   /usr/lib/x86_64-linux-gnu/libxcb-sync.so.1.0.0
7fccb8312000-7fccb8313000 r--p 00005000 103:02 9839193                   /usr/lib/x86_64-linux-gnu/libxcb-sync.so.1.0.0
7fccb8313000-7fccb8314000 rw-p 00006000 103:02 9839193                   /usr/lib/x86_64-linux-gnu/libxcb-sync.so.1.0.0
7fccb8314000-7fccb8316000 r-xp 00000000 103:02 9839185                   /usr/lib/x86_64-linux-gnu/libxcb-present.so.0.0.0
7fccb8316000-7fccb8515000 ---p 00002000 103:02 9839185                   /usr/lib/x86_64-linux-gnu/libxcb-present.so.0.0.0
7fccb8515000-7fccb8516000 r--p 00001000 103:02 9839185                   /usr/lib/x86_64-linux-gnu/libxcb-present.so.0.0.0
7fccb8516000-7fccb8517000 rw-p 00002000 103:02 9839185                   /usr/lib/x86_64-linux-gnu/libxcb-present.so.0.0.0
7fccb8517000-7fccb851a000 r-xp 00000000 103:02 9839181                   /usr/lib/x86_64-linux-gnu/libxcb-dri3.so.0.0.0
7fccb851a000-7fccb8719000 ---p 00003000 103:02 9839181                   /usr/lib/x86_64-linux-gnu/libxcb-dri3.so.0.0.0
7fccb8719000-7fccb871a000 r--p 00002000 103:02 9839181                   /usr/lib/x86_64-linux-gnu/libxcb-dri3.so.0.0.0
7fccb871a000-7fccb871b000 rw-p 00003000 103:02 9839181                   /usr/lib/x86_64-linux-gnu/libxcb-dri3.so.0.0.0
7fccb871b000-7fccb8733000 r-xp 00000000 103:02 9839183                   /usr/lib/x86_64-linux-gnu/libxcb-glx.so.0.0.0
7fccb8733000-7fccb8933000 ---p 00018000 103:02 9839183                   /usr/lib/x86_64-linux-gnu/libxcb-glx.so.0.0.0
7fccb8933000-7fccb8935000 r--p 00018000 103:02 9839183                   /usr/lib/x86_64-linux-gnu/libxcb-glx.so.0.0.0
7fccb8935000-7fccb8936000 rw-p 0001a000 103:02 9839183                   /usr/lib/x86_64-linux-gnu/libxcb-glx.so.0.0.0
7fccb8950000-7fccb89d0000 rw-s 00000000 00:06 552                        /dev/nvidiactl
7fccb8ad0000-7fccb8ae3000 rw-s 00000000 00:06 552                        /dev/nvidiactl
7fccb8ae3000-7fccb8b23000 rw-s 00000000 00:06 552                        /dev/nvidiactl
7fccb8b23000-7fccb8b43000 rw-s 00000000 00:06 552                        /dev/nvidiactl
7fccb8b43000-7fccb8b83000 rw-s 00000000 00:06 552                        /dev/nvidiactl
7fccb8b83000-7fccb8ba3000 rw-s 00000000 00:06 552                        /dev/nvidiactl
7fccb8ba3000-7fccb8be3000 rw-s 00000000 00:06 552                        /dev/nvidiactl
7fccb8be3000-7fccb8bf3000 r-xp 00000000 103:02 9840432                   /usr/lib/x86_64-linux-gnu/libdrm.so.2.4.0
7fccb8bf3000-7fccb8df2000 ---p 00010000 103:02 9840432                   /usr/lib/x86_64-linux-gnu/libdrm.so.2.4.0
7fccb8df2000-7fccb8df3000 r--p 0000f000 103:02 9840432                   /usr/lib/x86_64-linux-gnu/libdrm.so.2.4.0
7fccb8df3000-7fccb8df4000 rw-p 00010000 103:02 9840432                   /usr/lib/x86_64-linux-gnu/libdrm.so.2.4.0
7fccb8df4000-7fccba0cf000 r-xp 00000000 103:02 9840523                   /usr/lib/x86_64-linux-gnu/libnvidia-glcore.so.440.31
7fccba0cf000-7fccba0f0000 rwxp 012db000 103:02 9840523                   /usr/lib/x86_64-linux-gnu/libnvidia-glcore.so.440.31
7fccba0f0000-7fccba601000 r-xp 012fc000 103:02 9840523                   /usr/lib/x86_64-linux-gnu/libnvidia-glcore.so.440.31
7fccba601000-7fccba800000 ---p 0180d000 103:02 9840523                   /usr/lib/x86_64-linux-gnu/libnvidia-glcore.so.440.31
7fccba800000-7fccbab46000 rw-p 0180c000 103:02 9840523                   /usr/lib/x86_64-linux-gnu/libnvidia-glcore.so.440.31
7fccbab46000-7fccbab62000 rw-p 00000000 00:00 0 
7fccbab62000-7fccbab65000 r-xp 00000000 103:02 9840527                   /usr/lib/x86_64-linux-gnu/libnvidia-tls.so.440.31
7fccbab65000-7fccbad65000 ---p 00003000 103:02 9840527                   /usr/lib/x86_64-linux-gnu/libnvidia-tls.so.440.31
7fccbad65000-7fccbad66000 rw-p 00003000 103:02 9840527                   /usr/lib/x86_64-linux-gnu/libnvidia-tls.so.440.31
7fccbad66000-7fccbae0f000 r-xp 00000000 103:02 9840520                   /usr/lib/x86_64-linux-gnu/libGLX_nvidia.so.440.31
7fccbae0f000-7fccbae44000 rwxp 000a9000 103:02 9840520                   /usr/lib/x86_64-linux-gnu/libGLX_nvidia.so.440.31
7fccbae44000-7fccbae53000 r-xp 000de000 103:02 9840520                   /usr/lib/x86_64-linux-gnu/libGLX_nvidia.so.440.31
7fccbae53000-7fccbb052000 ---p 000ed000 103:02 9840520                   /usr/lib/x86_64-linux-gnu/libGLX_nvidia.so.440.31
7fccbb052000-7fccbb076000 rw-p 000ec000 103:02 9840520                   /usr/lib/x86_64-linux-gnu/libGLX_nvidia.so.440.31
7fccbb076000-7fccbb078000 rw-p 00000000 00:00 0 
7fccbb078000-7fccbb0ba000 r-xp 00000000 103:02 9837994                   /usr/lib/x86_64-linux-gnu/libGLdispatch.so.0.0.0
7fccbb0ba000-7fccbb0d3000 r-xp 00042000 103:02 9837994                   /usr/lib/x86_64-linux-gnu/libGLdispatch.so.0.0.0
7fccbb0d3000-7fccbb0e6000 r-xp 0005b000 103:02 9837994                   /usr/lib/x86_64-linux-gnu/libGLdispatch.so.0.0.0
7fccbb0e6000-7fccbb2e5000 ---p 0006e000 103:02 9837994                   /usr/lib/x86_64-linux-gnu/libGLdispatch.so.0.0.0
7fccbb2e5000-7fccbb30d000 r--p 0006d000 103:02 9837994                   /usr/lib/x86_64-linux-gnu/libGLdispatch.so.0.0.0
7fccbb30d000-7fccbb30e000 rw-p 00095000 103:02 9837994                   /usr/lib/x86_64-linux-gnu/libGLdispatch.so.0.0.0
7fccbb30e000-7fccbb32e000 rw-p 00000000 00:00 0 
7fccbb32e000-7fccbb33e000 r-xp 00000000 103:02 9837992                   /usr/lib/x86_64-linux-gnu/libGLX.so.0.0.0
7fccbb33e000-7fccbb53d000 ---p 00010000 103:02 9837992                   /usr/lib/x86_64-linux-gnu/libGLX.so.0.0.0
7fccbb53d000-7fccbb53e000 r--p 0000f000 103:02 9837992                   /usr/lib/x86_64-linux-gnu/libGLX.so.0.0.0
7fccbb53e000-7fccbb53f000 rw-p 00010000 103:02 9837992                   /usr/lib/x86_64-linux-gnu/libGLX.so.0.0.0
7fccbb53f000-7fccbb55f000 rw-p 00000000 00:00 0 
7fccbb55f000-7fccbb5a3000 r-xp 00000000 103:02 9837986                   /usr/lib/x86_64-linux-gnu/libGL.so.1.0.0
7fccbb5a3000-7fccbb5bc000 r-xp 00044000 103:02 9837986                   /usr/lib/x86_64-linux-gnu/libGL.so.1.0.0
7fccbb5bc000-7fccbb5d0000 r-xp 0005d000 103:02 9837986                   /usr/lib/x86_64-linux-gnu/libGL.so.1.0.0
7fccbb5d0000-7fccbb7cf000 ---p 00071000 103:02 9837986                   /usr/lib/x86_64-linux-gnu/libGL.so.1.0.0
7fccbb7cf000-7fccbb7e9000 r--p 00070000 103:02 9837986                   /usr/lib/x86_64-linux-gnu/libGL.so.1.0.0
7fccbb7e9000-7fccbb7ea000 rw-p 0008a000 103:02 9837986                   /usr/lib/x86_64-linux-gnu/libGL.so.1.0.0
7fccbb7ea000-7fccbb7eb000 rw-p 00000000 00:00 0 
7fccbb7eb000-7fccbb7ec000 r-xp 00000000 103:02 9840453                   /usr/lib/x86_64-linux-gnu/libX11-xcb.so.1.0.0
7fccbb7ec000-7fccbb9eb000 ---p 00001000 103:02 9840453                   /usr/lib/x86_64-linux-gnu/libX11-xcb.so.1.0.0
7fccbb9eb000-7fccbb9ec000 r--p 00000000 103:02 9840453                   /usr/lib/x86_64-linux-gnu/libX11-xcb.so.1.0.0
7fccbb9ec000-7fccbb9ed000 rw-p 00001000 103:02 9840453                   /usr/lib/x86_64-linux-gnu/libX11-xcb.so.1.0.0
7fccbb9ed000-7fccbb9ef000 r-xp 00000000 103:02 9838067                   /usr/lib/x86_64-linux-gnu/libXinerama.so.1.0.0
7fccbb9ef000-7fccbbbee000 ---p 00002000 103:02 9838067                   /usr/lib/x86_64-linux-gnu/libXinerama.so.1.0.0
7fccbbbee000-7fccbbbef000 r--p 00001000 103:02 9838067                   /usr/lib/x86_64-linux-gnu/libXinerama.so.1.0.0
7fccbbbef000-7fccbbbf0000 rw-p 00002000 103:02 9838067                   /usr/lib/x86_64-linux-gnu/libXinerama.so.1.0.0
7fccbbbf0000-7fccbbbf5000 r-xp 00000000 103:02 9838059                   /usr/lib/x86_64-linux-gnu/libXfixes.so.3.1.0
7fccbbbf5000-7fccbbdf4000 ---p 00005000 103:02 9838059                   /usr/lib/x86_64-linux-gnu/libXfixes.so.3.1.0
7fccbbdf4000-7fccbbdf5000 r--p 00004000 103:02 9838059                   /usr/lib/x86_64-linux-gnu/libXfixes.so.3.1.0
7fccbbdf5000-7fccbbdf6000 rw-p 00005000 103:02 9838059                   /usr/lib/x86_64-linux-gnu/libXfixes.so.3.1.0
7fccbbdf6000-7fccbbdff000 r-xp 00000000 103:02 9838051                   /usr/lib/x86_64-linux-gnu/libXcursor.so.1.0.2
7fccbbdff000-7fccbbffe000 ---p 00009000 103:02 9838051                   /usr/lib/x86_64-linux-gnu/libXcursor.so.1.0.2
7fccbbffe000-7fccbbfff000 r--p 00008000 103:02 9838051                   /usr/lib/x86_64-linux-gnu/libXcursor.so.1.0.2
7fccbbfff000-7fccbc000000 rw-p 00009000 103:02 9838051                   /usr/lib/x86_64-linux-gnu/libXcursor.so.1.0.2
7fccbc000000-7fccbc021000 rw-p 00000000 00:00 0 
7fccbc021000-7fccc0000000 ---p 00000000 00:00 0 
7fccc0000000-7fccc0021000 rw-p 00000000 00:00 0 
7fccc0021000-7fccc4000000 ---p 00000000 00:00 0 
7fccc4000000-7fccc4021000 rw-p 00000000 00:00 0 
7fccc4021000-7fccc8000000 ---p 00000000 00:00 0 
7fccc8002000-7fccc81a7000 rw-s 00000000 00:06 552                        /dev/nvidiactl
7fccc81a7000-7fccc81b0000 r-xp 00000000 103:02 9838077                   /usr/lib/x86_64-linux-gnu/libXrender.so.1.3.0
7fccc81b0000-7fccc83af000 ---p 00009000 103:02 9838077                   /usr/lib/x86_64-linux-gnu/libXrender.so.1.3.0
7fccc83af000-7fccc83b0000 r--p 00008000 103:02 9838077                   /usr/lib/x86_64-linux-gnu/libXrender.so.1.3.0
7fccc83b0000-7fccc83b1000 rw-p 00009000 103:02 9838077                   /usr/lib/x86_64-linux-gnu/libXrender.so.1.3.0
7fccc83b1000-7fccc83bb000 r-xp 00000000 103:02 9838075                   /usr/lib/x86_64-linux-gnu/libXrandr.so.2.2.0
7fccc83bb000-7fccc85ba000 ---p 0000a000 103:02 9838075                   /usr/lib/x86_64-linux-gnu/libXrandr.so.2.2.0
7fccc85ba000-7fccc85bb000 r--p 00009000 103:02 9838075                   /usr/lib/x86_64-linux-gnu/libXrandr.so.2.2.0
7fccc85bb000-7fccc85bc000 rw-p 0000a000 103:02 9838075                   /usr/lib/x86_64-linux-gnu/libXrandr.so.2.2.0
7fccc85bc000-7fccc85cb000 r-xp 00000000 103:02 9838065                   /usr/lib/x86_64-linux-gnu/libXi.so.6.1.0
7fccc85cb000-7fccc87ca000 ---p 0000f000 103:02 9838065                   /usr/lib/x86_64-linux-gnu/libXi.so.6.1.0
7fccc87ca000-7fccc87cb000 r--p 0000e000 103:02 9838065                   /usr/lib/x86_64-linux-gnu/libXi.so.6.1.0
7fccc87cb000-7fccc87cc000 rw-p 0000f000 103:02 9838065                   /usr/lib/x86_64-linux-gnu/libXi.so.6.1.0
7fccc87cc000-7fccc87dd000 r-xp 00000000 103:02 9838057                   /usr/lib/x86_64-linux-gnu/libXext.so.6.4.0
7fccc87dd000-7fccc89dc000 ---p 00011000 103:02 9838057                   /usr/lib/x86_64-linux-gnu/libXext.so.6.4.0
7fccc89dc000-7fccc89dd000 r--p 00010000 103:02 9838057                   /usr/lib/x86_64-linux-gnu/libXext.so.6.4.0
7fccc89dd000-7fccc89de000 rw-p 00011000 103:02 9838057                   /usr/lib/x86_64-linux-gnu/libXext.so.6.4.0
7fccc89de000-7fccc89e3000 r-xp 00000000 103:02 9838093                   /usr/lib/x86_64-linux-gnu/libXxf86vm.so.1.0.0
7fccc89e3000-7fccc8be2000 ---p 00005000 103:02 9838093                   /usr/lib/x86_64-linux-gnu/libXxf86vm.so.1.0.0
7fccc8be2000-7fccc8be3000 r--p 00004000 103:02 9838093                   /usr/lib/x86_64-linux-gnu/libXxf86vm.so.1.0.0
7fccc8be3000-7fccc8be4000 rw-p 00005000 103:02 9838093                   /usr/lib/x86_64-linux-gnu/libXxf86vm.so.1.0.0
7fccc8be4000-7fccc8bf7000 r-xp 00000000 103:02 22937869                  /lib/x86_64-linux-gnu/libbsd.so.0.8.7
7fccc8bf7000-7fccc8df6000 ---p 00013000 103:02 22937869                  /lib/x86_64-linux-gnu/libbsd.so.0.8.7
7fccc8df6000-7fccc8df7000 r--p 00012000 103:02 22937869                  /lib/x86_64-linux-gnu/libbsd.so.0.8.7
7fccc8df7000-7fccc8df8000 rw-p 00013000 103:02 22937869                  /lib/x86_64-linux-gnu/libbsd.so.0.8.7
7fccc8df8000-7fccc8df9000 rw-p 00000000 00:00 0 
7fccc8df9000-7fccc8dfe000 r-xp 00000000 103:02 9838055                   /usr/lib/x86_64-linux-gnu/libXdmcp.so.6.0.0
7fccc8dfe000-7fccc8ffd000 ---p 00005000 103:02 9838055                   /usr/lib/x86_64-linux-gnu/libXdmcp.so.6.0.0
7fccc8ffd000-7fccc8ffe000 r--p 00004000 103:02 9838055                   /usr/lib/x86_64-linux-gnu/libXdmcp.so.6.0.0
7fccc8ffe000-7fccc8fff000 rw-p 00005000 103:02 9838055                   /usr/lib/x86_64-linux-gnu/libXdmcp.so.6.0.0
7fccc8fff000-7fcccc000000 rw-p 00000000 00:00 0 
7fcccc000000-7fcccc021000 rw-p 00000000 00:00 0 
7fcccc021000-7fccd0000000 ---p 00000000 00:00 0 
7fccd000b000-7fccd000f000 r-xp 00000000 00:00 0 
7fccd000f000-7fccd0012000 rw-s 00000000 00:06 552                        /dev/nvidiactl
7fccd002d000-7fccd0032000 r--s 000a3000 103:02 9837971                   /usr/lib/jvm/java-8-openjdk-amd64/jre/lib/jsse.jar
7fccd0032000-7fccd0034000 r-xp 00000000 103:02 9838044                   /usr/lib/x86_64-linux-gnu/libXau.so.6.0.0
7fccd0034000-7fccd0234000 ---p 00002000 103:02 9838044                   /usr/lib/x86_64-linux-gnu/libXau.so.6.0.0
7fccd0234000-7fccd0235000 r--p 00002000 103:02 9838044                   /usr/lib/x86_64-linux-gnu/libXau.so.6.0.0
7fccd0235000-7fccd0236000 rw-p 00003000 103:02 9838044                   /usr/lib/x86_64-linux-gnu/libXau.so.6.0.0
7fccd0236000-7fccd025c000 r-xp 00000000 103:02 9840409                   /usr/lib/x86_64-linux-gnu/libxcb.so.1.1.0
7fccd025c000-7fccd045c000 ---p 00026000 103:02 9840409                   /usr/lib/x86_64-linux-gnu/libxcb.so.1.1.0
7fccd045c000-7fccd045d000 r--p 00026000 103:02 9840409                   /usr/lib/x86_64-linux-gnu/libxcb.so.1.1.0
7fccd045d000-7fccd045e000 rw-p 00027000 103:02 9840409                   /usr/lib/x86_64-linux-gnu/libxcb.so.1.1.0
7fccd045e000-7fccd0591000 r-xp 00000000 103:02 9839217                   /usr/lib/x86_64-linux-gnu/libX11.so.6.3.0
7fccd0591000-7fccd0791000 ---p 00133000 103:02 9839217                   /usr/lib/x86_64-linux-gnu/libX11.so.6.3.0
7fccd0791000-7fccd0792000 r--p 00133000 103:02 9839217                   /usr/lib/x86_64-linux-gnu/libX11.so.6.3.0
7fccd0792000-7fccd0796000 rw-p 00134000 103:02 9839217                   /usr/lib/x86_64-linux-gnu/libX11.so.6.3.0
7fccd0796000-7fccd0798000 rw-s 00000000 103:02 15728658                  /tmp/.glya5L4I (deleted)
7fccd079c000-7fccd079d000 rw-s 00000000 00:06 553                        /dev/nvidia0
7fccd079d000-7fccd079f000 rw-s 00000000 00:06 552                        /dev/nvidiactl
7fccd079f000-7fccd07a3000 rw-s 00000000 00:06 552                        /dev/nvidiactl
7fccd07a3000-7fccd07a4000 rw-s 00000000 00:06 553                        /dev/nvidia0
7fccd07a4000-7fccd07a5000 rw-s 00000000 00:06 553                        /dev/nvidia0
7fccd07a5000-7fccd07a6000 rw-s 00000000 00:06 553                        /dev/nvidia0
7fccd07a6000-7fccd07a7000 rw-s 00000000 00:06 552                        /dev/nvidiactl
7fccd07a7000-7fccd07a8000 rw-s 00000000 00:06 552                        /dev/nvidiactl
7fccd07a8000-7fccd07a9000 rw-s 00000000 00:06 552                        /dev/nvidiactl
7fccd07a9000-7fccd07b0000 r--s 00000000 103:02 10095718                  /usr/lib/x86_64-linux-gnu/gconv/gconv-modules.cache
7fccd07b0000-7fccd07f3000 r-xp 00000000 103:02 15991431                  /tmp/lwjglsam/3.2.3-build-13/libglfw.so
7fccd07f3000-7fccd09f2000 ---p 00043000 103:02 15991431                  /tmp/lwjglsam/3.2.3-build-13/libglfw.so
7fccd09f2000-7fccd09f3000 r--p 00042000 103:02 15991431                  /tmp/lwjglsam/3.2.3-build-13/libglfw.so
7fccd09f3000-7fccd09f5000 rw-p 00043000 103:02 15991431                  /tmp/lwjglsam/3.2.3-build-13/libglfw.so
7fccd09f5000-7fccd0a16000 rw-p 00000000 00:00 0 
7fccd0a16000-7fccd0a67000 r-xp 00000000 103:02 15991430                  /tmp/lwjglsam/3.2.3-build-13/liblwjgl.so
7fccd0a67000-7fccd0c66000 ---p 00051000 103:02 15991430                  /tmp/lwjglsam/3.2.3-build-13/liblwjgl.so
7fccd0c66000-7fccd0c67000 r--p 00050000 103:02 15991430                  /tmp/lwjglsam/3.2.3-build-13/liblwjgl.so
7fccd0c67000-7fccd0c68000 rw-p 00051000 103:02 15991430                  /tmp/lwjglsam/3.2.3-build-13/liblwjgl.so
7fccd0c68000-7fccd0c7b000 r--s 00346000 103:02 9837979                   /usr/lib/jvm/java-8-openjdk-amd64/jre/lib/resources.jar
7fccd0c7b000-7fccd0c92000 r-xp 00000000 103:02 9837855                   /usr/lib/jvm/java-8-openjdk-amd64/jre/lib/amd64/libnet.so
7fccd0c92000-7fccd0e91000 ---p 00017000 103:02 9837855                   /usr/lib/jvm/java-8-openjdk-amd64/jre/lib/amd64/libnet.so
7fccd0e91000-7fccd0e92000 r--p 00016000 103:02 9837855                   /usr/lib/jvm/java-8-openjdk-amd64/jre/lib/amd64/libnet.so
7fccd0e92000-7fccd0e93000 rw-p 00017000 103:02 9837855                   /usr/lib/jvm/java-8-openjdk-amd64/jre/lib/amd64/libnet.so
7fccd0e93000-7fccd0ea4000 r-xp 00000000 103:02 9837857                   /usr/lib/jvm/java-8-openjdk-amd64/jre/lib/amd64/libnio.so
7fccd0ea4000-7fccd10a4000 ---p 00011000 103:02 9837857                   /usr/lib/jvm/java-8-openjdk-amd64/jre/lib/amd64/libnio.so
7fccd10a4000-7fccd10a5000 r--p 00011000 103:02 9837857                   /usr/lib/jvm/java-8-openjdk-amd64/jre/lib/amd64/libnio.so
7fccd10a5000-7fccd10a6000 rw-p 00012000 103:02 9837857                   /usr/lib/jvm/java-8-openjdk-amd64/jre/lib/amd64/libnio.so
7fccd10a6000-7fccd10a7000 r--s 00002000 08:01 16253464                   /home/sam/Downloads/pngdecoder-1.0.jar
7fccd10a7000-7fccd10a8000 r--s 00022000 08:01 17960234                   /home/sam/Downloads/lwjgl-3.2.3/lwjgl-glfw/lwjgl-glfw-natives-linux-arm64.jar
7fccd10a8000-7fccd10c3000 r--s 001d6000 103:02 9837906                   /usr/lib/jvm/java-8-openjdk-amd64/jre/lib/ext/nashorn.jar
7fccd10c3000-7fccd10c4000 ---p 00000000 00:00 0 
7fccd10c4000-7fccd11c4000 rw-p 00000000 00:00 0 
7fccd11c4000-7fccd11c7000 ---p 00000000 00:00 0 
7fccd11c7000-7fccd12c5000 rw-p 00000000 00:00 0 
7fccd12c5000-7fccd12c6000 ---p 00000000 00:00 0 
7fccd12c6000-7fccd12c9000 ---p 00000000 00:00 0 
7fccd12c9000-7fccd13c6000 rw-p 00000000 00:00 0 
7fccd13c6000-7fccd13c7000 ---p 00000000 00:00 0 
7fccd13c7000-7fccd13ca000 ---p 00000000 00:00 0 
7fccd13ca000-7fccd14c7000 rw-p 00000000 00:00 0 
7fccd14c7000-7fccd14c8000 ---p 00000000 00:00 0 
7fccd14c8000-7fccd14cb000 ---p 00000000 00:00 0 
7fccd14cb000-7fccd15c8000 rw-p 00000000 00:00 0 
7fccd15c8000-7fccd15c9000 ---p 00000000 00:00 0 
7fccd15c9000-7fccd15cc000 ---p 00000000 00:00 0 
7fccd15cc000-7fccd16c9000 rw-p 00000000 00:00 0 
7fccd16c9000-7fccd16cc000 ---p 00000000 00:00 0 
7fccd16cc000-7fccd17ca000 rw-p 00000000 00:00 0 
7fccd17ca000-7fccd2199000 r--p 00000000 103:02 9837060                   /usr/lib/locale/locale-archive
7fccd2199000-7fccd219c000 ---p 00000000 00:00 0 
7fccd219c000-7fccd229a000 rw-p 00000000 00:00 0 
7fccd229a000-7fccd229d000 ---p 00000000 00:00 0 
7fccd229d000-7fccd239b000 rw-p 00000000 00:00 0 
7fccd239b000-7fccd239c000 ---p 00000000 00:00 0 
7fccd239c000-7fccd4000000 rw-p 00000000 00:00 0 
7fccd4000000-7fccd4021000 rw-p 00000000 00:00 0 
7fccd4021000-7fccd8000000 ---p 00000000 00:00 0 
7fccd8000000-7fccd8001000 r--s 00026000 08:01 17960235                   /home/sam/Downloads/lwjgl-3.2.3/lwjgl-glfw/lwjgl-glfw-natives-linux.jar
7fccd8001000-7fccd8004000 r--s 00018000 08:01 17960240                   /home/sam/Downloads/lwjgl-3.2.3/lwjgl-glfw/lwjgl-glfw.jar
7fccd8004000-7fccd8006000 r--s 0000d000 08:01 19795215                   /home/sam/Downloads/lwjgl-3.2.3/lwjgl-opengl/lwjgl-opengl-natives-linux-arm64.jar
7fccd8006000-7fccd8007000 r--s 00013000 08:01 19795216                   /home/sam/Downloads/lwjgl-3.2.3/lwjgl-opengl/lwjgl-opengl-natives-linux.jar
7fccd8007000-7fccd8012000 r--s 000da000 08:01 19795221                   /home/sam/Downloads/lwjgl-3.2.3/lwjgl-opengl/lwjgl-opengl.jar
7fccd8012000-7fccd8013000 r--s 0000c000 08:01 16517972                   /home/sam/Downloads/lwjgl-3.2.3/lwjgl/lwjgl-natives-linux-arm64.jar
7fccd8013000-7fccd8014000 r--s 00012000 08:01 16517973                   /home/sam/Downloads/lwjgl-3.2.3/lwjgl/lwjgl-natives-linux.jar
7fccd8014000-7fccd878a000 rw-p 00000000 00:00 0 
7fccd878a000-7fccd895a000 r--s 03c5f000 103:02 9837981                   /usr/lib/jvm/java-8-openjdk-amd64/jre/lib/rt.jar
7fccd895a000-7fccda0f4000 rw-p 00000000 00:00 0 
7fccda0f4000-7fccda0f5000 ---p 00000000 00:00 0 
7fccda0f5000-7fccda1f5000 rw-p 00000000 00:00 0 
7fccda1f5000-7fccda1f6000 ---p 00000000 00:00 0 
7fccda1f6000-7fccda2f6000 rw-p 00000000 00:00 0 
7fccda2f6000-7fccda2f7000 ---p 00000000 00:00 0 
7fccda2f7000-7fccda3f7000 rw-p 00000000 00:00 0 
7fccda3f7000-7fccda3f8000 ---p 00000000 00:00 0 
7fccda3f8000-7fccda4f8000 rw-p 00000000 00:00 0 
7fccda4f8000-7fccda4f9000 ---p 00000000 00:00 0 
7fccda4f9000-7fccda5f9000 rw-p 00000000 00:00 0 
7fccda5f9000-7fccda5fa000 ---p 00000000 00:00 0 
7fccda5fa000-7fccda6fa000 rw-p 00000000 00:00 0 
7fccda6fa000-7fccda6fb000 ---p 00000000 00:00 0 
7fccda6fb000-7fccda7fb000 rw-p 00000000 00:00 0 
7fccda7fb000-7fccda7fc000 ---p 00000000 00:00 0 
7fccda7fc000-7fccda8fc000 rw-p 00000000 00:00 0 
7fccda8fc000-7fccda8fd000 ---p 00000000 00:00 0 
7fccda8fd000-7fccdaaa4000 rw-p 00000000 00:00 0 
7fccdaaa4000-7fccdb464000 ---p 00000000 00:00 0 
7fccdb464000-7fccdb50b000 rw-p 00000000 00:00 0 
7fccdb50b000-7fccdbeca000 ---p 00000000 00:00 0 
7fccdbeca000-7fccdbf1e000 rw-p 00000000 00:00 0 
7fccdbf1e000-7fccdc3fe000 ---p 00000000 00:00 0 
7fccdc3fe000-7fccdc411000 rw-p 00000000 00:00 0 
7fccdc411000-7fccdc7bf000 ---p 00000000 00:00 0 
7fccdc7bf000-7fccdcc0f000 rwxp 00000000 00:00 0 
7fccdcc0f000-7fcceb7bf000 ---p 00000000 00:00 0 
7fcceb7bf000-7fcceb7c7000 r-xp 00000000 103:02 9837871                   /usr/lib/jvm/java-8-openjdk-amd64/jre/lib/amd64/libzip.so
7fcceb7c7000-7fcceb9c6000 ---p 00008000 103:02 9837871                   /usr/lib/jvm/java-8-openjdk-amd64/jre/lib/amd64/libzip.so
7fcceb9c6000-7fcceb9c7000 r--p 00007000 103:02 9837871                   /usr/lib/jvm/java-8-openjdk-amd64/jre/lib/amd64/libzip.so
7fcceb9c7000-7fcceb9c8000 rw-p 00008000 103:02 9837871                   /usr/lib/jvm/java-8-openjdk-amd64/jre/lib/amd64/libzip.so
7fcceb9c8000-7fcceb9d3000 r-xp 00000000 103:02 22942476                  /lib/x86_64-linux-gnu/libnss_files-2.27.so
7fcceb9d3000-7fccebbd2000 ---p 0000b000 103:02 22942476                  /lib/x86_64-linux-gnu/libnss_files-2.27.so
7fccebbd2000-7fccebbd3000 r--p 0000a000 103:02 22942476                  /lib/x86_64-linux-gnu/libnss_files-2.27.so
7fccebbd3000-7fccebbd4000 rw-p 0000b000 103:02 22942476                  /lib/x86_64-linux-gnu/libnss_files-2.27.so
7fccebbd4000-7fccebbda000 rw-p 00000000 00:00 0 
7fccebbda000-7fccebbf1000 r-xp 00000000 103:02 22942470                  /lib/x86_64-linux-gnu/libnsl-2.27.so
7fccebbf1000-7fccebdf0000 ---p 00017000 103:02 22942470                  /lib/x86_64-linux-gnu/libnsl-2.27.so
7fccebdf0000-7fccebdf1000 r--p 00016000 103:02 22942470                  /lib/x86_64-linux-gnu/libnsl-2.27.so
7fccebdf1000-7fccebdf2000 rw-p 00017000 103:02 22942470                  /lib/x86_64-linux-gnu/libnsl-2.27.so
7fccebdf2000-7fccebdf4000 rw-p 00000000 00:00 0 
7fccebdf4000-7fccebdff000 r-xp 00000000 103:02 22942487                  /lib/x86_64-linux-gnu/libnss_nis-2.27.so
7fccebdff000-7fccebffe000 ---p 0000b000 103:02 22942487                  /lib/x86_64-linux-gnu/libnss_nis-2.27.so
7fccebffe000-7fccebfff000 r--p 0000a000 103:02 22942487                  /lib/x86_64-linux-gnu/libnss_nis-2.27.so
7fccebfff000-7fccec000000 rw-p 0000b000 103:02 22942487                  /lib/x86_64-linux-gnu/libnss_nis-2.27.so
7fccec000000-7fccefed8000 rw-p 00000000 00:00 0 
7fccefed8000-7fccf0000000 ---p 00000000 00:00 0 
7fccf0000000-7fccf0007000 r--s 00081000 08:01 16518147                   /home/sam/Downloads/lwjgl-3.2.3/lwjgl/lwjgl.jar
7fccf0007000-7fccf000c000 r--s 0003d000 103:02 9837915                   /usr/lib/jvm/java-8-openjdk-amd64/jre/lib/ext/sunjce_provider.jar
7fccf000c000-7fccf0010000 r--s 0003a000 103:02 9837917                   /usr/lib/jvm/java-8-openjdk-amd64/jre/lib/ext/sunpkcs11.jar
7fccf0010000-7fccf0013000 r--s 0000f000 103:02 9837900                   /usr/lib/jvm/java-8-openjdk-amd64/jre/lib/ext/icedtea-sound.jar
7fccf0013000-7fccf00e4000 rw-p 00000000 00:00 0 
7fccf00e4000-7fccf00e5000 ---p 00000000 00:00 0 
7fccf00e5000-7fccf01e5000 rw-p 00000000 00:00 0 
7fccf01e5000-7fccf01ed000 r-xp 00000000 103:02 22942472                  /lib/x86_64-linux-gnu/libnss_compat-2.27.so
7fccf01ed000-7fccf03ed000 ---p 00008000 103:02 22942472                  /lib/x86_64-linux-gnu/libnss_compat-2.27.so
7fccf03ed000-7fccf03ee000 r--p 00008000 103:02 22942472                  /lib/x86_64-linux-gnu/libnss_compat-2.27.so
7fccf03ee000-7fccf03ef000 rw-p 00009000 103:02 22942472                  /lib/x86_64-linux-gnu/libnss_compat-2.27.so
7fccf03ef000-7fccf0419000 r-xp 00000000 103:02 9837833                   /usr/lib/jvm/java-8-openjdk-amd64/jre/lib/amd64/libjava.so
7fccf0419000-7fccf0618000 ---p 0002a000 103:02 9837833                   /usr/lib/jvm/java-8-openjdk-amd64/jre/lib/amd64/libjava.so
7fccf0618000-7fccf0619000 r--p 00029000 103:02 9837833                   /usr/lib/jvm/java-8-openjdk-amd64/jre/lib/amd64/libjava.so
7fccf0619000-7fccf061b000 rw-p 0002a000 103:02 9837833                   /usr/lib/jvm/java-8-openjdk-amd64/jre/lib/amd64/libjava.so
7fccf061b000-7fccf062b000 r-xp 00000000 103:02 9837869                   /usr/lib/jvm/java-8-openjdk-amd64/jre/lib/amd64/libverify.so
7fccf062b000-7fccf082a000 ---p 00010000 103:02 9837869                   /usr/lib/jvm/java-8-openjdk-amd64/jre/lib/amd64/libverify.so
7fccf082a000-7fccf082c000 r--p 0000f000 103:02 9837869                   /usr/lib/jvm/java-8-openjdk-amd64/jre/lib/amd64/libverify.so
7fccf082c000-7fccf082d000 rw-p 00011000 103:02 9837869                   /usr/lib/jvm/java-8-openjdk-amd64/jre/lib/amd64/libverify.so
7fccf082d000-7fccf0834000 r-xp 00000000 103:02 22942527                  /lib/x86_64-linux-gnu/librt-2.27.so
7fccf0834000-7fccf0a33000 ---p 00007000 103:02 22942527                  /lib/x86_64-linux-gnu/librt-2.27.so
7fccf0a33000-7fccf0a34000 r--p 00006000 103:02 22942527                  /lib/x86_64-linux-gnu/librt-2.27.so
7fccf0a34000-7fccf0a35000 rw-p 00007000 103:02 22942527                  /lib/x86_64-linux-gnu/librt-2.27.so
7fccf0a35000-7fccf0a4c000 r-xp 00000000 103:02 22937606                  /lib/x86_64-linux-gnu/libgcc_s.so.1
7fccf0a4c000-7fccf0c4b000 ---p 00017000 103:02 22937606                  /lib/x86_64-linux-gnu/libgcc_s.so.1
7fccf0c4b000-7fccf0c4c000 r--p 00016000 103:02 22937606                  /lib/x86_64-linux-gnu/libgcc_s.so.1
7fccf0c4c000-7fccf0c4d000 rw-p 00017000 103:02 22937606                  /lib/x86_64-linux-gnu/libgcc_s.so.1
7fccf0c4d000-7fccf0dea000 r-xp 00000000 103:02 22942449                  /lib/x86_64-linux-gnu/libm-2.27.so
7fccf0dea000-7fccf0fe9000 ---p 0019d000 103:02 22942449                  /lib/x86_64-linux-gnu/libm-2.27.so
7fccf0fe9000-7fccf0fea000 r--p 0019c000 103:02 22942449                  /lib/x86_64-linux-gnu/libm-2.27.so
7fccf0fea000-7fccf0feb000 rw-p 0019d000 103:02 22942449                  /lib/x86_64-linux-gnu/libm-2.27.so
7fccf0feb000-7fccf1164000 r-xp 00000000 103:02 9830530                   /usr/lib/x86_64-linux-gnu/libstdc++.so.6.0.25
7fccf1164000-7fccf1364000 ---p 00179000 103:02 9830530                   /usr/lib/x86_64-linux-gnu/libstdc++.so.6.0.25
7fccf1364000-7fccf136e000 r--p 00179000 103:02 9830530                   /usr/lib/x86_64-linux-gnu/libstdc++.so.6.0.25
7fccf136e000-7fccf1370000 rw-p 00183000 103:02 9830530                   /usr/lib/x86_64-linux-gnu/libstdc++.so.6.0.25
7fccf1370000-7fccf1374000 rw-p 00000000 00:00 0 
7fccf1374000-7fccf2016000 r-xp 00000000 103:02 9837875                   /usr/lib/jvm/java-8-openjdk-amd64/jre/lib/amd64/server/libjvm.so
7fccf2016000-7fccf2215000 ---p 00ca2000 103:02 9837875                   /usr/lib/jvm/java-8-openjdk-amd64/jre/lib/amd64/server/libjvm.so
7fccf2215000-7fccf22a9000 r--p 00ca1000 103:02 9837875                   /usr/lib/jvm/java-8-openjdk-amd64/jre/lib/amd64/server/libjvm.so
7fccf22a9000-7fccf22d2000 rw-p 00d35000 103:02 9837875                   /usr/lib/jvm/java-8-openjdk-amd64/jre/lib/amd64/server/libjvm.so
7fccf22d2000-7fccf2302000 rw-p 00000000 00:00 0 
7fccf2302000-7fccf231c000 r-xp 00000000 103:02 22942519                  /lib/x86_64-linux-gnu/libpthread-2.27.so
7fccf231c000-7fccf251b000 ---p 0001a000 103:02 22942519                  /lib/x86_64-linux-gnu/libpthread-2.27.so
7fccf251b000-7fccf251c000 r--p 00019000 103:02 22942519                  /lib/x86_64-linux-gnu/libpthread-2.27.so
7fccf251c000-7fccf251d000 rw-p 0001a000 103:02 22942519                  /lib/x86_64-linux-gnu/libpthread-2.27.so
7fccf251d000-7fccf2521000 rw-p 00000000 00:00 0 
7fccf2521000-7fccf2524000 r-xp 00000000 103:02 22942409                  /lib/x86_64-linux-gnu/libdl-2.27.so
7fccf2524000-7fccf2723000 ---p 00003000 103:02 22942409                  /lib/x86_64-linux-gnu/libdl-2.27.so
7fccf2723000-7fccf2724000 r--p 00002000 103:02 22942409                  /lib/x86_64-linux-gnu/libdl-2.27.so
7fccf2724000-7fccf2725000 rw-p 00003000 103:02 22942409                  /lib/x86_64-linux-gnu/libdl-2.27.so
7fccf2725000-7fccf2741000 r-xp 00000000 103:02 22942558                  /lib/x86_64-linux-gnu/libz.so.1.2.11
7fccf2741000-7fccf2940000 ---p 0001c000 103:02 22942558                  /lib/x86_64-linux-gnu/libz.so.1.2.11
7fccf2940000-7fccf2941000 r--p 0001b000 103:02 22942558                  /lib/x86_64-linux-gnu/libz.so.1.2.11
7fccf2941000-7fccf2942000 rw-p 0001c000 103:02 22942558                  /lib/x86_64-linux-gnu/libz.so.1.2.11
7fccf2942000-7fccf2b29000 r-xp 00000000 103:02 22942386                  /lib/x86_64-linux-gnu/libc-2.27.so
7fccf2b29000-7fccf2d29000 ---p 001e7000 103:02 22942386                  /lib/x86_64-linux-gnu/libc-2.27.so
7fccf2d29000-7fccf2d2d000 r--p 001e7000 103:02 22942386                  /lib/x86_64-linux-gnu/libc-2.27.so
7fccf2d2d000-7fccf2d2f000 rw-p 001eb000 103:02 22942386                  /lib/x86_64-linux-gnu/libc-2.27.so
7fccf2d2f000-7fccf2d33000 rw-p 00000000 00:00 0 
7fccf2d33000-7fccf2d41000 r-xp 00000000 103:02 9833482                   /usr/lib/jvm/java-8-openjdk-amd64/jre/lib/amd64/jli/libjli.so
7fccf2d41000-7fccf2f40000 ---p 0000e000 103:02 9833482                   /usr/lib/jvm/java-8-openjdk-amd64/jre/lib/amd64/jli/libjli.so
7fccf2f40000-7fccf2f41000 r--p 0000d000 103:02 9833482                   /usr/lib/jvm/java-8-openjdk-amd64/jre/lib/amd64/jli/libjli.so
7fccf2f41000-7fccf2f42000 rw-p 0000e000 103:02 9833482                   /usr/lib/jvm/java-8-openjdk-amd64/jre/lib/amd64/jli/libjli.so
7fccf2f42000-7fccf2f69000 r-xp 00000000 103:02 22942358                  /lib/x86_64-linux-gnu/ld-2.27.so
7fccf2f69000-7fccf2f6a000 r--s 0000a000 103:02 9837902                   /usr/lib/jvm/java-8-openjdk-amd64/jre/lib/ext/jaccess.jar
7fccf2f6a000-7fccf2f85000 r--s 00394000 103:02 9837896                   /usr/lib/jvm/java-8-openjdk-amd64/jre/lib/ext/cldrdata.jar
7fccf2f85000-7fccf304a000 rw-p 00000000 00:00 0 
7fccf304a000-7fccf304b000 ---p 00000000 00:00 0 
7fccf304b000-7fccf304e000 ---p 00000000 00:00 0 
7fccf304e000-7fccf314d000 rw-p 00000000 00:00 0 
7fccf314d000-7fccf314f000 r--s 00001000 103:02 9837898                   /usr/lib/jvm/java-8-openjdk-amd64/jre/lib/ext/dnsns.jar
7fccf314f000-7fccf3159000 r--s 00116000 103:02 9837904                   /usr/lib/jvm/java-8-openjdk-amd64/jre/lib/ext/localedata.jar
7fccf3159000-7fccf315b000 r--s 00007000 103:02 10224650                  /usr/share/java/java-atk-wrapper.jar
7fccf315b000-7fccf315c000 r--s 0000d000 103:02 9837913                   /usr/lib/jvm/java-8-openjdk-amd64/jre/lib/ext/sunec.jar
7fccf315c000-7fccf315d000 r--s 00010000 103:02 9837919                   /usr/lib/jvm/java-8-openjdk-amd64/jre/lib/ext/zipfs.jar
7fccf315d000-7fccf3165000 rw-s 00000000 103:02 15990796                  /tmp/hsperfdata_sam/9924
7fccf3165000-7fccf3166000 rw-p 00000000 00:00 0 
7fccf3166000-7fccf3167000 r--p 00000000 00:00 0 
7fccf3167000-7fccf3169000 rw-p 00000000 00:00 0 
7fccf3169000-7fccf316a000 r--p 00027000 103:02 22942358                  /lib/x86_64-linux-gnu/ld-2.27.so
7fccf316a000-7fccf316b000 rw-p 00028000 103:02 22942358                  /lib/x86_64-linux-gnu/ld-2.27.so
7fccf316b000-7fccf316c000 rw-p 00000000 00:00 0 
7fff11a5e000-7fff11a7f000 rw-p 00000000 00:00 0                          [stack]
7fff11a83000-7fff11a86000 r--p 00000000 00:00 0                          [vvar]
7fff11a86000-7fff11a87000 r-xp 00000000 00:00 0                          [vdso]
ffffffffff600000-ffffffffff601000 --xp 00000000 00:00 0                  [vsyscall]

VM Arguments:
jvm_args: -Dfile.encoding=UTF-8 
java_command: main.Main
java_class_path (initial): /home/sam/Downloads/lwjgl-3.2.3/lwjgl/lwjgl.jar:/home/sam/Downloads/lwjgl-3.2.3/lwjgl/lwjgl-natives-linux.jar:/home/sam/Downloads/lwjgl-3.2.3/lwjgl/lwjgl-natives-linux-arm64.jar:/home/sam/Downloads/lwjgl-3.2.3/lwjgl-opengl/lwjgl-opengl.jar:/home/sam/Downloads/lwjgl-3.2.3/lwjgl-opengl/lwjgl-opengl-natives-linux.jar:/home/sam/Downloads/lwjgl-3.2.3/lwjgl-opengl/lwjgl-opengl-natives-linux-arm64.jar:/home/sam/Downloads/lwjgl-3.2.3/lwjgl-glfw/lwjgl-glfw.jar:/home/sam/Downloads/lwjgl-3.2.3/lwjgl-glfw/lwjgl-glfw-natives-linux.jar:/home/sam/Downloads/lwjgl-3.2.3/lwjgl-glfw/lwjgl-glfw-natives-linux-arm64.jar:/home/sam/Downloads/pngdecoder-1.0.jar:/home/sam/eclipse/workspace/LWJGL-ENGINE/bin
Launcher Type: SUN_STANDARD

Environment Variables:
PATH=/usr/local/sbin:/usr/local/bin:/usr/sbin:/usr/bin:/sbin:/bin:/usr/games:/usr/local/games:/snap/bin
USERNAME=sam
SHELL=/bin/bash
DISPLAY=:0

Signal Handlers:
SIGSEGV: [libjvm.so+0xabafd0], sa_mask[0]=11111111011111111101111111111110, sa_flags=SA_RESTART|SA_SIGINFO
SIGBUS: [libjvm.so+0xabafd0], sa_mask[0]=11111111011111111101111111111110, sa_flags=SA_RESTART|SA_SIGINFO
SIGFPE: [libjvm.so+0x8f05b0], sa_mask[0]=11111111011111111101111111111110, sa_flags=SA_RESTART|SA_SIGINFO
SIGPIPE: [libjvm.so+0x8f05b0], sa_mask[0]=11111111011111111101111111111110, sa_flags=SA_RESTART|SA_SIGINFO
SIGXFSZ: [libjvm.so+0x8f05b0], sa_mask[0]=11111111011111111101111111111110, sa_flags=SA_RESTART|SA_SIGINFO
SIGILL: [libjvm.so+0x8f05b0], sa_mask[0]=11111111011111111101111111111110, sa_flags=SA_RESTART|SA_SIGINFO
SIGUSR1: SIG_DFL, sa_mask[0]=00000000000000000000000000000000, sa_flags=none
SIGUSR2: [libjvm.so+0x8f0460], sa_mask[0]=00100000000000000000000000000000, sa_flags=SA_RESTART|SA_SIGINFO
SIGHUP: [libjvm.so+0x8f0ad0], sa_mask[0]=11111111011111111101111111111110, sa_flags=SA_RESTART|SA_SIGINFO
SIGINT: [libjvm.so+0x8f0ad0], sa_mask[0]=11111111011111111101111111111110, sa_flags=SA_RESTART|SA_SIGINFO
SIGTERM: [libjvm.so+0x8f0ad0], sa_mask[0]=11111111011111111101111111111110, sa_flags=SA_RESTART|SA_SIGINFO
SIGQUIT: [libjvm.so+0x8f0ad0], sa_mask[0]=11111111011111111101111111111110, sa_flags=SA_RESTART|SA_SIGINFO


---------------  S Y S T E M  ---------------

OS:DISTRIB_ID=Ubuntu
DISTRIB_RELEASE=18.04
DISTRIB_CODENAME=bionic
DISTRIB_DESCRIPTION="Ubuntu 18.04.3 LTS"

uname:Linux 5.3.0-26-generic #28~18.04.1-Ubuntu SMP Wed Dec 18 16:40:14 UTC 2019 x86_64
libc:glibc 2.27 NPTL 2.27 
rlimit: STACK 8192k, CORE 0k, NPROC 127594, NOFILE 1048576, AS infinity
load average:6.15 6.49 4.44

/proc/meminfo:
MemTotal:       32713532 kB
MemFree:        26786276 kB
MemAvailable:   28057920 kB
Buffers:          228916 kB
Cached:          1874944 kB
SwapCached:            0 kB
Active:          4061532 kB
Inactive:        1133900 kB
Active(anon):    3276992 kB
Inactive(anon):   370088 kB
Active(file):     784540 kB
Inactive(file):   763812 kB
Unevictable:      184252 kB
Mlocked:             144 kB
SwapTotal:       2097148 kB
SwapFree:        2097148 kB
Dirty:               228 kB
Writeback:             0 kB
AnonPages:       3276104 kB
Mapped:           874132 kB
Shmem:            555516 kB
KReclaimable:     185260 kB
Slab:             279100 kB
SReclaimable:     185260 kB
SUnreclaim:        93840 kB
KernelStack:       20736 kB
PageTables:        65692 kB
NFS_Unstable:          0 kB
Bounce:                0 kB
WritebackTmp:          0 kB
CommitLimit:    18453912 kB
Committed_AS:   10951272 kB
VmallocTotal:   34359738367 kB
VmallocUsed:       64440 kB
VmallocChunk:          0 kB
Percpu:             5824 kB
HardwareCorrupted:     0 kB
AnonHugePages:         0 kB
ShmemHugePages:        0 kB
ShmemPmdMapped:        0 kB
CmaTotal:              0 kB
CmaFree:               0 kB
HugePages_Total:       0
HugePages_Free:        0
HugePages_Rsvd:        0
HugePages_Surp:        0
Hugepagesize:       2048 kB
Hugetlb:               0 kB
DirectMap4k:      383648 kB
DirectMap2M:     8880128 kB
DirectMap1G:    24117248 kB

container (cgroup) information:
container_type: cgroupv1
cpu_cpuset_cpus: 0-11
cpu_memory_nodes: 0
active_processor_count: 12
cpu_quota: -1
cpu_period: 100000
cpu_shares: -1
memory_limit_in_bytes: -1
memory_and_swap_limit_in_bytes: -2
memory_soft_limit_in_bytes: -1
memory_usage_in_bytes: 5508509696
memory_max_usage_in_bytes: 0


CPU:total 12 (initial active 12) (6 cores per cpu, 2 threads per core) family 6 model 158 stepping 10, cmov, cx8, fxsr, mmx, sse, sse2, sse3, ssse3, sse4.1, sse4.2, popcnt, avx, avx2, aes, clmul, erms, 3dnowpref, lzcnt, ht, tsc, tscinvbit, bmi1, bmi2, adx

/proc/cpuinfo:
processor	: 0
vendor_id	: GenuineIntel
cpu family	: 6
model		: 158
model name	: Intel(R) Core(TM) i7-8750H CPU @ 2.20GHz
stepping	: 10
microcode	: 0xca
cpu MHz		: 3900.708
cache size	: 9216 KB
physical id	: 0
siblings	: 12
core id		: 0
cpu cores	: 6
apicid		: 0
initial apicid	: 0
fpu		: yes
fpu_exception	: yes
cpuid level	: 22
wp		: yes
flags		: fpu vme de pse tsc msr pae mce cx8 apic sep mtrr pge mca cmov pat pse36 clflush dts acpi mmx fxsr sse sse2 ss ht tm pbe syscall nx pdpe1gb rdtscp lm constant_tsc art arch_perfmon pebs bts rep_good nopl xtopology nonstop_tsc cpuid aperfmperf pni pclmulqdq dtes64 monitor ds_cpl vmx est tm2 ssse3 sdbg fma cx16 xtpr pdcm pcid sse4_1 sse4_2 x2apic movbe popcnt tsc_deadline_timer aes xsave avx f16c rdrand lahf_lm abm 3dnowprefetch cpuid_fault epb invpcid_single pti ssbd ibrs ibpb stibp tpr_shadow vnmi flexpriority ept vpid ept_ad fsgsbase tsc_adjust bmi1 avx2 smep bmi2 erms invpcid mpx rdseed adx smap clflushopt intel_pt xsaveopt xsavec xgetbv1 xsaves dtherm ida arat pln pts hwp hwp_notify hwp_act_window hwp_epp md_clear flush_l1d
bugs		: cpu_meltdown spectre_v1 spectre_v2 spec_store_bypass l1tf mds swapgs itlb_multihit
bogomips	: 4399.99
clflush size	: 64
cache_alignment	: 64
address sizes	: 39 bits physical, 48 bits virtual
power management:

processor	: 1
vendor_id	: GenuineIntel
cpu family	: 6
model		: 158
model name	: Intel(R) Core(TM) i7-8750H CPU @ 2.20GHz
stepping	: 10
microcode	: 0xca
cpu MHz		: 3900.110
cache size	: 9216 KB
physical id	: 0
siblings	: 12
core id		: 1
cpu cores	: 6
apicid		: 2
initial apicid	: 2
fpu		: yes
fpu_exception	: yes
cpuid level	: 22
wp		: yes
flags		: fpu vme de pse tsc msr pae mce cx8 apic sep mtrr pge mca cmov pat pse36 clflush dts acpi mmx fxsr sse sse2 ss ht tm pbe syscall nx pdpe1gb rdtscp lm constant_tsc art arch_perfmon pebs bts rep_good nopl xtopology nonstop_tsc cpuid aperfmperf pni pclmulqdq dtes64 monitor ds_cpl vmx est tm2 ssse3 sdbg fma cx16 xtpr pdcm pcid sse4_1 sse4_2 x2apic movbe popcnt tsc_deadline_timer aes xsave avx f16c rdrand lahf_lm abm 3dnowprefetch cpuid_fault epb invpcid_single pti ssbd ibrs ibpb stibp tpr_shadow vnmi flexpriority ept vpid ept_ad fsgsbase tsc_adjust bmi1 avx2 smep bmi2 erms invpcid mpx rdseed adx smap clflushopt intel_pt xsaveopt xsavec xgetbv1 xsaves dtherm ida arat pln pts hwp hwp_notify hwp_act_window hwp_epp md_clear flush_l1d
bugs		: cpu_meltdown spectre_v1 spectre_v2 spec_store_bypass l1tf mds swapgs itlb_multihit
bogomips	: 4399.99
clflush size	: 64
cache_alignment	: 64
address sizes	: 39 bits physical, 48 bits virtual
power management:

processor	: 2
vendor_id	: GenuineIntel
cpu family	: 6
model		: 158
model name	: Intel(R) Core(TM) i7-8750H CPU @ 2.20GHz
stepping	: 10
microcode	: 0xca
cpu MHz		: 3900.029
cache size	: 9216 KB
physical id	: 0
siblings	: 12
core id		: 2
cpu cores	: 6
apicid		: 4
initial apicid	: 4
fpu		: yes
fpu_exception	: yes
cpuid level	: 22
wp		: yes
flags		: fpu vme de pse tsc msr pae mce cx8 apic sep mtrr pge mca cmov pat pse36 clflush dts acpi mmx fxsr sse sse2 ss ht tm pbe syscall nx pdpe1gb rdtscp lm constant_tsc art arch_perfmon pebs bts rep_good nopl xtopology nonstop_tsc cpuid aperfmperf pni pclmulqdq dtes64 monitor ds_cpl vmx est tm2 ssse3 sdbg fma cx16 xtpr pdcm pcid sse4_1 sse4_2 x2apic movbe popcnt tsc_deadline_timer aes xsave avx f16c rdrand lahf_lm abm 3dnowprefetch cpuid_fault epb invpcid_single pti ssbd ibrs ibpb stibp tpr_shadow vnmi flexpriority ept vpid ept_ad fsgsbase tsc_adjust bmi1 avx2 smep bmi2 erms invpcid mpx rdseed adx smap clflushopt intel_pt xsaveopt xsavec xgetbv1 xsaves dtherm ida arat pln pts hwp hwp_notify hwp_act_window hwp_epp md_clear flush_l1d
bugs		: cpu_meltdown spectre_v1 spectre_v2 spec_store_bypass l1tf mds swapgs itlb_multihit
bogomips	: 4399.99
clflush size	: 64
cache_alignment	: 64
address sizes	: 39 bits physical, 48 bits virtual
power management:

processor	: 3
vendor_id	: GenuineIntel
cpu family	: 6
model		: 158
model name	: Intel(R) Core(TM) i7-8750H CPU @ 2.20GHz
stepping	: 10
microcode	: 0xca
cpu MHz		: 3900.177
cache size	: 9216 KB
physical id	: 0
siblings	: 12
core id		: 3
cpu cores	: 6
apicid		: 6
initial apicid	: 6
fpu		: yes
fpu_exception	: yes
cpuid level	: 22
wp		: yes
flags		: fpu vme de pse tsc msr pae mce cx8 apic sep mtrr pge mca cmov pat pse36 clflush dts acpi mmx fxsr sse sse2 ss ht tm pbe syscall nx pdpe1gb rdtscp lm constant_tsc art arch_perfmon pebs bts rep_good nopl xtopology nonstop_tsc cpuid aperfmperf pni pclmulqdq dtes64 monitor ds_cpl vmx est tm2 ssse3 sdbg fma cx16 xtpr pdcm pcid sse4_1 sse4_2 x2apic movbe popcnt tsc_deadline_timer aes xsave avx f16c rdrand lahf_lm abm 3dnowprefetch cpuid_fault epb invpcid_single pti ssbd ibrs ibpb stibp tpr_shadow vnmi flexpriority ept vpid ept_ad fsgsbase tsc_adjust bmi1 avx2 smep bmi2 erms invpcid mpx rdseed adx smap clflushopt intel_pt xsaveopt xsavec xgetbv1 xsaves dtherm ida arat pln pts hwp hwp_notify hwp_act_window hwp_epp md_clear flush_l1d
bugs		: cpu_meltdown spectre_v1 spectre_v2 spec_store_bypass l1tf mds swapgs itlb_multihit
bogomips	: 4399.99
clflush size	: 64
cache_alignment	: 64
address sizes	: 39 bits physical, 48 bits virtual
power management:

processor	: 4
vendor_id	: GenuineIntel
cpu family	: 6
model		: 158
model name	: Intel(R) Core(TM) i7-8750H CPU @ 2.20GHz
stepping	: 10
microcode	: 0xca
cpu MHz		: 3900.417
cache size	: 9216 KB
physical id	: 0
siblings	: 12
core id		: 4
cpu cores	: 6
apicid		: 8
initial apicid	: 8
fpu		: yes
fpu_exception	: yes
cpuid level	: 22
wp		: yes
flags		: fpu vme de pse tsc msr pae mce cx8 apic sep mtrr pge mca cmov pat pse36 clflush dts acpi mmx fxsr sse sse2 ss ht tm pbe syscall nx pdpe1gb rdtscp lm constant_tsc art arch_perfmon pebs bts rep_good nopl xtopology nonstop_tsc cpuid aperfmperf pni pclmulqdq dtes64 monitor ds_cpl vmx est tm2 ssse3 sdbg fma cx16 xtpr pdcm pcid sse4_1 sse4_2 x2apic movbe popcnt tsc_deadline_timer aes xsave avx f16c rdrand lahf_lm abm 3dnowprefetch cpuid_fault epb invpcid_single pti ssbd ibrs ibpb stibp tpr_shadow vnmi flexpriority ept vpid ept_ad fsgsbase tsc_adjust bmi1 avx2 smep bmi2 erms invpcid mpx rdseed adx smap clflushopt intel_pt xsaveopt xsavec xgetbv1 xsaves dtherm ida arat pln pts hwp hwp_notify hwp_act_window hwp_epp md_clear flush_l1d
bugs		: cpu_meltdown spectre_v1 spectre_v2 spec_store_bypass l1tf mds swapgs itlb_multihit
bogomips	: 4399.99
clflush size	: 64
cache_alignment	: 64
address sizes	: 39 bits physical, 48 bits virtual
power management:

processor	: 5
vendor_id	: GenuineIntel
cpu family	: 6
model		: 158
model name	: Intel(R) Core(TM) i7-8750H CPU @ 2.20GHz
stepping	: 10
microcode	: 0xca
cpu MHz		: 3900.670
cache size	: 9216 KB
physical id	: 0
siblings	: 12
core id		: 5
cpu cores	: 6
apicid		: 10
initial apicid	: 10
fpu		: yes
fpu_exception	: yes
cpuid level	: 22
wp		: yes
flags		: fpu vme de pse tsc msr pae mce cx8 apic sep mtrr pge mca cmov pat pse36 clflush dts acpi mmx fxsr sse sse2 ss ht tm pbe syscall nx pdpe1gb rdtscp lm constant_tsc art arch_perfmon pebs bts rep_good nopl xtopology nonstop_tsc cpuid aperfmperf pni pclmulqdq dtes64 monitor ds_cpl vmx est tm2 ssse3 sdbg fma cx16 xtpr pdcm pcid sse4_1 sse4_2 x2apic movbe popcnt tsc_deadline_timer aes xsave avx f16c rdrand lahf_lm abm 3dnowprefetch cpuid_fault epb invpcid_single pti ssbd ibrs ibpb stibp tpr_shadow vnmi flexpriority ept vpid ept_ad fsgsbase tsc_adjust bmi1 avx2 smep bmi2 erms invpcid mpx rdseed adx smap clflushopt intel_pt xsaveopt xsavec xgetbv1 xsaves dtherm ida arat pln pts hwp hwp_notify hwp_act_window hwp_epp md_clear flush_l1d
bugs		: cpu_meltdown spectre_v1 spectre_v2 spec_store_bypass l1tf mds swapgs itlb_multihit
bogomips	: 4399.99
clflush size	: 64
cache_alignment	: 64
address sizes	: 39 bits physical, 48 bits virtual
power management:

processor	: 6
vendor_id	: GenuineIntel
cpu family	: 6
model		: 158
model name	: Intel(R) Core(TM) i7-8750H CPU @ 2.20GHz
stepping	: 10
microcode	: 0xca
cpu MHz		: 3900.019
cache size	: 9216 KB
physical id	: 0
siblings	: 12
core id		: 0
cpu cores	: 6
apicid		: 1
initial apicid	: 1
fpu		: yes
fpu_exception	: yes
cpuid level	: 22
wp		: yes
flags		: fpu vme de pse tsc msr pae mce cx8 apic sep mtrr pge mca cmov pat pse36 clflush dts acpi mmx fxsr sse sse2 ss ht tm pbe syscall nx pdpe1gb rdtscp lm constant_tsc art arch_perfmon pebs bts rep_good nopl xtopology nonstop_tsc cpuid aperfmperf pni pclmulqdq dtes64 monitor ds_cpl vmx est tm2 ssse3 sdbg fma cx16 xtpr pdcm pcid sse4_1 sse4_2 x2apic movbe popcnt tsc_deadline_timer aes xsave avx f16c rdrand lahf_lm abm 3dnowprefetch cpuid_fault epb invpcid_single pti ssbd ibrs ibpb stibp tpr_shadow vnmi flexpriority ept vpid ept_ad fsgsbase tsc_adjust bmi1 avx2 smep bmi2 erms invpcid mpx rdseed adx smap clflushopt intel_pt xsaveopt xsavec xgetbv1 xsaves dtherm ida arat pln pts hwp hwp_notify hwp_act_window hwp_epp md_clear flush_l1d
bugs		: cpu_meltdown spectre_v1 spectre_v2 spec_store_bypass l1tf mds swapgs itlb_multihit
bogomips	: 4399.99
clflush size	: 64
cache_alignment	: 64
address sizes	: 39 bits physical, 48 bits virtual
power management:

processor	: 7
vendor_id	: GenuineIntel
cpu family	: 6
model		: 158
model name	: Intel(R) Core(TM) i7-8750H CPU @ 2.20GHz
stepping	: 10
microcode	: 0xca
cpu MHz		: 3900.234
cache size	: 9216 KB
physical id	: 0
siblings	: 12
core id		: 1
cpu cores	: 6
apicid		: 3
initial apicid	: 3
fpu		: yes
fpu_exception	: yes
cpuid level	: 22
wp		: yes
flags		: fpu vme de pse tsc msr pae mce cx8 apic sep mtrr pge mca cmov pat pse36 clflush dts acpi mmx fxsr sse sse2 ss ht tm pbe syscall nx pdpe1gb rdtscp lm constant_tsc art arch_perfmon pebs bts rep_good nopl xtopology nonstop_tsc cpuid aperfmperf pni pclmulqdq dtes64 monitor ds_cpl vmx est tm2 ssse3 sdbg fma cx16 xtpr pdcm pcid sse4_1 sse4_2 x2apic movbe popcnt tsc_deadline_timer aes xsave avx f16c rdrand lahf_lm abm 3dnowprefetch cpuid_fault epb invpcid_single pti ssbd ibrs ibpb stibp tpr_shadow vnmi flexpriority ept vpid ept_ad fsgsbase tsc_adjust bmi1 avx2 smep bmi2 erms invpcid mpx rdseed adx smap clflushopt intel_pt xsaveopt xsavec xgetbv1 xsaves dtherm ida arat pln pts hwp hwp_notify hwp_act_window hwp_epp md_clear flush_l1d
bugs		: cpu_meltdown spectre_v1 spectre_v2 spec_store_bypass l1tf mds swapgs itlb_multihit
bogomips	: 4399.99
clflush size	: 64
cache_alignment	: 64
address sizes	: 39 bits physical, 48 bits virtual
power management:

processor	: 8
vendor_id	: GenuineIntel
cpu family	: 6
model		: 158
model name	: Intel(R) Core(TM) i7-8750H CPU @ 2.20GHz
stepping	: 10
microcode	: 0xca
cpu MHz		: 3900.037
cache size	: 9216 KB
physical id	: 0
siblings	: 12
core id		: 2
cpu cores	: 6
apicid		: 5
initial apicid	: 5
fpu		: yes
fpu_exception	: yes
cpuid level	: 22
wp		: yes
flags		: fpu vme de pse tsc msr pae mce cx8 apic sep mtrr pge mca cmov pat pse36 clflush dts acpi mmx fxsr sse sse2 ss ht tm pbe syscall nx pdpe1gb rdtscp lm constant_tsc art arch_perfmon pebs bts rep_good nopl xtopology nonstop_tsc cpuid aperfmperf pni pclmulqdq dtes64 monitor ds_cpl vmx est tm2 ssse3 sdbg fma cx16 xtpr pdcm pcid sse4_1 sse4_2 x2apic movbe popcnt tsc_deadline_timer aes xsave avx f16c rdrand lahf_lm abm 3dnowprefetch cpuid_fault epb invpcid_single pti ssbd ibrs ibpb stibp tpr_shadow vnmi flexpriority ept vpid ept_ad fsgsbase tsc_adjust bmi1 avx2 smep bmi2 erms invpcid mpx rdseed adx smap clflushopt intel_pt xsaveopt xsavec xgetbv1 xsaves dtherm ida arat pln pts hwp hwp_notify hwp_act_window hwp_epp md_clear flush_l1d
bugs		: cpu_meltdown spectre_v1 spectre_v2 spec_store_bypass l1tf mds swapgs itlb_multihit
bogomips	: 4399.99
clflush size	: 64
cache_alignment	: 64
address sizes	: 39 bits physical, 48 bits virtual
power management:

processor	: 9
vendor_id	: GenuineIntel
cpu family	: 6
model		: 158
model name	: Intel(R) Core(TM) i7-8750H CPU @ 2.20GHz
stepping	: 10
microcode	: 0xca
cpu MHz		: 3900.033
cache size	: 9216 KB
physical id	: 0
siblings	: 12
core id		: 3
cpu cores	: 6
apicid		: 7
initial apicid	: 7
fpu		: yes
fpu_exception	: yes
cpuid level	: 22
wp		: yes
flags		: fpu vme de pse tsc msr pae mce cx8 apic sep mtrr pge mca cmov pat pse36 clflush dts acpi mmx fxsr sse sse2 ss ht tm pbe syscall nx pdpe1gb rdtscp lm constant_tsc art arch_perfmon pebs bts rep_good nopl xtopology nonstop_tsc cpuid aperfmperf pni pclmulqdq dtes64 monitor ds_cpl vmx est tm2 ssse3 sdbg fma cx16 xtpr pdcm pcid sse4_1 sse4_2 x2apic movbe popcnt tsc_deadline_timer aes xsave avx f16c rdrand lahf_lm abm 3dnowprefetch cpuid_fault epb invpcid_single pti ssbd ibrs ibpb stibp tpr_shadow vnmi flexpriority ept vpid ept_ad fsgsbase tsc_adjust bmi1 avx2 smep bmi2 erms invpcid mpx rdseed adx smap clflushopt intel_pt xsaveopt xsavec xgetbv1 xsaves dtherm ida arat pln pts hwp hwp_notify hwp_act_window hwp_epp md_clear flush_l1d
bugs		: cpu_meltdown spectre_v1 spectre_v2 spec_store_bypass l1tf mds swapgs itlb_multihit
bogomips	: 4399.99
clflush size	: 64
cache_alignment	: 64
address sizes	: 39 bits physical, 48 bits virtual
power management:

processor	: 10
vendor_id	: GenuineIntel
cpu family	: 6
model		: 158
model name	: Intel(R) Core(TM) i7-8750H CPU @ 2.20GHz
stepping	: 10
microcode	: 0xca
cpu MHz		: 3900.011
cache size	: 9216 KB
physical id	: 0
siblings	: 12
core id		: 4
cpu cores	: 6
apicid		: 9
initial apicid	: 9
fpu		: yes
fpu_exception	: yes
cpuid level	: 22
wp		: yes
flags		: fpu vme de pse tsc msr pae mce cx8 apic sep mtrr pge mca cmov pat pse36 clflush dts acpi mmx fxsr sse sse2 ss ht tm pbe syscall nx pdpe1gb rdtscp lm constant_tsc art arch_perfmon pebs bts rep_good nopl xtopology nonstop_tsc cpuid aperfmperf pni pclmulqdq dtes64 monitor ds_cpl vmx est tm2 ssse3 sdbg fma cx16 xtpr pdcm pcid sse4_1 sse4_2 x2apic movbe popcnt tsc_deadline_timer aes xsave avx f16c rdrand lahf_lm abm 3dnowprefetch cpuid_fault epb invpcid_single pti ssbd ibrs ibpb stibp tpr_shadow vnmi flexpriority ept vpid ept_ad fsgsbase tsc_adjust bmi1 avx2 smep bmi2 erms invpcid mpx rdseed adx smap clflushopt intel_pt xsaveopt xsavec xgetbv1 xsaves dtherm ida arat pln pts hwp hwp_notify hwp_act_window hwp_epp md_clear flush_l1d
bugs		: cpu_meltdown spectre_v1 spectre_v2 spec_store_bypass l1tf mds swapgs itlb_multihit
bogomips	: 4399.99
clflush size	: 64
cache_alignment	: 64
address sizes	: 39 bits physical, 48 bits virtual
power management:

processor	: 11
vendor_id	: GenuineIntel
cpu family	: 6
model		: 158
model name	: Intel(R) Core(TM) i7-8750H CPU @ 2.20GHz
stepping	: 10
microcode	: 0xca
cpu MHz		: 3900.103
cache size	: 9216 KB
physical id	: 0
siblings	: 12
core id		: 5
cpu cores	: 6
apicid		: 11
initial apicid	: 11
fpu		: yes
fpu_exception	: yes
cpuid level	: 22
wp		: yes
flags		: fpu vme de pse tsc msr pae mce cx8 apic sep mtrr pge mca cmov pat pse36 clflush dts acpi mmx fxsr sse sse2 ss ht tm pbe syscall nx pdpe1gb rdtscp lm constant_tsc art arch_perfmon pebs bts rep_good nopl xtopology nonstop_tsc cpuid aperfmperf pni pclmulqdq dtes64 monitor ds_cpl vmx est tm2 ssse3 sdbg fma cx16 xtpr pdcm pcid sse4_1 sse4_2 x2apic movbe popcnt tsc_deadline_timer aes xsave avx f16c rdrand lahf_lm abm 3dnowprefetch cpuid_fault epb invpcid_single pti ssbd ibrs ibpb stibp tpr_shadow vnmi flexpriority ept vpid ept_ad fsgsbase tsc_adjust bmi1 avx2 smep bmi2 erms invpcid mpx rdseed adx smap clflushopt intel_pt xsaveopt xsavec xgetbv1 xsaves dtherm ida arat pln pts hwp hwp_notify hwp_act_window hwp_epp md_clear flush_l1d
bugs		: cpu_meltdown spectre_v1 spectre_v2 spec_store_bypass l1tf mds swapgs itlb_multihit
bogomips	: 4399.99
clflush size	: 64
cache_alignment	: 64
address sizes	: 39 bits physical, 48 bits virtual
power management:



Memory: 4k page, physical 32713532k(26786276k free), swap 2097148k(2097148k free)

vm_info: OpenJDK 64-Bit Server VM (25.232-b09) for linux-amd64 JRE (1.8.0_232-8u232-b09-0ubuntu1~18.04.1-b09), built on Oct 16 2019 20:38:15 by "buildd" with gcc 7.4.0

time: Sat Feb 15 12:08:15 2020
timezone: CST
elapsed time: 1 seconds (0d 0h 0m 1s)

