#
# A fatal error has been detected by the Java Runtime Environment:
#
#  SIGSEGV (0xb) at pc=0x00007ff20eee9fc0, pid=14040, tid=0x00007ff293c9f700
#
# JRE version: OpenJDK Runtime Environment (8.0_242-b08) (build 1.8.0_242-8u242-b08-0ubuntu3~18.04-b08)
# Java VM: OpenJDK 64-Bit Server VM (25.242-b08 mixed mode linux-amd64 compressed oops)
# Problematic frame:
# C  [libnvidia-glcore.so.440.31+0xf69fc0]
#
# Failed to write core dump. Core dumps have been disabled. To enable core dumping, try "ulimit -c unlimited" before starting Java again
#
# If you would like to submit a bug report, please visit:
#   http://bugreport.java.com/bugreport/crash.jsp
# The crash happened outside the Java Virtual Machine in native code.
# See problematic frame for where to report the bug.
#

---------------  T H R E A D  ---------------

Current thread (0x00007ff28c00b800):  JavaThread "main" [_thread_in_native, id=14046, stack(0x00007ff293ba0000,0x00007ff293ca0000)]

siginfo: si_signo: 11 (SIGSEGV), si_code: 1 (SEGV_MAPERR), si_addr: 0x0000000000000000

Registers:
RAX=0x00007ff28d0c5c38, RBX=0x00007ff28d0c5908, RCX=0x0000000000003a98, RDX=0x0000000000000008
RSP=0x00007ff293c9e228, RBP=0x00007ff28c679850, RSI=0x0000000000000000, RDI=0x00007ff20c170780
R8 =0x00007ff20c170780, R9 =0x0000000000003a98, R10=0x0000000000000000, R11=0x0000000000000000
R12=0x00007ff28d0c5f10, R13=0x00007ff28c6244c0, R14=0x00007ff28c6244b0, R15=0x00007ff20cd9244c
RIP=0x00007ff20eee9fc0, EFLAGS=0x0000000000010246, CSGSFS=0x002b000000000033, ERR=0x0000000000000004
  TRAPNO=0x000000000000000e

Top of Stack: (sp=0x00007ff293c9e228)
0x00007ff293c9e228:   00007ff20efbe7c3 00007ff28d0c5c68
0x00007ff293c9e238:   0000000000000004 0000000000000007
0x00007ff293c9e248:   00000000000c5c68 0000000000003a98
0x00007ff293c9e258:   000000004009e000 00007ff20c170780
0x00007ff293c9e268:   00007ff20eee9fb0 0000000105df3b60
0x00007ff293c9e278:   00007ff28d0c5908 0000000000000000
0x00007ff293c9e288:   00007ff20ea1d84e 00007ff28d026980
0x00007ff293c9e298:   000000070edf4c94 0000000100000001
0x00007ff293c9e2a8:   00007ff28d0c5c38 00007ff28c6806b0
0x00007ff293c9e2b8:   0000000000000001 0000000000003083
0x00007ff293c9e2c8:   10c0000000000000 0000000000003083
0x00007ff293c9e2d8:   10c0000000000000 0000002000000000
0x00007ff293c9e2e8:   0000000000000000 000000004009e000
0x00007ff293c9e2f8:   00007ff28d0c5f10 00007ff28c6244c0
0x00007ff293c9e308:   00007ff28c6244b0 00000000400f4bf0
0x00007ff293c9e318:   00007ff20efd03bc 00007ff293c9e3ec
0x00007ff293c9e328:   00007ff293c9e3e8 0000140500003083
0x00007ff293c9e338:   ffffffff000151a4 0000000400000000
0x00007ff293c9e348:   000000004009e210 00007ff28c679850
0x00007ff293c9e358:   00007ff20efec415 000000004009e001
0x00007ff293c9e368:   00007ff293c9f700 0000000000003083
0x00007ff293c9e378:   00c0000000000000 0000000093c9e400
0x00007ff293c9e388:   000000020edfb4de 0000000000000000
0x00007ff293c9e398:   0000000000c00000 00007ff28c6244c0
0x00007ff293c9e3a8:   0000000000000000 0000000000000000
0x00007ff293c9e3b8:   0000000000003083 000000004009e001
0x00007ff293c9e3c8:   00007ff293c9f700 0000000000003083
0x00007ff293c9e3d8:   00c0000000000000 0000000000003083
0x00007ff293c9e3e8:   0000000000003a98 00c0000000000000
0x00007ff293c9e3f8:   00007ff28c679850 00007ff28c6244c0
0x00007ff293c9e408:   00007ff28c6244b0 000000004009e000
0x00007ff293c9e418:   00007ff28d0c5908 0000000000000000 

Instructions: (pc=0x00007ff20eee9fc0)
0x00007ff20eee9fa0:   ef 8d 41 ff 48 8d 44 87 04 c3 90 90 90 90 90 90
0x00007ff20eee9fb0:   48 63 d2 49 89 f8 41 89 c9 0f 1f 80 00 00 00 00
0x00007ff20eee9fc0:   8b 06 41 89 00 8b 46 04 48 01 d6 41 89 40 04 49
0x00007ff20eee9fd0:   83 c0 08 41 ff c9 75 e8 8d 41 ff 48 8d 44 c7 08 

Register to memory mapping:

RAX=0x00007ff28d0c5c38 is an unknown value
RBX=0x00007ff28d0c5908 is an unknown value
RCX=0x0000000000003a98 is an unknown value
RDX=0x0000000000000008 is an unknown value
RSP=0x00007ff293c9e228 is pointing into the stack for thread: 0x00007ff28c00b800
RBP=0x00007ff28c679850 is an unknown value
RSI=0x0000000000000000 is an unknown value
RDI=0x00007ff20c170780 is an unknown value
R8 =0x00007ff20c170780 is an unknown value
R9 =0x0000000000003a98 is an unknown value
R10=0x0000000000000000 is an unknown value
R11=0x0000000000000000 is an unknown value
R12=0x00007ff28d0c5f10 is an unknown value
R13=0x00007ff28c6244c0 is an unknown value
R14=0x00007ff28c6244b0 is an unknown value
R15=0x00007ff20cd9244c is an unknown value


Stack: [0x00007ff293ba0000,0x00007ff293ca0000],  sp=0x00007ff293c9e228,  free space=1016k
Native frames: (J=compiled Java code, j=interpreted, Vv=VM code, C=native code)
C  [libnvidia-glcore.so.440.31+0xf69fc0]

Java frames: (J=compiled Java code, j=interpreted, Vv=VM code)
J 1062  org.lwjgl.opengl.GL11C.nglDrawElements(IIIJ)V (0 bytes) @ 0x00007ff27d43bc0a [0x00007ff27d43bbc0+0x4a]
J 1078 C2 org.lwjgl.opengl.GL11.glDrawElements(IIIJ)V (8 bytes) @ 0x00007ff27d4396f4 [0x00007ff27d4396e0+0x14]
j  rendering.BasicRenderer.render(Lmodels/Mesh;Ljava/util/List;)V+69
j  rendering.MasterRenderer.render()V+383
j  misc.Game.render()V+52
j  main.Main.main([Ljava/lang/String;)V+45
v  ~StubRoutines::call_stub

---------------  P R O C E S S  ---------------

Java Threads: ( => current thread )
  0x00007ff28c0d8000 JavaThread "Service Thread" daemon [_thread_blocked, id=14065, stack(0x00007ff24631e000,0x00007ff24641f000)]
  0x00007ff28c0cc800 JavaThread "C1 CompilerThread3" daemon [_thread_blocked, id=14064, stack(0x00007ff246420000,0x00007ff246520000)]
  0x00007ff28c0ca800 JavaThread "C2 CompilerThread2" daemon [_thread_blocked, id=14063, stack(0x00007ff246521000,0x00007ff246621000)]
  0x00007ff28c0c9000 JavaThread "C2 CompilerThread1" daemon [_thread_blocked, id=14062, stack(0x00007ff246622000,0x00007ff246722000)]
  0x00007ff28c0c6000 JavaThread "C2 CompilerThread0" daemon [_thread_in_native, id=14061, stack(0x00007ff246723000,0x00007ff246823000)]
  0x00007ff28c0c2000 JavaThread "Signal Dispatcher" daemon [_thread_blocked, id=14060, stack(0x00007ff246823000,0x00007ff246924000)]
  0x00007ff28c093800 JavaThread "Finalizer" daemon [_thread_blocked, id=14059, stack(0x00007ff2472f3000,0x00007ff2473f4000)]
  0x00007ff28c08f000 JavaThread "Reference Handler" daemon [_thread_blocked, id=14058, stack(0x00007ff2473f4000,0x00007ff2474f5000)]
=>0x00007ff28c00b800 JavaThread "main" [_thread_in_native, id=14046, stack(0x00007ff293ba0000,0x00007ff293ca0000)]

Other Threads:
  0x00007ff28c085800 VMThread [stack: 0x00007ff2474f6000,0x00007ff2475f6000] [id=14057]
  0x00007ff28c0da800 WatcherThread [stack: 0x00007ff24621e000,0x00007ff24631e000] [id=14066]

VM state:not at safepoint (normal execution)

VM Mutex/Monitor currently owned by a thread: None

heap address: 0x00000005ccc00000, size: 7988 MB, Compressed Oops mode: Zero based, Oop shift amount: 3
Narrow klass base: 0x0000000000000000, Narrow klass shift: 3
Compressed class space size: 1073741824 Address: 0x00000007c0000000

Heap:
 PSYoungGen      total 149504K, used 53717K [0x0000000719980000, 0x0000000724000000, 0x00000007c0000000)
  eden space 128512K, 37% used [0x0000000719980000,0x000000071c8fe648,0x0000000721700000)
  from space 20992K, 24% used [0x0000000721700000,0x0000000721bf6e40,0x0000000722b80000)
  to   space 20992K, 0% used [0x0000000722b80000,0x0000000722b80000,0x0000000724000000)
 ParOldGen       total 341504K, used 105K [0x00000005ccc00000, 0x00000005e1980000, 0x0000000719980000)
  object space 341504K, 0% used [0x00000005ccc00000,0x00000005ccc1a6e0,0x00000005e1980000)
 Metaspace       used 11394K, capacity 11603K, committed 11776K, reserved 1060864K
  class space    used 921K, capacity 1006K, committed 1024K, reserved 1048576K

Card table byte_map: [0x00007ff27c065000,0x00007ff27d000000] byte_map_base: 0x00007ff2791ff000

Marking Bits: (ParMarkBitMap*) 0x00007ff292e3a3e0
 Begin Bits: [0x00007ff24c660000, 0x00007ff254330000)
 End Bits:   [0x00007ff254330000, 0x00007ff25c000000)

Polling page: 0x00007ff293cbb000

CodeCache: size=245760Kb used=4423Kb max_used=4423Kb free=241336Kb
 bounds [0x00007ff27d000000, 0x00007ff27d460000, 0x00007ff28c000000]
 total_blobs=2014 nmethods=1094 adapters=835
 compilation: enabled

Compilation events (10 events):
Event: 2.120 Thread 0x00007ff28c0cc800 1094       3       models.Entity::updateListeners (44 bytes)
Event: 2.120 Thread 0x00007ff28c0cc800 nmethod 1094 0x00007ff27d44bf90 code [0x00007ff27d44c140, 0x00007ff27d44c718]
Event: 2.120 Thread 0x00007ff28c0cc800 1093       3       math.Transform::checkForUpdates (16 bytes)
Event: 2.120 Thread 0x00007ff28c0cc800 nmethod 1093 0x00007ff27d44bbd0 code [0x00007ff27d44bd40, 0x00007ff27d44bef0]
Event: 2.120 Thread 0x00007ff28c0cc800 1091       3       models.Entity::update (29 bytes)
Event: 2.121 Thread 0x00007ff28c0cc800 nmethod 1091 0x00007ff27d44b4d0 code [0x00007ff27d44b660, 0x00007ff27d44ba78]
Event: 2.121 Thread 0x00007ff28c0cc800 1092       3       models.Mesh::update (1 bytes)
Event: 2.121 Thread 0x00007ff28c0cc800 nmethod 1092 0x00007ff27d44b190 code [0x00007ff27d44b2e0, 0x00007ff27d44b430]
Event: 2.121 Thread 0x00007ff28c0cc800 1095       3       shaders.BasicShader::setTransformationMatrix (8 bytes)
Event: 2.122 Thread 0x00007ff28c0cc800 nmethod 1095 0x00007ff27d453bd0 code [0x00007ff27d453d80, 0x00007ff27d454268]

GC Heap History (6 events):
Event: 1.053 GC heap before
{Heap before GC invocations=1 (full 0):
 PSYoungGen      total 149504K, used 128512K [0x0000000719980000, 0x0000000724000000, 0x00000007c0000000)
  eden space 128512K, 100% used [0x0000000719980000,0x0000000721700000,0x0000000721700000)
  from space 20992K, 0% used [0x0000000722b80000,0x0000000722b80000,0x0000000724000000)
  to   space 20992K, 0% used [0x0000000721700000,0x0000000721700000,0x0000000722b80000)
 ParOldGen       total 341504K, used 0K [0x00000005ccc00000, 0x00000005e1980000, 0x0000000719980000)
  object space 341504K, 0% used [0x00000005ccc00000,0x00000005ccc00000,0x00000005e1980000)
 Metaspace       used 10776K, capacity 11057K, committed 11264K, reserved 1058816K
  class space    used 864K, capacity 973K, committed 1024K, reserved 1048576K
Event: 1.059 GC heap after
Heap after GC invocations=1 (full 0):
 PSYoungGen      total 149504K, used 9249K [0x0000000719980000, 0x0000000724000000, 0x00000007c0000000)
  eden space 128512K, 0% used [0x0000000719980000,0x0000000719980000,0x0000000721700000)
  from space 20992K, 44% used [0x0000000721700000,0x00000007220087d8,0x0000000722b80000)
  to   space 20992K, 0% used [0x0000000722b80000,0x0000000722b80000,0x0000000724000000)
 ParOldGen       total 341504K, used 72K [0x00000005ccc00000, 0x00000005e1980000, 0x0000000719980000)
  object space 341504K, 0% used [0x00000005ccc00000,0x00000005ccc12010,0x00000005e1980000)
 Metaspace       used 10776K, capacity 11057K, committed 11264K, reserved 1058816K
  class space    used 864K, capacity 973K, committed 1024K, reserved 1048576K
}
Event: 1.372 GC heap before
{Heap before GC invocations=2 (full 0):
 PSYoungGen      total 149504K, used 137029K [0x0000000719980000, 0x0000000724000000, 0x00000007c0000000)
  eden space 128512K, 99% used [0x0000000719980000,0x0000000721648e48,0x0000000721700000)
  from space 20992K, 44% used [0x0000000721700000,0x00000007220087d8,0x0000000722b80000)
  to   space 20992K, 0% used [0x0000000722b80000,0x0000000722b80000,0x0000000724000000)
 ParOldGen       total 341504K, used 72K [0x00000005ccc00000, 0x00000005e1980000, 0x0000000719980000)
  object space 341504K, 0% used [0x00000005ccc00000,0x00000005ccc12010,0x00000005e1980000)
 Metaspace       used 11000K, capacity 11217K, committed 11264K, reserved 1058816K
  class space    used 893K, capacity 1005K, committed 1024K, reserved 1048576K
Event: 1.375 GC heap after
Heap after GC invocations=2 (full 0):
 PSYoungGen      total 149504K, used 4938K [0x0000000719980000, 0x0000000724000000, 0x00000007c0000000)
  eden space 128512K, 0% used [0x0000000719980000,0x0000000719980000,0x0000000721700000)
  from space 20992K, 23% used [0x0000000722b80000,0x0000000723052820,0x0000000724000000)
  to   space 20992K, 0% used [0x0000000721700000,0x0000000721700000,0x0000000722b80000)
 ParOldGen       total 341504K, used 80K [0x00000005ccc00000, 0x00000005e1980000, 0x0000000719980000)
  object space 341504K, 0% used [0x00000005ccc00000,0x00000005ccc14010,0x00000005e1980000)
 Metaspace       used 11000K, capacity 11217K, committed 11264K, reserved 1058816K
  class space    used 893K, capacity 1005K, committed 1024K, reserved 1048576K
}
Event: 2.069 GC heap before
{Heap before GC invocations=3 (full 0):
 PSYoungGen      total 149504K, used 133450K [0x0000000719980000, 0x0000000724000000, 0x00000007c0000000)
  eden space 128512K, 100% used [0x0000000719980000,0x0000000721700000,0x0000000721700000)
  from space 20992K, 23% used [0x0000000722b80000,0x0000000723052820,0x0000000724000000)
  to   space 20992K, 0% used [0x0000000721700000,0x0000000721700000,0x0000000722b80000)
 ParOldGen       total 341504K, used 80K [0x00000005ccc00000, 0x00000005e1980000, 0x0000000719980000)
  object space 341504K, 0% used [0x00000005ccc00000,0x00000005ccc14010,0x00000005e1980000)
 Metaspace       used 11339K, capacity 11539K, committed 11776K, reserved 1060864K
  class space    used 917K, capacity 1006K, committed 1024K, reserved 1048576K
Event: 2.072 GC heap after
Heap after GC invocations=3 (full 0):
 PSYoungGen      total 149504K, used 5083K [0x0000000719980000, 0x0000000724000000, 0x00000007c0000000)
  eden space 128512K, 0% used [0x0000000719980000,0x0000000719980000,0x0000000721700000)
  from space 20992K, 24% used [0x0000000721700000,0x0000000721bf6e40,0x0000000722b80000)
  to   space 20992K, 0% used [0x0000000722b80000,0x0000000722b80000,0x0000000724000000)
 ParOldGen       total 341504K, used 105K [0x00000005ccc00000, 0x00000005e1980000, 0x0000000719980000)
  object space 341504K, 0% used [0x00000005ccc00000,0x00000005ccc1a6e0,0x00000005e1980000)
 Metaspace       used 11339K, capacity 11539K, committed 11776K, reserved 1060864K
  class space    used 917K, capacity 1006K, committed 1024K, reserved 1048576K
}

Deoptimization events (10 events):
Event: 0.858 Thread 0x00007ff28c00b800 Uncommon trap: reason=class_check action=maybe_recompile pc=0x00007ff27d2e7cc8 method=sun.misc.FloatingDecimal.parseFloat(Ljava/lang/String;)F @ 4
Event: 0.889 Thread 0x00007ff28c00b800 Uncommon trap: reason=class_check action=maybe_recompile pc=0x00007ff27d2e7cc8 method=sun.misc.FloatingDecimal.parseFloat(Ljava/lang/String;)F @ 4
Event: 0.914 Thread 0x00007ff28c00b800 Uncommon trap: reason=class_check action=maybe_recompile pc=0x00007ff27d2e7cc8 method=sun.misc.FloatingDecimal.parseFloat(Ljava/lang/String;)F @ 4
Event: 0.914 Thread 0x00007ff28c00b800 Uncommon trap: reason=class_check action=maybe_recompile pc=0x00007ff27d2e7cc8 method=sun.misc.FloatingDecimal.parseFloat(Ljava/lang/String;)F @ 4
Event: 1.367 Thread 0x00007ff28c00b800 Uncommon trap: reason=unstable_if action=reinterpret pc=0x00007ff27d1b4300 method=java.lang.String.indexOf([CII[CIII)I @ 3
Event: 1.367 Thread 0x00007ff28c00b800 Uncommon trap: reason=class_check action=maybe_recompile pc=0x00007ff27d328e18 method=java.util.Arrays.copyOf([Ljava/lang/Object;ILjava/lang/Class;)[Ljava/lang/Object; @ 24
Event: 1.447 Thread 0x00007ff28c00b800 Uncommon trap: reason=unstable_if action=reinterpret pc=0x00007ff27d3cb978 method=sun.security.provider.NativePRNG$RandomIO.ensureBufferValid()V @ 57
Event: 1.583 Thread 0x00007ff28c00b800 Uncommon trap: reason=unstable_if action=reinterpret pc=0x00007ff27d3f30c4 method=terrain.TerrainMesh.getVertexNormals([F[I)[F @ 211
Event: 1.718 Thread 0x00007ff28c00b800 Uncommon trap: reason=predicate action=maybe_recompile pc=0x00007ff27d3e9fec method=java.util.ArrayList.indexOf(Ljava/lang/Object;)I @ 44
Event: 1.718 Thread 0x00007ff28c00b800 Uncommon trap: reason=predicate action=maybe_recompile pc=0x00007ff27d3e9bf0 method=java.util.ArrayList.indexOf(Ljava/lang/Object;)I @ 44

Classes redefined (0 events):
No events

Internal exceptions (10 events):
Event: 0.187 Thread 0x00007ff28c00b800 Exception <a 'java/security/PrivilegedActionException'> (0x0000000719f85608) thrown at [/build/openjdk-8-58sEEn/openjdk-8-8u242-b08/src/hotspot/src/share/vm/prims/jvm.cpp, line 1502]
Event: 0.187 Thread 0x00007ff28c00b800 Exception <a 'java/security/PrivilegedActionException'> (0x0000000719f85818) thrown at [/build/openjdk-8-58sEEn/openjdk-8-8u242-b08/src/hotspot/src/share/vm/prims/jvm.cpp, line 1502]
Event: 0.187 Thread 0x00007ff28c00b800 Exception <a 'java/security/PrivilegedActionException'> (0x0000000719f878a0) thrown at [/build/openjdk-8-58sEEn/openjdk-8-8u242-b08/src/hotspot/src/share/vm/prims/jvm.cpp, line 1502]
Event: 0.187 Thread 0x00007ff28c00b800 Exception <a 'java/security/PrivilegedActionException'> (0x0000000719f87ab0) thrown at [/build/openjdk-8-58sEEn/openjdk-8-8u242-b08/src/hotspot/src/share/vm/prims/jvm.cpp, line 1502]
Event: 0.187 Thread 0x00007ff28c00b800 Exception <a 'java/security/PrivilegedActionException'> (0x0000000719f88588) thrown at [/build/openjdk-8-58sEEn/openjdk-8-8u242-b08/src/hotspot/src/share/vm/prims/jvm.cpp, line 1502]
Event: 0.187 Thread 0x00007ff28c00b800 Exception <a 'java/security/PrivilegedActionException'> (0x0000000719f88798) thrown at [/build/openjdk-8-58sEEn/openjdk-8-8u242-b08/src/hotspot/src/share/vm/prims/jvm.cpp, line 1502]
Event: 0.200 Thread 0x00007ff28c00b800 Exception <a 'sun/nio/fs/UnixException'> (0x0000000719fb58c0) thrown at [/build/openjdk-8-58sEEn/openjdk-8-8u242-b08/src/hotspot/src/share/vm/prims/jni.cpp, line 710]
Event: 0.206 Thread 0x00007ff28c00b800 Exception <a 'sun/nio/fs/UnixException'> (0x0000000719fc5e40) thrown at [/build/openjdk-8-58sEEn/openjdk-8-8u242-b08/src/hotspot/src/share/vm/prims/jni.cpp, line 710]
Event: 0.355 Thread 0x00007ff28c00b800 Exception <a 'sun/nio/fs/UnixException'> (0x000000071a135738) thrown at [/build/openjdk-8-58sEEn/openjdk-8-8u242-b08/src/hotspot/src/share/vm/prims/jni.cpp, line 710]
Event: 0.356 Thread 0x00007ff28c00b800 Exception <a 'sun/nio/fs/UnixException'> (0x000000071a13d7d0) thrown at [/build/openjdk-8-58sEEn/openjdk-8-8u242-b08/src/hotspot/src/share/vm/prims/jni.cpp, line 710]

Events (10 events):
Event: 2.087 loading class particles/Particle
Event: 2.087 loading class particles/Particle done
Event: 2.088 loading class particles/CircularEmission
Event: 2.088 loading class particles/CircularEmission done
Event: 2.088 loading class particles/ParticleMesh
Event: 2.088 loading class particles/ParticleMesh done
Event: 2.088 loading class org/lwjgl/opengl/GL33C
Event: 2.088 loading class org/lwjgl/opengl/GL33C done
Event: 2.108 loading class particles/ParticleMaster
Event: 2.108 loading class particles/ParticleMaster done


Dynamic libraries:
40071000-40073000 r-xs 00000000 103:02 15729197                          /tmp/.glw5FhEe (deleted)
4009e000-4014d000 rw-p 00000000 00:00 0 
5ccc00000-5e1980000 rw-p 00000000 00:00 0 
5e1980000-719980000 ---p 00000000 00:00 0 
719980000-724000000 rw-p 00000000 00:00 0 
724000000-7c0000000 ---p 00000000 00:00 0 
7c0000000-7c0100000 rw-p 00000000 00:00 0 
7c0100000-800000000 ---p 00000000 00:00 0 
556d4fc86000-556d4fc87000 r-xp 00000000 103:02 9833134                   /usr/lib/jvm/java-8-openjdk-amd64/jre/bin/java
556d4fe86000-556d4fe87000 r--p 00000000 103:02 9833134                   /usr/lib/jvm/java-8-openjdk-amd64/jre/bin/java
556d4fe87000-556d4fe88000 rw-p 00001000 103:02 9833134                   /usr/lib/jvm/java-8-openjdk-amd64/jre/bin/java
556d51dfd000-556d51e1e000 rw-p 00000000 00:00 0                          [heap]
7ff1c4000000-7ff1c6d27000 rw-p 00000000 00:00 0 
7ff1c6d27000-7ff1c8000000 ---p 00000000 00:00 0 
7ff1cc000000-7ff1cc021000 rw-p 00000000 00:00 0 
7ff1cc021000-7ff1d0000000 ---p 00000000 00:00 0 
7ff1d0000000-7ff1d0021000 rw-p 00000000 00:00 0 
7ff1d0021000-7ff1d4000000 ---p 00000000 00:00 0 
7ff1d4000000-7ff1d4021000 rw-p 00000000 00:00 0 
7ff1d4021000-7ff1d8000000 ---p 00000000 00:00 0 
7ff1d8000000-7ff1d8021000 rw-p 00000000 00:00 0 
7ff1d8021000-7ff1dc000000 ---p 00000000 00:00 0 
7ff1dc000000-7ff1dd563000 rw-p 00000000 00:00 0 
7ff1dd563000-7ff1e0000000 ---p 00000000 00:00 0 
7ff1e0000000-7ff1e0021000 rw-p 00000000 00:00 0 
7ff1e0021000-7ff1e4000000 ---p 00000000 00:00 0 
7ff1e6ffe000-7ff1e6fff000 ---p 00000000 00:00 0 
7ff1e6fff000-7ff1e77ff000 rw-p 00000000 00:00 0 
7ff1e77ff000-7ff1e7800000 ---p 00000000 00:00 0 
7ff1e7800000-7ff1e8000000 rw-p 00000000 00:00 0 
7ff1e8000000-7ff1e8021000 rw-p 00000000 00:00 0 
7ff1e8021000-7ff1ec000000 ---p 00000000 00:00 0 
7ff1ec000000-7ff1ec021000 rw-p 00000000 00:00 0 
7ff1ec021000-7ff1f0000000 ---p 00000000 00:00 0 
7ff1f0000000-7ff1f0021000 rw-p 00000000 00:00 0 
7ff1f0021000-7ff1f4000000 ---p 00000000 00:00 0 
7ff1f4000000-7ff1f4021000 rw-p 00000000 00:00 0 
7ff1f4021000-7ff1f8000000 ---p 00000000 00:00 0 
7ff1f8000000-7ff1f8021000 rw-p 00000000 00:00 0 
7ff1f8021000-7ff1fc000000 ---p 00000000 00:00 0 
7ff1fc000000-7ff1fc021000 rw-p 00000000 00:00 0 
7ff1fc021000-7ff200000000 ---p 00000000 00:00 0 
7ff2007f9000-7ff2007fa000 ---p 00000000 00:00 0 
7ff2007fa000-7ff200ffa000 rw-p 00000000 00:00 0 
7ff200ffa000-7ff200ffb000 ---p 00000000 00:00 0 
7ff200ffb000-7ff2017fb000 rw-p 00000000 00:00 0 
7ff2017fb000-7ff2017fc000 ---p 00000000 00:00 0 
7ff2017fc000-7ff201ffc000 rw-p 00000000 00:00 0 
7ff201ffc000-7ff201ffd000 ---p 00000000 00:00 0 
7ff201ffd000-7ff2027fd000 rw-p 00000000 00:00 0 
7ff2027fd000-7ff2027fe000 ---p 00000000 00:00 0 
7ff2027fe000-7ff202ffe000 rw-p 00000000 00:00 0 
7ff202ffe000-7ff202fff000 ---p 00000000 00:00 0 
7ff202fff000-7ff2037ff000 rw-p 00000000 00:00 0 
7ff2037ff000-7ff203800000 ---p 00000000 00:00 0 
7ff203800000-7ff204000000 rw-p 00000000 00:00 0 
7ff204000000-7ff207ed5000 rw-p 00000000 00:00 0 
7ff207ed5000-7ff208000000 ---p 00000000 00:00 0 
7ff2085c2000-7ff2085c3000 ---p 00000000 00:00 0 
7ff2085c3000-7ff208dc3000 rw-p 00000000 00:00 0 
7ff208dc3000-7ff208dc4000 ---p 00000000 00:00 0 
7ff208dc4000-7ff2095c4000 rw-p 00000000 00:00 0 
7ff2095c4000-7ff2099c4000 rw-s 00000000 00:06 552                        /dev/nvidiactl
7ff2099c4000-7ff20a9c5000 rw-p 00000000 00:00 0 
7ff20abc5000-7ff20abc6000 ---p 00000000 00:00 0 
7ff20abc6000-7ff20b3c6000 rw-p 00000000 00:00 0 
7ff20b7c6000-7ff20b846000 rw-p 00000000 00:00 0 
7ff20b846000-7ff20b9c6000 ---p 00000000 00:00 0 
7ff20b9c6000-7ff20bdc6000 rw-s 00000000 00:06 552                        /dev/nvidiactl
7ff20bdc6000-7ff20bfc6000 rw-s 00000000 00:06 552                        /dev/nvidiactl
7ff20bfc6000-7ff20c3c6000 rw-s 00000000 00:06 552                        /dev/nvidiactl
7ff20c5c6000-7ff20c9c7000 rw-p 00000000 00:00 0 
7ff20cbc8000-7ff20cdc8000 rw-s 00000000 00:06 552                        /dev/nvidiactl
7ff20cdc8000-7ff20cfc8000 rw-p 00000000 00:00 0 
7ff20cfc8000-7ff20d020000 r-xp 00000000 103:02 15729183                  /tmp/lwjglsam/3.2.3-build-13/liblwjgl_opengl.so
7ff20d020000-7ff20d21f000 ---p 00058000 103:02 15729183                  /tmp/lwjglsam/3.2.3-build-13/liblwjgl_opengl.so
7ff20d21f000-7ff20d220000 r--p 00057000 103:02 15729183                  /tmp/lwjglsam/3.2.3-build-13/liblwjgl_opengl.so
7ff20d220000-7ff20d221000 rw-p 00058000 103:02 15729183                  /tmp/lwjglsam/3.2.3-build-13/liblwjgl_opengl.so
7ff20d221000-7ff20d226000 r-xp 00000000 103:02 9839193                   /usr/lib/x86_64-linux-gnu/libxcb-sync.so.1.0.0
7ff20d226000-7ff20d426000 ---p 00005000 103:02 9839193                   /usr/lib/x86_64-linux-gnu/libxcb-sync.so.1.0.0
7ff20d426000-7ff20d427000 r--p 00005000 103:02 9839193                   /usr/lib/x86_64-linux-gnu/libxcb-sync.so.1.0.0
7ff20d427000-7ff20d428000 rw-p 00006000 103:02 9839193                   /usr/lib/x86_64-linux-gnu/libxcb-sync.so.1.0.0
7ff20d428000-7ff20d42a000 r-xp 00000000 103:02 9839185                   /usr/lib/x86_64-linux-gnu/libxcb-present.so.0.0.0
7ff20d42a000-7ff20d629000 ---p 00002000 103:02 9839185                   /usr/lib/x86_64-linux-gnu/libxcb-present.so.0.0.0
7ff20d629000-7ff20d62a000 r--p 00001000 103:02 9839185                   /usr/lib/x86_64-linux-gnu/libxcb-present.so.0.0.0
7ff20d62a000-7ff20d62b000 rw-p 00002000 103:02 9839185                   /usr/lib/x86_64-linux-gnu/libxcb-present.so.0.0.0
7ff20d62b000-7ff20d62e000 r-xp 00000000 103:02 9839181                   /usr/lib/x86_64-linux-gnu/libxcb-dri3.so.0.0.0
7ff20d62e000-7ff20d82d000 ---p 00003000 103:02 9839181                   /usr/lib/x86_64-linux-gnu/libxcb-dri3.so.0.0.0
7ff20d82d000-7ff20d82e000 r--p 00002000 103:02 9839181                   /usr/lib/x86_64-linux-gnu/libxcb-dri3.so.0.0.0
7ff20d82e000-7ff20d82f000 rw-p 00003000 103:02 9839181                   /usr/lib/x86_64-linux-gnu/libxcb-dri3.so.0.0.0
7ff20d82f000-7ff20d847000 r-xp 00000000 103:02 9839183                   /usr/lib/x86_64-linux-gnu/libxcb-glx.so.0.0.0
7ff20d847000-7ff20da47000 ---p 00018000 103:02 9839183                   /usr/lib/x86_64-linux-gnu/libxcb-glx.so.0.0.0
7ff20da47000-7ff20da49000 r--p 00018000 103:02 9839183                   /usr/lib/x86_64-linux-gnu/libxcb-glx.so.0.0.0
7ff20da49000-7ff20da4a000 rw-p 0001a000 103:02 9839183                   /usr/lib/x86_64-linux-gnu/libxcb-glx.so.0.0.0
7ff20da4a000-7ff20daca000 rw-s 00000000 00:06 552                        /dev/nvidiactl
7ff20dbca000-7ff20dbda000 r-xp 00000000 103:02 9835939                   /usr/lib/x86_64-linux-gnu/libdrm.so.2.4.0
7ff20dbda000-7ff20ddd9000 ---p 00010000 103:02 9835939                   /usr/lib/x86_64-linux-gnu/libdrm.so.2.4.0
7ff20ddd9000-7ff20ddda000 r--p 0000f000 103:02 9835939                   /usr/lib/x86_64-linux-gnu/libdrm.so.2.4.0
7ff20ddda000-7ff20dddb000 rw-p 00010000 103:02 9835939                   /usr/lib/x86_64-linux-gnu/libdrm.so.2.4.0
7ff20dddb000-7ff20df80000 rw-s 00000000 00:06 552                        /dev/nvidiactl
7ff20df80000-7ff20f25b000 r-xp 00000000 103:02 9840523                   /usr/lib/x86_64-linux-gnu/libnvidia-glcore.so.440.31
7ff20f25b000-7ff20f27c000 rwxp 012db000 103:02 9840523                   /usr/lib/x86_64-linux-gnu/libnvidia-glcore.so.440.31
7ff20f27c000-7ff20f78d000 r-xp 012fc000 103:02 9840523                   /usr/lib/x86_64-linux-gnu/libnvidia-glcore.so.440.31
7ff20f78d000-7ff20f98c000 ---p 0180d000 103:02 9840523                   /usr/lib/x86_64-linux-gnu/libnvidia-glcore.so.440.31
7ff20f98c000-7ff20fcd2000 rw-p 0180c000 103:02 9840523                   /usr/lib/x86_64-linux-gnu/libnvidia-glcore.so.440.31
7ff20fcd2000-7ff20fcee000 rw-p 00000000 00:00 0 
7ff20fcee000-7ff20fd97000 r-xp 00000000 103:02 9840520                   /usr/lib/x86_64-linux-gnu/libGLX_nvidia.so.440.31
7ff20fd97000-7ff20fdcc000 rwxp 000a9000 103:02 9840520                   /usr/lib/x86_64-linux-gnu/libGLX_nvidia.so.440.31
7ff20fdcc000-7ff20fddb000 r-xp 000de000 103:02 9840520                   /usr/lib/x86_64-linux-gnu/libGLX_nvidia.so.440.31
7ff20fddb000-7ff20ffda000 ---p 000ed000 103:02 9840520                   /usr/lib/x86_64-linux-gnu/libGLX_nvidia.so.440.31
7ff20ffda000-7ff20fffe000 rw-p 000ec000 103:02 9840520                   /usr/lib/x86_64-linux-gnu/libGLX_nvidia.so.440.31
7ff20fffe000-7ff210000000 rw-p 00000000 00:00 0 
7ff210000000-7ff210021000 rw-p 00000000 00:00 0 
7ff210021000-7ff214000000 ---p 00000000 00:00 0 
7ff21403d000-7ff21407d000 rw-s 00000000 08:01 16256540                   /home/sam/#16256540 (deleted)
7ff21407d000-7ff214080000 r-xp 00000000 103:02 9840527                   /usr/lib/x86_64-linux-gnu/libnvidia-tls.so.440.31
7ff214080000-7ff214280000 ---p 00003000 103:02 9840527                   /usr/lib/x86_64-linux-gnu/libnvidia-tls.so.440.31
7ff214280000-7ff214281000 rw-p 00003000 103:02 9840527                   /usr/lib/x86_64-linux-gnu/libnvidia-tls.so.440.31
7ff214281000-7ff2142c3000 r-xp 00000000 103:02 9837994                   /usr/lib/x86_64-linux-gnu/libGLdispatch.so.0.0.0
7ff2142c3000-7ff2142dc000 r-xp 00042000 103:02 9837994                   /usr/lib/x86_64-linux-gnu/libGLdispatch.so.0.0.0
7ff2142dc000-7ff2142ef000 r-xp 0005b000 103:02 9837994                   /usr/lib/x86_64-linux-gnu/libGLdispatch.so.0.0.0
7ff2142ef000-7ff2144ee000 ---p 0006e000 103:02 9837994                   /usr/lib/x86_64-linux-gnu/libGLdispatch.so.0.0.0
7ff2144ee000-7ff214516000 r--p 0006d000 103:02 9837994                   /usr/lib/x86_64-linux-gnu/libGLdispatch.so.0.0.0
7ff214516000-7ff214517000 rw-p 00095000 103:02 9837994                   /usr/lib/x86_64-linux-gnu/libGLdispatch.so.0.0.0
7ff214517000-7ff214537000 rw-p 00000000 00:00 0 
7ff214537000-7ff214547000 r-xp 00000000 103:02 9837992                   /usr/lib/x86_64-linux-gnu/libGLX.so.0.0.0
7ff214547000-7ff214746000 ---p 00010000 103:02 9837992                   /usr/lib/x86_64-linux-gnu/libGLX.so.0.0.0
7ff214746000-7ff214747000 r--p 0000f000 103:02 9837992                   /usr/lib/x86_64-linux-gnu/libGLX.so.0.0.0
7ff214747000-7ff214748000 rw-p 00010000 103:02 9837992                   /usr/lib/x86_64-linux-gnu/libGLX.so.0.0.0
7ff214748000-7ff214768000 rw-p 00000000 00:00 0 
7ff214768000-7ff2147ac000 r-xp 00000000 103:02 9837986                   /usr/lib/x86_64-linux-gnu/libGL.so.1.0.0
7ff2147ac000-7ff2147c5000 r-xp 00044000 103:02 9837986                   /usr/lib/x86_64-linux-gnu/libGL.so.1.0.0
7ff2147c5000-7ff2147d9000 r-xp 0005d000 103:02 9837986                   /usr/lib/x86_64-linux-gnu/libGL.so.1.0.0
7ff2147d9000-7ff2149d8000 ---p 00071000 103:02 9837986                   /usr/lib/x86_64-linux-gnu/libGL.so.1.0.0
7ff2149d8000-7ff2149f2000 r--p 00070000 103:02 9837986                   /usr/lib/x86_64-linux-gnu/libGL.so.1.0.0
7ff2149f2000-7ff2149f3000 rw-p 0008a000 103:02 9837986                   /usr/lib/x86_64-linux-gnu/libGL.so.1.0.0
7ff2149f3000-7ff2149f4000 rw-p 00000000 00:00 0 
7ff2149f4000-7ff2149f5000 r-xp 00000000 103:02 9840453                   /usr/lib/x86_64-linux-gnu/libX11-xcb.so.1.0.0
7ff2149f5000-7ff214bf4000 ---p 00001000 103:02 9840453                   /usr/lib/x86_64-linux-gnu/libX11-xcb.so.1.0.0
7ff214bf4000-7ff214bf5000 r--p 00000000 103:02 9840453                   /usr/lib/x86_64-linux-gnu/libX11-xcb.so.1.0.0
7ff214bf5000-7ff214bf6000 rw-p 00001000 103:02 9840453                   /usr/lib/x86_64-linux-gnu/libX11-xcb.so.1.0.0
7ff214bf6000-7ff214bf8000 r-xp 00000000 103:02 9838067                   /usr/lib/x86_64-linux-gnu/libXinerama.so.1.0.0
7ff214bf8000-7ff214df7000 ---p 00002000 103:02 9838067                   /usr/lib/x86_64-linux-gnu/libXinerama.so.1.0.0
7ff214df7000-7ff214df8000 r--p 00001000 103:02 9838067                   /usr/lib/x86_64-linux-gnu/libXinerama.so.1.0.0
7ff214df8000-7ff214df9000 rw-p 00002000 103:02 9838067                   /usr/lib/x86_64-linux-gnu/libXinerama.so.1.0.0
7ff214df9000-7ff214dfe000 r-xp 00000000 103:02 9838059                   /usr/lib/x86_64-linux-gnu/libXfixes.so.3.1.0
7ff214dfe000-7ff214ffd000 ---p 00005000 103:02 9838059                   /usr/lib/x86_64-linux-gnu/libXfixes.so.3.1.0
7ff214ffd000-7ff214ffe000 r--p 00004000 103:02 9838059                   /usr/lib/x86_64-linux-gnu/libXfixes.so.3.1.0
7ff214ffe000-7ff214fff000 rw-p 00005000 103:02 9838059                   /usr/lib/x86_64-linux-gnu/libXfixes.so.3.1.0
7ff214fff000-7ff218000000 rw-p 00000000 00:00 0 
7ff218000000-7ff2182b3000 rw-p 00000000 00:00 0 
7ff2182b3000-7ff21c000000 ---p 00000000 00:00 0 
7ff21c000000-7ff21c021000 rw-p 00000000 00:00 0 
7ff21c021000-7ff220000000 ---p 00000000 00:00 0 
7ff220000000-7ff22065c000 rw-p 00000000 00:00 0 
7ff22065c000-7ff224000000 ---p 00000000 00:00 0 
7ff224000000-7ff2246e8000 rw-p 00000000 00:00 0 
7ff2246e8000-7ff228000000 ---p 00000000 00:00 0 
7ff228000000-7ff228021000 rw-p 00000000 00:00 0 
7ff228021000-7ff22c000000 ---p 00000000 00:00 0 
7ff22c000000-7ff22ca33000 rw-p 00000000 00:00 0 
7ff22ca33000-7ff230000000 ---p 00000000 00:00 0 
7ff230000000-7ff230021000 rw-p 00000000 00:00 0 
7ff230021000-7ff234000000 ---p 00000000 00:00 0 
7ff234000000-7ff234021000 rw-p 00000000 00:00 0 
7ff234021000-7ff238000000 ---p 00000000 00:00 0 
7ff238000000-7ff238021000 rw-p 00000000 00:00 0 
7ff238021000-7ff23c000000 ---p 00000000 00:00 0 
7ff23c000000-7ff23c021000 rw-p 00000000 00:00 0 
7ff23c021000-7ff240000000 ---p 00000000 00:00 0 
7ff240000000-7ff240021000 rw-p 00000000 00:00 0 
7ff240021000-7ff244000000 ---p 00000000 00:00 0 
7ff244009000-7ff244049000 r-xs 00000000 08:01 16256540                   /home/sam/#16256540 (deleted)
7ff244049000-7ff24404d000 r-xp 00000000 00:00 0 
7ff24404d000-7ff244050000 rw-s 00000000 00:06 552                        /dev/nvidiactl
7ff244054000-7ff244094000 rw-s 00000000 00:06 552                        /dev/nvidiactl
7ff244094000-7ff2440b4000 rw-s 00000000 00:06 552                        /dev/nvidiactl
7ff2440b4000-7ff2440f4000 rw-s 00000000 00:06 552                        /dev/nvidiactl
7ff2440f4000-7ff244114000 rw-s 00000000 00:06 552                        /dev/nvidiactl
7ff244114000-7ff244154000 rw-s 00000000 00:06 552                        /dev/nvidiactl
7ff24416f000-7ff244174000 r--s 000a3000 103:02 9836054                   /usr/lib/jvm/java-8-openjdk-amd64/jre/lib/jsse.jar
7ff244174000-7ff24417d000 r-xp 00000000 103:02 9838051                   /usr/lib/x86_64-linux-gnu/libXcursor.so.1.0.2
7ff24417d000-7ff24437c000 ---p 00009000 103:02 9838051                   /usr/lib/x86_64-linux-gnu/libXcursor.so.1.0.2
7ff24437c000-7ff24437d000 r--p 00008000 103:02 9838051                   /usr/lib/x86_64-linux-gnu/libXcursor.so.1.0.2
7ff24437d000-7ff24437e000 rw-p 00009000 103:02 9838051                   /usr/lib/x86_64-linux-gnu/libXcursor.so.1.0.2
7ff24437e000-7ff244387000 r-xp 00000000 103:02 9838077                   /usr/lib/x86_64-linux-gnu/libXrender.so.1.3.0
7ff244387000-7ff244586000 ---p 00009000 103:02 9838077                   /usr/lib/x86_64-linux-gnu/libXrender.so.1.3.0
7ff244586000-7ff244587000 r--p 00008000 103:02 9838077                   /usr/lib/x86_64-linux-gnu/libXrender.so.1.3.0
7ff244587000-7ff244588000 rw-p 00009000 103:02 9838077                   /usr/lib/x86_64-linux-gnu/libXrender.so.1.3.0
7ff244588000-7ff244592000 r-xp 00000000 103:02 9838075                   /usr/lib/x86_64-linux-gnu/libXrandr.so.2.2.0
7ff244592000-7ff244791000 ---p 0000a000 103:02 9838075                   /usr/lib/x86_64-linux-gnu/libXrandr.so.2.2.0
7ff244791000-7ff244792000 r--p 00009000 103:02 9838075                   /usr/lib/x86_64-linux-gnu/libXrandr.so.2.2.0
7ff244792000-7ff244793000 rw-p 0000a000 103:02 9838075                   /usr/lib/x86_64-linux-gnu/libXrandr.so.2.2.0
7ff244793000-7ff2447a2000 r-xp 00000000 103:02 9838065                   /usr/lib/x86_64-linux-gnu/libXi.so.6.1.0
7ff2447a2000-7ff2449a1000 ---p 0000f000 103:02 9838065                   /usr/lib/x86_64-linux-gnu/libXi.so.6.1.0
7ff2449a1000-7ff2449a2000 r--p 0000e000 103:02 9838065                   /usr/lib/x86_64-linux-gnu/libXi.so.6.1.0
7ff2449a2000-7ff2449a3000 rw-p 0000f000 103:02 9838065                   /usr/lib/x86_64-linux-gnu/libXi.so.6.1.0
7ff2449a3000-7ff2449b4000 r-xp 00000000 103:02 9838057                   /usr/lib/x86_64-linux-gnu/libXext.so.6.4.0
7ff2449b4000-7ff244bb3000 ---p 00011000 103:02 9838057                   /usr/lib/x86_64-linux-gnu/libXext.so.6.4.0
7ff244bb3000-7ff244bb4000 r--p 00010000 103:02 9838057                   /usr/lib/x86_64-linux-gnu/libXext.so.6.4.0
7ff244bb4000-7ff244bb5000 rw-p 00011000 103:02 9838057                   /usr/lib/x86_64-linux-gnu/libXext.so.6.4.0
7ff244bb5000-7ff244bba000 r-xp 00000000 103:02 9838093                   /usr/lib/x86_64-linux-gnu/libXxf86vm.so.1.0.0
7ff244bba000-7ff244db9000 ---p 00005000 103:02 9838093                   /usr/lib/x86_64-linux-gnu/libXxf86vm.so.1.0.0
7ff244db9000-7ff244dba000 r--p 00004000 103:02 9838093                   /usr/lib/x86_64-linux-gnu/libXxf86vm.so.1.0.0
7ff244dba000-7ff244dbb000 rw-p 00005000 103:02 9838093                   /usr/lib/x86_64-linux-gnu/libXxf86vm.so.1.0.0
7ff244dbb000-7ff244dce000 r-xp 00000000 103:02 22937869                  /lib/x86_64-linux-gnu/libbsd.so.0.8.7
7ff244dce000-7ff244fcd000 ---p 00013000 103:02 22937869                  /lib/x86_64-linux-gnu/libbsd.so.0.8.7
7ff244fcd000-7ff244fce000 r--p 00012000 103:02 22937869                  /lib/x86_64-linux-gnu/libbsd.so.0.8.7
7ff244fce000-7ff244fcf000 rw-p 00013000 103:02 22937869                  /lib/x86_64-linux-gnu/libbsd.so.0.8.7
7ff244fcf000-7ff244fd0000 rw-p 00000000 00:00 0 
7ff244fd0000-7ff244fd5000 r-xp 00000000 103:02 9838055                   /usr/lib/x86_64-linux-gnu/libXdmcp.so.6.0.0
7ff244fd5000-7ff2451d4000 ---p 00005000 103:02 9838055                   /usr/lib/x86_64-linux-gnu/libXdmcp.so.6.0.0
7ff2451d4000-7ff2451d5000 r--p 00004000 103:02 9838055                   /usr/lib/x86_64-linux-gnu/libXdmcp.so.6.0.0
7ff2451d5000-7ff2451d6000 rw-p 00005000 103:02 9838055                   /usr/lib/x86_64-linux-gnu/libXdmcp.so.6.0.0
7ff2451d6000-7ff2451d8000 r-xp 00000000 103:02 9838044                   /usr/lib/x86_64-linux-gnu/libXau.so.6.0.0
7ff2451d8000-7ff2453d8000 ---p 00002000 103:02 9838044                   /usr/lib/x86_64-linux-gnu/libXau.so.6.0.0
7ff2453d8000-7ff2453d9000 r--p 00002000 103:02 9838044                   /usr/lib/x86_64-linux-gnu/libXau.so.6.0.0
7ff2453d9000-7ff2453da000 rw-p 00003000 103:02 9838044                   /usr/lib/x86_64-linux-gnu/libXau.so.6.0.0
7ff2453da000-7ff245400000 r-xp 00000000 103:02 9840409                   /usr/lib/x86_64-linux-gnu/libxcb.so.1.1.0
7ff245400000-7ff245600000 ---p 00026000 103:02 9840409                   /usr/lib/x86_64-linux-gnu/libxcb.so.1.1.0
7ff245600000-7ff245601000 r--p 00026000 103:02 9840409                   /usr/lib/x86_64-linux-gnu/libxcb.so.1.1.0
7ff245601000-7ff245602000 rw-p 00027000 103:02 9840409                   /usr/lib/x86_64-linux-gnu/libxcb.so.1.1.0
7ff245602000-7ff245735000 r-xp 00000000 103:02 9839217                   /usr/lib/x86_64-linux-gnu/libX11.so.6.3.0
7ff245735000-7ff245935000 ---p 00133000 103:02 9839217                   /usr/lib/x86_64-linux-gnu/libX11.so.6.3.0
7ff245935000-7ff245936000 r--p 00133000 103:02 9839217                   /usr/lib/x86_64-linux-gnu/libX11.so.6.3.0
7ff245936000-7ff24593a000 rw-p 00134000 103:02 9839217                   /usr/lib/x86_64-linux-gnu/libX11.so.6.3.0
7ff24593a000-7ff24597d000 r-xp 00000000 103:02 15729173                  /tmp/lwjglsam/3.2.3-build-13/libglfw.so
7ff24597d000-7ff245b7c000 ---p 00043000 103:02 15729173                  /tmp/lwjglsam/3.2.3-build-13/libglfw.so
7ff245b7c000-7ff245b7d000 r--p 00042000 103:02 15729173                  /tmp/lwjglsam/3.2.3-build-13/libglfw.so
7ff245b7d000-7ff245b7f000 rw-p 00043000 103:02 15729173                  /tmp/lwjglsam/3.2.3-build-13/libglfw.so
7ff245b7f000-7ff245ba0000 rw-p 00000000 00:00 0 
7ff245ba0000-7ff245bf1000 r-xp 00000000 103:02 15729172                  /tmp/lwjglsam/3.2.3-build-13/liblwjgl.so
7ff245bf1000-7ff245df0000 ---p 00051000 103:02 15729172                  /tmp/lwjglsam/3.2.3-build-13/liblwjgl.so
7ff245df0000-7ff245df1000 r--p 00050000 103:02 15729172                  /tmp/lwjglsam/3.2.3-build-13/liblwjgl.so
7ff245df1000-7ff245df2000 rw-p 00051000 103:02 15729172                  /tmp/lwjglsam/3.2.3-build-13/liblwjgl.so
7ff245df2000-7ff245e09000 r-xp 00000000 103:02 9836014                   /usr/lib/jvm/java-8-openjdk-amd64/jre/lib/amd64/libnet.so
7ff245e09000-7ff246008000 ---p 00017000 103:02 9836014                   /usr/lib/jvm/java-8-openjdk-amd64/jre/lib/amd64/libnet.so
7ff246008000-7ff246009000 r--p 00016000 103:02 9836014                   /usr/lib/jvm/java-8-openjdk-amd64/jre/lib/amd64/libnet.so
7ff246009000-7ff24600a000 rw-p 00017000 103:02 9836014                   /usr/lib/jvm/java-8-openjdk-amd64/jre/lib/amd64/libnet.so
7ff24600a000-7ff24601b000 r-xp 00000000 103:02 9836015                   /usr/lib/jvm/java-8-openjdk-amd64/jre/lib/amd64/libnio.so
7ff24601b000-7ff24621b000 ---p 00011000 103:02 9836015                   /usr/lib/jvm/java-8-openjdk-amd64/jre/lib/amd64/libnio.so
7ff24621b000-7ff24621c000 r--p 00011000 103:02 9836015                   /usr/lib/jvm/java-8-openjdk-amd64/jre/lib/amd64/libnio.so
7ff24621c000-7ff24621d000 rw-p 00012000 103:02 9836015                   /usr/lib/jvm/java-8-openjdk-amd64/jre/lib/amd64/libnio.so
7ff24621d000-7ff24621e000 ---p 00000000 00:00 0 
7ff24621e000-7ff24631e000 rw-p 00000000 00:00 0 
7ff24631e000-7ff246321000 ---p 00000000 00:00 0 
7ff246321000-7ff24641f000 rw-p 00000000 00:00 0 
7ff24641f000-7ff246420000 ---p 00000000 00:00 0 
7ff246420000-7ff246423000 ---p 00000000 00:00 0 
7ff246423000-7ff246520000 rw-p 00000000 00:00 0 
7ff246520000-7ff246521000 ---p 00000000 00:00 0 
7ff246521000-7ff246524000 ---p 00000000 00:00 0 
7ff246524000-7ff246621000 rw-p 00000000 00:00 0 
7ff246621000-7ff246622000 ---p 00000000 00:00 0 
7ff246622000-7ff246625000 ---p 00000000 00:00 0 
7ff246625000-7ff246722000 rw-p 00000000 00:00 0 
7ff246722000-7ff246723000 ---p 00000000 00:00 0 
7ff246723000-7ff246726000 ---p 00000000 00:00 0 
7ff246726000-7ff246823000 rw-p 00000000 00:00 0 
7ff246823000-7ff246826000 ---p 00000000 00:00 0 
7ff246826000-7ff246924000 rw-p 00000000 00:00 0 
7ff246924000-7ff2472f3000 r--p 00000000 103:02 9837060                   /usr/lib/locale/locale-archive
7ff2472f3000-7ff2472f6000 ---p 00000000 00:00 0 
7ff2472f6000-7ff2473f4000 rw-p 00000000 00:00 0 
7ff2473f4000-7ff2473f7000 ---p 00000000 00:00 0 
7ff2473f7000-7ff2474f5000 rw-p 00000000 00:00 0 
7ff2474f5000-7ff2474f6000 ---p 00000000 00:00 0 
7ff2474f6000-7ff248000000 rw-p 00000000 00:00 0 
7ff248000000-7ff248021000 rw-p 00000000 00:00 0 
7ff248021000-7ff24c000000 ---p 00000000 00:00 0 
7ff24c000000-7ff24c002000 rw-s 00000000 103:02 15729197                  /tmp/.glw5FhEe (deleted)
7ff24c002000-7ff24c015000 rw-s 00000000 00:06 552                        /dev/nvidiactl
7ff24c015000-7ff24c016000 rw-s 00000000 00:06 553                        /dev/nvidia0
7ff24c016000-7ff24c018000 rw-s 00000000 00:06 552                        /dev/nvidiactl
7ff24c018000-7ff24c01c000 rw-s 00000000 00:06 552                        /dev/nvidiactl
7ff24c01c000-7ff24c01d000 rw-s 00000000 00:06 553                        /dev/nvidia0
7ff24c01d000-7ff24c01e000 rw-s 00000000 00:06 553                        /dev/nvidia0
7ff24c01e000-7ff24c01f000 rw-s 00000000 00:06 553                        /dev/nvidia0
7ff24c01f000-7ff24c020000 rw-s 00000000 00:06 552                        /dev/nvidiactl
7ff24c020000-7ff24c021000 rw-s 00000000 00:06 552                        /dev/nvidiactl
7ff24c021000-7ff24c022000 rw-s 00000000 00:06 552                        /dev/nvidiactl
7ff24c022000-7ff24c029000 r--s 00000000 103:02 10095718                  /usr/lib/x86_64-linux-gnu/gconv/gconv-modules.cache
7ff24c029000-7ff24c03c000 r--s 00346000 103:02 9836058                   /usr/lib/jvm/java-8-openjdk-amd64/jre/lib/resources.jar
7ff24c03c000-7ff24c03d000 r--s 00002000 08:01 16253464                   /home/sam/Downloads/pngdecoder-1.0.jar
7ff24c03d000-7ff24c03e000 r--s 00022000 08:01 17960234                   /home/sam/Downloads/lwjgl-3.2.3/lwjgl-glfw/lwjgl-glfw-natives-linux-arm64.jar
7ff24c03e000-7ff24c03f000 r--s 00026000 08:01 17960235                   /home/sam/Downloads/lwjgl-3.2.3/lwjgl-glfw/lwjgl-glfw-natives-linux.jar
7ff24c03f000-7ff24c05a000 r--s 001d6000 103:02 9836038                   /usr/lib/jvm/java-8-openjdk-amd64/jre/lib/ext/nashorn.jar
7ff24c05a000-7ff25c000000 rw-p 00000000 00:00 0 
7ff25c000000-7ff25c021000 rw-p 00000000 00:00 0 
7ff25c021000-7ff260000000 ---p 00000000 00:00 0 
7ff260000000-7ff260021000 rw-p 00000000 00:00 0 
7ff260021000-7ff264000000 ---p 00000000 00:00 0 
7ff264000000-7ff264021000 rw-p 00000000 00:00 0 
7ff264021000-7ff268000000 ---p 00000000 00:00 0 
7ff268000000-7ff268021000 rw-p 00000000 00:00 0 
7ff268021000-7ff26c000000 ---p 00000000 00:00 0 
7ff26c000000-7ff26c021000 rw-p 00000000 00:00 0 
7ff26c021000-7ff270000000 ---p 00000000 00:00 0 
7ff270000000-7ff270021000 rw-p 00000000 00:00 0 
7ff270021000-7ff274000000 ---p 00000000 00:00 0 
7ff274000000-7ff274021000 rw-p 00000000 00:00 0 
7ff274021000-7ff278000000 ---p 00000000 00:00 0 
7ff278000000-7ff278003000 r--s 00018000 08:01 17960240                   /home/sam/Downloads/lwjgl-3.2.3/lwjgl-glfw/lwjgl-glfw.jar
7ff278003000-7ff278005000 r--s 0000d000 08:01 19795215                   /home/sam/Downloads/lwjgl-3.2.3/lwjgl-opengl/lwjgl-opengl-natives-linux-arm64.jar
7ff278005000-7ff278006000 r--s 00013000 08:01 19795216                   /home/sam/Downloads/lwjgl-3.2.3/lwjgl-opengl/lwjgl-opengl-natives-linux.jar
7ff278006000-7ff278011000 r--s 000da000 08:01 19795221                   /home/sam/Downloads/lwjgl-3.2.3/lwjgl-opengl/lwjgl-opengl.jar
7ff278011000-7ff2792ba000 rw-p 00000000 00:00 0 
7ff2792ba000-7ff27948a000 r--s 03c68000 103:02 9836059                   /usr/lib/jvm/java-8-openjdk-amd64/jre/lib/rt.jar
7ff27948a000-7ff27acf5000 rw-p 00000000 00:00 0 
7ff27acf5000-7ff27acf6000 ---p 00000000 00:00 0 
7ff27acf6000-7ff27adf6000 rw-p 00000000 00:00 0 
7ff27adf6000-7ff27adf7000 ---p 00000000 00:00 0 
7ff27adf7000-7ff27aef7000 rw-p 00000000 00:00 0 
7ff27aef7000-7ff27aef8000 ---p 00000000 00:00 0 
7ff27aef8000-7ff27aff8000 rw-p 00000000 00:00 0 
7ff27aff8000-7ff27aff9000 ---p 00000000 00:00 0 
7ff27aff9000-7ff27b0f9000 rw-p 00000000 00:00 0 
7ff27b0f9000-7ff27b0fa000 ---p 00000000 00:00 0 
7ff27b0fa000-7ff27b1fa000 rw-p 00000000 00:00 0 
7ff27b1fa000-7ff27b1fb000 ---p 00000000 00:00 0 
7ff27b1fb000-7ff27b2fb000 rw-p 00000000 00:00 0 
7ff27b2fb000-7ff27b2fc000 ---p 00000000 00:00 0 
7ff27b2fc000-7ff27b3fc000 rw-p 00000000 00:00 0 
7ff27b3fc000-7ff27b3fd000 ---p 00000000 00:00 0 
7ff27b3fd000-7ff27b4fd000 rw-p 00000000 00:00 0 
7ff27b4fd000-7ff27b4fe000 ---p 00000000 00:00 0 
7ff27b4fe000-7ff27b6a5000 rw-p 00000000 00:00 0 
7ff27b6a5000-7ff27c065000 ---p 00000000 00:00 0 
7ff27c065000-7ff27c10c000 rw-p 00000000 00:00 0 
7ff27c10c000-7ff27cacb000 ---p 00000000 00:00 0 
7ff27cacb000-7ff27cb1f000 rw-p 00000000 00:00 0 
7ff27cb1f000-7ff27cfff000 ---p 00000000 00:00 0 
7ff27cfff000-7ff27d000000 rw-p 00000000 00:00 0 
7ff27d000000-7ff27d460000 rwxp 00000000 00:00 0 
7ff27d460000-7ff28c000000 ---p 00000000 00:00 0 
7ff28c000000-7ff28fe9e000 rw-p 00000000 00:00 0 
7ff28fe9e000-7ff290000000 ---p 00000000 00:00 0 
7ff290000000-7ff290001000 r--s 0000c000 08:01 16517972                   /home/sam/Downloads/lwjgl-3.2.3/lwjgl/lwjgl-natives-linux-arm64.jar
7ff290001000-7ff290002000 r--s 00012000 08:01 16517973                   /home/sam/Downloads/lwjgl-3.2.3/lwjgl/lwjgl-natives-linux.jar
7ff290002000-7ff290009000 r--s 00081000 08:01 16518147                   /home/sam/Downloads/lwjgl-3.2.3/lwjgl/lwjgl.jar
7ff290009000-7ff29000e000 r--s 0003d000 103:02 9836040                   /usr/lib/jvm/java-8-openjdk-amd64/jre/lib/ext/sunjce_provider.jar
7ff29000e000-7ff290012000 r--s 0003a000 103:02 9836041                   /usr/lib/jvm/java-8-openjdk-amd64/jre/lib/ext/sunpkcs11.jar
7ff290012000-7ff290015000 r--s 0000f000 103:02 9836035                   /usr/lib/jvm/java-8-openjdk-amd64/jre/lib/ext/icedtea-sound.jar
7ff290015000-7ff290036000 rw-p 00000000 00:00 0 
7ff290036000-7ff290037000 ---p 00000000 00:00 0 
7ff290037000-7ff290149000 rw-p 00000000 00:00 0 
7ff290149000-7ff2904f7000 ---p 00000000 00:00 0 
7ff2904f7000-7ff2904ff000 r-xp 00000000 103:02 9836022                   /usr/lib/jvm/java-8-openjdk-amd64/jre/lib/amd64/libzip.so
7ff2904ff000-7ff2906fe000 ---p 00008000 103:02 9836022                   /usr/lib/jvm/java-8-openjdk-amd64/jre/lib/amd64/libzip.so
7ff2906fe000-7ff2906ff000 r--p 00007000 103:02 9836022                   /usr/lib/jvm/java-8-openjdk-amd64/jre/lib/amd64/libzip.so
7ff2906ff000-7ff290700000 rw-p 00008000 103:02 9836022                   /usr/lib/jvm/java-8-openjdk-amd64/jre/lib/amd64/libzip.so
7ff290700000-7ff29070b000 r-xp 00000000 103:02 22942476                  /lib/x86_64-linux-gnu/libnss_files-2.27.so
7ff29070b000-7ff29090a000 ---p 0000b000 103:02 22942476                  /lib/x86_64-linux-gnu/libnss_files-2.27.so
7ff29090a000-7ff29090b000 r--p 0000a000 103:02 22942476                  /lib/x86_64-linux-gnu/libnss_files-2.27.so
7ff29090b000-7ff29090c000 rw-p 0000b000 103:02 22942476                  /lib/x86_64-linux-gnu/libnss_files-2.27.so
7ff29090c000-7ff290912000 rw-p 00000000 00:00 0 
7ff290912000-7ff290929000 r-xp 00000000 103:02 22942470                  /lib/x86_64-linux-gnu/libnsl-2.27.so
7ff290929000-7ff290b28000 ---p 00017000 103:02 22942470                  /lib/x86_64-linux-gnu/libnsl-2.27.so
7ff290b28000-7ff290b29000 r--p 00016000 103:02 22942470                  /lib/x86_64-linux-gnu/libnsl-2.27.so
7ff290b29000-7ff290b2a000 rw-p 00017000 103:02 22942470                  /lib/x86_64-linux-gnu/libnsl-2.27.so
7ff290b2a000-7ff290b2c000 rw-p 00000000 00:00 0 
7ff290b2c000-7ff290b37000 r-xp 00000000 103:02 22942487                  /lib/x86_64-linux-gnu/libnss_nis-2.27.so
7ff290b37000-7ff290d36000 ---p 0000b000 103:02 22942487                  /lib/x86_64-linux-gnu/libnss_nis-2.27.so
7ff290d36000-7ff290d37000 r--p 0000a000 103:02 22942487                  /lib/x86_64-linux-gnu/libnss_nis-2.27.so
7ff290d37000-7ff290d38000 rw-p 0000b000 103:02 22942487                  /lib/x86_64-linux-gnu/libnss_nis-2.27.so
7ff290d38000-7ff290d40000 r-xp 00000000 103:02 22942472                  /lib/x86_64-linux-gnu/libnss_compat-2.27.so
7ff290d40000-7ff290f40000 ---p 00008000 103:02 22942472                  /lib/x86_64-linux-gnu/libnss_compat-2.27.so
7ff290f40000-7ff290f41000 r--p 00008000 103:02 22942472                  /lib/x86_64-linux-gnu/libnss_compat-2.27.so
7ff290f41000-7ff290f42000 rw-p 00009000 103:02 22942472                  /lib/x86_64-linux-gnu/libnss_compat-2.27.so
7ff290f42000-7ff290f6c000 r-xp 00000000 103:02 9836003                   /usr/lib/jvm/java-8-openjdk-amd64/jre/lib/amd64/libjava.so
7ff290f6c000-7ff29116b000 ---p 0002a000 103:02 9836003                   /usr/lib/jvm/java-8-openjdk-amd64/jre/lib/amd64/libjava.so
7ff29116b000-7ff29116c000 r--p 00029000 103:02 9836003                   /usr/lib/jvm/java-8-openjdk-amd64/jre/lib/amd64/libjava.so
7ff29116c000-7ff29116e000 rw-p 0002a000 103:02 9836003                   /usr/lib/jvm/java-8-openjdk-amd64/jre/lib/amd64/libjava.so
7ff29116e000-7ff29117e000 r-xp 00000000 103:02 9836021                   /usr/lib/jvm/java-8-openjdk-amd64/jre/lib/amd64/libverify.so
7ff29117e000-7ff29137d000 ---p 00010000 103:02 9836021                   /usr/lib/jvm/java-8-openjdk-amd64/jre/lib/amd64/libverify.so
7ff29137d000-7ff29137f000 r--p 0000f000 103:02 9836021                   /usr/lib/jvm/java-8-openjdk-amd64/jre/lib/amd64/libverify.so
7ff29137f000-7ff291380000 rw-p 00011000 103:02 9836021                   /usr/lib/jvm/java-8-openjdk-amd64/jre/lib/amd64/libverify.so
7ff291380000-7ff291387000 r-xp 00000000 103:02 22942527                  /lib/x86_64-linux-gnu/librt-2.27.so
7ff291387000-7ff291586000 ---p 00007000 103:02 22942527                  /lib/x86_64-linux-gnu/librt-2.27.so
7ff291586000-7ff291587000 r--p 00006000 103:02 22942527                  /lib/x86_64-linux-gnu/librt-2.27.so
7ff291587000-7ff291588000 rw-p 00007000 103:02 22942527                  /lib/x86_64-linux-gnu/librt-2.27.so
7ff291588000-7ff29159f000 r-xp 00000000 103:02 22937606                  /lib/x86_64-linux-gnu/libgcc_s.so.1
7ff29159f000-7ff29179e000 ---p 00017000 103:02 22937606                  /lib/x86_64-linux-gnu/libgcc_s.so.1
7ff29179e000-7ff29179f000 r--p 00016000 103:02 22937606                  /lib/x86_64-linux-gnu/libgcc_s.so.1
7ff29179f000-7ff2917a0000 rw-p 00017000 103:02 22937606                  /lib/x86_64-linux-gnu/libgcc_s.so.1
7ff2917a0000-7ff29193d000 r-xp 00000000 103:02 22942449                  /lib/x86_64-linux-gnu/libm-2.27.so
7ff29193d000-7ff291b3c000 ---p 0019d000 103:02 22942449                  /lib/x86_64-linux-gnu/libm-2.27.so
7ff291b3c000-7ff291b3d000 r--p 0019c000 103:02 22942449                  /lib/x86_64-linux-gnu/libm-2.27.so
7ff291b3d000-7ff291b3e000 rw-p 0019d000 103:02 22942449                  /lib/x86_64-linux-gnu/libm-2.27.so
7ff291b3e000-7ff291cb7000 r-xp 00000000 103:02 9830530                   /usr/lib/x86_64-linux-gnu/libstdc++.so.6.0.25
7ff291cb7000-7ff291eb7000 ---p 00179000 103:02 9830530                   /usr/lib/x86_64-linux-gnu/libstdc++.so.6.0.25
7ff291eb7000-7ff291ec1000 r--p 00179000 103:02 9830530                   /usr/lib/x86_64-linux-gnu/libstdc++.so.6.0.25
7ff291ec1000-7ff291ec3000 rw-p 00183000 103:02 9830530                   /usr/lib/x86_64-linux-gnu/libstdc++.so.6.0.25
7ff291ec3000-7ff291ec7000 rw-p 00000000 00:00 0 
7ff291ec7000-7ff292b6a000 r-xp 00000000 103:02 9836024                   /usr/lib/jvm/java-8-openjdk-amd64/jre/lib/amd64/server/libjvm.so
7ff292b6a000-7ff292d6a000 ---p 00ca3000 103:02 9836024                   /usr/lib/jvm/java-8-openjdk-amd64/jre/lib/amd64/server/libjvm.so
7ff292d6a000-7ff292dfe000 r--p 00ca3000 103:02 9836024                   /usr/lib/jvm/java-8-openjdk-amd64/jre/lib/amd64/server/libjvm.so
7ff292dfe000-7ff292e27000 rw-p 00d37000 103:02 9836024                   /usr/lib/jvm/java-8-openjdk-amd64/jre/lib/amd64/server/libjvm.so
7ff292e27000-7ff292e57000 rw-p 00000000 00:00 0 
7ff292e57000-7ff292e71000 r-xp 00000000 103:02 22942519                  /lib/x86_64-linux-gnu/libpthread-2.27.so
7ff292e71000-7ff293070000 ---p 0001a000 103:02 22942519                  /lib/x86_64-linux-gnu/libpthread-2.27.so
7ff293070000-7ff293071000 r--p 00019000 103:02 22942519                  /lib/x86_64-linux-gnu/libpthread-2.27.so
7ff293071000-7ff293072000 rw-p 0001a000 103:02 22942519                  /lib/x86_64-linux-gnu/libpthread-2.27.so
7ff293072000-7ff293076000 rw-p 00000000 00:00 0 
7ff293076000-7ff293079000 r-xp 00000000 103:02 22942409                  /lib/x86_64-linux-gnu/libdl-2.27.so
7ff293079000-7ff293278000 ---p 00003000 103:02 22942409                  /lib/x86_64-linux-gnu/libdl-2.27.so
7ff293278000-7ff293279000 r--p 00002000 103:02 22942409                  /lib/x86_64-linux-gnu/libdl-2.27.so
7ff293279000-7ff29327a000 rw-p 00003000 103:02 22942409                  /lib/x86_64-linux-gnu/libdl-2.27.so
7ff29327a000-7ff293296000 r-xp 00000000 103:02 22942558                  /lib/x86_64-linux-gnu/libz.so.1.2.11
7ff293296000-7ff293495000 ---p 0001c000 103:02 22942558                  /lib/x86_64-linux-gnu/libz.so.1.2.11
7ff293495000-7ff293496000 r--p 0001b000 103:02 22942558                  /lib/x86_64-linux-gnu/libz.so.1.2.11
7ff293496000-7ff293497000 rw-p 0001c000 103:02 22942558                  /lib/x86_64-linux-gnu/libz.so.1.2.11
7ff293497000-7ff29367e000 r-xp 00000000 103:02 22942386                  /lib/x86_64-linux-gnu/libc-2.27.so
7ff29367e000-7ff29387e000 ---p 001e7000 103:02 22942386                  /lib/x86_64-linux-gnu/libc-2.27.so
7ff29387e000-7ff293882000 r--p 001e7000 103:02 22942386                  /lib/x86_64-linux-gnu/libc-2.27.so
7ff293882000-7ff293884000 rw-p 001eb000 103:02 22942386                  /lib/x86_64-linux-gnu/libc-2.27.so
7ff293884000-7ff293888000 rw-p 00000000 00:00 0 
7ff293888000-7ff293896000 r-xp 00000000 103:02 9835989                   /usr/lib/jvm/java-8-openjdk-amd64/jre/lib/amd64/jli/libjli.so
7ff293896000-7ff293a95000 ---p 0000e000 103:02 9835989                   /usr/lib/jvm/java-8-openjdk-amd64/jre/lib/amd64/jli/libjli.so
7ff293a95000-7ff293a96000 r--p 0000d000 103:02 9835989                   /usr/lib/jvm/java-8-openjdk-amd64/jre/lib/amd64/jli/libjli.so
7ff293a96000-7ff293a97000 rw-p 0000e000 103:02 9835989                   /usr/lib/jvm/java-8-openjdk-amd64/jre/lib/amd64/jli/libjli.so
7ff293a97000-7ff293abe000 r-xp 00000000 103:02 22942358                  /lib/x86_64-linux-gnu/ld-2.27.so
7ff293abe000-7ff293abf000 r--s 0000a000 103:02 9836036                   /usr/lib/jvm/java-8-openjdk-amd64/jre/lib/ext/jaccess.jar
7ff293abf000-7ff293ada000 r--s 00394000 103:02 9836033                   /usr/lib/jvm/java-8-openjdk-amd64/jre/lib/ext/cldrdata.jar
7ff293ada000-7ff293b9f000 rw-p 00000000 00:00 0 
7ff293b9f000-7ff293ba0000 ---p 00000000 00:00 0 
7ff293ba0000-7ff293ba3000 ---p 00000000 00:00 0 
7ff293ba3000-7ff293ca2000 rw-p 00000000 00:00 0 
7ff293ca2000-7ff293ca4000 r--s 00001000 103:02 9836034                   /usr/lib/jvm/java-8-openjdk-amd64/jre/lib/ext/dnsns.jar
7ff293ca4000-7ff293cae000 r--s 00116000 103:02 9836037                   /usr/lib/jvm/java-8-openjdk-amd64/jre/lib/ext/localedata.jar
7ff293cae000-7ff293cb0000 r--s 00007000 103:02 10224650                  /usr/share/java/java-atk-wrapper.jar
7ff293cb0000-7ff293cb1000 r--s 0000d000 103:02 9836039                   /usr/lib/jvm/java-8-openjdk-amd64/jre/lib/ext/sunec.jar
7ff293cb1000-7ff293cb2000 r--s 00010000 103:02 9836042                   /usr/lib/jvm/java-8-openjdk-amd64/jre/lib/ext/zipfs.jar
7ff293cb2000-7ff293cba000 rw-s 00000000 103:02 15729196                  /tmp/hsperfdata_sam/14040
7ff293cba000-7ff293cbb000 rw-p 00000000 00:00 0 
7ff293cbb000-7ff293cbc000 r--p 00000000 00:00 0 
7ff293cbc000-7ff293cbe000 rw-p 00000000 00:00 0 
7ff293cbe000-7ff293cbf000 r--p 00027000 103:02 22942358                  /lib/x86_64-linux-gnu/ld-2.27.so
7ff293cbf000-7ff293cc0000 rw-p 00028000 103:02 22942358                  /lib/x86_64-linux-gnu/ld-2.27.so
7ff293cc0000-7ff293cc1000 rw-p 00000000 00:00 0 
7fffc35df000-7fffc3600000 rw-p 00000000 00:00 0                          [stack]
7fffc3690000-7fffc3693000 r--p 00000000 00:00 0                          [vvar]
7fffc3693000-7fffc3694000 r-xp 00000000 00:00 0                          [vdso]
ffffffffff600000-ffffffffff601000 --xp 00000000 00:00 0                  [vsyscall]

VM Arguments:
jvm_args: -Dfile.encoding=UTF-8 
java_command: main.Main
java_class_path (initial): /home/sam/Downloads/lwjgl-3.2.3/lwjgl/lwjgl.jar:/home/sam/Downloads/lwjgl-3.2.3/lwjgl/lwjgl-natives-linux.jar:/home/sam/Downloads/lwjgl-3.2.3/lwjgl/lwjgl-natives-linux-arm64.jar:/home/sam/Downloads/lwjgl-3.2.3/lwjgl-opengl/lwjgl-opengl.jar:/home/sam/Downloads/lwjgl-3.2.3/lwjgl-opengl/lwjgl-opengl-natives-linux.jar:/home/sam/Downloads/lwjgl-3.2.3/lwjgl-opengl/lwjgl-opengl-natives-linux-arm64.jar:/home/sam/Downloads/lwjgl-3.2.3/lwjgl-glfw/lwjgl-glfw.jar:/home/sam/Downloads/lwjgl-3.2.3/lwjgl-glfw/lwjgl-glfw-natives-linux.jar:/home/sam/Downloads/lwjgl-3.2.3/lwjgl-glfw/lwjgl-glfw-natives-linux-arm64.jar:/home/sam/Downloads/pngdecoder-1.0.jar:/home/sam/eclipse/workspace/LWJGL-ENGINE/bin
Launcher Type: SUN_STANDARD

Environment Variables:
PATH=/usr/local/sbin:/usr/local/bin:/usr/sbin:/usr/bin:/sbin:/bin:/usr/games:/usr/local/games:/snap/bin
USERNAME=sam
SHELL=/bin/bash
DISPLAY=:0

Signal Handlers:
SIGSEGV: [libjvm.so+0xabc3b0], sa_mask[0]=11111111011111111101111111111110, sa_flags=SA_RESTART|SA_SIGINFO
SIGBUS: [libjvm.so+0xabc3b0], sa_mask[0]=11111111011111111101111111111110, sa_flags=SA_RESTART|SA_SIGINFO
SIGFPE: [libjvm.so+0x8f0bb0], sa_mask[0]=11111111011111111101111111111110, sa_flags=SA_RESTART|SA_SIGINFO
SIGPIPE: [libjvm.so+0x8f0bb0], sa_mask[0]=11111111011111111101111111111110, sa_flags=SA_RESTART|SA_SIGINFO
SIGXFSZ: [libjvm.so+0x8f0bb0], sa_mask[0]=11111111011111111101111111111110, sa_flags=SA_RESTART|SA_SIGINFO
SIGILL: [libjvm.so+0x8f0bb0], sa_mask[0]=11111111011111111101111111111110, sa_flags=SA_RESTART|SA_SIGINFO
SIGUSR1: SIG_DFL, sa_mask[0]=00000000000000000000000000000000, sa_flags=none
SIGUSR2: [libjvm.so+0x8f0a60], sa_mask[0]=00100000000000000000000000000000, sa_flags=SA_RESTART|SA_SIGINFO
SIGHUP: [libjvm.so+0x8f10d0], sa_mask[0]=11111111011111111101111111111110, sa_flags=SA_RESTART|SA_SIGINFO
SIGINT: [libjvm.so+0x8f10d0], sa_mask[0]=11111111011111111101111111111110, sa_flags=SA_RESTART|SA_SIGINFO
SIGTERM: [libjvm.so+0x8f10d0], sa_mask[0]=11111111011111111101111111111110, sa_flags=SA_RESTART|SA_SIGINFO
SIGQUIT: [libjvm.so+0x8f10d0], sa_mask[0]=11111111011111111101111111111110, sa_flags=SA_RESTART|SA_SIGINFO


---------------  S Y S T E M  ---------------

OS:DISTRIB_ID=Ubuntu
DISTRIB_RELEASE=18.04
DISTRIB_CODENAME=bionic
DISTRIB_DESCRIPTION="Ubuntu 18.04.3 LTS"

uname:Linux 5.3.0-26-generic #28~18.04.1-Ubuntu SMP Wed Dec 18 16:40:14 UTC 2019 x86_64
libc:glibc 2.27 NPTL 2.27 
rlimit: STACK 8192k, CORE 0k, NPROC 127594, NOFILE 1048576, AS infinity
load average:16.41 4.58 2.03

/proc/meminfo:
MemTotal:       32713532 kB
MemFree:        24008696 kB
MemAvailable:   26959728 kB
Buffers:          158272 kB
Cached:          3936388 kB
SwapCached:            0 kB
Active:          5340072 kB
Inactive:        2484940 kB
Active(anon):    3916228 kB
Inactive(anon):   796500 kB
Active(file):    1423844 kB
Inactive(file):  1688440 kB
Unevictable:      183808 kB
Mlocked:             112 kB
SwapTotal:       2097148 kB
SwapFree:        2097148 kB
Dirty:               180 kB
Writeback:             0 kB
AnonPages:       3914608 kB
Mapped:          1324488 kB
Shmem:            982152 kB
KReclaimable:     308324 kB
Slab:             407728 kB
SReclaimable:     308324 kB
SUnreclaim:        99404 kB
KernelStack:       20464 kB
PageTables:        65868 kB
NFS_Unstable:          0 kB
Bounce:                0 kB
WritebackTmp:          0 kB
CommitLimit:    18453912 kB
Committed_AS:   12145004 kB
VmallocTotal:   34359738367 kB
VmallocUsed:       73312 kB
VmallocChunk:          0 kB
Percpu:             6144 kB
HardwareCorrupted:     0 kB
AnonHugePages:         0 kB
ShmemHugePages:        0 kB
ShmemPmdMapped:        0 kB
CmaTotal:              0 kB
CmaFree:               0 kB
HugePages_Total:       0
HugePages_Free:        0
HugePages_Rsvd:        0
HugePages_Surp:        0
Hugepagesize:       2048 kB
Hugetlb:               0 kB
DirectMap4k:      404128 kB
DirectMap2M:    12005376 kB
DirectMap1G:    20971520 kB

container (cgroup) information:
container_type: cgroupv1
cpu_cpuset_cpus: 0-11
cpu_memory_nodes: 0
active_processor_count: 12
cpu_quota: -1
cpu_period: 100000
cpu_shares: -1
memory_limit_in_bytes: -1
memory_and_swap_limit_in_bytes: -2
memory_soft_limit_in_bytes: -1
memory_usage_in_bytes: 8200830976
memory_max_usage_in_bytes: 0


CPU:total 12 (initial active 12) (6 cores per cpu, 2 threads per core) family 6 model 158 stepping 10, cmov, cx8, fxsr, mmx, sse, sse2, sse3, ssse3, sse4.1, sse4.2, popcnt, avx, avx2, aes, clmul, erms, 3dnowpref, lzcnt, ht, tsc, tscinvbit, bmi1, bmi2, adx

/proc/cpuinfo:
processor	: 0
vendor_id	: GenuineIntel
cpu family	: 6
model		: 158
model name	: Intel(R) Core(TM) i7-8750H CPU @ 2.20GHz
stepping	: 10
microcode	: 0xca
cpu MHz		: 2200.288
cache size	: 9216 KB
physical id	: 0
siblings	: 12
core id		: 0
cpu cores	: 6
apicid		: 0
initial apicid	: 0
fpu		: yes
fpu_exception	: yes
cpuid level	: 22
wp		: yes
flags		: fpu vme de pse tsc msr pae mce cx8 apic sep mtrr pge mca cmov pat pse36 clflush dts acpi mmx fxsr sse sse2 ss ht tm pbe syscall nx pdpe1gb rdtscp lm constant_tsc art arch_perfmon pebs bts rep_good nopl xtopology nonstop_tsc cpuid aperfmperf pni pclmulqdq dtes64 monitor ds_cpl vmx est tm2 ssse3 sdbg fma cx16 xtpr pdcm pcid sse4_1 sse4_2 x2apic movbe popcnt tsc_deadline_timer aes xsave avx f16c rdrand lahf_lm abm 3dnowprefetch cpuid_fault epb invpcid_single pti ssbd ibrs ibpb stibp tpr_shadow vnmi flexpriority ept vpid ept_ad fsgsbase tsc_adjust bmi1 avx2 smep bmi2 erms invpcid mpx rdseed adx smap clflushopt intel_pt xsaveopt xsavec xgetbv1 xsaves dtherm ida arat pln pts hwp hwp_notify hwp_act_window hwp_epp md_clear flush_l1d
bugs		: cpu_meltdown spectre_v1 spectre_v2 spec_store_bypass l1tf mds swapgs itlb_multihit
bogomips	: 4399.99
clflush size	: 64
cache_alignment	: 64
address sizes	: 39 bits physical, 48 bits virtual
power management:

processor	: 1
vendor_id	: GenuineIntel
cpu family	: 6
model		: 158
model name	: Intel(R) Core(TM) i7-8750H CPU @ 2.20GHz
stepping	: 10
microcode	: 0xca
cpu MHz		: 2200.323
cache size	: 9216 KB
physical id	: 0
siblings	: 12
core id		: 1
cpu cores	: 6
apicid		: 2
initial apicid	: 2
fpu		: yes
fpu_exception	: yes
cpuid level	: 22
wp		: yes
flags		: fpu vme de pse tsc msr pae mce cx8 apic sep mtrr pge mca cmov pat pse36 clflush dts acpi mmx fxsr sse sse2 ss ht tm pbe syscall nx pdpe1gb rdtscp lm constant_tsc art arch_perfmon pebs bts rep_good nopl xtopology nonstop_tsc cpuid aperfmperf pni pclmulqdq dtes64 monitor ds_cpl vmx est tm2 ssse3 sdbg fma cx16 xtpr pdcm pcid sse4_1 sse4_2 x2apic movbe popcnt tsc_deadline_timer aes xsave avx f16c rdrand lahf_lm abm 3dnowprefetch cpuid_fault epb invpcid_single pti ssbd ibrs ibpb stibp tpr_shadow vnmi flexpriority ept vpid ept_ad fsgsbase tsc_adjust bmi1 avx2 smep bmi2 erms invpcid mpx rdseed adx smap clflushopt intel_pt xsaveopt xsavec xgetbv1 xsaves dtherm ida arat pln pts hwp hwp_notify hwp_act_window hwp_epp md_clear flush_l1d
bugs		: cpu_meltdown spectre_v1 spectre_v2 spec_store_bypass l1tf mds swapgs itlb_multihit
bogomips	: 4399.99
clflush size	: 64
cache_alignment	: 64
address sizes	: 39 bits physical, 48 bits virtual
power management:

processor	: 2
vendor_id	: GenuineIntel
cpu family	: 6
model		: 158
model name	: Intel(R) Core(TM) i7-8750H CPU @ 2.20GHz
stepping	: 10
microcode	: 0xca
cpu MHz		: 2200.038
cache size	: 9216 KB
physical id	: 0
siblings	: 12
core id		: 2
cpu cores	: 6
apicid		: 4
initial apicid	: 4
fpu		: yes
fpu_exception	: yes
cpuid level	: 22
wp		: yes
flags		: fpu vme de pse tsc msr pae mce cx8 apic sep mtrr pge mca cmov pat pse36 clflush dts acpi mmx fxsr sse sse2 ss ht tm pbe syscall nx pdpe1gb rdtscp lm constant_tsc art arch_perfmon pebs bts rep_good nopl xtopology nonstop_tsc cpuid aperfmperf pni pclmulqdq dtes64 monitor ds_cpl vmx est tm2 ssse3 sdbg fma cx16 xtpr pdcm pcid sse4_1 sse4_2 x2apic movbe popcnt tsc_deadline_timer aes xsave avx f16c rdrand lahf_lm abm 3dnowprefetch cpuid_fault epb invpcid_single pti ssbd ibrs ibpb stibp tpr_shadow vnmi flexpriority ept vpid ept_ad fsgsbase tsc_adjust bmi1 avx2 smep bmi2 erms invpcid mpx rdseed adx smap clflushopt intel_pt xsaveopt xsavec xgetbv1 xsaves dtherm ida arat pln pts hwp hwp_notify hwp_act_window hwp_epp md_clear flush_l1d
bugs		: cpu_meltdown spectre_v1 spectre_v2 spec_store_bypass l1tf mds swapgs itlb_multihit
bogomips	: 4399.99
clflush size	: 64
cache_alignment	: 64
address sizes	: 39 bits physical, 48 bits virtual
power management:

processor	: 3
vendor_id	: GenuineIntel
cpu family	: 6
model		: 158
model name	: Intel(R) Core(TM) i7-8750H CPU @ 2.20GHz
stepping	: 10
microcode	: 0xca
cpu MHz		: 2201.107
cache size	: 9216 KB
physical id	: 0
siblings	: 12
core id		: 3
cpu cores	: 6
apicid		: 6
initial apicid	: 6
fpu		: yes
fpu_exception	: yes
cpuid level	: 22
wp		: yes
flags		: fpu vme de pse tsc msr pae mce cx8 apic sep mtrr pge mca cmov pat pse36 clflush dts acpi mmx fxsr sse sse2 ss ht tm pbe syscall nx pdpe1gb rdtscp lm constant_tsc art arch_perfmon pebs bts rep_good nopl xtopology nonstop_tsc cpuid aperfmperf pni pclmulqdq dtes64 monitor ds_cpl vmx est tm2 ssse3 sdbg fma cx16 xtpr pdcm pcid sse4_1 sse4_2 x2apic movbe popcnt tsc_deadline_timer aes xsave avx f16c rdrand lahf_lm abm 3dnowprefetch cpuid_fault epb invpcid_single pti ssbd ibrs ibpb stibp tpr_shadow vnmi flexpriority ept vpid ept_ad fsgsbase tsc_adjust bmi1 avx2 smep bmi2 erms invpcid mpx rdseed adx smap clflushopt intel_pt xsaveopt xsavec xgetbv1 xsaves dtherm ida arat pln pts hwp hwp_notify hwp_act_window hwp_epp md_clear flush_l1d
bugs		: cpu_meltdown spectre_v1 spectre_v2 spec_store_bypass l1tf mds swapgs itlb_multihit
bogomips	: 4399.99
clflush size	: 64
cache_alignment	: 64
address sizes	: 39 bits physical, 48 bits virtual
power management:

processor	: 4
vendor_id	: GenuineIntel
cpu family	: 6
model		: 158
model name	: Intel(R) Core(TM) i7-8750H CPU @ 2.20GHz
stepping	: 10
microcode	: 0xca
cpu MHz		: 2200.071
cache size	: 9216 KB
physical id	: 0
siblings	: 12
core id		: 4
cpu cores	: 6
apicid		: 8
initial apicid	: 8
fpu		: yes
fpu_exception	: yes
cpuid level	: 22
wp		: yes
flags		: fpu vme de pse tsc msr pae mce cx8 apic sep mtrr pge mca cmov pat pse36 clflush dts acpi mmx fxsr sse sse2 ss ht tm pbe syscall nx pdpe1gb rdtscp lm constant_tsc art arch_perfmon pebs bts rep_good nopl xtopology nonstop_tsc cpuid aperfmperf pni pclmulqdq dtes64 monitor ds_cpl vmx est tm2 ssse3 sdbg fma cx16 xtpr pdcm pcid sse4_1 sse4_2 x2apic movbe popcnt tsc_deadline_timer aes xsave avx f16c rdrand lahf_lm abm 3dnowprefetch cpuid_fault epb invpcid_single pti ssbd ibrs ibpb stibp tpr_shadow vnmi flexpriority ept vpid ept_ad fsgsbase tsc_adjust bmi1 avx2 smep bmi2 erms invpcid mpx rdseed adx smap clflushopt intel_pt xsaveopt xsavec xgetbv1 xsaves dtherm ida arat pln pts hwp hwp_notify hwp_act_window hwp_epp md_clear flush_l1d
bugs		: cpu_meltdown spectre_v1 spectre_v2 spec_store_bypass l1tf mds swapgs itlb_multihit
bogomips	: 4399.99
clflush size	: 64
cache_alignment	: 64
address sizes	: 39 bits physical, 48 bits virtual
power management:

processor	: 5
vendor_id	: GenuineIntel
cpu family	: 6
model		: 158
model name	: Intel(R) Core(TM) i7-8750H CPU @ 2.20GHz
stepping	: 10
microcode	: 0xca
cpu MHz		: 2200.277
cache size	: 9216 KB
physical id	: 0
siblings	: 12
core id		: 5
cpu cores	: 6
apicid		: 10
initial apicid	: 10
fpu		: yes
fpu_exception	: yes
cpuid level	: 22
wp		: yes
flags		: fpu vme de pse tsc msr pae mce cx8 apic sep mtrr pge mca cmov pat pse36 clflush dts acpi mmx fxsr sse sse2 ss ht tm pbe syscall nx pdpe1gb rdtscp lm constant_tsc art arch_perfmon pebs bts rep_good nopl xtopology nonstop_tsc cpuid aperfmperf pni pclmulqdq dtes64 monitor ds_cpl vmx est tm2 ssse3 sdbg fma cx16 xtpr pdcm pcid sse4_1 sse4_2 x2apic movbe popcnt tsc_deadline_timer aes xsave avx f16c rdrand lahf_lm abm 3dnowprefetch cpuid_fault epb invpcid_single pti ssbd ibrs ibpb stibp tpr_shadow vnmi flexpriority ept vpid ept_ad fsgsbase tsc_adjust bmi1 avx2 smep bmi2 erms invpcid mpx rdseed adx smap clflushopt intel_pt xsaveopt xsavec xgetbv1 xsaves dtherm ida arat pln pts hwp hwp_notify hwp_act_window hwp_epp md_clear flush_l1d
bugs		: cpu_meltdown spectre_v1 spectre_v2 spec_store_bypass l1tf mds swapgs itlb_multihit
bogomips	: 4399.99
clflush size	: 64
cache_alignment	: 64
address sizes	: 39 bits physical, 48 bits virtual
power management:

processor	: 6
vendor_id	: GenuineIntel
cpu family	: 6
model		: 158
model name	: Intel(R) Core(TM) i7-8750H CPU @ 2.20GHz
stepping	: 10
microcode	: 0xca
cpu MHz		: 2200.020
cache size	: 9216 KB
physical id	: 0
siblings	: 12
core id		: 0
cpu cores	: 6
apicid		: 1
initial apicid	: 1
fpu		: yes
fpu_exception	: yes
cpuid level	: 22
wp		: yes
flags		: fpu vme de pse tsc msr pae mce cx8 apic sep mtrr pge mca cmov pat pse36 clflush dts acpi mmx fxsr sse sse2 ss ht tm pbe syscall nx pdpe1gb rdtscp lm constant_tsc art arch_perfmon pebs bts rep_good nopl xtopology nonstop_tsc cpuid aperfmperf pni pclmulqdq dtes64 monitor ds_cpl vmx est tm2 ssse3 sdbg fma cx16 xtpr pdcm pcid sse4_1 sse4_2 x2apic movbe popcnt tsc_deadline_timer aes xsave avx f16c rdrand lahf_lm abm 3dnowprefetch cpuid_fault epb invpcid_single pti ssbd ibrs ibpb stibp tpr_shadow vnmi flexpriority ept vpid ept_ad fsgsbase tsc_adjust bmi1 avx2 smep bmi2 erms invpcid mpx rdseed adx smap clflushopt intel_pt xsaveopt xsavec xgetbv1 xsaves dtherm ida arat pln pts hwp hwp_notify hwp_act_window hwp_epp md_clear flush_l1d
bugs		: cpu_meltdown spectre_v1 spectre_v2 spec_store_bypass l1tf mds swapgs itlb_multihit
bogomips	: 4399.99
clflush size	: 64
cache_alignment	: 64
address sizes	: 39 bits physical, 48 bits virtual
power management:

processor	: 7
vendor_id	: GenuineIntel
cpu family	: 6
model		: 158
model name	: Intel(R) Core(TM) i7-8750H CPU @ 2.20GHz
stepping	: 10
microcode	: 0xca
cpu MHz		: 2200.326
cache size	: 9216 KB
physical id	: 0
siblings	: 12
core id		: 1
cpu cores	: 6
apicid		: 3
initial apicid	: 3
fpu		: yes
fpu_exception	: yes
cpuid level	: 22
wp		: yes
flags		: fpu vme de pse tsc msr pae mce cx8 apic sep mtrr pge mca cmov pat pse36 clflush dts acpi mmx fxsr sse sse2 ss ht tm pbe syscall nx pdpe1gb rdtscp lm constant_tsc art arch_perfmon pebs bts rep_good nopl xtopology nonstop_tsc cpuid aperfmperf pni pclmulqdq dtes64 monitor ds_cpl vmx est tm2 ssse3 sdbg fma cx16 xtpr pdcm pcid sse4_1 sse4_2 x2apic movbe popcnt tsc_deadline_timer aes xsave avx f16c rdrand lahf_lm abm 3dnowprefetch cpuid_fault epb invpcid_single pti ssbd ibrs ibpb stibp tpr_shadow vnmi flexpriority ept vpid ept_ad fsgsbase tsc_adjust bmi1 avx2 smep bmi2 erms invpcid mpx rdseed adx smap clflushopt intel_pt xsaveopt xsavec xgetbv1 xsaves dtherm ida arat pln pts hwp hwp_notify hwp_act_window hwp_epp md_clear flush_l1d
bugs		: cpu_meltdown spectre_v1 spectre_v2 spec_store_bypass l1tf mds swapgs itlb_multihit
bogomips	: 4399.99
clflush size	: 64
cache_alignment	: 64
address sizes	: 39 bits physical, 48 bits virtual
power management:

processor	: 8
vendor_id	: GenuineIntel
cpu family	: 6
model		: 158
model name	: Intel(R) Core(TM) i7-8750H CPU @ 2.20GHz
stepping	: 10
microcode	: 0xca
cpu MHz		: 2199.999
cache size	: 9216 KB
physical id	: 0
siblings	: 12
core id		: 2
cpu cores	: 6
apicid		: 5
initial apicid	: 5
fpu		: yes
fpu_exception	: yes
cpuid level	: 22
wp		: yes
flags		: fpu vme de pse tsc msr pae mce cx8 apic sep mtrr pge mca cmov pat pse36 clflush dts acpi mmx fxsr sse sse2 ss ht tm pbe syscall nx pdpe1gb rdtscp lm constant_tsc art arch_perfmon pebs bts rep_good nopl xtopology nonstop_tsc cpuid aperfmperf pni pclmulqdq dtes64 monitor ds_cpl vmx est tm2 ssse3 sdbg fma cx16 xtpr pdcm pcid sse4_1 sse4_2 x2apic movbe popcnt tsc_deadline_timer aes xsave avx f16c rdrand lahf_lm abm 3dnowprefetch cpuid_fault epb invpcid_single pti ssbd ibrs ibpb stibp tpr_shadow vnmi flexpriority ept vpid ept_ad fsgsbase tsc_adjust bmi1 avx2 smep bmi2 erms invpcid mpx rdseed adx smap clflushopt intel_pt xsaveopt xsavec xgetbv1 xsaves dtherm ida arat pln pts hwp hwp_notify hwp_act_window hwp_epp md_clear flush_l1d
bugs		: cpu_meltdown spectre_v1 spectre_v2 spec_store_bypass l1tf mds swapgs itlb_multihit
bogomips	: 4399.99
clflush size	: 64
cache_alignment	: 64
address sizes	: 39 bits physical, 48 bits virtual
power management:

processor	: 9
vendor_id	: GenuineIntel
cpu family	: 6
model		: 158
model name	: Intel(R) Core(TM) i7-8750H CPU @ 2.20GHz
stepping	: 10
microcode	: 0xca
cpu MHz		: 2200.235
cache size	: 9216 KB
physical id	: 0
siblings	: 12
core id		: 3
cpu cores	: 6
apicid		: 7
initial apicid	: 7
fpu		: yes
fpu_exception	: yes
cpuid level	: 22
wp		: yes
flags		: fpu vme de pse tsc msr pae mce cx8 apic sep mtrr pge mca cmov pat pse36 clflush dts acpi mmx fxsr sse sse2 ss ht tm pbe syscall nx pdpe1gb rdtscp lm constant_tsc art arch_perfmon pebs bts rep_good nopl xtopology nonstop_tsc cpuid aperfmperf pni pclmulqdq dtes64 monitor ds_cpl vmx est tm2 ssse3 sdbg fma cx16 xtpr pdcm pcid sse4_1 sse4_2 x2apic movbe popcnt tsc_deadline_timer aes xsave avx f16c rdrand lahf_lm abm 3dnowprefetch cpuid_fault epb invpcid_single pti ssbd ibrs ibpb stibp tpr_shadow vnmi flexpriority ept vpid ept_ad fsgsbase tsc_adjust bmi1 avx2 smep bmi2 erms invpcid mpx rdseed adx smap clflushopt intel_pt xsaveopt xsavec xgetbv1 xsaves dtherm ida arat pln pts hwp hwp_notify hwp_act_window hwp_epp md_clear flush_l1d
bugs		: cpu_meltdown spectre_v1 spectre_v2 spec_store_bypass l1tf mds swapgs itlb_multihit
bogomips	: 4399.99
clflush size	: 64
cache_alignment	: 64
address sizes	: 39 bits physical, 48 bits virtual
power management:

processor	: 10
vendor_id	: GenuineIntel
cpu family	: 6
model		: 158
model name	: Intel(R) Core(TM) i7-8750H CPU @ 2.20GHz
stepping	: 10
microcode	: 0xca
cpu MHz		: 2200.016
cache size	: 9216 KB
physical id	: 0
siblings	: 12
core id		: 4
cpu cores	: 6
apicid		: 9
initial apicid	: 9
fpu		: yes
fpu_exception	: yes
cpuid level	: 22
wp		: yes
flags		: fpu vme de pse tsc msr pae mce cx8 apic sep mtrr pge mca cmov pat pse36 clflush dts acpi mmx fxsr sse sse2 ss ht tm pbe syscall nx pdpe1gb rdtscp lm constant_tsc art arch_perfmon pebs bts rep_good nopl xtopology nonstop_tsc cpuid aperfmperf pni pclmulqdq dtes64 monitor ds_cpl vmx est tm2 ssse3 sdbg fma cx16 xtpr pdcm pcid sse4_1 sse4_2 x2apic movbe popcnt tsc_deadline_timer aes xsave avx f16c rdrand lahf_lm abm 3dnowprefetch cpuid_fault epb invpcid_single pti ssbd ibrs ibpb stibp tpr_shadow vnmi flexpriority ept vpid ept_ad fsgsbase tsc_adjust bmi1 avx2 smep bmi2 erms invpcid mpx rdseed adx smap clflushopt intel_pt xsaveopt xsavec xgetbv1 xsaves dtherm ida arat pln pts hwp hwp_notify hwp_act_window hwp_epp md_clear flush_l1d
bugs		: cpu_meltdown spectre_v1 spectre_v2 spec_store_bypass l1tf mds swapgs itlb_multihit
bogomips	: 4399.99
clflush size	: 64
cache_alignment	: 64
address sizes	: 39 bits physical, 48 bits virtual
power management:

processor	: 11
vendor_id	: GenuineIntel
cpu family	: 6
model		: 158
model name	: Intel(R) Core(TM) i7-8750H CPU @ 2.20GHz
stepping	: 10
microcode	: 0xca
cpu MHz		: 2200.118
cache size	: 9216 KB
physical id	: 0
siblings	: 12
core id		: 5
cpu cores	: 6
apicid		: 11
initial apicid	: 11
fpu		: yes
fpu_exception	: yes
cpuid level	: 22
wp		: yes
flags		: fpu vme de pse tsc msr pae mce cx8 apic sep mtrr pge mca cmov pat pse36 clflush dts acpi mmx fxsr sse sse2 ss ht tm pbe syscall nx pdpe1gb rdtscp lm constant_tsc art arch_perfmon pebs bts rep_good nopl xtopology nonstop_tsc cpuid aperfmperf pni pclmulqdq dtes64 monitor ds_cpl vmx est tm2 ssse3 sdbg fma cx16 xtpr pdcm pcid sse4_1 sse4_2 x2apic movbe popcnt tsc_deadline_timer aes xsave avx f16c rdrand lahf_lm abm 3dnowprefetch cpuid_fault epb invpcid_single pti ssbd ibrs ibpb stibp tpr_shadow vnmi flexpriority ept vpid ept_ad fsgsbase tsc_adjust bmi1 avx2 smep bmi2 erms invpcid mpx rdseed adx smap clflushopt intel_pt xsaveopt xsavec xgetbv1 xsaves dtherm ida arat pln pts hwp hwp_notify hwp_act_window hwp_epp md_clear flush_l1d
bugs		: cpu_meltdown spectre_v1 spectre_v2 spec_store_bypass l1tf mds swapgs itlb_multihit
bogomips	: 4399.99
clflush size	: 64
cache_alignment	: 64
address sizes	: 39 bits physical, 48 bits virtual
power management:



Memory: 4k page, physical 32713532k(24008696k free), swap 2097148k(2097148k free)

vm_info: OpenJDK 64-Bit Server VM (25.242-b08) for linux-amd64 JRE (1.8.0_242-8u242-b08-0ubuntu3~18.04-b08), built on Jan 17 2020 23:41:21 by "buildd" with gcc 7.4.0

time: Sun Feb 16 17:44:58 2020
timezone: CST
elapsed time: 2 seconds (0d 0h 0m 2s)

