#
# A fatal error has been detected by the Java Runtime Environment:
#
#  SIGSEGV (0xb) at pc=0x00007f8c832d3699, pid=14760, tid=0x00007f8cd3fc0700
#
# JRE version: OpenJDK Runtime Environment (8.0_222-b10) (build 1.8.0_222-8u222-b10-1ubuntu1~18.04.1-b10)
# Java VM: OpenJDK 64-Bit Server VM (25.222-b10 mixed mode linux-amd64 compressed oops)
# Problematic frame:
# C  [libnvidia-glcore.so.440.31+0x1041699]
#
# Failed to write core dump. Core dumps have been disabled. To enable core dumping, try "ulimit -c unlimited" before starting Java again
#
# If you would like to submit a bug report, please visit:
#   http://bugreport.java.com/bugreport/crash.jsp
# The crash happened outside the Java Virtual Machine in native code.
# See problematic frame for where to report the bug.
#

---------------  T H R E A D  ---------------

Current thread (0x00007f8ccc00b800):  JavaThread "main" [_thread_in_native, id=14766, stack(0x00007f8cd3ec1000,0x00007f8cd3fc1000)]

siginfo: si_signo: 11 (SIGSEGV), si_code: 1 (SEGV_MAPERR), si_addr: 0x0000000000000000

Registers:
RAX=0x0000000000000000, RBX=0x0000000000000000, RCX=0x00007f8c88086c34, RDX=0x0000000000000000
RSP=0x00007f8cd3fbf420, RBP=0x0000000000000003, RSI=0x0000000000000003, RDI=0x00007f8c88086c34
R8 =0x0000000000000000, R9 =0x0000000000000000, R10=0x0000000000000030, R11=0x0000000000000004
R12=0x0000000000000003, R13=0x000000004126b000, R14=0x0000000000000000, R15=0x0000000000000682
RIP=0x00007f8c832d3699, EFLAGS=0x0000000000010202, CSGSFS=0x002b000000000033, ERR=0x0000000000000004
  TRAPNO=0x000000000000000e

Top of Stack: (sp=0x00007f8cd3fbf420)
0x00007f8cd3fbf420:   00007f8cd3fbf68c 00007f8cd3fbf4e0
0x00007f8cd3fbf430:   000000004126b000 00007f8cd3fbf4e0
0x00007f8cd3fbf440:   00007f8ccc492540 00007f8ccc492530
0x00007f8cd3fbf450:   000000004126b000 00007f8ccc903998
0x00007f8cd3fbf460:   0000000000000000 00007f8c832e34b8
0x00007f8cd3fbf470:   0000000000000000 0000000000000001
0x00007f8cd3fbf480:   0000000000000000 000c000000030006
0x00007f8cd3fbf490:   0000000000000006 00007f8cd3fbf4e0
0x00007f8cd3fbf4a0:   0000140551a2892d ffffffff00000006
0x00007f8cd3fbf4b0:   0000000400000000 00007f8ccc903fa0
0x00007f8cd3fbf4c0:   00007f8ccc677100 01007f8ccc940f30
0x00007f8cd3fbf4d0:   00007f8c00000001 00007f8cd3fc0700
0x00007f8cd3fbf4e0:   00007f8ccc906660 000000004126b000
0x00007f8cd3fbf4f0:   00000000412b5a80 00007f8c832a5159
0x00007f8cd3fbf500:   0000000000000000 00000000412d5cb0
0x00007f8cd3fbf510:   00000000412b5eb0 0000001000000000
0x00007f8cd3fbf520:   000000004126b210 00007f8ccc677100
0x00007f8cd3fbf530:   00007f8ccc402120 0000000000000000
0x00007f8cd3fbf540:   00007f8ccc677100 000000004126b218
0x00007f8cd3fbf550:   0000000000000001 00007f8cd3fc0700
0x00007f8cd3fbf560:   c90fdaa22168c000 0000000000003ffe
0x00007f8cd3fbf570:   0000000000000000 0000000000000000
0x00007f8cd3fbf580:   000000003f800000 0000000000000000
0x00007f8cd3fbf590:   0000000000000000 0000000000000000
0x00007f8cd3fbf5a0:   000000003f800000 00007f8cd2a9b6c8
0x00007f8cd3fbf5b0:   0000000000200301 00007f8cd3fc0700
0x00007f8cd3fbf5c0:   00007f8cd3fbf610 00007f8cd2a59b7a
0x00007f8cd3fbf5d0:   0000000000000000 bf800000bf8000a8
0x00007f8cd3fbf5e0:   3fb6cd8e00000000 0000000000000004
0x00007f8cd3fbf5f0:   00007f8c00000008 00007f8cd3fbf470
0x00007f8cd3fbf600:   00000000b48f9515 00007f8cd315155b
0x00007f8cd3fbf610:   00007f8c00000001 00007f8cd3fc0700 

Instructions: (pc=0x00007f8c832d3699)
0x00007f8c832d3679:   0f 83 03 01 00 00 89 e8 48 8d 7a 04 89 ee c1 e0
0x00007f8c832d3689:   10 0d 7c 05 00 60 48 89 f9 89 02 4c 89 f2 89 d8
0x00007f8c832d3699:   03 02 66 89 01 89 d8 03 42 04 48 83 c2 08 66 89
0x00007f8c832d36a9:   41 02 48 83 c1 04 ff ce 75 e4 8d 45 ff 41 29 ec 

Register to memory mapping:

RAX=0x0000000000000000 is an unknown value
RBX=0x0000000000000000 is an unknown value
RCX=0x00007f8c88086c34 is an unknown value
RDX=0x0000000000000000 is an unknown value
RSP=0x00007f8cd3fbf420 is pointing into the stack for thread: 0x00007f8ccc00b800
RBP=0x0000000000000003 is an unknown value
RSI=0x0000000000000003 is an unknown value
RDI=0x00007f8c88086c34 is an unknown value
R8 =0x0000000000000000 is an unknown value
R9 =0x0000000000000000 is an unknown value
R10=0x0000000000000030 is an unknown value
R11=0x0000000000000004 is an unknown value
R12=0x0000000000000003 is an unknown value
R13=0x000000004126b000 is an unknown value
R14=0x0000000000000000 is an unknown value
R15=0x0000000000000682 is an unknown value


Stack: [0x00007f8cd3ec1000,0x00007f8cd3fc1000],  sp=0x00007f8cd3fbf420,  free space=1017k
Native frames: (J=compiled Java code, j=interpreted, Vv=VM code, C=native code)
C  [libnvidia-glcore.so.440.31+0x1041699]

Java frames: (J=compiled Java code, j=interpreted, Vv=VM code)
J 791  org.lwjgl.opengl.GL11C.nglDrawElements(IIIJ)V (0 bytes) @ 0x00007f8cbd33bf0a [0x00007f8cbd33bec0+0x4a]
J 787 C1 rendering.MasterRenderer.renderEntity(Lmodels/Entity;)V (39 bytes) @ 0x00007f8cbd337cac [0x00007f8cbd3377a0+0x50c]
j  rendering.MasterRenderer.render(Lrendering/ModelBatch;)V+201
j  rendering.Game.render()V+8
j  main.Main.main([Ljava/lang/String;)V+22
v  ~StubRoutines::call_stub

---------------  P R O C E S S  ---------------

Java Threads: ( => current thread )
  0x00007f8ccc0d8000 JavaThread "Service Thread" daemon [_thread_blocked, id=14785, stack(0x00007f8c92621000,0x00007f8c92722000)]
  0x00007f8ccc0cc800 JavaThread "C1 CompilerThread3" daemon [_thread_blocked, id=14784, stack(0x00007f8c92723000,0x00007f8c92823000)]
  0x00007f8ccc0ca800 JavaThread "C2 CompilerThread2" daemon [_thread_in_native, id=14783, stack(0x00007f8c92824000,0x00007f8c92924000)]
  0x00007f8ccc0c9000 JavaThread "C2 CompilerThread1" daemon [_thread_in_native, id=14782, stack(0x00007f8c92925000,0x00007f8c92a25000)]
  0x00007f8ccc0c6000 JavaThread "C2 CompilerThread0" daemon [_thread_in_native, id=14781, stack(0x00007f8c92a26000,0x00007f8c92b26000)]
  0x00007f8ccc0c4800 JavaThread "Signal Dispatcher" daemon [_thread_blocked, id=14780, stack(0x00007f8c92b26000,0x00007f8c92c27000)]
  0x00007f8ccc091800 JavaThread "Finalizer" daemon [_thread_blocked, id=14779, stack(0x00007f8c935f6000,0x00007f8c936f7000)]
  0x00007f8ccc08f800 JavaThread "Reference Handler" daemon [_thread_blocked, id=14778, stack(0x00007f8c936f7000,0x00007f8c937f8000)]
=>0x00007f8ccc00b800 JavaThread "main" [_thread_in_native, id=14766, stack(0x00007f8cd3ec1000,0x00007f8cd3fc1000)]

Other Threads:
  0x00007f8ccc085800 VMThread [stack: 0x00007f8c937f9000,0x00007f8c938f9000] [id=14777]
  0x00007f8ccc0da800 WatcherThread [stack: 0x00007f8c92521000,0x00007f8c92621000] [id=14786]

VM state:not at safepoint (normal execution)

VM Mutex/Monitor currently owned by a thread: None

heap address: 0x00000005ccc00000, size: 7988 MB, Compressed Oops mode: Zero based, Oop shift amount: 3
Narrow klass base: 0x0000000000000000, Narrow klass shift: 3
Compressed class space size: 1073741824 Address: 0x00000007c0000000

Heap:
 PSYoungGen      total 149504K, used 137597K [0x0000000719980000, 0x0000000724000000, 0x00000007c0000000)
  eden space 128512K, 99% used [0x0000000719980000,0x000000072168cf30,0x0000000721700000)
  from space 20992K, 45% used [0x0000000721700000,0x00000007220526f8,0x0000000722b80000)
  to   space 20992K, 0% used [0x0000000722b80000,0x0000000722b80000,0x0000000724000000)
 ParOldGen       total 341504K, used 8K [0x00000005ccc00000, 0x00000005e1980000, 0x0000000719980000)
  object space 341504K, 0% used [0x00000005ccc00000,0x00000005ccc02000,0x00000005e1980000)
 Metaspace       used 9303K, capacity 9529K, committed 9856K, reserved 1058816K
  class space    used 707K, capacity 807K, committed 896K, reserved 1048576K

Card table byte_map: [0x00007f8cbc065000,0x00007f8cbd000000] byte_map_base: 0x00007f8cb91ff000

Marking Bits: (ParMarkBitMap*) 0x00007f8cd315b360
 Begin Bits: [0x00007f8c98660000, 0x00007f8ca0330000)
 End Bits:   [0x00007f8ca0330000, 0x00007f8ca8000000)

Polling page: 0x00007f8cd3fdc000

CodeCache: size=245760Kb used=3318Kb max_used=3324Kb free=242441Kb
 bounds [0x00007f8cbd000000, 0x00007f8cbd350000, 0x00007f8ccc000000]
 total_blobs=1696 nmethods=795 adapters=816
 compilation: enabled

Compilation events (10 events):
Event: 0.737 Thread 0x00007f8ccc0cc800  794       3       math.Transform::calculateRotation (48 bytes)
Event: 0.738 Thread 0x00007f8ccc0cc800 nmethod 794 0x00007f8cbd33e910 code [0x00007f8cbd33eae0, 0x00007f8cbd33ee28]
Event: 0.738 Thread 0x00007f8ccc0c9000 nmethod 770 0x00007f8cbd3409d0 code [0x00007f8cbd340b20, 0x00007f8cbd340e18]
Event: 0.738 Thread 0x00007f8ccc0cc800  795       3       org.lwjgl.opengl.GL20C::glUniformMatrix4fv (30 bytes)
Event: 0.738 Thread 0x00007f8ccc0cc800 nmethod 795 0x00007f8cbd33de10 code [0x00007f8cbd33dfe0, 0x00007f8cbd33e598]
Event: 0.738 Thread 0x00007f8ccc0cc800  796       3       org.lwjgl.opengl.GL::getICD (12 bytes)
Event: 0.738 Thread 0x00007f8ccc0cc800 nmethod 796 0x00007f8cbd33d790 code [0x00007f8cbd33d920, 0x00007f8cbd33dc98]
Event: 0.738 Thread 0x00007f8ccc0cc800  797       3       org.lwjgl.opengl.GL::checkCapabilities (22 bytes)
Event: 0.738 Thread 0x00007f8ccc0cc800 nmethod 797 0x00007f8cbd340510 code [0x00007f8cbd340680, 0x00007f8cbd3408c8]
Event: 0.739 Thread 0x00007f8ccc0c9000  798       4       math.Matrix::getFloats (75 bytes)

GC Heap History (2 events):
Event: 0.617 GC heap before
{Heap before GC invocations=1 (full 0):
 PSYoungGen      total 149504K, used 128512K [0x0000000719980000, 0x0000000724000000, 0x00000007c0000000)
  eden space 128512K, 100% used [0x0000000719980000,0x0000000721700000,0x0000000721700000)
  from space 20992K, 0% used [0x0000000722b80000,0x0000000722b80000,0x0000000724000000)
  to   space 20992K, 0% used [0x0000000721700000,0x0000000721700000,0x0000000722b80000)
 ParOldGen       total 341504K, used 0K [0x00000005ccc00000, 0x00000005e1980000, 0x0000000719980000)
  object space 341504K, 0% used [0x00000005ccc00000,0x00000005ccc00000,0x00000005e1980000)
 Metaspace       used 9216K, capacity 9401K, committed 9600K, reserved 1058816K
  class space    used 702K, capacity 807K, committed 896K, reserved 1048576K
Event: 0.622 GC heap after
Heap after GC invocations=1 (full 0):
 PSYoungGen      total 149504K, used 9545K [0x0000000719980000, 0x0000000724000000, 0x00000007c0000000)
  eden space 128512K, 0% used [0x0000000719980000,0x0000000719980000,0x0000000721700000)
  from space 20992K, 45% used [0x0000000721700000,0x00000007220526f8,0x0000000722b80000)
  to   space 20992K, 0% used [0x0000000722b80000,0x0000000722b80000,0x0000000724000000)
 ParOldGen       total 341504K, used 8K [0x00000005ccc00000, 0x00000005e1980000, 0x0000000719980000)
  object space 341504K, 0% used [0x00000005ccc00000,0x00000005ccc02000,0x00000005e1980000)
 Metaspace       used 9216K, capacity 9401K, committed 9600K, reserved 1058816K
  class space    used 702K, capacity 807K, committed 896K, reserved 1048576K
}

Deoptimization events (10 events):
Event: 0.511 Thread 0x00007f8ccc00b800 Uncommon trap: reason=array_check action=maybe_recompile pc=0x00007f8cbd2cc098 method=java.util.AbstractCollection.toArray([Ljava/lang/Object;)[Ljava/lang/Object; @ 119
Event: 0.511 Thread 0x00007f8ccc00b800 Uncommon trap: reason=array_check action=maybe_recompile pc=0x00007f8cbd2cc098 method=java.util.AbstractCollection.toArray([Ljava/lang/Object;)[Ljava/lang/Object; @ 119
Event: 0.511 Thread 0x00007f8ccc00b800 Uncommon trap: reason=array_check action=maybe_recompile pc=0x00007f8cbd2cc098 method=java.util.AbstractCollection.toArray([Ljava/lang/Object;)[Ljava/lang/Object; @ 119
Event: 0.515 Thread 0x00007f8ccc00b800 Uncommon trap: reason=unstable_if action=reinterpret pc=0x00007f8cbd2af900 method=sun.misc.FloatingDecimal.readJavaFormatString(Ljava/lang/String;)Lsun/misc/FloatingDecimal$ASCIIToBinaryConverter; @ 235
Event: 0.515 Thread 0x00007f8ccc00b800 Uncommon trap: reason=class_check action=maybe_recompile pc=0x00007f8cbd2a0d48 method=sun.misc.FloatingDecimal.parseFloat(Ljava/lang/String;)F @ 4
Event: 0.534 Thread 0x00007f8ccc00b800 Uncommon trap: reason=class_check action=maybe_recompile pc=0x00007f8cbd2a0d48 method=sun.misc.FloatingDecimal.parseFloat(Ljava/lang/String;)F @ 4
Event: 0.548 Thread 0x00007f8ccc00b800 Uncommon trap: reason=class_check action=maybe_recompile pc=0x00007f8cbd2a0d48 method=sun.misc.FloatingDecimal.parseFloat(Ljava/lang/String;)F @ 4
Event: 0.548 Thread 0x00007f8ccc00b800 Uncommon trap: reason=class_check action=maybe_recompile pc=0x00007f8cbd2a0d48 method=sun.misc.FloatingDecimal.parseFloat(Ljava/lang/String;)F @ 4
Event: 0.681 Thread 0x00007f8ccc00b800 Uncommon trap: reason=unstable_if action=reinterpret pc=0x00007f8cbd318e3c method=java.util.ArrayList$Itr.hasNext()Z @ 11
Event: 0.722 Thread 0x00007f8ccc00b800 Uncommon trap: reason=unstable_if action=reinterpret pc=0x00007f8cbd2ac8f8 method=sun.misc.FloatingDecimal$ASCIIToBinaryBuffer.floatValue()F @ 65

Classes redefined (0 events):
No events

Internal exceptions (10 events):
Event: 0.096 Thread 0x00007f8ccc00b800 Exception <a 'java/security/PrivilegedActionException'> (0x0000000719f6b2f0) thrown at [/build/openjdk-8-OqY7zN/openjdk-8-8u222-b10/src/hotspot/src/share/vm/prims/jvm.cpp, line 1502]
Event: 0.096 Thread 0x00007f8ccc00b800 Exception <a 'java/security/PrivilegedActionException'> (0x0000000719f6b500) thrown at [/build/openjdk-8-OqY7zN/openjdk-8-8u222-b10/src/hotspot/src/share/vm/prims/jvm.cpp, line 1502]
Event: 0.096 Thread 0x00007f8ccc00b800 Exception <a 'java/security/PrivilegedActionException'> (0x0000000719f6d588) thrown at [/build/openjdk-8-OqY7zN/openjdk-8-8u222-b10/src/hotspot/src/share/vm/prims/jvm.cpp, line 1502]
Event: 0.096 Thread 0x00007f8ccc00b800 Exception <a 'java/security/PrivilegedActionException'> (0x0000000719f6d798) thrown at [/build/openjdk-8-OqY7zN/openjdk-8-8u222-b10/src/hotspot/src/share/vm/prims/jvm.cpp, line 1502]
Event: 0.096 Thread 0x00007f8ccc00b800 Exception <a 'java/security/PrivilegedActionException'> (0x0000000719f6e270) thrown at [/build/openjdk-8-OqY7zN/openjdk-8-8u222-b10/src/hotspot/src/share/vm/prims/jvm.cpp, line 1502]
Event: 0.096 Thread 0x00007f8ccc00b800 Exception <a 'java/security/PrivilegedActionException'> (0x0000000719f6e480) thrown at [/build/openjdk-8-OqY7zN/openjdk-8-8u222-b10/src/hotspot/src/share/vm/prims/jvm.cpp, line 1502]
Event: 0.104 Thread 0x00007f8ccc00b800 Exception <a 'sun/nio/fs/UnixException'> (0x0000000719f9b5a8) thrown at [/build/openjdk-8-OqY7zN/openjdk-8-8u222-b10/src/hotspot/src/share/vm/prims/jni.cpp, line 710]
Event: 0.107 Thread 0x00007f8ccc00b800 Exception <a 'sun/nio/fs/UnixException'> (0x0000000719fabb28) thrown at [/build/openjdk-8-OqY7zN/openjdk-8-8u222-b10/src/hotspot/src/share/vm/prims/jni.cpp, line 710]
Event: 0.258 Thread 0x00007f8ccc00b800 Exception <a 'sun/nio/fs/UnixException'> (0x000000071a08f9a0) thrown at [/build/openjdk-8-OqY7zN/openjdk-8-8u222-b10/src/hotspot/src/share/vm/prims/jni.cpp, line 710]
Event: 0.259 Thread 0x00007f8ccc00b800 Exception <a 'sun/nio/fs/UnixException'> (0x000000071a097a38) thrown at [/build/openjdk-8-OqY7zN/openjdk-8-8u222-b10/src/hotspot/src/share/vm/prims/jni.cpp, line 710]

Events (10 events):
Event: 0.738 Thread 0x00007f8ccc00b800 DEOPT PACKING pc=0x00007f8cbd32e0e2 sp=0x00007f8cd3fbf6d0
Event: 0.738 Thread 0x00007f8ccc00b800 DEOPT UNPACKING pc=0x00007f8cbd0474c4 sp=0x00007f8cd3fbf3b8 mode 0
Event: 0.738 Thread 0x00007f8ccc00b800 DEOPT PACKING pc=0x00007f8cbd32e0e2 sp=0x00007f8cd3fbf680
Event: 0.738 Thread 0x00007f8ccc00b800 DEOPT UNPACKING pc=0x00007f8cbd0474c4 sp=0x00007f8cd3fbf368 mode 0
Event: 0.739 Thread 0x00007f8ccc00b800 DEOPT PACKING pc=0x00007f8cbd32e0e2 sp=0x00007f8cd3fbf6d0
Event: 0.739 Thread 0x00007f8ccc00b800 DEOPT UNPACKING pc=0x00007f8cbd0474c4 sp=0x00007f8cd3fbf3b8 mode 0
Event: 0.739 Thread 0x00007f8ccc00b800 DEOPT PACKING pc=0x00007f8cbd32e0e2 sp=0x00007f8cd3fbf680
Event: 0.739 Thread 0x00007f8ccc00b800 DEOPT UNPACKING pc=0x00007f8cbd0474c4 sp=0x00007f8cd3fbf368 mode 0
Event: 0.739 Thread 0x00007f8ccc00b800 DEOPT PACKING pc=0x00007f8cbd32e0e2 sp=0x00007f8cd3fbf6d0
Event: 0.739 Thread 0x00007f8ccc00b800 DEOPT UNPACKING pc=0x00007f8cbd0474c4 sp=0x00007f8cd3fbf3b8 mode 0


Dynamic libraries:
4126b000-4131a000 rw-p 00000000 00:00 0 
41b2b000-41b2d000 r-xs 00000000 103:02 15728652                          /tmp/.glAfggO3 (deleted)
5ccc00000-5e1980000 rw-p 00000000 00:00 0 
5e1980000-719980000 ---p 00000000 00:00 0 
719980000-724000000 rw-p 00000000 00:00 0 
724000000-7c0000000 ---p 00000000 00:00 0 
7c0000000-7c00e0000 rw-p 00000000 00:00 0 
7c00e0000-800000000 ---p 00000000 00:00 0 
55f1cdcbd000-55f1cdcbe000 r-xp 00000000 103:02 9838898                   /usr/lib/jvm/java-8-openjdk-amd64/jre/bin/java
55f1cdebd000-55f1cdebe000 r--p 00000000 103:02 9838898                   /usr/lib/jvm/java-8-openjdk-amd64/jre/bin/java
55f1cdebe000-55f1cdebf000 rw-p 00001000 103:02 9838898                   /usr/lib/jvm/java-8-openjdk-amd64/jre/bin/java
55f1cf8b5000-55f1cf8d6000 rw-p 00000000 00:00 0                          [heap]
7f8c14000000-7f8c14021000 rw-p 00000000 00:00 0 
7f8c14021000-7f8c18000000 ---p 00000000 00:00 0 
7f8c18000000-7f8c18021000 rw-p 00000000 00:00 0 
7f8c18021000-7f8c1c000000 ---p 00000000 00:00 0 
7f8c1c000000-7f8c1c021000 rw-p 00000000 00:00 0 
7f8c1c021000-7f8c20000000 ---p 00000000 00:00 0 
7f8c20000000-7f8c20021000 rw-p 00000000 00:00 0 
7f8c20021000-7f8c24000000 ---p 00000000 00:00 0 
7f8c24000000-7f8c24021000 rw-p 00000000 00:00 0 
7f8c24021000-7f8c28000000 ---p 00000000 00:00 0 
7f8c28000000-7f8c28021000 rw-p 00000000 00:00 0 
7f8c28021000-7f8c2c000000 ---p 00000000 00:00 0 
7f8c2c000000-7f8c2c021000 rw-p 00000000 00:00 0 
7f8c2c021000-7f8c30000000 ---p 00000000 00:00 0 
7f8c30000000-7f8c30021000 rw-p 00000000 00:00 0 
7f8c30021000-7f8c34000000 ---p 00000000 00:00 0 
7f8c34000000-7f8c34021000 rw-p 00000000 00:00 0 
7f8c34021000-7f8c38000000 ---p 00000000 00:00 0 
7f8c3a1fd000-7f8c3a5fd000 rw-s 00000000 00:06 586                        /dev/nvidiactl
7f8c3a5fd000-7f8c3a7fd000 rw-s 00000000 00:06 586                        /dev/nvidiactl
7f8c3a7fd000-7f8c3a7fe000 ---p 00000000 00:00 0 
7f8c3a7fe000-7f8c3affe000 rw-p 00000000 00:00 0 
7f8c3affe000-7f8c3afff000 ---p 00000000 00:00 0 
7f8c3afff000-7f8c3b7ff000 rw-p 00000000 00:00 0 
7f8c3b7ff000-7f8c3b800000 ---p 00000000 00:00 0 
7f8c3b800000-7f8c3c000000 rw-p 00000000 00:00 0 
7f8c3c000000-7f8c3c021000 rw-p 00000000 00:00 0 
7f8c3c021000-7f8c40000000 ---p 00000000 00:00 0 
7f8c40000000-7f8c40021000 rw-p 00000000 00:00 0 
7f8c40021000-7f8c44000000 ---p 00000000 00:00 0 
7f8c44000000-7f8c44021000 rw-p 00000000 00:00 0 
7f8c44021000-7f8c48000000 ---p 00000000 00:00 0 
7f8c48000000-7f8c48021000 rw-p 00000000 00:00 0 
7f8c48021000-7f8c4c000000 ---p 00000000 00:00 0 
7f8c4c000000-7f8c4c2f7000 rw-p 00000000 00:00 0 
7f8c4c2f7000-7f8c50000000 ---p 00000000 00:00 0 
7f8c50000000-7f8c50021000 rw-p 00000000 00:00 0 
7f8c50021000-7f8c54000000 ---p 00000000 00:00 0 
7f8c54000000-7f8c54323000 rw-p 00000000 00:00 0 
7f8c54323000-7f8c58000000 ---p 00000000 00:00 0 
7f8c58000000-7f8c58bd5000 rw-p 00000000 00:00 0 
7f8c58bd5000-7f8c5c000000 ---p 00000000 00:00 0 
7f8c5c000000-7f8c5c021000 rw-p 00000000 00:00 0 
7f8c5c021000-7f8c60000000 ---p 00000000 00:00 0 
7f8c60000000-7f8c60322000 rw-p 00000000 00:00 0 
7f8c60322000-7f8c64000000 ---p 00000000 00:00 0 
7f8c64000000-7f8c64021000 rw-p 00000000 00:00 0 
7f8c64021000-7f8c68000000 ---p 00000000 00:00 0 
7f8c68000000-7f8c68021000 rw-p 00000000 00:00 0 
7f8c68021000-7f8c6c000000 ---p 00000000 00:00 0 
7f8c6c000000-7f8c6c021000 rw-p 00000000 00:00 0 
7f8c6c021000-7f8c70000000 ---p 00000000 00:00 0 
7f8c70000000-7f8c70021000 rw-p 00000000 00:00 0 
7f8c70021000-7f8c74000000 ---p 00000000 00:00 0 
7f8c74000000-7f8c74021000 rw-p 00000000 00:00 0 
7f8c74021000-7f8c78000000 ---p 00000000 00:00 0 
7f8c7806b000-7f8c7846b000 rw-s 00000000 00:06 586                        /dev/nvidiactl
7f8c785f9000-7f8c787f9000 rw-s 00000000 00:06 586                        /dev/nvidiactl
7f8c787f9000-7f8c787fa000 ---p 00000000 00:00 0 
7f8c787fa000-7f8c78ffa000 rw-p 00000000 00:00 0 
7f8c78ffa000-7f8c78ffb000 ---p 00000000 00:00 0 
7f8c78ffb000-7f8c797fb000 rw-p 00000000 00:00 0 
7f8c797fb000-7f8c797fc000 ---p 00000000 00:00 0 
7f8c797fc000-7f8c79ffc000 rw-p 00000000 00:00 0 
7f8c79ffc000-7f8c79ffd000 ---p 00000000 00:00 0 
7f8c79ffd000-7f8c7a7fd000 rw-p 00000000 00:00 0 
7f8c7a7fd000-7f8c7a7fe000 ---p 00000000 00:00 0 
7f8c7a7fe000-7f8c7affe000 rw-p 00000000 00:00 0 
7f8c7affe000-7f8c7afff000 ---p 00000000 00:00 0 
7f8c7afff000-7f8c7b7ff000 rw-p 00000000 00:00 0 
7f8c7b7ff000-7f8c7b800000 ---p 00000000 00:00 0 
7f8c7b800000-7f8c7c000000 rw-p 00000000 00:00 0 
7f8c7c000000-7f8c7c021000 rw-p 00000000 00:00 0 
7f8c7c021000-7f8c80000000 ---p 00000000 00:00 0 
7f8c80118000-7f8c80119000 ---p 00000000 00:00 0 
7f8c80119000-7f8c80919000 rw-p 00000000 00:00 0 
7f8c80919000-7f8c8091a000 ---p 00000000 00:00 0 
7f8c8091a000-7f8c811da000 rw-p 00000000 00:00 0 
7f8c811da000-7f8c8131a000 ---p 00000000 00:00 0 
7f8c8131a000-7f8c8135a000 rw-s 00000000 08:01 16256525                   /home/sam/#16256525 (deleted)
7f8c8135a000-7f8c813b2000 r-xp 00000000 103:02 15990817                  /tmp/lwjglsam/3.2.3-build-13/liblwjgl_opengl.so
7f8c813b2000-7f8c815b1000 ---p 00058000 103:02 15990817                  /tmp/lwjglsam/3.2.3-build-13/liblwjgl_opengl.so
7f8c815b1000-7f8c815b2000 r--p 00057000 103:02 15990817                  /tmp/lwjglsam/3.2.3-build-13/liblwjgl_opengl.so
7f8c815b2000-7f8c815b3000 rw-p 00058000 103:02 15990817                  /tmp/lwjglsam/3.2.3-build-13/liblwjgl_opengl.so
7f8c815b3000-7f8c815b8000 r-xp 00000000 103:02 9839193                   /usr/lib/x86_64-linux-gnu/libxcb-sync.so.1.0.0
7f8c815b8000-7f8c817b8000 ---p 00005000 103:02 9839193                   /usr/lib/x86_64-linux-gnu/libxcb-sync.so.1.0.0
7f8c817b8000-7f8c817b9000 r--p 00005000 103:02 9839193                   /usr/lib/x86_64-linux-gnu/libxcb-sync.so.1.0.0
7f8c817b9000-7f8c817ba000 rw-p 00006000 103:02 9839193                   /usr/lib/x86_64-linux-gnu/libxcb-sync.so.1.0.0
7f8c817ba000-7f8c817bc000 r-xp 00000000 103:02 9839185                   /usr/lib/x86_64-linux-gnu/libxcb-present.so.0.0.0
7f8c817bc000-7f8c819bb000 ---p 00002000 103:02 9839185                   /usr/lib/x86_64-linux-gnu/libxcb-present.so.0.0.0
7f8c819bb000-7f8c819bc000 r--p 00001000 103:02 9839185                   /usr/lib/x86_64-linux-gnu/libxcb-present.so.0.0.0
7f8c819bc000-7f8c819bd000 rw-p 00002000 103:02 9839185                   /usr/lib/x86_64-linux-gnu/libxcb-present.so.0.0.0
7f8c819bd000-7f8c819c0000 r-xp 00000000 103:02 9839181                   /usr/lib/x86_64-linux-gnu/libxcb-dri3.so.0.0.0
7f8c819c0000-7f8c81bbf000 ---p 00003000 103:02 9839181                   /usr/lib/x86_64-linux-gnu/libxcb-dri3.so.0.0.0
7f8c81bbf000-7f8c81bc0000 r--p 00002000 103:02 9839181                   /usr/lib/x86_64-linux-gnu/libxcb-dri3.so.0.0.0
7f8c81bc0000-7f8c81bc1000 rw-p 00003000 103:02 9839181                   /usr/lib/x86_64-linux-gnu/libxcb-dri3.so.0.0.0
7f8c81bc1000-7f8c81bd9000 r-xp 00000000 103:02 9839183                   /usr/lib/x86_64-linux-gnu/libxcb-glx.so.0.0.0
7f8c81bd9000-7f8c81dd9000 ---p 00018000 103:02 9839183                   /usr/lib/x86_64-linux-gnu/libxcb-glx.so.0.0.0
7f8c81dd9000-7f8c81ddb000 r--p 00018000 103:02 9839183                   /usr/lib/x86_64-linux-gnu/libxcb-glx.so.0.0.0
7f8c81ddb000-7f8c81ddc000 rw-p 0001a000 103:02 9839183                   /usr/lib/x86_64-linux-gnu/libxcb-glx.so.0.0.0
7f8c81edc000-7f8c81eec000 r-xp 00000000 103:02 9840432                   /usr/lib/x86_64-linux-gnu/libdrm.so.2.4.0
7f8c81eec000-7f8c820eb000 ---p 00010000 103:02 9840432                   /usr/lib/x86_64-linux-gnu/libdrm.so.2.4.0
7f8c820eb000-7f8c820ec000 r--p 0000f000 103:02 9840432                   /usr/lib/x86_64-linux-gnu/libdrm.so.2.4.0
7f8c820ec000-7f8c820ed000 rw-p 00010000 103:02 9840432                   /usr/lib/x86_64-linux-gnu/libdrm.so.2.4.0
7f8c820ed000-7f8c82292000 rw-s 00000000 00:06 586                        /dev/nvidiactl
7f8c82292000-7f8c8356d000 r-xp 00000000 103:02 9840523                   /usr/lib/x86_64-linux-gnu/libnvidia-glcore.so.440.31
7f8c8356d000-7f8c8358e000 rwxp 012db000 103:02 9840523                   /usr/lib/x86_64-linux-gnu/libnvidia-glcore.so.440.31
7f8c8358e000-7f8c83a9f000 r-xp 012fc000 103:02 9840523                   /usr/lib/x86_64-linux-gnu/libnvidia-glcore.so.440.31
7f8c83a9f000-7f8c83c9e000 ---p 0180d000 103:02 9840523                   /usr/lib/x86_64-linux-gnu/libnvidia-glcore.so.440.31
7f8c83c9e000-7f8c83fe4000 rw-p 0180c000 103:02 9840523                   /usr/lib/x86_64-linux-gnu/libnvidia-glcore.so.440.31
7f8c83fe4000-7f8c84000000 rw-p 00000000 00:00 0 
7f8c84000000-7f8c84021000 rw-p 00000000 00:00 0 
7f8c84021000-7f8c88000000 ---p 00000000 00:00 0 
7f8c8801e000-7f8c8805e000 r-xs 00000000 08:01 16256525                   /home/sam/#16256525 (deleted)
7f8c8805e000-7f8c88061000 rw-s 00000000 00:06 586                        /dev/nvidiactl
7f8c88061000-7f8c880e1000 rw-s 00000000 00:06 586                        /dev/nvidiactl
7f8c880e1000-7f8c880f4000 rw-s 00000000 00:06 586                        /dev/nvidiactl
7f8c880f4000-7f8c88134000 rw-s 00000000 00:06 586                        /dev/nvidiactl
7f8c88134000-7f8c88174000 rw-s 00000000 00:06 586                        /dev/nvidiactl
7f8c88174000-7f8c88177000 r-xp 00000000 103:02 9840527                   /usr/lib/x86_64-linux-gnu/libnvidia-tls.so.440.31
7f8c88177000-7f8c88377000 ---p 00003000 103:02 9840527                   /usr/lib/x86_64-linux-gnu/libnvidia-tls.so.440.31
7f8c88377000-7f8c88378000 rw-p 00003000 103:02 9840527                   /usr/lib/x86_64-linux-gnu/libnvidia-tls.so.440.31
7f8c88378000-7f8c88421000 r-xp 00000000 103:02 9840520                   /usr/lib/x86_64-linux-gnu/libGLX_nvidia.so.440.31
7f8c88421000-7f8c88456000 rwxp 000a9000 103:02 9840520                   /usr/lib/x86_64-linux-gnu/libGLX_nvidia.so.440.31
7f8c88456000-7f8c88465000 r-xp 000de000 103:02 9840520                   /usr/lib/x86_64-linux-gnu/libGLX_nvidia.so.440.31
7f8c88465000-7f8c88664000 ---p 000ed000 103:02 9840520                   /usr/lib/x86_64-linux-gnu/libGLX_nvidia.so.440.31
7f8c88664000-7f8c88688000 rw-p 000ec000 103:02 9840520                   /usr/lib/x86_64-linux-gnu/libGLX_nvidia.so.440.31
7f8c88688000-7f8c8868a000 rw-p 00000000 00:00 0 
7f8c8868a000-7f8c886cc000 r-xp 00000000 103:02 9837994                   /usr/lib/x86_64-linux-gnu/libGLdispatch.so.0.0.0
7f8c886cc000-7f8c886e5000 r-xp 00042000 103:02 9837994                   /usr/lib/x86_64-linux-gnu/libGLdispatch.so.0.0.0
7f8c886e5000-7f8c886f8000 r-xp 0005b000 103:02 9837994                   /usr/lib/x86_64-linux-gnu/libGLdispatch.so.0.0.0
7f8c886f8000-7f8c888f7000 ---p 0006e000 103:02 9837994                   /usr/lib/x86_64-linux-gnu/libGLdispatch.so.0.0.0
7f8c888f7000-7f8c8891f000 r--p 0006d000 103:02 9837994                   /usr/lib/x86_64-linux-gnu/libGLdispatch.so.0.0.0
7f8c8891f000-7f8c88920000 rw-p 00095000 103:02 9837994                   /usr/lib/x86_64-linux-gnu/libGLdispatch.so.0.0.0
7f8c88920000-7f8c88940000 rw-p 00000000 00:00 0 
7f8c88940000-7f8c88950000 r-xp 00000000 103:02 9837992                   /usr/lib/x86_64-linux-gnu/libGLX.so.0.0.0
7f8c88950000-7f8c88b4f000 ---p 00010000 103:02 9837992                   /usr/lib/x86_64-linux-gnu/libGLX.so.0.0.0
7f8c88b4f000-7f8c88b50000 r--p 0000f000 103:02 9837992                   /usr/lib/x86_64-linux-gnu/libGLX.so.0.0.0
7f8c88b50000-7f8c88b51000 rw-p 00010000 103:02 9837992                   /usr/lib/x86_64-linux-gnu/libGLX.so.0.0.0
7f8c88b51000-7f8c88b71000 rw-p 00000000 00:00 0 
7f8c88b71000-7f8c88bb5000 r-xp 00000000 103:02 9837986                   /usr/lib/x86_64-linux-gnu/libGL.so.1.0.0
7f8c88bb5000-7f8c88bce000 r-xp 00044000 103:02 9837986                   /usr/lib/x86_64-linux-gnu/libGL.so.1.0.0
7f8c88bce000-7f8c88be2000 r-xp 0005d000 103:02 9837986                   /usr/lib/x86_64-linux-gnu/libGL.so.1.0.0
7f8c88be2000-7f8c88de1000 ---p 00071000 103:02 9837986                   /usr/lib/x86_64-linux-gnu/libGL.so.1.0.0
7f8c88de1000-7f8c88dfb000 r--p 00070000 103:02 9837986                   /usr/lib/x86_64-linux-gnu/libGL.so.1.0.0
7f8c88dfb000-7f8c88dfc000 rw-p 0008a000 103:02 9837986                   /usr/lib/x86_64-linux-gnu/libGL.so.1.0.0
7f8c88dfc000-7f8c88dfd000 rw-p 00000000 00:00 0 
7f8c88dfd000-7f8c88dfe000 r-xp 00000000 103:02 9840453                   /usr/lib/x86_64-linux-gnu/libX11-xcb.so.1.0.0
7f8c88dfe000-7f8c88ffd000 ---p 00001000 103:02 9840453                   /usr/lib/x86_64-linux-gnu/libX11-xcb.so.1.0.0
7f8c88ffd000-7f8c88ffe000 r--p 00000000 103:02 9840453                   /usr/lib/x86_64-linux-gnu/libX11-xcb.so.1.0.0
7f8c88ffe000-7f8c88fff000 rw-p 00001000 103:02 9840453                   /usr/lib/x86_64-linux-gnu/libX11-xcb.so.1.0.0
7f8c88fff000-7f8c8c000000 rw-p 00000000 00:00 0 
7f8c8c000000-7f8c8c021000 rw-p 00000000 00:00 0 
7f8c8c021000-7f8c90000000 ---p 00000000 00:00 0 
7f8c90002000-7f8c90004000 rw-s 00000000 103:02 15728652                  /tmp/.glAfggO3 (deleted)
7f8c90004000-7f8c90008000 rw-s 00000000 00:06 586                        /dev/nvidiactl
7f8c90008000-7f8c90009000 rw-s 00000000 00:06 587                        /dev/nvidia0
7f8c90009000-7f8c9000b000 rw-s 00000000 00:06 586                        /dev/nvidiactl
7f8c9000b000-7f8c9000f000 rw-s 00000000 00:06 586                        /dev/nvidiactl
7f8c9000f000-7f8c90010000 rw-s 00000000 00:06 587                        /dev/nvidia0
7f8c90010000-7f8c90030000 rw-s 00000000 00:06 586                        /dev/nvidiactl
7f8c90030000-7f8c90070000 rw-s 00000000 00:06 586                        /dev/nvidiactl
7f8c90070000-7f8c90072000 r-xp 00000000 103:02 9838067                   /usr/lib/x86_64-linux-gnu/libXinerama.so.1.0.0
7f8c90072000-7f8c90271000 ---p 00002000 103:02 9838067                   /usr/lib/x86_64-linux-gnu/libXinerama.so.1.0.0
7f8c90271000-7f8c90272000 r--p 00001000 103:02 9838067                   /usr/lib/x86_64-linux-gnu/libXinerama.so.1.0.0
7f8c90272000-7f8c90273000 rw-p 00002000 103:02 9838067                   /usr/lib/x86_64-linux-gnu/libXinerama.so.1.0.0
7f8c90273000-7f8c90278000 r-xp 00000000 103:02 9838059                   /usr/lib/x86_64-linux-gnu/libXfixes.so.3.1.0
7f8c90278000-7f8c90477000 ---p 00005000 103:02 9838059                   /usr/lib/x86_64-linux-gnu/libXfixes.so.3.1.0
7f8c90477000-7f8c90478000 r--p 00004000 103:02 9838059                   /usr/lib/x86_64-linux-gnu/libXfixes.so.3.1.0
7f8c90478000-7f8c90479000 rw-p 00005000 103:02 9838059                   /usr/lib/x86_64-linux-gnu/libXfixes.so.3.1.0
7f8c90479000-7f8c90482000 r-xp 00000000 103:02 9838051                   /usr/lib/x86_64-linux-gnu/libXcursor.so.1.0.2
7f8c90482000-7f8c90681000 ---p 00009000 103:02 9838051                   /usr/lib/x86_64-linux-gnu/libXcursor.so.1.0.2
7f8c90681000-7f8c90682000 r--p 00008000 103:02 9838051                   /usr/lib/x86_64-linux-gnu/libXcursor.so.1.0.2
7f8c90682000-7f8c90683000 rw-p 00009000 103:02 9838051                   /usr/lib/x86_64-linux-gnu/libXcursor.so.1.0.2
7f8c90683000-7f8c9068c000 r-xp 00000000 103:02 9838077                   /usr/lib/x86_64-linux-gnu/libXrender.so.1.3.0
7f8c9068c000-7f8c9088b000 ---p 00009000 103:02 9838077                   /usr/lib/x86_64-linux-gnu/libXrender.so.1.3.0
7f8c9088b000-7f8c9088c000 r--p 00008000 103:02 9838077                   /usr/lib/x86_64-linux-gnu/libXrender.so.1.3.0
7f8c9088c000-7f8c9088d000 rw-p 00009000 103:02 9838077                   /usr/lib/x86_64-linux-gnu/libXrender.so.1.3.0
7f8c9088d000-7f8c90897000 r-xp 00000000 103:02 9838075                   /usr/lib/x86_64-linux-gnu/libXrandr.so.2.2.0
7f8c90897000-7f8c90a96000 ---p 0000a000 103:02 9838075                   /usr/lib/x86_64-linux-gnu/libXrandr.so.2.2.0
7f8c90a96000-7f8c90a97000 r--p 00009000 103:02 9838075                   /usr/lib/x86_64-linux-gnu/libXrandr.so.2.2.0
7f8c90a97000-7f8c90a98000 rw-p 0000a000 103:02 9838075                   /usr/lib/x86_64-linux-gnu/libXrandr.so.2.2.0
7f8c90a98000-7f8c90aa7000 r-xp 00000000 103:02 9838065                   /usr/lib/x86_64-linux-gnu/libXi.so.6.1.0
7f8c90aa7000-7f8c90ca6000 ---p 0000f000 103:02 9838065                   /usr/lib/x86_64-linux-gnu/libXi.so.6.1.0
7f8c90ca6000-7f8c90ca7000 r--p 0000e000 103:02 9838065                   /usr/lib/x86_64-linux-gnu/libXi.so.6.1.0
7f8c90ca7000-7f8c90ca8000 rw-p 0000f000 103:02 9838065                   /usr/lib/x86_64-linux-gnu/libXi.so.6.1.0
7f8c90ca8000-7f8c90cb9000 r-xp 00000000 103:02 9838057                   /usr/lib/x86_64-linux-gnu/libXext.so.6.4.0
7f8c90cb9000-7f8c90eb8000 ---p 00011000 103:02 9838057                   /usr/lib/x86_64-linux-gnu/libXext.so.6.4.0
7f8c90eb8000-7f8c90eb9000 r--p 00010000 103:02 9838057                   /usr/lib/x86_64-linux-gnu/libXext.so.6.4.0
7f8c90eb9000-7f8c90eba000 rw-p 00011000 103:02 9838057                   /usr/lib/x86_64-linux-gnu/libXext.so.6.4.0
7f8c90eba000-7f8c90ebf000 r-xp 00000000 103:02 9838093                   /usr/lib/x86_64-linux-gnu/libXxf86vm.so.1.0.0
7f8c90ebf000-7f8c910be000 ---p 00005000 103:02 9838093                   /usr/lib/x86_64-linux-gnu/libXxf86vm.so.1.0.0
7f8c910be000-7f8c910bf000 r--p 00004000 103:02 9838093                   /usr/lib/x86_64-linux-gnu/libXxf86vm.so.1.0.0
7f8c910bf000-7f8c910c0000 rw-p 00005000 103:02 9838093                   /usr/lib/x86_64-linux-gnu/libXxf86vm.so.1.0.0
7f8c910c0000-7f8c910d3000 r-xp 00000000 103:02 22942382                  /lib/x86_64-linux-gnu/libbsd.so.0.8.7
7f8c910d3000-7f8c912d2000 ---p 00013000 103:02 22942382                  /lib/x86_64-linux-gnu/libbsd.so.0.8.7
7f8c912d2000-7f8c912d3000 r--p 00012000 103:02 22942382                  /lib/x86_64-linux-gnu/libbsd.so.0.8.7
7f8c912d3000-7f8c912d4000 rw-p 00013000 103:02 22942382                  /lib/x86_64-linux-gnu/libbsd.so.0.8.7
7f8c912d4000-7f8c912d5000 rw-p 00000000 00:00 0 
7f8c912d5000-7f8c912da000 r-xp 00000000 103:02 9838055                   /usr/lib/x86_64-linux-gnu/libXdmcp.so.6.0.0
7f8c912da000-7f8c914d9000 ---p 00005000 103:02 9838055                   /usr/lib/x86_64-linux-gnu/libXdmcp.so.6.0.0
7f8c914d9000-7f8c914da000 r--p 00004000 103:02 9838055                   /usr/lib/x86_64-linux-gnu/libXdmcp.so.6.0.0
7f8c914da000-7f8c914db000 rw-p 00005000 103:02 9838055                   /usr/lib/x86_64-linux-gnu/libXdmcp.so.6.0.0
7f8c914db000-7f8c914dd000 r-xp 00000000 103:02 9838044                   /usr/lib/x86_64-linux-gnu/libXau.so.6.0.0
7f8c914dd000-7f8c916dd000 ---p 00002000 103:02 9838044                   /usr/lib/x86_64-linux-gnu/libXau.so.6.0.0
7f8c916dd000-7f8c916de000 r--p 00002000 103:02 9838044                   /usr/lib/x86_64-linux-gnu/libXau.so.6.0.0
7f8c916de000-7f8c916df000 rw-p 00003000 103:02 9838044                   /usr/lib/x86_64-linux-gnu/libXau.so.6.0.0
7f8c916df000-7f8c91705000 r-xp 00000000 103:02 9840409                   /usr/lib/x86_64-linux-gnu/libxcb.so.1.1.0
7f8c91705000-7f8c91905000 ---p 00026000 103:02 9840409                   /usr/lib/x86_64-linux-gnu/libxcb.so.1.1.0
7f8c91905000-7f8c91906000 r--p 00026000 103:02 9840409                   /usr/lib/x86_64-linux-gnu/libxcb.so.1.1.0
7f8c91906000-7f8c91907000 rw-p 00027000 103:02 9840409                   /usr/lib/x86_64-linux-gnu/libxcb.so.1.1.0
7f8c91907000-7f8c91a3a000 r-xp 00000000 103:02 9839217                   /usr/lib/x86_64-linux-gnu/libX11.so.6.3.0
7f8c91a3a000-7f8c91c3a000 ---p 00133000 103:02 9839217                   /usr/lib/x86_64-linux-gnu/libX11.so.6.3.0
7f8c91c3a000-7f8c91c3b000 r--p 00133000 103:02 9839217                   /usr/lib/x86_64-linux-gnu/libX11.so.6.3.0
7f8c91c3b000-7f8c91c3f000 rw-p 00134000 103:02 9839217                   /usr/lib/x86_64-linux-gnu/libX11.so.6.3.0
7f8c91c3f000-7f8c91c82000 r-xp 00000000 103:02 15990816                  /tmp/lwjglsam/3.2.3-build-13/libglfw.so
7f8c91c82000-7f8c91e81000 ---p 00043000 103:02 15990816                  /tmp/lwjglsam/3.2.3-build-13/libglfw.so
7f8c91e81000-7f8c91e82000 r--p 00042000 103:02 15990816                  /tmp/lwjglsam/3.2.3-build-13/libglfw.so
7f8c91e82000-7f8c91e84000 rw-p 00043000 103:02 15990816                  /tmp/lwjglsam/3.2.3-build-13/libglfw.so
7f8c91e84000-7f8c91ea5000 rw-p 00000000 00:00 0 
7f8c91ea5000-7f8c91ef6000 r-xp 00000000 103:02 15990805                  /tmp/lwjglsam/3.2.3-build-13/liblwjgl.so
7f8c91ef6000-7f8c920f5000 ---p 00051000 103:02 15990805                  /tmp/lwjglsam/3.2.3-build-13/liblwjgl.so
7f8c920f5000-7f8c920f6000 r--p 00050000 103:02 15990805                  /tmp/lwjglsam/3.2.3-build-13/liblwjgl.so
7f8c920f6000-7f8c920f7000 rw-p 00051000 103:02 15990805                  /tmp/lwjglsam/3.2.3-build-13/liblwjgl.so
7f8c920f7000-7f8c9210d000 r-xp 00000000 103:02 9839031                   /usr/lib/jvm/java-8-openjdk-amd64/jre/lib/amd64/libnet.so
7f8c9210d000-7f8c9230c000 ---p 00016000 103:02 9839031                   /usr/lib/jvm/java-8-openjdk-amd64/jre/lib/amd64/libnet.so
7f8c9230c000-7f8c9230d000 r--p 00015000 103:02 9839031                   /usr/lib/jvm/java-8-openjdk-amd64/jre/lib/amd64/libnet.so
7f8c9230d000-7f8c9230e000 rw-p 00016000 103:02 9839031                   /usr/lib/jvm/java-8-openjdk-amd64/jre/lib/amd64/libnet.so
7f8c9230e000-7f8c9231f000 r-xp 00000000 103:02 9839036                   /usr/lib/jvm/java-8-openjdk-amd64/jre/lib/amd64/libnio.so
7f8c9231f000-7f8c9251e000 ---p 00011000 103:02 9839036                   /usr/lib/jvm/java-8-openjdk-amd64/jre/lib/amd64/libnio.so
7f8c9251e000-7f8c9251f000 r--p 00010000 103:02 9839036                   /usr/lib/jvm/java-8-openjdk-amd64/jre/lib/amd64/libnio.so
7f8c9251f000-7f8c92520000 rw-p 00011000 103:02 9839036                   /usr/lib/jvm/java-8-openjdk-amd64/jre/lib/amd64/libnio.so
7f8c92520000-7f8c92521000 ---p 00000000 00:00 0 
7f8c92521000-7f8c92621000 rw-p 00000000 00:00 0 
7f8c92621000-7f8c92624000 ---p 00000000 00:00 0 
7f8c92624000-7f8c92722000 rw-p 00000000 00:00 0 
7f8c92722000-7f8c92723000 ---p 00000000 00:00 0 
7f8c92723000-7f8c92726000 ---p 00000000 00:00 0 
7f8c92726000-7f8c92823000 rw-p 00000000 00:00 0 
7f8c92823000-7f8c92824000 ---p 00000000 00:00 0 
7f8c92824000-7f8c92827000 ---p 00000000 00:00 0 
7f8c92827000-7f8c92924000 rw-p 00000000 00:00 0 
7f8c92924000-7f8c92925000 ---p 00000000 00:00 0 
7f8c92925000-7f8c92928000 ---p 00000000 00:00 0 
7f8c92928000-7f8c92a25000 rw-p 00000000 00:00 0 
7f8c92a25000-7f8c92a26000 ---p 00000000 00:00 0 
7f8c92a26000-7f8c92a29000 ---p 00000000 00:00 0 
7f8c92a29000-7f8c92b26000 rw-p 00000000 00:00 0 
7f8c92b26000-7f8c92b29000 ---p 00000000 00:00 0 
7f8c92b29000-7f8c92c27000 rw-p 00000000 00:00 0 
7f8c92c27000-7f8c935f6000 r--p 00000000 103:02 9837060                   /usr/lib/locale/locale-archive
7f8c935f6000-7f8c935f9000 ---p 00000000 00:00 0 
7f8c935f9000-7f8c936f7000 rw-p 00000000 00:00 0 
7f8c936f7000-7f8c936fa000 ---p 00000000 00:00 0 
7f8c936fa000-7f8c937f8000 rw-p 00000000 00:00 0 
7f8c937f8000-7f8c937f9000 ---p 00000000 00:00 0 
7f8c937f9000-7f8c94000000 rw-p 00000000 00:00 0 
7f8c94000000-7f8c94021000 rw-p 00000000 00:00 0 
7f8c94021000-7f8c98000000 ---p 00000000 00:00 0 
7f8c98000000-7f8c98020000 rw-s 00000000 00:06 586                        /dev/nvidiactl
7f8c98040000-7f8c98047000 r--s 00000000 103:02 10095718                  /usr/lib/x86_64-linux-gnu/gconv/gconv-modules.cache
7f8c98047000-7f8c9805a000 r--s 00346000 103:02 9839324                   /usr/lib/jvm/java-8-openjdk-amd64/jre/lib/resources.jar
7f8c9805a000-7f8ca8000000 rw-p 00000000 00:00 0 
7f8ca8000000-7f8ca8021000 rw-p 00000000 00:00 0 
7f8ca8021000-7f8cac000000 ---p 00000000 00:00 0 
7f8cac000000-7f8cac021000 rw-p 00000000 00:00 0 
7f8cac021000-7f8cb0000000 ---p 00000000 00:00 0 
7f8cb0000000-7f8cb0021000 rw-p 00000000 00:00 0 
7f8cb0021000-7f8cb4000000 ---p 00000000 00:00 0 
7f8cb4000000-7f8cb4021000 rw-p 00000000 00:00 0 
7f8cb4021000-7f8cb8000000 ---p 00000000 00:00 0 
7f8cb8000000-7f8cb8001000 rw-s 00000000 00:06 587                        /dev/nvidia0
7f8cb8001000-7f8cb8002000 rw-s 00000000 00:06 587                        /dev/nvidia0
7f8cb8002000-7f8cb8003000 rw-s 00000000 00:06 586                        /dev/nvidiactl
7f8cb8003000-7f8cb8004000 rw-s 00000000 00:06 586                        /dev/nvidiactl
7f8cb8004000-7f8cb8005000 rw-s 00000000 00:06 586                        /dev/nvidiactl
7f8cb8005000-7f8cb8006000 r--s 00002000 08:01 16253464                   /home/sam/Downloads/pngdecoder-1.0.jar
7f8cb8006000-7f8cb8007000 r--s 00022000 08:01 17960234                   /home/sam/Downloads/lwjgl-3.2.3/lwjgl-glfw/lwjgl-glfw-natives-linux-arm64.jar
7f8cb8007000-7f8cb800a000 r--s 00018000 08:01 17960240                   /home/sam/Downloads/lwjgl-3.2.3/lwjgl-glfw/lwjgl-glfw.jar
7f8cb800a000-7f8cb800c000 r--s 0000d000 08:01 19795215                   /home/sam/Downloads/lwjgl-3.2.3/lwjgl-opengl/lwjgl-opengl-natives-linux-arm64.jar
7f8cb800c000-7f8cb8017000 r--s 000da000 08:01 19795221                   /home/sam/Downloads/lwjgl-3.2.3/lwjgl-opengl/lwjgl-opengl.jar
7f8cb8017000-7f8cb801e000 r--s 00081000 08:01 16518147                   /home/sam/Downloads/lwjgl-3.2.3/lwjgl/lwjgl.jar
7f8cb801e000-7f8cb8023000 r--s 0003c000 103:02 9839214                   /usr/lib/jvm/java-8-openjdk-amd64/jre/lib/ext/sunjce_provider.jar
7f8cb8023000-7f8cb803e000 r--s 001d6000 103:02 9839212                   /usr/lib/jvm/java-8-openjdk-amd64/jre/lib/ext/nashorn.jar
7f8cb803e000-7f8cb95bd000 rw-p 00000000 00:00 0 
7f8cb95bd000-7f8cb978d000 r--s 03c5c000 103:02 9839328                   /usr/lib/jvm/java-8-openjdk-amd64/jre/lib/rt.jar
7f8cb978d000-7f8cbaff8000 rw-p 00000000 00:00 0 
7f8cbaff8000-7f8cbaff9000 ---p 00000000 00:00 0 
7f8cbaff9000-7f8cbb0f9000 rw-p 00000000 00:00 0 
7f8cbb0f9000-7f8cbb0fa000 ---p 00000000 00:00 0 
7f8cbb0fa000-7f8cbb1fa000 rw-p 00000000 00:00 0 
7f8cbb1fa000-7f8cbb1fb000 ---p 00000000 00:00 0 
7f8cbb1fb000-7f8cbb2fb000 rw-p 00000000 00:00 0 
7f8cbb2fb000-7f8cbb2fc000 ---p 00000000 00:00 0 
7f8cbb2fc000-7f8cbb3fc000 rw-p 00000000 00:00 0 
7f8cbb3fc000-7f8cbb3fd000 ---p 00000000 00:00 0 
7f8cbb3fd000-7f8cbb4fd000 rw-p 00000000 00:00 0 
7f8cbb4fd000-7f8cbb4fe000 ---p 00000000 00:00 0 
7f8cbb4fe000-7f8cbb6a5000 rw-p 00000000 00:00 0 
7f8cbb6a5000-7f8cbc065000 ---p 00000000 00:00 0 
7f8cbc065000-7f8cbc10c000 rw-p 00000000 00:00 0 
7f8cbc10c000-7f8cbcacb000 ---p 00000000 00:00 0 
7f8cbcacb000-7f8cbcb1f000 rw-p 00000000 00:00 0 
7f8cbcb1f000-7f8cbcfff000 ---p 00000000 00:00 0 
7f8cbcfff000-7f8cbd000000 rw-p 00000000 00:00 0 
7f8cbd000000-7f8cbd350000 rwxp 00000000 00:00 0 
7f8cbd350000-7f8ccc000000 ---p 00000000 00:00 0 
7f8ccc000000-7f8ccd59d000 rw-p 00000000 00:00 0 
7f8ccd59d000-7f8cd0000000 ---p 00000000 00:00 0 
7f8cd0000000-7f8cd0001000 r--s 00026000 08:01 17960235                   /home/sam/Downloads/lwjgl-3.2.3/lwjgl-glfw/lwjgl-glfw-natives-linux.jar
7f8cd0001000-7f8cd0002000 r--s 00013000 08:01 19795216                   /home/sam/Downloads/lwjgl-3.2.3/lwjgl-opengl/lwjgl-opengl-natives-linux.jar
7f8cd0002000-7f8cd0003000 r--s 0000c000 08:01 16517972                   /home/sam/Downloads/lwjgl-3.2.3/lwjgl/lwjgl-natives-linux-arm64.jar
7f8cd0003000-7f8cd0004000 r--s 00012000 08:01 16517973                   /home/sam/Downloads/lwjgl-3.2.3/lwjgl/lwjgl-natives-linux.jar
7f8cd0004000-7f8cd0007000 r--s 00039000 103:02 9839215                   /usr/lib/jvm/java-8-openjdk-amd64/jre/lib/ext/sunpkcs11.jar
7f8cd0007000-7f8cd000a000 r--s 0000f000 103:02 9839204                   /usr/lib/jvm/java-8-openjdk-amd64/jre/lib/ext/icedtea-sound.jar
7f8cd000a000-7f8cd0058000 rw-p 00000000 00:00 0 
7f8cd0058000-7f8cd0059000 ---p 00000000 00:00 0 
7f8cd0059000-7f8cd0159000 rw-p 00000000 00:00 0 
7f8cd0159000-7f8cd015a000 ---p 00000000 00:00 0 
7f8cd015a000-7f8cd025a000 rw-p 00000000 00:00 0 
7f8cd025a000-7f8cd025b000 ---p 00000000 00:00 0 
7f8cd025b000-7f8cd035b000 rw-p 00000000 00:00 0 
7f8cd035b000-7f8cd035c000 ---p 00000000 00:00 0 
7f8cd035c000-7f8cd046a000 rw-p 00000000 00:00 0 
7f8cd046a000-7f8cd081c000 ---p 00000000 00:00 0 
7f8cd081c000-7f8cd0824000 r-xp 00000000 103:02 9839091                   /usr/lib/jvm/java-8-openjdk-amd64/jre/lib/amd64/libzip.so
7f8cd0824000-7f8cd0a23000 ---p 00008000 103:02 9839091                   /usr/lib/jvm/java-8-openjdk-amd64/jre/lib/amd64/libzip.so
7f8cd0a23000-7f8cd0a24000 r--p 00007000 103:02 9839091                   /usr/lib/jvm/java-8-openjdk-amd64/jre/lib/amd64/libzip.so
7f8cd0a24000-7f8cd0a25000 rw-p 00008000 103:02 9839091                   /usr/lib/jvm/java-8-openjdk-amd64/jre/lib/amd64/libzip.so
7f8cd0a25000-7f8cd0a30000 r-xp 00000000 103:02 22942476                  /lib/x86_64-linux-gnu/libnss_files-2.27.so
7f8cd0a30000-7f8cd0c2f000 ---p 0000b000 103:02 22942476                  /lib/x86_64-linux-gnu/libnss_files-2.27.so
7f8cd0c2f000-7f8cd0c30000 r--p 0000a000 103:02 22942476                  /lib/x86_64-linux-gnu/libnss_files-2.27.so
7f8cd0c30000-7f8cd0c31000 rw-p 0000b000 103:02 22942476                  /lib/x86_64-linux-gnu/libnss_files-2.27.so
7f8cd0c31000-7f8cd0c37000 rw-p 00000000 00:00 0 
7f8cd0c37000-7f8cd0c4e000 r-xp 00000000 103:02 22942470                  /lib/x86_64-linux-gnu/libnsl-2.27.so
7f8cd0c4e000-7f8cd0e4d000 ---p 00017000 103:02 22942470                  /lib/x86_64-linux-gnu/libnsl-2.27.so
7f8cd0e4d000-7f8cd0e4e000 r--p 00016000 103:02 22942470                  /lib/x86_64-linux-gnu/libnsl-2.27.so
7f8cd0e4e000-7f8cd0e4f000 rw-p 00017000 103:02 22942470                  /lib/x86_64-linux-gnu/libnsl-2.27.so
7f8cd0e4f000-7f8cd0e51000 rw-p 00000000 00:00 0 
7f8cd0e51000-7f8cd0e5c000 r-xp 00000000 103:02 22942487                  /lib/x86_64-linux-gnu/libnss_nis-2.27.so
7f8cd0e5c000-7f8cd105b000 ---p 0000b000 103:02 22942487                  /lib/x86_64-linux-gnu/libnss_nis-2.27.so
7f8cd105b000-7f8cd105c000 r--p 0000a000 103:02 22942487                  /lib/x86_64-linux-gnu/libnss_nis-2.27.so
7f8cd105c000-7f8cd105d000 rw-p 0000b000 103:02 22942487                  /lib/x86_64-linux-gnu/libnss_nis-2.27.so
7f8cd105d000-7f8cd1065000 r-xp 00000000 103:02 22942472                  /lib/x86_64-linux-gnu/libnss_compat-2.27.so
7f8cd1065000-7f8cd1265000 ---p 00008000 103:02 22942472                  /lib/x86_64-linux-gnu/libnss_compat-2.27.so
7f8cd1265000-7f8cd1266000 r--p 00008000 103:02 22942472                  /lib/x86_64-linux-gnu/libnss_compat-2.27.so
7f8cd1266000-7f8cd1267000 rw-p 00009000 103:02 22942472                  /lib/x86_64-linux-gnu/libnss_compat-2.27.so
7f8cd1267000-7f8cd1291000 r-xp 00000000 103:02 9838982                   /usr/lib/jvm/java-8-openjdk-amd64/jre/lib/amd64/libjava.so
7f8cd1291000-7f8cd1490000 ---p 0002a000 103:02 9838982                   /usr/lib/jvm/java-8-openjdk-amd64/jre/lib/amd64/libjava.so
7f8cd1490000-7f8cd1491000 r--p 00029000 103:02 9838982                   /usr/lib/jvm/java-8-openjdk-amd64/jre/lib/amd64/libjava.so
7f8cd1491000-7f8cd1493000 rw-p 0002a000 103:02 9838982                   /usr/lib/jvm/java-8-openjdk-amd64/jre/lib/amd64/libjava.so
7f8cd1493000-7f8cd14a3000 r-xp 00000000 103:02 9839073                   /usr/lib/jvm/java-8-openjdk-amd64/jre/lib/amd64/libverify.so
7f8cd14a3000-7f8cd16a2000 ---p 00010000 103:02 9839073                   /usr/lib/jvm/java-8-openjdk-amd64/jre/lib/amd64/libverify.so
7f8cd16a2000-7f8cd16a4000 r--p 0000f000 103:02 9839073                   /usr/lib/jvm/java-8-openjdk-amd64/jre/lib/amd64/libverify.so
7f8cd16a4000-7f8cd16a5000 rw-p 00011000 103:02 9839073                   /usr/lib/jvm/java-8-openjdk-amd64/jre/lib/amd64/libverify.so
7f8cd16a5000-7f8cd16ac000 r-xp 00000000 103:02 22942527                  /lib/x86_64-linux-gnu/librt-2.27.so
7f8cd16ac000-7f8cd18ab000 ---p 00007000 103:02 22942527                  /lib/x86_64-linux-gnu/librt-2.27.so
7f8cd18ab000-7f8cd18ac000 r--p 00006000 103:02 22942527                  /lib/x86_64-linux-gnu/librt-2.27.so
7f8cd18ac000-7f8cd18ad000 rw-p 00007000 103:02 22942527                  /lib/x86_64-linux-gnu/librt-2.27.so
7f8cd18ad000-7f8cd18c4000 r-xp 00000000 103:02 22937606                  /lib/x86_64-linux-gnu/libgcc_s.so.1
7f8cd18c4000-7f8cd1ac3000 ---p 00017000 103:02 22937606                  /lib/x86_64-linux-gnu/libgcc_s.so.1
7f8cd1ac3000-7f8cd1ac4000 r--p 00016000 103:02 22937606                  /lib/x86_64-linux-gnu/libgcc_s.so.1
7f8cd1ac4000-7f8cd1ac5000 rw-p 00017000 103:02 22937606                  /lib/x86_64-linux-gnu/libgcc_s.so.1
7f8cd1ac5000-7f8cd1c62000 r-xp 00000000 103:02 22942449                  /lib/x86_64-linux-gnu/libm-2.27.so
7f8cd1c62000-7f8cd1e61000 ---p 0019d000 103:02 22942449                  /lib/x86_64-linux-gnu/libm-2.27.so
7f8cd1e61000-7f8cd1e62000 r--p 0019c000 103:02 22942449                  /lib/x86_64-linux-gnu/libm-2.27.so
7f8cd1e62000-7f8cd1e63000 rw-p 0019d000 103:02 22942449                  /lib/x86_64-linux-gnu/libm-2.27.so
7f8cd1e63000-7f8cd1fdc000 r-xp 00000000 103:02 9830530                   /usr/lib/x86_64-linux-gnu/libstdc++.so.6.0.25
7f8cd1fdc000-7f8cd21dc000 ---p 00179000 103:02 9830530                   /usr/lib/x86_64-linux-gnu/libstdc++.so.6.0.25
7f8cd21dc000-7f8cd21e6000 r--p 00179000 103:02 9830530                   /usr/lib/x86_64-linux-gnu/libstdc++.so.6.0.25
7f8cd21e6000-7f8cd21e8000 rw-p 00183000 103:02 9830530                   /usr/lib/x86_64-linux-gnu/libstdc++.so.6.0.25
7f8cd21e8000-7f8cd21ec000 rw-p 00000000 00:00 0 
7f8cd21ec000-7f8cd2e8b000 r-xp 00000000 103:02 9839139                   /usr/lib/jvm/java-8-openjdk-amd64/jre/lib/amd64/server/libjvm.so
7f8cd2e8b000-7f8cd308b000 ---p 00c9f000 103:02 9839139                   /usr/lib/jvm/java-8-openjdk-amd64/jre/lib/amd64/server/libjvm.so
7f8cd308b000-7f8cd311f000 r--p 00c9f000 103:02 9839139                   /usr/lib/jvm/java-8-openjdk-amd64/jre/lib/amd64/server/libjvm.so
7f8cd311f000-7f8cd3148000 rw-p 00d33000 103:02 9839139                   /usr/lib/jvm/java-8-openjdk-amd64/jre/lib/amd64/server/libjvm.so
7f8cd3148000-7f8cd3178000 rw-p 00000000 00:00 0 
7f8cd3178000-7f8cd3192000 r-xp 00000000 103:02 22942519                  /lib/x86_64-linux-gnu/libpthread-2.27.so
7f8cd3192000-7f8cd3391000 ---p 0001a000 103:02 22942519                  /lib/x86_64-linux-gnu/libpthread-2.27.so
7f8cd3391000-7f8cd3392000 r--p 00019000 103:02 22942519                  /lib/x86_64-linux-gnu/libpthread-2.27.so
7f8cd3392000-7f8cd3393000 rw-p 0001a000 103:02 22942519                  /lib/x86_64-linux-gnu/libpthread-2.27.so
7f8cd3393000-7f8cd3397000 rw-p 00000000 00:00 0 
7f8cd3397000-7f8cd339a000 r-xp 00000000 103:02 22942409                  /lib/x86_64-linux-gnu/libdl-2.27.so
7f8cd339a000-7f8cd3599000 ---p 00003000 103:02 22942409                  /lib/x86_64-linux-gnu/libdl-2.27.so
7f8cd3599000-7f8cd359a000 r--p 00002000 103:02 22942409                  /lib/x86_64-linux-gnu/libdl-2.27.so
7f8cd359a000-7f8cd359b000 rw-p 00003000 103:02 22942409                  /lib/x86_64-linux-gnu/libdl-2.27.so
7f8cd359b000-7f8cd35b7000 r-xp 00000000 103:02 22942558                  /lib/x86_64-linux-gnu/libz.so.1.2.11
7f8cd35b7000-7f8cd37b6000 ---p 0001c000 103:02 22942558                  /lib/x86_64-linux-gnu/libz.so.1.2.11
7f8cd37b6000-7f8cd37b7000 r--p 0001b000 103:02 22942558                  /lib/x86_64-linux-gnu/libz.so.1.2.11
7f8cd37b7000-7f8cd37b8000 rw-p 0001c000 103:02 22942558                  /lib/x86_64-linux-gnu/libz.so.1.2.11
7f8cd37b8000-7f8cd399f000 r-xp 00000000 103:02 22942386                  /lib/x86_64-linux-gnu/libc-2.27.so
7f8cd399f000-7f8cd3b9f000 ---p 001e7000 103:02 22942386                  /lib/x86_64-linux-gnu/libc-2.27.so
7f8cd3b9f000-7f8cd3ba3000 r--p 001e7000 103:02 22942386                  /lib/x86_64-linux-gnu/libc-2.27.so
7f8cd3ba3000-7f8cd3ba5000 rw-p 001eb000 103:02 22942386                  /lib/x86_64-linux-gnu/libc-2.27.so
7f8cd3ba5000-7f8cd3ba9000 rw-p 00000000 00:00 0 
7f8cd3ba9000-7f8cd3bb7000 r-xp 00000000 103:02 9838942                   /usr/lib/jvm/java-8-openjdk-amd64/jre/lib/amd64/jli/libjli.so
7f8cd3bb7000-7f8cd3db6000 ---p 0000e000 103:02 9838942                   /usr/lib/jvm/java-8-openjdk-amd64/jre/lib/amd64/jli/libjli.so
7f8cd3db6000-7f8cd3db7000 r--p 0000d000 103:02 9838942                   /usr/lib/jvm/java-8-openjdk-amd64/jre/lib/amd64/jli/libjli.so
7f8cd3db7000-7f8cd3db8000 rw-p 0000e000 103:02 9838942                   /usr/lib/jvm/java-8-openjdk-amd64/jre/lib/amd64/jli/libjli.so
7f8cd3db8000-7f8cd3ddf000 r-xp 00000000 103:02 22942358                  /lib/x86_64-linux-gnu/ld-2.27.so
7f8cd3ddf000-7f8cd3de0000 r--s 0000a000 103:02 9839205                   /usr/lib/jvm/java-8-openjdk-amd64/jre/lib/ext/jaccess.jar
7f8cd3de0000-7f8cd3dfb000 r--s 00394000 103:02 9839202                   /usr/lib/jvm/java-8-openjdk-amd64/jre/lib/ext/cldrdata.jar
7f8cd3dfb000-7f8cd3ec0000 rw-p 00000000 00:00 0 
7f8cd3ec0000-7f8cd3ec1000 ---p 00000000 00:00 0 
7f8cd3ec1000-7f8cd3ec4000 ---p 00000000 00:00 0 
7f8cd3ec4000-7f8cd3fc3000 rw-p 00000000 00:00 0 
7f8cd3fc3000-7f8cd3fc5000 r--s 00001000 103:02 9839203                   /usr/lib/jvm/java-8-openjdk-amd64/jre/lib/ext/dnsns.jar
7f8cd3fc5000-7f8cd3fcf000 r--s 00116000 103:02 9839206                   /usr/lib/jvm/java-8-openjdk-amd64/jre/lib/ext/localedata.jar
7f8cd3fcf000-7f8cd3fd1000 r--s 00007000 103:02 10224650                  /usr/share/java/java-atk-wrapper.jar
7f8cd3fd1000-7f8cd3fd2000 r--s 0000d000 103:02 9839213                   /usr/lib/jvm/java-8-openjdk-amd64/jre/lib/ext/sunec.jar
7f8cd3fd2000-7f8cd3fd3000 r--s 00010000 103:02 9839216                   /usr/lib/jvm/java-8-openjdk-amd64/jre/lib/ext/zipfs.jar
7f8cd3fd3000-7f8cd3fdb000 rw-s 00000000 103:02 15990796                  /tmp/hsperfdata_sam/14760
7f8cd3fdb000-7f8cd3fdc000 rw-p 00000000 00:00 0 
7f8cd3fdc000-7f8cd3fdd000 r--p 00000000 00:00 0 
7f8cd3fdd000-7f8cd3fdf000 rw-p 00000000 00:00 0 
7f8cd3fdf000-7f8cd3fe0000 r--p 00027000 103:02 22942358                  /lib/x86_64-linux-gnu/ld-2.27.so
7f8cd3fe0000-7f8cd3fe1000 rw-p 00028000 103:02 22942358                  /lib/x86_64-linux-gnu/ld-2.27.so
7f8cd3fe1000-7f8cd3fe2000 rw-p 00000000 00:00 0 
7ffc7928e000-7ffc792af000 rw-p 00000000 00:00 0                          [stack]
7ffc79376000-7ffc79379000 r--p 00000000 00:00 0                          [vvar]
7ffc79379000-7ffc7937a000 r-xp 00000000 00:00 0                          [vdso]
ffffffffff600000-ffffffffff601000 --xp 00000000 00:00 0                  [vsyscall]

VM Arguments:
jvm_args: -Dfile.encoding=UTF-8 
java_command: main.Main
java_class_path (initial): /home/sam/Downloads/lwjgl-3.2.3/lwjgl/lwjgl.jar:/home/sam/Downloads/lwjgl-3.2.3/lwjgl/lwjgl-natives-linux.jar:/home/sam/Downloads/lwjgl-3.2.3/lwjgl/lwjgl-natives-linux-arm64.jar:/home/sam/Downloads/lwjgl-3.2.3/lwjgl-opengl/lwjgl-opengl.jar:/home/sam/Downloads/lwjgl-3.2.3/lwjgl-opengl/lwjgl-opengl-natives-linux.jar:/home/sam/Downloads/lwjgl-3.2.3/lwjgl-opengl/lwjgl-opengl-natives-linux-arm64.jar:/home/sam/Downloads/lwjgl-3.2.3/lwjgl-glfw/lwjgl-glfw.jar:/home/sam/Downloads/lwjgl-3.2.3/lwjgl-glfw/lwjgl-glfw-natives-linux.jar:/home/sam/Downloads/lwjgl-3.2.3/lwjgl-glfw/lwjgl-glfw-natives-linux-arm64.jar:/home/sam/Downloads/pngdecoder-1.0.jar:/home/sam/eclipse/workspace/LWJGL-ENGINE/bin
Launcher Type: SUN_STANDARD

Environment Variables:
PATH=/usr/local/sbin:/usr/local/bin:/usr/sbin:/usr/bin:/sbin:/bin:/usr/games:/usr/local/games:/snap/bin
USERNAME=sam
SHELL=/bin/bash
DISPLAY=:0

Signal Handlers:
SIGSEGV: [libjvm.so+0xab92f0], sa_mask[0]=11111111011111111101111111111110, sa_flags=SA_RESTART|SA_SIGINFO
SIGBUS: [libjvm.so+0xab92f0], sa_mask[0]=11111111011111111101111111111110, sa_flags=SA_RESTART|SA_SIGINFO
SIGFPE: [libjvm.so+0x8ee560], sa_mask[0]=11111111011111111101111111111110, sa_flags=SA_RESTART|SA_SIGINFO
SIGPIPE: [libjvm.so+0x8ee560], sa_mask[0]=11111111011111111101111111111110, sa_flags=SA_RESTART|SA_SIGINFO
SIGXFSZ: [libjvm.so+0x8ee560], sa_mask[0]=11111111011111111101111111111110, sa_flags=SA_RESTART|SA_SIGINFO
SIGILL: [libjvm.so+0x8ee560], sa_mask[0]=11111111011111111101111111111110, sa_flags=SA_RESTART|SA_SIGINFO
SIGUSR1: SIG_DFL, sa_mask[0]=00000000000000000000000000000000, sa_flags=none
SIGUSR2: [libjvm.so+0x8ee410], sa_mask[0]=00100000000000000000000000000000, sa_flags=SA_RESTART|SA_SIGINFO
SIGHUP: [libjvm.so+0x8eea80], sa_mask[0]=11111111011111111101111111111110, sa_flags=SA_RESTART|SA_SIGINFO
SIGINT: [libjvm.so+0x8eea80], sa_mask[0]=11111111011111111101111111111110, sa_flags=SA_RESTART|SA_SIGINFO
SIGTERM: [libjvm.so+0x8eea80], sa_mask[0]=11111111011111111101111111111110, sa_flags=SA_RESTART|SA_SIGINFO
SIGQUIT: [libjvm.so+0x8eea80], sa_mask[0]=11111111011111111101111111111110, sa_flags=SA_RESTART|SA_SIGINFO


---------------  S Y S T E M  ---------------

OS:DISTRIB_ID=Ubuntu
DISTRIB_RELEASE=18.04
DISTRIB_CODENAME=bionic
DISTRIB_DESCRIPTION="Ubuntu 18.04.3 LTS"

uname:Linux 5.3.0-23-generic #25~18.04.1-Ubuntu SMP Tue Nov 12 10:58:57 UTC 2019 x86_64
libc:glibc 2.27 NPTL 2.27 
rlimit: STACK 8192k, CORE 0k, NPROC 127596, NOFILE 1048576, AS infinity
load average:0.50 0.59 0.71

/proc/meminfo:
MemTotal:       32713520 kB
MemFree:        28628704 kB
MemAvailable:   29487796 kB
Buffers:           95692 kB
Cached:          1311072 kB
SwapCached:            0 kB
Active:          2865688 kB
Inactive:         792132 kB
Active(anon):    2293384 kB
Inactive(anon):   172736 kB
Active(file):     572304 kB
Inactive(file):   619396 kB
Unevictable:       41204 kB
Mlocked:             256 kB
SwapTotal:       2097148 kB
SwapFree:        2097148 kB
Dirty:               260 kB
Writeback:             0 kB
AnonPages:       2292528 kB
Mapped:           510568 kB
Shmem:            215072 kB
KReclaimable:      73460 kB
Slab:             158680 kB
SReclaimable:      73460 kB
SUnreclaim:        85220 kB
KernelStack:       16736 kB
PageTables:        58676 kB
NFS_Unstable:          0 kB
Bounce:                0 kB
WritebackTmp:          0 kB
CommitLimit:    18453908 kB
Committed_AS:    9272604 kB
VmallocTotal:   34359738367 kB
VmallocUsed:       60356 kB
VmallocChunk:          0 kB
Percpu:             5760 kB
HardwareCorrupted:     0 kB
AnonHugePages:         0 kB
ShmemHugePages:        0 kB
ShmemPmdMapped:        0 kB
CmaTotal:              0 kB
CmaFree:               0 kB
HugePages_Total:       0
HugePages_Free:        0
HugePages_Rsvd:        0
HugePages_Surp:        0
Hugepagesize:       2048 kB
Hugetlb:               0 kB
DirectMap4k:      342688 kB
DirectMap2M:     6823936 kB
DirectMap1G:    26214400 kB

container (cgroup) information:
container_type: cgroupv1
cpu_cpuset_cpus: 0-11
cpu_memory_nodes: 0
active_processor_count: 12
cpu_quota: -1
cpu_period: 100000
cpu_shares: -1
memory_limit_in_bytes: -1
memory_and_swap_limit_in_bytes: -2
memory_soft_limit_in_bytes: -1
memory_usage_in_bytes: 3787943936
memory_max_usage_in_bytes: 0


CPU:total 12 (initial active 12) (6 cores per cpu, 2 threads per core) family 6 model 158 stepping 10, cmov, cx8, fxsr, mmx, sse, sse2, sse3, ssse3, sse4.1, sse4.2, popcnt, avx, avx2, aes, clmul, erms, 3dnowpref, lzcnt, ht, tsc, tscinvbit, bmi1, bmi2, adx

/proc/cpuinfo:
processor	: 0
vendor_id	: GenuineIntel
cpu family	: 6
model		: 158
model name	: Intel(R) Core(TM) i7-8750H CPU @ 2.20GHz
stepping	: 10
microcode	: 0xca
cpu MHz		: 3899.994
cache size	: 9216 KB
physical id	: 0
siblings	: 12
core id		: 0
cpu cores	: 6
apicid		: 0
initial apicid	: 0
fpu		: yes
fpu_exception	: yes
cpuid level	: 22
wp		: yes
flags		: fpu vme de pse tsc msr pae mce cx8 apic sep mtrr pge mca cmov pat pse36 clflush dts acpi mmx fxsr sse sse2 ss ht tm pbe syscall nx pdpe1gb rdtscp lm constant_tsc art arch_perfmon pebs bts rep_good nopl xtopology nonstop_tsc cpuid aperfmperf pni pclmulqdq dtes64 monitor ds_cpl vmx est tm2 ssse3 sdbg fma cx16 xtpr pdcm pcid sse4_1 sse4_2 x2apic movbe popcnt tsc_deadline_timer aes xsave avx f16c rdrand lahf_lm abm 3dnowprefetch cpuid_fault epb invpcid_single pti ssbd ibrs ibpb stibp tpr_shadow vnmi flexpriority ept vpid ept_ad fsgsbase tsc_adjust bmi1 avx2 smep bmi2 erms invpcid mpx rdseed adx smap clflushopt intel_pt xsaveopt xsavec xgetbv1 xsaves dtherm ida arat pln pts hwp hwp_notify hwp_act_window hwp_epp md_clear flush_l1d
bugs		: cpu_meltdown spectre_v1 spectre_v2 spec_store_bypass l1tf mds swapgs itlb_multihit
bogomips	: 4399.99
clflush size	: 64
cache_alignment	: 64
address sizes	: 39 bits physical, 48 bits virtual
power management:

processor	: 1
vendor_id	: GenuineIntel
cpu family	: 6
model		: 158
model name	: Intel(R) Core(TM) i7-8750H CPU @ 2.20GHz
stepping	: 10
microcode	: 0xca
cpu MHz		: 3840.335
cache size	: 9216 KB
physical id	: 0
siblings	: 12
core id		: 1
cpu cores	: 6
apicid		: 2
initial apicid	: 2
fpu		: yes
fpu_exception	: yes
cpuid level	: 22
wp		: yes
flags		: fpu vme de pse tsc msr pae mce cx8 apic sep mtrr pge mca cmov pat pse36 clflush dts acpi mmx fxsr sse sse2 ss ht tm pbe syscall nx pdpe1gb rdtscp lm constant_tsc art arch_perfmon pebs bts rep_good nopl xtopology nonstop_tsc cpuid aperfmperf pni pclmulqdq dtes64 monitor ds_cpl vmx est tm2 ssse3 sdbg fma cx16 xtpr pdcm pcid sse4_1 sse4_2 x2apic movbe popcnt tsc_deadline_timer aes xsave avx f16c rdrand lahf_lm abm 3dnowprefetch cpuid_fault epb invpcid_single pti ssbd ibrs ibpb stibp tpr_shadow vnmi flexpriority ept vpid ept_ad fsgsbase tsc_adjust bmi1 avx2 smep bmi2 erms invpcid mpx rdseed adx smap clflushopt intel_pt xsaveopt xsavec xgetbv1 xsaves dtherm ida arat pln pts hwp hwp_notify hwp_act_window hwp_epp md_clear flush_l1d
bugs		: cpu_meltdown spectre_v1 spectre_v2 spec_store_bypass l1tf mds swapgs itlb_multihit
bogomips	: 4399.99
clflush size	: 64
cache_alignment	: 64
address sizes	: 39 bits physical, 48 bits virtual
power management:

processor	: 2
vendor_id	: GenuineIntel
cpu family	: 6
model		: 158
model name	: Intel(R) Core(TM) i7-8750H CPU @ 2.20GHz
stepping	: 10
microcode	: 0xca
cpu MHz		: 3900.844
cache size	: 9216 KB
physical id	: 0
siblings	: 12
core id		: 2
cpu cores	: 6
apicid		: 4
initial apicid	: 4
fpu		: yes
fpu_exception	: yes
cpuid level	: 22
wp		: yes
flags		: fpu vme de pse tsc msr pae mce cx8 apic sep mtrr pge mca cmov pat pse36 clflush dts acpi mmx fxsr sse sse2 ss ht tm pbe syscall nx pdpe1gb rdtscp lm constant_tsc art arch_perfmon pebs bts rep_good nopl xtopology nonstop_tsc cpuid aperfmperf pni pclmulqdq dtes64 monitor ds_cpl vmx est tm2 ssse3 sdbg fma cx16 xtpr pdcm pcid sse4_1 sse4_2 x2apic movbe popcnt tsc_deadline_timer aes xsave avx f16c rdrand lahf_lm abm 3dnowprefetch cpuid_fault epb invpcid_single pti ssbd ibrs ibpb stibp tpr_shadow vnmi flexpriority ept vpid ept_ad fsgsbase tsc_adjust bmi1 avx2 smep bmi2 erms invpcid mpx rdseed adx smap clflushopt intel_pt xsaveopt xsavec xgetbv1 xsaves dtherm ida arat pln pts hwp hwp_notify hwp_act_window hwp_epp md_clear flush_l1d
bugs		: cpu_meltdown spectre_v1 spectre_v2 spec_store_bypass l1tf mds swapgs itlb_multihit
bogomips	: 4399.99
clflush size	: 64
cache_alignment	: 64
address sizes	: 39 bits physical, 48 bits virtual
power management:

processor	: 3
vendor_id	: GenuineIntel
cpu family	: 6
model		: 158
model name	: Intel(R) Core(TM) i7-8750H CPU @ 2.20GHz
stepping	: 10
microcode	: 0xca
cpu MHz		: 3900.096
cache size	: 9216 KB
physical id	: 0
siblings	: 12
core id		: 3
cpu cores	: 6
apicid		: 6
initial apicid	: 6
fpu		: yes
fpu_exception	: yes
cpuid level	: 22
wp		: yes
flags		: fpu vme de pse tsc msr pae mce cx8 apic sep mtrr pge mca cmov pat pse36 clflush dts acpi mmx fxsr sse sse2 ss ht tm pbe syscall nx pdpe1gb rdtscp lm constant_tsc art arch_perfmon pebs bts rep_good nopl xtopology nonstop_tsc cpuid aperfmperf pni pclmulqdq dtes64 monitor ds_cpl vmx est tm2 ssse3 sdbg fma cx16 xtpr pdcm pcid sse4_1 sse4_2 x2apic movbe popcnt tsc_deadline_timer aes xsave avx f16c rdrand lahf_lm abm 3dnowprefetch cpuid_fault epb invpcid_single pti ssbd ibrs ibpb stibp tpr_shadow vnmi flexpriority ept vpid ept_ad fsgsbase tsc_adjust bmi1 avx2 smep bmi2 erms invpcid mpx rdseed adx smap clflushopt intel_pt xsaveopt xsavec xgetbv1 xsaves dtherm ida arat pln pts hwp hwp_notify hwp_act_window hwp_epp md_clear flush_l1d
bugs		: cpu_meltdown spectre_v1 spectre_v2 spec_store_bypass l1tf mds swapgs itlb_multihit
bogomips	: 4399.99
clflush size	: 64
cache_alignment	: 64
address sizes	: 39 bits physical, 48 bits virtual
power management:

processor	: 4
vendor_id	: GenuineIntel
cpu family	: 6
model		: 158
model name	: Intel(R) Core(TM) i7-8750H CPU @ 2.20GHz
stepping	: 10
microcode	: 0xca
cpu MHz		: 3900.735
cache size	: 9216 KB
physical id	: 0
siblings	: 12
core id		: 4
cpu cores	: 6
apicid		: 8
initial apicid	: 8
fpu		: yes
fpu_exception	: yes
cpuid level	: 22
wp		: yes
flags		: fpu vme de pse tsc msr pae mce cx8 apic sep mtrr pge mca cmov pat pse36 clflush dts acpi mmx fxsr sse sse2 ss ht tm pbe syscall nx pdpe1gb rdtscp lm constant_tsc art arch_perfmon pebs bts rep_good nopl xtopology nonstop_tsc cpuid aperfmperf pni pclmulqdq dtes64 monitor ds_cpl vmx est tm2 ssse3 sdbg fma cx16 xtpr pdcm pcid sse4_1 sse4_2 x2apic movbe popcnt tsc_deadline_timer aes xsave avx f16c rdrand lahf_lm abm 3dnowprefetch cpuid_fault epb invpcid_single pti ssbd ibrs ibpb stibp tpr_shadow vnmi flexpriority ept vpid ept_ad fsgsbase tsc_adjust bmi1 avx2 smep bmi2 erms invpcid mpx rdseed adx smap clflushopt intel_pt xsaveopt xsavec xgetbv1 xsaves dtherm ida arat pln pts hwp hwp_notify hwp_act_window hwp_epp md_clear flush_l1d
bugs		: cpu_meltdown spectre_v1 spectre_v2 spec_store_bypass l1tf mds swapgs itlb_multihit
bogomips	: 4399.99
clflush size	: 64
cache_alignment	: 64
address sizes	: 39 bits physical, 48 bits virtual
power management:

processor	: 5
vendor_id	: GenuineIntel
cpu family	: 6
model		: 158
model name	: Intel(R) Core(TM) i7-8750H CPU @ 2.20GHz
stepping	: 10
microcode	: 0xca
cpu MHz		: 3900.007
cache size	: 9216 KB
physical id	: 0
siblings	: 12
core id		: 5
cpu cores	: 6
apicid		: 10
initial apicid	: 10
fpu		: yes
fpu_exception	: yes
cpuid level	: 22
wp		: yes
flags		: fpu vme de pse tsc msr pae mce cx8 apic sep mtrr pge mca cmov pat pse36 clflush dts acpi mmx fxsr sse sse2 ss ht tm pbe syscall nx pdpe1gb rdtscp lm constant_tsc art arch_perfmon pebs bts rep_good nopl xtopology nonstop_tsc cpuid aperfmperf pni pclmulqdq dtes64 monitor ds_cpl vmx est tm2 ssse3 sdbg fma cx16 xtpr pdcm pcid sse4_1 sse4_2 x2apic movbe popcnt tsc_deadline_timer aes xsave avx f16c rdrand lahf_lm abm 3dnowprefetch cpuid_fault epb invpcid_single pti ssbd ibrs ibpb stibp tpr_shadow vnmi flexpriority ept vpid ept_ad fsgsbase tsc_adjust bmi1 avx2 smep bmi2 erms invpcid mpx rdseed adx smap clflushopt intel_pt xsaveopt xsavec xgetbv1 xsaves dtherm ida arat pln pts hwp hwp_notify hwp_act_window hwp_epp md_clear flush_l1d
bugs		: cpu_meltdown spectre_v1 spectre_v2 spec_store_bypass l1tf mds swapgs itlb_multihit
bogomips	: 4399.99
clflush size	: 64
cache_alignment	: 64
address sizes	: 39 bits physical, 48 bits virtual
power management:

processor	: 6
vendor_id	: GenuineIntel
cpu family	: 6
model		: 158
model name	: Intel(R) Core(TM) i7-8750H CPU @ 2.20GHz
stepping	: 10
microcode	: 0xca
cpu MHz		: 3900.172
cache size	: 9216 KB
physical id	: 0
siblings	: 12
core id		: 0
cpu cores	: 6
apicid		: 1
initial apicid	: 1
fpu		: yes
fpu_exception	: yes
cpuid level	: 22
wp		: yes
flags		: fpu vme de pse tsc msr pae mce cx8 apic sep mtrr pge mca cmov pat pse36 clflush dts acpi mmx fxsr sse sse2 ss ht tm pbe syscall nx pdpe1gb rdtscp lm constant_tsc art arch_perfmon pebs bts rep_good nopl xtopology nonstop_tsc cpuid aperfmperf pni pclmulqdq dtes64 monitor ds_cpl vmx est tm2 ssse3 sdbg fma cx16 xtpr pdcm pcid sse4_1 sse4_2 x2apic movbe popcnt tsc_deadline_timer aes xsave avx f16c rdrand lahf_lm abm 3dnowprefetch cpuid_fault epb invpcid_single pti ssbd ibrs ibpb stibp tpr_shadow vnmi flexpriority ept vpid ept_ad fsgsbase tsc_adjust bmi1 avx2 smep bmi2 erms invpcid mpx rdseed adx smap clflushopt intel_pt xsaveopt xsavec xgetbv1 xsaves dtherm ida arat pln pts hwp hwp_notify hwp_act_window hwp_epp md_clear flush_l1d
bugs		: cpu_meltdown spectre_v1 spectre_v2 spec_store_bypass l1tf mds swapgs itlb_multihit
bogomips	: 4399.99
clflush size	: 64
cache_alignment	: 64
address sizes	: 39 bits physical, 48 bits virtual
power management:

processor	: 7
vendor_id	: GenuineIntel
cpu family	: 6
model		: 158
model name	: Intel(R) Core(TM) i7-8750H CPU @ 2.20GHz
stepping	: 10
microcode	: 0xca
cpu MHz		: 3454.473
cache size	: 9216 KB
physical id	: 0
siblings	: 12
core id		: 1
cpu cores	: 6
apicid		: 3
initial apicid	: 3
fpu		: yes
fpu_exception	: yes
cpuid level	: 22
wp		: yes
flags		: fpu vme de pse tsc msr pae mce cx8 apic sep mtrr pge mca cmov pat pse36 clflush dts acpi mmx fxsr sse sse2 ss ht tm pbe syscall nx pdpe1gb rdtscp lm constant_tsc art arch_perfmon pebs bts rep_good nopl xtopology nonstop_tsc cpuid aperfmperf pni pclmulqdq dtes64 monitor ds_cpl vmx est tm2 ssse3 sdbg fma cx16 xtpr pdcm pcid sse4_1 sse4_2 x2apic movbe popcnt tsc_deadline_timer aes xsave avx f16c rdrand lahf_lm abm 3dnowprefetch cpuid_fault epb invpcid_single pti ssbd ibrs ibpb stibp tpr_shadow vnmi flexpriority ept vpid ept_ad fsgsbase tsc_adjust bmi1 avx2 smep bmi2 erms invpcid mpx rdseed adx smap clflushopt intel_pt xsaveopt xsavec xgetbv1 xsaves dtherm ida arat pln pts hwp hwp_notify hwp_act_window hwp_epp md_clear flush_l1d
bugs		: cpu_meltdown spectre_v1 spectre_v2 spec_store_bypass l1tf mds swapgs itlb_multihit
bogomips	: 4399.99
clflush size	: 64
cache_alignment	: 64
address sizes	: 39 bits physical, 48 bits virtual
power management:

processor	: 8
vendor_id	: GenuineIntel
cpu family	: 6
model		: 158
model name	: Intel(R) Core(TM) i7-8750H CPU @ 2.20GHz
stepping	: 10
microcode	: 0xca
cpu MHz		: 3901.244
cache size	: 9216 KB
physical id	: 0
siblings	: 12
core id		: 2
cpu cores	: 6
apicid		: 5
initial apicid	: 5
fpu		: yes
fpu_exception	: yes
cpuid level	: 22
wp		: yes
flags		: fpu vme de pse tsc msr pae mce cx8 apic sep mtrr pge mca cmov pat pse36 clflush dts acpi mmx fxsr sse sse2 ss ht tm pbe syscall nx pdpe1gb rdtscp lm constant_tsc art arch_perfmon pebs bts rep_good nopl xtopology nonstop_tsc cpuid aperfmperf pni pclmulqdq dtes64 monitor ds_cpl vmx est tm2 ssse3 sdbg fma cx16 xtpr pdcm pcid sse4_1 sse4_2 x2apic movbe popcnt tsc_deadline_timer aes xsave avx f16c rdrand lahf_lm abm 3dnowprefetch cpuid_fault epb invpcid_single pti ssbd ibrs ibpb stibp tpr_shadow vnmi flexpriority ept vpid ept_ad fsgsbase tsc_adjust bmi1 avx2 smep bmi2 erms invpcid mpx rdseed adx smap clflushopt intel_pt xsaveopt xsavec xgetbv1 xsaves dtherm ida arat pln pts hwp hwp_notify hwp_act_window hwp_epp md_clear flush_l1d
bugs		: cpu_meltdown spectre_v1 spectre_v2 spec_store_bypass l1tf mds swapgs itlb_multihit
bogomips	: 4399.99
clflush size	: 64
cache_alignment	: 64
address sizes	: 39 bits physical, 48 bits virtual
power management:

processor	: 9
vendor_id	: GenuineIntel
cpu family	: 6
model		: 158
model name	: Intel(R) Core(TM) i7-8750H CPU @ 2.20GHz
stepping	: 10
microcode	: 0xca
cpu MHz		: 3901.050
cache size	: 9216 KB
physical id	: 0
siblings	: 12
core id		: 3
cpu cores	: 6
apicid		: 7
initial apicid	: 7
fpu		: yes
fpu_exception	: yes
cpuid level	: 22
wp		: yes
flags		: fpu vme de pse tsc msr pae mce cx8 apic sep mtrr pge mca cmov pat pse36 clflush dts acpi mmx fxsr sse sse2 ss ht tm pbe syscall nx pdpe1gb rdtscp lm constant_tsc art arch_perfmon pebs bts rep_good nopl xtopology nonstop_tsc cpuid aperfmperf pni pclmulqdq dtes64 monitor ds_cpl vmx est tm2 ssse3 sdbg fma cx16 xtpr pdcm pcid sse4_1 sse4_2 x2apic movbe popcnt tsc_deadline_timer aes xsave avx f16c rdrand lahf_lm abm 3dnowprefetch cpuid_fault epb invpcid_single pti ssbd ibrs ibpb stibp tpr_shadow vnmi flexpriority ept vpid ept_ad fsgsbase tsc_adjust bmi1 avx2 smep bmi2 erms invpcid mpx rdseed adx smap clflushopt intel_pt xsaveopt xsavec xgetbv1 xsaves dtherm ida arat pln pts hwp hwp_notify hwp_act_window hwp_epp md_clear flush_l1d
bugs		: cpu_meltdown spectre_v1 spectre_v2 spec_store_bypass l1tf mds swapgs itlb_multihit
bogomips	: 4399.99
clflush size	: 64
cache_alignment	: 64
address sizes	: 39 bits physical, 48 bits virtual
power management:

processor	: 10
vendor_id	: GenuineIntel
cpu family	: 6
model		: 158
model name	: Intel(R) Core(TM) i7-8750H CPU @ 2.20GHz
stepping	: 10
microcode	: 0xca
cpu MHz		: 3900.000
cache size	: 9216 KB
physical id	: 0
siblings	: 12
core id		: 4
cpu cores	: 6
apicid		: 9
initial apicid	: 9
fpu		: yes
fpu_exception	: yes
cpuid level	: 22
wp		: yes
flags		: fpu vme de pse tsc msr pae mce cx8 apic sep mtrr pge mca cmov pat pse36 clflush dts acpi mmx fxsr sse sse2 ss ht tm pbe syscall nx pdpe1gb rdtscp lm constant_tsc art arch_perfmon pebs bts rep_good nopl xtopology nonstop_tsc cpuid aperfmperf pni pclmulqdq dtes64 monitor ds_cpl vmx est tm2 ssse3 sdbg fma cx16 xtpr pdcm pcid sse4_1 sse4_2 x2apic movbe popcnt tsc_deadline_timer aes xsave avx f16c rdrand lahf_lm abm 3dnowprefetch cpuid_fault epb invpcid_single pti ssbd ibrs ibpb stibp tpr_shadow vnmi flexpriority ept vpid ept_ad fsgsbase tsc_adjust bmi1 avx2 smep bmi2 erms invpcid mpx rdseed adx smap clflushopt intel_pt xsaveopt xsavec xgetbv1 xsaves dtherm ida arat pln pts hwp hwp_notify hwp_act_window hwp_epp md_clear flush_l1d
bugs		: cpu_meltdown spectre_v1 spectre_v2 spec_store_bypass l1tf mds swapgs itlb_multihit
bogomips	: 4399.99
clflush size	: 64
cache_alignment	: 64
address sizes	: 39 bits physical, 48 bits virtual
power management:

processor	: 11
vendor_id	: GenuineIntel
cpu family	: 6
model		: 158
model name	: Intel(R) Core(TM) i7-8750H CPU @ 2.20GHz
stepping	: 10
microcode	: 0xca
cpu MHz		: 3826.507
cache size	: 9216 KB
physical id	: 0
siblings	: 12
core id		: 5
cpu cores	: 6
apicid		: 11
initial apicid	: 11
fpu		: yes
fpu_exception	: yes
cpuid level	: 22
wp		: yes
flags		: fpu vme de pse tsc msr pae mce cx8 apic sep mtrr pge mca cmov pat pse36 clflush dts acpi mmx fxsr sse sse2 ss ht tm pbe syscall nx pdpe1gb rdtscp lm constant_tsc art arch_perfmon pebs bts rep_good nopl xtopology nonstop_tsc cpuid aperfmperf pni pclmulqdq dtes64 monitor ds_cpl vmx est tm2 ssse3 sdbg fma cx16 xtpr pdcm pcid sse4_1 sse4_2 x2apic movbe popcnt tsc_deadline_timer aes xsave avx f16c rdrand lahf_lm abm 3dnowprefetch cpuid_fault epb invpcid_single pti ssbd ibrs ibpb stibp tpr_shadow vnmi flexpriority ept vpid ept_ad fsgsbase tsc_adjust bmi1 avx2 smep bmi2 erms invpcid mpx rdseed adx smap clflushopt intel_pt xsaveopt xsavec xgetbv1 xsaves dtherm ida arat pln pts hwp hwp_notify hwp_act_window hwp_epp md_clear flush_l1d
bugs		: cpu_meltdown spectre_v1 spectre_v2 spec_store_bypass l1tf mds swapgs itlb_multihit
bogomips	: 4399.99
clflush size	: 64
cache_alignment	: 64
address sizes	: 39 bits physical, 48 bits virtual
power management:



Memory: 4k page, physical 32713520k(28628460k free), swap 2097148k(2097148k free)

vm_info: OpenJDK 64-Bit Server VM (25.222-b10) for linux-amd64 JRE (1.8.0_222-8u222-b10-1ubuntu1~18.04.1-b10), built on Jul 18 2019 18:52:48 by "buildd" with gcc 7.4.0

time: Wed Nov 27 22:42:56 2019
timezone: CST
elapsed time: 0 seconds (0d 0h 0m 0s)

