#
# A fatal error has been detected by the Java Runtime Environment:
#
#  SIGSEGV (0xb) at pc=0x0000000040013efa, pid=20060, tid=0x00007fbc55224700
#
# JRE version: OpenJDK Runtime Environment (8.0_222-b10) (build 1.8.0_222-8u222-b10-1ubuntu1~18.04.1-b10)
# Java VM: OpenJDK 64-Bit Server VM (25.222-b10 mixed mode linux-amd64 compressed oops)
# Problematic frame:
# C  0x0000000040013efa
#
# Failed to write core dump. Core dumps have been disabled. To enable core dumping, try "ulimit -c unlimited" before starting Java again
#
# If you would like to submit a bug report, please visit:
#   http://bugreport.java.com/bugreport/crash.jsp
# The crash happened outside the Java Virtual Machine in native code.
# See problematic frame for where to report the bug.
#

---------------  T H R E A D  ---------------

Current thread (0x00007fbc4c00b800):  JavaThread "main" [_thread_in_native, id=20065, stack(0x00007fbc55125000,0x00007fbc55225000)]

siginfo: si_signo: 11 (SIGSEGV), si_code: 1 (SEGV_MAPERR), si_addr: 0x0000000000000000

Registers:
RAX=0x00007fbbc477f820, RBX=0x0000000040d1b000, RCX=0x0000000000000000, RDX=0x00007fbc4c7605c4
RSP=0x00007fbc552231e8, RBP=0x000000003f800000, RSI=0x0000000000000000, RDI=0x0000000000000000
R8 =0x0000000000000005, R9 =0x0000000000000000, R10=0x0000000040d98950, R11=0x00007fbc4c7605d8
R12=0x0000000000000006, R13=0x0000000000000006, R14=0x00007fbc4c7605c0, R15=0x0000000000000090
RIP=0x0000000040013efa, EFLAGS=0x0000000000010246, CSGSFS=0x002b000000000033, ERR=0x0000000000000004
  TRAPNO=0x000000000000000e

Top of Stack: (sp=0x00007fbc552231e8)
0x00007fbc552231e8:   00007fbbd05c0f5d 00007fbc2ec68bf0
0x00007fbc552231f8:   00007fbc4c00b800 00000007c0061240
0x00007fbc55223208:   0000000600001405 0000000000000000
0x00007fbc55223218:   000000043c23f4f0 0000000040d1b000
0x00007fbc55223228:   00007fbc4cbc2598 00007fbc4c6997f0
0x00007fbc55223238:   0000000040013e80 00007fbc55223320
0x00007fbc55223248:   0000000000000000 0000000000000000
0x00007fbc55223258:   0000000000000000 00000006552232b0
0x00007fbc55223268:   00007fbc4c7605c0 0000000000000000
0x00007fbc55223278:   00007fbbce421210 00007fbc55223310
0x00007fbc55223288:   00007fbc53cc76b0 0000000000000000
0x00007fbc55223298:   00007fbbce421520 00007fbc4c6997f0
0x00007fbc552232a8:   0000000000000000 00007fbc552232e0
0x00007fbc552232b8:   41ad80ad00000000 00007fbc4c061a50
0x00007fbc552232c8:   0000000000000080 00007fbc55223310
0x00007fbc552232d8:   00007fbc537046fd 00000002f00df00d
0x00007fbc552232e8:   000000000000009a 00000001beefbeef
0x00007fbc552232f8:   0000000000000000 00000000f00df00d
0x00007fbc55223308:   0000000000000027 0000000040d1b000
0x00007fbc55223318:   00007fbc4cbc2ba0 00007fbbce421501
0x00007fbc55223328:   0000000000000000 0000000000000102
0x00007fbc55223338:   00007fbbd04efb87 0000000000000042
0x00007fbc55223348:   0000000000000000 0000000000000000
0x00007fbc55223358:   0000000040d72e44 00007fbc552233a0
0x00007fbc55223368:   0000000040d72e40 0000000040d1b000
0x00007fbc55223378:   0000000000000007 0000000000002133
0x00007fbc55223388:   00007fbbd04f05c1 00007fbc4c6a7db4
0x00007fbc55223398:   0000000301010123 0000000300002133
0x00007fbc552233a8:   0000000100000003 0000000800000002
0x00007fbc552233b8:   0000000400000001 00007fbc00000010
0x00007fbc552233c8:   000000184c9570b0 0000000000000102
0x00007fbc552233d8:   00c0000000000000 3fffffff3fffffff 

Instructions: (pc=0x0000000040013efa)
0x0000000040013eda:   68 04 48 be e0 26 d7 40 00 00 00 00 48 8b 36 48
0x0000000040013eea:   8b b6 38 03 00 00 48 8b f9 48 c1 e7 04 48 03 f7
0x0000000040013efa:   8b 3e 8b 6e 04 89 78 08 89 68 0c 8b 7e 08 8b 6e
0x0000000040013f0a:   0c 89 78 10 89 68 14 48 83 c0 18 49 3b d3 75 8d 

Register to memory mapping:

RAX=0x00007fbbc477f820 is an unknown value
RBX=0x0000000040d1b000 is an unknown value
RCX=0x0000000000000000 is an unknown value
RDX=0x00007fbc4c7605c4 is an unknown value
RSP=0x00007fbc552231e8 is pointing into the stack for thread: 0x00007fbc4c00b800
RBP=0x000000003f800000 is an unknown value
RSI=0x0000000000000000 is an unknown value
RDI=0x0000000000000000 is an unknown value
R8 =0x0000000000000005 is an unknown value
R9 =0x0000000000000000 is an unknown value
R10=0x0000000040d98950 is an unknown value
R11=0x00007fbc4c7605d8 is an unknown value
R12=0x0000000000000006 is an unknown value
R13=0x0000000000000006 is an unknown value
R14=0x00007fbc4c7605c0 is an unknown value
R15=0x0000000000000090 is an unknown value


Stack: [0x00007fbc55125000,0x00007fbc55225000],  sp=0x00007fbc552231e8,  free space=1016k
Native frames: (J=compiled Java code, j=interpreted, Vv=VM code, C=native code)
C  0x0000000040013efa

Java frames: (J=compiled Java code, j=interpreted, Vv=VM code)
j  org.lwjgl.opengl.GL11C.nglDrawElements(IIIJ)V+0
j  org.lwjgl.opengl.GL11C.glDrawElements(IIIJ)V+4
j  org.lwjgl.opengl.GL11.glDrawElements(IIIJ)V+4
j  rendering.MasterRenderer.renderEntity(Lmodels/Entity;)V+35
j  rendering.MasterRenderer.render()V+239
j  rendering.Game.render()V+4
j  main.Main.main([Ljava/lang/String;)V+27
v  ~StubRoutines::call_stub

---------------  P R O C E S S  ---------------

Java Threads: ( => current thread )
  0x00007fbc4c0d8000 JavaThread "Service Thread" daemon [_thread_blocked, id=20084, stack(0x00007fbc1025c000,0x00007fbc1035d000)]
  0x00007fbc4c0cc800 JavaThread "C1 CompilerThread3" daemon [_thread_blocked, id=20083, stack(0x00007fbc1035e000,0x00007fbc1045e000)]
  0x00007fbc4c0ca800 JavaThread "C2 CompilerThread2" daemon [_thread_in_native, id=20082, stack(0x00007fbc1045f000,0x00007fbc1055f000)]
  0x00007fbc4c0c9000 JavaThread "C2 CompilerThread1" daemon [_thread_blocked, id=20081, stack(0x00007fbc10560000,0x00007fbc10660000)]
  0x00007fbc4c0c6000 JavaThread "C2 CompilerThread0" daemon [_thread_blocked, id=20080, stack(0x00007fbc2c06a000,0x00007fbc2c16a000)]
  0x00007fbc4c0c4800 JavaThread "Signal Dispatcher" daemon [_thread_blocked, id=20079, stack(0x00007fbc2c16a000,0x00007fbc2c26b000)]
  0x00007fbc4c091800 JavaThread "Finalizer" daemon [_thread_blocked, id=20078, stack(0x00007fbc2c26b000,0x00007fbc2c36c000)]
  0x00007fbc4c08f800 JavaThread "Reference Handler" daemon [_thread_blocked, id=20077, stack(0x00007fbc2c36c000,0x00007fbc2c46d000)]
=>0x00007fbc4c00b800 JavaThread "main" [_thread_in_native, id=20065, stack(0x00007fbc55125000,0x00007fbc55225000)]

Other Threads:
  0x00007fbc4c085800 VMThread [stack: 0x00007fbc2c46e000,0x00007fbc2c56e000] [id=20076]
  0x00007fbc4c0da800 WatcherThread [stack: 0x00007fbc1015c000,0x00007fbc1025c000] [id=20085]

VM state:not at safepoint (normal execution)

VM Mutex/Monitor currently owned by a thread: None

heap address: 0x00000005ccc00000, size: 7988 MB, Compressed Oops mode: Zero based, Oop shift amount: 3
Narrow klass base: 0x0000000000000000, Narrow klass shift: 3
Compressed class space size: 1073741824 Address: 0x00000007c0000000

Heap:
 PSYoungGen      total 149504K, used 136374K [0x0000000719980000, 0x0000000724000000, 0x00000007c0000000)
  eden space 128512K, 98% used [0x0000000719980000,0x0000000721570570,0x0000000721700000)
  from space 20992K, 45% used [0x0000000721700000,0x000000072203d590,0x0000000722b80000)
  to   space 20992K, 0% used [0x0000000722b80000,0x0000000722b80000,0x0000000724000000)
 ParOldGen       total 341504K, used 8K [0x00000005ccc00000, 0x00000005e1980000, 0x0000000719980000)
  object space 341504K, 0% used [0x00000005ccc00000,0x00000005ccc02000,0x00000005e1980000)
 Metaspace       used 9492K, capacity 9705K, committed 9856K, reserved 1058816K
  class space    used 726K, capacity 841K, committed 896K, reserved 1048576K

Card table byte_map: [0x00007fbc50725000,0x00007fbc516c0000] byte_map_base: 0x00007fbc4d8bf000

Marking Bits: (ParMarkBitMap*) 0x00007fbc543bf360
 Begin Bits: [0x00007fbc10660000, 0x00007fbc18330000)
 End Bits:   [0x00007fbc18330000, 0x00007fbc20000000)

Polling page: 0x00007fbc55240000

CodeCache: size=245760Kb used=3574Kb max_used=3584Kb free=242185Kb
 bounds [0x00007fbc3d000000, 0x00007fbc3d390000, 0x00007fbc4c000000]
 total_blobs=1765 nmethods=859 adapters=821
 compilation: enabled

Compilation events (10 events):
Event: 0.830 Thread 0x00007fbc4c0cc800  856       3       math.Transform::setScale (6 bytes)
Event: 0.830 Thread 0x00007fbc4c0cc800 nmethod 856 0x00007fbc3d37d090 code [0x00007fbc3d37d1e0, 0x00007fbc3d37d350]
Event: 0.830 Thread 0x00007fbc4c0cc800  836       3       sun.misc.FDBigInteger::<init> (30 bytes)
Event: 0.830 Thread 0x00007fbc4c0cc800 nmethod 836 0x00007fbc3d37cc10 code [0x00007fbc3d37cd80, 0x00007fbc3d37cf88]
Event: 0.830 Thread 0x00007fbc4c0c6000 nmethod 858 0x00007fbc3d37fc90 code [0x00007fbc3d37fe00, 0x00007fbc3d37ff38]
Event: 0.832 Thread 0x00007fbc4c0c9000 nmethod 857 0x00007fbc3d37c450 code [0x00007fbc3d37c5c0, 0x00007fbc3d37c958]
Event: 0.832 Thread 0x00007fbc4c0cc800  859       1       GUI.GUIComponent::getEntity (5 bytes)
Event: 0.833 Thread 0x00007fbc4c0cc800 nmethod 859 0x00007fbc3d37f9d0 code [0x00007fbc3d37fb20, 0x00007fbc3d37fc30]
Event: 0.833 Thread 0x00007fbc4c0cc800  860       3       java.util.Vector::elementData (7 bytes)
Event: 0.833 Thread 0x00007fbc4c0cc800 nmethod 860 0x00007fbc3d37f5d0 code [0x00007fbc3d37f740, 0x00007fbc3d37f8d0]

GC Heap History (2 events):
Event: 0.718 GC heap before
{Heap before GC invocations=1 (full 0):
 PSYoungGen      total 149504K, used 128512K [0x0000000719980000, 0x0000000724000000, 0x00000007c0000000)
  eden space 128512K, 100% used [0x0000000719980000,0x0000000721700000,0x0000000721700000)
  from space 20992K, 0% used [0x0000000722b80000,0x0000000722b80000,0x0000000724000000)
  to   space 20992K, 0% used [0x0000000721700000,0x0000000721700000,0x0000000722b80000)
 ParOldGen       total 341504K, used 0K [0x00000005ccc00000, 0x00000005e1980000, 0x0000000719980000)
  object space 341504K, 0% used [0x00000005ccc00000,0x00000005ccc00000,0x00000005e1980000)
 Metaspace       used 9406K, capacity 9609K, committed 9856K, reserved 1058816K
  class space    used 719K, capacity 809K, committed 896K, reserved 1048576K
Event: 0.722 GC heap after
Heap after GC invocations=1 (full 0):
 PSYoungGen      total 149504K, used 9461K [0x0000000719980000, 0x0000000724000000, 0x00000007c0000000)
  eden space 128512K, 0% used [0x0000000719980000,0x0000000719980000,0x0000000721700000)
  from space 20992K, 45% used [0x0000000721700000,0x000000072203d590,0x0000000722b80000)
  to   space 20992K, 0% used [0x0000000722b80000,0x0000000722b80000,0x0000000724000000)
 ParOldGen       total 341504K, used 8K [0x00000005ccc00000, 0x00000005e1980000, 0x0000000719980000)
  object space 341504K, 0% used [0x00000005ccc00000,0x00000005ccc02000,0x00000005e1980000)
 Metaspace       used 9406K, capacity 9609K, committed 9856K, reserved 1058816K
  class space    used 719K, capacity 809K, committed 896K, reserved 1048576K
}

Deoptimization events (10 events):
Event: 0.596 Thread 0x00007fbc4c00b800 Uncommon trap: reason=array_check action=maybe_recompile pc=0x00007fbc3d2fe998 method=java.util.AbstractCollection.toArray([Ljava/lang/Object;)[Ljava/lang/Object; @ 119
Event: 0.596 Thread 0x00007fbc4c00b800 Uncommon trap: reason=array_check action=maybe_recompile pc=0x00007fbc3d2fe998 method=java.util.AbstractCollection.toArray([Ljava/lang/Object;)[Ljava/lang/Object; @ 119
Event: 0.604 Thread 0x00007fbc4c00b800 Uncommon trap: reason=unstable_if action=reinterpret pc=0x00007fbc3d31f0c0 method=sun.misc.FloatingDecimal.readJavaFormatString(Ljava/lang/String;)Lsun/misc/FloatingDecimal$ASCIIToBinaryConverter; @ 235
Event: 0.604 Thread 0x00007fbc4c00b800 Uncommon trap: reason=class_check action=maybe_recompile pc=0x00007fbc3d2f0d08 method=sun.misc.FloatingDecimal.parseFloat(Ljava/lang/String;)F @ 4
Event: 0.624 Thread 0x00007fbc4c00b800 Uncommon trap: reason=class_check action=maybe_recompile pc=0x00007fbc3d2f0d08 method=sun.misc.FloatingDecimal.parseFloat(Ljava/lang/String;)F @ 4
Event: 0.638 Thread 0x00007fbc4c00b800 Uncommon trap: reason=class_check action=maybe_recompile pc=0x00007fbc3d2f0d08 method=sun.misc.FloatingDecimal.parseFloat(Ljava/lang/String;)F @ 4
Event: 0.638 Thread 0x00007fbc4c00b800 Uncommon trap: reason=class_check action=maybe_recompile pc=0x00007fbc3d2f0d08 method=sun.misc.FloatingDecimal.parseFloat(Ljava/lang/String;)F @ 4
Event: 0.787 Thread 0x00007fbc4c00b800 Uncommon trap: reason=unstable_if action=reinterpret pc=0x00007fbc3d35eafc method=java.util.ArrayList$Itr.hasNext()Z @ 11
Event: 0.823 Thread 0x00007fbc4c00b800 Uncommon trap: reason=unstable_if action=reinterpret pc=0x00007fbc3d2fdae0 method=sun.misc.FloatingDecimal$ASCIIToBinaryBuffer.floatValue()F @ 65
Event: 0.826 Thread 0x00007fbc4c00b800 Uncommon trap: reason=unstable_if action=reinterpret pc=0x00007fbc3d35fa6c method=java.util.HashMap.getNode(ILjava/lang/Object;)Ljava/util/HashMap$Node; @ 116

Classes redefined (0 events):
No events

Internal exceptions (10 events):
Event: 0.104 Thread 0x00007fbc4c00b800 Exception <a 'java/security/PrivilegedActionException'> (0x0000000719f80cb0) thrown at [/build/openjdk-8-OqY7zN/openjdk-8-8u222-b10/src/hotspot/src/share/vm/prims/jvm.cpp, line 1502]
Event: 0.104 Thread 0x00007fbc4c00b800 Exception <a 'java/security/PrivilegedActionException'> (0x0000000719f80ec0) thrown at [/build/openjdk-8-OqY7zN/openjdk-8-8u222-b10/src/hotspot/src/share/vm/prims/jvm.cpp, line 1502]
Event: 0.104 Thread 0x00007fbc4c00b800 Exception <a 'java/security/PrivilegedActionException'> (0x0000000719f82f48) thrown at [/build/openjdk-8-OqY7zN/openjdk-8-8u222-b10/src/hotspot/src/share/vm/prims/jvm.cpp, line 1502]
Event: 0.104 Thread 0x00007fbc4c00b800 Exception <a 'java/security/PrivilegedActionException'> (0x0000000719f83158) thrown at [/build/openjdk-8-OqY7zN/openjdk-8-8u222-b10/src/hotspot/src/share/vm/prims/jvm.cpp, line 1502]
Event: 0.104 Thread 0x00007fbc4c00b800 Exception <a 'java/security/PrivilegedActionException'> (0x0000000719f83c30) thrown at [/build/openjdk-8-OqY7zN/openjdk-8-8u222-b10/src/hotspot/src/share/vm/prims/jvm.cpp, line 1502]
Event: 0.104 Thread 0x00007fbc4c00b800 Exception <a 'java/security/PrivilegedActionException'> (0x0000000719f83e40) thrown at [/build/openjdk-8-OqY7zN/openjdk-8-8u222-b10/src/hotspot/src/share/vm/prims/jvm.cpp, line 1502]
Event: 0.111 Thread 0x00007fbc4c00b800 Exception <a 'sun/nio/fs/UnixException'> (0x0000000719fb1b88) thrown at [/build/openjdk-8-OqY7zN/openjdk-8-8u222-b10/src/hotspot/src/share/vm/prims/jni.cpp, line 710]
Event: 0.115 Thread 0x00007fbc4c00b800 Exception <a 'sun/nio/fs/UnixException'> (0x0000000719fc2108) thrown at [/build/openjdk-8-OqY7zN/openjdk-8-8u222-b10/src/hotspot/src/share/vm/prims/jni.cpp, line 710]
Event: 0.300 Thread 0x00007fbc4c00b800 Exception <a 'sun/nio/fs/UnixException'> (0x000000071a0fffe8) thrown at [/build/openjdk-8-OqY7zN/openjdk-8-8u222-b10/src/hotspot/src/share/vm/prims/jni.cpp, line 710]
Event: 0.301 Thread 0x00007fbc4c00b800 Exception <a 'sun/nio/fs/UnixException'> (0x000000071a1080a0) thrown at [/build/openjdk-8-OqY7zN/openjdk-8-8u222-b10/src/hotspot/src/share/vm/prims/jni.cpp, line 710]

Events (10 events):
Event: 0.833 loading class java/util/LinkedHashMap$LinkedKeyIterator
Event: 0.833 loading class java/util/LinkedHashMap$LinkedHashIterator
Event: 0.833 loading class java/util/LinkedHashMap$LinkedHashIterator done
Event: 0.833 loading class java/util/LinkedHashMap$LinkedKeyIterator done
Event: 0.833 loading class math/Matrix
Event: 0.833 loading class math/Matrix done
Event: 0.833 loading class org/lwjgl/opengl/GL$ICDStatic$WriteOnce
Event: 0.833 loading class org/lwjgl/opengl/GL$ICDStatic$WriteOnce done
Event: 0.834 loading class math/Utils
Event: 0.834 loading class math/Utils done


Dynamic libraries:
40012000-40014000 r-xs 00000000 103:02 15728646                          /tmp/.gl3N6COv (deleted)
40d1b000-40dca000 rw-p 00000000 00:00 0 
5ccc00000-5e1980000 rw-p 00000000 00:00 0 
5e1980000-719980000 ---p 00000000 00:00 0 
719980000-724000000 rw-p 00000000 00:00 0 
724000000-7c0000000 ---p 00000000 00:00 0 
7c0000000-7c00e0000 rw-p 00000000 00:00 0 
7c00e0000-800000000 ---p 00000000 00:00 0 
562a5ff1f000-562a5ff20000 r-xp 00000000 103:02 9838898                   /usr/lib/jvm/java-8-openjdk-amd64/jre/bin/java
562a6011f000-562a60120000 r--p 00000000 103:02 9838898                   /usr/lib/jvm/java-8-openjdk-amd64/jre/bin/java
562a60120000-562a60121000 rw-p 00001000 103:02 9838898                   /usr/lib/jvm/java-8-openjdk-amd64/jre/bin/java
562a61946000-562a61967000 rw-p 00000000 00:00 0                          [heap]
7fbb90000000-7fbb90021000 rw-p 00000000 00:00 0 
7fbb90021000-7fbb94000000 ---p 00000000 00:00 0 
7fbb98000000-7fbb98021000 rw-p 00000000 00:00 0 
7fbb98021000-7fbb9c000000 ---p 00000000 00:00 0 
7fbb9c000000-7fbb9c021000 rw-p 00000000 00:00 0 
7fbb9c021000-7fbba0000000 ---p 00000000 00:00 0 
7fbba0000000-7fbba0021000 rw-p 00000000 00:00 0 
7fbba0021000-7fbba4000000 ---p 00000000 00:00 0 
7fbba4000000-7fbba4021000 rw-p 00000000 00:00 0 
7fbba4021000-7fbba8000000 ---p 00000000 00:00 0 
7fbba8000000-7fbba8021000 rw-p 00000000 00:00 0 
7fbba8021000-7fbbac000000 ---p 00000000 00:00 0 
7fbbac000000-7fbbac021000 rw-p 00000000 00:00 0 
7fbbac021000-7fbbb0000000 ---p 00000000 00:00 0 
7fbbb0000000-7fbbb0021000 rw-p 00000000 00:00 0 
7fbbb0021000-7fbbb4000000 ---p 00000000 00:00 0 
7fbbb4000000-7fbbb4021000 rw-p 00000000 00:00 0 
7fbbb4021000-7fbbb8000000 ---p 00000000 00:00 0 
7fbbb8000000-7fbbb8021000 rw-p 00000000 00:00 0 
7fbbb8021000-7fbbbc000000 ---p 00000000 00:00 0 
7fbbbdffc000-7fbbbe3fc000 rw-s 00000000 00:06 554                        /dev/nvidiactl
7fbbbe3fc000-7fbbbe7fc000 rw-s 00000000 00:06 554                        /dev/nvidiactl
7fbbbe7fc000-7fbbbebfd000 rw-p 00000000 00:00 0 
7fbbbeffe000-7fbbbf3fe000 rw-s 00000000 00:06 554                        /dev/nvidiactl
7fbbbf3fe000-7fbbbf7ff000 rw-p 00000000 00:00 0 
7fbbbf7ff000-7fbbbf800000 ---p 00000000 00:00 0 
7fbbbf800000-7fbbc0000000 rw-p 00000000 00:00 0 
7fbbc0000000-7fbbc0021000 rw-p 00000000 00:00 0 
7fbbc0021000-7fbbc4000000 ---p 00000000 00:00 0 
7fbbc43f9000-7fbbc47f9000 rw-s 00000000 00:06 554                        /dev/nvidiactl
7fbbc47f9000-7fbbc47fa000 ---p 00000000 00:00 0 
7fbbc47fa000-7fbbc4ffa000 rw-p 00000000 00:00 0 
7fbbc4ffa000-7fbbc4ffb000 ---p 00000000 00:00 0 
7fbbc4ffb000-7fbbc57fb000 rw-p 00000000 00:00 0 
7fbbc57fb000-7fbbc57fc000 ---p 00000000 00:00 0 
7fbbc57fc000-7fbbc5ffc000 rw-p 00000000 00:00 0 
7fbbc5ffc000-7fbbc5ffd000 ---p 00000000 00:00 0 
7fbbc5ffd000-7fbbc67fd000 rw-p 00000000 00:00 0 
7fbbc67fd000-7fbbc67fe000 ---p 00000000 00:00 0 
7fbbc67fe000-7fbbc6ffe000 rw-p 00000000 00:00 0 
7fbbc6ffe000-7fbbc6fff000 ---p 00000000 00:00 0 
7fbbc6fff000-7fbbc77ff000 rw-p 00000000 00:00 0 
7fbbc77ff000-7fbbc7800000 ---p 00000000 00:00 0 
7fbbc7800000-7fbbc8000000 rw-p 00000000 00:00 0 
7fbbc8000000-7fbbc8021000 rw-p 00000000 00:00 0 
7fbbc8021000-7fbbcc000000 ---p 00000000 00:00 0 
7fbbcc188000-7fbbcc388000 rw-s 00000000 00:06 554                        /dev/nvidiactl
7fbbcc388000-7fbbcc389000 ---p 00000000 00:00 0 
7fbbcc389000-7fbbccb89000 rw-p 00000000 00:00 0 
7fbbccb89000-7fbbccb8a000 ---p 00000000 00:00 0 
7fbbccb8a000-7fbbcd38a000 rw-p 00000000 00:00 0 
7fbbcd38a000-7fbbcd38b000 ---p 00000000 00:00 0 
7fbbcd38b000-7fbbcdb8b000 rw-p 00000000 00:00 0 
7fbbcdb8b000-7fbbcdb8c000 ---p 00000000 00:00 0 
7fbbcdb8c000-7fbbce44c000 rw-p 00000000 00:00 0 
7fbbce44c000-7fbbce58c000 ---p 00000000 00:00 0 
7fbbce58c000-7fbbce5cc000 rw-s 00000000 08:01 16256530                   /home/sam/#16256530 (deleted)
7fbbce5cc000-7fbbce624000 r-xp 00000000 103:02 15990860                  /tmp/lwjglsam/3.2.3-build-13/liblwjgl_opengl.so
7fbbce624000-7fbbce823000 ---p 00058000 103:02 15990860                  /tmp/lwjglsam/3.2.3-build-13/liblwjgl_opengl.so
7fbbce823000-7fbbce824000 r--p 00057000 103:02 15990860                  /tmp/lwjglsam/3.2.3-build-13/liblwjgl_opengl.so
7fbbce824000-7fbbce825000 rw-p 00058000 103:02 15990860                  /tmp/lwjglsam/3.2.3-build-13/liblwjgl_opengl.so
7fbbce825000-7fbbce82a000 r-xp 00000000 103:02 9839193                   /usr/lib/x86_64-linux-gnu/libxcb-sync.so.1.0.0
7fbbce82a000-7fbbcea2a000 ---p 00005000 103:02 9839193                   /usr/lib/x86_64-linux-gnu/libxcb-sync.so.1.0.0
7fbbcea2a000-7fbbcea2b000 r--p 00005000 103:02 9839193                   /usr/lib/x86_64-linux-gnu/libxcb-sync.so.1.0.0
7fbbcea2b000-7fbbcea2c000 rw-p 00006000 103:02 9839193                   /usr/lib/x86_64-linux-gnu/libxcb-sync.so.1.0.0
7fbbcea2c000-7fbbcea2e000 r-xp 00000000 103:02 9839185                   /usr/lib/x86_64-linux-gnu/libxcb-present.so.0.0.0
7fbbcea2e000-7fbbcec2d000 ---p 00002000 103:02 9839185                   /usr/lib/x86_64-linux-gnu/libxcb-present.so.0.0.0
7fbbcec2d000-7fbbcec2e000 r--p 00001000 103:02 9839185                   /usr/lib/x86_64-linux-gnu/libxcb-present.so.0.0.0
7fbbcec2e000-7fbbcec2f000 rw-p 00002000 103:02 9839185                   /usr/lib/x86_64-linux-gnu/libxcb-present.so.0.0.0
7fbbcec2f000-7fbbcec32000 r-xp 00000000 103:02 9839181                   /usr/lib/x86_64-linux-gnu/libxcb-dri3.so.0.0.0
7fbbcec32000-7fbbcee31000 ---p 00003000 103:02 9839181                   /usr/lib/x86_64-linux-gnu/libxcb-dri3.so.0.0.0
7fbbcee31000-7fbbcee32000 r--p 00002000 103:02 9839181                   /usr/lib/x86_64-linux-gnu/libxcb-dri3.so.0.0.0
7fbbcee32000-7fbbcee33000 rw-p 00003000 103:02 9839181                   /usr/lib/x86_64-linux-gnu/libxcb-dri3.so.0.0.0
7fbbcee33000-7fbbcee4b000 r-xp 00000000 103:02 9839183                   /usr/lib/x86_64-linux-gnu/libxcb-glx.so.0.0.0
7fbbcee4b000-7fbbcf04b000 ---p 00018000 103:02 9839183                   /usr/lib/x86_64-linux-gnu/libxcb-glx.so.0.0.0
7fbbcf04b000-7fbbcf04d000 r--p 00018000 103:02 9839183                   /usr/lib/x86_64-linux-gnu/libxcb-glx.so.0.0.0
7fbbcf04d000-7fbbcf04e000 rw-p 0001a000 103:02 9839183                   /usr/lib/x86_64-linux-gnu/libxcb-glx.so.0.0.0
7fbbcf04e000-7fbbcf0ce000 rw-s 00000000 00:06 554                        /dev/nvidiactl
7fbbcf1ce000-7fbbcf1de000 r-xp 00000000 103:02 9840432                   /usr/lib/x86_64-linux-gnu/libdrm.so.2.4.0
7fbbcf1de000-7fbbcf3dd000 ---p 00010000 103:02 9840432                   /usr/lib/x86_64-linux-gnu/libdrm.so.2.4.0
7fbbcf3dd000-7fbbcf3de000 r--p 0000f000 103:02 9840432                   /usr/lib/x86_64-linux-gnu/libdrm.so.2.4.0
7fbbcf3de000-7fbbcf3df000 rw-p 00010000 103:02 9840432                   /usr/lib/x86_64-linux-gnu/libdrm.so.2.4.0
7fbbcf3df000-7fbbcf584000 rw-s 00000000 00:06 554                        /dev/nvidiactl
7fbbcf584000-7fbbd085f000 r-xp 00000000 103:02 9840523                   /usr/lib/x86_64-linux-gnu/libnvidia-glcore.so.440.31
7fbbd085f000-7fbbd0880000 rwxp 012db000 103:02 9840523                   /usr/lib/x86_64-linux-gnu/libnvidia-glcore.so.440.31
7fbbd0880000-7fbbd0d91000 r-xp 012fc000 103:02 9840523                   /usr/lib/x86_64-linux-gnu/libnvidia-glcore.so.440.31
7fbbd0d91000-7fbbd0f90000 ---p 0180d000 103:02 9840523                   /usr/lib/x86_64-linux-gnu/libnvidia-glcore.so.440.31
7fbbd0f90000-7fbbd12d6000 rw-p 0180c000 103:02 9840523                   /usr/lib/x86_64-linux-gnu/libnvidia-glcore.so.440.31
7fbbd12d6000-7fbbd12f2000 rw-p 00000000 00:00 0 
7fbbd12f2000-7fbbd12f5000 r-xp 00000000 103:02 9840527                   /usr/lib/x86_64-linux-gnu/libnvidia-tls.so.440.31
7fbbd12f5000-7fbbd14f5000 ---p 00003000 103:02 9840527                   /usr/lib/x86_64-linux-gnu/libnvidia-tls.so.440.31
7fbbd14f5000-7fbbd14f6000 rw-p 00003000 103:02 9840527                   /usr/lib/x86_64-linux-gnu/libnvidia-tls.so.440.31
7fbbd14f6000-7fbbd159f000 r-xp 00000000 103:02 9840520                   /usr/lib/x86_64-linux-gnu/libGLX_nvidia.so.440.31
7fbbd159f000-7fbbd15d4000 rwxp 000a9000 103:02 9840520                   /usr/lib/x86_64-linux-gnu/libGLX_nvidia.so.440.31
7fbbd15d4000-7fbbd15e3000 r-xp 000de000 103:02 9840520                   /usr/lib/x86_64-linux-gnu/libGLX_nvidia.so.440.31
7fbbd15e3000-7fbbd17e2000 ---p 000ed000 103:02 9840520                   /usr/lib/x86_64-linux-gnu/libGLX_nvidia.so.440.31
7fbbd17e2000-7fbbd1806000 rw-p 000ec000 103:02 9840520                   /usr/lib/x86_64-linux-gnu/libGLX_nvidia.so.440.31
7fbbd1806000-7fbbd1808000 rw-p 00000000 00:00 0 
7fbbd1808000-7fbbd184a000 r-xp 00000000 103:02 9837994                   /usr/lib/x86_64-linux-gnu/libGLdispatch.so.0.0.0
7fbbd184a000-7fbbd1863000 r-xp 00042000 103:02 9837994                   /usr/lib/x86_64-linux-gnu/libGLdispatch.so.0.0.0
7fbbd1863000-7fbbd1876000 r-xp 0005b000 103:02 9837994                   /usr/lib/x86_64-linux-gnu/libGLdispatch.so.0.0.0
7fbbd1876000-7fbbd1a75000 ---p 0006e000 103:02 9837994                   /usr/lib/x86_64-linux-gnu/libGLdispatch.so.0.0.0
7fbbd1a75000-7fbbd1a9d000 r--p 0006d000 103:02 9837994                   /usr/lib/x86_64-linux-gnu/libGLdispatch.so.0.0.0
7fbbd1a9d000-7fbbd1a9e000 rw-p 00095000 103:02 9837994                   /usr/lib/x86_64-linux-gnu/libGLdispatch.so.0.0.0
7fbbd1a9e000-7fbbd1abe000 rw-p 00000000 00:00 0 
7fbbd1abe000-7fbbd1ace000 r-xp 00000000 103:02 9837992                   /usr/lib/x86_64-linux-gnu/libGLX.so.0.0.0
7fbbd1ace000-7fbbd1ccd000 ---p 00010000 103:02 9837992                   /usr/lib/x86_64-linux-gnu/libGLX.so.0.0.0
7fbbd1ccd000-7fbbd1cce000 r--p 0000f000 103:02 9837992                   /usr/lib/x86_64-linux-gnu/libGLX.so.0.0.0
7fbbd1cce000-7fbbd1ccf000 rw-p 00010000 103:02 9837992                   /usr/lib/x86_64-linux-gnu/libGLX.so.0.0.0
7fbbd1ccf000-7fbbd1cef000 rw-p 00000000 00:00 0 
7fbbd1cef000-7fbbd1d33000 r-xp 00000000 103:02 9837986                   /usr/lib/x86_64-linux-gnu/libGL.so.1.0.0
7fbbd1d33000-7fbbd1d4c000 r-xp 00044000 103:02 9837986                   /usr/lib/x86_64-linux-gnu/libGL.so.1.0.0
7fbbd1d4c000-7fbbd1d60000 r-xp 0005d000 103:02 9837986                   /usr/lib/x86_64-linux-gnu/libGL.so.1.0.0
7fbbd1d60000-7fbbd1f5f000 ---p 00071000 103:02 9837986                   /usr/lib/x86_64-linux-gnu/libGL.so.1.0.0
7fbbd1f5f000-7fbbd1f79000 r--p 00070000 103:02 9837986                   /usr/lib/x86_64-linux-gnu/libGL.so.1.0.0
7fbbd1f79000-7fbbd1f7a000 rw-p 0008a000 103:02 9837986                   /usr/lib/x86_64-linux-gnu/libGL.so.1.0.0
7fbbd1f7a000-7fbbd1f7b000 rw-p 00000000 00:00 0 
7fbbd1f7b000-7fbbd1f7c000 r-xp 00000000 103:02 9840453                   /usr/lib/x86_64-linux-gnu/libX11-xcb.so.1.0.0
7fbbd1f7c000-7fbbd217b000 ---p 00001000 103:02 9840453                   /usr/lib/x86_64-linux-gnu/libX11-xcb.so.1.0.0
7fbbd217b000-7fbbd217c000 r--p 00000000 103:02 9840453                   /usr/lib/x86_64-linux-gnu/libX11-xcb.so.1.0.0
7fbbd217c000-7fbbd217d000 rw-p 00001000 103:02 9840453                   /usr/lib/x86_64-linux-gnu/libX11-xcb.so.1.0.0
7fbbd217d000-7fbbd217f000 r-xp 00000000 103:02 9838067                   /usr/lib/x86_64-linux-gnu/libXinerama.so.1.0.0
7fbbd217f000-7fbbd237e000 ---p 00002000 103:02 9838067                   /usr/lib/x86_64-linux-gnu/libXinerama.so.1.0.0
7fbbd237e000-7fbbd237f000 r--p 00001000 103:02 9838067                   /usr/lib/x86_64-linux-gnu/libXinerama.so.1.0.0
7fbbd237f000-7fbbd2380000 rw-p 00002000 103:02 9838067                   /usr/lib/x86_64-linux-gnu/libXinerama.so.1.0.0
7fbbd2380000-7fbbd2385000 r-xp 00000000 103:02 9838059                   /usr/lib/x86_64-linux-gnu/libXfixes.so.3.1.0
7fbbd2385000-7fbbd2584000 ---p 00005000 103:02 9838059                   /usr/lib/x86_64-linux-gnu/libXfixes.so.3.1.0
7fbbd2584000-7fbbd2585000 r--p 00004000 103:02 9838059                   /usr/lib/x86_64-linux-gnu/libXfixes.so.3.1.0
7fbbd2585000-7fbbd2586000 rw-p 00005000 103:02 9838059                   /usr/lib/x86_64-linux-gnu/libXfixes.so.3.1.0
7fbbd2586000-7fbbd258f000 r-xp 00000000 103:02 9838051                   /usr/lib/x86_64-linux-gnu/libXcursor.so.1.0.2
7fbbd258f000-7fbbd278e000 ---p 00009000 103:02 9838051                   /usr/lib/x86_64-linux-gnu/libXcursor.so.1.0.2
7fbbd278e000-7fbbd278f000 r--p 00008000 103:02 9838051                   /usr/lib/x86_64-linux-gnu/libXcursor.so.1.0.2
7fbbd278f000-7fbbd2790000 rw-p 00009000 103:02 9838051                   /usr/lib/x86_64-linux-gnu/libXcursor.so.1.0.2
7fbbd2790000-7fbbd2799000 r-xp 00000000 103:02 9838077                   /usr/lib/x86_64-linux-gnu/libXrender.so.1.3.0
7fbbd2799000-7fbbd2998000 ---p 00009000 103:02 9838077                   /usr/lib/x86_64-linux-gnu/libXrender.so.1.3.0
7fbbd2998000-7fbbd2999000 r--p 00008000 103:02 9838077                   /usr/lib/x86_64-linux-gnu/libXrender.so.1.3.0
7fbbd2999000-7fbbd299a000 rw-p 00009000 103:02 9838077                   /usr/lib/x86_64-linux-gnu/libXrender.so.1.3.0
7fbbd299a000-7fbbd29a4000 r-xp 00000000 103:02 9838075                   /usr/lib/x86_64-linux-gnu/libXrandr.so.2.2.0
7fbbd29a4000-7fbbd2ba3000 ---p 0000a000 103:02 9838075                   /usr/lib/x86_64-linux-gnu/libXrandr.so.2.2.0
7fbbd2ba3000-7fbbd2ba4000 r--p 00009000 103:02 9838075                   /usr/lib/x86_64-linux-gnu/libXrandr.so.2.2.0
7fbbd2ba4000-7fbbd2ba5000 rw-p 0000a000 103:02 9838075                   /usr/lib/x86_64-linux-gnu/libXrandr.so.2.2.0
7fbbd2ba5000-7fbbd2bb4000 r-xp 00000000 103:02 9838065                   /usr/lib/x86_64-linux-gnu/libXi.so.6.1.0
7fbbd2bb4000-7fbbd2db3000 ---p 0000f000 103:02 9838065                   /usr/lib/x86_64-linux-gnu/libXi.so.6.1.0
7fbbd2db3000-7fbbd2db4000 r--p 0000e000 103:02 9838065                   /usr/lib/x86_64-linux-gnu/libXi.so.6.1.0
7fbbd2db4000-7fbbd2db5000 rw-p 0000f000 103:02 9838065                   /usr/lib/x86_64-linux-gnu/libXi.so.6.1.0
7fbbd2db5000-7fbbd2dc6000 r-xp 00000000 103:02 9838057                   /usr/lib/x86_64-linux-gnu/libXext.so.6.4.0
7fbbd2dc6000-7fbbd2fc5000 ---p 00011000 103:02 9838057                   /usr/lib/x86_64-linux-gnu/libXext.so.6.4.0
7fbbd2fc5000-7fbbd2fc6000 r--p 00010000 103:02 9838057                   /usr/lib/x86_64-linux-gnu/libXext.so.6.4.0
7fbbd2fc6000-7fbbd2fc7000 rw-p 00011000 103:02 9838057                   /usr/lib/x86_64-linux-gnu/libXext.so.6.4.0
7fbbd2fc7000-7fbbd2fcc000 r-xp 00000000 103:02 9838093                   /usr/lib/x86_64-linux-gnu/libXxf86vm.so.1.0.0
7fbbd2fcc000-7fbbd31cb000 ---p 00005000 103:02 9838093                   /usr/lib/x86_64-linux-gnu/libXxf86vm.so.1.0.0
7fbbd31cb000-7fbbd31cc000 r--p 00004000 103:02 9838093                   /usr/lib/x86_64-linux-gnu/libXxf86vm.so.1.0.0
7fbbd31cc000-7fbbd31cd000 rw-p 00005000 103:02 9838093                   /usr/lib/x86_64-linux-gnu/libXxf86vm.so.1.0.0
7fbbd31cd000-7fbbd31e0000 r-xp 00000000 103:02 22942382                  /lib/x86_64-linux-gnu/libbsd.so.0.8.7
7fbbd31e0000-7fbbd33df000 ---p 00013000 103:02 22942382                  /lib/x86_64-linux-gnu/libbsd.so.0.8.7
7fbbd33df000-7fbbd33e0000 r--p 00012000 103:02 22942382                  /lib/x86_64-linux-gnu/libbsd.so.0.8.7
7fbbd33e0000-7fbbd33e1000 rw-p 00013000 103:02 22942382                  /lib/x86_64-linux-gnu/libbsd.so.0.8.7
7fbbd33e1000-7fbbd33e2000 rw-p 00000000 00:00 0 
7fbbd33e2000-7fbbd33e7000 r-xp 00000000 103:02 9838055                   /usr/lib/x86_64-linux-gnu/libXdmcp.so.6.0.0
7fbbd33e7000-7fbbd35e6000 ---p 00005000 103:02 9838055                   /usr/lib/x86_64-linux-gnu/libXdmcp.so.6.0.0
7fbbd35e6000-7fbbd35e7000 r--p 00004000 103:02 9838055                   /usr/lib/x86_64-linux-gnu/libXdmcp.so.6.0.0
7fbbd35e7000-7fbbd35e8000 rw-p 00005000 103:02 9838055                   /usr/lib/x86_64-linux-gnu/libXdmcp.so.6.0.0
7fbbd35e8000-7fbbd360e000 r-xp 00000000 103:02 9840409                   /usr/lib/x86_64-linux-gnu/libxcb.so.1.1.0
7fbbd360e000-7fbbd380e000 ---p 00026000 103:02 9840409                   /usr/lib/x86_64-linux-gnu/libxcb.so.1.1.0
7fbbd380e000-7fbbd380f000 r--p 00026000 103:02 9840409                   /usr/lib/x86_64-linux-gnu/libxcb.so.1.1.0
7fbbd380f000-7fbbd3810000 rw-p 00027000 103:02 9840409                   /usr/lib/x86_64-linux-gnu/libxcb.so.1.1.0
7fbbd3810000-7fbbd3943000 r-xp 00000000 103:02 9839217                   /usr/lib/x86_64-linux-gnu/libX11.so.6.3.0
7fbbd3943000-7fbbd3b43000 ---p 00133000 103:02 9839217                   /usr/lib/x86_64-linux-gnu/libX11.so.6.3.0
7fbbd3b43000-7fbbd3b44000 r--p 00133000 103:02 9839217                   /usr/lib/x86_64-linux-gnu/libX11.so.6.3.0
7fbbd3b44000-7fbbd3b48000 rw-p 00134000 103:02 9839217                   /usr/lib/x86_64-linux-gnu/libX11.so.6.3.0
7fbbd3b48000-7fbbd3b8b000 r-xp 00000000 103:02 15990859                  /tmp/lwjglsam/3.2.3-build-13/libglfw.so
7fbbd3b8b000-7fbbd3d8a000 ---p 00043000 103:02 15990859                  /tmp/lwjglsam/3.2.3-build-13/libglfw.so
7fbbd3d8a000-7fbbd3d8b000 r--p 00042000 103:02 15990859                  /tmp/lwjglsam/3.2.3-build-13/libglfw.so
7fbbd3d8b000-7fbbd3d8d000 rw-p 00043000 103:02 15990859                  /tmp/lwjglsam/3.2.3-build-13/libglfw.so
7fbbd3d8d000-7fbbd3dae000 rw-p 00000000 00:00 0 
7fbbd3dae000-7fbbd3dff000 r-xp 00000000 103:02 15990858                  /tmp/lwjglsam/3.2.3-build-13/liblwjgl.so
7fbbd3dff000-7fbbd3ffe000 ---p 00051000 103:02 15990858                  /tmp/lwjglsam/3.2.3-build-13/liblwjgl.so
7fbbd3ffe000-7fbbd3fff000 r--p 00050000 103:02 15990858                  /tmp/lwjglsam/3.2.3-build-13/liblwjgl.so
7fbbd3fff000-7fbbd4000000 rw-p 00051000 103:02 15990858                  /tmp/lwjglsam/3.2.3-build-13/liblwjgl.so
7fbbd4000000-7fbbd4021000 rw-p 00000000 00:00 0 
7fbbd4021000-7fbbd8000000 ---p 00000000 00:00 0 
7fbbd8000000-7fbbd8021000 rw-p 00000000 00:00 0 
7fbbd8021000-7fbbdc000000 ---p 00000000 00:00 0 
7fbbdc000000-7fbbdca1a000 rw-p 00000000 00:00 0 
7fbbdca1a000-7fbbe0000000 ---p 00000000 00:00 0 
7fbbe0000000-7fbbe02ea000 rw-p 00000000 00:00 0 
7fbbe02ea000-7fbbe4000000 ---p 00000000 00:00 0 
7fbbe4000000-7fbbe4655000 rw-p 00000000 00:00 0 
7fbbe4655000-7fbbe8000000 ---p 00000000 00:00 0 
7fbbe8000000-7fbbe866e000 rw-p 00000000 00:00 0 
7fbbe866e000-7fbbec000000 ---p 00000000 00:00 0 
7fbbec000000-7fbbec021000 rw-p 00000000 00:00 0 
7fbbec021000-7fbbf0000000 ---p 00000000 00:00 0 
7fbbf0000000-7fbbf0021000 rw-p 00000000 00:00 0 
7fbbf0021000-7fbbf4000000 ---p 00000000 00:00 0 
7fbbf4000000-7fbbf4021000 rw-p 00000000 00:00 0 
7fbbf4021000-7fbbf8000000 ---p 00000000 00:00 0 
7fbbf8000000-7fbbf8021000 rw-p 00000000 00:00 0 
7fbbf8021000-7fbbfc000000 ---p 00000000 00:00 0 
7fbbfc000000-7fbbfc021000 rw-p 00000000 00:00 0 
7fbbfc021000-7fbc00000000 ---p 00000000 00:00 0 
7fbc00000000-7fbc00021000 rw-p 00000000 00:00 0 
7fbc00021000-7fbc04000000 ---p 00000000 00:00 0 
7fbc04000000-7fbc04021000 rw-p 00000000 00:00 0 
7fbc04021000-7fbc08000000 ---p 00000000 00:00 0 
7fbc08003000-7fbc08005000 r-xp 00000000 103:02 9838044                   /usr/lib/x86_64-linux-gnu/libXau.so.6.0.0
7fbc08005000-7fbc08205000 ---p 00002000 103:02 9838044                   /usr/lib/x86_64-linux-gnu/libXau.so.6.0.0
7fbc08205000-7fbc08206000 r--p 00002000 103:02 9838044                   /usr/lib/x86_64-linux-gnu/libXau.so.6.0.0
7fbc08206000-7fbc08207000 rw-p 00003000 103:02 9838044                   /usr/lib/x86_64-linux-gnu/libXau.so.6.0.0
7fbc08207000-7fbc0b208000 rw-p 00000000 00:00 0 
7fbc0b208000-7fbc0b21e000 r-xp 00000000 103:02 9839031                   /usr/lib/jvm/java-8-openjdk-amd64/jre/lib/amd64/libnet.so
7fbc0b21e000-7fbc0b41d000 ---p 00016000 103:02 9839031                   /usr/lib/jvm/java-8-openjdk-amd64/jre/lib/amd64/libnet.so
7fbc0b41d000-7fbc0b41e000 r--p 00015000 103:02 9839031                   /usr/lib/jvm/java-8-openjdk-amd64/jre/lib/amd64/libnet.so
7fbc0b41e000-7fbc0b41f000 rw-p 00016000 103:02 9839031                   /usr/lib/jvm/java-8-openjdk-amd64/jre/lib/amd64/libnet.so
7fbc0b41f000-7fbc0b430000 r-xp 00000000 103:02 9839036                   /usr/lib/jvm/java-8-openjdk-amd64/jre/lib/amd64/libnio.so
7fbc0b430000-7fbc0b62f000 ---p 00011000 103:02 9839036                   /usr/lib/jvm/java-8-openjdk-amd64/jre/lib/amd64/libnio.so
7fbc0b62f000-7fbc0b630000 r--p 00010000 103:02 9839036                   /usr/lib/jvm/java-8-openjdk-amd64/jre/lib/amd64/libnio.so
7fbc0b630000-7fbc0b631000 rw-p 00011000 103:02 9839036                   /usr/lib/jvm/java-8-openjdk-amd64/jre/lib/amd64/libnio.so
7fbc0b631000-7fbc0c000000 r--p 00000000 103:02 9837060                   /usr/lib/locale/locale-archive
7fbc0c000000-7fbc0c021000 rw-p 00000000 00:00 0 
7fbc0c021000-7fbc10000000 ---p 00000000 00:00 0 
7fbc10008000-7fbc10048000 r-xs 00000000 08:01 16256530                   /home/sam/#16256530 (deleted)
7fbc10048000-7fbc1005b000 rw-s 00000000 00:06 554                        /dev/nvidiactl
7fbc1005b000-7fbc1009b000 rw-s 00000000 00:06 554                        /dev/nvidiactl
7fbc1009b000-7fbc100bb000 rw-s 00000000 00:06 554                        /dev/nvidiactl
7fbc100bb000-7fbc100fb000 rw-s 00000000 00:06 554                        /dev/nvidiactl
7fbc100fb000-7fbc1011b000 rw-s 00000000 00:06 554                        /dev/nvidiactl
7fbc1011b000-7fbc1015b000 rw-s 00000000 00:06 554                        /dev/nvidiactl
7fbc1015b000-7fbc1015c000 ---p 00000000 00:00 0 
7fbc1015c000-7fbc1025c000 rw-p 00000000 00:00 0 
7fbc1025c000-7fbc1025f000 ---p 00000000 00:00 0 
7fbc1025f000-7fbc1035d000 rw-p 00000000 00:00 0 
7fbc1035d000-7fbc1035e000 ---p 00000000 00:00 0 
7fbc1035e000-7fbc10361000 ---p 00000000 00:00 0 
7fbc10361000-7fbc1045e000 rw-p 00000000 00:00 0 
7fbc1045e000-7fbc1045f000 ---p 00000000 00:00 0 
7fbc1045f000-7fbc10462000 ---p 00000000 00:00 0 
7fbc10462000-7fbc1055f000 rw-p 00000000 00:00 0 
7fbc1055f000-7fbc10560000 ---p 00000000 00:00 0 
7fbc10560000-7fbc10563000 ---p 00000000 00:00 0 
7fbc10563000-7fbc20000000 rw-p 00000000 00:00 0 
7fbc20000000-7fbc20021000 rw-p 00000000 00:00 0 
7fbc20021000-7fbc24000000 ---p 00000000 00:00 0 
7fbc24000000-7fbc24021000 rw-p 00000000 00:00 0 
7fbc24021000-7fbc28000000 ---p 00000000 00:00 0 
7fbc28000000-7fbc28021000 rw-p 00000000 00:00 0 
7fbc28021000-7fbc2c000000 ---p 00000000 00:00 0 
7fbc2c006000-7fbc2c007000 r-xp 00000000 00:00 0 
7fbc2c007000-7fbc2c00a000 rw-s 00000000 00:06 554                        /dev/nvidiactl
7fbc2c00a000-7fbc2c00c000 rw-s 00000000 103:02 15728646                  /tmp/.gl3N6COv (deleted)
7fbc2c00c000-7fbc2c010000 rw-s 00000000 00:06 554                        /dev/nvidiactl
7fbc2c010000-7fbc2c011000 rw-s 00000000 00:06 556                        /dev/nvidia0
7fbc2c011000-7fbc2c013000 rw-s 00000000 00:06 554                        /dev/nvidiactl
7fbc2c013000-7fbc2c017000 rw-s 00000000 00:06 554                        /dev/nvidiactl
7fbc2c017000-7fbc2c018000 rw-s 00000000 00:06 556                        /dev/nvidia0
7fbc2c018000-7fbc2c019000 rw-s 00000000 00:06 556                        /dev/nvidia0
7fbc2c019000-7fbc2c01a000 rw-s 00000000 00:06 556                        /dev/nvidia0
7fbc2c03a000-7fbc2c03b000 rw-s 00000000 00:06 554                        /dev/nvidiactl
7fbc2c03b000-7fbc2c03c000 rw-s 00000000 00:06 554                        /dev/nvidiactl
7fbc2c03c000-7fbc2c03d000 rw-s 00000000 00:06 554                        /dev/nvidiactl
7fbc2c03d000-7fbc2c044000 r--s 00000000 103:02 10095718                  /usr/lib/x86_64-linux-gnu/gconv/gconv-modules.cache
7fbc2c044000-7fbc2c057000 r--s 00346000 103:02 9839324                   /usr/lib/jvm/java-8-openjdk-amd64/jre/lib/resources.jar
7fbc2c057000-7fbc2c058000 r--s 00002000 08:01 16253464                   /home/sam/Downloads/pngdecoder-1.0.jar
7fbc2c058000-7fbc2c059000 r--s 00022000 08:01 17960234                   /home/sam/Downloads/lwjgl-3.2.3/lwjgl-glfw/lwjgl-glfw-natives-linux-arm64.jar
7fbc2c059000-7fbc2c05c000 r--s 00018000 08:01 17960240                   /home/sam/Downloads/lwjgl-3.2.3/lwjgl-glfw/lwjgl-glfw.jar
7fbc2c05c000-7fbc2c05e000 r--s 0000d000 08:01 19795215                   /home/sam/Downloads/lwjgl-3.2.3/lwjgl-opengl/lwjgl-opengl-natives-linux-arm64.jar
7fbc2c05e000-7fbc2c069000 r--s 000da000 08:01 19795221                   /home/sam/Downloads/lwjgl-3.2.3/lwjgl-opengl/lwjgl-opengl.jar
7fbc2c069000-7fbc2c06a000 ---p 00000000 00:00 0 
7fbc2c06a000-7fbc2c06d000 ---p 00000000 00:00 0 
7fbc2c06d000-7fbc2c16a000 rw-p 00000000 00:00 0 
7fbc2c16a000-7fbc2c16d000 ---p 00000000 00:00 0 
7fbc2c16d000-7fbc2c26b000 rw-p 00000000 00:00 0 
7fbc2c26b000-7fbc2c26e000 ---p 00000000 00:00 0 
7fbc2c26e000-7fbc2c36c000 rw-p 00000000 00:00 0 
7fbc2c36c000-7fbc2c36f000 ---p 00000000 00:00 0 
7fbc2c36f000-7fbc2c46d000 rw-p 00000000 00:00 0 
7fbc2c46d000-7fbc2c46e000 ---p 00000000 00:00 0 
7fbc2c46e000-7fbc2e696000 rw-p 00000000 00:00 0 
7fbc2e696000-7fbc2e866000 r--s 03c5c000 103:02 9839328                   /usr/lib/jvm/java-8-openjdk-amd64/jre/lib/rt.jar
7fbc2e866000-7fbc30000000 rw-p 00000000 00:00 0 
7fbc30000000-7fbc30021000 rw-p 00000000 00:00 0 
7fbc30021000-7fbc34000000 ---p 00000000 00:00 0 
7fbc34000000-7fbc34021000 rw-p 00000000 00:00 0 
7fbc34021000-7fbc38000000 ---p 00000000 00:00 0 
7fbc38000000-7fbc38021000 rw-p 00000000 00:00 0 
7fbc38021000-7fbc3c000000 ---p 00000000 00:00 0 
7fbc3c000000-7fbc3c001000 r--s 00026000 08:01 17960235                   /home/sam/Downloads/lwjgl-3.2.3/lwjgl-glfw/lwjgl-glfw-natives-linux.jar
7fbc3c001000-7fbc3c002000 r--s 00013000 08:01 19795216                   /home/sam/Downloads/lwjgl-3.2.3/lwjgl-opengl/lwjgl-opengl-natives-linux.jar
7fbc3c002000-7fbc3c003000 r--s 0000c000 08:01 16517972                   /home/sam/Downloads/lwjgl-3.2.3/lwjgl/lwjgl-natives-linux-arm64.jar
7fbc3c003000-7fbc3c004000 r--s 00012000 08:01 16517973                   /home/sam/Downloads/lwjgl-3.2.3/lwjgl/lwjgl-natives-linux.jar
7fbc3c004000-7fbc3c00b000 r--s 00081000 08:01 16518147                   /home/sam/Downloads/lwjgl-3.2.3/lwjgl/lwjgl.jar
7fbc3c00b000-7fbc3c010000 r--s 0003c000 103:02 9839214                   /usr/lib/jvm/java-8-openjdk-amd64/jre/lib/ext/sunjce_provider.jar
7fbc3c010000-7fbc3c013000 r--s 00039000 103:02 9839215                   /usr/lib/jvm/java-8-openjdk-amd64/jre/lib/ext/sunpkcs11.jar
7fbc3c013000-7fbc3c296000 rw-p 00000000 00:00 0 
7fbc3c296000-7fbc3c297000 ---p 00000000 00:00 0 
7fbc3c297000-7fbc3c397000 rw-p 00000000 00:00 0 
7fbc3c397000-7fbc3c398000 ---p 00000000 00:00 0 
7fbc3c398000-7fbc3c498000 rw-p 00000000 00:00 0 
7fbc3c498000-7fbc3c499000 ---p 00000000 00:00 0 
7fbc3c499000-7fbc3c640000 rw-p 00000000 00:00 0 
7fbc3c640000-7fbc3d000000 ---p 00000000 00:00 0 
7fbc3d000000-7fbc3d390000 rwxp 00000000 00:00 0 
7fbc3d390000-7fbc4c000000 ---p 00000000 00:00 0 
7fbc4c000000-7fbc4d87f000 rw-p 00000000 00:00 0 
7fbc4d87f000-7fbc50000000 ---p 00000000 00:00 0 
7fbc50000000-7fbc50003000 r--s 0000f000 103:02 9839204                   /usr/lib/jvm/java-8-openjdk-amd64/jre/lib/ext/icedtea-sound.jar
7fbc50003000-7fbc5001e000 r--s 001d6000 103:02 9839212                   /usr/lib/jvm/java-8-openjdk-amd64/jre/lib/ext/nashorn.jar
7fbc5001e000-7fbc5001f000 ---p 00000000 00:00 0 
7fbc5001f000-7fbc5011f000 rw-p 00000000 00:00 0 
7fbc5011f000-7fbc50120000 ---p 00000000 00:00 0 
7fbc50120000-7fbc50220000 rw-p 00000000 00:00 0 
7fbc50220000-7fbc50221000 ---p 00000000 00:00 0 
7fbc50221000-7fbc50321000 rw-p 00000000 00:00 0 
7fbc50321000-7fbc50322000 ---p 00000000 00:00 0 
7fbc50322000-7fbc50422000 rw-p 00000000 00:00 0 
7fbc50422000-7fbc50423000 ---p 00000000 00:00 0 
7fbc50423000-7fbc50523000 rw-p 00000000 00:00 0 
7fbc50523000-7fbc50524000 ---p 00000000 00:00 0 
7fbc50524000-7fbc50624000 rw-p 00000000 00:00 0 
7fbc50624000-7fbc50625000 ---p 00000000 00:00 0 
7fbc50625000-7fbc507cc000 rw-p 00000000 00:00 0 
7fbc507cc000-7fbc5118b000 ---p 00000000 00:00 0 
7fbc5118b000-7fbc511df000 rw-p 00000000 00:00 0 
7fbc511df000-7fbc516bf000 ---p 00000000 00:00 0 
7fbc516bf000-7fbc516cf000 rw-p 00000000 00:00 0 
7fbc516cf000-7fbc51a80000 ---p 00000000 00:00 0 
7fbc51a80000-7fbc51a88000 r-xp 00000000 103:02 9839091                   /usr/lib/jvm/java-8-openjdk-amd64/jre/lib/amd64/libzip.so
7fbc51a88000-7fbc51c87000 ---p 00008000 103:02 9839091                   /usr/lib/jvm/java-8-openjdk-amd64/jre/lib/amd64/libzip.so
7fbc51c87000-7fbc51c88000 r--p 00007000 103:02 9839091                   /usr/lib/jvm/java-8-openjdk-amd64/jre/lib/amd64/libzip.so
7fbc51c88000-7fbc51c89000 rw-p 00008000 103:02 9839091                   /usr/lib/jvm/java-8-openjdk-amd64/jre/lib/amd64/libzip.so
7fbc51c89000-7fbc51c94000 r-xp 00000000 103:02 22942476                  /lib/x86_64-linux-gnu/libnss_files-2.27.so
7fbc51c94000-7fbc51e93000 ---p 0000b000 103:02 22942476                  /lib/x86_64-linux-gnu/libnss_files-2.27.so
7fbc51e93000-7fbc51e94000 r--p 0000a000 103:02 22942476                  /lib/x86_64-linux-gnu/libnss_files-2.27.so
7fbc51e94000-7fbc51e95000 rw-p 0000b000 103:02 22942476                  /lib/x86_64-linux-gnu/libnss_files-2.27.so
7fbc51e95000-7fbc51e9b000 rw-p 00000000 00:00 0 
7fbc51e9b000-7fbc51eb2000 r-xp 00000000 103:02 22942470                  /lib/x86_64-linux-gnu/libnsl-2.27.so
7fbc51eb2000-7fbc520b1000 ---p 00017000 103:02 22942470                  /lib/x86_64-linux-gnu/libnsl-2.27.so
7fbc520b1000-7fbc520b2000 r--p 00016000 103:02 22942470                  /lib/x86_64-linux-gnu/libnsl-2.27.so
7fbc520b2000-7fbc520b3000 rw-p 00017000 103:02 22942470                  /lib/x86_64-linux-gnu/libnsl-2.27.so
7fbc520b3000-7fbc520b5000 rw-p 00000000 00:00 0 
7fbc520b5000-7fbc520c0000 r-xp 00000000 103:02 22942487                  /lib/x86_64-linux-gnu/libnss_nis-2.27.so
7fbc520c0000-7fbc522bf000 ---p 0000b000 103:02 22942487                  /lib/x86_64-linux-gnu/libnss_nis-2.27.so
7fbc522bf000-7fbc522c0000 r--p 0000a000 103:02 22942487                  /lib/x86_64-linux-gnu/libnss_nis-2.27.so
7fbc522c0000-7fbc522c1000 rw-p 0000b000 103:02 22942487                  /lib/x86_64-linux-gnu/libnss_nis-2.27.so
7fbc522c1000-7fbc522c9000 r-xp 00000000 103:02 22942472                  /lib/x86_64-linux-gnu/libnss_compat-2.27.so
7fbc522c9000-7fbc524c9000 ---p 00008000 103:02 22942472                  /lib/x86_64-linux-gnu/libnss_compat-2.27.so
7fbc524c9000-7fbc524ca000 r--p 00008000 103:02 22942472                  /lib/x86_64-linux-gnu/libnss_compat-2.27.so
7fbc524ca000-7fbc524cb000 rw-p 00009000 103:02 22942472                  /lib/x86_64-linux-gnu/libnss_compat-2.27.so
7fbc524cb000-7fbc524f5000 r-xp 00000000 103:02 9838982                   /usr/lib/jvm/java-8-openjdk-amd64/jre/lib/amd64/libjava.so
7fbc524f5000-7fbc526f4000 ---p 0002a000 103:02 9838982                   /usr/lib/jvm/java-8-openjdk-amd64/jre/lib/amd64/libjava.so
7fbc526f4000-7fbc526f5000 r--p 00029000 103:02 9838982                   /usr/lib/jvm/java-8-openjdk-amd64/jre/lib/amd64/libjava.so
7fbc526f5000-7fbc526f7000 rw-p 0002a000 103:02 9838982                   /usr/lib/jvm/java-8-openjdk-amd64/jre/lib/amd64/libjava.so
7fbc526f7000-7fbc52707000 r-xp 00000000 103:02 9839073                   /usr/lib/jvm/java-8-openjdk-amd64/jre/lib/amd64/libverify.so
7fbc52707000-7fbc52906000 ---p 00010000 103:02 9839073                   /usr/lib/jvm/java-8-openjdk-amd64/jre/lib/amd64/libverify.so
7fbc52906000-7fbc52908000 r--p 0000f000 103:02 9839073                   /usr/lib/jvm/java-8-openjdk-amd64/jre/lib/amd64/libverify.so
7fbc52908000-7fbc52909000 rw-p 00011000 103:02 9839073                   /usr/lib/jvm/java-8-openjdk-amd64/jre/lib/amd64/libverify.so
7fbc52909000-7fbc52910000 r-xp 00000000 103:02 22942527                  /lib/x86_64-linux-gnu/librt-2.27.so
7fbc52910000-7fbc52b0f000 ---p 00007000 103:02 22942527                  /lib/x86_64-linux-gnu/librt-2.27.so
7fbc52b0f000-7fbc52b10000 r--p 00006000 103:02 22942527                  /lib/x86_64-linux-gnu/librt-2.27.so
7fbc52b10000-7fbc52b11000 rw-p 00007000 103:02 22942527                  /lib/x86_64-linux-gnu/librt-2.27.so
7fbc52b11000-7fbc52b28000 r-xp 00000000 103:02 22937606                  /lib/x86_64-linux-gnu/libgcc_s.so.1
7fbc52b28000-7fbc52d27000 ---p 00017000 103:02 22937606                  /lib/x86_64-linux-gnu/libgcc_s.so.1
7fbc52d27000-7fbc52d28000 r--p 00016000 103:02 22937606                  /lib/x86_64-linux-gnu/libgcc_s.so.1
7fbc52d28000-7fbc52d29000 rw-p 00017000 103:02 22937606                  /lib/x86_64-linux-gnu/libgcc_s.so.1
7fbc52d29000-7fbc52ec6000 r-xp 00000000 103:02 22942449                  /lib/x86_64-linux-gnu/libm-2.27.so
7fbc52ec6000-7fbc530c5000 ---p 0019d000 103:02 22942449                  /lib/x86_64-linux-gnu/libm-2.27.so
7fbc530c5000-7fbc530c6000 r--p 0019c000 103:02 22942449                  /lib/x86_64-linux-gnu/libm-2.27.so
7fbc530c6000-7fbc530c7000 rw-p 0019d000 103:02 22942449                  /lib/x86_64-linux-gnu/libm-2.27.so
7fbc530c7000-7fbc53240000 r-xp 00000000 103:02 9830530                   /usr/lib/x86_64-linux-gnu/libstdc++.so.6.0.25
7fbc53240000-7fbc53440000 ---p 00179000 103:02 9830530                   /usr/lib/x86_64-linux-gnu/libstdc++.so.6.0.25
7fbc53440000-7fbc5344a000 r--p 00179000 103:02 9830530                   /usr/lib/x86_64-linux-gnu/libstdc++.so.6.0.25
7fbc5344a000-7fbc5344c000 rw-p 00183000 103:02 9830530                   /usr/lib/x86_64-linux-gnu/libstdc++.so.6.0.25
7fbc5344c000-7fbc53450000 rw-p 00000000 00:00 0 
7fbc53450000-7fbc540ef000 r-xp 00000000 103:02 9839139                   /usr/lib/jvm/java-8-openjdk-amd64/jre/lib/amd64/server/libjvm.so
7fbc540ef000-7fbc542ef000 ---p 00c9f000 103:02 9839139                   /usr/lib/jvm/java-8-openjdk-amd64/jre/lib/amd64/server/libjvm.so
7fbc542ef000-7fbc54383000 r--p 00c9f000 103:02 9839139                   /usr/lib/jvm/java-8-openjdk-amd64/jre/lib/amd64/server/libjvm.so
7fbc54383000-7fbc543ac000 rw-p 00d33000 103:02 9839139                   /usr/lib/jvm/java-8-openjdk-amd64/jre/lib/amd64/server/libjvm.so
7fbc543ac000-7fbc543dc000 rw-p 00000000 00:00 0 
7fbc543dc000-7fbc543f6000 r-xp 00000000 103:02 22942519                  /lib/x86_64-linux-gnu/libpthread-2.27.so
7fbc543f6000-7fbc545f5000 ---p 0001a000 103:02 22942519                  /lib/x86_64-linux-gnu/libpthread-2.27.so
7fbc545f5000-7fbc545f6000 r--p 00019000 103:02 22942519                  /lib/x86_64-linux-gnu/libpthread-2.27.so
7fbc545f6000-7fbc545f7000 rw-p 0001a000 103:02 22942519                  /lib/x86_64-linux-gnu/libpthread-2.27.so
7fbc545f7000-7fbc545fb000 rw-p 00000000 00:00 0 
7fbc545fb000-7fbc545fe000 r-xp 00000000 103:02 22942409                  /lib/x86_64-linux-gnu/libdl-2.27.so
7fbc545fe000-7fbc547fd000 ---p 00003000 103:02 22942409                  /lib/x86_64-linux-gnu/libdl-2.27.so
7fbc547fd000-7fbc547fe000 r--p 00002000 103:02 22942409                  /lib/x86_64-linux-gnu/libdl-2.27.so
7fbc547fe000-7fbc547ff000 rw-p 00003000 103:02 22942409                  /lib/x86_64-linux-gnu/libdl-2.27.so
7fbc547ff000-7fbc5481b000 r-xp 00000000 103:02 22942558                  /lib/x86_64-linux-gnu/libz.so.1.2.11
7fbc5481b000-7fbc54a1a000 ---p 0001c000 103:02 22942558                  /lib/x86_64-linux-gnu/libz.so.1.2.11
7fbc54a1a000-7fbc54a1b000 r--p 0001b000 103:02 22942558                  /lib/x86_64-linux-gnu/libz.so.1.2.11
7fbc54a1b000-7fbc54a1c000 rw-p 0001c000 103:02 22942558                  /lib/x86_64-linux-gnu/libz.so.1.2.11
7fbc54a1c000-7fbc54c03000 r-xp 00000000 103:02 22942386                  /lib/x86_64-linux-gnu/libc-2.27.so
7fbc54c03000-7fbc54e03000 ---p 001e7000 103:02 22942386                  /lib/x86_64-linux-gnu/libc-2.27.so
7fbc54e03000-7fbc54e07000 r--p 001e7000 103:02 22942386                  /lib/x86_64-linux-gnu/libc-2.27.so
7fbc54e07000-7fbc54e09000 rw-p 001eb000 103:02 22942386                  /lib/x86_64-linux-gnu/libc-2.27.so
7fbc54e09000-7fbc54e0d000 rw-p 00000000 00:00 0 
7fbc54e0d000-7fbc54e1b000 r-xp 00000000 103:02 9838942                   /usr/lib/jvm/java-8-openjdk-amd64/jre/lib/amd64/jli/libjli.so
7fbc54e1b000-7fbc5501a000 ---p 0000e000 103:02 9838942                   /usr/lib/jvm/java-8-openjdk-amd64/jre/lib/amd64/jli/libjli.so
7fbc5501a000-7fbc5501b000 r--p 0000d000 103:02 9838942                   /usr/lib/jvm/java-8-openjdk-amd64/jre/lib/amd64/jli/libjli.so
7fbc5501b000-7fbc5501c000 rw-p 0000e000 103:02 9838942                   /usr/lib/jvm/java-8-openjdk-amd64/jre/lib/amd64/jli/libjli.so
7fbc5501c000-7fbc55043000 r-xp 00000000 103:02 22942358                  /lib/x86_64-linux-gnu/ld-2.27.so
7fbc55043000-7fbc55044000 r--s 0000a000 103:02 9839205                   /usr/lib/jvm/java-8-openjdk-amd64/jre/lib/ext/jaccess.jar
7fbc55044000-7fbc5505f000 r--s 00394000 103:02 9839202                   /usr/lib/jvm/java-8-openjdk-amd64/jre/lib/ext/cldrdata.jar
7fbc5505f000-7fbc55124000 rw-p 00000000 00:00 0 
7fbc55124000-7fbc55125000 ---p 00000000 00:00 0 
7fbc55125000-7fbc55128000 ---p 00000000 00:00 0 
7fbc55128000-7fbc55227000 rw-p 00000000 00:00 0 
7fbc55227000-7fbc55229000 r--s 00001000 103:02 9839203                   /usr/lib/jvm/java-8-openjdk-amd64/jre/lib/ext/dnsns.jar
7fbc55229000-7fbc55233000 r--s 00116000 103:02 9839206                   /usr/lib/jvm/java-8-openjdk-amd64/jre/lib/ext/localedata.jar
7fbc55233000-7fbc55235000 r--s 00007000 103:02 10224650                  /usr/share/java/java-atk-wrapper.jar
7fbc55235000-7fbc55236000 r--s 0000d000 103:02 9839213                   /usr/lib/jvm/java-8-openjdk-amd64/jre/lib/ext/sunec.jar
7fbc55236000-7fbc55237000 r--s 00010000 103:02 9839216                   /usr/lib/jvm/java-8-openjdk-amd64/jre/lib/ext/zipfs.jar
7fbc55237000-7fbc5523f000 rw-s 00000000 103:02 15990797                  /tmp/hsperfdata_sam/20060
7fbc5523f000-7fbc55240000 rw-p 00000000 00:00 0 
7fbc55240000-7fbc55241000 r--p 00000000 00:00 0 
7fbc55241000-7fbc55243000 rw-p 00000000 00:00 0 
7fbc55243000-7fbc55244000 r--p 00027000 103:02 22942358                  /lib/x86_64-linux-gnu/ld-2.27.so
7fbc55244000-7fbc55245000 rw-p 00028000 103:02 22942358                  /lib/x86_64-linux-gnu/ld-2.27.so
7fbc55245000-7fbc55246000 rw-p 00000000 00:00 0 
7fff94490000-7fff944b1000 rw-p 00000000 00:00 0                          [stack]
7fff94519000-7fff9451c000 r--p 00000000 00:00 0                          [vvar]
7fff9451c000-7fff9451d000 r-xp 00000000 00:00 0                          [vdso]
ffffffffff600000-ffffffffff601000 --xp 00000000 00:00 0                  [vsyscall]

VM Arguments:
jvm_args: -Dfile.encoding=UTF-8 
java_command: main.Main
java_class_path (initial): /home/sam/Downloads/lwjgl-3.2.3/lwjgl/lwjgl.jar:/home/sam/Downloads/lwjgl-3.2.3/lwjgl/lwjgl-natives-linux.jar:/home/sam/Downloads/lwjgl-3.2.3/lwjgl/lwjgl-natives-linux-arm64.jar:/home/sam/Downloads/lwjgl-3.2.3/lwjgl-opengl/lwjgl-opengl.jar:/home/sam/Downloads/lwjgl-3.2.3/lwjgl-opengl/lwjgl-opengl-natives-linux.jar:/home/sam/Downloads/lwjgl-3.2.3/lwjgl-opengl/lwjgl-opengl-natives-linux-arm64.jar:/home/sam/Downloads/lwjgl-3.2.3/lwjgl-glfw/lwjgl-glfw.jar:/home/sam/Downloads/lwjgl-3.2.3/lwjgl-glfw/lwjgl-glfw-natives-linux.jar:/home/sam/Downloads/lwjgl-3.2.3/lwjgl-glfw/lwjgl-glfw-natives-linux-arm64.jar:/home/sam/Downloads/pngdecoder-1.0.jar:/home/sam/eclipse/workspace/LWJGL-ENGINE/bin
Launcher Type: SUN_STANDARD

Environment Variables:
PATH=/usr/local/sbin:/usr/local/bin:/usr/sbin:/usr/bin:/sbin:/bin:/usr/games:/usr/local/games:/snap/bin
USERNAME=sam
SHELL=/bin/bash
DISPLAY=:0

Signal Handlers:
SIGSEGV: [libjvm.so+0xab92f0], sa_mask[0]=11111111011111111101111111111110, sa_flags=SA_RESTART|SA_SIGINFO
SIGBUS: [libjvm.so+0xab92f0], sa_mask[0]=11111111011111111101111111111110, sa_flags=SA_RESTART|SA_SIGINFO
SIGFPE: [libjvm.so+0x8ee560], sa_mask[0]=11111111011111111101111111111110, sa_flags=SA_RESTART|SA_SIGINFO
SIGPIPE: [libjvm.so+0x8ee560], sa_mask[0]=11111111011111111101111111111110, sa_flags=SA_RESTART|SA_SIGINFO
SIGXFSZ: [libjvm.so+0x8ee560], sa_mask[0]=11111111011111111101111111111110, sa_flags=SA_RESTART|SA_SIGINFO
SIGILL: [libjvm.so+0x8ee560], sa_mask[0]=11111111011111111101111111111110, sa_flags=SA_RESTART|SA_SIGINFO
SIGUSR1: SIG_DFL, sa_mask[0]=00000000000000000000000000000000, sa_flags=none
SIGUSR2: [libjvm.so+0x8ee410], sa_mask[0]=00100000000000000000000000000000, sa_flags=SA_RESTART|SA_SIGINFO
SIGHUP: [libjvm.so+0x8eea80], sa_mask[0]=11111111011111111101111111111110, sa_flags=SA_RESTART|SA_SIGINFO
SIGINT: [libjvm.so+0x8eea80], sa_mask[0]=11111111011111111101111111111110, sa_flags=SA_RESTART|SA_SIGINFO
SIGTERM: [libjvm.so+0x8eea80], sa_mask[0]=11111111011111111101111111111110, sa_flags=SA_RESTART|SA_SIGINFO
SIGQUIT: [libjvm.so+0x8eea80], sa_mask[0]=11111111011111111101111111111110, sa_flags=SA_RESTART|SA_SIGINFO


---------------  S Y S T E M  ---------------

OS:DISTRIB_ID=Ubuntu
DISTRIB_RELEASE=18.04
DISTRIB_CODENAME=bionic
DISTRIB_DESCRIPTION="Ubuntu 18.04.3 LTS"

uname:Linux 5.3.0-23-generic #25~18.04.2-Ubuntu SMP Thu Nov 21 22:27:50 UTC 2019 x86_64
libc:glibc 2.27 NPTL 2.27 
rlimit: STACK 8192k, CORE 0k, NPROC 127594, NOFILE 1048576, AS infinity
load average:0.89 0.49 0.22

/proc/meminfo:
MemTotal:       32713520 kB
MemFree:        28405324 kB
MemAvailable:   29158696 kB
Buffers:           99116 kB
Cached:          1223108 kB
SwapCached:            0 kB
Active:          3193440 kB
Inactive:         669952 kB
Active(anon):    2583372 kB
Inactive(anon):   191508 kB
Active(file):     610068 kB
Inactive(file):   478444 kB
Unevictable:       41212 kB
Mlocked:             368 kB
SwapTotal:       2097148 kB
SwapFree:        2097148 kB
Dirty:               208 kB
Writeback:            28 kB
AnonPages:       2582740 kB
Mapped:           553804 kB
Shmem:            233720 kB
KReclaimable:      68400 kB
Slab:             156312 kB
SReclaimable:      68400 kB
SUnreclaim:        87912 kB
KernelStack:       18264 kB
PageTables:        65464 kB
NFS_Unstable:          0 kB
Bounce:                0 kB
WritebackTmp:          0 kB
CommitLimit:    18453908 kB
Committed_AS:   10462500 kB
VmallocTotal:   34359738367 kB
VmallocUsed:       61876 kB
VmallocChunk:          0 kB
Percpu:             5760 kB
HardwareCorrupted:     0 kB
AnonHugePages:         0 kB
ShmemHugePages:        0 kB
ShmemPmdMapped:        0 kB
CmaTotal:              0 kB
CmaFree:               0 kB
HugePages_Total:       0
HugePages_Free:        0
HugePages_Rsvd:        0
HugePages_Surp:        0
Hugepagesize:       2048 kB
Hugetlb:               0 kB
DirectMap4k:      342688 kB
DirectMap2M:     7872512 kB
DirectMap1G:    25165824 kB

container (cgroup) information:
container_type: cgroupv1
cpu_cpuset_cpus: 0-11
cpu_memory_nodes: 0
active_processor_count: 12
cpu_quota: -1
cpu_period: 100000
cpu_shares: -1
memory_limit_in_bytes: -1
memory_and_swap_limit_in_bytes: -2
memory_soft_limit_in_bytes: -1
memory_usage_in_bytes: 3998052352
memory_max_usage_in_bytes: 0


CPU:total 12 (initial active 12) (6 cores per cpu, 2 threads per core) family 6 model 158 stepping 10, cmov, cx8, fxsr, mmx, sse, sse2, sse3, ssse3, sse4.1, sse4.2, popcnt, avx, avx2, aes, clmul, erms, 3dnowpref, lzcnt, ht, tsc, tscinvbit, bmi1, bmi2, adx

/proc/cpuinfo:
processor	: 0
vendor_id	: GenuineIntel
cpu family	: 6
model		: 158
model name	: Intel(R) Core(TM) i7-8750H CPU @ 2.20GHz
stepping	: 10
microcode	: 0xca
cpu MHz		: 3900.863
cache size	: 9216 KB
physical id	: 0
siblings	: 12
core id		: 0
cpu cores	: 6
apicid		: 0
initial apicid	: 0
fpu		: yes
fpu_exception	: yes
cpuid level	: 22
wp		: yes
flags		: fpu vme de pse tsc msr pae mce cx8 apic sep mtrr pge mca cmov pat pse36 clflush dts acpi mmx fxsr sse sse2 ss ht tm pbe syscall nx pdpe1gb rdtscp lm constant_tsc art arch_perfmon pebs bts rep_good nopl xtopology nonstop_tsc cpuid aperfmperf pni pclmulqdq dtes64 monitor ds_cpl vmx est tm2 ssse3 sdbg fma cx16 xtpr pdcm pcid sse4_1 sse4_2 x2apic movbe popcnt tsc_deadline_timer aes xsave avx f16c rdrand lahf_lm abm 3dnowprefetch cpuid_fault epb invpcid_single pti ssbd ibrs ibpb stibp tpr_shadow vnmi flexpriority ept vpid ept_ad fsgsbase tsc_adjust bmi1 avx2 smep bmi2 erms invpcid mpx rdseed adx smap clflushopt intel_pt xsaveopt xsavec xgetbv1 xsaves dtherm ida arat pln pts hwp hwp_notify hwp_act_window hwp_epp md_clear flush_l1d
bugs		: cpu_meltdown spectre_v1 spectre_v2 spec_store_bypass l1tf mds swapgs itlb_multihit
bogomips	: 4399.99
clflush size	: 64
cache_alignment	: 64
address sizes	: 39 bits physical, 48 bits virtual
power management:

processor	: 1
vendor_id	: GenuineIntel
cpu family	: 6
model		: 158
model name	: Intel(R) Core(TM) i7-8750H CPU @ 2.20GHz
stepping	: 10
microcode	: 0xca
cpu MHz		: 3900.229
cache size	: 9216 KB
physical id	: 0
siblings	: 12
core id		: 1
cpu cores	: 6
apicid		: 2
initial apicid	: 2
fpu		: yes
fpu_exception	: yes
cpuid level	: 22
wp		: yes
flags		: fpu vme de pse tsc msr pae mce cx8 apic sep mtrr pge mca cmov pat pse36 clflush dts acpi mmx fxsr sse sse2 ss ht tm pbe syscall nx pdpe1gb rdtscp lm constant_tsc art arch_perfmon pebs bts rep_good nopl xtopology nonstop_tsc cpuid aperfmperf pni pclmulqdq dtes64 monitor ds_cpl vmx est tm2 ssse3 sdbg fma cx16 xtpr pdcm pcid sse4_1 sse4_2 x2apic movbe popcnt tsc_deadline_timer aes xsave avx f16c rdrand lahf_lm abm 3dnowprefetch cpuid_fault epb invpcid_single pti ssbd ibrs ibpb stibp tpr_shadow vnmi flexpriority ept vpid ept_ad fsgsbase tsc_adjust bmi1 avx2 smep bmi2 erms invpcid mpx rdseed adx smap clflushopt intel_pt xsaveopt xsavec xgetbv1 xsaves dtherm ida arat pln pts hwp hwp_notify hwp_act_window hwp_epp md_clear flush_l1d
bugs		: cpu_meltdown spectre_v1 spectre_v2 spec_store_bypass l1tf mds swapgs itlb_multihit
bogomips	: 4399.99
clflush size	: 64
cache_alignment	: 64
address sizes	: 39 bits physical, 48 bits virtual
power management:

processor	: 2
vendor_id	: GenuineIntel
cpu family	: 6
model		: 158
model name	: Intel(R) Core(TM) i7-8750H CPU @ 2.20GHz
stepping	: 10
microcode	: 0xca
cpu MHz		: 3899.863
cache size	: 9216 KB
physical id	: 0
siblings	: 12
core id		: 2
cpu cores	: 6
apicid		: 4
initial apicid	: 4
fpu		: yes
fpu_exception	: yes
cpuid level	: 22
wp		: yes
flags		: fpu vme de pse tsc msr pae mce cx8 apic sep mtrr pge mca cmov pat pse36 clflush dts acpi mmx fxsr sse sse2 ss ht tm pbe syscall nx pdpe1gb rdtscp lm constant_tsc art arch_perfmon pebs bts rep_good nopl xtopology nonstop_tsc cpuid aperfmperf pni pclmulqdq dtes64 monitor ds_cpl vmx est tm2 ssse3 sdbg fma cx16 xtpr pdcm pcid sse4_1 sse4_2 x2apic movbe popcnt tsc_deadline_timer aes xsave avx f16c rdrand lahf_lm abm 3dnowprefetch cpuid_fault epb invpcid_single pti ssbd ibrs ibpb stibp tpr_shadow vnmi flexpriority ept vpid ept_ad fsgsbase tsc_adjust bmi1 avx2 smep bmi2 erms invpcid mpx rdseed adx smap clflushopt intel_pt xsaveopt xsavec xgetbv1 xsaves dtherm ida arat pln pts hwp hwp_notify hwp_act_window hwp_epp md_clear flush_l1d
bugs		: cpu_meltdown spectre_v1 spectre_v2 spec_store_bypass l1tf mds swapgs itlb_multihit
bogomips	: 4399.99
clflush size	: 64
cache_alignment	: 64
address sizes	: 39 bits physical, 48 bits virtual
power management:

processor	: 3
vendor_id	: GenuineIntel
cpu family	: 6
model		: 158
model name	: Intel(R) Core(TM) i7-8750H CPU @ 2.20GHz
stepping	: 10
microcode	: 0xca
cpu MHz		: 3900.054
cache size	: 9216 KB
physical id	: 0
siblings	: 12
core id		: 3
cpu cores	: 6
apicid		: 6
initial apicid	: 6
fpu		: yes
fpu_exception	: yes
cpuid level	: 22
wp		: yes
flags		: fpu vme de pse tsc msr pae mce cx8 apic sep mtrr pge mca cmov pat pse36 clflush dts acpi mmx fxsr sse sse2 ss ht tm pbe syscall nx pdpe1gb rdtscp lm constant_tsc art arch_perfmon pebs bts rep_good nopl xtopology nonstop_tsc cpuid aperfmperf pni pclmulqdq dtes64 monitor ds_cpl vmx est tm2 ssse3 sdbg fma cx16 xtpr pdcm pcid sse4_1 sse4_2 x2apic movbe popcnt tsc_deadline_timer aes xsave avx f16c rdrand lahf_lm abm 3dnowprefetch cpuid_fault epb invpcid_single pti ssbd ibrs ibpb stibp tpr_shadow vnmi flexpriority ept vpid ept_ad fsgsbase tsc_adjust bmi1 avx2 smep bmi2 erms invpcid mpx rdseed adx smap clflushopt intel_pt xsaveopt xsavec xgetbv1 xsaves dtherm ida arat pln pts hwp hwp_notify hwp_act_window hwp_epp md_clear flush_l1d
bugs		: cpu_meltdown spectre_v1 spectre_v2 spec_store_bypass l1tf mds swapgs itlb_multihit
bogomips	: 4399.99
clflush size	: 64
cache_alignment	: 64
address sizes	: 39 bits physical, 48 bits virtual
power management:

processor	: 4
vendor_id	: GenuineIntel
cpu family	: 6
model		: 158
model name	: Intel(R) Core(TM) i7-8750H CPU @ 2.20GHz
stepping	: 10
microcode	: 0xca
cpu MHz		: 3906.394
cache size	: 9216 KB
physical id	: 0
siblings	: 12
core id		: 4
cpu cores	: 6
apicid		: 8
initial apicid	: 8
fpu		: yes
fpu_exception	: yes
cpuid level	: 22
wp		: yes
flags		: fpu vme de pse tsc msr pae mce cx8 apic sep mtrr pge mca cmov pat pse36 clflush dts acpi mmx fxsr sse sse2 ss ht tm pbe syscall nx pdpe1gb rdtscp lm constant_tsc art arch_perfmon pebs bts rep_good nopl xtopology nonstop_tsc cpuid aperfmperf pni pclmulqdq dtes64 monitor ds_cpl vmx est tm2 ssse3 sdbg fma cx16 xtpr pdcm pcid sse4_1 sse4_2 x2apic movbe popcnt tsc_deadline_timer aes xsave avx f16c rdrand lahf_lm abm 3dnowprefetch cpuid_fault epb invpcid_single pti ssbd ibrs ibpb stibp tpr_shadow vnmi flexpriority ept vpid ept_ad fsgsbase tsc_adjust bmi1 avx2 smep bmi2 erms invpcid mpx rdseed adx smap clflushopt intel_pt xsaveopt xsavec xgetbv1 xsaves dtherm ida arat pln pts hwp hwp_notify hwp_act_window hwp_epp md_clear flush_l1d
bugs		: cpu_meltdown spectre_v1 spectre_v2 spec_store_bypass l1tf mds swapgs itlb_multihit
bogomips	: 4399.99
clflush size	: 64
cache_alignment	: 64
address sizes	: 39 bits physical, 48 bits virtual
power management:

processor	: 5
vendor_id	: GenuineIntel
cpu family	: 6
model		: 158
model name	: Intel(R) Core(TM) i7-8750H CPU @ 2.20GHz
stepping	: 10
microcode	: 0xca
cpu MHz		: 3907.232
cache size	: 9216 KB
physical id	: 0
siblings	: 12
core id		: 5
cpu cores	: 6
apicid		: 10
initial apicid	: 10
fpu		: yes
fpu_exception	: yes
cpuid level	: 22
wp		: yes
flags		: fpu vme de pse tsc msr pae mce cx8 apic sep mtrr pge mca cmov pat pse36 clflush dts acpi mmx fxsr sse sse2 ss ht tm pbe syscall nx pdpe1gb rdtscp lm constant_tsc art arch_perfmon pebs bts rep_good nopl xtopology nonstop_tsc cpuid aperfmperf pni pclmulqdq dtes64 monitor ds_cpl vmx est tm2 ssse3 sdbg fma cx16 xtpr pdcm pcid sse4_1 sse4_2 x2apic movbe popcnt tsc_deadline_timer aes xsave avx f16c rdrand lahf_lm abm 3dnowprefetch cpuid_fault epb invpcid_single pti ssbd ibrs ibpb stibp tpr_shadow vnmi flexpriority ept vpid ept_ad fsgsbase tsc_adjust bmi1 avx2 smep bmi2 erms invpcid mpx rdseed adx smap clflushopt intel_pt xsaveopt xsavec xgetbv1 xsaves dtherm ida arat pln pts hwp hwp_notify hwp_act_window hwp_epp md_clear flush_l1d
bugs		: cpu_meltdown spectre_v1 spectre_v2 spec_store_bypass l1tf mds swapgs itlb_multihit
bogomips	: 4399.99
clflush size	: 64
cache_alignment	: 64
address sizes	: 39 bits physical, 48 bits virtual
power management:

processor	: 6
vendor_id	: GenuineIntel
cpu family	: 6
model		: 158
model name	: Intel(R) Core(TM) i7-8750H CPU @ 2.20GHz
stepping	: 10
microcode	: 0xca
cpu MHz		: 3900.027
cache size	: 9216 KB
physical id	: 0
siblings	: 12
core id		: 0
cpu cores	: 6
apicid		: 1
initial apicid	: 1
fpu		: yes
fpu_exception	: yes
cpuid level	: 22
wp		: yes
flags		: fpu vme de pse tsc msr pae mce cx8 apic sep mtrr pge mca cmov pat pse36 clflush dts acpi mmx fxsr sse sse2 ss ht tm pbe syscall nx pdpe1gb rdtscp lm constant_tsc art arch_perfmon pebs bts rep_good nopl xtopology nonstop_tsc cpuid aperfmperf pni pclmulqdq dtes64 monitor ds_cpl vmx est tm2 ssse3 sdbg fma cx16 xtpr pdcm pcid sse4_1 sse4_2 x2apic movbe popcnt tsc_deadline_timer aes xsave avx f16c rdrand lahf_lm abm 3dnowprefetch cpuid_fault epb invpcid_single pti ssbd ibrs ibpb stibp tpr_shadow vnmi flexpriority ept vpid ept_ad fsgsbase tsc_adjust bmi1 avx2 smep bmi2 erms invpcid mpx rdseed adx smap clflushopt intel_pt xsaveopt xsavec xgetbv1 xsaves dtherm ida arat pln pts hwp hwp_notify hwp_act_window hwp_epp md_clear flush_l1d
bugs		: cpu_meltdown spectre_v1 spectre_v2 spec_store_bypass l1tf mds swapgs itlb_multihit
bogomips	: 4399.99
clflush size	: 64
cache_alignment	: 64
address sizes	: 39 bits physical, 48 bits virtual
power management:

processor	: 7
vendor_id	: GenuineIntel
cpu family	: 6
model		: 158
model name	: Intel(R) Core(TM) i7-8750H CPU @ 2.20GHz
stepping	: 10
microcode	: 0xca
cpu MHz		: 3900.450
cache size	: 9216 KB
physical id	: 0
siblings	: 12
core id		: 1
cpu cores	: 6
apicid		: 3
initial apicid	: 3
fpu		: yes
fpu_exception	: yes
cpuid level	: 22
wp		: yes
flags		: fpu vme de pse tsc msr pae mce cx8 apic sep mtrr pge mca cmov pat pse36 clflush dts acpi mmx fxsr sse sse2 ss ht tm pbe syscall nx pdpe1gb rdtscp lm constant_tsc art arch_perfmon pebs bts rep_good nopl xtopology nonstop_tsc cpuid aperfmperf pni pclmulqdq dtes64 monitor ds_cpl vmx est tm2 ssse3 sdbg fma cx16 xtpr pdcm pcid sse4_1 sse4_2 x2apic movbe popcnt tsc_deadline_timer aes xsave avx f16c rdrand lahf_lm abm 3dnowprefetch cpuid_fault epb invpcid_single pti ssbd ibrs ibpb stibp tpr_shadow vnmi flexpriority ept vpid ept_ad fsgsbase tsc_adjust bmi1 avx2 smep bmi2 erms invpcid mpx rdseed adx smap clflushopt intel_pt xsaveopt xsavec xgetbv1 xsaves dtherm ida arat pln pts hwp hwp_notify hwp_act_window hwp_epp md_clear flush_l1d
bugs		: cpu_meltdown spectre_v1 spectre_v2 spec_store_bypass l1tf mds swapgs itlb_multihit
bogomips	: 4399.99
clflush size	: 64
cache_alignment	: 64
address sizes	: 39 bits physical, 48 bits virtual
power management:

processor	: 8
vendor_id	: GenuineIntel
cpu family	: 6
model		: 158
model name	: Intel(R) Core(TM) i7-8750H CPU @ 2.20GHz
stepping	: 10
microcode	: 0xca
cpu MHz		: 3900.010
cache size	: 9216 KB
physical id	: 0
siblings	: 12
core id		: 2
cpu cores	: 6
apicid		: 5
initial apicid	: 5
fpu		: yes
fpu_exception	: yes
cpuid level	: 22
wp		: yes
flags		: fpu vme de pse tsc msr pae mce cx8 apic sep mtrr pge mca cmov pat pse36 clflush dts acpi mmx fxsr sse sse2 ss ht tm pbe syscall nx pdpe1gb rdtscp lm constant_tsc art arch_perfmon pebs bts rep_good nopl xtopology nonstop_tsc cpuid aperfmperf pni pclmulqdq dtes64 monitor ds_cpl vmx est tm2 ssse3 sdbg fma cx16 xtpr pdcm pcid sse4_1 sse4_2 x2apic movbe popcnt tsc_deadline_timer aes xsave avx f16c rdrand lahf_lm abm 3dnowprefetch cpuid_fault epb invpcid_single pti ssbd ibrs ibpb stibp tpr_shadow vnmi flexpriority ept vpid ept_ad fsgsbase tsc_adjust bmi1 avx2 smep bmi2 erms invpcid mpx rdseed adx smap clflushopt intel_pt xsaveopt xsavec xgetbv1 xsaves dtherm ida arat pln pts hwp hwp_notify hwp_act_window hwp_epp md_clear flush_l1d
bugs		: cpu_meltdown spectre_v1 spectre_v2 spec_store_bypass l1tf mds swapgs itlb_multihit
bogomips	: 4399.99
clflush size	: 64
cache_alignment	: 64
address sizes	: 39 bits physical, 48 bits virtual
power management:

processor	: 9
vendor_id	: GenuineIntel
cpu family	: 6
model		: 158
model name	: Intel(R) Core(TM) i7-8750H CPU @ 2.20GHz
stepping	: 10
microcode	: 0xca
cpu MHz		: 3900.733
cache size	: 9216 KB
physical id	: 0
siblings	: 12
core id		: 3
cpu cores	: 6
apicid		: 7
initial apicid	: 7
fpu		: yes
fpu_exception	: yes
cpuid level	: 22
wp		: yes
flags		: fpu vme de pse tsc msr pae mce cx8 apic sep mtrr pge mca cmov pat pse36 clflush dts acpi mmx fxsr sse sse2 ss ht tm pbe syscall nx pdpe1gb rdtscp lm constant_tsc art arch_perfmon pebs bts rep_good nopl xtopology nonstop_tsc cpuid aperfmperf pni pclmulqdq dtes64 monitor ds_cpl vmx est tm2 ssse3 sdbg fma cx16 xtpr pdcm pcid sse4_1 sse4_2 x2apic movbe popcnt tsc_deadline_timer aes xsave avx f16c rdrand lahf_lm abm 3dnowprefetch cpuid_fault epb invpcid_single pti ssbd ibrs ibpb stibp tpr_shadow vnmi flexpriority ept vpid ept_ad fsgsbase tsc_adjust bmi1 avx2 smep bmi2 erms invpcid mpx rdseed adx smap clflushopt intel_pt xsaveopt xsavec xgetbv1 xsaves dtherm ida arat pln pts hwp hwp_notify hwp_act_window hwp_epp md_clear flush_l1d
bugs		: cpu_meltdown spectre_v1 spectre_v2 spec_store_bypass l1tf mds swapgs itlb_multihit
bogomips	: 4399.99
clflush size	: 64
cache_alignment	: 64
address sizes	: 39 bits physical, 48 bits virtual
power management:

processor	: 10
vendor_id	: GenuineIntel
cpu family	: 6
model		: 158
model name	: Intel(R) Core(TM) i7-8750H CPU @ 2.20GHz
stepping	: 10
microcode	: 0xca
cpu MHz		: 3899.994
cache size	: 9216 KB
physical id	: 0
siblings	: 12
core id		: 4
cpu cores	: 6
apicid		: 9
initial apicid	: 9
fpu		: yes
fpu_exception	: yes
cpuid level	: 22
wp		: yes
flags		: fpu vme de pse tsc msr pae mce cx8 apic sep mtrr pge mca cmov pat pse36 clflush dts acpi mmx fxsr sse sse2 ss ht tm pbe syscall nx pdpe1gb rdtscp lm constant_tsc art arch_perfmon pebs bts rep_good nopl xtopology nonstop_tsc cpuid aperfmperf pni pclmulqdq dtes64 monitor ds_cpl vmx est tm2 ssse3 sdbg fma cx16 xtpr pdcm pcid sse4_1 sse4_2 x2apic movbe popcnt tsc_deadline_timer aes xsave avx f16c rdrand lahf_lm abm 3dnowprefetch cpuid_fault epb invpcid_single pti ssbd ibrs ibpb stibp tpr_shadow vnmi flexpriority ept vpid ept_ad fsgsbase tsc_adjust bmi1 avx2 smep bmi2 erms invpcid mpx rdseed adx smap clflushopt intel_pt xsaveopt xsavec xgetbv1 xsaves dtherm ida arat pln pts hwp hwp_notify hwp_act_window hwp_epp md_clear flush_l1d
bugs		: cpu_meltdown spectre_v1 spectre_v2 spec_store_bypass l1tf mds swapgs itlb_multihit
bogomips	: 4399.99
clflush size	: 64
cache_alignment	: 64
address sizes	: 39 bits physical, 48 bits virtual
power management:

processor	: 11
vendor_id	: GenuineIntel
cpu family	: 6
model		: 158
model name	: Intel(R) Core(TM) i7-8750H CPU @ 2.20GHz
stepping	: 10
microcode	: 0xca
cpu MHz		: 3899.982
cache size	: 9216 KB
physical id	: 0
siblings	: 12
core id		: 5
cpu cores	: 6
apicid		: 11
initial apicid	: 11
fpu		: yes
fpu_exception	: yes
cpuid level	: 22
wp		: yes
flags		: fpu vme de pse tsc msr pae mce cx8 apic sep mtrr pge mca cmov pat pse36 clflush dts acpi mmx fxsr sse sse2 ss ht tm pbe syscall nx pdpe1gb rdtscp lm constant_tsc art arch_perfmon pebs bts rep_good nopl xtopology nonstop_tsc cpuid aperfmperf pni pclmulqdq dtes64 monitor ds_cpl vmx est tm2 ssse3 sdbg fma cx16 xtpr pdcm pcid sse4_1 sse4_2 x2apic movbe popcnt tsc_deadline_timer aes xsave avx f16c rdrand lahf_lm abm 3dnowprefetch cpuid_fault epb invpcid_single pti ssbd ibrs ibpb stibp tpr_shadow vnmi flexpriority ept vpid ept_ad fsgsbase tsc_adjust bmi1 avx2 smep bmi2 erms invpcid mpx rdseed adx smap clflushopt intel_pt xsaveopt xsavec xgetbv1 xsaves dtherm ida arat pln pts hwp hwp_notify hwp_act_window hwp_epp md_clear flush_l1d
bugs		: cpu_meltdown spectre_v1 spectre_v2 spec_store_bypass l1tf mds swapgs itlb_multihit
bogomips	: 4399.99
clflush size	: 64
cache_alignment	: 64
address sizes	: 39 bits physical, 48 bits virtual
power management:



Memory: 4k page, physical 32713520k(28405080k free), swap 2097148k(2097148k free)

vm_info: OpenJDK 64-Bit Server VM (25.222-b10) for linux-amd64 JRE (1.8.0_222-8u222-b10-1ubuntu1~18.04.1-b10), built on Jul 18 2019 18:52:48 by "buildd" with gcc 7.4.0

time: Fri Nov 29 22:22:46 2019
timezone: CST
elapsed time: 0 seconds (0d 0h 0m 0s)

