#
# A fatal error has been detected by the Java Runtime Environment:
#
#  SIGSEGV (0xb) at pc=0x00007f05372450e0, pid=7896, tid=0x00007f05689c4700
#
# JRE version: OpenJDK Runtime Environment (8.0_222-b10) (build 1.8.0_222-8u222-b10-1ubuntu1~18.04.1-b10)
# Java VM: OpenJDK 64-Bit Server VM (25.222-b10 mixed mode linux-amd64 compressed oops)
# Problematic frame:
# C  [libnvidia-glcore.so.430.34+0xf190e0]
#
# Failed to write core dump. Core dumps have been disabled. To enable core dumping, try "ulimit -c unlimited" before starting Java again
#
# If you would like to submit a bug report, please visit:
#   http://bugreport.java.com/bugreport/crash.jsp
# The crash happened outside the Java Virtual Machine in native code.
# See problematic frame for where to report the bug.
#

---------------  T H R E A D  ---------------

Current thread (0x00007f056000b800):  JavaThread "main" [_thread_in_native, id=7898, stack(0x00007f05688c5000,0x00007f05689c5000)]

siginfo: si_signo: 11 (SIGSEGV), si_code: 1 (SEGV_MAPERR), si_addr: 0x0000000000000000

Registers:
RAX=0x00007f056093b2d8, RBX=0x00007f056093af78, RCX=0x000000000000c350, RDX=0x0000000000000010
RSP=0x00007f05689c3488, RBP=0x00007f056067b320, RSI=0x0000000000000000, RDI=0x00007f052f4917c0
R8 =0x00007f052f4917c0, R9 =0x000000000000c350, R10=0x000000000000000b, R11=0x00007f056074b3b0
R12=0x00007f056093b580, R13=0x00007f05606262a0, R14=0x00007f0560626290, R15=0x00007f053626c568
RIP=0x00007f05372450e0, EFLAGS=0x0000000000010246, CSGSFS=0x002b000000000033, ERR=0x0000000000000004
  TRAPNO=0x000000000000000e

Top of Stack: (sp=0x00007f05689c3488)
0x00007f05689c3488:   00007f05373189d3 00007f056093b278
0x00007f05689c3498:   0000000000000001 0000000000000001
0x00007f05689c34a8:   000000000093b278 000000000000c350
0x00007f05689c34b8:   0000000040826000 00007f052f4917c0
0x00007f05689c34c8:   00007f05372450d0 0000000105555cc0
0x00007f05689c34d8:   00007f056093af78 0000000000000000
0x00007f05689c34e8:   00007f0536d736de 00007f056093e7d0
0x00007f05689c34f8:   000000053714e524 0000000000000002
0x00007f05689c3508:   00007f056093b2d8 00007f056074b3b0
0x00007f05689c3518:   0000000000000002 0000000000004003
0x00007f05689c3528:   10c0000000000000 0000000000004003
0x00007f05689c3538:   10c0000000000000 00007f05689c34a0
0x00007f05689c3548:   0000000000000000 0000000040826000
0x00007f05689c3558:   00007f056093b580 00007f05606262a0
0x00007f05689c3568:   00007f0560626290 000000004087d208
0x00007f05689c3578:   00007f053731e485 00007f05689c364c
0x00007f05689c3588:   00007f05689c3648 00001405689c34a0
0x00007f05689c3598:   ffffffff000493dd 0000000400000000
0x00007f05689c35a8:   0000000040826220 00007f056067b320
0x00007f05689c35b8:   00007f05689c3430 00007f0500001401
0x00007f05689c35c8:   00007f05689c4700 00007f054e99a458
0x00007f05689c35d8:   0000000000000000 0000000000004003
0x00007f05689c35e8:   00c0000000000000 0000000000000000
0x00007f05689c35f8:   00007f056093b580 0000000040826000
0x00007f05689c3608:   00007f056093af78 0000000000001405
0x00007f05689c3618:   00007f053731f3e3 00007f0500001401
0x00007f05689c3628:   00007f05689c4700 00007f05689c3760
0x00007f05689c3638:   00007f054e99a458 0000000040826001
0x00007f05689c3648:   000000000000c350 00007f054e99a458
0x00007f05689c3658:   0000000040826000 0000000040871080
0x00007f05689c3668:   0000000000000004 0000000000001405
0x00007f05689c3678:   0000000000000010 0000000000000000 

Instructions: (pc=0x00007f05372450e0)
0x00007f05372450c0:   d0 48 8d 44 07 0c c3 90 90 90 90 90 90 90 90 90
0x00007f05372450d0:   48 63 d2 49 89 f8 41 89 c9 0f 1f 80 00 00 00 00
0x00007f05372450e0:   8b 06 41 89 00 8b 46 04 41 89 40 04 8b 46 08 41
0x00007f05372450f0:   89 40 08 8b 46 0c 48 01 d6 41 89 40 0c 49 83 c0 

Register to memory mapping:

RAX=0x00007f056093b2d8 is an unknown value
RBX=0x00007f056093af78 is an unknown value
RCX=0x000000000000c350 is an unknown value
RDX=0x0000000000000010 is an unknown value
RSP=0x00007f05689c3488 is pointing into the stack for thread: 0x00007f056000b800
RBP=0x00007f056067b320 is an unknown value
RSI=0x0000000000000000 is an unknown value
RDI=0x00007f052f4917c0 is an unknown value
R8 =0x00007f052f4917c0 is an unknown value
R9 =0x000000000000c350 is an unknown value
R10=0x000000000000000b is an unknown value
R11=0x00007f056074b3b0 is an unknown value
R12=0x00007f056093b580 is an unknown value
R13=0x00007f05606262a0 is an unknown value
R14=0x00007f0560626290 is an unknown value
R15=0x00007f053626c568 is an unknown value


Stack: [0x00007f05688c5000,0x00007f05689c5000],  sp=0x00007f05689c3488,  free space=1017k
Native frames: (J=compiled Java code, j=interpreted, Vv=VM code, C=native code)
C  [libnvidia-glcore.so.430.34+0xf190e0]

Java frames: (J=compiled Java code, j=interpreted, Vv=VM code)
j  org.lwjgl.opengl.GL11C.nglDrawElements(IIIJ)V+0
j  org.lwjgl.opengl.GL11C.glDrawElements(IIIJ)V+4
j  org.lwjgl.opengl.GL11.glDrawElements(IIIJ)V+4
j  models.Renderer.renderElements(Lrendering/ModelBatch;)V+134
j  main.Main.main([Ljava/lang/String;)V+246
v  ~StubRoutines::call_stub

---------------  P R O C E S S  ---------------

Java Threads: ( => current thread )
  0x00007f05600d8000 JavaThread "Service Thread" daemon [_thread_blocked, id=7921, stack(0x00007f0546a25000,0x00007f0546b26000)]
  0x00007f05600cd000 JavaThread "C1 CompilerThread3" daemon [_thread_blocked, id=7920, stack(0x00007f0546b27000,0x00007f0546c27000)]
  0x00007f05600ca800 JavaThread "C2 CompilerThread2" daemon [_thread_blocked, id=7919, stack(0x00007f0546c28000,0x00007f0546d28000)]
  0x00007f05600c9000 JavaThread "C2 CompilerThread1" daemon [_thread_blocked, id=7918, stack(0x00007f0546d29000,0x00007f0546e29000)]
  0x00007f05600c6000 JavaThread "C2 CompilerThread0" daemon [_thread_in_native, id=7917, stack(0x00007f0546e2a000,0x00007f0546f2a000)]
  0x00007f05600c4800 JavaThread "Signal Dispatcher" daemon [_thread_blocked, id=7916, stack(0x00007f0546f2a000,0x00007f054702b000)]
  0x00007f0560092000 JavaThread "Finalizer" daemon [_thread_blocked, id=7915, stack(0x00007f05479fa000,0x00007f0547afb000)]
  0x00007f056008f800 JavaThread "Reference Handler" daemon [_thread_blocked, id=7914, stack(0x00007f0547afb000,0x00007f0547bfc000)]
=>0x00007f056000b800 JavaThread "main" [_thread_in_native, id=7898, stack(0x00007f05688c5000,0x00007f05689c5000)]

Other Threads:
  0x00007f0560085800 VMThread [stack: 0x00007f0547bfd000,0x00007f0547cfd000] [id=7913]
  0x00007f05600da800 WatcherThread [stack: 0x00007f0546925000,0x00007f0546a25000] [id=7922]

VM state:not at safepoint (normal execution)

VM Mutex/Monitor currently owned by a thread: None

heap address: 0x00000005ccc00000, size: 7988 MB, Compressed Oops mode: Zero based, Oop shift amount: 3
Narrow klass base: 0x0000000000000000, Narrow klass shift: 3
Compressed class space size: 1073741824 Address: 0x00000007c0000000

Heap:
 PSYoungGen      total 149504K, used 127578K [0x0000000719980000, 0x0000000724000000, 0x00000007c0000000)
  eden space 128512K, 92% used [0x0000000719980000,0x0000000720d0b8e8,0x0000000721700000)
  from space 20992K, 44% used [0x0000000721700000,0x000000072200b098,0x0000000722b80000)
  to   space 20992K, 0% used [0x0000000722b80000,0x0000000722b80000,0x0000000724000000)
 ParOldGen       total 341504K, used 8K [0x00000005ccc00000, 0x00000005e1980000, 0x0000000719980000)
  object space 341504K, 0% used [0x00000005ccc00000,0x00000005ccc02000,0x00000005e1980000)
 Metaspace       used 9263K, capacity 9537K, committed 9856K, reserved 1058816K
  class space    used 700K, capacity 807K, committed 896K, reserved 1048576K

Card table byte_map: [0x00007f0550065000,0x00007f0551000000] byte_map_base: 0x00007f054d1ff000

Marking Bits: (ParMarkBitMap*) 0x00007f0567b5f360
 Begin Bits: [0x00007f0508660000, 0x00007f0510330000)
 End Bits:   [0x00007f0510330000, 0x00007f0518000000)

Polling page: 0x00007f05689e0000

CodeCache: size=245760Kb used=3491Kb max_used=3506Kb free=242268Kb
 bounds [0x00007f0551000000, 0x00007f0551370000, 0x00007f0560000000]
 total_blobs=1707 nmethods=810 adapters=812
 compilation: enabled

Compilation events (10 events):
Event: 0.727 Thread 0x00007f05600cd000 nmethod 807 0x00007f0551365010 code [0x00007f0551365180, 0x00007f0551365430]
Event: 0.727 Thread 0x00007f05600cd000  808       3       java.lang.Character::hashCode (8 bytes)
Event: 0.727 Thread 0x00007f05600cd000 nmethod 808 0x00007f0551364c50 code [0x00007f0551364dc0, 0x00007f0551364f70]
Event: 0.727 Thread 0x00007f05600cd000  809       3       java.lang.Character::hashCode (2 bytes)
Event: 0.727 Thread 0x00007f05600cd000 nmethod 809 0x00007f0551364950 code [0x00007f0551364aa0, 0x00007f0551364bd0]
Event: 0.727 Thread 0x00007f05600cd000  810       3       GUI.Font::getData (17 bytes)
Event: 0.727 Thread 0x00007f05600cd000 nmethod 810 0x00007f0551367050 code [0x00007f0551367200, 0x00007f0551367708]
Event: 0.733 Thread 0x00007f05600c9000 nmethod 786 0x00007f055136bad0 code [0x00007f055136bd60, 0x00007f055136d1d8]
Event: 0.739 Thread 0x00007f05600cd000  811       3       java.util.Vector::elementData (7 bytes)
Event: 0.739 Thread 0x00007f05600cd000 nmethod 811 0x00007f0551364550 code [0x00007f05513646c0, 0x00007f0551364850]

GC Heap History (2 events):
Event: 0.618 GC heap before
{Heap before GC invocations=1 (full 0):
 PSYoungGen      total 149504K, used 128512K [0x0000000719980000, 0x0000000724000000, 0x00000007c0000000)
  eden space 128512K, 100% used [0x0000000719980000,0x0000000721700000,0x0000000721700000)
  from space 20992K, 0% used [0x0000000722b80000,0x0000000722b80000,0x0000000724000000)
  to   space 20992K, 0% used [0x0000000721700000,0x0000000721700000,0x0000000722b80000)
 ParOldGen       total 341504K, used 0K [0x00000005ccc00000, 0x00000005e1980000, 0x0000000719980000)
  object space 341504K, 0% used [0x00000005ccc00000,0x00000005ccc00000,0x00000005e1980000)
 Metaspace       used 9007K, capacity 9185K, committed 9344K, reserved 1058816K
  class space    used 686K, capacity 775K, committed 896K, reserved 1048576K
Event: 0.622 GC heap after
Heap after GC invocations=1 (full 0):
 PSYoungGen      total 149504K, used 9260K [0x0000000719980000, 0x0000000724000000, 0x00000007c0000000)
  eden space 128512K, 0% used [0x0000000719980000,0x0000000719980000,0x0000000721700000)
  from space 20992K, 44% used [0x0000000721700000,0x000000072200b098,0x0000000722b80000)
  to   space 20992K, 0% used [0x0000000722b80000,0x0000000722b80000,0x0000000724000000)
 ParOldGen       total 341504K, used 8K [0x00000005ccc00000, 0x00000005e1980000, 0x0000000719980000)
  object space 341504K, 0% used [0x00000005ccc00000,0x00000005ccc02000,0x00000005e1980000)
 Metaspace       used 9007K, capacity 9185K, committed 9344K, reserved 1058816K
  class space    used 686K, capacity 775K, committed 896K, reserved 1048576K
}

Deoptimization events (10 events):
Event: 0.503 Thread 0x00007f056000b800 Uncommon trap: reason=array_check action=maybe_recompile pc=0x00007f05512c6cd8 method=java.util.AbstractCollection.toArray([Ljava/lang/Object;)[Ljava/lang/Object; @ 119
Event: 0.503 Thread 0x00007f056000b800 Uncommon trap: reason=array_check action=maybe_recompile pc=0x00007f05512c6cd8 method=java.util.AbstractCollection.toArray([Ljava/lang/Object;)[Ljava/lang/Object; @ 119
Event: 0.517 Thread 0x00007f056000b800 Uncommon trap: reason=unstable_if action=reinterpret pc=0x00007f05512bd440 method=sun.misc.FloatingDecimal.readJavaFormatString(Ljava/lang/String;)Lsun/misc/FloatingDecimal$ASCIIToBinaryConverter; @ 235
Event: 0.518 Thread 0x00007f056000b800 Uncommon trap: reason=class_check action=maybe_recompile pc=0x00007f055128c108 method=sun.misc.FloatingDecimal.parseFloat(Ljava/lang/String;)F @ 4
Event: 0.534 Thread 0x00007f056000b800 Uncommon trap: reason=class_check action=maybe_recompile pc=0x00007f055128c108 method=sun.misc.FloatingDecimal.parseFloat(Ljava/lang/String;)F @ 4
Event: 0.547 Thread 0x00007f056000b800 Uncommon trap: reason=class_check action=maybe_recompile pc=0x00007f055128c108 method=sun.misc.FloatingDecimal.parseFloat(Ljava/lang/String;)F @ 4
Event: 0.547 Thread 0x00007f056000b800 Uncommon trap: reason=class_check action=maybe_recompile pc=0x00007f055128c108 method=sun.misc.FloatingDecimal.parseFloat(Ljava/lang/String;)F @ 4
Event: 0.677 Thread 0x00007f056000b800 Uncommon trap: reason=unstable_if action=reinterpret pc=0x00007f055130cb3c method=java.util.ArrayList$Itr.hasNext()Z @ 11
Event: 0.691 Thread 0x00007f056000b800 Uncommon trap: reason=unstable_if action=reinterpret pc=0x00007f05512dd89c method=java.lang.String.split(Ljava/lang/String;I)[Ljava/lang/String; @ 8
Event: 0.691 Thread 0x00007f056000b800 Uncommon trap: reason=unstable_if action=reinterpret pc=0x00007f0551302208 method=java.lang.Integer.parseInt(Ljava/lang/String;I)I @ 122

Classes redefined (0 events):
No events

Internal exceptions (10 events):
Event: 0.097 Thread 0x00007f056000b800 Exception <a 'java/security/PrivilegedActionException'> (0x0000000719f59248) thrown at [/build/openjdk-8-OqY7zN/openjdk-8-8u222-b10/src/hotspot/src/share/vm/prims/jvm.cpp, line 1502]
Event: 0.097 Thread 0x00007f056000b800 Exception <a 'java/security/PrivilegedActionException'> (0x0000000719f59458) thrown at [/build/openjdk-8-OqY7zN/openjdk-8-8u222-b10/src/hotspot/src/share/vm/prims/jvm.cpp, line 1502]
Event: 0.097 Thread 0x00007f056000b800 Exception <a 'java/security/PrivilegedActionException'> (0x0000000719f5b4e0) thrown at [/build/openjdk-8-OqY7zN/openjdk-8-8u222-b10/src/hotspot/src/share/vm/prims/jvm.cpp, line 1502]
Event: 0.098 Thread 0x00007f056000b800 Exception <a 'java/security/PrivilegedActionException'> (0x0000000719f5b6f0) thrown at [/build/openjdk-8-OqY7zN/openjdk-8-8u222-b10/src/hotspot/src/share/vm/prims/jvm.cpp, line 1502]
Event: 0.098 Thread 0x00007f056000b800 Exception <a 'java/security/PrivilegedActionException'> (0x0000000719f5c1c8) thrown at [/build/openjdk-8-OqY7zN/openjdk-8-8u222-b10/src/hotspot/src/share/vm/prims/jvm.cpp, line 1502]
Event: 0.098 Thread 0x00007f056000b800 Exception <a 'java/security/PrivilegedActionException'> (0x0000000719f5c3d8) thrown at [/build/openjdk-8-OqY7zN/openjdk-8-8u222-b10/src/hotspot/src/share/vm/prims/jvm.cpp, line 1502]
Event: 0.105 Thread 0x00007f056000b800 Exception <a 'sun/nio/fs/UnixException'> (0x0000000719f89500) thrown at [/build/openjdk-8-OqY7zN/openjdk-8-8u222-b10/src/hotspot/src/share/vm/prims/jni.cpp, line 710]
Event: 0.109 Thread 0x00007f056000b800 Exception <a 'sun/nio/fs/UnixException'> (0x0000000719fb3270) thrown at [/build/openjdk-8-OqY7zN/openjdk-8-8u222-b10/src/hotspot/src/share/vm/prims/jni.cpp, line 710]
Event: 0.274 Thread 0x00007f056000b800 Exception <a 'sun/nio/fs/UnixException'> (0x000000071a0973d8) thrown at [/build/openjdk-8-OqY7zN/openjdk-8-8u222-b10/src/hotspot/src/share/vm/prims/jni.cpp, line 710]
Event: 0.275 Thread 0x00007f056000b800 Exception <a 'sun/nio/fs/UnixException'> (0x000000071a09f998) thrown at [/build/openjdk-8-OqY7zN/openjdk-8-8u222-b10/src/hotspot/src/share/vm/prims/jni.cpp, line 710]

Events (10 events):
Event: 0.714 loading class de/matthiasmann/twl/utils/PNGDecoder$Format
Event: 0.715 loading class de/matthiasmann/twl/utils/PNGDecoder$Format done
Event: 0.715 loading class de/matthiasmann/twl/utils/PNGDecoder$1
Event: 0.715 loading class de/matthiasmann/twl/utils/PNGDecoder$1 done
Event: 0.737 loading class rendering/ModelBatch
Event: 0.738 loading class rendering/ModelBatch done
Event: 0.739 loading class math/Matrix
Event: 0.739 loading class math/Matrix done
Event: 0.739 loading class org/lwjgl/opengl/GL$ICDStatic$WriteOnce
Event: 0.739 loading class org/lwjgl/opengl/GL$ICDStatic$WriteOnce done


Dynamic libraries:
402ad000-402af000 r-xs 00000000 103:02 15728646                          /tmp/.glQkxXj7 (deleted)
40826000-408d8000 rw-p 00000000 00:00 0 
5ccc00000-5e1980000 rw-p 00000000 00:00 0 
5e1980000-719980000 ---p 00000000 00:00 0 
719980000-724000000 rw-p 00000000 00:00 0 
724000000-7c0000000 ---p 00000000 00:00 0 
7c0000000-7c00e0000 rw-p 00000000 00:00 0 
7c00e0000-800000000 ---p 00000000 00:00 0 
562c1e95b000-562c1e95c000 r-xp 00000000 103:02 9838898                   /usr/lib/jvm/java-8-openjdk-amd64/jre/bin/java
562c1eb5b000-562c1eb5c000 r--p 00000000 103:02 9838898                   /usr/lib/jvm/java-8-openjdk-amd64/jre/bin/java
562c1eb5c000-562c1eb5d000 rw-p 00001000 103:02 9838898                   /usr/lib/jvm/java-8-openjdk-amd64/jre/bin/java
562c1f29c000-562c1f2bd000 rw-p 00000000 00:00 0                          [heap]
7f04cc000000-7f04cc021000 rw-p 00000000 00:00 0 
7f04cc021000-7f04d0000000 ---p 00000000 00:00 0 
7f04d4000000-7f04d44e4000 rw-p 00000000 00:00 0 
7f04d44e4000-7f04d8000000 ---p 00000000 00:00 0 
7f04d8000000-7f04d8021000 rw-p 00000000 00:00 0 
7f04d8021000-7f04dc000000 ---p 00000000 00:00 0 
7f04dc000000-7f04dc426000 rw-p 00000000 00:00 0 
7f04dc426000-7f04e0000000 ---p 00000000 00:00 0 
7f04e0000000-7f04e02aa000 rw-p 00000000 00:00 0 
7f04e02aa000-7f04e4000000 ---p 00000000 00:00 0 
7f04e4000000-7f04e4021000 rw-p 00000000 00:00 0 
7f04e4021000-7f04e8000000 ---p 00000000 00:00 0 
7f04e8000000-7f04e8c86000 rw-p 00000000 00:00 0 
7f04e8c86000-7f04ec000000 ---p 00000000 00:00 0 
7f04ec000000-7f04ec021000 rw-p 00000000 00:00 0 
7f04ec021000-7f04f0000000 ---p 00000000 00:00 0 
7f04f0000000-7f04f0021000 rw-p 00000000 00:00 0 
7f04f0021000-7f04f4000000 ---p 00000000 00:00 0 
7f04f4000000-7f04f4021000 rw-p 00000000 00:00 0 
7f04f4021000-7f04f8000000 ---p 00000000 00:00 0 
7f04f8000000-7f04f8021000 rw-p 00000000 00:00 0 
7f04f8021000-7f04fc000000 ---p 00000000 00:00 0 
7f04fc000000-7f04fc021000 rw-p 00000000 00:00 0 
7f04fc021000-7f0500000000 ---p 00000000 00:00 0 
7f0504000000-7f0504021000 rw-p 00000000 00:00 0 
7f0504021000-7f0508000000 ---p 00000000 00:00 0 
7f0508660000-7f0518000000 rw-p 00000000 00:00 0 
7f0518000000-7f0518021000 rw-p 00000000 00:00 0 
7f0518021000-7f051c000000 ---p 00000000 00:00 0 
7f0520000000-7f0520021000 rw-p 00000000 00:00 0 
7f0520021000-7f0524000000 ---p 00000000 00:00 0 
7f0528000000-7f0528021000 rw-p 00000000 00:00 0 
7f0528021000-7f052c000000 ---p 00000000 00:00 0 
7f052f3ff000-7f052f7ff000 rw-s 00000000 00:06 580                        /dev/nvidiactl
7f052f7ff000-7f052fbff000 rw-s 00000000 00:06 580                        /dev/nvidiactl
7f052fbff000-7f0530000000 rw-p 00000000 00:00 0 
7f0530000000-7f0530021000 rw-p 00000000 00:00 0 
7f0530021000-7f0534000000 ---p 00000000 00:00 0 
7f05343f5000-7f05347f6000 rw-p 00000000 00:00 0 
7f05347f6000-7f0534bf6000 rw-s 00000000 00:06 580                        /dev/nvidiactl
7f0534bf6000-7f0534ff6000 rw-s 00000000 00:06 580                        /dev/nvidiactl
7f0534ff6000-7f05357f8000 rw-p 00000000 00:00 0 
7f0535986000-7f0535b86000 rw-s 00000000 00:06 580                        /dev/nvidiactl
7f0535d13000-7f0535dd3000 rw-p 00000000 00:00 0 
7f0535dd3000-7f0535f13000 ---p 00000000 00:00 0 
7f0535f13000-7f0535f53000 rw-s 00000000 08:01 16256372                   /home/sam/#16256372 (deleted)
7f0535f53000-7f0535fab000 r-xp 00000000 103:02 18483149                  /tmp/lwjglsam/3.2.3-build-13/liblwjgl_opengl.so
7f0535fab000-7f05361aa000 ---p 00058000 103:02 18483149                  /tmp/lwjglsam/3.2.3-build-13/liblwjgl_opengl.so
7f05361aa000-7f05361ab000 r--p 00057000 103:02 18483149                  /tmp/lwjglsam/3.2.3-build-13/liblwjgl_opengl.so
7f05361ab000-7f05361ac000 rw-p 00058000 103:02 18483149                  /tmp/lwjglsam/3.2.3-build-13/liblwjgl_opengl.so
7f05361ac000-7f053622c000 rw-s 00000000 00:06 580                        /dev/nvidiactl
7f053622c000-7f05362ac000 rw-s 00000000 00:06 580                        /dev/nvidiactl
7f05362ac000-7f053632c000 rw-s 00000000 00:06 580                        /dev/nvidiactl
7f053632c000-7f0537595000 r-xp 00000000 103:02 9840564                   /usr/lib/x86_64-linux-gnu/libnvidia-glcore.so.430.34
7f0537595000-7f05375b6000 rwxp 01269000 103:02 9840564                   /usr/lib/x86_64-linux-gnu/libnvidia-glcore.so.430.34
7f05375b6000-7f0537ab0000 r-xp 0128a000 103:02 9840564                   /usr/lib/x86_64-linux-gnu/libnvidia-glcore.so.430.34
7f0537ab0000-7f0537caf000 ---p 01784000 103:02 9840564                   /usr/lib/x86_64-linux-gnu/libnvidia-glcore.so.430.34
7f0537caf000-7f0537fe4000 rw-p 01783000 103:02 9840564                   /usr/lib/x86_64-linux-gnu/libnvidia-glcore.so.430.34
7f0537fe4000-7f0538000000 rw-p 00000000 00:00 0 
7f0538000000-7f0538021000 rw-p 00000000 00:00 0 
7f0538021000-7f053c000000 ---p 00000000 00:00 0 
7f053c00a000-7f053c04a000 r-xs 00000000 08:01 16256372                   /home/sam/#16256372 (deleted)
7f053c04a000-7f053c14a000 rw-s 00000000 00:06 580                        /dev/nvidiactl
7f053c14a000-7f053c15d000 rw-s 00000000 00:06 580                        /dev/nvidiactl
7f053c15d000-7f053c19d000 rw-s 00000000 00:06 580                        /dev/nvidiactl
7f053c19d000-7f053c1bd000 rw-s 00000000 00:06 580                        /dev/nvidiactl
7f053c1bd000-7f053c1fd000 rw-s 00000000 00:06 580                        /dev/nvidiactl
7f053c1fd000-7f053c21d000 rw-s 00000000 00:06 580                        /dev/nvidiactl
7f053c21d000-7f053c25d000 rw-s 00000000 00:06 580                        /dev/nvidiactl
7f053c25d000-7f053c26d000 r-xp 00000000 103:02 9840432                   /usr/lib/x86_64-linux-gnu/libdrm.so.2.4.0
7f053c26d000-7f053c46c000 ---p 00010000 103:02 9840432                   /usr/lib/x86_64-linux-gnu/libdrm.so.2.4.0
7f053c46c000-7f053c46d000 r--p 0000f000 103:02 9840432                   /usr/lib/x86_64-linux-gnu/libdrm.so.2.4.0
7f053c46d000-7f053c46e000 rw-p 00010000 103:02 9840432                   /usr/lib/x86_64-linux-gnu/libdrm.so.2.4.0
7f053c46e000-7f053c573000 rw-s 00000000 00:06 580                        /dev/nvidiactl
7f053c573000-7f053c622000 r-xp 00000000 103:02 9840561                   /usr/lib/x86_64-linux-gnu/libGLX_nvidia.so.430.34
7f053c622000-7f053c657000 rwxp 000af000 103:02 9840561                   /usr/lib/x86_64-linux-gnu/libGLX_nvidia.so.430.34
7f053c657000-7f053c666000 r-xp 000e4000 103:02 9840561                   /usr/lib/x86_64-linux-gnu/libGLX_nvidia.so.430.34
7f053c666000-7f053c866000 ---p 000f3000 103:02 9840561                   /usr/lib/x86_64-linux-gnu/libGLX_nvidia.so.430.34
7f053c866000-7f053c88a000 rw-p 000f3000 103:02 9840561                   /usr/lib/x86_64-linux-gnu/libGLX_nvidia.so.430.34
7f053c88a000-7f053c88c000 rw-p 00000000 00:00 0 
7f053c88c000-7f053c8ce000 r-xp 00000000 103:02 9837994                   /usr/lib/x86_64-linux-gnu/libGLdispatch.so.0.0.0
7f053c8ce000-7f053c8e7000 r-xp 00042000 103:02 9837994                   /usr/lib/x86_64-linux-gnu/libGLdispatch.so.0.0.0
7f053c8e7000-7f053c8fa000 r-xp 0005b000 103:02 9837994                   /usr/lib/x86_64-linux-gnu/libGLdispatch.so.0.0.0
7f053c8fa000-7f053caf9000 ---p 0006e000 103:02 9837994                   /usr/lib/x86_64-linux-gnu/libGLdispatch.so.0.0.0
7f053caf9000-7f053cb21000 r--p 0006d000 103:02 9837994                   /usr/lib/x86_64-linux-gnu/libGLdispatch.so.0.0.0
7f053cb21000-7f053cb22000 rw-p 00095000 103:02 9837994                   /usr/lib/x86_64-linux-gnu/libGLdispatch.so.0.0.0
7f053cb22000-7f053cb42000 rw-p 00000000 00:00 0 
7f053cb42000-7f053cb52000 r-xp 00000000 103:02 9837992                   /usr/lib/x86_64-linux-gnu/libGLX.so.0.0.0
7f053cb52000-7f053cd51000 ---p 00010000 103:02 9837992                   /usr/lib/x86_64-linux-gnu/libGLX.so.0.0.0
7f053cd51000-7f053cd52000 r--p 0000f000 103:02 9837992                   /usr/lib/x86_64-linux-gnu/libGLX.so.0.0.0
7f053cd52000-7f053cd53000 rw-p 00010000 103:02 9837992                   /usr/lib/x86_64-linux-gnu/libGLX.so.0.0.0
7f053cd53000-7f053cd73000 rw-p 00000000 00:00 0 
7f053cd73000-7f053cdb7000 r-xp 00000000 103:02 9837986                   /usr/lib/x86_64-linux-gnu/libGL.so.1.0.0
7f053cdb7000-7f053cdd0000 r-xp 00044000 103:02 9837986                   /usr/lib/x86_64-linux-gnu/libGL.so.1.0.0
7f053cdd0000-7f053cde4000 r-xp 0005d000 103:02 9837986                   /usr/lib/x86_64-linux-gnu/libGL.so.1.0.0
7f053cde4000-7f053cfe3000 ---p 00071000 103:02 9837986                   /usr/lib/x86_64-linux-gnu/libGL.so.1.0.0
7f053cfe3000-7f053cffd000 r--p 00070000 103:02 9837986                   /usr/lib/x86_64-linux-gnu/libGL.so.1.0.0
7f053cffd000-7f053cffe000 rw-p 0008a000 103:02 9837986                   /usr/lib/x86_64-linux-gnu/libGL.so.1.0.0
7f053cffe000-7f0540000000 rw-p 00000000 00:00 0 
7f0540000000-7f0540021000 rw-p 00000000 00:00 0 
7f0540021000-7f0544000000 ---p 00000000 00:00 0 
7f0544022000-7f0544025000 r-xp 00000000 103:02 9840568                   /usr/lib/x86_64-linux-gnu/libnvidia-tls.so.430.34
7f0544025000-7f0544225000 ---p 00003000 103:02 9840568                   /usr/lib/x86_64-linux-gnu/libnvidia-tls.so.430.34
7f0544225000-7f0544226000 rw-p 00003000 103:02 9840568                   /usr/lib/x86_64-linux-gnu/libnvidia-tls.so.430.34
7f0544230000-7f0544240000 rw-s 00000000 00:06 581                        /dev/nvidia0
7f0544240000-7f0544241000 r-xp 00000000 103:02 9840453                   /usr/lib/x86_64-linux-gnu/libX11-xcb.so.1.0.0
7f0544241000-7f0544440000 ---p 00001000 103:02 9840453                   /usr/lib/x86_64-linux-gnu/libX11-xcb.so.1.0.0
7f0544440000-7f0544441000 r--p 00000000 103:02 9840453                   /usr/lib/x86_64-linux-gnu/libX11-xcb.so.1.0.0
7f0544441000-7f0544442000 rw-p 00001000 103:02 9840453                   /usr/lib/x86_64-linux-gnu/libX11-xcb.so.1.0.0
7f0544442000-7f0544444000 r-xp 00000000 103:02 9838067                   /usr/lib/x86_64-linux-gnu/libXinerama.so.1.0.0
7f0544444000-7f0544643000 ---p 00002000 103:02 9838067                   /usr/lib/x86_64-linux-gnu/libXinerama.so.1.0.0
7f0544643000-7f0544644000 r--p 00001000 103:02 9838067                   /usr/lib/x86_64-linux-gnu/libXinerama.so.1.0.0
7f0544644000-7f0544645000 rw-p 00002000 103:02 9838067                   /usr/lib/x86_64-linux-gnu/libXinerama.so.1.0.0
7f0544645000-7f054464a000 r-xp 00000000 103:02 9838059                   /usr/lib/x86_64-linux-gnu/libXfixes.so.3.1.0
7f054464a000-7f0544849000 ---p 00005000 103:02 9838059                   /usr/lib/x86_64-linux-gnu/libXfixes.so.3.1.0
7f0544849000-7f054484a000 r--p 00004000 103:02 9838059                   /usr/lib/x86_64-linux-gnu/libXfixes.so.3.1.0
7f054484a000-7f054484b000 rw-p 00005000 103:02 9838059                   /usr/lib/x86_64-linux-gnu/libXfixes.so.3.1.0
7f054484b000-7f0544854000 r-xp 00000000 103:02 9838051                   /usr/lib/x86_64-linux-gnu/libXcursor.so.1.0.2
7f0544854000-7f0544a53000 ---p 00009000 103:02 9838051                   /usr/lib/x86_64-linux-gnu/libXcursor.so.1.0.2
7f0544a53000-7f0544a54000 r--p 00008000 103:02 9838051                   /usr/lib/x86_64-linux-gnu/libXcursor.so.1.0.2
7f0544a54000-7f0544a55000 rw-p 00009000 103:02 9838051                   /usr/lib/x86_64-linux-gnu/libXcursor.so.1.0.2
7f0544a55000-7f0544a5e000 r-xp 00000000 103:02 9838077                   /usr/lib/x86_64-linux-gnu/libXrender.so.1.3.0
7f0544a5e000-7f0544c5d000 ---p 00009000 103:02 9838077                   /usr/lib/x86_64-linux-gnu/libXrender.so.1.3.0
7f0544c5d000-7f0544c5e000 r--p 00008000 103:02 9838077                   /usr/lib/x86_64-linux-gnu/libXrender.so.1.3.0
7f0544c5e000-7f0544c5f000 rw-p 00009000 103:02 9838077                   /usr/lib/x86_64-linux-gnu/libXrender.so.1.3.0
7f0544c5f000-7f0544c69000 r-xp 00000000 103:02 9838075                   /usr/lib/x86_64-linux-gnu/libXrandr.so.2.2.0
7f0544c69000-7f0544e68000 ---p 0000a000 103:02 9838075                   /usr/lib/x86_64-linux-gnu/libXrandr.so.2.2.0
7f0544e68000-7f0544e69000 r--p 00009000 103:02 9838075                   /usr/lib/x86_64-linux-gnu/libXrandr.so.2.2.0
7f0544e69000-7f0544e6a000 rw-p 0000a000 103:02 9838075                   /usr/lib/x86_64-linux-gnu/libXrandr.so.2.2.0
7f0544e6a000-7f0544e79000 r-xp 00000000 103:02 9838065                   /usr/lib/x86_64-linux-gnu/libXi.so.6.1.0
7f0544e79000-7f0545078000 ---p 0000f000 103:02 9838065                   /usr/lib/x86_64-linux-gnu/libXi.so.6.1.0
7f0545078000-7f0545079000 r--p 0000e000 103:02 9838065                   /usr/lib/x86_64-linux-gnu/libXi.so.6.1.0
7f0545079000-7f054507a000 rw-p 0000f000 103:02 9838065                   /usr/lib/x86_64-linux-gnu/libXi.so.6.1.0
7f054507a000-7f054508b000 r-xp 00000000 103:02 9838057                   /usr/lib/x86_64-linux-gnu/libXext.so.6.4.0
7f054508b000-7f054528a000 ---p 00011000 103:02 9838057                   /usr/lib/x86_64-linux-gnu/libXext.so.6.4.0
7f054528a000-7f054528b000 r--p 00010000 103:02 9838057                   /usr/lib/x86_64-linux-gnu/libXext.so.6.4.0
7f054528b000-7f054528c000 rw-p 00011000 103:02 9838057                   /usr/lib/x86_64-linux-gnu/libXext.so.6.4.0
7f054528c000-7f0545291000 r-xp 00000000 103:02 9838093                   /usr/lib/x86_64-linux-gnu/libXxf86vm.so.1.0.0
7f0545291000-7f0545490000 ---p 00005000 103:02 9838093                   /usr/lib/x86_64-linux-gnu/libXxf86vm.so.1.0.0
7f0545490000-7f0545491000 r--p 00004000 103:02 9838093                   /usr/lib/x86_64-linux-gnu/libXxf86vm.so.1.0.0
7f0545491000-7f0545492000 rw-p 00005000 103:02 9838093                   /usr/lib/x86_64-linux-gnu/libXxf86vm.so.1.0.0
7f0545492000-7f05454a5000 r-xp 00000000 103:02 22942382                  /lib/x86_64-linux-gnu/libbsd.so.0.8.7
7f05454a5000-7f05456a4000 ---p 00013000 103:02 22942382                  /lib/x86_64-linux-gnu/libbsd.so.0.8.7
7f05456a4000-7f05456a5000 r--p 00012000 103:02 22942382                  /lib/x86_64-linux-gnu/libbsd.so.0.8.7
7f05456a5000-7f05456a6000 rw-p 00013000 103:02 22942382                  /lib/x86_64-linux-gnu/libbsd.so.0.8.7
7f05456a6000-7f05456a7000 rw-p 00000000 00:00 0 
7f05456a7000-7f05456ac000 r-xp 00000000 103:02 9838055                   /usr/lib/x86_64-linux-gnu/libXdmcp.so.6.0.0
7f05456ac000-7f05458ab000 ---p 00005000 103:02 9838055                   /usr/lib/x86_64-linux-gnu/libXdmcp.so.6.0.0
7f05458ab000-7f05458ac000 r--p 00004000 103:02 9838055                   /usr/lib/x86_64-linux-gnu/libXdmcp.so.6.0.0
7f05458ac000-7f05458ad000 rw-p 00005000 103:02 9838055                   /usr/lib/x86_64-linux-gnu/libXdmcp.so.6.0.0
7f05458ad000-7f05458af000 r-xp 00000000 103:02 9838044                   /usr/lib/x86_64-linux-gnu/libXau.so.6.0.0
7f05458af000-7f0545aaf000 ---p 00002000 103:02 9838044                   /usr/lib/x86_64-linux-gnu/libXau.so.6.0.0
7f0545aaf000-7f0545ab0000 r--p 00002000 103:02 9838044                   /usr/lib/x86_64-linux-gnu/libXau.so.6.0.0
7f0545ab0000-7f0545ab1000 rw-p 00003000 103:02 9838044                   /usr/lib/x86_64-linux-gnu/libXau.so.6.0.0
7f0545ab1000-7f0545ad7000 r-xp 00000000 103:02 9840409                   /usr/lib/x86_64-linux-gnu/libxcb.so.1.1.0
7f0545ad7000-7f0545cd7000 ---p 00026000 103:02 9840409                   /usr/lib/x86_64-linux-gnu/libxcb.so.1.1.0
7f0545cd7000-7f0545cd8000 r--p 00026000 103:02 9840409                   /usr/lib/x86_64-linux-gnu/libxcb.so.1.1.0
7f0545cd8000-7f0545cd9000 rw-p 00027000 103:02 9840409                   /usr/lib/x86_64-linux-gnu/libxcb.so.1.1.0
7f0545cd9000-7f0545e0c000 r-xp 00000000 103:02 9839217                   /usr/lib/x86_64-linux-gnu/libX11.so.6.3.0
7f0545e0c000-7f054600c000 ---p 00133000 103:02 9839217                   /usr/lib/x86_64-linux-gnu/libX11.so.6.3.0
7f054600c000-7f054600d000 r--p 00133000 103:02 9839217                   /usr/lib/x86_64-linux-gnu/libX11.so.6.3.0
7f054600d000-7f0546011000 rw-p 00134000 103:02 9839217                   /usr/lib/x86_64-linux-gnu/libX11.so.6.3.0
7f0546018000-7f054601a000 rw-s 00000000 103:02 15728646                  /tmp/.glQkxXj7 (deleted)
7f054601a000-7f054601b000 rw-s 00000000 00:06 580                        /dev/nvidiactl
7f054601b000-7f054601f000 rw-s 00000000 00:06 580                        /dev/nvidiactl
7f054601f000-7f0546020000 rw-s 00000000 00:06 581                        /dev/nvidia0
7f0546020000-7f0546021000 rw-s 00000000 00:06 581                        /dev/nvidia0
7f0546021000-7f0546022000 rw-s 00000000 00:06 581                        /dev/nvidia0
7f0546022000-7f0546023000 rw-s 00000000 00:06 580                        /dev/nvidiactl
7f0546023000-7f0546024000 rw-s 00000000 00:06 580                        /dev/nvidiactl
7f0546024000-7f054602b000 r--s 00000000 103:02 10095718                  /usr/lib/x86_64-linux-gnu/gconv/gconv-modules.cache
7f054602b000-7f054606e000 r-xp 00000000 103:02 18483147                  /tmp/lwjglsam/3.2.3-build-13/libglfw.so
7f054606e000-7f054626d000 ---p 00043000 103:02 18483147                  /tmp/lwjglsam/3.2.3-build-13/libglfw.so
7f054626d000-7f054626e000 r--p 00042000 103:02 18483147                  /tmp/lwjglsam/3.2.3-build-13/libglfw.so
7f054626e000-7f0546270000 rw-p 00043000 103:02 18483147                  /tmp/lwjglsam/3.2.3-build-13/libglfw.so
7f0546270000-7f0546291000 rw-p 00000000 00:00 0 
7f0546291000-7f0546292000 r--s 0002c000 08:01 21106431                   /home/sam/Downloads/lwjgl-3.2.3/lwjgl-stb/lwjgl-stb-natives-linux-arm64.jar
7f0546292000-7f0546293000 r--s 00030000 08:01 21106432                   /home/sam/Downloads/lwjgl-3.2.3/lwjgl-stb/lwjgl-stb-natives-linux.jar
7f0546293000-7f0546295000 r--s 00018000 08:01 21106437                   /home/sam/Downloads/lwjgl-3.2.3/lwjgl-stb/lwjgl-stb.jar
7f0546295000-7f05462e6000 r-xp 00000000 103:02 18483139                  /tmp/lwjglsam/3.2.3-build-13/liblwjgl.so
7f05462e6000-7f05464e5000 ---p 00051000 103:02 18483139                  /tmp/lwjglsam/3.2.3-build-13/liblwjgl.so
7f05464e5000-7f05464e6000 r--p 00050000 103:02 18483139                  /tmp/lwjglsam/3.2.3-build-13/liblwjgl.so
7f05464e6000-7f05464e7000 rw-p 00051000 103:02 18483139                  /tmp/lwjglsam/3.2.3-build-13/liblwjgl.so
7f05464e7000-7f05464fd000 r-xp 00000000 103:02 9839031                   /usr/lib/jvm/java-8-openjdk-amd64/jre/lib/amd64/libnet.so
7f05464fd000-7f05466fc000 ---p 00016000 103:02 9839031                   /usr/lib/jvm/java-8-openjdk-amd64/jre/lib/amd64/libnet.so
7f05466fc000-7f05466fd000 r--p 00015000 103:02 9839031                   /usr/lib/jvm/java-8-openjdk-amd64/jre/lib/amd64/libnet.so
7f05466fd000-7f05466fe000 rw-p 00016000 103:02 9839031                   /usr/lib/jvm/java-8-openjdk-amd64/jre/lib/amd64/libnet.so
7f05466fe000-7f054670f000 r-xp 00000000 103:02 9839036                   /usr/lib/jvm/java-8-openjdk-amd64/jre/lib/amd64/libnio.so
7f054670f000-7f054690e000 ---p 00011000 103:02 9839036                   /usr/lib/jvm/java-8-openjdk-amd64/jre/lib/amd64/libnio.so
7f054690e000-7f054690f000 r--p 00010000 103:02 9839036                   /usr/lib/jvm/java-8-openjdk-amd64/jre/lib/amd64/libnio.so
7f054690f000-7f0546910000 rw-p 00011000 103:02 9839036                   /usr/lib/jvm/java-8-openjdk-amd64/jre/lib/amd64/libnio.so
7f0546910000-7f0546923000 r--s 00346000 103:02 9839324                   /usr/lib/jvm/java-8-openjdk-amd64/jre/lib/resources.jar
7f0546923000-7f0546924000 r--s 00002000 08:01 16253464                   /home/sam/Downloads/pngdecoder-1.0.jar
7f0546924000-7f0546925000 ---p 00000000 00:00 0 
7f0546925000-7f0546a25000 rw-p 00000000 00:00 0 
7f0546a25000-7f0546a28000 ---p 00000000 00:00 0 
7f0546a28000-7f0546b26000 rw-p 00000000 00:00 0 
7f0546b26000-7f0546b27000 ---p 00000000 00:00 0 
7f0546b27000-7f0546b2a000 ---p 00000000 00:00 0 
7f0546b2a000-7f0546c27000 rw-p 00000000 00:00 0 
7f0546c27000-7f0546c28000 ---p 00000000 00:00 0 
7f0546c28000-7f0546c2b000 ---p 00000000 00:00 0 
7f0546c2b000-7f0546d28000 rw-p 00000000 00:00 0 
7f0546d28000-7f0546d29000 ---p 00000000 00:00 0 
7f0546d29000-7f0546d2c000 ---p 00000000 00:00 0 
7f0546d2c000-7f0546e29000 rw-p 00000000 00:00 0 
7f0546e29000-7f0546e2a000 ---p 00000000 00:00 0 
7f0546e2a000-7f0546e2d000 ---p 00000000 00:00 0 
7f0546e2d000-7f0546f2a000 rw-p 00000000 00:00 0 
7f0546f2a000-7f0546f2d000 ---p 00000000 00:00 0 
7f0546f2d000-7f054702b000 rw-p 00000000 00:00 0 
7f054702b000-7f05479fa000 r--p 00000000 103:02 9837060                   /usr/lib/locale/locale-archive
7f05479fa000-7f05479fd000 ---p 00000000 00:00 0 
7f05479fd000-7f0547afb000 rw-p 00000000 00:00 0 
7f0547afb000-7f0547afe000 ---p 00000000 00:00 0 
7f0547afe000-7f0547bfc000 rw-p 00000000 00:00 0 
7f0547bfc000-7f0547bfd000 ---p 00000000 00:00 0 
7f0547bfd000-7f0548000000 rw-p 00000000 00:00 0 
7f0548000000-7f0548021000 rw-p 00000000 00:00 0 
7f0548021000-7f054c000000 ---p 00000000 00:00 0 
7f054c000000-7f054c001000 r--s 00022000 08:01 17960234                   /home/sam/Downloads/lwjgl-3.2.3/lwjgl-glfw/lwjgl-glfw-natives-linux-arm64.jar
7f054c001000-7f054c002000 r--s 00026000 08:01 17960235                   /home/sam/Downloads/lwjgl-3.2.3/lwjgl-glfw/lwjgl-glfw-natives-linux.jar
7f054c002000-7f054c005000 r--s 00018000 08:01 17960240                   /home/sam/Downloads/lwjgl-3.2.3/lwjgl-glfw/lwjgl-glfw.jar
7f054c005000-7f054c007000 r--s 0000d000 08:01 19795215                   /home/sam/Downloads/lwjgl-3.2.3/lwjgl-opengl/lwjgl-opengl-natives-linux-arm64.jar
7f054c007000-7f054c008000 r--s 00013000 08:01 19795216                   /home/sam/Downloads/lwjgl-3.2.3/lwjgl-opengl/lwjgl-opengl-natives-linux.jar
7f054c008000-7f054c013000 r--s 000da000 08:01 19795221                   /home/sam/Downloads/lwjgl-3.2.3/lwjgl-opengl/lwjgl-opengl.jar
7f054c013000-7f054c014000 r--s 0000c000 08:01 16517972                   /home/sam/Downloads/lwjgl-3.2.3/lwjgl/lwjgl-natives-linux-arm64.jar
7f054c014000-7f054c01b000 r--s 00081000 08:01 16518147                   /home/sam/Downloads/lwjgl-3.2.3/lwjgl/lwjgl.jar
7f054c01b000-7f054c020000 r--s 0003c000 103:02 9839214                   /usr/lib/jvm/java-8-openjdk-amd64/jre/lib/ext/sunjce_provider.jar
7f054c020000-7f054c023000 r--s 00039000 103:02 9839215                   /usr/lib/jvm/java-8-openjdk-amd64/jre/lib/ext/sunpkcs11.jar
7f054c023000-7f054c03e000 r--s 001d6000 103:02 9839212                   /usr/lib/jvm/java-8-openjdk-amd64/jre/lib/ext/nashorn.jar
7f054c03e000-7f054dff4000 rw-p 00000000 00:00 0 
7f054dff4000-7f054e1c4000 r--s 03c5c000 103:02 9839328                   /usr/lib/jvm/java-8-openjdk-amd64/jre/lib/rt.jar
7f054e1c4000-7f054f95e000 rw-p 00000000 00:00 0 
7f054f95e000-7f054f95f000 ---p 00000000 00:00 0 
7f054f95f000-7f054fa5f000 rw-p 00000000 00:00 0 
7f054fa5f000-7f054fa60000 ---p 00000000 00:00 0 
7f054fa60000-7f054fb60000 rw-p 00000000 00:00 0 
7f054fb60000-7f054fb61000 ---p 00000000 00:00 0 
7f054fb61000-7f054fc61000 rw-p 00000000 00:00 0 
7f054fc61000-7f054fc62000 ---p 00000000 00:00 0 
7f054fc62000-7f054fd62000 rw-p 00000000 00:00 0 
7f054fd62000-7f054fd63000 ---p 00000000 00:00 0 
7f054fd63000-7f054fe63000 rw-p 00000000 00:00 0 
7f054fe63000-7f054fe64000 ---p 00000000 00:00 0 
7f054fe64000-7f054ff64000 rw-p 00000000 00:00 0 
7f054ff64000-7f054ff65000 ---p 00000000 00:00 0 
7f054ff65000-7f055010c000 rw-p 00000000 00:00 0 
7f055010c000-7f0550acb000 ---p 00000000 00:00 0 
7f0550acb000-7f0550b1f000 rw-p 00000000 00:00 0 
7f0550b1f000-7f0550fff000 ---p 00000000 00:00 0 
7f0550fff000-7f0551000000 rw-p 00000000 00:00 0 
7f0551000000-7f0551380000 rwxp 00000000 00:00 0 
7f0551380000-7f0560000000 ---p 00000000 00:00 0 
7f0560000000-7f05610c4000 rw-p 00000000 00:00 0 
7f05610c4000-7f0564000000 ---p 00000000 00:00 0 
7f0564000000-7f0564001000 r--s 00012000 08:01 16517973                   /home/sam/Downloads/lwjgl-3.2.3/lwjgl/lwjgl-natives-linux.jar
7f0564001000-7f0564004000 r--s 0000f000 103:02 9839204                   /usr/lib/jvm/java-8-openjdk-amd64/jre/lib/ext/icedtea-sound.jar
7f0564004000-7f05640f6000 rw-p 00000000 00:00 0 
7f05640f6000-7f05640f7000 ---p 00000000 00:00 0 
7f05640f7000-7f05641f7000 rw-p 00000000 00:00 0 
7f05641f7000-7f05641f8000 ---p 00000000 00:00 0 
7f05641f8000-7f05642f8000 rw-p 00000000 00:00 0 
7f05642f8000-7f05642f9000 ---p 00000000 00:00 0 
7f05642f9000-7f05644a0000 rw-p 00000000 00:00 0 
7f05644a0000-7f0564e60000 ---p 00000000 00:00 0 
7f0564e60000-7f0564e6e000 rw-p 00000000 00:00 0 
7f0564e6e000-7f0565220000 ---p 00000000 00:00 0 
7f0565220000-7f0565228000 r-xp 00000000 103:02 9839091                   /usr/lib/jvm/java-8-openjdk-amd64/jre/lib/amd64/libzip.so
7f0565228000-7f0565427000 ---p 00008000 103:02 9839091                   /usr/lib/jvm/java-8-openjdk-amd64/jre/lib/amd64/libzip.so
7f0565427000-7f0565428000 r--p 00007000 103:02 9839091                   /usr/lib/jvm/java-8-openjdk-amd64/jre/lib/amd64/libzip.so
7f0565428000-7f0565429000 rw-p 00008000 103:02 9839091                   /usr/lib/jvm/java-8-openjdk-amd64/jre/lib/amd64/libzip.so
7f0565429000-7f0565434000 r-xp 00000000 103:02 22942476                  /lib/x86_64-linux-gnu/libnss_files-2.27.so
7f0565434000-7f0565633000 ---p 0000b000 103:02 22942476                  /lib/x86_64-linux-gnu/libnss_files-2.27.so
7f0565633000-7f0565634000 r--p 0000a000 103:02 22942476                  /lib/x86_64-linux-gnu/libnss_files-2.27.so
7f0565634000-7f0565635000 rw-p 0000b000 103:02 22942476                  /lib/x86_64-linux-gnu/libnss_files-2.27.so
7f0565635000-7f056563b000 rw-p 00000000 00:00 0 
7f056563b000-7f0565652000 r-xp 00000000 103:02 22942470                  /lib/x86_64-linux-gnu/libnsl-2.27.so
7f0565652000-7f0565851000 ---p 00017000 103:02 22942470                  /lib/x86_64-linux-gnu/libnsl-2.27.so
7f0565851000-7f0565852000 r--p 00016000 103:02 22942470                  /lib/x86_64-linux-gnu/libnsl-2.27.so
7f0565852000-7f0565853000 rw-p 00017000 103:02 22942470                  /lib/x86_64-linux-gnu/libnsl-2.27.so
7f0565853000-7f0565855000 rw-p 00000000 00:00 0 
7f0565855000-7f0565860000 r-xp 00000000 103:02 22942487                  /lib/x86_64-linux-gnu/libnss_nis-2.27.so
7f0565860000-7f0565a5f000 ---p 0000b000 103:02 22942487                  /lib/x86_64-linux-gnu/libnss_nis-2.27.so
7f0565a5f000-7f0565a60000 r--p 0000a000 103:02 22942487                  /lib/x86_64-linux-gnu/libnss_nis-2.27.so
7f0565a60000-7f0565a61000 rw-p 0000b000 103:02 22942487                  /lib/x86_64-linux-gnu/libnss_nis-2.27.so
7f0565a61000-7f0565a69000 r-xp 00000000 103:02 22942472                  /lib/x86_64-linux-gnu/libnss_compat-2.27.so
7f0565a69000-7f0565c69000 ---p 00008000 103:02 22942472                  /lib/x86_64-linux-gnu/libnss_compat-2.27.so
7f0565c69000-7f0565c6a000 r--p 00008000 103:02 22942472                  /lib/x86_64-linux-gnu/libnss_compat-2.27.so
7f0565c6a000-7f0565c6b000 rw-p 00009000 103:02 22942472                  /lib/x86_64-linux-gnu/libnss_compat-2.27.so
7f0565c6b000-7f0565c95000 r-xp 00000000 103:02 9838982                   /usr/lib/jvm/java-8-openjdk-amd64/jre/lib/amd64/libjava.so
7f0565c95000-7f0565e94000 ---p 0002a000 103:02 9838982                   /usr/lib/jvm/java-8-openjdk-amd64/jre/lib/amd64/libjava.so
7f0565e94000-7f0565e95000 r--p 00029000 103:02 9838982                   /usr/lib/jvm/java-8-openjdk-amd64/jre/lib/amd64/libjava.so
7f0565e95000-7f0565e97000 rw-p 0002a000 103:02 9838982                   /usr/lib/jvm/java-8-openjdk-amd64/jre/lib/amd64/libjava.so
7f0565e97000-7f0565ea7000 r-xp 00000000 103:02 9839073                   /usr/lib/jvm/java-8-openjdk-amd64/jre/lib/amd64/libverify.so
7f0565ea7000-7f05660a6000 ---p 00010000 103:02 9839073                   /usr/lib/jvm/java-8-openjdk-amd64/jre/lib/amd64/libverify.so
7f05660a6000-7f05660a8000 r--p 0000f000 103:02 9839073                   /usr/lib/jvm/java-8-openjdk-amd64/jre/lib/amd64/libverify.so
7f05660a8000-7f05660a9000 rw-p 00011000 103:02 9839073                   /usr/lib/jvm/java-8-openjdk-amd64/jre/lib/amd64/libverify.so
7f05660a9000-7f05660b0000 r-xp 00000000 103:02 22942527                  /lib/x86_64-linux-gnu/librt-2.27.so
7f05660b0000-7f05662af000 ---p 00007000 103:02 22942527                  /lib/x86_64-linux-gnu/librt-2.27.so
7f05662af000-7f05662b0000 r--p 00006000 103:02 22942527                  /lib/x86_64-linux-gnu/librt-2.27.so
7f05662b0000-7f05662b1000 rw-p 00007000 103:02 22942527                  /lib/x86_64-linux-gnu/librt-2.27.so
7f05662b1000-7f05662c8000 r-xp 00000000 103:02 22937606                  /lib/x86_64-linux-gnu/libgcc_s.so.1
7f05662c8000-7f05664c7000 ---p 00017000 103:02 22937606                  /lib/x86_64-linux-gnu/libgcc_s.so.1
7f05664c7000-7f05664c8000 r--p 00016000 103:02 22937606                  /lib/x86_64-linux-gnu/libgcc_s.so.1
7f05664c8000-7f05664c9000 rw-p 00017000 103:02 22937606                  /lib/x86_64-linux-gnu/libgcc_s.so.1
7f05664c9000-7f0566666000 r-xp 00000000 103:02 22942449                  /lib/x86_64-linux-gnu/libm-2.27.so
7f0566666000-7f0566865000 ---p 0019d000 103:02 22942449                  /lib/x86_64-linux-gnu/libm-2.27.so
7f0566865000-7f0566866000 r--p 0019c000 103:02 22942449                  /lib/x86_64-linux-gnu/libm-2.27.so
7f0566866000-7f0566867000 rw-p 0019d000 103:02 22942449                  /lib/x86_64-linux-gnu/libm-2.27.so
7f0566867000-7f05669e0000 r-xp 00000000 103:02 9830530                   /usr/lib/x86_64-linux-gnu/libstdc++.so.6.0.25
7f05669e0000-7f0566be0000 ---p 00179000 103:02 9830530                   /usr/lib/x86_64-linux-gnu/libstdc++.so.6.0.25
7f0566be0000-7f0566bea000 r--p 00179000 103:02 9830530                   /usr/lib/x86_64-linux-gnu/libstdc++.so.6.0.25
7f0566bea000-7f0566bec000 rw-p 00183000 103:02 9830530                   /usr/lib/x86_64-linux-gnu/libstdc++.so.6.0.25
7f0566bec000-7f0566bf0000 rw-p 00000000 00:00 0 
7f0566bf0000-7f056788f000 r-xp 00000000 103:02 9839139                   /usr/lib/jvm/java-8-openjdk-amd64/jre/lib/amd64/server/libjvm.so
7f056788f000-7f0567a8f000 ---p 00c9f000 103:02 9839139                   /usr/lib/jvm/java-8-openjdk-amd64/jre/lib/amd64/server/libjvm.so
7f0567a8f000-7f0567b23000 r--p 00c9f000 103:02 9839139                   /usr/lib/jvm/java-8-openjdk-amd64/jre/lib/amd64/server/libjvm.so
7f0567b23000-7f0567b4c000 rw-p 00d33000 103:02 9839139                   /usr/lib/jvm/java-8-openjdk-amd64/jre/lib/amd64/server/libjvm.so
7f0567b4c000-7f0567b7c000 rw-p 00000000 00:00 0 
7f0567b7c000-7f0567b96000 r-xp 00000000 103:02 22942519                  /lib/x86_64-linux-gnu/libpthread-2.27.so
7f0567b96000-7f0567d95000 ---p 0001a000 103:02 22942519                  /lib/x86_64-linux-gnu/libpthread-2.27.so
7f0567d95000-7f0567d96000 r--p 00019000 103:02 22942519                  /lib/x86_64-linux-gnu/libpthread-2.27.so
7f0567d96000-7f0567d97000 rw-p 0001a000 103:02 22942519                  /lib/x86_64-linux-gnu/libpthread-2.27.so
7f0567d97000-7f0567d9b000 rw-p 00000000 00:00 0 
7f0567d9b000-7f0567d9e000 r-xp 00000000 103:02 22942409                  /lib/x86_64-linux-gnu/libdl-2.27.so
7f0567d9e000-7f0567f9d000 ---p 00003000 103:02 22942409                  /lib/x86_64-linux-gnu/libdl-2.27.so
7f0567f9d000-7f0567f9e000 r--p 00002000 103:02 22942409                  /lib/x86_64-linux-gnu/libdl-2.27.so
7f0567f9e000-7f0567f9f000 rw-p 00003000 103:02 22942409                  /lib/x86_64-linux-gnu/libdl-2.27.so
7f0567f9f000-7f0567fbb000 r-xp 00000000 103:02 22942558                  /lib/x86_64-linux-gnu/libz.so.1.2.11
7f0567fbb000-7f05681ba000 ---p 0001c000 103:02 22942558                  /lib/x86_64-linux-gnu/libz.so.1.2.11
7f05681ba000-7f05681bb000 r--p 0001b000 103:02 22942558                  /lib/x86_64-linux-gnu/libz.so.1.2.11
7f05681bb000-7f05681bc000 rw-p 0001c000 103:02 22942558                  /lib/x86_64-linux-gnu/libz.so.1.2.11
7f05681bc000-7f05683a3000 r-xp 00000000 103:02 22942386                  /lib/x86_64-linux-gnu/libc-2.27.so
7f05683a3000-7f05685a3000 ---p 001e7000 103:02 22942386                  /lib/x86_64-linux-gnu/libc-2.27.so
7f05685a3000-7f05685a7000 r--p 001e7000 103:02 22942386                  /lib/x86_64-linux-gnu/libc-2.27.so
7f05685a7000-7f05685a9000 rw-p 001eb000 103:02 22942386                  /lib/x86_64-linux-gnu/libc-2.27.so
7f05685a9000-7f05685ad000 rw-p 00000000 00:00 0 
7f05685ad000-7f05685bb000 r-xp 00000000 103:02 9838942                   /usr/lib/jvm/java-8-openjdk-amd64/jre/lib/amd64/jli/libjli.so
7f05685bb000-7f05687ba000 ---p 0000e000 103:02 9838942                   /usr/lib/jvm/java-8-openjdk-amd64/jre/lib/amd64/jli/libjli.so
7f05687ba000-7f05687bb000 r--p 0000d000 103:02 9838942                   /usr/lib/jvm/java-8-openjdk-amd64/jre/lib/amd64/jli/libjli.so
7f05687bb000-7f05687bc000 rw-p 0000e000 103:02 9838942                   /usr/lib/jvm/java-8-openjdk-amd64/jre/lib/amd64/jli/libjli.so
7f05687bc000-7f05687e3000 r-xp 00000000 103:02 22942358                  /lib/x86_64-linux-gnu/ld-2.27.so
7f05687e3000-7f05687e4000 r--s 0000a000 103:02 9839205                   /usr/lib/jvm/java-8-openjdk-amd64/jre/lib/ext/jaccess.jar
7f05687e4000-7f05687ff000 r--s 00394000 103:02 9839202                   /usr/lib/jvm/java-8-openjdk-amd64/jre/lib/ext/cldrdata.jar
7f05687ff000-7f05688c4000 rw-p 00000000 00:00 0 
7f05688c4000-7f05688c5000 ---p 00000000 00:00 0 
7f05688c5000-7f05688c8000 ---p 00000000 00:00 0 
7f05688c8000-7f05689c7000 rw-p 00000000 00:00 0 
7f05689c7000-7f05689c9000 r--s 00001000 103:02 9839203                   /usr/lib/jvm/java-8-openjdk-amd64/jre/lib/ext/dnsns.jar
7f05689c9000-7f05689d3000 r--s 00116000 103:02 9839206                   /usr/lib/jvm/java-8-openjdk-amd64/jre/lib/ext/localedata.jar
7f05689d3000-7f05689d5000 r--s 00007000 103:02 10224650                  /usr/share/java/java-atk-wrapper.jar
7f05689d5000-7f05689d6000 r--s 0000d000 103:02 9839213                   /usr/lib/jvm/java-8-openjdk-amd64/jre/lib/ext/sunec.jar
7f05689d6000-7f05689d7000 r--s 00010000 103:02 9839216                   /usr/lib/jvm/java-8-openjdk-amd64/jre/lib/ext/zipfs.jar
7f05689d7000-7f05689df000 rw-s 00000000 103:02 18483151                  /tmp/hsperfdata_sam/7896
7f05689df000-7f05689e0000 rw-p 00000000 00:00 0 
7f05689e0000-7f05689e1000 r--p 00000000 00:00 0 
7f05689e1000-7f05689e3000 rw-p 00000000 00:00 0 
7f05689e3000-7f05689e4000 r--p 00027000 103:02 22942358                  /lib/x86_64-linux-gnu/ld-2.27.so
7f05689e4000-7f05689e5000 rw-p 00028000 103:02 22942358                  /lib/x86_64-linux-gnu/ld-2.27.so
7f05689e5000-7f05689e6000 rw-p 00000000 00:00 0 
7ffe22e18000-7ffe22e39000 rw-p 00000000 00:00 0                          [stack]
7ffe22e98000-7ffe22e9b000 r--p 00000000 00:00 0                          [vvar]
7ffe22e9b000-7ffe22e9c000 r-xp 00000000 00:00 0                          [vdso]
ffffffffff600000-ffffffffff601000 --xp 00000000 00:00 0                  [vsyscall]

VM Arguments:
jvm_args: -Dfile.encoding=UTF-8 
java_command: main.Main
java_class_path (initial): /home/sam/Downloads/lwjgl-3.2.3/lwjgl/lwjgl.jar:/home/sam/Downloads/lwjgl-3.2.3/lwjgl/lwjgl-natives-linux.jar:/home/sam/Downloads/lwjgl-3.2.3/lwjgl/lwjgl-natives-linux-arm64.jar:/home/sam/Downloads/lwjgl-3.2.3/lwjgl-opengl/lwjgl-opengl.jar:/home/sam/Downloads/lwjgl-3.2.3/lwjgl-opengl/lwjgl-opengl-natives-linux.jar:/home/sam/Downloads/lwjgl-3.2.3/lwjgl-opengl/lwjgl-opengl-natives-linux-arm64.jar:/home/sam/Downloads/lwjgl-3.2.3/lwjgl-glfw/lwjgl-glfw.jar:/home/sam/Downloads/lwjgl-3.2.3/lwjgl-glfw/lwjgl-glfw-natives-linux.jar:/home/sam/Downloads/lwjgl-3.2.3/lwjgl-glfw/lwjgl-glfw-natives-linux-arm64.jar:/home/sam/Downloads/pngdecoder-1.0.jar:/home/sam/eclipse/workspace/LWJGL-ENGINE/bin:/home/sam/Downloads/lwjgl-3.2.3/lwjgl-stb/lwjgl-stb.jar:/home/sam/Downloads/lwjgl-3.2.3/lwjgl-stb/lwjgl-stb-natives-linux.jar:/home/sam/Downloads/lwjgl-3.2.3/lwjgl-stb/lwjgl-stb-natives-linux-arm64.jar
Launcher Type: SUN_STANDARD

Environment Variables:
PATH=/usr/local/sbin:/usr/local/bin:/usr/sbin:/usr/bin:/sbin:/bin:/usr/games:/usr/local/games:/snap/bin
USERNAME=sam
SHELL=/bin/bash
DISPLAY=:0

Signal Handlers:
SIGSEGV: [libjvm.so+0xab92f0], sa_mask[0]=11111111011111111101111111111110, sa_flags=SA_RESTART|SA_SIGINFO
SIGBUS: [libjvm.so+0xab92f0], sa_mask[0]=11111111011111111101111111111110, sa_flags=SA_RESTART|SA_SIGINFO
SIGFPE: [libjvm.so+0x8ee560], sa_mask[0]=11111111011111111101111111111110, sa_flags=SA_RESTART|SA_SIGINFO
SIGPIPE: [libjvm.so+0x8ee560], sa_mask[0]=11111111011111111101111111111110, sa_flags=SA_RESTART|SA_SIGINFO
SIGXFSZ: [libjvm.so+0x8ee560], sa_mask[0]=11111111011111111101111111111110, sa_flags=SA_RESTART|SA_SIGINFO
SIGILL: [libjvm.so+0x8ee560], sa_mask[0]=11111111011111111101111111111110, sa_flags=SA_RESTART|SA_SIGINFO
SIGUSR1: SIG_DFL, sa_mask[0]=00000000000000000000000000000000, sa_flags=none
SIGUSR2: [libjvm.so+0x8ee410], sa_mask[0]=00100000000000000000000000000000, sa_flags=SA_RESTART|SA_SIGINFO
SIGHUP: [libjvm.so+0x8eea80], sa_mask[0]=11111111011111111101111111111110, sa_flags=SA_RESTART|SA_SIGINFO
SIGINT: [libjvm.so+0x8eea80], sa_mask[0]=11111111011111111101111111111110, sa_flags=SA_RESTART|SA_SIGINFO
SIGTERM: [libjvm.so+0x8eea80], sa_mask[0]=11111111011111111101111111111110, sa_flags=SA_RESTART|SA_SIGINFO
SIGQUIT: [libjvm.so+0x8eea80], sa_mask[0]=11111111011111111101111111111110, sa_flags=SA_RESTART|SA_SIGINFO


---------------  S Y S T E M  ---------------

OS:DISTRIB_ID=Ubuntu
DISTRIB_RELEASE=18.04
DISTRIB_CODENAME=bionic
DISTRIB_DESCRIPTION="Ubuntu 18.04.2 LTS"

uname:Linux 5.3.0-23-generic #25~18.04.1-Ubuntu SMP Tue Nov 12 10:58:57 UTC 2019 x86_64
libc:glibc 2.27 NPTL 2.27 
rlimit: STACK 8192k, CORE 0k, NPROC 127605, NOFILE 1048576, AS infinity
load average:0.28 0.40 0.44

/proc/meminfo:
MemTotal:       32713520 kB
MemFree:        28644728 kB
MemAvailable:   29449328 kB
Buffers:          230584 kB
Cached:          1055716 kB
SwapCached:            0 kB
Active:          2897548 kB
Inactive:         653500 kB
Active(anon):    2306644 kB
Inactive(anon):   158324 kB
Active(file):     590904 kB
Inactive(file):   495176 kB
Unevictable:       40680 kB
Mlocked:             160 kB
SwapTotal:       2097148 kB
SwapFree:        2097148 kB
Dirty:               256 kB
Writeback:             0 kB
AnonPages:       2305568 kB
Mapped:           499632 kB
Shmem:            200228 kB
KReclaimable:     175744 kB
Slab:             255036 kB
SReclaimable:     175744 kB
SUnreclaim:        79292 kB
KernelStack:       15136 kB
PageTables:        53276 kB
NFS_Unstable:          0 kB
Bounce:                0 kB
WritebackTmp:          0 kB
CommitLimit:    18453908 kB
Committed_AS:    8482972 kB
VmallocTotal:   34359738367 kB
VmallocUsed:       57868 kB
VmallocChunk:          0 kB
Percpu:             5760 kB
HardwareCorrupted:     0 kB
AnonHugePages:         0 kB
ShmemHugePages:        0 kB
ShmemPmdMapped:        0 kB
CmaTotal:              0 kB
CmaFree:               0 kB
HugePages_Total:       0
HugePages_Free:        0
HugePages_Rsvd:        0
HugePages_Surp:        0
Hugepagesize:       2048 kB
Hugetlb:               0 kB
DirectMap4k:      324256 kB
DirectMap2M:     6842368 kB
DirectMap1G:    26214400 kB

container (cgroup) information:
container_type: cgroupv1
cpu_cpuset_cpus: 0-11
cpu_memory_nodes: 0
active_processor_count: 12
cpu_quota: -1
cpu_period: 100000
cpu_shares: -1
memory_limit_in_bytes: -1
memory_and_swap_limit_in_bytes: -2
memory_soft_limit_in_bytes: -1
memory_usage_in_bytes: 3678019584
memory_max_usage_in_bytes: 0


CPU:total 12 (initial active 12) (6 cores per cpu, 2 threads per core) family 6 model 158 stepping 10, cmov, cx8, fxsr, mmx, sse, sse2, sse3, ssse3, sse4.1, sse4.2, popcnt, avx, avx2, aes, clmul, erms, 3dnowpref, lzcnt, ht, tsc, tscinvbit, bmi1, bmi2, adx

/proc/cpuinfo:
processor	: 0
vendor_id	: GenuineIntel
cpu family	: 6
model		: 158
model name	: Intel(R) Core(TM) i7-8750H CPU @ 2.20GHz
stepping	: 10
microcode	: 0xca
cpu MHz		: 3963.282
cache size	: 9216 KB
physical id	: 0
siblings	: 12
core id		: 0
cpu cores	: 6
apicid		: 0
initial apicid	: 0
fpu		: yes
fpu_exception	: yes
cpuid level	: 22
wp		: yes
flags		: fpu vme de pse tsc msr pae mce cx8 apic sep mtrr pge mca cmov pat pse36 clflush dts acpi mmx fxsr sse sse2 ss ht tm pbe syscall nx pdpe1gb rdtscp lm constant_tsc art arch_perfmon pebs bts rep_good nopl xtopology nonstop_tsc cpuid aperfmperf pni pclmulqdq dtes64 monitor ds_cpl vmx est tm2 ssse3 sdbg fma cx16 xtpr pdcm pcid sse4_1 sse4_2 x2apic movbe popcnt tsc_deadline_timer aes xsave avx f16c rdrand lahf_lm abm 3dnowprefetch cpuid_fault epb invpcid_single pti ssbd ibrs ibpb stibp tpr_shadow vnmi flexpriority ept vpid ept_ad fsgsbase tsc_adjust bmi1 avx2 smep bmi2 erms invpcid mpx rdseed adx smap clflushopt intel_pt xsaveopt xsavec xgetbv1 xsaves dtherm ida arat pln pts hwp hwp_notify hwp_act_window hwp_epp md_clear flush_l1d
bugs		: cpu_meltdown spectre_v1 spectre_v2 spec_store_bypass l1tf mds swapgs itlb_multihit
bogomips	: 4399.99
clflush size	: 64
cache_alignment	: 64
address sizes	: 39 bits physical, 48 bits virtual
power management:

processor	: 1
vendor_id	: GenuineIntel
cpu family	: 6
model		: 158
model name	: Intel(R) Core(TM) i7-8750H CPU @ 2.20GHz
stepping	: 10
microcode	: 0xca
cpu MHz		: 3927.098
cache size	: 9216 KB
physical id	: 0
siblings	: 12
core id		: 1
cpu cores	: 6
apicid		: 2
initial apicid	: 2
fpu		: yes
fpu_exception	: yes
cpuid level	: 22
wp		: yes
flags		: fpu vme de pse tsc msr pae mce cx8 apic sep mtrr pge mca cmov pat pse36 clflush dts acpi mmx fxsr sse sse2 ss ht tm pbe syscall nx pdpe1gb rdtscp lm constant_tsc art arch_perfmon pebs bts rep_good nopl xtopology nonstop_tsc cpuid aperfmperf pni pclmulqdq dtes64 monitor ds_cpl vmx est tm2 ssse3 sdbg fma cx16 xtpr pdcm pcid sse4_1 sse4_2 x2apic movbe popcnt tsc_deadline_timer aes xsave avx f16c rdrand lahf_lm abm 3dnowprefetch cpuid_fault epb invpcid_single pti ssbd ibrs ibpb stibp tpr_shadow vnmi flexpriority ept vpid ept_ad fsgsbase tsc_adjust bmi1 avx2 smep bmi2 erms invpcid mpx rdseed adx smap clflushopt intel_pt xsaveopt xsavec xgetbv1 xsaves dtherm ida arat pln pts hwp hwp_notify hwp_act_window hwp_epp md_clear flush_l1d
bugs		: cpu_meltdown spectre_v1 spectre_v2 spec_store_bypass l1tf mds swapgs itlb_multihit
bogomips	: 4399.99
clflush size	: 64
cache_alignment	: 64
address sizes	: 39 bits physical, 48 bits virtual
power management:

processor	: 2
vendor_id	: GenuineIntel
cpu family	: 6
model		: 158
model name	: Intel(R) Core(TM) i7-8750H CPU @ 2.20GHz
stepping	: 10
microcode	: 0xca
cpu MHz		: 3904.520
cache size	: 9216 KB
physical id	: 0
siblings	: 12
core id		: 2
cpu cores	: 6
apicid		: 4
initial apicid	: 4
fpu		: yes
fpu_exception	: yes
cpuid level	: 22
wp		: yes
flags		: fpu vme de pse tsc msr pae mce cx8 apic sep mtrr pge mca cmov pat pse36 clflush dts acpi mmx fxsr sse sse2 ss ht tm pbe syscall nx pdpe1gb rdtscp lm constant_tsc art arch_perfmon pebs bts rep_good nopl xtopology nonstop_tsc cpuid aperfmperf pni pclmulqdq dtes64 monitor ds_cpl vmx est tm2 ssse3 sdbg fma cx16 xtpr pdcm pcid sse4_1 sse4_2 x2apic movbe popcnt tsc_deadline_timer aes xsave avx f16c rdrand lahf_lm abm 3dnowprefetch cpuid_fault epb invpcid_single pti ssbd ibrs ibpb stibp tpr_shadow vnmi flexpriority ept vpid ept_ad fsgsbase tsc_adjust bmi1 avx2 smep bmi2 erms invpcid mpx rdseed adx smap clflushopt intel_pt xsaveopt xsavec xgetbv1 xsaves dtherm ida arat pln pts hwp hwp_notify hwp_act_window hwp_epp md_clear flush_l1d
bugs		: cpu_meltdown spectre_v1 spectre_v2 spec_store_bypass l1tf mds swapgs itlb_multihit
bogomips	: 4399.99
clflush size	: 64
cache_alignment	: 64
address sizes	: 39 bits physical, 48 bits virtual
power management:

processor	: 3
vendor_id	: GenuineIntel
cpu family	: 6
model		: 158
model name	: Intel(R) Core(TM) i7-8750H CPU @ 2.20GHz
stepping	: 10
microcode	: 0xca
cpu MHz		: 3974.911
cache size	: 9216 KB
physical id	: 0
siblings	: 12
core id		: 3
cpu cores	: 6
apicid		: 6
initial apicid	: 6
fpu		: yes
fpu_exception	: yes
cpuid level	: 22
wp		: yes
flags		: fpu vme de pse tsc msr pae mce cx8 apic sep mtrr pge mca cmov pat pse36 clflush dts acpi mmx fxsr sse sse2 ss ht tm pbe syscall nx pdpe1gb rdtscp lm constant_tsc art arch_perfmon pebs bts rep_good nopl xtopology nonstop_tsc cpuid aperfmperf pni pclmulqdq dtes64 monitor ds_cpl vmx est tm2 ssse3 sdbg fma cx16 xtpr pdcm pcid sse4_1 sse4_2 x2apic movbe popcnt tsc_deadline_timer aes xsave avx f16c rdrand lahf_lm abm 3dnowprefetch cpuid_fault epb invpcid_single pti ssbd ibrs ibpb stibp tpr_shadow vnmi flexpriority ept vpid ept_ad fsgsbase tsc_adjust bmi1 avx2 smep bmi2 erms invpcid mpx rdseed adx smap clflushopt intel_pt xsaveopt xsavec xgetbv1 xsaves dtherm ida arat pln pts hwp hwp_notify hwp_act_window hwp_epp md_clear flush_l1d
bugs		: cpu_meltdown spectre_v1 spectre_v2 spec_store_bypass l1tf mds swapgs itlb_multihit
bogomips	: 4399.99
clflush size	: 64
cache_alignment	: 64
address sizes	: 39 bits physical, 48 bits virtual
power management:

processor	: 4
vendor_id	: GenuineIntel
cpu family	: 6
model		: 158
model name	: Intel(R) Core(TM) i7-8750H CPU @ 2.20GHz
stepping	: 10
microcode	: 0xca
cpu MHz		: 3995.728
cache size	: 9216 KB
physical id	: 0
siblings	: 12
core id		: 4
cpu cores	: 6
apicid		: 8
initial apicid	: 8
fpu		: yes
fpu_exception	: yes
cpuid level	: 22
wp		: yes
flags		: fpu vme de pse tsc msr pae mce cx8 apic sep mtrr pge mca cmov pat pse36 clflush dts acpi mmx fxsr sse sse2 ss ht tm pbe syscall nx pdpe1gb rdtscp lm constant_tsc art arch_perfmon pebs bts rep_good nopl xtopology nonstop_tsc cpuid aperfmperf pni pclmulqdq dtes64 monitor ds_cpl vmx est tm2 ssse3 sdbg fma cx16 xtpr pdcm pcid sse4_1 sse4_2 x2apic movbe popcnt tsc_deadline_timer aes xsave avx f16c rdrand lahf_lm abm 3dnowprefetch cpuid_fault epb invpcid_single pti ssbd ibrs ibpb stibp tpr_shadow vnmi flexpriority ept vpid ept_ad fsgsbase tsc_adjust bmi1 avx2 smep bmi2 erms invpcid mpx rdseed adx smap clflushopt intel_pt xsaveopt xsavec xgetbv1 xsaves dtherm ida arat pln pts hwp hwp_notify hwp_act_window hwp_epp md_clear flush_l1d
bugs		: cpu_meltdown spectre_v1 spectre_v2 spec_store_bypass l1tf mds swapgs itlb_multihit
bogomips	: 4399.99
clflush size	: 64
cache_alignment	: 64
address sizes	: 39 bits physical, 48 bits virtual
power management:

processor	: 5
vendor_id	: GenuineIntel
cpu family	: 6
model		: 158
model name	: Intel(R) Core(TM) i7-8750H CPU @ 2.20GHz
stepping	: 10
microcode	: 0xca
cpu MHz		: 3900.561
cache size	: 9216 KB
physical id	: 0
siblings	: 12
core id		: 5
cpu cores	: 6
apicid		: 10
initial apicid	: 10
fpu		: yes
fpu_exception	: yes
cpuid level	: 22
wp		: yes
flags		: fpu vme de pse tsc msr pae mce cx8 apic sep mtrr pge mca cmov pat pse36 clflush dts acpi mmx fxsr sse sse2 ss ht tm pbe syscall nx pdpe1gb rdtscp lm constant_tsc art arch_perfmon pebs bts rep_good nopl xtopology nonstop_tsc cpuid aperfmperf pni pclmulqdq dtes64 monitor ds_cpl vmx est tm2 ssse3 sdbg fma cx16 xtpr pdcm pcid sse4_1 sse4_2 x2apic movbe popcnt tsc_deadline_timer aes xsave avx f16c rdrand lahf_lm abm 3dnowprefetch cpuid_fault epb invpcid_single pti ssbd ibrs ibpb stibp tpr_shadow vnmi flexpriority ept vpid ept_ad fsgsbase tsc_adjust bmi1 avx2 smep bmi2 erms invpcid mpx rdseed adx smap clflushopt intel_pt xsaveopt xsavec xgetbv1 xsaves dtherm ida arat pln pts hwp hwp_notify hwp_act_window hwp_epp md_clear flush_l1d
bugs		: cpu_meltdown spectre_v1 spectre_v2 spec_store_bypass l1tf mds swapgs itlb_multihit
bogomips	: 4399.99
clflush size	: 64
cache_alignment	: 64
address sizes	: 39 bits physical, 48 bits virtual
power management:

processor	: 6
vendor_id	: GenuineIntel
cpu family	: 6
model		: 158
model name	: Intel(R) Core(TM) i7-8750H CPU @ 2.20GHz
stepping	: 10
microcode	: 0xca
cpu MHz		: 3913.163
cache size	: 9216 KB
physical id	: 0
siblings	: 12
core id		: 0
cpu cores	: 6
apicid		: 1
initial apicid	: 1
fpu		: yes
fpu_exception	: yes
cpuid level	: 22
wp		: yes
flags		: fpu vme de pse tsc msr pae mce cx8 apic sep mtrr pge mca cmov pat pse36 clflush dts acpi mmx fxsr sse sse2 ss ht tm pbe syscall nx pdpe1gb rdtscp lm constant_tsc art arch_perfmon pebs bts rep_good nopl xtopology nonstop_tsc cpuid aperfmperf pni pclmulqdq dtes64 monitor ds_cpl vmx est tm2 ssse3 sdbg fma cx16 xtpr pdcm pcid sse4_1 sse4_2 x2apic movbe popcnt tsc_deadline_timer aes xsave avx f16c rdrand lahf_lm abm 3dnowprefetch cpuid_fault epb invpcid_single pti ssbd ibrs ibpb stibp tpr_shadow vnmi flexpriority ept vpid ept_ad fsgsbase tsc_adjust bmi1 avx2 smep bmi2 erms invpcid mpx rdseed adx smap clflushopt intel_pt xsaveopt xsavec xgetbv1 xsaves dtherm ida arat pln pts hwp hwp_notify hwp_act_window hwp_epp md_clear flush_l1d
bugs		: cpu_meltdown spectre_v1 spectre_v2 spec_store_bypass l1tf mds swapgs itlb_multihit
bogomips	: 4399.99
clflush size	: 64
cache_alignment	: 64
address sizes	: 39 bits physical, 48 bits virtual
power management:

processor	: 7
vendor_id	: GenuineIntel
cpu family	: 6
model		: 158
model name	: Intel(R) Core(TM) i7-8750H CPU @ 2.20GHz
stepping	: 10
microcode	: 0xca
cpu MHz		: 3902.438
cache size	: 9216 KB
physical id	: 0
siblings	: 12
core id		: 1
cpu cores	: 6
apicid		: 3
initial apicid	: 3
fpu		: yes
fpu_exception	: yes
cpuid level	: 22
wp		: yes
flags		: fpu vme de pse tsc msr pae mce cx8 apic sep mtrr pge mca cmov pat pse36 clflush dts acpi mmx fxsr sse sse2 ss ht tm pbe syscall nx pdpe1gb rdtscp lm constant_tsc art arch_perfmon pebs bts rep_good nopl xtopology nonstop_tsc cpuid aperfmperf pni pclmulqdq dtes64 monitor ds_cpl vmx est tm2 ssse3 sdbg fma cx16 xtpr pdcm pcid sse4_1 sse4_2 x2apic movbe popcnt tsc_deadline_timer aes xsave avx f16c rdrand lahf_lm abm 3dnowprefetch cpuid_fault epb invpcid_single pti ssbd ibrs ibpb stibp tpr_shadow vnmi flexpriority ept vpid ept_ad fsgsbase tsc_adjust bmi1 avx2 smep bmi2 erms invpcid mpx rdseed adx smap clflushopt intel_pt xsaveopt xsavec xgetbv1 xsaves dtherm ida arat pln pts hwp hwp_notify hwp_act_window hwp_epp md_clear flush_l1d
bugs		: cpu_meltdown spectre_v1 spectre_v2 spec_store_bypass l1tf mds swapgs itlb_multihit
bogomips	: 4399.99
clflush size	: 64
cache_alignment	: 64
address sizes	: 39 bits physical, 48 bits virtual
power management:

processor	: 8
vendor_id	: GenuineIntel
cpu family	: 6
model		: 158
model name	: Intel(R) Core(TM) i7-8750H CPU @ 2.20GHz
stepping	: 10
microcode	: 0xca
cpu MHz		: 3909.423
cache size	: 9216 KB
physical id	: 0
siblings	: 12
core id		: 2
cpu cores	: 6
apicid		: 5
initial apicid	: 5
fpu		: yes
fpu_exception	: yes
cpuid level	: 22
wp		: yes
flags		: fpu vme de pse tsc msr pae mce cx8 apic sep mtrr pge mca cmov pat pse36 clflush dts acpi mmx fxsr sse sse2 ss ht tm pbe syscall nx pdpe1gb rdtscp lm constant_tsc art arch_perfmon pebs bts rep_good nopl xtopology nonstop_tsc cpuid aperfmperf pni pclmulqdq dtes64 monitor ds_cpl vmx est tm2 ssse3 sdbg fma cx16 xtpr pdcm pcid sse4_1 sse4_2 x2apic movbe popcnt tsc_deadline_timer aes xsave avx f16c rdrand lahf_lm abm 3dnowprefetch cpuid_fault epb invpcid_single pti ssbd ibrs ibpb stibp tpr_shadow vnmi flexpriority ept vpid ept_ad fsgsbase tsc_adjust bmi1 avx2 smep bmi2 erms invpcid mpx rdseed adx smap clflushopt intel_pt xsaveopt xsavec xgetbv1 xsaves dtherm ida arat pln pts hwp hwp_notify hwp_act_window hwp_epp md_clear flush_l1d
bugs		: cpu_meltdown spectre_v1 spectre_v2 spec_store_bypass l1tf mds swapgs itlb_multihit
bogomips	: 4399.99
clflush size	: 64
cache_alignment	: 64
address sizes	: 39 bits physical, 48 bits virtual
power management:

processor	: 9
vendor_id	: GenuineIntel
cpu family	: 6
model		: 158
model name	: Intel(R) Core(TM) i7-8750H CPU @ 2.20GHz
stepping	: 10
microcode	: 0xca
cpu MHz		: 3983.384
cache size	: 9216 KB
physical id	: 0
siblings	: 12
core id		: 3
cpu cores	: 6
apicid		: 7
initial apicid	: 7
fpu		: yes
fpu_exception	: yes
cpuid level	: 22
wp		: yes
flags		: fpu vme de pse tsc msr pae mce cx8 apic sep mtrr pge mca cmov pat pse36 clflush dts acpi mmx fxsr sse sse2 ss ht tm pbe syscall nx pdpe1gb rdtscp lm constant_tsc art arch_perfmon pebs bts rep_good nopl xtopology nonstop_tsc cpuid aperfmperf pni pclmulqdq dtes64 monitor ds_cpl vmx est tm2 ssse3 sdbg fma cx16 xtpr pdcm pcid sse4_1 sse4_2 x2apic movbe popcnt tsc_deadline_timer aes xsave avx f16c rdrand lahf_lm abm 3dnowprefetch cpuid_fault epb invpcid_single pti ssbd ibrs ibpb stibp tpr_shadow vnmi flexpriority ept vpid ept_ad fsgsbase tsc_adjust bmi1 avx2 smep bmi2 erms invpcid mpx rdseed adx smap clflushopt intel_pt xsaveopt xsavec xgetbv1 xsaves dtherm ida arat pln pts hwp hwp_notify hwp_act_window hwp_epp md_clear flush_l1d
bugs		: cpu_meltdown spectre_v1 spectre_v2 spec_store_bypass l1tf mds swapgs itlb_multihit
bogomips	: 4399.99
clflush size	: 64
cache_alignment	: 64
address sizes	: 39 bits physical, 48 bits virtual
power management:

processor	: 10
vendor_id	: GenuineIntel
cpu family	: 6
model		: 158
model name	: Intel(R) Core(TM) i7-8750H CPU @ 2.20GHz
stepping	: 10
microcode	: 0xca
cpu MHz		: 3913.662
cache size	: 9216 KB
physical id	: 0
siblings	: 12
core id		: 4
cpu cores	: 6
apicid		: 9
initial apicid	: 9
fpu		: yes
fpu_exception	: yes
cpuid level	: 22
wp		: yes
flags		: fpu vme de pse tsc msr pae mce cx8 apic sep mtrr pge mca cmov pat pse36 clflush dts acpi mmx fxsr sse sse2 ss ht tm pbe syscall nx pdpe1gb rdtscp lm constant_tsc art arch_perfmon pebs bts rep_good nopl xtopology nonstop_tsc cpuid aperfmperf pni pclmulqdq dtes64 monitor ds_cpl vmx est tm2 ssse3 sdbg fma cx16 xtpr pdcm pcid sse4_1 sse4_2 x2apic movbe popcnt tsc_deadline_timer aes xsave avx f16c rdrand lahf_lm abm 3dnowprefetch cpuid_fault epb invpcid_single pti ssbd ibrs ibpb stibp tpr_shadow vnmi flexpriority ept vpid ept_ad fsgsbase tsc_adjust bmi1 avx2 smep bmi2 erms invpcid mpx rdseed adx smap clflushopt intel_pt xsaveopt xsavec xgetbv1 xsaves dtherm ida arat pln pts hwp hwp_notify hwp_act_window hwp_epp md_clear flush_l1d
bugs		: cpu_meltdown spectre_v1 spectre_v2 spec_store_bypass l1tf mds swapgs itlb_multihit
bogomips	: 4399.99
clflush size	: 64
cache_alignment	: 64
address sizes	: 39 bits physical, 48 bits virtual
power management:

processor	: 11
vendor_id	: GenuineIntel
cpu family	: 6
model		: 158
model name	: Intel(R) Core(TM) i7-8750H CPU @ 2.20GHz
stepping	: 10
microcode	: 0xca
cpu MHz		: 3967.624
cache size	: 9216 KB
physical id	: 0
siblings	: 12
core id		: 5
cpu cores	: 6
apicid		: 11
initial apicid	: 11
fpu		: yes
fpu_exception	: yes
cpuid level	: 22
wp		: yes
flags		: fpu vme de pse tsc msr pae mce cx8 apic sep mtrr pge mca cmov pat pse36 clflush dts acpi mmx fxsr sse sse2 ss ht tm pbe syscall nx pdpe1gb rdtscp lm constant_tsc art arch_perfmon pebs bts rep_good nopl xtopology nonstop_tsc cpuid aperfmperf pni pclmulqdq dtes64 monitor ds_cpl vmx est tm2 ssse3 sdbg fma cx16 xtpr pdcm pcid sse4_1 sse4_2 x2apic movbe popcnt tsc_deadline_timer aes xsave avx f16c rdrand lahf_lm abm 3dnowprefetch cpuid_fault epb invpcid_single pti ssbd ibrs ibpb stibp tpr_shadow vnmi flexpriority ept vpid ept_ad fsgsbase tsc_adjust bmi1 avx2 smep bmi2 erms invpcid mpx rdseed adx smap clflushopt intel_pt xsaveopt xsavec xgetbv1 xsaves dtherm ida arat pln pts hwp hwp_notify hwp_act_window hwp_epp md_clear flush_l1d
bugs		: cpu_meltdown spectre_v1 spectre_v2 spec_store_bypass l1tf mds swapgs itlb_multihit
bogomips	: 4399.99
clflush size	: 64
cache_alignment	: 64
address sizes	: 39 bits physical, 48 bits virtual
power management:



Memory: 4k page, physical 32713520k(28644308k free), swap 2097148k(2097148k free)

vm_info: OpenJDK 64-Bit Server VM (25.222-b10) for linux-amd64 JRE (1.8.0_222-8u222-b10-1ubuntu1~18.04.1-b10), built on Jul 18 2019 18:52:48 by "buildd" with gcc 7.4.0

time: Tue Nov 26 16:14:59 2019
timezone: CST
elapsed time: 0 seconds (0d 0h 0m 0s)

