#
# A fatal error has been detected by the Java Runtime Environment:
#
#  SIGSEGV (0xb) at pc=0x00007efd0f1fc050, pid=14889, tid=0x00007efd60470700
#
# JRE version: OpenJDK Runtime Environment (8.0_232-b09) (build 1.8.0_232-8u232-b09-0ubuntu1~18.04.1-b09)
# Java VM: OpenJDK 64-Bit Server VM (25.232-b09 mixed mode linux-amd64 compressed oops)
# Problematic frame:
# C  [libnvidia-glcore.so.440.31+0xf6a050]
#
# Failed to write core dump. Core dumps have been disabled. To enable core dumping, try "ulimit -c unlimited" before starting Java again
#
# If you would like to submit a bug report, please visit:
#   http://bugreport.java.com/bugreport/crash.jsp
# The crash happened outside the Java Virtual Machine in native code.
# See problematic frame for where to report the bug.
#

---------------  T H R E A D  ---------------

Current thread (0x00007efd5800b800):  JavaThread "main" [_thread_in_native, id=14895, stack(0x00007efd60371000,0x00007efd60471000)]

siginfo: si_signo: 11 (SIGSEGV), si_code: 1 (SEGV_MAPERR), si_addr: 0x0000000000000000

Registers:
RAX=0x00007efd590f2818, RBX=0x00007efd590f24b8, RCX=0x0000000000003a98, RDX=0x0000000000000010
RSP=0x00007efd6046f488, RBP=0x00007efd58670fb0, RSI=0x0000000000000000, RDI=0x00007efd0c50e770
R8 =0x00007efd0c50e770, R9 =0x0000000000003a98, R10=0x0000000000000000, R11=0x0000000000000000
R12=0x00007efd590f2ac0, R13=0x00007efd5861bc20, R14=0x00007efd5861bc10, R15=0x00007efd0cd61b70
RIP=0x00007efd0f1fc050, EFLAGS=0x0000000000010246, CSGSFS=0x002b000000000033, ERR=0x0000000000000004
  TRAPNO=0x000000000000000e

Top of Stack: (sp=0x00007efd6046f488)
0x00007efd6046f488:   00007efd0f2d07c3 00007efd590f27b8
0x00007efd6046f498:   0000000000000001 0000000000000001
0x00007efd6046f4a8:   00000000000f27b8 0000000000003a98
0x00007efd6046f4b8:   0000000041442000 00007efd0c50e770
0x00007efd6046f4c8:   00007efd0f1fc040 000000010727b0f0
0x00007efd6046f4d8:   00007efd590f24b8 0000000000000000
0x00007efd6046f4e8:   00007efd0ed2f84e 00007efd59352f70
0x00007efd6046f4f8:   000000050f106c94 0000000000000002
0x00007efd6046f508:   00007efd590f2818 00007efd58677e10
0x00007efd6046f518:   0000000000000002 0000000000004003
0x00007efd6046f528:   10c0000000000000 0000000000004003
0x00007efd6046f538:   10c0000000000000 000000003f800000
0x00007efd6046f548:   0000000000000000 0000000041442000
0x00007efd6046f558:   00007efd590f2ac0 00007efd5861bc20
0x00007efd6046f568:   00007efd5861bc10 0000000041498bf0
0x00007efd6046f578:   00007efd0f2e23bc 00007efd6046f64c
0x00007efd6046f588:   00007efd6046f648 0000140501000000
0x00007efd6046f598:   ffffffff000151a4 0000000400000000
0x00007efd6046f5a8:   0000000041442210 00007efd58670fb0
0x00007efd6046f5b8:   00007efd6046f430 0000000000001401
0x00007efd6046f5c8:   00007efd60470700 00007efd00001401
0x00007efd6046f5d8:   00007efd60470700 0000000000004003
0x00007efd6046f5e8:   00c0000000000000 00007efd5861bc01
0x00007efd6046f5f8:   00007efd590f2ac0 0000000041442000
0x00007efd6046f608:   00007efd590f24b8 0000000000001405
0x00007efd6046f618:   00007efd0f2d5f03 0000000000001401
0x00007efd6046f628:   00007efd60470700 00007efd00000001
0x00007efd6046f638:   00007efd60470700 00007efd14b14300
0x00007efd6046f648:   0000000000003a98 000000071c5c5880
0x00007efd6046f658:   0000000041442000 000000004148ca80
0x00007efd6046f668:   0000000000000004 0000000000001405
0x00007efd6046f678:   0000000000000010 0000000000000000 

Instructions: (pc=0x00007efd0f1fc050)
0x00007efd0f1fc030:   d0 48 8d 44 07 0c c3 90 90 90 90 90 90 90 90 90
0x00007efd0f1fc040:   48 63 d2 49 89 f8 41 89 c9 0f 1f 80 00 00 00 00
0x00007efd0f1fc050:   8b 06 41 89 00 8b 46 04 41 89 40 04 8b 46 08 41
0x00007efd0f1fc060:   89 40 08 8b 46 0c 48 01 d6 41 89 40 0c 49 83 c0 

Register to memory mapping:

RAX=0x00007efd590f2818 is an unknown value
RBX=0x00007efd590f24b8 is an unknown value
RCX=0x0000000000003a98 is an unknown value
RDX=0x0000000000000010 is an unknown value
RSP=0x00007efd6046f488 is pointing into the stack for thread: 0x00007efd5800b800
RBP=0x00007efd58670fb0 is an unknown value
RSI=0x0000000000000000 is an unknown value
RDI=0x00007efd0c50e770 is an unknown value
R8 =0x00007efd0c50e770 is an unknown value
R9 =0x0000000000003a98 is an unknown value
R10=0x0000000000000000 is an unknown value
R11=0x0000000000000000 is an unknown value
R12=0x00007efd590f2ac0 is an unknown value
R13=0x00007efd5861bc20 is an unknown value
R14=0x00007efd5861bc10 is an unknown value
R15=0x00007efd0cd61b70 is an unknown value


Stack: [0x00007efd60371000,0x00007efd60471000],  sp=0x00007efd6046f488,  free space=1017k
Native frames: (J=compiled Java code, j=interpreted, Vv=VM code, C=native code)
C  [libnvidia-glcore.so.440.31+0xf6a050]

Java frames: (J=compiled Java code, j=interpreted, Vv=VM code)
J 1070  org.lwjgl.opengl.GL11C.nglDrawElements(IIIJ)V (0 bytes) @ 0x00007efd4941cfca [0x00007efd4941cf80+0x4a]
J 1086 C2 org.lwjgl.opengl.GL11.glDrawElements(IIIJ)V (8 bytes) @ 0x00007efd49420934 [0x00007efd49420920+0x14]
j  rendering.BasicRenderer.render(Lmodels/Mesh;Ljava/util/List;)V+69
j  rendering.MasterRenderer.render()V+383
j  misc.Game.render()V+52
j  main.Main.main([Ljava/lang/String;)V+45
v  ~StubRoutines::call_stub

---------------  P R O C E S S  ---------------

Java Threads: ( => current thread )
  0x00007efd580d7800 JavaThread "Service Thread" daemon [_thread_blocked, id=14914, stack(0x00007efd1ea25000,0x00007efd1eb26000)]
  0x00007efd580cc800 JavaThread "C1 CompilerThread3" daemon [_thread_blocked, id=14913, stack(0x00007efd1eb27000,0x00007efd1ec27000)]
  0x00007efd580ca800 JavaThread "C2 CompilerThread2" daemon [_thread_in_native, id=14912, stack(0x00007efd1ec28000,0x00007efd1ed28000)]
  0x00007efd580c8800 JavaThread "C2 CompilerThread1" daemon [_thread_blocked, id=14911, stack(0x00007efd1ed29000,0x00007efd1ee29000)]
  0x00007efd580c6000 JavaThread "C2 CompilerThread0" daemon [_thread_blocked, id=14910, stack(0x00007efd1ee2a000,0x00007efd1ef2a000)]
  0x00007efd580c4800 JavaThread "Signal Dispatcher" daemon [_thread_blocked, id=14909, stack(0x00007efd1ef2a000,0x00007efd1f02b000)]
  0x00007efd58091800 JavaThread "Finalizer" daemon [_thread_blocked, id=14908, stack(0x00007efd1f9fa000,0x00007efd1fafb000)]
  0x00007efd5808f000 JavaThread "Reference Handler" daemon [_thread_blocked, id=14907, stack(0x00007efd1fafb000,0x00007efd1fbfc000)]
=>0x00007efd5800b800 JavaThread "main" [_thread_in_native, id=14895, stack(0x00007efd60371000,0x00007efd60471000)]

Other Threads:
  0x00007efd58085800 VMThread [stack: 0x00007efd1fbfd000,0x00007efd1fcfd000] [id=14906]
  0x00007efd580da000 WatcherThread [stack: 0x00007efd1e925000,0x00007efd1ea25000] [id=14915]

VM state:not at safepoint (normal execution)

VM Mutex/Monitor currently owned by a thread: None

heap address: 0x00000005ccc00000, size: 7988 MB, Compressed Oops mode: Zero based, Oop shift amount: 3
Narrow klass base: 0x0000000000000000, Narrow klass shift: 3
Compressed class space size: 1073741824 Address: 0x00000007c0000000

Heap:
 PSYoungGen      total 149504K, used 51245K [0x0000000719980000, 0x0000000724000000, 0x00000007c0000000)
  eden space 128512K, 36% used [0x0000000719980000,0x000000071c6b0850,0x0000000721700000)
  from space 20992K, 23% used [0x0000000721700000,0x0000000721bdaef0,0x0000000722b80000)
  to   space 20992K, 0% used [0x0000000722b80000,0x0000000722b80000,0x0000000724000000)
 ParOldGen       total 341504K, used 96K [0x00000005ccc00000, 0x00000005e1980000, 0x0000000719980000)
  object space 341504K, 0% used [0x00000005ccc00000,0x00000005ccc18010,0x00000005e1980000)
 Metaspace       used 11387K, capacity 11603K, committed 11776K, reserved 1060864K
  class space    used 921K, capacity 1006K, committed 1024K, reserved 1048576K

Card table byte_map: [0x00007efd48065000,0x00007efd49000000] byte_map_base: 0x00007efd451ff000

Marking Bits: (ParMarkBitMap*) 0x00007efd5f60b380
 Begin Bits: [0x00007efd24660000, 0x00007efd2c330000)
 End Bits:   [0x00007efd2c330000, 0x00007efd34000000)

Polling page: 0x00007efd6048c000

CodeCache: size=245760Kb used=4315Kb max_used=4328Kb free=241444Kb
 bounds [0x00007efd49000000, 0x00007efd49440000, 0x00007efd58000000]
 total_blobs=2027 nmethods=1107 adapters=835
 compilation: enabled

Compilation events (10 events):
Event: 1.118 Thread 0x00007efd580cc800 nmethod 1103 0x00007efd49430b50 code [0x00007efd49430ce0, 0x00007efd494310f8]
Event: 1.118 Thread 0x00007efd580cc800 1104       3       models.Mesh::update (1 bytes)
Event: 1.118 Thread 0x00007efd580cc800 nmethod 1104 0x00007efd49431250 code [0x00007efd494313a0, 0x00007efd494314f0]
Event: 1.118 Thread 0x00007efd580cc800 1105       3       math.Transform::checkForUpdates (16 bytes)
Event: 1.118 Thread 0x00007efd580cc800 nmethod 1105 0x00007efd49431590 code [0x00007efd49431700, 0x00007efd494318b0]
Event: 1.119 Thread 0x00007efd580ca800 1107       4       shaders.Shader::setUniform (25 bytes)
Event: 1.119 Thread 0x00007efd580cc800 1108       3       shaders.BasicShader::setTransformationMatrix (8 bytes)
Event: 1.119 Thread 0x00007efd580cc800 nmethod 1108 0x00007efd49431950 code [0x00007efd49431b00, 0x00007efd49431fe8]
Event: 1.120 Thread 0x00007efd580c8800 nmethod 1083 0x00007efd49438b90 code [0x00007efd49438f20, 0x00007efd4943bf20]
Event: 1.120 Thread 0x00007efd580c6000 nmethod 1084 0x00007efd49432dd0 code [0x00007efd494330c0, 0x00007efd494350e8]

GC Heap History (6 events):
Event: 0.604 GC heap before
{Heap before GC invocations=1 (full 0):
 PSYoungGen      total 149504K, used 128512K [0x0000000719980000, 0x0000000724000000, 0x00000007c0000000)
  eden space 128512K, 100% used [0x0000000719980000,0x0000000721700000,0x0000000721700000)
  from space 20992K, 0% used [0x0000000722b80000,0x0000000722b80000,0x0000000724000000)
  to   space 20992K, 0% used [0x0000000721700000,0x0000000721700000,0x0000000722b80000)
 ParOldGen       total 341504K, used 0K [0x00000005ccc00000, 0x00000005e1980000, 0x0000000719980000)
  object space 341504K, 0% used [0x00000005ccc00000,0x00000005ccc00000,0x00000005e1980000)
 Metaspace       used 10777K, capacity 10993K, committed 11264K, reserved 1058816K
  class space    used 864K, capacity 973K, committed 1024K, reserved 1048576K
Event: 0.609 GC heap after
Heap after GC invocations=1 (full 0):
 PSYoungGen      total 149504K, used 9250K [0x0000000719980000, 0x0000000724000000, 0x00000007c0000000)
  eden space 128512K, 0% used [0x0000000719980000,0x0000000719980000,0x0000000721700000)
  from space 20992K, 44% used [0x0000000721700000,0x00000007220088e8,0x0000000722b80000)
  to   space 20992K, 0% used [0x0000000722b80000,0x0000000722b80000,0x0000000724000000)
 ParOldGen       total 341504K, used 80K [0x00000005ccc00000, 0x00000005e1980000, 0x0000000719980000)
  object space 341504K, 0% used [0x00000005ccc00000,0x00000005ccc14010,0x00000005e1980000)
 Metaspace       used 10777K, capacity 10993K, committed 11264K, reserved 1058816K
  class space    used 864K, capacity 973K, committed 1024K, reserved 1048576K
}
Event: 0.789 GC heap before
{Heap before GC invocations=2 (full 0):
 PSYoungGen      total 149504K, used 136757K [0x0000000719980000, 0x0000000724000000, 0x00000007c0000000)
  eden space 128512K, 99% used [0x0000000719980000,0x0000000721604d68,0x0000000721700000)
  from space 20992K, 44% used [0x0000000721700000,0x00000007220088e8,0x0000000722b80000)
  to   space 20992K, 0% used [0x0000000722b80000,0x0000000722b80000,0x0000000724000000)
 ParOldGen       total 341504K, used 80K [0x00000005ccc00000, 0x00000005e1980000, 0x0000000719980000)
  object space 341504K, 0% used [0x00000005ccc00000,0x00000005ccc14010,0x00000005e1980000)
 Metaspace       used 11002K, capacity 11281K, committed 11520K, reserved 1060864K
  class space    used 893K, capacity 1005K, committed 1024K, reserved 1048576K
Event: 0.792 GC heap after
Heap after GC invocations=2 (full 0):
 PSYoungGen      total 149504K, used 4907K [0x0000000719980000, 0x000000072bd80000, 0x00000007c0000000)
  eden space 128512K, 0% used [0x0000000719980000,0x0000000719980000,0x0000000721700000)
  from space 20992K, 23% used [0x0000000722b80000,0x000000072304aee0,0x0000000724000000)
  to   space 20992K, 0% used [0x0000000721700000,0x0000000721700000,0x0000000722b80000)
 ParOldGen       total 341504K, used 88K [0x00000005ccc00000, 0x00000005e1980000, 0x0000000719980000)
  object space 341504K, 0% used [0x00000005ccc00000,0x00000005ccc16010,0x00000005e1980000)
 Metaspace       used 11002K, capacity 11281K, committed 11520K, reserved 1060864K
  class space    used 893K, capacity 1005K, committed 1024K, reserved 1048576K
}
Event: 1.091 GC heap before
{Heap before GC invocations=3 (full 0):
 PSYoungGen      total 149504K, used 133419K [0x0000000719980000, 0x000000072bd80000, 0x00000007c0000000)
  eden space 128512K, 100% used [0x0000000719980000,0x0000000721700000,0x0000000721700000)
  from space 20992K, 23% used [0x0000000722b80000,0x000000072304aee0,0x0000000724000000)
  to   space 20992K, 0% used [0x0000000721700000,0x0000000721700000,0x0000000722b80000)
 ParOldGen       total 341504K, used 88K [0x00000005ccc00000, 0x00000005e1980000, 0x0000000719980000)
  object space 341504K, 0% used [0x00000005ccc00000,0x00000005ccc16010,0x00000005e1980000)
 Metaspace       used 11331K, capacity 11539K, committed 11776K, reserved 1060864K
  class space    used 917K, capacity 1006K, committed 1024K, reserved 1048576K
Event: 1.093 GC heap after
Heap after GC invocations=3 (full 0):
 PSYoungGen      total 149504K, used 4971K [0x0000000719980000, 0x0000000724000000, 0x00000007c0000000)
  eden space 128512K, 0% used [0x0000000719980000,0x0000000719980000,0x0000000721700000)
  from space 20992K, 23% used [0x0000000721700000,0x0000000721bdaef0,0x0000000722b80000)
  to   space 20992K, 0% used [0x0000000722b80000,0x0000000722b80000,0x0000000724000000)
 ParOldGen       total 341504K, used 96K [0x00000005ccc00000, 0x00000005e1980000, 0x0000000719980000)
  object space 341504K, 0% used [0x00000005ccc00000,0x00000005ccc18010,0x00000005e1980000)
 Metaspace       used 11331K, capacity 11539K, committed 11776K, reserved 1060864K
  class space    used 917K, capacity 1006K, committed 1024K, reserved 1048576K
}

Deoptimization events (10 events):
Event: 0.490 Thread 0x00007efd5800b800 Uncommon trap: reason=array_check action=maybe_recompile pc=0x00007efd49317298 method=java.util.AbstractCollection.toArray([Ljava/lang/Object;)[Ljava/lang/Object; @ 119
Event: 0.490 Thread 0x00007efd5800b800 Uncommon trap: reason=array_check action=maybe_recompile pc=0x00007efd49317298 method=java.util.AbstractCollection.toArray([Ljava/lang/Object;)[Ljava/lang/Object; @ 119
Event: 0.492 Thread 0x00007efd5800b800 Uncommon trap: reason=unstable_if action=reinterpret pc=0x00007efd493098bc method=sun.misc.FloatingDecimal.readJavaFormatString(Ljava/lang/String;)Lsun/misc/FloatingDecimal$ASCIIToBinaryConverter; @ 235
Event: 0.492 Thread 0x00007efd5800b800 Uncommon trap: reason=class_check action=maybe_recompile pc=0x00007efd49306448 method=sun.misc.FloatingDecimal.parseFloat(Ljava/lang/String;)F @ 4
Event: 0.509 Thread 0x00007efd5800b800 Uncommon trap: reason=class_check action=maybe_recompile pc=0x00007efd49306448 method=sun.misc.FloatingDecimal.parseFloat(Ljava/lang/String;)F @ 4
Event: 0.524 Thread 0x00007efd5800b800 Uncommon trap: reason=class_check action=maybe_recompile pc=0x00007efd49306448 method=sun.misc.FloatingDecimal.parseFloat(Ljava/lang/String;)F @ 4
Event: 0.524 Thread 0x00007efd5800b800 Uncommon trap: reason=class_check action=maybe_recompile pc=0x00007efd49306448 method=sun.misc.FloatingDecimal.parseFloat(Ljava/lang/String;)F @ 4
Event: 0.786 Thread 0x00007efd5800b800 Uncommon trap: reason=unstable_if action=reinterpret pc=0x00007efd491bd580 method=java.lang.String.indexOf([CII[CIII)I @ 3
Event: 0.833 Thread 0x00007efd5800b800 Uncommon trap: reason=unstable_if action=reinterpret pc=0x00007efd493b086c method=sun.security.provider.NativePRNG$RandomIO.ensureBufferValid()V @ 57
Event: 0.904 Thread 0x00007efd5800b800 Uncommon trap: reason=unstable_if action=reinterpret pc=0x00007efd493db6c4 method=terrain.TerrainMesh.getVertexNormals([F[I)[F @ 211

Classes redefined (0 events):
No events

Internal exceptions (10 events):
Event: 0.100 Thread 0x00007efd5800b800 Exception <a 'java/security/PrivilegedActionException'> (0x0000000719f72188) thrown at [/build/openjdk-8-4aHi5C/openjdk-8-8u232-b09/src/hotspot/src/share/vm/prims/jvm.cpp, line 1502]
Event: 0.100 Thread 0x00007efd5800b800 Exception <a 'java/security/PrivilegedActionException'> (0x0000000719f72398) thrown at [/build/openjdk-8-4aHi5C/openjdk-8-8u232-b09/src/hotspot/src/share/vm/prims/jvm.cpp, line 1502]
Event: 0.100 Thread 0x00007efd5800b800 Exception <a 'java/security/PrivilegedActionException'> (0x0000000719f74420) thrown at [/build/openjdk-8-4aHi5C/openjdk-8-8u232-b09/src/hotspot/src/share/vm/prims/jvm.cpp, line 1502]
Event: 0.100 Thread 0x00007efd5800b800 Exception <a 'java/security/PrivilegedActionException'> (0x0000000719f74630) thrown at [/build/openjdk-8-4aHi5C/openjdk-8-8u232-b09/src/hotspot/src/share/vm/prims/jvm.cpp, line 1502]
Event: 0.100 Thread 0x00007efd5800b800 Exception <a 'java/security/PrivilegedActionException'> (0x0000000719f75108) thrown at [/build/openjdk-8-4aHi5C/openjdk-8-8u232-b09/src/hotspot/src/share/vm/prims/jvm.cpp, line 1502]
Event: 0.100 Thread 0x00007efd5800b800 Exception <a 'java/security/PrivilegedActionException'> (0x0000000719f75318) thrown at [/build/openjdk-8-4aHi5C/openjdk-8-8u232-b09/src/hotspot/src/share/vm/prims/jvm.cpp, line 1502]
Event: 0.107 Thread 0x00007efd5800b800 Exception <a 'sun/nio/fs/UnixException'> (0x0000000719fa2440) thrown at [/build/openjdk-8-4aHi5C/openjdk-8-8u232-b09/src/hotspot/src/share/vm/prims/jni.cpp, line 710]
Event: 0.110 Thread 0x00007efd5800b800 Exception <a 'sun/nio/fs/UnixException'> (0x0000000719fb29c0) thrown at [/build/openjdk-8-4aHi5C/openjdk-8-8u232-b09/src/hotspot/src/share/vm/prims/jni.cpp, line 710]
Event: 0.194 Thread 0x00007efd5800b800 Exception <a 'sun/nio/fs/UnixException'> (0x000000071a124608) thrown at [/build/openjdk-8-4aHi5C/openjdk-8-8u232-b09/src/hotspot/src/share/vm/prims/jni.cpp, line 710]
Event: 0.195 Thread 0x00007efd5800b800 Exception <a 'sun/nio/fs/UnixException'> (0x000000071a12c6a0) thrown at [/build/openjdk-8-4aHi5C/openjdk-8-8u232-b09/src/hotspot/src/share/vm/prims/jni.cpp, line 710]

Events (10 events):
Event: 1.102 loading class particles/Particle
Event: 1.102 loading class particles/Particle done
Event: 1.102 loading class particles/CircularEmission
Event: 1.102 loading class particles/CircularEmission done
Event: 1.102 loading class particles/ParticleMesh
Event: 1.102 loading class particles/ParticleMesh done
Event: 1.103 loading class org/lwjgl/opengl/GL33C
Event: 1.103 loading class org/lwjgl/opengl/GL33C done
Event: 1.112 loading class particles/ParticleMaster
Event: 1.112 loading class particles/ParticleMaster done


Dynamic libraries:
41442000-414f1000 rw-p 00000000 00:00 0 
4198c000-4198e000 r-xs 00000000 103:02 15728658                          /tmp/.glDKcLKj (deleted)
5ccc00000-5e1980000 rw-p 00000000 00:00 0 
5e1980000-719980000 ---p 00000000 00:00 0 
719980000-724000000 rw-p 00000000 00:00 0 
724000000-7c0000000 ---p 00000000 00:00 0 
7c0000000-7c0100000 rw-p 00000000 00:00 0 
7c0100000-800000000 ---p 00000000 00:00 0 
55a288c27000-55a288c28000 r-xp 00000000 103:02 9833149                   /usr/lib/jvm/java-8-openjdk-amd64/jre/bin/java
55a288e27000-55a288e28000 r--p 00000000 103:02 9833149                   /usr/lib/jvm/java-8-openjdk-amd64/jre/bin/java
55a288e28000-55a288e29000 rw-p 00001000 103:02 9833149                   /usr/lib/jvm/java-8-openjdk-amd64/jre/bin/java
55a289388000-55a2893a9000 rw-p 00000000 00:00 0                          [heap]
7efc98000000-7efc98021000 rw-p 00000000 00:00 0 
7efc98021000-7efc9c000000 ---p 00000000 00:00 0 
7efc9c000000-7efc9c021000 rw-p 00000000 00:00 0 
7efc9c021000-7efca0000000 ---p 00000000 00:00 0 
7efca0000000-7efca0021000 rw-p 00000000 00:00 0 
7efca0021000-7efca4000000 ---p 00000000 00:00 0 
7efca4000000-7efca4021000 rw-p 00000000 00:00 0 
7efca4021000-7efca8000000 ---p 00000000 00:00 0 
7efca8000000-7efca8021000 rw-p 00000000 00:00 0 
7efca8021000-7efcac000000 ---p 00000000 00:00 0 
7efcac000000-7efcac021000 rw-p 00000000 00:00 0 
7efcac021000-7efcb0000000 ---p 00000000 00:00 0 
7efcb0000000-7efcb0021000 rw-p 00000000 00:00 0 
7efcb0021000-7efcb4000000 ---p 00000000 00:00 0 
7efcb4000000-7efcb4021000 rw-p 00000000 00:00 0 
7efcb4021000-7efcb8000000 ---p 00000000 00:00 0 
7efcb8000000-7efcb8021000 rw-p 00000000 00:00 0 
7efcb8021000-7efcbc000000 ---p 00000000 00:00 0 
7efcbf7ff000-7efcbf800000 ---p 00000000 00:00 0 
7efcbf800000-7efcc0000000 rw-p 00000000 00:00 0 
7efcc0000000-7efcc0021000 rw-p 00000000 00:00 0 
7efcc0021000-7efcc4000000 ---p 00000000 00:00 0 
7efcc4000000-7efcc4021000 rw-p 00000000 00:00 0 
7efcc4021000-7efcc8000000 ---p 00000000 00:00 0 
7efcc8000000-7efcc8021000 rw-p 00000000 00:00 0 
7efcc8021000-7efccc000000 ---p 00000000 00:00 0 
7efccc7f9000-7efccc7fa000 ---p 00000000 00:00 0 
7efccc7fa000-7efcccffa000 rw-p 00000000 00:00 0 
7efcccffa000-7efcccffb000 ---p 00000000 00:00 0 
7efcccffb000-7efccd7fb000 rw-p 00000000 00:00 0 
7efccd7fb000-7efccd7fc000 ---p 00000000 00:00 0 
7efccd7fc000-7efccdffc000 rw-p 00000000 00:00 0 
7efccdffc000-7efccdffd000 ---p 00000000 00:00 0 
7efccdffd000-7efcce7fd000 rw-p 00000000 00:00 0 
7efcce7fd000-7efcce7fe000 ---p 00000000 00:00 0 
7efcce7fe000-7efcceffe000 rw-p 00000000 00:00 0 
7efcceffe000-7efccefff000 ---p 00000000 00:00 0 
7efccefff000-7efccf7ff000 rw-p 00000000 00:00 0 
7efccf7ff000-7efccf800000 ---p 00000000 00:00 0 
7efccf800000-7efcd0000000 rw-p 00000000 00:00 0 
7efcd0000000-7efcd0021000 rw-p 00000000 00:00 0 
7efcd0021000-7efcd4000000 ---p 00000000 00:00 0 
7efcd4000000-7efcd7406000 rw-p 00000000 00:00 0 
7efcd7406000-7efcd8000000 ---p 00000000 00:00 0 
7efcd8000000-7efcd83de000 rw-p 00000000 00:00 0 
7efcd83de000-7efcdc000000 ---p 00000000 00:00 0 
7efcdc000000-7efcdc021000 rw-p 00000000 00:00 0 
7efcdc021000-7efce0000000 ---p 00000000 00:00 0 
7efce0000000-7efce07c6000 rw-p 00000000 00:00 0 
7efce07c6000-7efce4000000 ---p 00000000 00:00 0 
7efce4000000-7efce4ab3000 rw-p 00000000 00:00 0 
7efce4ab3000-7efce8000000 ---p 00000000 00:00 0 
7efce8000000-7efce8021000 rw-p 00000000 00:00 0 
7efce8021000-7efcec000000 ---p 00000000 00:00 0 
7efcec000000-7efcec5a0000 rw-p 00000000 00:00 0 
7efcec5a0000-7efcf0000000 ---p 00000000 00:00 0 
7efcf0000000-7efcf0021000 rw-p 00000000 00:00 0 
7efcf0021000-7efcf4000000 ---p 00000000 00:00 0 
7efcf4000000-7efcf4021000 rw-p 00000000 00:00 0 
7efcf4021000-7efcf8000000 ---p 00000000 00:00 0 
7efcf8000000-7efcf8021000 rw-p 00000000 00:00 0 
7efcf8021000-7efcfc000000 ---p 00000000 00:00 0 
7efcfc000000-7efcfc021000 rw-p 00000000 00:00 0 
7efcfc021000-7efd00000000 ---p 00000000 00:00 0 
7efd00000000-7efd00021000 rw-p 00000000 00:00 0 
7efd00021000-7efd04000000 ---p 00000000 00:00 0 
7efd041fb000-7efd041fc000 ---p 00000000 00:00 0 
7efd041fc000-7efd049fc000 rw-p 00000000 00:00 0 
7efd049fc000-7efd049fd000 ---p 00000000 00:00 0 
7efd049fd000-7efd051fd000 rw-p 00000000 00:00 0 
7efd051fd000-7efd051fe000 ---p 00000000 00:00 0 
7efd051fe000-7efd05a7e000 rw-p 00000000 00:00 0 
7efd05a7e000-7efd05bfe000 ---p 00000000 00:00 0 
7efd05ffe000-7efd06fff000 rw-p 00000000 00:00 0 
7efd073ff000-7efd07400000 ---p 00000000 00:00 0 
7efd07400000-7efd07c00000 rw-p 00000000 00:00 0 
7efd08000000-7efd08021000 rw-p 00000000 00:00 0 
7efd08021000-7efd0c000000 ---p 00000000 00:00 0 
7efd0c18e000-7efd0c58e000 rw-s 00000000 00:06 552                        /dev/nvidiactl
7efd0c58e000-7efd0c78e000 rw-s 00000000 00:06 552                        /dev/nvidiactl
7efd0c78e000-7efd0cb8e000 rw-s 00000000 00:06 552                        /dev/nvidiactl
7efd0cb8e000-7efd0cd8e000 rw-s 00000000 00:06 552                        /dev/nvidiactl
7efd0cd8e000-7efd0d18f000 rw-p 00000000 00:00 0 
7efd0d190000-7efd0d590000 rw-s 00000000 00:06 552                        /dev/nvidiactl
7efd0d590000-7efd0d790000 rw-p 00000000 00:00 0 
7efd0d790000-7efd0d7d0000 rw-s 00000000 08:01 16256345                   /home/sam/#16256345 (deleted)
7efd0d7d0000-7efd0d810000 r-xs 00000000 08:01 16256345                   /home/sam/#16256345 (deleted)
7efd0d810000-7efd0d868000 r-xp 00000000 103:02 15991432                  /tmp/lwjglsam/3.2.3-build-13/liblwjgl_opengl.so
7efd0d868000-7efd0da67000 ---p 00058000 103:02 15991432                  /tmp/lwjglsam/3.2.3-build-13/liblwjgl_opengl.so
7efd0da67000-7efd0da68000 r--p 00057000 103:02 15991432                  /tmp/lwjglsam/3.2.3-build-13/liblwjgl_opengl.so
7efd0da68000-7efd0da69000 rw-p 00058000 103:02 15991432                  /tmp/lwjglsam/3.2.3-build-13/liblwjgl_opengl.so
7efd0da69000-7efd0da6e000 r-xp 00000000 103:02 9839193                   /usr/lib/x86_64-linux-gnu/libxcb-sync.so.1.0.0
7efd0da6e000-7efd0dc6e000 ---p 00005000 103:02 9839193                   /usr/lib/x86_64-linux-gnu/libxcb-sync.so.1.0.0
7efd0dc6e000-7efd0dc6f000 r--p 00005000 103:02 9839193                   /usr/lib/x86_64-linux-gnu/libxcb-sync.so.1.0.0
7efd0dc6f000-7efd0dc70000 rw-p 00006000 103:02 9839193                   /usr/lib/x86_64-linux-gnu/libxcb-sync.so.1.0.0
7efd0dc70000-7efd0dc72000 r-xp 00000000 103:02 9839185                   /usr/lib/x86_64-linux-gnu/libxcb-present.so.0.0.0
7efd0dc72000-7efd0de71000 ---p 00002000 103:02 9839185                   /usr/lib/x86_64-linux-gnu/libxcb-present.so.0.0.0
7efd0de71000-7efd0de72000 r--p 00001000 103:02 9839185                   /usr/lib/x86_64-linux-gnu/libxcb-present.so.0.0.0
7efd0de72000-7efd0de73000 rw-p 00002000 103:02 9839185                   /usr/lib/x86_64-linux-gnu/libxcb-present.so.0.0.0
7efd0de73000-7efd0de76000 r-xp 00000000 103:02 9839181                   /usr/lib/x86_64-linux-gnu/libxcb-dri3.so.0.0.0
7efd0de76000-7efd0e075000 ---p 00003000 103:02 9839181                   /usr/lib/x86_64-linux-gnu/libxcb-dri3.so.0.0.0
7efd0e075000-7efd0e076000 r--p 00002000 103:02 9839181                   /usr/lib/x86_64-linux-gnu/libxcb-dri3.so.0.0.0
7efd0e076000-7efd0e077000 rw-p 00003000 103:02 9839181                   /usr/lib/x86_64-linux-gnu/libxcb-dri3.so.0.0.0
7efd0e077000-7efd0e08f000 r-xp 00000000 103:02 9839183                   /usr/lib/x86_64-linux-gnu/libxcb-glx.so.0.0.0
7efd0e08f000-7efd0e28f000 ---p 00018000 103:02 9839183                   /usr/lib/x86_64-linux-gnu/libxcb-glx.so.0.0.0
7efd0e28f000-7efd0e291000 r--p 00018000 103:02 9839183                   /usr/lib/x86_64-linux-gnu/libxcb-glx.so.0.0.0
7efd0e291000-7efd0e292000 rw-p 0001a000 103:02 9839183                   /usr/lib/x86_64-linux-gnu/libxcb-glx.so.0.0.0
7efd0e292000-7efd0f56d000 r-xp 00000000 103:02 9840523                   /usr/lib/x86_64-linux-gnu/libnvidia-glcore.so.440.31
7efd0f56d000-7efd0f58e000 rwxp 012db000 103:02 9840523                   /usr/lib/x86_64-linux-gnu/libnvidia-glcore.so.440.31
7efd0f58e000-7efd0fa9f000 r-xp 012fc000 103:02 9840523                   /usr/lib/x86_64-linux-gnu/libnvidia-glcore.so.440.31
7efd0fa9f000-7efd0fc9e000 ---p 0180d000 103:02 9840523                   /usr/lib/x86_64-linux-gnu/libnvidia-glcore.so.440.31
7efd0fc9e000-7efd0ffe4000 rw-p 0180c000 103:02 9840523                   /usr/lib/x86_64-linux-gnu/libnvidia-glcore.so.440.31
7efd0ffe4000-7efd10000000 rw-p 00000000 00:00 0 
7efd10000000-7efd10021000 rw-p 00000000 00:00 0 
7efd10021000-7efd14000000 ---p 00000000 00:00 0 
7efd14031000-7efd140b1000 rw-s 00000000 00:06 552                        /dev/nvidiactl
7efd141b1000-7efd141f1000 rw-s 00000000 00:06 552                        /dev/nvidiactl
7efd141f1000-7efd14201000 r-xp 00000000 103:02 9840432                   /usr/lib/x86_64-linux-gnu/libdrm.so.2.4.0
7efd14201000-7efd14400000 ---p 00010000 103:02 9840432                   /usr/lib/x86_64-linux-gnu/libdrm.so.2.4.0
7efd14400000-7efd14401000 r--p 0000f000 103:02 9840432                   /usr/lib/x86_64-linux-gnu/libdrm.so.2.4.0
7efd14401000-7efd14402000 rw-p 00010000 103:02 9840432                   /usr/lib/x86_64-linux-gnu/libdrm.so.2.4.0
7efd14402000-7efd145a7000 rw-s 00000000 00:06 552                        /dev/nvidiactl
7efd145a7000-7efd145aa000 r-xp 00000000 103:02 9840527                   /usr/lib/x86_64-linux-gnu/libnvidia-tls.so.440.31
7efd145aa000-7efd147aa000 ---p 00003000 103:02 9840527                   /usr/lib/x86_64-linux-gnu/libnvidia-tls.so.440.31
7efd147aa000-7efd147ab000 rw-p 00003000 103:02 9840527                   /usr/lib/x86_64-linux-gnu/libnvidia-tls.so.440.31
7efd147ab000-7efd14854000 r-xp 00000000 103:02 9840520                   /usr/lib/x86_64-linux-gnu/libGLX_nvidia.so.440.31
7efd14854000-7efd14889000 rwxp 000a9000 103:02 9840520                   /usr/lib/x86_64-linux-gnu/libGLX_nvidia.so.440.31
7efd14889000-7efd14898000 r-xp 000de000 103:02 9840520                   /usr/lib/x86_64-linux-gnu/libGLX_nvidia.so.440.31
7efd14898000-7efd14a97000 ---p 000ed000 103:02 9840520                   /usr/lib/x86_64-linux-gnu/libGLX_nvidia.so.440.31
7efd14a97000-7efd14abb000 rw-p 000ec000 103:02 9840520                   /usr/lib/x86_64-linux-gnu/libGLX_nvidia.so.440.31
7efd14abb000-7efd14abd000 rw-p 00000000 00:00 0 
7efd14abd000-7efd14aff000 r-xp 00000000 103:02 9837994                   /usr/lib/x86_64-linux-gnu/libGLdispatch.so.0.0.0
7efd14aff000-7efd14b18000 r-xp 00042000 103:02 9837994                   /usr/lib/x86_64-linux-gnu/libGLdispatch.so.0.0.0
7efd14b18000-7efd14b2b000 r-xp 0005b000 103:02 9837994                   /usr/lib/x86_64-linux-gnu/libGLdispatch.so.0.0.0
7efd14b2b000-7efd14d2a000 ---p 0006e000 103:02 9837994                   /usr/lib/x86_64-linux-gnu/libGLdispatch.so.0.0.0
7efd14d2a000-7efd14d52000 r--p 0006d000 103:02 9837994                   /usr/lib/x86_64-linux-gnu/libGLdispatch.so.0.0.0
7efd14d52000-7efd14d53000 rw-p 00095000 103:02 9837994                   /usr/lib/x86_64-linux-gnu/libGLdispatch.so.0.0.0
7efd14d53000-7efd14d73000 rw-p 00000000 00:00 0 
7efd14d73000-7efd14db7000 r-xp 00000000 103:02 9837986                   /usr/lib/x86_64-linux-gnu/libGL.so.1.0.0
7efd14db7000-7efd14dd0000 r-xp 00044000 103:02 9837986                   /usr/lib/x86_64-linux-gnu/libGL.so.1.0.0
7efd14dd0000-7efd14de4000 r-xp 0005d000 103:02 9837986                   /usr/lib/x86_64-linux-gnu/libGL.so.1.0.0
7efd14de4000-7efd14fe3000 ---p 00071000 103:02 9837986                   /usr/lib/x86_64-linux-gnu/libGL.so.1.0.0
7efd14fe3000-7efd14ffd000 r--p 00070000 103:02 9837986                   /usr/lib/x86_64-linux-gnu/libGL.so.1.0.0
7efd14ffd000-7efd14ffe000 rw-p 0008a000 103:02 9837986                   /usr/lib/x86_64-linux-gnu/libGL.so.1.0.0
7efd14ffe000-7efd18000000 rw-p 00000000 00:00 0 
7efd18000000-7efd18021000 rw-p 00000000 00:00 0 
7efd18021000-7efd1c000000 ---p 00000000 00:00 0 
7efd1c01f000-7efd1c03f000 rw-s 00000000 00:06 552                        /dev/nvidiactl
7efd1c03f000-7efd1c04f000 r-xp 00000000 103:02 9837992                   /usr/lib/x86_64-linux-gnu/libGLX.so.0.0.0
7efd1c04f000-7efd1c24e000 ---p 00010000 103:02 9837992                   /usr/lib/x86_64-linux-gnu/libGLX.so.0.0.0
7efd1c24e000-7efd1c24f000 r--p 0000f000 103:02 9837992                   /usr/lib/x86_64-linux-gnu/libGLX.so.0.0.0
7efd1c24f000-7efd1c250000 rw-p 00010000 103:02 9837992                   /usr/lib/x86_64-linux-gnu/libGLX.so.0.0.0
7efd1c250000-7efd1c270000 rw-p 00000000 00:00 0 
7efd1c270000-7efd1c271000 r-xp 00000000 103:02 9840453                   /usr/lib/x86_64-linux-gnu/libX11-xcb.so.1.0.0
7efd1c271000-7efd1c470000 ---p 00001000 103:02 9840453                   /usr/lib/x86_64-linux-gnu/libX11-xcb.so.1.0.0
7efd1c470000-7efd1c471000 r--p 00000000 103:02 9840453                   /usr/lib/x86_64-linux-gnu/libX11-xcb.so.1.0.0
7efd1c471000-7efd1c472000 rw-p 00001000 103:02 9840453                   /usr/lib/x86_64-linux-gnu/libX11-xcb.so.1.0.0
7efd1c472000-7efd1c474000 r-xp 00000000 103:02 9838067                   /usr/lib/x86_64-linux-gnu/libXinerama.so.1.0.0
7efd1c474000-7efd1c673000 ---p 00002000 103:02 9838067                   /usr/lib/x86_64-linux-gnu/libXinerama.so.1.0.0
7efd1c673000-7efd1c674000 r--p 00001000 103:02 9838067                   /usr/lib/x86_64-linux-gnu/libXinerama.so.1.0.0
7efd1c674000-7efd1c675000 rw-p 00002000 103:02 9838067                   /usr/lib/x86_64-linux-gnu/libXinerama.so.1.0.0
7efd1c675000-7efd1c67a000 r-xp 00000000 103:02 9838059                   /usr/lib/x86_64-linux-gnu/libXfixes.so.3.1.0
7efd1c67a000-7efd1c879000 ---p 00005000 103:02 9838059                   /usr/lib/x86_64-linux-gnu/libXfixes.so.3.1.0
7efd1c879000-7efd1c87a000 r--p 00004000 103:02 9838059                   /usr/lib/x86_64-linux-gnu/libXfixes.so.3.1.0
7efd1c87a000-7efd1c87b000 rw-p 00005000 103:02 9838059                   /usr/lib/x86_64-linux-gnu/libXfixes.so.3.1.0
7efd1c87b000-7efd1c884000 r-xp 00000000 103:02 9838051                   /usr/lib/x86_64-linux-gnu/libXcursor.so.1.0.2
7efd1c884000-7efd1ca83000 ---p 00009000 103:02 9838051                   /usr/lib/x86_64-linux-gnu/libXcursor.so.1.0.2
7efd1ca83000-7efd1ca84000 r--p 00008000 103:02 9838051                   /usr/lib/x86_64-linux-gnu/libXcursor.so.1.0.2
7efd1ca84000-7efd1ca85000 rw-p 00009000 103:02 9838051                   /usr/lib/x86_64-linux-gnu/libXcursor.so.1.0.2
7efd1ca85000-7efd1ca8e000 r-xp 00000000 103:02 9838077                   /usr/lib/x86_64-linux-gnu/libXrender.so.1.3.0
7efd1ca8e000-7efd1cc8d000 ---p 00009000 103:02 9838077                   /usr/lib/x86_64-linux-gnu/libXrender.so.1.3.0
7efd1cc8d000-7efd1cc8e000 r--p 00008000 103:02 9838077                   /usr/lib/x86_64-linux-gnu/libXrender.so.1.3.0
7efd1cc8e000-7efd1cc8f000 rw-p 00009000 103:02 9838077                   /usr/lib/x86_64-linux-gnu/libXrender.so.1.3.0
7efd1cc8f000-7efd1cc99000 r-xp 00000000 103:02 9838075                   /usr/lib/x86_64-linux-gnu/libXrandr.so.2.2.0
7efd1cc99000-7efd1ce98000 ---p 0000a000 103:02 9838075                   /usr/lib/x86_64-linux-gnu/libXrandr.so.2.2.0
7efd1ce98000-7efd1ce99000 r--p 00009000 103:02 9838075                   /usr/lib/x86_64-linux-gnu/libXrandr.so.2.2.0
7efd1ce99000-7efd1ce9a000 rw-p 0000a000 103:02 9838075                   /usr/lib/x86_64-linux-gnu/libXrandr.so.2.2.0
7efd1ce9a000-7efd1cea9000 r-xp 00000000 103:02 9838065                   /usr/lib/x86_64-linux-gnu/libXi.so.6.1.0
7efd1cea9000-7efd1d0a8000 ---p 0000f000 103:02 9838065                   /usr/lib/x86_64-linux-gnu/libXi.so.6.1.0
7efd1d0a8000-7efd1d0a9000 r--p 0000e000 103:02 9838065                   /usr/lib/x86_64-linux-gnu/libXi.so.6.1.0
7efd1d0a9000-7efd1d0aa000 rw-p 0000f000 103:02 9838065                   /usr/lib/x86_64-linux-gnu/libXi.so.6.1.0
7efd1d0aa000-7efd1d0bb000 r-xp 00000000 103:02 9838057                   /usr/lib/x86_64-linux-gnu/libXext.so.6.4.0
7efd1d0bb000-7efd1d2ba000 ---p 00011000 103:02 9838057                   /usr/lib/x86_64-linux-gnu/libXext.so.6.4.0
7efd1d2ba000-7efd1d2bb000 r--p 00010000 103:02 9838057                   /usr/lib/x86_64-linux-gnu/libXext.so.6.4.0
7efd1d2bb000-7efd1d2bc000 rw-p 00011000 103:02 9838057                   /usr/lib/x86_64-linux-gnu/libXext.so.6.4.0
7efd1d2bc000-7efd1d2c1000 r-xp 00000000 103:02 9838093                   /usr/lib/x86_64-linux-gnu/libXxf86vm.so.1.0.0
7efd1d2c1000-7efd1d4c0000 ---p 00005000 103:02 9838093                   /usr/lib/x86_64-linux-gnu/libXxf86vm.so.1.0.0
7efd1d4c0000-7efd1d4c1000 r--p 00004000 103:02 9838093                   /usr/lib/x86_64-linux-gnu/libXxf86vm.so.1.0.0
7efd1d4c1000-7efd1d4c2000 rw-p 00005000 103:02 9838093                   /usr/lib/x86_64-linux-gnu/libXxf86vm.so.1.0.0
7efd1d4c2000-7efd1d4d5000 r-xp 00000000 103:02 22937869                  /lib/x86_64-linux-gnu/libbsd.so.0.8.7
7efd1d4d5000-7efd1d6d4000 ---p 00013000 103:02 22937869                  /lib/x86_64-linux-gnu/libbsd.so.0.8.7
7efd1d6d4000-7efd1d6d5000 r--p 00012000 103:02 22937869                  /lib/x86_64-linux-gnu/libbsd.so.0.8.7
7efd1d6d5000-7efd1d6d6000 rw-p 00013000 103:02 22937869                  /lib/x86_64-linux-gnu/libbsd.so.0.8.7
7efd1d6d6000-7efd1d6d7000 rw-p 00000000 00:00 0 
7efd1d6d7000-7efd1d6dc000 r-xp 00000000 103:02 9838055                   /usr/lib/x86_64-linux-gnu/libXdmcp.so.6.0.0
7efd1d6dc000-7efd1d8db000 ---p 00005000 103:02 9838055                   /usr/lib/x86_64-linux-gnu/libXdmcp.so.6.0.0
7efd1d8db000-7efd1d8dc000 r--p 00004000 103:02 9838055                   /usr/lib/x86_64-linux-gnu/libXdmcp.so.6.0.0
7efd1d8dc000-7efd1d8dd000 rw-p 00005000 103:02 9838055                   /usr/lib/x86_64-linux-gnu/libXdmcp.so.6.0.0
7efd1d8dd000-7efd1d8df000 r-xp 00000000 103:02 9838044                   /usr/lib/x86_64-linux-gnu/libXau.so.6.0.0
7efd1d8df000-7efd1dadf000 ---p 00002000 103:02 9838044                   /usr/lib/x86_64-linux-gnu/libXau.so.6.0.0
7efd1dadf000-7efd1dae0000 r--p 00002000 103:02 9838044                   /usr/lib/x86_64-linux-gnu/libXau.so.6.0.0
7efd1dae0000-7efd1dae1000 rw-p 00003000 103:02 9838044                   /usr/lib/x86_64-linux-gnu/libXau.so.6.0.0
7efd1dae1000-7efd1db07000 r-xp 00000000 103:02 9840409                   /usr/lib/x86_64-linux-gnu/libxcb.so.1.1.0
7efd1db07000-7efd1dd07000 ---p 00026000 103:02 9840409                   /usr/lib/x86_64-linux-gnu/libxcb.so.1.1.0
7efd1dd07000-7efd1dd08000 r--p 00026000 103:02 9840409                   /usr/lib/x86_64-linux-gnu/libxcb.so.1.1.0
7efd1dd08000-7efd1dd09000 rw-p 00027000 103:02 9840409                   /usr/lib/x86_64-linux-gnu/libxcb.so.1.1.0
7efd1dd09000-7efd1de3c000 r-xp 00000000 103:02 9839217                   /usr/lib/x86_64-linux-gnu/libX11.so.6.3.0
7efd1de3c000-7efd1e03c000 ---p 00133000 103:02 9839217                   /usr/lib/x86_64-linux-gnu/libX11.so.6.3.0
7efd1e03c000-7efd1e03d000 r--p 00133000 103:02 9839217                   /usr/lib/x86_64-linux-gnu/libX11.so.6.3.0
7efd1e03d000-7efd1e041000 rw-p 00134000 103:02 9839217                   /usr/lib/x86_64-linux-gnu/libX11.so.6.3.0
7efd1e041000-7efd1e084000 r-xp 00000000 103:02 15991431                  /tmp/lwjglsam/3.2.3-build-13/libglfw.so
7efd1e084000-7efd1e283000 ---p 00043000 103:02 15991431                  /tmp/lwjglsam/3.2.3-build-13/libglfw.so
7efd1e283000-7efd1e284000 r--p 00042000 103:02 15991431                  /tmp/lwjglsam/3.2.3-build-13/libglfw.so
7efd1e284000-7efd1e286000 rw-p 00043000 103:02 15991431                  /tmp/lwjglsam/3.2.3-build-13/libglfw.so
7efd1e286000-7efd1e2a7000 rw-p 00000000 00:00 0 
7efd1e2a7000-7efd1e2f8000 r-xp 00000000 103:02 15991430                  /tmp/lwjglsam/3.2.3-build-13/liblwjgl.so
7efd1e2f8000-7efd1e4f7000 ---p 00051000 103:02 15991430                  /tmp/lwjglsam/3.2.3-build-13/liblwjgl.so
7efd1e4f7000-7efd1e4f8000 r--p 00050000 103:02 15991430                  /tmp/lwjglsam/3.2.3-build-13/liblwjgl.so
7efd1e4f8000-7efd1e4f9000 rw-p 00051000 103:02 15991430                  /tmp/lwjglsam/3.2.3-build-13/liblwjgl.so
7efd1e4f9000-7efd1e510000 r-xp 00000000 103:02 9837855                   /usr/lib/jvm/java-8-openjdk-amd64/jre/lib/amd64/libnet.so
7efd1e510000-7efd1e70f000 ---p 00017000 103:02 9837855                   /usr/lib/jvm/java-8-openjdk-amd64/jre/lib/amd64/libnet.so
7efd1e70f000-7efd1e710000 r--p 00016000 103:02 9837855                   /usr/lib/jvm/java-8-openjdk-amd64/jre/lib/amd64/libnet.so
7efd1e710000-7efd1e711000 rw-p 00017000 103:02 9837855                   /usr/lib/jvm/java-8-openjdk-amd64/jre/lib/amd64/libnet.so
7efd1e711000-7efd1e722000 r-xp 00000000 103:02 9837857                   /usr/lib/jvm/java-8-openjdk-amd64/jre/lib/amd64/libnio.so
7efd1e722000-7efd1e922000 ---p 00011000 103:02 9837857                   /usr/lib/jvm/java-8-openjdk-amd64/jre/lib/amd64/libnio.so
7efd1e922000-7efd1e923000 r--p 00011000 103:02 9837857                   /usr/lib/jvm/java-8-openjdk-amd64/jre/lib/amd64/libnio.so
7efd1e923000-7efd1e924000 rw-p 00012000 103:02 9837857                   /usr/lib/jvm/java-8-openjdk-amd64/jre/lib/amd64/libnio.so
7efd1e924000-7efd1e925000 ---p 00000000 00:00 0 
7efd1e925000-7efd1ea25000 rw-p 00000000 00:00 0 
7efd1ea25000-7efd1ea28000 ---p 00000000 00:00 0 
7efd1ea28000-7efd1eb26000 rw-p 00000000 00:00 0 
7efd1eb26000-7efd1eb27000 ---p 00000000 00:00 0 
7efd1eb27000-7efd1eb2a000 ---p 00000000 00:00 0 
7efd1eb2a000-7efd1ec27000 rw-p 00000000 00:00 0 
7efd1ec27000-7efd1ec28000 ---p 00000000 00:00 0 
7efd1ec28000-7efd1ec2b000 ---p 00000000 00:00 0 
7efd1ec2b000-7efd1ed28000 rw-p 00000000 00:00 0 
7efd1ed28000-7efd1ed29000 ---p 00000000 00:00 0 
7efd1ed29000-7efd1ed2c000 ---p 00000000 00:00 0 
7efd1ed2c000-7efd1ee29000 rw-p 00000000 00:00 0 
7efd1ee29000-7efd1ee2a000 ---p 00000000 00:00 0 
7efd1ee2a000-7efd1ee2d000 ---p 00000000 00:00 0 
7efd1ee2d000-7efd1ef2a000 rw-p 00000000 00:00 0 
7efd1ef2a000-7efd1ef2d000 ---p 00000000 00:00 0 
7efd1ef2d000-7efd1f02b000 rw-p 00000000 00:00 0 
7efd1f02b000-7efd1f9fa000 r--p 00000000 103:02 9837060                   /usr/lib/locale/locale-archive
7efd1f9fa000-7efd1f9fd000 ---p 00000000 00:00 0 
7efd1f9fd000-7efd1fafb000 rw-p 00000000 00:00 0 
7efd1fafb000-7efd1fafe000 ---p 00000000 00:00 0 
7efd1fafe000-7efd1fbfc000 rw-p 00000000 00:00 0 
7efd1fbfc000-7efd1fbfd000 ---p 00000000 00:00 0 
7efd1fbfd000-7efd20000000 rw-p 00000000 00:00 0 
7efd20000000-7efd20021000 rw-p 00000000 00:00 0 
7efd20021000-7efd24000000 ---p 00000000 00:00 0 
7efd24001000-7efd24004000 r-xp 00000000 00:00 0 
7efd24004000-7efd24007000 rw-s 00000000 00:06 552                        /dev/nvidiactl
7efd24007000-7efd2401a000 rw-s 00000000 00:06 552                        /dev/nvidiactl
7efd2401a000-7efd2405a000 rw-s 00000000 00:06 552                        /dev/nvidiactl
7efd2405a000-7efd34000000 rw-p 00000000 00:00 0 
7efd34000000-7efd34021000 rw-p 00000000 00:00 0 
7efd34021000-7efd38000000 ---p 00000000 00:00 0 
7efd38000000-7efd38021000 rw-p 00000000 00:00 0 
7efd38021000-7efd3c000000 ---p 00000000 00:00 0 
7efd3c000000-7efd3c021000 rw-p 00000000 00:00 0 
7efd3c021000-7efd40000000 ---p 00000000 00:00 0 
7efd40000000-7efd40021000 rw-p 00000000 00:00 0 
7efd40021000-7efd44000000 ---p 00000000 00:00 0 
7efd44000000-7efd44001000 r-xp 00000000 00:00 0 
7efd44001000-7efd44003000 rw-s 00000000 103:02 15728658                  /tmp/.glDKcLKj (deleted)
7efd44007000-7efd44008000 rw-s 00000000 00:06 553                        /dev/nvidia0
7efd44008000-7efd4400a000 rw-s 00000000 00:06 552                        /dev/nvidiactl
7efd4400a000-7efd4400e000 rw-s 00000000 00:06 552                        /dev/nvidiactl
7efd4400e000-7efd4400f000 rw-s 00000000 00:06 553                        /dev/nvidia0
7efd4400f000-7efd44010000 rw-s 00000000 00:06 553                        /dev/nvidia0
7efd44010000-7efd44030000 rw-s 00000000 00:06 552                        /dev/nvidiactl
7efd44030000-7efd44031000 rw-s 00000000 00:06 553                        /dev/nvidia0
7efd44031000-7efd44071000 rw-s 00000000 00:06 552                        /dev/nvidiactl
7efd4408c000-7efd44091000 r--s 000a3000 103:02 9837971                   /usr/lib/jvm/java-8-openjdk-amd64/jre/lib/jsse.jar
7efd44091000-7efd44092000 rw-s 00000000 00:06 552                        /dev/nvidiactl
7efd44092000-7efd44093000 rw-s 00000000 00:06 552                        /dev/nvidiactl
7efd44093000-7efd44094000 rw-s 00000000 00:06 552                        /dev/nvidiactl
7efd44094000-7efd4409b000 r--s 00000000 103:02 10095718                  /usr/lib/x86_64-linux-gnu/gconv/gconv-modules.cache
7efd4409b000-7efd440ae000 r--s 00346000 103:02 9837979                   /usr/lib/jvm/java-8-openjdk-amd64/jre/lib/resources.jar
7efd440ae000-7efd440af000 r--s 00002000 08:01 16253464                   /home/sam/Downloads/pngdecoder-1.0.jar
7efd440af000-7efd440b0000 r--s 00022000 08:01 17960234                   /home/sam/Downloads/lwjgl-3.2.3/lwjgl-glfw/lwjgl-glfw-natives-linux-arm64.jar
7efd440b0000-7efd440b1000 r--s 00026000 08:01 17960235                   /home/sam/Downloads/lwjgl-3.2.3/lwjgl-glfw/lwjgl-glfw-natives-linux.jar
7efd440b1000-7efd440b4000 r--s 00018000 08:01 17960240                   /home/sam/Downloads/lwjgl-3.2.3/lwjgl-glfw/lwjgl-glfw.jar
7efd440b4000-7efd440b6000 r--s 0000d000 08:01 19795215                   /home/sam/Downloads/lwjgl-3.2.3/lwjgl-opengl/lwjgl-opengl-natives-linux-arm64.jar
7efd440b6000-7efd440b7000 r--s 00013000 08:01 19795216                   /home/sam/Downloads/lwjgl-3.2.3/lwjgl-opengl/lwjgl-opengl-natives-linux.jar
7efd440b7000-7efd440c2000 r--s 000da000 08:01 19795221                   /home/sam/Downloads/lwjgl-3.2.3/lwjgl-opengl/lwjgl-opengl.jar
7efd440c2000-7efd440c3000 r--s 0000c000 08:01 16517972                   /home/sam/Downloads/lwjgl-3.2.3/lwjgl/lwjgl-natives-linux-arm64.jar
7efd440c3000-7efd440ca000 r--s 00081000 08:01 16518147                   /home/sam/Downloads/lwjgl-3.2.3/lwjgl/lwjgl.jar
7efd440ca000-7efd440cf000 r--s 0003d000 103:02 9837915                   /usr/lib/jvm/java-8-openjdk-amd64/jre/lib/ext/sunjce_provider.jar
7efd440cf000-7efd440d3000 r--s 0003a000 103:02 9837917                   /usr/lib/jvm/java-8-openjdk-amd64/jre/lib/ext/sunpkcs11.jar
7efd440d3000-7efd440d6000 r--s 0000f000 103:02 9837900                   /usr/lib/jvm/java-8-openjdk-amd64/jre/lib/ext/icedtea-sound.jar
7efd440d6000-7efd440f1000 r--s 001d6000 103:02 9837906                   /usr/lib/jvm/java-8-openjdk-amd64/jre/lib/ext/nashorn.jar
7efd440f1000-7efd45ac2000 rw-p 00000000 00:00 0 
7efd45ac2000-7efd45c92000 r--s 03c5f000 103:02 9837981                   /usr/lib/jvm/java-8-openjdk-amd64/jre/lib/rt.jar
7efd45c92000-7efd474fd000 rw-p 00000000 00:00 0 
7efd474fd000-7efd474fe000 ---p 00000000 00:00 0 
7efd474fe000-7efd476a5000 rw-p 00000000 00:00 0 
7efd476a5000-7efd48065000 ---p 00000000 00:00 0 
7efd48065000-7efd4810c000 rw-p 00000000 00:00 0 
7efd4810c000-7efd48acb000 ---p 00000000 00:00 0 
7efd48acb000-7efd48b1f000 rw-p 00000000 00:00 0 
7efd48b1f000-7efd48fff000 ---p 00000000 00:00 0 
7efd48fff000-7efd49000000 rw-p 00000000 00:00 0 
7efd49000000-7efd49440000 rwxp 00000000 00:00 0 
7efd49440000-7efd58000000 ---p 00000000 00:00 0 
7efd58000000-7efd5bec9000 rw-p 00000000 00:00 0 
7efd5bec9000-7efd5c000000 ---p 00000000 00:00 0 
7efd5c000000-7efd5c001000 r--s 00012000 08:01 16517973                   /home/sam/Downloads/lwjgl-3.2.3/lwjgl/lwjgl-natives-linux.jar
7efd5c001000-7efd5c002000 ---p 00000000 00:00 0 
7efd5c002000-7efd5c102000 rw-p 00000000 00:00 0 
7efd5c102000-7efd5c103000 ---p 00000000 00:00 0 
7efd5c103000-7efd5c203000 rw-p 00000000 00:00 0 
7efd5c203000-7efd5c204000 ---p 00000000 00:00 0 
7efd5c204000-7efd5c304000 rw-p 00000000 00:00 0 
7efd5c304000-7efd5c305000 ---p 00000000 00:00 0 
7efd5c305000-7efd5c405000 rw-p 00000000 00:00 0 
7efd5c405000-7efd5c406000 ---p 00000000 00:00 0 
7efd5c406000-7efd5c506000 rw-p 00000000 00:00 0 
7efd5c506000-7efd5c507000 ---p 00000000 00:00 0 
7efd5c507000-7efd5c607000 rw-p 00000000 00:00 0 
7efd5c607000-7efd5c608000 ---p 00000000 00:00 0 
7efd5c608000-7efd5c708000 rw-p 00000000 00:00 0 
7efd5c708000-7efd5c709000 ---p 00000000 00:00 0 
7efd5c709000-7efd5c809000 rw-p 00000000 00:00 0 
7efd5c809000-7efd5c80a000 ---p 00000000 00:00 0 
7efd5c80a000-7efd5c91b000 rw-p 00000000 00:00 0 
7efd5c91b000-7efd5ccca000 ---p 00000000 00:00 0 
7efd5ccca000-7efd5ccd2000 r-xp 00000000 103:02 9837871                   /usr/lib/jvm/java-8-openjdk-amd64/jre/lib/amd64/libzip.so
7efd5ccd2000-7efd5ced1000 ---p 00008000 103:02 9837871                   /usr/lib/jvm/java-8-openjdk-amd64/jre/lib/amd64/libzip.so
7efd5ced1000-7efd5ced2000 r--p 00007000 103:02 9837871                   /usr/lib/jvm/java-8-openjdk-amd64/jre/lib/amd64/libzip.so
7efd5ced2000-7efd5ced3000 rw-p 00008000 103:02 9837871                   /usr/lib/jvm/java-8-openjdk-amd64/jre/lib/amd64/libzip.so
7efd5ced3000-7efd5cede000 r-xp 00000000 103:02 22942476                  /lib/x86_64-linux-gnu/libnss_files-2.27.so
7efd5cede000-7efd5d0dd000 ---p 0000b000 103:02 22942476                  /lib/x86_64-linux-gnu/libnss_files-2.27.so
7efd5d0dd000-7efd5d0de000 r--p 0000a000 103:02 22942476                  /lib/x86_64-linux-gnu/libnss_files-2.27.so
7efd5d0de000-7efd5d0df000 rw-p 0000b000 103:02 22942476                  /lib/x86_64-linux-gnu/libnss_files-2.27.so
7efd5d0df000-7efd5d0e5000 rw-p 00000000 00:00 0 
7efd5d0e5000-7efd5d0fc000 r-xp 00000000 103:02 22942470                  /lib/x86_64-linux-gnu/libnsl-2.27.so
7efd5d0fc000-7efd5d2fb000 ---p 00017000 103:02 22942470                  /lib/x86_64-linux-gnu/libnsl-2.27.so
7efd5d2fb000-7efd5d2fc000 r--p 00016000 103:02 22942470                  /lib/x86_64-linux-gnu/libnsl-2.27.so
7efd5d2fc000-7efd5d2fd000 rw-p 00017000 103:02 22942470                  /lib/x86_64-linux-gnu/libnsl-2.27.so
7efd5d2fd000-7efd5d2ff000 rw-p 00000000 00:00 0 
7efd5d2ff000-7efd5d30a000 r-xp 00000000 103:02 22942487                  /lib/x86_64-linux-gnu/libnss_nis-2.27.so
7efd5d30a000-7efd5d509000 ---p 0000b000 103:02 22942487                  /lib/x86_64-linux-gnu/libnss_nis-2.27.so
7efd5d509000-7efd5d50a000 r--p 0000a000 103:02 22942487                  /lib/x86_64-linux-gnu/libnss_nis-2.27.so
7efd5d50a000-7efd5d50b000 rw-p 0000b000 103:02 22942487                  /lib/x86_64-linux-gnu/libnss_nis-2.27.so
7efd5d50b000-7efd5d513000 r-xp 00000000 103:02 22942472                  /lib/x86_64-linux-gnu/libnss_compat-2.27.so
7efd5d513000-7efd5d713000 ---p 00008000 103:02 22942472                  /lib/x86_64-linux-gnu/libnss_compat-2.27.so
7efd5d713000-7efd5d714000 r--p 00008000 103:02 22942472                  /lib/x86_64-linux-gnu/libnss_compat-2.27.so
7efd5d714000-7efd5d715000 rw-p 00009000 103:02 22942472                  /lib/x86_64-linux-gnu/libnss_compat-2.27.so
7efd5d715000-7efd5d73f000 r-xp 00000000 103:02 9837833                   /usr/lib/jvm/java-8-openjdk-amd64/jre/lib/amd64/libjava.so
7efd5d73f000-7efd5d93e000 ---p 0002a000 103:02 9837833                   /usr/lib/jvm/java-8-openjdk-amd64/jre/lib/amd64/libjava.so
7efd5d93e000-7efd5d93f000 r--p 00029000 103:02 9837833                   /usr/lib/jvm/java-8-openjdk-amd64/jre/lib/amd64/libjava.so
7efd5d93f000-7efd5d941000 rw-p 0002a000 103:02 9837833                   /usr/lib/jvm/java-8-openjdk-amd64/jre/lib/amd64/libjava.so
7efd5d941000-7efd5d951000 r-xp 00000000 103:02 9837869                   /usr/lib/jvm/java-8-openjdk-amd64/jre/lib/amd64/libverify.so
7efd5d951000-7efd5db50000 ---p 00010000 103:02 9837869                   /usr/lib/jvm/java-8-openjdk-amd64/jre/lib/amd64/libverify.so
7efd5db50000-7efd5db52000 r--p 0000f000 103:02 9837869                   /usr/lib/jvm/java-8-openjdk-amd64/jre/lib/amd64/libverify.so
7efd5db52000-7efd5db53000 rw-p 00011000 103:02 9837869                   /usr/lib/jvm/java-8-openjdk-amd64/jre/lib/amd64/libverify.so
7efd5db53000-7efd5db5a000 r-xp 00000000 103:02 22942527                  /lib/x86_64-linux-gnu/librt-2.27.so
7efd5db5a000-7efd5dd59000 ---p 00007000 103:02 22942527                  /lib/x86_64-linux-gnu/librt-2.27.so
7efd5dd59000-7efd5dd5a000 r--p 00006000 103:02 22942527                  /lib/x86_64-linux-gnu/librt-2.27.so
7efd5dd5a000-7efd5dd5b000 rw-p 00007000 103:02 22942527                  /lib/x86_64-linux-gnu/librt-2.27.so
7efd5dd5b000-7efd5dd72000 r-xp 00000000 103:02 22937606                  /lib/x86_64-linux-gnu/libgcc_s.so.1
7efd5dd72000-7efd5df71000 ---p 00017000 103:02 22937606                  /lib/x86_64-linux-gnu/libgcc_s.so.1
7efd5df71000-7efd5df72000 r--p 00016000 103:02 22937606                  /lib/x86_64-linux-gnu/libgcc_s.so.1
7efd5df72000-7efd5df73000 rw-p 00017000 103:02 22937606                  /lib/x86_64-linux-gnu/libgcc_s.so.1
7efd5df73000-7efd5e110000 r-xp 00000000 103:02 22942449                  /lib/x86_64-linux-gnu/libm-2.27.so
7efd5e110000-7efd5e30f000 ---p 0019d000 103:02 22942449                  /lib/x86_64-linux-gnu/libm-2.27.so
7efd5e30f000-7efd5e310000 r--p 0019c000 103:02 22942449                  /lib/x86_64-linux-gnu/libm-2.27.so
7efd5e310000-7efd5e311000 rw-p 0019d000 103:02 22942449                  /lib/x86_64-linux-gnu/libm-2.27.so
7efd5e311000-7efd5e48a000 r-xp 00000000 103:02 9830530                   /usr/lib/x86_64-linux-gnu/libstdc++.so.6.0.25
7efd5e48a000-7efd5e68a000 ---p 00179000 103:02 9830530                   /usr/lib/x86_64-linux-gnu/libstdc++.so.6.0.25
7efd5e68a000-7efd5e694000 r--p 00179000 103:02 9830530                   /usr/lib/x86_64-linux-gnu/libstdc++.so.6.0.25
7efd5e694000-7efd5e696000 rw-p 00183000 103:02 9830530                   /usr/lib/x86_64-linux-gnu/libstdc++.so.6.0.25
7efd5e696000-7efd5e69a000 rw-p 00000000 00:00 0 
7efd5e69a000-7efd5f33c000 r-xp 00000000 103:02 9837875                   /usr/lib/jvm/java-8-openjdk-amd64/jre/lib/amd64/server/libjvm.so
7efd5f33c000-7efd5f53b000 ---p 00ca2000 103:02 9837875                   /usr/lib/jvm/java-8-openjdk-amd64/jre/lib/amd64/server/libjvm.so
7efd5f53b000-7efd5f5cf000 r--p 00ca1000 103:02 9837875                   /usr/lib/jvm/java-8-openjdk-amd64/jre/lib/amd64/server/libjvm.so
7efd5f5cf000-7efd5f5f8000 rw-p 00d35000 103:02 9837875                   /usr/lib/jvm/java-8-openjdk-amd64/jre/lib/amd64/server/libjvm.so
7efd5f5f8000-7efd5f628000 rw-p 00000000 00:00 0 
7efd5f628000-7efd5f642000 r-xp 00000000 103:02 22942519                  /lib/x86_64-linux-gnu/libpthread-2.27.so
7efd5f642000-7efd5f841000 ---p 0001a000 103:02 22942519                  /lib/x86_64-linux-gnu/libpthread-2.27.so
7efd5f841000-7efd5f842000 r--p 00019000 103:02 22942519                  /lib/x86_64-linux-gnu/libpthread-2.27.so
7efd5f842000-7efd5f843000 rw-p 0001a000 103:02 22942519                  /lib/x86_64-linux-gnu/libpthread-2.27.so
7efd5f843000-7efd5f847000 rw-p 00000000 00:00 0 
7efd5f847000-7efd5f84a000 r-xp 00000000 103:02 22942409                  /lib/x86_64-linux-gnu/libdl-2.27.so
7efd5f84a000-7efd5fa49000 ---p 00003000 103:02 22942409                  /lib/x86_64-linux-gnu/libdl-2.27.so
7efd5fa49000-7efd5fa4a000 r--p 00002000 103:02 22942409                  /lib/x86_64-linux-gnu/libdl-2.27.so
7efd5fa4a000-7efd5fa4b000 rw-p 00003000 103:02 22942409                  /lib/x86_64-linux-gnu/libdl-2.27.so
7efd5fa4b000-7efd5fa67000 r-xp 00000000 103:02 22942558                  /lib/x86_64-linux-gnu/libz.so.1.2.11
7efd5fa67000-7efd5fc66000 ---p 0001c000 103:02 22942558                  /lib/x86_64-linux-gnu/libz.so.1.2.11
7efd5fc66000-7efd5fc67000 r--p 0001b000 103:02 22942558                  /lib/x86_64-linux-gnu/libz.so.1.2.11
7efd5fc67000-7efd5fc68000 rw-p 0001c000 103:02 22942558                  /lib/x86_64-linux-gnu/libz.so.1.2.11
7efd5fc68000-7efd5fe4f000 r-xp 00000000 103:02 22942386                  /lib/x86_64-linux-gnu/libc-2.27.so
7efd5fe4f000-7efd6004f000 ---p 001e7000 103:02 22942386                  /lib/x86_64-linux-gnu/libc-2.27.so
7efd6004f000-7efd60053000 r--p 001e7000 103:02 22942386                  /lib/x86_64-linux-gnu/libc-2.27.so
7efd60053000-7efd60055000 rw-p 001eb000 103:02 22942386                  /lib/x86_64-linux-gnu/libc-2.27.so
7efd60055000-7efd60059000 rw-p 00000000 00:00 0 
7efd60059000-7efd60067000 r-xp 00000000 103:02 9833482                   /usr/lib/jvm/java-8-openjdk-amd64/jre/lib/amd64/jli/libjli.so
7efd60067000-7efd60266000 ---p 0000e000 103:02 9833482                   /usr/lib/jvm/java-8-openjdk-amd64/jre/lib/amd64/jli/libjli.so
7efd60266000-7efd60267000 r--p 0000d000 103:02 9833482                   /usr/lib/jvm/java-8-openjdk-amd64/jre/lib/amd64/jli/libjli.so
7efd60267000-7efd60268000 rw-p 0000e000 103:02 9833482                   /usr/lib/jvm/java-8-openjdk-amd64/jre/lib/amd64/jli/libjli.so
7efd60268000-7efd6028f000 r-xp 00000000 103:02 22942358                  /lib/x86_64-linux-gnu/ld-2.27.so
7efd6028f000-7efd60290000 r--s 0000a000 103:02 9837902                   /usr/lib/jvm/java-8-openjdk-amd64/jre/lib/ext/jaccess.jar
7efd60290000-7efd602ab000 r--s 00394000 103:02 9837896                   /usr/lib/jvm/java-8-openjdk-amd64/jre/lib/ext/cldrdata.jar
7efd602ab000-7efd60370000 rw-p 00000000 00:00 0 
7efd60370000-7efd60371000 ---p 00000000 00:00 0 
7efd60371000-7efd60374000 ---p 00000000 00:00 0 
7efd60374000-7efd60473000 rw-p 00000000 00:00 0 
7efd60473000-7efd60475000 r--s 00001000 103:02 9837898                   /usr/lib/jvm/java-8-openjdk-amd64/jre/lib/ext/dnsns.jar
7efd60475000-7efd6047f000 r--s 00116000 103:02 9837904                   /usr/lib/jvm/java-8-openjdk-amd64/jre/lib/ext/localedata.jar
7efd6047f000-7efd60481000 r--s 00007000 103:02 10224650                  /usr/share/java/java-atk-wrapper.jar
7efd60481000-7efd60482000 r--s 0000d000 103:02 9837913                   /usr/lib/jvm/java-8-openjdk-amd64/jre/lib/ext/sunec.jar
7efd60482000-7efd60483000 r--s 00010000 103:02 9837919                   /usr/lib/jvm/java-8-openjdk-amd64/jre/lib/ext/zipfs.jar
7efd60483000-7efd6048b000 rw-s 00000000 103:02 15990796                  /tmp/hsperfdata_sam/14889
7efd6048b000-7efd6048c000 rw-p 00000000 00:00 0 
7efd6048c000-7efd6048d000 r--p 00000000 00:00 0 
7efd6048d000-7efd6048f000 rw-p 00000000 00:00 0 
7efd6048f000-7efd60490000 r--p 00027000 103:02 22942358                  /lib/x86_64-linux-gnu/ld-2.27.so
7efd60490000-7efd60491000 rw-p 00028000 103:02 22942358                  /lib/x86_64-linux-gnu/ld-2.27.so
7efd60491000-7efd60492000 rw-p 00000000 00:00 0 
7ffd42732000-7ffd42753000 rw-p 00000000 00:00 0                          [stack]
7ffd4275e000-7ffd42761000 r--p 00000000 00:00 0                          [vvar]
7ffd42761000-7ffd42762000 r-xp 00000000 00:00 0                          [vdso]
ffffffffff600000-ffffffffff601000 --xp 00000000 00:00 0                  [vsyscall]

VM Arguments:
jvm_args: -Dfile.encoding=UTF-8 
java_command: main.Main
java_class_path (initial): /home/sam/Downloads/lwjgl-3.2.3/lwjgl/lwjgl.jar:/home/sam/Downloads/lwjgl-3.2.3/lwjgl/lwjgl-natives-linux.jar:/home/sam/Downloads/lwjgl-3.2.3/lwjgl/lwjgl-natives-linux-arm64.jar:/home/sam/Downloads/lwjgl-3.2.3/lwjgl-opengl/lwjgl-opengl.jar:/home/sam/Downloads/lwjgl-3.2.3/lwjgl-opengl/lwjgl-opengl-natives-linux.jar:/home/sam/Downloads/lwjgl-3.2.3/lwjgl-opengl/lwjgl-opengl-natives-linux-arm64.jar:/home/sam/Downloads/lwjgl-3.2.3/lwjgl-glfw/lwjgl-glfw.jar:/home/sam/Downloads/lwjgl-3.2.3/lwjgl-glfw/lwjgl-glfw-natives-linux.jar:/home/sam/Downloads/lwjgl-3.2.3/lwjgl-glfw/lwjgl-glfw-natives-linux-arm64.jar:/home/sam/Downloads/pngdecoder-1.0.jar:/home/sam/eclipse/workspace/LWJGL-ENGINE/bin
Launcher Type: SUN_STANDARD

Environment Variables:
PATH=/usr/local/sbin:/usr/local/bin:/usr/sbin:/usr/bin:/sbin:/bin:/usr/games:/usr/local/games:/snap/bin
USERNAME=sam
SHELL=/bin/bash
DISPLAY=:0

Signal Handlers:
SIGSEGV: [libjvm.so+0xabafd0], sa_mask[0]=11111111011111111101111111111110, sa_flags=SA_RESTART|SA_SIGINFO
SIGBUS: [libjvm.so+0xabafd0], sa_mask[0]=11111111011111111101111111111110, sa_flags=SA_RESTART|SA_SIGINFO
SIGFPE: [libjvm.so+0x8f05b0], sa_mask[0]=11111111011111111101111111111110, sa_flags=SA_RESTART|SA_SIGINFO
SIGPIPE: [libjvm.so+0x8f05b0], sa_mask[0]=11111111011111111101111111111110, sa_flags=SA_RESTART|SA_SIGINFO
SIGXFSZ: [libjvm.so+0x8f05b0], sa_mask[0]=11111111011111111101111111111110, sa_flags=SA_RESTART|SA_SIGINFO
SIGILL: [libjvm.so+0x8f05b0], sa_mask[0]=11111111011111111101111111111110, sa_flags=SA_RESTART|SA_SIGINFO
SIGUSR1: SIG_DFL, sa_mask[0]=00000000000000000000000000000000, sa_flags=none
SIGUSR2: [libjvm.so+0x8f0460], sa_mask[0]=00100000000000000000000000000000, sa_flags=SA_RESTART|SA_SIGINFO
SIGHUP: [libjvm.so+0x8f0ad0], sa_mask[0]=11111111011111111101111111111110, sa_flags=SA_RESTART|SA_SIGINFO
SIGINT: [libjvm.so+0x8f0ad0], sa_mask[0]=11111111011111111101111111111110, sa_flags=SA_RESTART|SA_SIGINFO
SIGTERM: [libjvm.so+0x8f0ad0], sa_mask[0]=11111111011111111101111111111110, sa_flags=SA_RESTART|SA_SIGINFO
SIGQUIT: [libjvm.so+0x8f0ad0], sa_mask[0]=11111111011111111101111111111110, sa_flags=SA_RESTART|SA_SIGINFO


---------------  S Y S T E M  ---------------

OS:DISTRIB_ID=Ubuntu
DISTRIB_RELEASE=18.04
DISTRIB_CODENAME=bionic
DISTRIB_DESCRIPTION="Ubuntu 18.04.3 LTS"

uname:Linux 5.3.0-26-generic #28~18.04.1-Ubuntu SMP Wed Dec 18 16:40:14 UTC 2019 x86_64
libc:glibc 2.27 NPTL 2.27 
rlimit: STACK 8192k, CORE 0k, NPROC 127594, NOFILE 1048576, AS infinity
load average:3.52 5.57 3.25

/proc/meminfo:
MemTotal:       32713532 kB
MemFree:        26547708 kB
MemAvailable:   27829420 kB
Buffers:          234476 kB
Cached:          1949920 kB
SwapCached:            0 kB
Active:          4238780 kB
Inactive:        1192712 kB
Active(anon):    3432524 kB
Inactive(anon):   441092 kB
Active(file):     806256 kB
Inactive(file):   751620 kB
Unevictable:      184268 kB
Mlocked:             160 kB
SwapTotal:       2097148 kB
SwapFree:        2097148 kB
Dirty:               260 kB
Writeback:             0 kB
AnonPages:       3431512 kB
Mapped:           942116 kB
Shmem:            626520 kB
KReclaimable:     186352 kB
Slab:             282868 kB
SReclaimable:     186352 kB
SUnreclaim:        96516 kB
KernelStack:       21320 kB
PageTables:        67676 kB
NFS_Unstable:          0 kB
Bounce:                0 kB
WritebackTmp:          0 kB
CommitLimit:    18453912 kB
Committed_AS:   11322428 kB
VmallocTotal:   34359738367 kB
VmallocUsed:       65076 kB
VmallocChunk:          0 kB
Percpu:             5824 kB
HardwareCorrupted:     0 kB
AnonHugePages:         0 kB
ShmemHugePages:        0 kB
ShmemPmdMapped:        0 kB
CmaTotal:              0 kB
CmaFree:               0 kB
HugePages_Total:       0
HugePages_Free:        0
HugePages_Rsvd:        0
HugePages_Surp:        0
Hugepagesize:       2048 kB
Hugetlb:               0 kB
DirectMap4k:      414368 kB
DirectMap2M:     9897984 kB
DirectMap1G:    23068672 kB

container (cgroup) information:
container_type: cgroupv1
cpu_cpuset_cpus: 0-11
cpu_memory_nodes: 0
active_processor_count: 12
cpu_quota: -1
cpu_period: 100000
cpu_shares: -1
memory_limit_in_bytes: -1
memory_and_swap_limit_in_bytes: -2
memory_soft_limit_in_bytes: -1
memory_usage_in_bytes: 5749624832
memory_max_usage_in_bytes: 0


CPU:total 12 (initial active 12) (6 cores per cpu, 2 threads per core) family 6 model 158 stepping 10, cmov, cx8, fxsr, mmx, sse, sse2, sse3, ssse3, sse4.1, sse4.2, popcnt, avx, avx2, aes, clmul, erms, 3dnowpref, lzcnt, ht, tsc, tscinvbit, bmi1, bmi2, adx

/proc/cpuinfo:
processor	: 0
vendor_id	: GenuineIntel
cpu family	: 6
model		: 158
model name	: Intel(R) Core(TM) i7-8750H CPU @ 2.20GHz
stepping	: 10
microcode	: 0xca
cpu MHz		: 3944.074
cache size	: 9216 KB
physical id	: 0
siblings	: 12
core id		: 0
cpu cores	: 6
apicid		: 0
initial apicid	: 0
fpu		: yes
fpu_exception	: yes
cpuid level	: 22
wp		: yes
flags		: fpu vme de pse tsc msr pae mce cx8 apic sep mtrr pge mca cmov pat pse36 clflush dts acpi mmx fxsr sse sse2 ss ht tm pbe syscall nx pdpe1gb rdtscp lm constant_tsc art arch_perfmon pebs bts rep_good nopl xtopology nonstop_tsc cpuid aperfmperf pni pclmulqdq dtes64 monitor ds_cpl vmx est tm2 ssse3 sdbg fma cx16 xtpr pdcm pcid sse4_1 sse4_2 x2apic movbe popcnt tsc_deadline_timer aes xsave avx f16c rdrand lahf_lm abm 3dnowprefetch cpuid_fault epb invpcid_single pti ssbd ibrs ibpb stibp tpr_shadow vnmi flexpriority ept vpid ept_ad fsgsbase tsc_adjust bmi1 avx2 smep bmi2 erms invpcid mpx rdseed adx smap clflushopt intel_pt xsaveopt xsavec xgetbv1 xsaves dtherm ida arat pln pts hwp hwp_notify hwp_act_window hwp_epp md_clear flush_l1d
bugs		: cpu_meltdown spectre_v1 spectre_v2 spec_store_bypass l1tf mds swapgs itlb_multihit
bogomips	: 4399.99
clflush size	: 64
cache_alignment	: 64
address sizes	: 39 bits physical, 48 bits virtual
power management:

processor	: 1
vendor_id	: GenuineIntel
cpu family	: 6
model		: 158
model name	: Intel(R) Core(TM) i7-8750H CPU @ 2.20GHz
stepping	: 10
microcode	: 0xca
cpu MHz		: 4001.289
cache size	: 9216 KB
physical id	: 0
siblings	: 12
core id		: 1
cpu cores	: 6
apicid		: 2
initial apicid	: 2
fpu		: yes
fpu_exception	: yes
cpuid level	: 22
wp		: yes
flags		: fpu vme de pse tsc msr pae mce cx8 apic sep mtrr pge mca cmov pat pse36 clflush dts acpi mmx fxsr sse sse2 ss ht tm pbe syscall nx pdpe1gb rdtscp lm constant_tsc art arch_perfmon pebs bts rep_good nopl xtopology nonstop_tsc cpuid aperfmperf pni pclmulqdq dtes64 monitor ds_cpl vmx est tm2 ssse3 sdbg fma cx16 xtpr pdcm pcid sse4_1 sse4_2 x2apic movbe popcnt tsc_deadline_timer aes xsave avx f16c rdrand lahf_lm abm 3dnowprefetch cpuid_fault epb invpcid_single pti ssbd ibrs ibpb stibp tpr_shadow vnmi flexpriority ept vpid ept_ad fsgsbase tsc_adjust bmi1 avx2 smep bmi2 erms invpcid mpx rdseed adx smap clflushopt intel_pt xsaveopt xsavec xgetbv1 xsaves dtherm ida arat pln pts hwp hwp_notify hwp_act_window hwp_epp md_clear flush_l1d
bugs		: cpu_meltdown spectre_v1 spectre_v2 spec_store_bypass l1tf mds swapgs itlb_multihit
bogomips	: 4399.99
clflush size	: 64
cache_alignment	: 64
address sizes	: 39 bits physical, 48 bits virtual
power management:

processor	: 2
vendor_id	: GenuineIntel
cpu family	: 6
model		: 158
model name	: Intel(R) Core(TM) i7-8750H CPU @ 2.20GHz
stepping	: 10
microcode	: 0xca
cpu MHz		: 3962.752
cache size	: 9216 KB
physical id	: 0
siblings	: 12
core id		: 2
cpu cores	: 6
apicid		: 4
initial apicid	: 4
fpu		: yes
fpu_exception	: yes
cpuid level	: 22
wp		: yes
flags		: fpu vme de pse tsc msr pae mce cx8 apic sep mtrr pge mca cmov pat pse36 clflush dts acpi mmx fxsr sse sse2 ss ht tm pbe syscall nx pdpe1gb rdtscp lm constant_tsc art arch_perfmon pebs bts rep_good nopl xtopology nonstop_tsc cpuid aperfmperf pni pclmulqdq dtes64 monitor ds_cpl vmx est tm2 ssse3 sdbg fma cx16 xtpr pdcm pcid sse4_1 sse4_2 x2apic movbe popcnt tsc_deadline_timer aes xsave avx f16c rdrand lahf_lm abm 3dnowprefetch cpuid_fault epb invpcid_single pti ssbd ibrs ibpb stibp tpr_shadow vnmi flexpriority ept vpid ept_ad fsgsbase tsc_adjust bmi1 avx2 smep bmi2 erms invpcid mpx rdseed adx smap clflushopt intel_pt xsaveopt xsavec xgetbv1 xsaves dtherm ida arat pln pts hwp hwp_notify hwp_act_window hwp_epp md_clear flush_l1d
bugs		: cpu_meltdown spectre_v1 spectre_v2 spec_store_bypass l1tf mds swapgs itlb_multihit
bogomips	: 4399.99
clflush size	: 64
cache_alignment	: 64
address sizes	: 39 bits physical, 48 bits virtual
power management:

processor	: 3
vendor_id	: GenuineIntel
cpu family	: 6
model		: 158
model name	: Intel(R) Core(TM) i7-8750H CPU @ 2.20GHz
stepping	: 10
microcode	: 0xca
cpu MHz		: 3912.675
cache size	: 9216 KB
physical id	: 0
siblings	: 12
core id		: 3
cpu cores	: 6
apicid		: 6
initial apicid	: 6
fpu		: yes
fpu_exception	: yes
cpuid level	: 22
wp		: yes
flags		: fpu vme de pse tsc msr pae mce cx8 apic sep mtrr pge mca cmov pat pse36 clflush dts acpi mmx fxsr sse sse2 ss ht tm pbe syscall nx pdpe1gb rdtscp lm constant_tsc art arch_perfmon pebs bts rep_good nopl xtopology nonstop_tsc cpuid aperfmperf pni pclmulqdq dtes64 monitor ds_cpl vmx est tm2 ssse3 sdbg fma cx16 xtpr pdcm pcid sse4_1 sse4_2 x2apic movbe popcnt tsc_deadline_timer aes xsave avx f16c rdrand lahf_lm abm 3dnowprefetch cpuid_fault epb invpcid_single pti ssbd ibrs ibpb stibp tpr_shadow vnmi flexpriority ept vpid ept_ad fsgsbase tsc_adjust bmi1 avx2 smep bmi2 erms invpcid mpx rdseed adx smap clflushopt intel_pt xsaveopt xsavec xgetbv1 xsaves dtherm ida arat pln pts hwp hwp_notify hwp_act_window hwp_epp md_clear flush_l1d
bugs		: cpu_meltdown spectre_v1 spectre_v2 spec_store_bypass l1tf mds swapgs itlb_multihit
bogomips	: 4399.99
clflush size	: 64
cache_alignment	: 64
address sizes	: 39 bits physical, 48 bits virtual
power management:

processor	: 4
vendor_id	: GenuineIntel
cpu family	: 6
model		: 158
model name	: Intel(R) Core(TM) i7-8750H CPU @ 2.20GHz
stepping	: 10
microcode	: 0xca
cpu MHz		: 3992.164
cache size	: 9216 KB
physical id	: 0
siblings	: 12
core id		: 4
cpu cores	: 6
apicid		: 8
initial apicid	: 8
fpu		: yes
fpu_exception	: yes
cpuid level	: 22
wp		: yes
flags		: fpu vme de pse tsc msr pae mce cx8 apic sep mtrr pge mca cmov pat pse36 clflush dts acpi mmx fxsr sse sse2 ss ht tm pbe syscall nx pdpe1gb rdtscp lm constant_tsc art arch_perfmon pebs bts rep_good nopl xtopology nonstop_tsc cpuid aperfmperf pni pclmulqdq dtes64 monitor ds_cpl vmx est tm2 ssse3 sdbg fma cx16 xtpr pdcm pcid sse4_1 sse4_2 x2apic movbe popcnt tsc_deadline_timer aes xsave avx f16c rdrand lahf_lm abm 3dnowprefetch cpuid_fault epb invpcid_single pti ssbd ibrs ibpb stibp tpr_shadow vnmi flexpriority ept vpid ept_ad fsgsbase tsc_adjust bmi1 avx2 smep bmi2 erms invpcid mpx rdseed adx smap clflushopt intel_pt xsaveopt xsavec xgetbv1 xsaves dtherm ida arat pln pts hwp hwp_notify hwp_act_window hwp_epp md_clear flush_l1d
bugs		: cpu_meltdown spectre_v1 spectre_v2 spec_store_bypass l1tf mds swapgs itlb_multihit
bogomips	: 4399.99
clflush size	: 64
cache_alignment	: 64
address sizes	: 39 bits physical, 48 bits virtual
power management:

processor	: 5
vendor_id	: GenuineIntel
cpu family	: 6
model		: 158
model name	: Intel(R) Core(TM) i7-8750H CPU @ 2.20GHz
stepping	: 10
microcode	: 0xca
cpu MHz		: 3927.094
cache size	: 9216 KB
physical id	: 0
siblings	: 12
core id		: 5
cpu cores	: 6
apicid		: 10
initial apicid	: 10
fpu		: yes
fpu_exception	: yes
cpuid level	: 22
wp		: yes
flags		: fpu vme de pse tsc msr pae mce cx8 apic sep mtrr pge mca cmov pat pse36 clflush dts acpi mmx fxsr sse sse2 ss ht tm pbe syscall nx pdpe1gb rdtscp lm constant_tsc art arch_perfmon pebs bts rep_good nopl xtopology nonstop_tsc cpuid aperfmperf pni pclmulqdq dtes64 monitor ds_cpl vmx est tm2 ssse3 sdbg fma cx16 xtpr pdcm pcid sse4_1 sse4_2 x2apic movbe popcnt tsc_deadline_timer aes xsave avx f16c rdrand lahf_lm abm 3dnowprefetch cpuid_fault epb invpcid_single pti ssbd ibrs ibpb stibp tpr_shadow vnmi flexpriority ept vpid ept_ad fsgsbase tsc_adjust bmi1 avx2 smep bmi2 erms invpcid mpx rdseed adx smap clflushopt intel_pt xsaveopt xsavec xgetbv1 xsaves dtherm ida arat pln pts hwp hwp_notify hwp_act_window hwp_epp md_clear flush_l1d
bugs		: cpu_meltdown spectre_v1 spectre_v2 spec_store_bypass l1tf mds swapgs itlb_multihit
bogomips	: 4399.99
clflush size	: 64
cache_alignment	: 64
address sizes	: 39 bits physical, 48 bits virtual
power management:

processor	: 6
vendor_id	: GenuineIntel
cpu family	: 6
model		: 158
model name	: Intel(R) Core(TM) i7-8750H CPU @ 2.20GHz
stepping	: 10
microcode	: 0xca
cpu MHz		: 3942.817
cache size	: 9216 KB
physical id	: 0
siblings	: 12
core id		: 0
cpu cores	: 6
apicid		: 1
initial apicid	: 1
fpu		: yes
fpu_exception	: yes
cpuid level	: 22
wp		: yes
flags		: fpu vme de pse tsc msr pae mce cx8 apic sep mtrr pge mca cmov pat pse36 clflush dts acpi mmx fxsr sse sse2 ss ht tm pbe syscall nx pdpe1gb rdtscp lm constant_tsc art arch_perfmon pebs bts rep_good nopl xtopology nonstop_tsc cpuid aperfmperf pni pclmulqdq dtes64 monitor ds_cpl vmx est tm2 ssse3 sdbg fma cx16 xtpr pdcm pcid sse4_1 sse4_2 x2apic movbe popcnt tsc_deadline_timer aes xsave avx f16c rdrand lahf_lm abm 3dnowprefetch cpuid_fault epb invpcid_single pti ssbd ibrs ibpb stibp tpr_shadow vnmi flexpriority ept vpid ept_ad fsgsbase tsc_adjust bmi1 avx2 smep bmi2 erms invpcid mpx rdseed adx smap clflushopt intel_pt xsaveopt xsavec xgetbv1 xsaves dtherm ida arat pln pts hwp hwp_notify hwp_act_window hwp_epp md_clear flush_l1d
bugs		: cpu_meltdown spectre_v1 spectre_v2 spec_store_bypass l1tf mds swapgs itlb_multihit
bogomips	: 4399.99
clflush size	: 64
cache_alignment	: 64
address sizes	: 39 bits physical, 48 bits virtual
power management:

processor	: 7
vendor_id	: GenuineIntel
cpu family	: 6
model		: 158
model name	: Intel(R) Core(TM) i7-8750H CPU @ 2.20GHz
stepping	: 10
microcode	: 0xca
cpu MHz		: 3998.722
cache size	: 9216 KB
physical id	: 0
siblings	: 12
core id		: 1
cpu cores	: 6
apicid		: 3
initial apicid	: 3
fpu		: yes
fpu_exception	: yes
cpuid level	: 22
wp		: yes
flags		: fpu vme de pse tsc msr pae mce cx8 apic sep mtrr pge mca cmov pat pse36 clflush dts acpi mmx fxsr sse sse2 ss ht tm pbe syscall nx pdpe1gb rdtscp lm constant_tsc art arch_perfmon pebs bts rep_good nopl xtopology nonstop_tsc cpuid aperfmperf pni pclmulqdq dtes64 monitor ds_cpl vmx est tm2 ssse3 sdbg fma cx16 xtpr pdcm pcid sse4_1 sse4_2 x2apic movbe popcnt tsc_deadline_timer aes xsave avx f16c rdrand lahf_lm abm 3dnowprefetch cpuid_fault epb invpcid_single pti ssbd ibrs ibpb stibp tpr_shadow vnmi flexpriority ept vpid ept_ad fsgsbase tsc_adjust bmi1 avx2 smep bmi2 erms invpcid mpx rdseed adx smap clflushopt intel_pt xsaveopt xsavec xgetbv1 xsaves dtherm ida arat pln pts hwp hwp_notify hwp_act_window hwp_epp md_clear flush_l1d
bugs		: cpu_meltdown spectre_v1 spectre_v2 spec_store_bypass l1tf mds swapgs itlb_multihit
bogomips	: 4399.99
clflush size	: 64
cache_alignment	: 64
address sizes	: 39 bits physical, 48 bits virtual
power management:

processor	: 8
vendor_id	: GenuineIntel
cpu family	: 6
model		: 158
model name	: Intel(R) Core(TM) i7-8750H CPU @ 2.20GHz
stepping	: 10
microcode	: 0xca
cpu MHz		: 3951.379
cache size	: 9216 KB
physical id	: 0
siblings	: 12
core id		: 2
cpu cores	: 6
apicid		: 5
initial apicid	: 5
fpu		: yes
fpu_exception	: yes
cpuid level	: 22
wp		: yes
flags		: fpu vme de pse tsc msr pae mce cx8 apic sep mtrr pge mca cmov pat pse36 clflush dts acpi mmx fxsr sse sse2 ss ht tm pbe syscall nx pdpe1gb rdtscp lm constant_tsc art arch_perfmon pebs bts rep_good nopl xtopology nonstop_tsc cpuid aperfmperf pni pclmulqdq dtes64 monitor ds_cpl vmx est tm2 ssse3 sdbg fma cx16 xtpr pdcm pcid sse4_1 sse4_2 x2apic movbe popcnt tsc_deadline_timer aes xsave avx f16c rdrand lahf_lm abm 3dnowprefetch cpuid_fault epb invpcid_single pti ssbd ibrs ibpb stibp tpr_shadow vnmi flexpriority ept vpid ept_ad fsgsbase tsc_adjust bmi1 avx2 smep bmi2 erms invpcid mpx rdseed adx smap clflushopt intel_pt xsaveopt xsavec xgetbv1 xsaves dtherm ida arat pln pts hwp hwp_notify hwp_act_window hwp_epp md_clear flush_l1d
bugs		: cpu_meltdown spectre_v1 spectre_v2 spec_store_bypass l1tf mds swapgs itlb_multihit
bogomips	: 4399.99
clflush size	: 64
cache_alignment	: 64
address sizes	: 39 bits physical, 48 bits virtual
power management:

processor	: 9
vendor_id	: GenuineIntel
cpu family	: 6
model		: 158
model name	: Intel(R) Core(TM) i7-8750H CPU @ 2.20GHz
stepping	: 10
microcode	: 0xca
cpu MHz		: 3949.980
cache size	: 9216 KB
physical id	: 0
siblings	: 12
core id		: 3
cpu cores	: 6
apicid		: 7
initial apicid	: 7
fpu		: yes
fpu_exception	: yes
cpuid level	: 22
wp		: yes
flags		: fpu vme de pse tsc msr pae mce cx8 apic sep mtrr pge mca cmov pat pse36 clflush dts acpi mmx fxsr sse sse2 ss ht tm pbe syscall nx pdpe1gb rdtscp lm constant_tsc art arch_perfmon pebs bts rep_good nopl xtopology nonstop_tsc cpuid aperfmperf pni pclmulqdq dtes64 monitor ds_cpl vmx est tm2 ssse3 sdbg fma cx16 xtpr pdcm pcid sse4_1 sse4_2 x2apic movbe popcnt tsc_deadline_timer aes xsave avx f16c rdrand lahf_lm abm 3dnowprefetch cpuid_fault epb invpcid_single pti ssbd ibrs ibpb stibp tpr_shadow vnmi flexpriority ept vpid ept_ad fsgsbase tsc_adjust bmi1 avx2 smep bmi2 erms invpcid mpx rdseed adx smap clflushopt intel_pt xsaveopt xsavec xgetbv1 xsaves dtherm ida arat pln pts hwp hwp_notify hwp_act_window hwp_epp md_clear flush_l1d
bugs		: cpu_meltdown spectre_v1 spectre_v2 spec_store_bypass l1tf mds swapgs itlb_multihit
bogomips	: 4399.99
clflush size	: 64
cache_alignment	: 64
address sizes	: 39 bits physical, 48 bits virtual
power management:

processor	: 10
vendor_id	: GenuineIntel
cpu family	: 6
model		: 158
model name	: Intel(R) Core(TM) i7-8750H CPU @ 2.20GHz
stepping	: 10
microcode	: 0xca
cpu MHz		: 3997.939
cache size	: 9216 KB
physical id	: 0
siblings	: 12
core id		: 4
cpu cores	: 6
apicid		: 9
initial apicid	: 9
fpu		: yes
fpu_exception	: yes
cpuid level	: 22
wp		: yes
flags		: fpu vme de pse tsc msr pae mce cx8 apic sep mtrr pge mca cmov pat pse36 clflush dts acpi mmx fxsr sse sse2 ss ht tm pbe syscall nx pdpe1gb rdtscp lm constant_tsc art arch_perfmon pebs bts rep_good nopl xtopology nonstop_tsc cpuid aperfmperf pni pclmulqdq dtes64 monitor ds_cpl vmx est tm2 ssse3 sdbg fma cx16 xtpr pdcm pcid sse4_1 sse4_2 x2apic movbe popcnt tsc_deadline_timer aes xsave avx f16c rdrand lahf_lm abm 3dnowprefetch cpuid_fault epb invpcid_single pti ssbd ibrs ibpb stibp tpr_shadow vnmi flexpriority ept vpid ept_ad fsgsbase tsc_adjust bmi1 avx2 smep bmi2 erms invpcid mpx rdseed adx smap clflushopt intel_pt xsaveopt xsavec xgetbv1 xsaves dtherm ida arat pln pts hwp hwp_notify hwp_act_window hwp_epp md_clear flush_l1d
bugs		: cpu_meltdown spectre_v1 spectre_v2 spec_store_bypass l1tf mds swapgs itlb_multihit
bogomips	: 4399.99
clflush size	: 64
cache_alignment	: 64
address sizes	: 39 bits physical, 48 bits virtual
power management:

processor	: 11
vendor_id	: GenuineIntel
cpu family	: 6
model		: 158
model name	: Intel(R) Core(TM) i7-8750H CPU @ 2.20GHz
stepping	: 10
microcode	: 0xca
cpu MHz		: 3999.259
cache size	: 9216 KB
physical id	: 0
siblings	: 12
core id		: 5
cpu cores	: 6
apicid		: 11
initial apicid	: 11
fpu		: yes
fpu_exception	: yes
cpuid level	: 22
wp		: yes
flags		: fpu vme de pse tsc msr pae mce cx8 apic sep mtrr pge mca cmov pat pse36 clflush dts acpi mmx fxsr sse sse2 ss ht tm pbe syscall nx pdpe1gb rdtscp lm constant_tsc art arch_perfmon pebs bts rep_good nopl xtopology nonstop_tsc cpuid aperfmperf pni pclmulqdq dtes64 monitor ds_cpl vmx est tm2 ssse3 sdbg fma cx16 xtpr pdcm pcid sse4_1 sse4_2 x2apic movbe popcnt tsc_deadline_timer aes xsave avx f16c rdrand lahf_lm abm 3dnowprefetch cpuid_fault epb invpcid_single pti ssbd ibrs ibpb stibp tpr_shadow vnmi flexpriority ept vpid ept_ad fsgsbase tsc_adjust bmi1 avx2 smep bmi2 erms invpcid mpx rdseed adx smap clflushopt intel_pt xsaveopt xsavec xgetbv1 xsaves dtherm ida arat pln pts hwp hwp_notify hwp_act_window hwp_epp md_clear flush_l1d
bugs		: cpu_meltdown spectre_v1 spectre_v2 spec_store_bypass l1tf mds swapgs itlb_multihit
bogomips	: 4399.99
clflush size	: 64
cache_alignment	: 64
address sizes	: 39 bits physical, 48 bits virtual
power management:



Memory: 4k page, physical 32713532k(26547708k free), swap 2097148k(2097148k free)

vm_info: OpenJDK 64-Bit Server VM (25.232-b09) for linux-amd64 JRE (1.8.0_232-8u232-b09-0ubuntu1~18.04.1-b09), built on Oct 16 2019 20:38:15 by "buildd" with gcc 7.4.0

time: Sat Feb 15 12:57:23 2020
timezone: CST
elapsed time: 1 seconds (0d 0h 0m 1s)

