#
# A fatal error has been detected by the Java Runtime Environment:
#
#  SIGSEGV (0xb) at pc=0x00007f44cdc2b699, pid=15041, tid=0x00007f450ef58700
#
# JRE version: OpenJDK Runtime Environment (8.0_222-b10) (build 1.8.0_222-8u222-b10-1ubuntu1~18.04.1-b10)
# Java VM: OpenJDK 64-Bit Server VM (25.222-b10 mixed mode linux-amd64 compressed oops)
# Problematic frame:
# C  [libnvidia-glcore.so.440.31+0x1041699]
#
# Failed to write core dump. Core dumps have been disabled. To enable core dumping, try "ulimit -c unlimited" before starting Java again
#
# If you would like to submit a bug report, please visit:
#   http://bugreport.java.com/bugreport/crash.jsp
# The crash happened outside the Java Virtual Machine in native code.
# See problematic frame for where to report the bug.
#

---------------  T H R E A D  ---------------

Current thread (0x00007f450800b800):  JavaThread "main" [_thread_in_native, id=15047, stack(0x00007f450ee59000,0x00007f450ef59000)]

siginfo: si_signo: 11 (SIGSEGV), si_code: 1 (SEGV_MAPERR), si_addr: 0x0000000000000000

Registers:
RAX=0x0000000000000000, RBX=0x0000000000000000, RCX=0x00007f447537bd88, RDX=0x0000000000000000
RSP=0x00007f450ef57480, RBP=0x0000000000000003, RSI=0x0000000000000003, RDI=0x00007f447537bd88
R8 =0x0000000000000000, R9 =0x0000000000000000, R10=0x0000000000000020, R11=0x0000000000000004
R12=0x0000000000000003, R13=0x0000000041695000, R14=0x0000000000000000, R15=0x0000000000000682
RIP=0x00007f44cdc2b699, EFLAGS=0x0000000000010202, CSGSFS=0x002b000000000033, ERR=0x0000000000000004
  TRAPNO=0x000000000000000e

Top of Stack: (sp=0x00007f450ef57480)
0x00007f450ef57480:   00007f450ef576ec 00007f450ef57540
0x00007f450ef57490:   0000000000000000 00007f450ef57540
0x00007f450ef574a0:   00007f45084acd70 00007f45084acd60
0x00007f450ef574b0:   0000000041695000 00007f4508bd6a88
0x00007f450ef574c0:   0000000000000000 00007f44cdc3b4b8
0x00007f450ef574d0:   0000000000000000 0000000000000001
0x00007f450ef574e0:   0000000000000000 0008000000020006
0x00007f450ef574f0:   00007f4508a5b120 00007f450ef57540
0x00007f450ef57500:   000014050800b9e0 ffffffff00000006
0x00007f450ef57510:   0000000400000000 00007f4508bd7090
0x00007f450ef57520:   00007f4508691900 0100000000000000
0x00007f450ef57530:   00007f4441695001 00007f450ef58700
0x00007f450ef57540:   00007f4508968dc0 00007f44cdc09731
0x00007f450ef57550:   00007f4508a5b120 0000000000000000
0x00007f450ef57560:   0000000000000000 00000000416dfa80
0x00007f450ef57570:   0000000000000001 00007f450892d1c0
0x00007f450ef57580:   0000000000000001 0000000000000000
0x00007f450ef57590:   00007f45089318b0 00007f44cd83cde7
0x00007f450ef575a0:   00000005ccc14718 0000000000000040
0x00007f450ef575b0:   00007f450800b800 0000000000000000
0x00007f450ef575c0:   00007f4508956a70 0000000000000040
0x00007f450ef575d0:   0000000041695000 00007f450895c57c
0x00007f450ef575e0:   0000000000000000 0000000000000000
0x00007f450ef575f0:   0000000001000000 0000000000000000
0x00007f450ef57600:   0000000100000000 dac51ec8a42ee400
0x00007f450ef57610:   00007f450ef576c0 dac51ec8a42ee400
0x00007f450ef57620:   0000000000000000 00007f450800b800
0x00007f450ef57630:   00007f450ef57690 0000000000000000
0x00007f450ef57640:   00007f4508a59410 00007f450ef576c0
0x00007f450ef57650:   00007f4500000008 00007f450ef574d0
0x00007f450ef57660:   00007f450e55d515 00000000f80144d4
0x00007f450ef57670:   00007f4441695001 00007f450ef58700 

Instructions: (pc=0x00007f44cdc2b699)
0x00007f44cdc2b679:   0f 83 03 01 00 00 89 e8 48 8d 7a 04 89 ee c1 e0
0x00007f44cdc2b689:   10 0d 7c 05 00 60 48 89 f9 89 02 4c 89 f2 89 d8
0x00007f44cdc2b699:   03 02 66 89 01 89 d8 03 42 04 48 83 c2 08 66 89
0x00007f44cdc2b6a9:   41 02 48 83 c1 04 ff ce 75 e4 8d 45 ff 41 29 ec 

Register to memory mapping:

RAX=0x0000000000000000 is an unknown value
RBX=0x0000000000000000 is an unknown value
RCX=0x00007f447537bd88 is an unknown value
RDX=0x0000000000000000 is an unknown value
RSP=0x00007f450ef57480 is pointing into the stack for thread: 0x00007f450800b800
RBP=0x0000000000000003 is an unknown value
RSI=0x0000000000000003 is an unknown value
RDI=0x00007f447537bd88 is an unknown value
R8 =0x0000000000000000 is an unknown value
R9 =0x0000000000000000 is an unknown value
R10=0x0000000000000020 is an unknown value
R11=0x0000000000000004 is an unknown value
R12=0x0000000000000003 is an unknown value
R13=0x0000000041695000 is an unknown value
R14=0x0000000000000000 is an unknown value
R15=0x0000000000000682 is an unknown value


Stack: [0x00007f450ee59000,0x00007f450ef59000],  sp=0x00007f450ef57480,  free space=1017k
Native frames: (J=compiled Java code, j=interpreted, Vv=VM code, C=native code)
C  [libnvidia-glcore.so.440.31+0x1041699]

Java frames: (J=compiled Java code, j=interpreted, Vv=VM code)
J 888  org.lwjgl.opengl.GL11C.nglDrawElements(IIIJ)V (0 bytes) @ 0x00007f44f894960a [0x00007f44f89495c0+0x4a]
J 909 C2 rendering.MasterRenderer.renderEntity(Lmodels/Entity;)V (39 bytes) @ 0x00007f44f896b444 [0x00007f44f89697e0+0x1c64]
J 945 C2 rendering.MasterRenderer.render()V (319 bytes) @ 0x00007f44f89863f4 [0x00007f44f8985ee0+0x514]
j  rendering.Game.render()V+4
j  main.Main.main([Ljava/lang/String;)V+27
v  ~StubRoutines::call_stub

---------------  P R O C E S S  ---------------

Java Threads: ( => current thread )
  0x00007f45080d8000 JavaThread "Service Thread" daemon [_thread_blocked, id=15067, stack(0x00007f44dcfe3000,0x00007f44dd0e4000)]
  0x00007f45080cc800 JavaThread "C1 CompilerThread3" daemon [_thread_blocked, id=15066, stack(0x00007f44dd0e5000,0x00007f44dd1e5000)]
  0x00007f45080ca800 JavaThread "C2 CompilerThread2" daemon [_thread_blocked, id=15065, stack(0x00007f44dd1e6000,0x00007f44dd2e6000)]
  0x00007f45080c9000 JavaThread "C2 CompilerThread1" daemon [_thread_blocked, id=15064, stack(0x00007f44dd2e7000,0x00007f44dd3e7000)]
  0x00007f45080c6000 JavaThread "C2 CompilerThread0" daemon [_thread_blocked, id=15063, stack(0x00007f44dd3e8000,0x00007f44dd4e8000)]
  0x00007f45080c4800 JavaThread "Signal Dispatcher" daemon [_thread_blocked, id=15062, stack(0x00007f44dd4e8000,0x00007f44dd5e9000)]
  0x00007f4508091800 JavaThread "Finalizer" daemon [_thread_blocked, id=15061, stack(0x00007f44ddfb8000,0x00007f44de0b9000)]
  0x00007f450808f800 JavaThread "Reference Handler" daemon [_thread_blocked, id=15060, stack(0x00007f44de0b9000,0x00007f44de1ba000)]
=>0x00007f450800b800 JavaThread "main" [_thread_in_native, id=15047, stack(0x00007f450ee59000,0x00007f450ef59000)]

Other Threads:
  0x00007f4508085800 VMThread [stack: 0x00007f44de1bb000,0x00007f44de2bb000] [id=15059]
  0x00007f45080da800 WatcherThread [stack: 0x00007f44dcee3000,0x00007f44dcfe3000] [id=15068]

VM state:not at safepoint (normal execution)

VM Mutex/Monitor currently owned by a thread: None

heap address: 0x00000005ccc00000, size: 7988 MB, Compressed Oops mode: Zero based, Oop shift amount: 3
Narrow klass base: 0x0000000000000000, Narrow klass shift: 3
Compressed class space size: 1073741824 Address: 0x00000007c0000000

Heap:
 PSYoungGen      total 494080K, used 413411K [0x0000000719980000, 0x0000000739900000, 0x00000007c0000000)
  eden space 493568K, 83% used [0x0000000719980000,0x0000000732d00c18,0x0000000737b80000)
  from space 512K, 43% used [0x0000000738f80000,0x0000000738fb8000,0x0000000739000000)
  to   space 8704K, 0% used [0x0000000739080000,0x0000000739080000,0x0000000739900000)
 ParOldGen       total 341504K, used 2368K [0x00000005ccc00000, 0x00000005e1980000, 0x0000000719980000)
  object space 341504K, 0% used [0x00000005ccc00000,0x00000005cce50168,0x00000005e1980000)
 Metaspace       used 9577K, capacity 9833K, committed 10112K, reserved 1058816K
  class space    used 727K, capacity 841K, committed 896K, reserved 1048576K

Card table byte_map: [0x00007f44f725a000,0x00007f44f81f5000] byte_map_base: 0x00007f44f43f4000

Marking Bits: (ParMarkBitMap*) 0x00007f450e0f3360
 Begin Bits: [0x00007f44b0660000, 0x00007f44b8330000)
 End Bits:   [0x00007f44b8330000, 0x00007f44c0000000)

Polling page: 0x00007f450ef74000

CodeCache: size=245760Kb used=4068Kb max_used=4068Kb free=241691Kb
 bounds [0x00007f44f85b5000, 0x00007f44f89b5000, 0x00007f45075b5000]
 total_blobs=1948 nmethods=1042 adapters=821
 compilation: enabled

Compilation events (10 events):
Event: 1.928 Thread 0x00007f45080cc800 nmethod 1036 0x00007f44f89af4d0 code [0x00007f44f89af640, 0x00007f44f89af970]
Event: 1.928 Thread 0x00007f45080cc800 1037       3       java.util.HashMap$Values::iterator (12 bytes)
Event: 1.929 Thread 0x00007f45080cc800 nmethod 1037 0x00007f44f89afad0 code [0x00007f44f89afc40, 0x00007f44f89afea8]
Event: 2.082 Thread 0x00007f45080cc800 1038       3       shaders.BasicShader::setTextured (16 bytes)
Event: 2.082 Thread 0x00007f45080cc800 nmethod 1038 0x00007f44f89aff90 code [0x00007f44f89b0140, 0x00007f44f89b0638]
Event: 2.091 Thread 0x00007f45080cc800 1039       3       shaders.Shader::unbind (5 bytes)
Event: 2.091 Thread 0x00007f45080cc800 nmethod 1039 0x00007f44f89b0810 code [0x00007f44f89b0980, 0x00007f44f89b0b68]
Event: 2.227 Thread 0x00007f45080cc800 1040       3       rendering.Time::getTimeMillis (4 bytes)
Event: 2.227 Thread 0x00007f45080cc800 nmethod 1040 0x00007f44f89b0c50 code [0x00007f44f89b0dc0, 0x00007f44f89b0f10]
Event: 2.228 Thread 0x00007f45080cc800 1041       3       java.lang.Character::valueOf (21 bytes)

GC Heap History (10 events):
Event: 0.869 GC heap before
{Heap before GC invocations=3 (full 0):
 PSYoungGen      total 149504K, used 130960K [0x0000000719980000, 0x000000072bd80000, 0x00000007c0000000)
  eden space 128512K, 100% used [0x0000000719980000,0x0000000721700000,0x0000000721700000)
  from space 20992K, 11% used [0x0000000722b80000,0x0000000722de4050,0x0000000724000000)
  to   space 20992K, 0% used [0x0000000721700000,0x0000000721700000,0x0000000722b80000)
 ParOldGen       total 341504K, used 33K [0x00000005ccc00000, 0x00000005e1980000, 0x0000000719980000)
  object space 341504K, 0% used [0x00000005ccc00000,0x00000005ccc086d0,0x00000005e1980000)
 Metaspace       used 9517K, capacity 9705K, committed 9856K, reserved 1058816K
  class space    used 727K, capacity 841K, committed 896K, reserved 1048576K
Event: 0.870 GC heap after
Heap after GC invocations=3 (full 0):
 PSYoungGen      total 149504K, used 2480K [0x0000000719980000, 0x000000072bd80000, 0x00000007c0000000)
  eden space 128512K, 0% used [0x0000000719980000,0x0000000719980000,0x0000000721700000)
  from space 20992K, 11% used [0x0000000721700000,0x000000072196c050,0x0000000722b80000)
  to   space 20992K, 0% used [0x000000072a900000,0x000000072a900000,0x000000072bd80000)
 ParOldGen       total 341504K, used 41K [0x00000005ccc00000, 0x00000005e1980000, 0x0000000719980000)
  object space 341504K, 0% used [0x00000005ccc00000,0x00000005ccc0a6d0,0x00000005e1980000)
 Metaspace       used 9517K, capacity 9705K, committed 9856K, reserved 1058816K
  class space    used 727K, capacity 841K, committed 896K, reserved 1048576K
}
Event: 0.978 GC heap before
{Heap before GC invocations=4 (full 0):
 PSYoungGen      total 149504K, used 130992K [0x0000000719980000, 0x000000072bd80000, 0x00000007c0000000)
  eden space 128512K, 100% used [0x0000000719980000,0x0000000721700000,0x0000000721700000)
  from space 20992K, 11% used [0x0000000721700000,0x000000072196c050,0x0000000722b80000)
  to   space 20992K, 0% used [0x000000072a900000,0x000000072a900000,0x000000072bd80000)
 ParOldGen       total 341504K, used 41K [0x00000005ccc00000, 0x00000005e1980000, 0x0000000719980000)
  object space 341504K, 0% used [0x00000005ccc00000,0x00000005ccc0a6d0,0x00000005e1980000)
 Metaspace       used 9534K, capacity 9769K, committed 9856K, reserved 1058816K
  class space    used 727K, capacity 841K, committed 896K, reserved 1048576K
Event: 0.980 GC heap after
Heap after GC invocations=4 (full 0):
 PSYoungGen      total 278016K, used 2480K [0x0000000719980000, 0x000000072bd80000, 0x00000007c0000000)
  eden space 257024K, 0% used [0x0000000719980000,0x0000000719980000,0x0000000729480000)
  from space 20992K, 11% used [0x000000072a900000,0x000000072ab6c070,0x000000072bd80000)
  to   space 20992K, 0% used [0x0000000729480000,0x0000000729480000,0x000000072a900000)
 ParOldGen       total 341504K, used 49K [0x00000005ccc00000, 0x00000005e1980000, 0x0000000719980000)
  object space 341504K, 0% used [0x00000005ccc00000,0x00000005ccc0c6d0,0x00000005e1980000)
 Metaspace       used 9534K, capacity 9769K, committed 9856K, reserved 1058816K
  class space    used 727K, capacity 841K, committed 896K, reserved 1048576K
}
Event: 1.211 GC heap before
{Heap before GC invocations=5 (full 0):
 PSYoungGen      total 278016K, used 259504K [0x0000000719980000, 0x000000072bd80000, 0x00000007c0000000)
  eden space 257024K, 100% used [0x0000000719980000,0x0000000729480000,0x0000000729480000)
  from space 20992K, 11% used [0x000000072a900000,0x000000072ab6c070,0x000000072bd80000)
  to   space 20992K, 0% used [0x0000000729480000,0x0000000729480000,0x000000072a900000)
 ParOldGen       total 341504K, used 49K [0x00000005ccc00000, 0x00000005e1980000, 0x0000000719980000)
  object space 341504K, 0% used [0x00000005ccc00000,0x00000005ccc0c6d0,0x00000005e1980000)
 Metaspace       used 9544K, capacity 9769K, committed 9856K, reserved 1058816K
  class space    used 727K, capacity 841K, committed 896K, reserved 1048576K
Event: 1.212 GC heap after
Heap after GC invocations=5 (full 0):
 PSYoungGen      total 278016K, used 2528K [0x0000000719980000, 0x000000073a180000, 0x00000007c0000000)
  eden space 257024K, 0% used [0x0000000719980000,0x0000000719980000,0x0000000729480000)
  from space 20992K, 12% used [0x0000000729480000,0x00000007296f8040,0x000000072a900000)
  to   space 9216K, 0% used [0x0000000739880000,0x0000000739880000,0x000000073a180000)
 ParOldGen       total 341504K, used 57K [0x00000005ccc00000, 0x00000005e1980000, 0x0000000719980000)
  object space 341504K, 0% used [0x00000005ccc00000,0x00000005ccc0e6d0,0x00000005e1980000)
 Metaspace       used 9544K, capacity 9769K, committed 9856K, reserved 1058816K
  class space    used 727K, capacity 841K, committed 896K, reserved 1048576K
}
Event: 1.420 GC heap before
{Heap before GC invocations=6 (full 0):
 PSYoungGen      total 278016K, used 259552K [0x0000000719980000, 0x000000073a180000, 0x00000007c0000000)
  eden space 257024K, 100% used [0x0000000719980000,0x0000000729480000,0x0000000729480000)
  from space 20992K, 12% used [0x0000000729480000,0x00000007296f8040,0x000000072a900000)
  to   space 9216K, 0% used [0x0000000739880000,0x0000000739880000,0x000000073a180000)
 ParOldGen       total 341504K, used 57K [0x00000005ccc00000, 0x00000005e1980000, 0x0000000719980000)
  object space 341504K, 0% used [0x00000005ccc00000,0x00000005ccc0e6d0,0x00000005e1980000)
 Metaspace       used 9556K, capacity 9833K, committed 10112K, reserved 1058816K
  class space    used 727K, capacity 841K, committed 896K, reserved 1048576K
Event: 1.422 GC heap after
Heap after GC invocations=6 (full 0):
 PSYoungGen      total 522240K, used 2464K [0x0000000719980000, 0x000000073a080000, 0x00000007c0000000)
  eden space 514048K, 0% used [0x0000000719980000,0x0000000719980000,0x0000000738f80000)
  from space 8192K, 30% used [0x0000000739880000,0x0000000739ae8040,0x000000073a080000)
  to   space 8704K, 0% used [0x0000000738f80000,0x0000000738f80000,0x0000000739800000)
 ParOldGen       total 341504K, used 65K [0x00000005ccc00000, 0x00000005e1980000, 0x0000000719980000)
  object space 341504K, 0% used [0x00000005ccc00000,0x00000005ccc106d0,0x00000005e1980000)
 Metaspace       used 9556K, capacity 9833K, committed 10112K, reserved 1058816K
  class space    used 727K, capacity 841K, committed 896K, reserved 1048576K
}
Event: 1.886 GC heap before
{Heap before GC invocations=7 (full 0):
 PSYoungGen      total 522240K, used 516512K [0x0000000719980000, 0x000000073a080000, 0x00000007c0000000)
  eden space 514048K, 100% used [0x0000000719980000,0x0000000738f80000,0x0000000738f80000)
  from space 8192K, 30% used [0x0000000739880000,0x0000000739ae8040,0x000000073a080000)
  to   space 8704K, 0% used [0x0000000738f80000,0x0000000738f80000,0x0000000739800000)
 ParOldGen       total 341504K, used 65K [0x00000005ccc00000, 0x00000005e1980000, 0x0000000719980000)
  object space 341504K, 0% used [0x00000005ccc00000,0x00000005ccc106d0,0x00000005e1980000)
 Metaspace       used 9573K, capacity 9833K, committed 10112K, reserved 1058816K
  class space    used 727K, capacity 841K, committed 896K, reserved 1048576K
Event: 1.888 GC heap after
Heap after GC invocations=7 (full 0):
 PSYoungGen      total 494080K, used 224K [0x0000000719980000, 0x0000000739900000, 0x00000007c0000000)
  eden space 493568K, 0% used [0x0000000719980000,0x0000000719980000,0x0000000737b80000)
  from space 512K, 43% used [0x0000000738f80000,0x0000000738fb8000,0x0000000739000000)
  to   space 8704K, 0% used [0x0000000739080000,0x0000000739080000,0x0000000739900000)
 ParOldGen       total 341504K, used 2368K [0x00000005ccc00000, 0x00000005e1980000, 0x0000000719980000)
  object space 341504K, 0% used [0x00000005ccc00000,0x00000005cce50168,0x00000005e1980000)
 Metaspace       used 9573K, capacity 9833K, committed 10112K, reserved 1058816K
  class space    used 727K, capacity 841K, committed 896K, reserved 1048576K
}

Deoptimization events (10 events):
Event: 0.524 Thread 0x00007f450800b800 Uncommon trap: reason=class_check action=maybe_recompile pc=0x00007f44f88adc88 method=sun.misc.FloatingDecimal.parseFloat(Ljava/lang/String;)F @ 4
Event: 0.544 Thread 0x00007f450800b800 Uncommon trap: reason=class_check action=maybe_recompile pc=0x00007f44f88adc88 method=sun.misc.FloatingDecimal.parseFloat(Ljava/lang/String;)F @ 4
Event: 0.558 Thread 0x00007f450800b800 Uncommon trap: reason=class_check action=maybe_recompile pc=0x00007f44f88adc88 method=sun.misc.FloatingDecimal.parseFloat(Ljava/lang/String;)F @ 4
Event: 0.558 Thread 0x00007f450800b800 Uncommon trap: reason=class_check action=maybe_recompile pc=0x00007f44f88adc88 method=sun.misc.FloatingDecimal.parseFloat(Ljava/lang/String;)F @ 4
Event: 0.701 Thread 0x00007f450800b800 Uncommon trap: reason=unstable_if action=reinterpret pc=0x00007f44f8919fbc method=java.util.ArrayList$Itr.hasNext()Z @ 11
Event: 0.738 Thread 0x00007f450800b800 Uncommon trap: reason=unstable_if action=reinterpret pc=0x00007f44f88d0df8 method=sun.misc.FloatingDecimal$ASCIIToBinaryBuffer.floatValue()F @ 65
Event: 0.779 Thread 0x00007f450800b800 Uncommon trap: reason=bimorphic action=maybe_recompile pc=0x00007f44f894b8c0 method=models.Entity.update()V @ 4
Event: 0.780 Thread 0x00007f450800b800 Uncommon trap: reason=bimorphic action=maybe_recompile pc=0x00007f44f894b8c0 method=models.Entity.update()V @ 4
Event: 0.780 Thread 0x00007f450800b800 Uncommon trap: reason=bimorphic action=maybe_recompile pc=0x00007f44f894b8c0 method=models.Entity.update()V @ 4
Event: 0.780 Thread 0x00007f450800b800 Uncommon trap: reason=bimorphic action=maybe_recompile pc=0x00007f44f894b8c0 method=models.Entity.update()V @ 4

Classes redefined (0 events):
No events

Internal exceptions (10 events):
Event: 0.101 Thread 0x00007f450800b800 Exception <a 'java/security/PrivilegedActionException'> (0x0000000719f812a0) thrown at [/build/openjdk-8-OqY7zN/openjdk-8-8u222-b10/src/hotspot/src/share/vm/prims/jvm.cpp, line 1502]
Event: 0.101 Thread 0x00007f450800b800 Exception <a 'java/security/PrivilegedActionException'> (0x0000000719f814b0) thrown at [/build/openjdk-8-OqY7zN/openjdk-8-8u222-b10/src/hotspot/src/share/vm/prims/jvm.cpp, line 1502]
Event: 0.101 Thread 0x00007f450800b800 Exception <a 'java/security/PrivilegedActionException'> (0x0000000719f83538) thrown at [/build/openjdk-8-OqY7zN/openjdk-8-8u222-b10/src/hotspot/src/share/vm/prims/jvm.cpp, line 1502]
Event: 0.101 Thread 0x00007f450800b800 Exception <a 'java/security/PrivilegedActionException'> (0x0000000719f83748) thrown at [/build/openjdk-8-OqY7zN/openjdk-8-8u222-b10/src/hotspot/src/share/vm/prims/jvm.cpp, line 1502]
Event: 0.101 Thread 0x00007f450800b800 Exception <a 'java/security/PrivilegedActionException'> (0x0000000719f84220) thrown at [/build/openjdk-8-OqY7zN/openjdk-8-8u222-b10/src/hotspot/src/share/vm/prims/jvm.cpp, line 1502]
Event: 0.101 Thread 0x00007f450800b800 Exception <a 'java/security/PrivilegedActionException'> (0x0000000719f84430) thrown at [/build/openjdk-8-OqY7zN/openjdk-8-8u222-b10/src/hotspot/src/share/vm/prims/jvm.cpp, line 1502]
Event: 0.108 Thread 0x00007f450800b800 Exception <a 'sun/nio/fs/UnixException'> (0x0000000719fb2178) thrown at [/build/openjdk-8-OqY7zN/openjdk-8-8u222-b10/src/hotspot/src/share/vm/prims/jni.cpp, line 710]
Event: 0.111 Thread 0x00007f450800b800 Exception <a 'sun/nio/fs/UnixException'> (0x0000000719fc26f8) thrown at [/build/openjdk-8-OqY7zN/openjdk-8-8u222-b10/src/hotspot/src/share/vm/prims/jni.cpp, line 710]
Event: 0.217 Thread 0x00007f450800b800 Exception <a 'sun/nio/fs/UnixException'> (0x000000071a1005d8) thrown at [/build/openjdk-8-OqY7zN/openjdk-8-8u222-b10/src/hotspot/src/share/vm/prims/jni.cpp, line 710]
Event: 0.218 Thread 0x00007f450800b800 Exception <a 'sun/nio/fs/UnixException'> (0x000000071a1086e0) thrown at [/build/openjdk-8-OqY7zN/openjdk-8-8u222-b10/src/hotspot/src/share/vm/prims/jni.cpp, line 710]

Events (10 events):
Event: 0.978 Executing VM operation: ParallelGCFailedAllocation
Event: 0.980 Executing VM operation: ParallelGCFailedAllocation done
Event: 1.040 Thread 0x00007f450800b800 DEOPT PACKING pc=0x00007f44f897c3e8 sp=0x00007f450ef57800
Event: 1.040 Thread 0x00007f450800b800 DEOPT UNPACKING pc=0x00007f44f85fc4c4 sp=0x00007f450ef575b8 mode 0
Event: 1.211 Executing VM operation: ParallelGCFailedAllocation
Event: 1.212 Executing VM operation: ParallelGCFailedAllocation done
Event: 1.420 Executing VM operation: ParallelGCFailedAllocation
Event: 1.422 Executing VM operation: ParallelGCFailedAllocation done
Event: 1.886 Executing VM operation: ParallelGCFailedAllocation
Event: 1.888 Executing VM operation: ParallelGCFailedAllocation done


Dynamic libraries:
414e4000-414e6000 r-xs 00000000 103:02 15728652                          /tmp/.gl4BCPyH (deleted)
41695000-41744000 rw-p 00000000 00:00 0 
5ccc00000-5e1980000 rw-p 00000000 00:00 0 
5e1980000-719980000 ---p 00000000 00:00 0 
719980000-739900000 rw-p 00000000 00:00 0 
739900000-7c0000000 ---p 00000000 00:00 0 
7c0000000-7c00e0000 rw-p 00000000 00:00 0 
7c00e0000-800000000 ---p 00000000 00:00 0 
55f2102d4000-55f2102d5000 r-xp 00000000 103:02 9838898                   /usr/lib/jvm/java-8-openjdk-amd64/jre/bin/java
55f2104d4000-55f2104d5000 r--p 00000000 103:02 9838898                   /usr/lib/jvm/java-8-openjdk-amd64/jre/bin/java
55f2104d5000-55f2104d6000 rw-p 00001000 103:02 9838898                   /usr/lib/jvm/java-8-openjdk-amd64/jre/bin/java
55f2114f1000-55f211512000 rw-p 00000000 00:00 0                          [heap]
7f4450000000-7f4450021000 rw-p 00000000 00:00 0 
7f4450021000-7f4454000000 ---p 00000000 00:00 0 
7f4454000000-7f4454021000 rw-p 00000000 00:00 0 
7f4454021000-7f4458000000 ---p 00000000 00:00 0 
7f4458000000-7f4458021000 rw-p 00000000 00:00 0 
7f4458021000-7f445c000000 ---p 00000000 00:00 0 
7f445c000000-7f445c021000 rw-p 00000000 00:00 0 
7f445c021000-7f4460000000 ---p 00000000 00:00 0 
7f4460000000-7f4460021000 rw-p 00000000 00:00 0 
7f4460021000-7f4464000000 ---p 00000000 00:00 0 
7f4464000000-7f4464021000 rw-p 00000000 00:00 0 
7f4464021000-7f4468000000 ---p 00000000 00:00 0 
7f4468000000-7f4468021000 rw-p 00000000 00:00 0 
7f4468021000-7f446c000000 ---p 00000000 00:00 0 
7f446c000000-7f446c021000 rw-p 00000000 00:00 0 
7f446c021000-7f4470000000 ---p 00000000 00:00 0 
7f4470000000-7f4470021000 rw-p 00000000 00:00 0 
7f4470021000-7f4474000000 ---p 00000000 00:00 0 
7f44749fa000-7f4474dfa000 rw-s 00000000 00:06 583                        /dev/nvidiactl
7f4474dfa000-7f4474ffa000 rw-s 00000000 00:06 583                        /dev/nvidiactl
7f44751fa000-7f44753fa000 rw-s 00000000 00:06 583                        /dev/nvidiactl
7f44753fa000-7f44757fb000 rw-p 00000000 00:00 0 
7f44757fb000-7f44757fc000 ---p 00000000 00:00 0 
7f44757fc000-7f4475ffc000 rw-p 00000000 00:00 0 
7f4475ffc000-7f4475ffd000 ---p 00000000 00:00 0 
7f4475ffd000-7f44767fd000 rw-p 00000000 00:00 0 
7f44767fd000-7f44767fe000 ---p 00000000 00:00 0 
7f44767fe000-7f4476ffe000 rw-p 00000000 00:00 0 
7f4476ffe000-7f4476fff000 ---p 00000000 00:00 0 
7f4476fff000-7f44777ff000 rw-p 00000000 00:00 0 
7f44777ff000-7f4477800000 ---p 00000000 00:00 0 
7f4477800000-7f4478000000 rw-p 00000000 00:00 0 
7f4478000000-7f4478021000 rw-p 00000000 00:00 0 
7f4478021000-7f447c000000 ---p 00000000 00:00 0 
7f447c000000-7f447c021000 rw-p 00000000 00:00 0 
7f447c021000-7f4480000000 ---p 00000000 00:00 0 
7f4480000000-7f4480021000 rw-p 00000000 00:00 0 
7f4480021000-7f4484000000 ---p 00000000 00:00 0 
7f4484000000-7f4484021000 rw-p 00000000 00:00 0 
7f4484021000-7f4488000000 ---p 00000000 00:00 0 
7f44881f9000-7f44885f9000 rw-s 00000000 00:06 583                        /dev/nvidiactl
7f44885f9000-7f44887f9000 rw-s 00000000 00:06 583                        /dev/nvidiactl
7f44887f9000-7f44887fa000 ---p 00000000 00:00 0 
7f44887fa000-7f4488ffa000 rw-p 00000000 00:00 0 
7f4488ffa000-7f4488ffb000 ---p 00000000 00:00 0 
7f4488ffb000-7f44897fb000 rw-p 00000000 00:00 0 
7f44897fb000-7f44897fc000 ---p 00000000 00:00 0 
7f44897fc000-7f4489ffc000 rw-p 00000000 00:00 0 
7f4489ffc000-7f4489ffd000 ---p 00000000 00:00 0 
7f4489ffd000-7f448a7fd000 rw-p 00000000 00:00 0 
7f448a7fd000-7f448a7fe000 ---p 00000000 00:00 0 
7f448a7fe000-7f448affe000 rw-p 00000000 00:00 0 
7f448affe000-7f448afff000 ---p 00000000 00:00 0 
7f448afff000-7f448b7ff000 rw-p 00000000 00:00 0 
7f448b7ff000-7f448b800000 ---p 00000000 00:00 0 
7f448b800000-7f448c000000 rw-p 00000000 00:00 0 
7f448c000000-7f448c335000 rw-p 00000000 00:00 0 
7f448c335000-7f4490000000 ---p 00000000 00:00 0 
7f4490000000-7f4490021000 rw-p 00000000 00:00 0 
7f4490021000-7f4494000000 ---p 00000000 00:00 0 
7f4494000000-7f4494548000 rw-p 00000000 00:00 0 
7f4494548000-7f4498000000 ---p 00000000 00:00 0 
7f4498000000-7f44985ae000 rw-p 00000000 00:00 0 
7f44985ae000-7f449c000000 ---p 00000000 00:00 0 
7f449c000000-7f449c021000 rw-p 00000000 00:00 0 
7f449c021000-7f44a0000000 ---p 00000000 00:00 0 
7f44a0000000-7f44a0b2b000 rw-p 00000000 00:00 0 
7f44a0b2b000-7f44a4000000 ---p 00000000 00:00 0 
7f44a4000000-7f44a4021000 rw-p 00000000 00:00 0 
7f44a4021000-7f44a8000000 ---p 00000000 00:00 0 
7f44a8000000-7f44a8021000 rw-p 00000000 00:00 0 
7f44a8021000-7f44ac000000 ---p 00000000 00:00 0 
7f44ac000000-7f44ac021000 rw-p 00000000 00:00 0 
7f44ac021000-7f44b0000000 ---p 00000000 00:00 0 
7f44b0000000-7f44b0100000 rw-p 00000000 00:00 0 
7f44b0100000-7f44b0200000 ---p 00000000 00:00 0 
7f44b0200000-7f44b0258000 r-xp 00000000 103:02 15990858                  /tmp/lwjglsam/3.2.3-build-13/liblwjgl_opengl.so
7f44b0258000-7f44b0457000 ---p 00058000 103:02 15990858                  /tmp/lwjglsam/3.2.3-build-13/liblwjgl_opengl.so
7f44b0457000-7f44b0458000 r--p 00057000 103:02 15990858                  /tmp/lwjglsam/3.2.3-build-13/liblwjgl_opengl.so
7f44b0458000-7f44b0459000 rw-p 00058000 103:02 15990858                  /tmp/lwjglsam/3.2.3-build-13/liblwjgl_opengl.so
7f44b0459000-7f44b045e000 r-xp 00000000 103:02 9839193                   /usr/lib/x86_64-linux-gnu/libxcb-sync.so.1.0.0
7f44b045e000-7f44b065e000 ---p 00005000 103:02 9839193                   /usr/lib/x86_64-linux-gnu/libxcb-sync.so.1.0.0
7f44b065e000-7f44b065f000 r--p 00005000 103:02 9839193                   /usr/lib/x86_64-linux-gnu/libxcb-sync.so.1.0.0
7f44b065f000-7f44b0660000 rw-p 00006000 103:02 9839193                   /usr/lib/x86_64-linux-gnu/libxcb-sync.so.1.0.0
7f44b0660000-7f44c0000000 rw-p 00000000 00:00 0 
7f44c0000000-7f44c0021000 rw-p 00000000 00:00 0 
7f44c0021000-7f44c4000000 ---p 00000000 00:00 0 
7f44c4000000-7f44c4021000 rw-p 00000000 00:00 0 
7f44c4021000-7f44c8000000 ---p 00000000 00:00 0 
7f44c8000000-7f44c8021000 rw-p 00000000 00:00 0 
7f44c8021000-7f44cc000000 ---p 00000000 00:00 0 
7f44cc0aa000-7f44cc0ea000 rw-s 00000000 08:01 16256612                   /home/sam/#16256612 (deleted)
7f44cc0ea000-7f44cc12a000 r-xs 00000000 08:01 16256612                   /home/sam/#16256612 (deleted)
7f44cc12a000-7f44cc12c000 r-xp 00000000 103:02 9839185                   /usr/lib/x86_64-linux-gnu/libxcb-present.so.0.0.0
7f44cc12c000-7f44cc32b000 ---p 00002000 103:02 9839185                   /usr/lib/x86_64-linux-gnu/libxcb-present.so.0.0.0
7f44cc32b000-7f44cc32c000 r--p 00001000 103:02 9839185                   /usr/lib/x86_64-linux-gnu/libxcb-present.so.0.0.0
7f44cc32c000-7f44cc32d000 rw-p 00002000 103:02 9839185                   /usr/lib/x86_64-linux-gnu/libxcb-present.so.0.0.0
7f44cc32d000-7f44cc330000 r-xp 00000000 103:02 9839181                   /usr/lib/x86_64-linux-gnu/libxcb-dri3.so.0.0.0
7f44cc330000-7f44cc52f000 ---p 00003000 103:02 9839181                   /usr/lib/x86_64-linux-gnu/libxcb-dri3.so.0.0.0
7f44cc52f000-7f44cc530000 r--p 00002000 103:02 9839181                   /usr/lib/x86_64-linux-gnu/libxcb-dri3.so.0.0.0
7f44cc530000-7f44cc531000 rw-p 00003000 103:02 9839181                   /usr/lib/x86_64-linux-gnu/libxcb-dri3.so.0.0.0
7f44cc531000-7f44cc549000 r-xp 00000000 103:02 9839183                   /usr/lib/x86_64-linux-gnu/libxcb-glx.so.0.0.0
7f44cc549000-7f44cc749000 ---p 00018000 103:02 9839183                   /usr/lib/x86_64-linux-gnu/libxcb-glx.so.0.0.0
7f44cc749000-7f44cc74b000 r--p 00018000 103:02 9839183                   /usr/lib/x86_64-linux-gnu/libxcb-glx.so.0.0.0
7f44cc74b000-7f44cc74c000 rw-p 0001a000 103:02 9839183                   /usr/lib/x86_64-linux-gnu/libxcb-glx.so.0.0.0
7f44cc766000-7f44cc7e6000 rw-s 00000000 00:06 583                        /dev/nvidiactl
7f44cc8e6000-7f44cc8f9000 rw-s 00000000 00:06 583                        /dev/nvidiactl
7f44cc8f9000-7f44cc939000 rw-s 00000000 00:06 583                        /dev/nvidiactl
7f44cc939000-7f44cc959000 rw-s 00000000 00:06 583                        /dev/nvidiactl
7f44cc959000-7f44cc999000 rw-s 00000000 00:06 583                        /dev/nvidiactl
7f44cc999000-7f44cc9d9000 rw-s 00000000 00:06 583                        /dev/nvidiactl
7f44cc9d9000-7f44cc9e9000 r-xp 00000000 103:02 9840432                   /usr/lib/x86_64-linux-gnu/libdrm.so.2.4.0
7f44cc9e9000-7f44ccbe8000 ---p 00010000 103:02 9840432                   /usr/lib/x86_64-linux-gnu/libdrm.so.2.4.0
7f44ccbe8000-7f44ccbe9000 r--p 0000f000 103:02 9840432                   /usr/lib/x86_64-linux-gnu/libdrm.so.2.4.0
7f44ccbe9000-7f44ccbea000 rw-p 00010000 103:02 9840432                   /usr/lib/x86_64-linux-gnu/libdrm.so.2.4.0
7f44ccbea000-7f44cdec5000 r-xp 00000000 103:02 9840523                   /usr/lib/x86_64-linux-gnu/libnvidia-glcore.so.440.31
7f44cdec5000-7f44cdee6000 rwxp 012db000 103:02 9840523                   /usr/lib/x86_64-linux-gnu/libnvidia-glcore.so.440.31
7f44cdee6000-7f44ce3f7000 r-xp 012fc000 103:02 9840523                   /usr/lib/x86_64-linux-gnu/libnvidia-glcore.so.440.31
7f44ce3f7000-7f44ce5f6000 ---p 0180d000 103:02 9840523                   /usr/lib/x86_64-linux-gnu/libnvidia-glcore.so.440.31
7f44ce5f6000-7f44ce93c000 rw-p 0180c000 103:02 9840523                   /usr/lib/x86_64-linux-gnu/libnvidia-glcore.so.440.31
7f44ce93c000-7f44ce958000 rw-p 00000000 00:00 0 
7f44ce958000-7f44ce95b000 r-xp 00000000 103:02 9840527                   /usr/lib/x86_64-linux-gnu/libnvidia-tls.so.440.31
7f44ce95b000-7f44ceb5b000 ---p 00003000 103:02 9840527                   /usr/lib/x86_64-linux-gnu/libnvidia-tls.so.440.31
7f44ceb5b000-7f44ceb5c000 rw-p 00003000 103:02 9840527                   /usr/lib/x86_64-linux-gnu/libnvidia-tls.so.440.31
7f44ceb5c000-7f44cec05000 r-xp 00000000 103:02 9840520                   /usr/lib/x86_64-linux-gnu/libGLX_nvidia.so.440.31
7f44cec05000-7f44cec3a000 rwxp 000a9000 103:02 9840520                   /usr/lib/x86_64-linux-gnu/libGLX_nvidia.so.440.31
7f44cec3a000-7f44cec49000 r-xp 000de000 103:02 9840520                   /usr/lib/x86_64-linux-gnu/libGLX_nvidia.so.440.31
7f44cec49000-7f44cee48000 ---p 000ed000 103:02 9840520                   /usr/lib/x86_64-linux-gnu/libGLX_nvidia.so.440.31
7f44cee48000-7f44cee6c000 rw-p 000ec000 103:02 9840520                   /usr/lib/x86_64-linux-gnu/libGLX_nvidia.so.440.31
7f44cee6c000-7f44cee6e000 rw-p 00000000 00:00 0 
7f44cee6e000-7f44ceeb0000 r-xp 00000000 103:02 9837994                   /usr/lib/x86_64-linux-gnu/libGLdispatch.so.0.0.0
7f44ceeb0000-7f44ceec9000 r-xp 00042000 103:02 9837994                   /usr/lib/x86_64-linux-gnu/libGLdispatch.so.0.0.0
7f44ceec9000-7f44ceedc000 r-xp 0005b000 103:02 9837994                   /usr/lib/x86_64-linux-gnu/libGLdispatch.so.0.0.0
7f44ceedc000-7f44cf0db000 ---p 0006e000 103:02 9837994                   /usr/lib/x86_64-linux-gnu/libGLdispatch.so.0.0.0
7f44cf0db000-7f44cf103000 r--p 0006d000 103:02 9837994                   /usr/lib/x86_64-linux-gnu/libGLdispatch.so.0.0.0
7f44cf103000-7f44cf104000 rw-p 00095000 103:02 9837994                   /usr/lib/x86_64-linux-gnu/libGLdispatch.so.0.0.0
7f44cf104000-7f44cf124000 rw-p 00000000 00:00 0 
7f44cf124000-7f44cf134000 r-xp 00000000 103:02 9837992                   /usr/lib/x86_64-linux-gnu/libGLX.so.0.0.0
7f44cf134000-7f44cf333000 ---p 00010000 103:02 9837992                   /usr/lib/x86_64-linux-gnu/libGLX.so.0.0.0
7f44cf333000-7f44cf334000 r--p 0000f000 103:02 9837992                   /usr/lib/x86_64-linux-gnu/libGLX.so.0.0.0
7f44cf334000-7f44cf335000 rw-p 00010000 103:02 9837992                   /usr/lib/x86_64-linux-gnu/libGLX.so.0.0.0
7f44cf335000-7f44cf355000 rw-p 00000000 00:00 0 
7f44cf355000-7f44cf399000 r-xp 00000000 103:02 9837986                   /usr/lib/x86_64-linux-gnu/libGL.so.1.0.0
7f44cf399000-7f44cf3b2000 r-xp 00044000 103:02 9837986                   /usr/lib/x86_64-linux-gnu/libGL.so.1.0.0
7f44cf3b2000-7f44cf3c6000 r-xp 0005d000 103:02 9837986                   /usr/lib/x86_64-linux-gnu/libGL.so.1.0.0
7f44cf3c6000-7f44cf5c5000 ---p 00071000 103:02 9837986                   /usr/lib/x86_64-linux-gnu/libGL.so.1.0.0
7f44cf5c5000-7f44cf5df000 r--p 00070000 103:02 9837986                   /usr/lib/x86_64-linux-gnu/libGL.so.1.0.0
7f44cf5df000-7f44cf5e0000 rw-p 0008a000 103:02 9837986                   /usr/lib/x86_64-linux-gnu/libGL.so.1.0.0
7f44cf5e0000-7f44cf5e1000 rw-p 00000000 00:00 0 
7f44cf5e1000-7f44cf5e2000 r-xp 00000000 103:02 9840453                   /usr/lib/x86_64-linux-gnu/libX11-xcb.so.1.0.0
7f44cf5e2000-7f44cf7e1000 ---p 00001000 103:02 9840453                   /usr/lib/x86_64-linux-gnu/libX11-xcb.so.1.0.0
7f44cf7e1000-7f44cf7e2000 r--p 00000000 103:02 9840453                   /usr/lib/x86_64-linux-gnu/libX11-xcb.so.1.0.0
7f44cf7e2000-7f44cf7e3000 rw-p 00001000 103:02 9840453                   /usr/lib/x86_64-linux-gnu/libX11-xcb.so.1.0.0
7f44cf7e3000-7f44cf7e5000 r-xp 00000000 103:02 9838067                   /usr/lib/x86_64-linux-gnu/libXinerama.so.1.0.0
7f44cf7e5000-7f44cf9e4000 ---p 00002000 103:02 9838067                   /usr/lib/x86_64-linux-gnu/libXinerama.so.1.0.0
7f44cf9e4000-7f44cf9e5000 r--p 00001000 103:02 9838067                   /usr/lib/x86_64-linux-gnu/libXinerama.so.1.0.0
7f44cf9e5000-7f44cf9e6000 rw-p 00002000 103:02 9838067                   /usr/lib/x86_64-linux-gnu/libXinerama.so.1.0.0
7f44cf9e6000-7f44cf9eb000 r-xp 00000000 103:02 9838059                   /usr/lib/x86_64-linux-gnu/libXfixes.so.3.1.0
7f44cf9eb000-7f44cfbea000 ---p 00005000 103:02 9838059                   /usr/lib/x86_64-linux-gnu/libXfixes.so.3.1.0
7f44cfbea000-7f44cfbeb000 r--p 00004000 103:02 9838059                   /usr/lib/x86_64-linux-gnu/libXfixes.so.3.1.0
7f44cfbeb000-7f44cfbec000 rw-p 00005000 103:02 9838059                   /usr/lib/x86_64-linux-gnu/libXfixes.so.3.1.0
7f44cfbec000-7f44cfbf5000 r-xp 00000000 103:02 9838051                   /usr/lib/x86_64-linux-gnu/libXcursor.so.1.0.2
7f44cfbf5000-7f44cfdf4000 ---p 00009000 103:02 9838051                   /usr/lib/x86_64-linux-gnu/libXcursor.so.1.0.2
7f44cfdf4000-7f44cfdf5000 r--p 00008000 103:02 9838051                   /usr/lib/x86_64-linux-gnu/libXcursor.so.1.0.2
7f44cfdf5000-7f44cfdf6000 rw-p 00009000 103:02 9838051                   /usr/lib/x86_64-linux-gnu/libXcursor.so.1.0.2
7f44cfdf6000-7f44cfdff000 r-xp 00000000 103:02 9838077                   /usr/lib/x86_64-linux-gnu/libXrender.so.1.3.0
7f44cfdff000-7f44cfffe000 ---p 00009000 103:02 9838077                   /usr/lib/x86_64-linux-gnu/libXrender.so.1.3.0
7f44cfffe000-7f44cffff000 r--p 00008000 103:02 9838077                   /usr/lib/x86_64-linux-gnu/libXrender.so.1.3.0
7f44cffff000-7f44d0000000 rw-p 00009000 103:02 9838077                   /usr/lib/x86_64-linux-gnu/libXrender.so.1.3.0
7f44d0000000-7f44d0021000 rw-p 00000000 00:00 0 
7f44d0021000-7f44d4000000 ---p 00000000 00:00 0 
7f44d4008000-7f44d41ad000 rw-s 00000000 00:06 583                        /dev/nvidiactl
7f44d41ad000-7f44d41b7000 r-xp 00000000 103:02 9838075                   /usr/lib/x86_64-linux-gnu/libXrandr.so.2.2.0
7f44d41b7000-7f44d43b6000 ---p 0000a000 103:02 9838075                   /usr/lib/x86_64-linux-gnu/libXrandr.so.2.2.0
7f44d43b6000-7f44d43b7000 r--p 00009000 103:02 9838075                   /usr/lib/x86_64-linux-gnu/libXrandr.so.2.2.0
7f44d43b7000-7f44d43b8000 rw-p 0000a000 103:02 9838075                   /usr/lib/x86_64-linux-gnu/libXrandr.so.2.2.0
7f44d43b8000-7f44d43c7000 r-xp 00000000 103:02 9838065                   /usr/lib/x86_64-linux-gnu/libXi.so.6.1.0
7f44d43c7000-7f44d45c6000 ---p 0000f000 103:02 9838065                   /usr/lib/x86_64-linux-gnu/libXi.so.6.1.0
7f44d45c6000-7f44d45c7000 r--p 0000e000 103:02 9838065                   /usr/lib/x86_64-linux-gnu/libXi.so.6.1.0
7f44d45c7000-7f44d45c8000 rw-p 0000f000 103:02 9838065                   /usr/lib/x86_64-linux-gnu/libXi.so.6.1.0
7f44d45c8000-7f44d45d9000 r-xp 00000000 103:02 9838057                   /usr/lib/x86_64-linux-gnu/libXext.so.6.4.0
7f44d45d9000-7f44d47d8000 ---p 00011000 103:02 9838057                   /usr/lib/x86_64-linux-gnu/libXext.so.6.4.0
7f44d47d8000-7f44d47d9000 r--p 00010000 103:02 9838057                   /usr/lib/x86_64-linux-gnu/libXext.so.6.4.0
7f44d47d9000-7f44d47da000 rw-p 00011000 103:02 9838057                   /usr/lib/x86_64-linux-gnu/libXext.so.6.4.0
7f44d47da000-7f44d47df000 r-xp 00000000 103:02 9838093                   /usr/lib/x86_64-linux-gnu/libXxf86vm.so.1.0.0
7f44d47df000-7f44d49de000 ---p 00005000 103:02 9838093                   /usr/lib/x86_64-linux-gnu/libXxf86vm.so.1.0.0
7f44d49de000-7f44d49df000 r--p 00004000 103:02 9838093                   /usr/lib/x86_64-linux-gnu/libXxf86vm.so.1.0.0
7f44d49df000-7f44d49e0000 rw-p 00005000 103:02 9838093                   /usr/lib/x86_64-linux-gnu/libXxf86vm.so.1.0.0
7f44d49e0000-7f44d49f3000 r-xp 00000000 103:02 22942382                  /lib/x86_64-linux-gnu/libbsd.so.0.8.7
7f44d49f3000-7f44d4bf2000 ---p 00013000 103:02 22942382                  /lib/x86_64-linux-gnu/libbsd.so.0.8.7
7f44d4bf2000-7f44d4bf3000 r--p 00012000 103:02 22942382                  /lib/x86_64-linux-gnu/libbsd.so.0.8.7
7f44d4bf3000-7f44d4bf4000 rw-p 00013000 103:02 22942382                  /lib/x86_64-linux-gnu/libbsd.so.0.8.7
7f44d4bf4000-7f44d4bf5000 rw-p 00000000 00:00 0 
7f44d4bf5000-7f44d4bfa000 r-xp 00000000 103:02 9838055                   /usr/lib/x86_64-linux-gnu/libXdmcp.so.6.0.0
7f44d4bfa000-7f44d4df9000 ---p 00005000 103:02 9838055                   /usr/lib/x86_64-linux-gnu/libXdmcp.so.6.0.0
7f44d4df9000-7f44d4dfa000 r--p 00004000 103:02 9838055                   /usr/lib/x86_64-linux-gnu/libXdmcp.so.6.0.0
7f44d4dfa000-7f44d4dfb000 rw-p 00005000 103:02 9838055                   /usr/lib/x86_64-linux-gnu/libXdmcp.so.6.0.0
7f44d4dfb000-7f44d4dfd000 r-xp 00000000 103:02 9838044                   /usr/lib/x86_64-linux-gnu/libXau.so.6.0.0
7f44d4dfd000-7f44d4ffd000 ---p 00002000 103:02 9838044                   /usr/lib/x86_64-linux-gnu/libXau.so.6.0.0
7f44d4ffd000-7f44d4ffe000 r--p 00002000 103:02 9838044                   /usr/lib/x86_64-linux-gnu/libXau.so.6.0.0
7f44d4ffe000-7f44d4fff000 rw-p 00003000 103:02 9838044                   /usr/lib/x86_64-linux-gnu/libXau.so.6.0.0
7f44d4fff000-7f44d8000000 rw-p 00000000 00:00 0 
7f44d8000000-7f44d8021000 rw-p 00000000 00:00 0 
7f44d8021000-7f44dc000000 ---p 00000000 00:00 0 
7f44dc005000-7f44dc006000 r-xp 00000000 00:00 0 
7f44dc006000-7f44dc009000 rw-s 00000000 00:06 583                        /dev/nvidiactl
7f44dc009000-7f44dc029000 rw-s 00000000 00:06 583                        /dev/nvidiactl
7f44dc049000-7f44dc06f000 r-xp 00000000 103:02 9840409                   /usr/lib/x86_64-linux-gnu/libxcb.so.1.1.0
7f44dc06f000-7f44dc26f000 ---p 00026000 103:02 9840409                   /usr/lib/x86_64-linux-gnu/libxcb.so.1.1.0
7f44dc26f000-7f44dc270000 r--p 00026000 103:02 9840409                   /usr/lib/x86_64-linux-gnu/libxcb.so.1.1.0
7f44dc270000-7f44dc271000 rw-p 00027000 103:02 9840409                   /usr/lib/x86_64-linux-gnu/libxcb.so.1.1.0
7f44dc271000-7f44dc3a4000 r-xp 00000000 103:02 9839217                   /usr/lib/x86_64-linux-gnu/libX11.so.6.3.0
7f44dc3a4000-7f44dc5a4000 ---p 00133000 103:02 9839217                   /usr/lib/x86_64-linux-gnu/libX11.so.6.3.0
7f44dc5a4000-7f44dc5a5000 r--p 00133000 103:02 9839217                   /usr/lib/x86_64-linux-gnu/libX11.so.6.3.0
7f44dc5a5000-7f44dc5a9000 rw-p 00134000 103:02 9839217                   /usr/lib/x86_64-linux-gnu/libX11.so.6.3.0
7f44dc5a9000-7f44dc5ab000 rw-s 00000000 103:02 15728652                  /tmp/.gl4BCPyH (deleted)
7f44dc5af000-7f44dc5b0000 rw-s 00000000 00:06 584                        /dev/nvidia0
7f44dc5b0000-7f44dc5b2000 rw-s 00000000 00:06 583                        /dev/nvidiactl
7f44dc5b2000-7f44dc5b6000 rw-s 00000000 00:06 583                        /dev/nvidiactl
7f44dc5b6000-7f44dc5b7000 rw-s 00000000 00:06 584                        /dev/nvidia0
7f44dc5b7000-7f44dc5b8000 rw-s 00000000 00:06 584                        /dev/nvidia0
7f44dc5b8000-7f44dc5b9000 rw-s 00000000 00:06 584                        /dev/nvidia0
7f44dc5b9000-7f44dc5ba000 rw-s 00000000 00:06 583                        /dev/nvidiactl
7f44dc5ba000-7f44dc5bb000 rw-s 00000000 00:06 583                        /dev/nvidiactl
7f44dc5bb000-7f44dc5bc000 rw-s 00000000 00:06 583                        /dev/nvidiactl
7f44dc5bc000-7f44dc5c3000 r--s 00000000 103:02 10095718                  /usr/lib/x86_64-linux-gnu/gconv/gconv-modules.cache
7f44dc5c3000-7f44dc606000 r-xp 00000000 103:02 15990857                  /tmp/lwjglsam/3.2.3-build-13/libglfw.so
7f44dc606000-7f44dc805000 ---p 00043000 103:02 15990857                  /tmp/lwjglsam/3.2.3-build-13/libglfw.so
7f44dc805000-7f44dc806000 r--p 00042000 103:02 15990857                  /tmp/lwjglsam/3.2.3-build-13/libglfw.so
7f44dc806000-7f44dc808000 rw-p 00043000 103:02 15990857                  /tmp/lwjglsam/3.2.3-build-13/libglfw.so
7f44dc808000-7f44dc829000 rw-p 00000000 00:00 0 
7f44dc829000-7f44dc87a000 r-xp 00000000 103:02 15990805                  /tmp/lwjglsam/3.2.3-build-13/liblwjgl.so
7f44dc87a000-7f44dca79000 ---p 00051000 103:02 15990805                  /tmp/lwjglsam/3.2.3-build-13/liblwjgl.so
7f44dca79000-7f44dca7a000 r--p 00050000 103:02 15990805                  /tmp/lwjglsam/3.2.3-build-13/liblwjgl.so
7f44dca7a000-7f44dca7b000 rw-p 00051000 103:02 15990805                  /tmp/lwjglsam/3.2.3-build-13/liblwjgl.so
7f44dca7b000-7f44dca91000 r-xp 00000000 103:02 9839031                   /usr/lib/jvm/java-8-openjdk-amd64/jre/lib/amd64/libnet.so
7f44dca91000-7f44dcc90000 ---p 00016000 103:02 9839031                   /usr/lib/jvm/java-8-openjdk-amd64/jre/lib/amd64/libnet.so
7f44dcc90000-7f44dcc91000 r--p 00015000 103:02 9839031                   /usr/lib/jvm/java-8-openjdk-amd64/jre/lib/amd64/libnet.so
7f44dcc91000-7f44dcc92000 rw-p 00016000 103:02 9839031                   /usr/lib/jvm/java-8-openjdk-amd64/jre/lib/amd64/libnet.so
7f44dcc92000-7f44dcca3000 r-xp 00000000 103:02 9839036                   /usr/lib/jvm/java-8-openjdk-amd64/jre/lib/amd64/libnio.so
7f44dcca3000-7f44dcea2000 ---p 00011000 103:02 9839036                   /usr/lib/jvm/java-8-openjdk-amd64/jre/lib/amd64/libnio.so
7f44dcea2000-7f44dcea3000 r--p 00010000 103:02 9839036                   /usr/lib/jvm/java-8-openjdk-amd64/jre/lib/amd64/libnio.so
7f44dcea3000-7f44dcea4000 rw-p 00011000 103:02 9839036                   /usr/lib/jvm/java-8-openjdk-amd64/jre/lib/amd64/libnio.so
7f44dcea4000-7f44dceb7000 r--s 00346000 103:02 9839324                   /usr/lib/jvm/java-8-openjdk-amd64/jre/lib/resources.jar
7f44dceb7000-7f44dceb8000 r--s 00002000 08:01 16253464                   /home/sam/Downloads/pngdecoder-1.0.jar
7f44dceb8000-7f44dceb9000 r--s 00022000 08:01 17960234                   /home/sam/Downloads/lwjgl-3.2.3/lwjgl-glfw/lwjgl-glfw-natives-linux-arm64.jar
7f44dceb9000-7f44dcebc000 r--s 00018000 08:01 17960240                   /home/sam/Downloads/lwjgl-3.2.3/lwjgl-glfw/lwjgl-glfw.jar
7f44dcebc000-7f44dcec7000 r--s 000da000 08:01 19795221                   /home/sam/Downloads/lwjgl-3.2.3/lwjgl-opengl/lwjgl-opengl.jar
7f44dcec7000-7f44dcee2000 r--s 001d6000 103:02 9839212                   /usr/lib/jvm/java-8-openjdk-amd64/jre/lib/ext/nashorn.jar
7f44dcee2000-7f44dcee3000 ---p 00000000 00:00 0 
7f44dcee3000-7f44dcfe3000 rw-p 00000000 00:00 0 
7f44dcfe3000-7f44dcfe6000 ---p 00000000 00:00 0 
7f44dcfe6000-7f44dd0e4000 rw-p 00000000 00:00 0 
7f44dd0e4000-7f44dd0e5000 ---p 00000000 00:00 0 
7f44dd0e5000-7f44dd0e8000 ---p 00000000 00:00 0 
7f44dd0e8000-7f44dd1e5000 rw-p 00000000 00:00 0 
7f44dd1e5000-7f44dd1e6000 ---p 00000000 00:00 0 
7f44dd1e6000-7f44dd1e9000 ---p 00000000 00:00 0 
7f44dd1e9000-7f44dd2e6000 rw-p 00000000 00:00 0 
7f44dd2e6000-7f44dd2e7000 ---p 00000000 00:00 0 
7f44dd2e7000-7f44dd2ea000 ---p 00000000 00:00 0 
7f44dd2ea000-7f44dd3e7000 rw-p 00000000 00:00 0 
7f44dd3e7000-7f44dd3e8000 ---p 00000000 00:00 0 
7f44dd3e8000-7f44dd3eb000 ---p 00000000 00:00 0 
7f44dd3eb000-7f44dd4e8000 rw-p 00000000 00:00 0 
7f44dd4e8000-7f44dd4eb000 ---p 00000000 00:00 0 
7f44dd4eb000-7f44dd5e9000 rw-p 00000000 00:00 0 
7f44dd5e9000-7f44ddfb8000 r--p 00000000 103:02 9837060                   /usr/lib/locale/locale-archive
7f44ddfb8000-7f44ddfbb000 ---p 00000000 00:00 0 
7f44ddfbb000-7f44de0b9000 rw-p 00000000 00:00 0 
7f44de0b9000-7f44de0bc000 ---p 00000000 00:00 0 
7f44de0bc000-7f44de1ba000 rw-p 00000000 00:00 0 
7f44de1ba000-7f44de1bb000 ---p 00000000 00:00 0 
7f44de1bb000-7f44e0000000 rw-p 00000000 00:00 0 
7f44e0000000-7f44e0021000 rw-p 00000000 00:00 0 
7f44e0021000-7f44e4000000 ---p 00000000 00:00 0 
7f44e4000000-7f44e4021000 rw-p 00000000 00:00 0 
7f44e4021000-7f44e8000000 ---p 00000000 00:00 0 
7f44e8000000-7f44e8021000 rw-p 00000000 00:00 0 
7f44e8021000-7f44ec000000 ---p 00000000 00:00 0 
7f44ec000000-7f44ec021000 rw-p 00000000 00:00 0 
7f44ec021000-7f44f0000000 ---p 00000000 00:00 0 
7f44f0000000-7f44f0021000 rw-p 00000000 00:00 0 
7f44f0021000-7f44f4000000 ---p 00000000 00:00 0 
7f44f4000000-7f44f4001000 r--s 00026000 08:01 17960235                   /home/sam/Downloads/lwjgl-3.2.3/lwjgl-glfw/lwjgl-glfw-natives-linux.jar
7f44f4001000-7f44f4003000 r--s 0000d000 08:01 19795215                   /home/sam/Downloads/lwjgl-3.2.3/lwjgl-opengl/lwjgl-opengl-natives-linux-arm64.jar
7f44f4003000-7f44f4004000 r--s 00013000 08:01 19795216                   /home/sam/Downloads/lwjgl-3.2.3/lwjgl-opengl/lwjgl-opengl-natives-linux.jar
7f44f4004000-7f44f4005000 r--s 0000c000 08:01 16517972                   /home/sam/Downloads/lwjgl-3.2.3/lwjgl/lwjgl-natives-linux-arm64.jar
7f44f4005000-7f44f400c000 r--s 00081000 08:01 16518147                   /home/sam/Downloads/lwjgl-3.2.3/lwjgl/lwjgl.jar
7f44f400c000-7f44f4580000 rw-p 00000000 00:00 0 
7f44f4580000-7f44f4750000 r--s 03c5c000 103:02 9839328                   /usr/lib/jvm/java-8-openjdk-amd64/jre/lib/rt.jar
7f44f4750000-7f44f5eea000 rw-p 00000000 00:00 0 
7f44f5eea000-7f44f5eeb000 ---p 00000000 00:00 0 
7f44f5eeb000-7f44f5feb000 rw-p 00000000 00:00 0 
7f44f5feb000-7f44f5fec000 ---p 00000000 00:00 0 
7f44f5fec000-7f44f60ec000 rw-p 00000000 00:00 0 
7f44f60ec000-7f44f60ed000 ---p 00000000 00:00 0 
7f44f60ed000-7f44f61ed000 rw-p 00000000 00:00 0 
7f44f61ed000-7f44f61ee000 ---p 00000000 00:00 0 
7f44f61ee000-7f44f62ee000 rw-p 00000000 00:00 0 
7f44f62ee000-7f44f62ef000 ---p 00000000 00:00 0 
7f44f62ef000-7f44f63ef000 rw-p 00000000 00:00 0 
7f44f63ef000-7f44f63f0000 ---p 00000000 00:00 0 
7f44f63f0000-7f44f64f0000 rw-p 00000000 00:00 0 
7f44f64f0000-7f44f64f1000 ---p 00000000 00:00 0 
7f44f64f1000-7f44f65f1000 rw-p 00000000 00:00 0 
7f44f65f1000-7f44f65f2000 ---p 00000000 00:00 0 
7f44f65f2000-7f44f66f2000 rw-p 00000000 00:00 0 
7f44f66f2000-7f44f66f3000 ---p 00000000 00:00 0 
7f44f66f3000-7f44f689a000 rw-p 00000000 00:00 0 
7f44f689a000-7f44f725a000 ---p 00000000 00:00 0 
7f44f725a000-7f44f7301000 rw-p 00000000 00:00 0 
7f44f7301000-7f44f7cc0000 ---p 00000000 00:00 0 
7f44f7cc0000-7f44f7dc1000 rw-p 00000000 00:00 0 
7f44f7dc1000-7f44f81f4000 ---p 00000000 00:00 0 
7f44f81f4000-7f44f8205000 rw-p 00000000 00:00 0 
7f44f8205000-7f44f85b5000 ---p 00000000 00:00 0 
7f44f85b5000-7f44f89b5000 rwxp 00000000 00:00 0 
7f44f89b5000-7f45075b5000 ---p 00000000 00:00 0 
7f45075b5000-7f45075bd000 r-xp 00000000 103:02 9839091                   /usr/lib/jvm/java-8-openjdk-amd64/jre/lib/amd64/libzip.so
7f45075bd000-7f45077bc000 ---p 00008000 103:02 9839091                   /usr/lib/jvm/java-8-openjdk-amd64/jre/lib/amd64/libzip.so
7f45077bc000-7f45077bd000 r--p 00007000 103:02 9839091                   /usr/lib/jvm/java-8-openjdk-amd64/jre/lib/amd64/libzip.so
7f45077bd000-7f45077be000 rw-p 00008000 103:02 9839091                   /usr/lib/jvm/java-8-openjdk-amd64/jre/lib/amd64/libzip.so
7f45077be000-7f45077c9000 r-xp 00000000 103:02 22942476                  /lib/x86_64-linux-gnu/libnss_files-2.27.so
7f45077c9000-7f45079c8000 ---p 0000b000 103:02 22942476                  /lib/x86_64-linux-gnu/libnss_files-2.27.so
7f45079c8000-7f45079c9000 r--p 0000a000 103:02 22942476                  /lib/x86_64-linux-gnu/libnss_files-2.27.so
7f45079c9000-7f45079ca000 rw-p 0000b000 103:02 22942476                  /lib/x86_64-linux-gnu/libnss_files-2.27.so
7f45079ca000-7f45079d0000 rw-p 00000000 00:00 0 
7f45079d0000-7f45079e7000 r-xp 00000000 103:02 22942470                  /lib/x86_64-linux-gnu/libnsl-2.27.so
7f45079e7000-7f4507be6000 ---p 00017000 103:02 22942470                  /lib/x86_64-linux-gnu/libnsl-2.27.so
7f4507be6000-7f4507be7000 r--p 00016000 103:02 22942470                  /lib/x86_64-linux-gnu/libnsl-2.27.so
7f4507be7000-7f4507be8000 rw-p 00017000 103:02 22942470                  /lib/x86_64-linux-gnu/libnsl-2.27.so
7f4507be8000-7f4507bea000 rw-p 00000000 00:00 0 
7f4507bea000-7f4507bf5000 r-xp 00000000 103:02 22942487                  /lib/x86_64-linux-gnu/libnss_nis-2.27.so
7f4507bf5000-7f4507df4000 ---p 0000b000 103:02 22942487                  /lib/x86_64-linux-gnu/libnss_nis-2.27.so
7f4507df4000-7f4507df5000 r--p 0000a000 103:02 22942487                  /lib/x86_64-linux-gnu/libnss_nis-2.27.so
7f4507df5000-7f4507df6000 rw-p 0000b000 103:02 22942487                  /lib/x86_64-linux-gnu/libnss_nis-2.27.so
7f4507df6000-7f4507dfe000 r-xp 00000000 103:02 22942472                  /lib/x86_64-linux-gnu/libnss_compat-2.27.so
7f4507dfe000-7f4507ffe000 ---p 00008000 103:02 22942472                  /lib/x86_64-linux-gnu/libnss_compat-2.27.so
7f4507ffe000-7f4507fff000 r--p 00008000 103:02 22942472                  /lib/x86_64-linux-gnu/libnss_compat-2.27.so
7f4507fff000-7f4508000000 rw-p 00009000 103:02 22942472                  /lib/x86_64-linux-gnu/libnss_compat-2.27.so
7f4508000000-7f4509727000 rw-p 00000000 00:00 0 
7f4509727000-7f450c000000 ---p 00000000 00:00 0 
7f450c000000-7f450c001000 r--s 00012000 08:01 16517973                   /home/sam/Downloads/lwjgl-3.2.3/lwjgl/lwjgl-natives-linux.jar
7f450c001000-7f450c006000 r--s 0003c000 103:02 9839214                   /usr/lib/jvm/java-8-openjdk-amd64/jre/lib/ext/sunjce_provider.jar
7f450c006000-7f450c009000 r--s 00039000 103:02 9839215                   /usr/lib/jvm/java-8-openjdk-amd64/jre/lib/ext/sunpkcs11.jar
7f450c009000-7f450c00c000 r--s 0000f000 103:02 9839204                   /usr/lib/jvm/java-8-openjdk-amd64/jre/lib/ext/icedtea-sound.jar
7f450c00c000-7f450c0fe000 rw-p 00000000 00:00 0 
7f450c0fe000-7f450c0ff000 ---p 00000000 00:00 0 
7f450c0ff000-7f450c1ff000 rw-p 00000000 00:00 0 
7f450c1ff000-7f450c229000 r-xp 00000000 103:02 9838982                   /usr/lib/jvm/java-8-openjdk-amd64/jre/lib/amd64/libjava.so
7f450c229000-7f450c428000 ---p 0002a000 103:02 9838982                   /usr/lib/jvm/java-8-openjdk-amd64/jre/lib/amd64/libjava.so
7f450c428000-7f450c429000 r--p 00029000 103:02 9838982                   /usr/lib/jvm/java-8-openjdk-amd64/jre/lib/amd64/libjava.so
7f450c429000-7f450c42b000 rw-p 0002a000 103:02 9838982                   /usr/lib/jvm/java-8-openjdk-amd64/jre/lib/amd64/libjava.so
7f450c42b000-7f450c43b000 r-xp 00000000 103:02 9839073                   /usr/lib/jvm/java-8-openjdk-amd64/jre/lib/amd64/libverify.so
7f450c43b000-7f450c63a000 ---p 00010000 103:02 9839073                   /usr/lib/jvm/java-8-openjdk-amd64/jre/lib/amd64/libverify.so
7f450c63a000-7f450c63c000 r--p 0000f000 103:02 9839073                   /usr/lib/jvm/java-8-openjdk-amd64/jre/lib/amd64/libverify.so
7f450c63c000-7f450c63d000 rw-p 00011000 103:02 9839073                   /usr/lib/jvm/java-8-openjdk-amd64/jre/lib/amd64/libverify.so
7f450c63d000-7f450c644000 r-xp 00000000 103:02 22942527                  /lib/x86_64-linux-gnu/librt-2.27.so
7f450c644000-7f450c843000 ---p 00007000 103:02 22942527                  /lib/x86_64-linux-gnu/librt-2.27.so
7f450c843000-7f450c844000 r--p 00006000 103:02 22942527                  /lib/x86_64-linux-gnu/librt-2.27.so
7f450c844000-7f450c845000 rw-p 00007000 103:02 22942527                  /lib/x86_64-linux-gnu/librt-2.27.so
7f450c845000-7f450c85c000 r-xp 00000000 103:02 22937606                  /lib/x86_64-linux-gnu/libgcc_s.so.1
7f450c85c000-7f450ca5b000 ---p 00017000 103:02 22937606                  /lib/x86_64-linux-gnu/libgcc_s.so.1
7f450ca5b000-7f450ca5c000 r--p 00016000 103:02 22937606                  /lib/x86_64-linux-gnu/libgcc_s.so.1
7f450ca5c000-7f450ca5d000 rw-p 00017000 103:02 22937606                  /lib/x86_64-linux-gnu/libgcc_s.so.1
7f450ca5d000-7f450cbfa000 r-xp 00000000 103:02 22942449                  /lib/x86_64-linux-gnu/libm-2.27.so
7f450cbfa000-7f450cdf9000 ---p 0019d000 103:02 22942449                  /lib/x86_64-linux-gnu/libm-2.27.so
7f450cdf9000-7f450cdfa000 r--p 0019c000 103:02 22942449                  /lib/x86_64-linux-gnu/libm-2.27.so
7f450cdfa000-7f450cdfb000 rw-p 0019d000 103:02 22942449                  /lib/x86_64-linux-gnu/libm-2.27.so
7f450cdfb000-7f450cf74000 r-xp 00000000 103:02 9830530                   /usr/lib/x86_64-linux-gnu/libstdc++.so.6.0.25
7f450cf74000-7f450d174000 ---p 00179000 103:02 9830530                   /usr/lib/x86_64-linux-gnu/libstdc++.so.6.0.25
7f450d174000-7f450d17e000 r--p 00179000 103:02 9830530                   /usr/lib/x86_64-linux-gnu/libstdc++.so.6.0.25
7f450d17e000-7f450d180000 rw-p 00183000 103:02 9830530                   /usr/lib/x86_64-linux-gnu/libstdc++.so.6.0.25
7f450d180000-7f450d184000 rw-p 00000000 00:00 0 
7f450d184000-7f450de23000 r-xp 00000000 103:02 9839139                   /usr/lib/jvm/java-8-openjdk-amd64/jre/lib/amd64/server/libjvm.so
7f450de23000-7f450e023000 ---p 00c9f000 103:02 9839139                   /usr/lib/jvm/java-8-openjdk-amd64/jre/lib/amd64/server/libjvm.so
7f450e023000-7f450e0b7000 r--p 00c9f000 103:02 9839139                   /usr/lib/jvm/java-8-openjdk-amd64/jre/lib/amd64/server/libjvm.so
7f450e0b7000-7f450e0e0000 rw-p 00d33000 103:02 9839139                   /usr/lib/jvm/java-8-openjdk-amd64/jre/lib/amd64/server/libjvm.so
7f450e0e0000-7f450e110000 rw-p 00000000 00:00 0 
7f450e110000-7f450e12a000 r-xp 00000000 103:02 22942519                  /lib/x86_64-linux-gnu/libpthread-2.27.so
7f450e12a000-7f450e329000 ---p 0001a000 103:02 22942519                  /lib/x86_64-linux-gnu/libpthread-2.27.so
7f450e329000-7f450e32a000 r--p 00019000 103:02 22942519                  /lib/x86_64-linux-gnu/libpthread-2.27.so
7f450e32a000-7f450e32b000 rw-p 0001a000 103:02 22942519                  /lib/x86_64-linux-gnu/libpthread-2.27.so
7f450e32b000-7f450e32f000 rw-p 00000000 00:00 0 
7f450e32f000-7f450e332000 r-xp 00000000 103:02 22942409                  /lib/x86_64-linux-gnu/libdl-2.27.so
7f450e332000-7f450e531000 ---p 00003000 103:02 22942409                  /lib/x86_64-linux-gnu/libdl-2.27.so
7f450e531000-7f450e532000 r--p 00002000 103:02 22942409                  /lib/x86_64-linux-gnu/libdl-2.27.so
7f450e532000-7f450e533000 rw-p 00003000 103:02 22942409                  /lib/x86_64-linux-gnu/libdl-2.27.so
7f450e533000-7f450e54f000 r-xp 00000000 103:02 22942558                  /lib/x86_64-linux-gnu/libz.so.1.2.11
7f450e54f000-7f450e74e000 ---p 0001c000 103:02 22942558                  /lib/x86_64-linux-gnu/libz.so.1.2.11
7f450e74e000-7f450e74f000 r--p 0001b000 103:02 22942558                  /lib/x86_64-linux-gnu/libz.so.1.2.11
7f450e74f000-7f450e750000 rw-p 0001c000 103:02 22942558                  /lib/x86_64-linux-gnu/libz.so.1.2.11
7f450e750000-7f450e937000 r-xp 00000000 103:02 22942386                  /lib/x86_64-linux-gnu/libc-2.27.so
7f450e937000-7f450eb37000 ---p 001e7000 103:02 22942386                  /lib/x86_64-linux-gnu/libc-2.27.so
7f450eb37000-7f450eb3b000 r--p 001e7000 103:02 22942386                  /lib/x86_64-linux-gnu/libc-2.27.so
7f450eb3b000-7f450eb3d000 rw-p 001eb000 103:02 22942386                  /lib/x86_64-linux-gnu/libc-2.27.so
7f450eb3d000-7f450eb41000 rw-p 00000000 00:00 0 
7f450eb41000-7f450eb4f000 r-xp 00000000 103:02 9838942                   /usr/lib/jvm/java-8-openjdk-amd64/jre/lib/amd64/jli/libjli.so
7f450eb4f000-7f450ed4e000 ---p 0000e000 103:02 9838942                   /usr/lib/jvm/java-8-openjdk-amd64/jre/lib/amd64/jli/libjli.so
7f450ed4e000-7f450ed4f000 r--p 0000d000 103:02 9838942                   /usr/lib/jvm/java-8-openjdk-amd64/jre/lib/amd64/jli/libjli.so
7f450ed4f000-7f450ed50000 rw-p 0000e000 103:02 9838942                   /usr/lib/jvm/java-8-openjdk-amd64/jre/lib/amd64/jli/libjli.so
7f450ed50000-7f450ed77000 r-xp 00000000 103:02 22942358                  /lib/x86_64-linux-gnu/ld-2.27.so
7f450ed77000-7f450ed78000 r--s 0000a000 103:02 9839205                   /usr/lib/jvm/java-8-openjdk-amd64/jre/lib/ext/jaccess.jar
7f450ed78000-7f450ed93000 r--s 00394000 103:02 9839202                   /usr/lib/jvm/java-8-openjdk-amd64/jre/lib/ext/cldrdata.jar
7f450ed93000-7f450ee58000 rw-p 00000000 00:00 0 
7f450ee58000-7f450ee59000 ---p 00000000 00:00 0 
7f450ee59000-7f450ee5c000 ---p 00000000 00:00 0 
7f450ee5c000-7f450ef5b000 rw-p 00000000 00:00 0 
7f450ef5b000-7f450ef5d000 r--s 00001000 103:02 9839203                   /usr/lib/jvm/java-8-openjdk-amd64/jre/lib/ext/dnsns.jar
7f450ef5d000-7f450ef67000 r--s 00116000 103:02 9839206                   /usr/lib/jvm/java-8-openjdk-amd64/jre/lib/ext/localedata.jar
7f450ef67000-7f450ef69000 r--s 00007000 103:02 10224650                  /usr/share/java/java-atk-wrapper.jar
7f450ef69000-7f450ef6a000 r--s 0000d000 103:02 9839213                   /usr/lib/jvm/java-8-openjdk-amd64/jre/lib/ext/sunec.jar
7f450ef6a000-7f450ef6b000 r--s 00010000 103:02 9839216                   /usr/lib/jvm/java-8-openjdk-amd64/jre/lib/ext/zipfs.jar
7f450ef6b000-7f450ef73000 rw-s 00000000 103:02 15990796                  /tmp/hsperfdata_sam/15041
7f450ef73000-7f450ef74000 rw-p 00000000 00:00 0 
7f450ef74000-7f450ef75000 r--p 00000000 00:00 0 
7f450ef75000-7f450ef77000 rw-p 00000000 00:00 0 
7f450ef77000-7f450ef78000 r--p 00027000 103:02 22942358                  /lib/x86_64-linux-gnu/ld-2.27.so
7f450ef78000-7f450ef79000 rw-p 00028000 103:02 22942358                  /lib/x86_64-linux-gnu/ld-2.27.so
7f450ef79000-7f450ef7a000 rw-p 00000000 00:00 0 
7ffff8a63000-7ffff8a84000 rw-p 00000000 00:00 0                          [stack]
7ffff8bf7000-7ffff8bfa000 r--p 00000000 00:00 0                          [vvar]
7ffff8bfa000-7ffff8bfb000 r-xp 00000000 00:00 0                          [vdso]
ffffffffff600000-ffffffffff601000 --xp 00000000 00:00 0                  [vsyscall]

VM Arguments:
jvm_args: -Dfile.encoding=UTF-8 
java_command: main.Main
java_class_path (initial): /home/sam/Downloads/lwjgl-3.2.3/lwjgl/lwjgl.jar:/home/sam/Downloads/lwjgl-3.2.3/lwjgl/lwjgl-natives-linux.jar:/home/sam/Downloads/lwjgl-3.2.3/lwjgl/lwjgl-natives-linux-arm64.jar:/home/sam/Downloads/lwjgl-3.2.3/lwjgl-opengl/lwjgl-opengl.jar:/home/sam/Downloads/lwjgl-3.2.3/lwjgl-opengl/lwjgl-opengl-natives-linux.jar:/home/sam/Downloads/lwjgl-3.2.3/lwjgl-opengl/lwjgl-opengl-natives-linux-arm64.jar:/home/sam/Downloads/lwjgl-3.2.3/lwjgl-glfw/lwjgl-glfw.jar:/home/sam/Downloads/lwjgl-3.2.3/lwjgl-glfw/lwjgl-glfw-natives-linux.jar:/home/sam/Downloads/lwjgl-3.2.3/lwjgl-glfw/lwjgl-glfw-natives-linux-arm64.jar:/home/sam/Downloads/pngdecoder-1.0.jar:/home/sam/eclipse/workspace/LWJGL-ENGINE/bin
Launcher Type: SUN_STANDARD

Environment Variables:
PATH=/usr/local/sbin:/usr/local/bin:/usr/sbin:/usr/bin:/sbin:/bin:/usr/games:/usr/local/games:/snap/bin
USERNAME=sam
SHELL=/bin/bash
DISPLAY=:0

Signal Handlers:
SIGSEGV: [libjvm.so+0xab92f0], sa_mask[0]=11111111011111111101111111111110, sa_flags=SA_RESTART|SA_SIGINFO
SIGBUS: [libjvm.so+0xab92f0], sa_mask[0]=11111111011111111101111111111110, sa_flags=SA_RESTART|SA_SIGINFO
SIGFPE: [libjvm.so+0x8ee560], sa_mask[0]=11111111011111111101111111111110, sa_flags=SA_RESTART|SA_SIGINFO
SIGPIPE: [libjvm.so+0x8ee560], sa_mask[0]=11111111011111111101111111111110, sa_flags=SA_RESTART|SA_SIGINFO
SIGXFSZ: [libjvm.so+0x8ee560], sa_mask[0]=11111111011111111101111111111110, sa_flags=SA_RESTART|SA_SIGINFO
SIGILL: [libjvm.so+0x8ee560], sa_mask[0]=11111111011111111101111111111110, sa_flags=SA_RESTART|SA_SIGINFO
SIGUSR1: SIG_DFL, sa_mask[0]=00000000000000000000000000000000, sa_flags=none
SIGUSR2: [libjvm.so+0x8ee410], sa_mask[0]=00100000000000000000000000000000, sa_flags=SA_RESTART|SA_SIGINFO
SIGHUP: [libjvm.so+0x8eea80], sa_mask[0]=11111111011111111101111111111110, sa_flags=SA_RESTART|SA_SIGINFO
SIGINT: [libjvm.so+0x8eea80], sa_mask[0]=11111111011111111101111111111110, sa_flags=SA_RESTART|SA_SIGINFO
SIGTERM: [libjvm.so+0x8eea80], sa_mask[0]=11111111011111111101111111111110, sa_flags=SA_RESTART|SA_SIGINFO
SIGQUIT: [libjvm.so+0x8eea80], sa_mask[0]=11111111011111111101111111111110, sa_flags=SA_RESTART|SA_SIGINFO


---------------  S Y S T E M  ---------------

OS:DISTRIB_ID=Ubuntu
DISTRIB_RELEASE=18.04
DISTRIB_CODENAME=bionic
DISTRIB_DESCRIPTION="Ubuntu 18.04.3 LTS"

uname:Linux 5.3.0-23-generic #25~18.04.2-Ubuntu SMP Thu Nov 21 22:27:50 UTC 2019 x86_64
libc:glibc 2.27 NPTL 2.27 
rlimit: STACK 8192k, CORE 0k, NPROC 127594, NOFILE 1048576, AS infinity
load average:0.66 0.69 1.31

/proc/meminfo:
MemTotal:       32713520 kB
MemFree:        27978684 kB
MemAvailable:   28891096 kB
Buffers:           78192 kB
Cached:          1392692 kB
SwapCached:            0 kB
Active:          3529944 kB
Inactive:         756460 kB
Active(anon):    2875460 kB
Inactive(anon):   165296 kB
Active(file):     654484 kB
Inactive(file):   591164 kB
Unevictable:       58704 kB
Mlocked:             144 kB
SwapTotal:       2097148 kB
SwapFree:        2097148 kB
Dirty:                32 kB
Writeback:            12 kB
AnonPages:       2874564 kB
Mapped:           653808 kB
Shmem:            225244 kB
KReclaimable:      72208 kB
Slab:             157104 kB
SReclaimable:      72208 kB
SUnreclaim:        84896 kB
KernelStack:       17552 kB
PageTables:        57704 kB
NFS_Unstable:          0 kB
Bounce:                0 kB
WritebackTmp:          0 kB
CommitLimit:    18453908 kB
Committed_AS:    9578620 kB
VmallocTotal:   34359738367 kB
VmallocUsed:       61376 kB
VmallocChunk:          0 kB
Percpu:             5760 kB
HardwareCorrupted:     0 kB
AnonHugePages:         0 kB
ShmemHugePages:        0 kB
ShmemPmdMapped:        0 kB
CmaTotal:              0 kB
CmaFree:               0 kB
HugePages_Total:       0
HugePages_Free:        0
HugePages_Rsvd:        0
HugePages_Surp:        0
Hugepagesize:       2048 kB
Hugetlb:               0 kB
DirectMap4k:      332448 kB
DirectMap2M:     5785600 kB
DirectMap1G:    27262976 kB

container (cgroup) information:
container_type: cgroupv1
cpu_cpuset_cpus: 0-11
cpu_memory_nodes: 0
active_processor_count: 12
cpu_quota: -1
cpu_period: 100000
cpu_shares: -1
memory_limit_in_bytes: -1
memory_and_swap_limit_in_bytes: -2
memory_soft_limit_in_bytes: -1
memory_usage_in_bytes: 4448677888
memory_max_usage_in_bytes: 0


CPU:total 12 (initial active 12) (6 cores per cpu, 2 threads per core) family 6 model 158 stepping 10, cmov, cx8, fxsr, mmx, sse, sse2, sse3, ssse3, sse4.1, sse4.2, popcnt, avx, avx2, aes, clmul, erms, 3dnowpref, lzcnt, ht, tsc, tscinvbit, bmi1, bmi2, adx

/proc/cpuinfo:
processor	: 0
vendor_id	: GenuineIntel
cpu family	: 6
model		: 158
model name	: Intel(R) Core(TM) i7-8750H CPU @ 2.20GHz
stepping	: 10
microcode	: 0xca
cpu MHz		: 3766.226
cache size	: 9216 KB
physical id	: 0
siblings	: 12
core id		: 0
cpu cores	: 6
apicid		: 0
initial apicid	: 0
fpu		: yes
fpu_exception	: yes
cpuid level	: 22
wp		: yes
flags		: fpu vme de pse tsc msr pae mce cx8 apic sep mtrr pge mca cmov pat pse36 clflush dts acpi mmx fxsr sse sse2 ss ht tm pbe syscall nx pdpe1gb rdtscp lm constant_tsc art arch_perfmon pebs bts rep_good nopl xtopology nonstop_tsc cpuid aperfmperf pni pclmulqdq dtes64 monitor ds_cpl vmx est tm2 ssse3 sdbg fma cx16 xtpr pdcm pcid sse4_1 sse4_2 x2apic movbe popcnt tsc_deadline_timer aes xsave avx f16c rdrand lahf_lm abm 3dnowprefetch cpuid_fault epb invpcid_single pti ssbd ibrs ibpb stibp tpr_shadow vnmi flexpriority ept vpid ept_ad fsgsbase tsc_adjust bmi1 avx2 smep bmi2 erms invpcid mpx rdseed adx smap clflushopt intel_pt xsaveopt xsavec xgetbv1 xsaves dtherm ida arat pln pts hwp hwp_notify hwp_act_window hwp_epp md_clear flush_l1d
bugs		: cpu_meltdown spectre_v1 spectre_v2 spec_store_bypass l1tf mds swapgs itlb_multihit
bogomips	: 4399.99
clflush size	: 64
cache_alignment	: 64
address sizes	: 39 bits physical, 48 bits virtual
power management:

processor	: 1
vendor_id	: GenuineIntel
cpu family	: 6
model		: 158
model name	: Intel(R) Core(TM) i7-8750H CPU @ 2.20GHz
stepping	: 10
microcode	: 0xca
cpu MHz		: 2434.039
cache size	: 9216 KB
physical id	: 0
siblings	: 12
core id		: 1
cpu cores	: 6
apicid		: 2
initial apicid	: 2
fpu		: yes
fpu_exception	: yes
cpuid level	: 22
wp		: yes
flags		: fpu vme de pse tsc msr pae mce cx8 apic sep mtrr pge mca cmov pat pse36 clflush dts acpi mmx fxsr sse sse2 ss ht tm pbe syscall nx pdpe1gb rdtscp lm constant_tsc art arch_perfmon pebs bts rep_good nopl xtopology nonstop_tsc cpuid aperfmperf pni pclmulqdq dtes64 monitor ds_cpl vmx est tm2 ssse3 sdbg fma cx16 xtpr pdcm pcid sse4_1 sse4_2 x2apic movbe popcnt tsc_deadline_timer aes xsave avx f16c rdrand lahf_lm abm 3dnowprefetch cpuid_fault epb invpcid_single pti ssbd ibrs ibpb stibp tpr_shadow vnmi flexpriority ept vpid ept_ad fsgsbase tsc_adjust bmi1 avx2 smep bmi2 erms invpcid mpx rdseed adx smap clflushopt intel_pt xsaveopt xsavec xgetbv1 xsaves dtherm ida arat pln pts hwp hwp_notify hwp_act_window hwp_epp md_clear flush_l1d
bugs		: cpu_meltdown spectre_v1 spectre_v2 spec_store_bypass l1tf mds swapgs itlb_multihit
bogomips	: 4399.99
clflush size	: 64
cache_alignment	: 64
address sizes	: 39 bits physical, 48 bits virtual
power management:

processor	: 2
vendor_id	: GenuineIntel
cpu family	: 6
model		: 158
model name	: Intel(R) Core(TM) i7-8750H CPU @ 2.20GHz
stepping	: 10
microcode	: 0xca
cpu MHz		: 2995.964
cache size	: 9216 KB
physical id	: 0
siblings	: 12
core id		: 2
cpu cores	: 6
apicid		: 4
initial apicid	: 4
fpu		: yes
fpu_exception	: yes
cpuid level	: 22
wp		: yes
flags		: fpu vme de pse tsc msr pae mce cx8 apic sep mtrr pge mca cmov pat pse36 clflush dts acpi mmx fxsr sse sse2 ss ht tm pbe syscall nx pdpe1gb rdtscp lm constant_tsc art arch_perfmon pebs bts rep_good nopl xtopology nonstop_tsc cpuid aperfmperf pni pclmulqdq dtes64 monitor ds_cpl vmx est tm2 ssse3 sdbg fma cx16 xtpr pdcm pcid sse4_1 sse4_2 x2apic movbe popcnt tsc_deadline_timer aes xsave avx f16c rdrand lahf_lm abm 3dnowprefetch cpuid_fault epb invpcid_single pti ssbd ibrs ibpb stibp tpr_shadow vnmi flexpriority ept vpid ept_ad fsgsbase tsc_adjust bmi1 avx2 smep bmi2 erms invpcid mpx rdseed adx smap clflushopt intel_pt xsaveopt xsavec xgetbv1 xsaves dtherm ida arat pln pts hwp hwp_notify hwp_act_window hwp_epp md_clear flush_l1d
bugs		: cpu_meltdown spectre_v1 spectre_v2 spec_store_bypass l1tf mds swapgs itlb_multihit
bogomips	: 4399.99
clflush size	: 64
cache_alignment	: 64
address sizes	: 39 bits physical, 48 bits virtual
power management:

processor	: 3
vendor_id	: GenuineIntel
cpu family	: 6
model		: 158
model name	: Intel(R) Core(TM) i7-8750H CPU @ 2.20GHz
stepping	: 10
microcode	: 0xca
cpu MHz		: 3956.986
cache size	: 9216 KB
physical id	: 0
siblings	: 12
core id		: 3
cpu cores	: 6
apicid		: 6
initial apicid	: 6
fpu		: yes
fpu_exception	: yes
cpuid level	: 22
wp		: yes
flags		: fpu vme de pse tsc msr pae mce cx8 apic sep mtrr pge mca cmov pat pse36 clflush dts acpi mmx fxsr sse sse2 ss ht tm pbe syscall nx pdpe1gb rdtscp lm constant_tsc art arch_perfmon pebs bts rep_good nopl xtopology nonstop_tsc cpuid aperfmperf pni pclmulqdq dtes64 monitor ds_cpl vmx est tm2 ssse3 sdbg fma cx16 xtpr pdcm pcid sse4_1 sse4_2 x2apic movbe popcnt tsc_deadline_timer aes xsave avx f16c rdrand lahf_lm abm 3dnowprefetch cpuid_fault epb invpcid_single pti ssbd ibrs ibpb stibp tpr_shadow vnmi flexpriority ept vpid ept_ad fsgsbase tsc_adjust bmi1 avx2 smep bmi2 erms invpcid mpx rdseed adx smap clflushopt intel_pt xsaveopt xsavec xgetbv1 xsaves dtherm ida arat pln pts hwp hwp_notify hwp_act_window hwp_epp md_clear flush_l1d
bugs		: cpu_meltdown spectre_v1 spectre_v2 spec_store_bypass l1tf mds swapgs itlb_multihit
bogomips	: 4399.99
clflush size	: 64
cache_alignment	: 64
address sizes	: 39 bits physical, 48 bits virtual
power management:

processor	: 4
vendor_id	: GenuineIntel
cpu family	: 6
model		: 158
model name	: Intel(R) Core(TM) i7-8750H CPU @ 2.20GHz
stepping	: 10
microcode	: 0xca
cpu MHz		: 3966.398
cache size	: 9216 KB
physical id	: 0
siblings	: 12
core id		: 4
cpu cores	: 6
apicid		: 8
initial apicid	: 8
fpu		: yes
fpu_exception	: yes
cpuid level	: 22
wp		: yes
flags		: fpu vme de pse tsc msr pae mce cx8 apic sep mtrr pge mca cmov pat pse36 clflush dts acpi mmx fxsr sse sse2 ss ht tm pbe syscall nx pdpe1gb rdtscp lm constant_tsc art arch_perfmon pebs bts rep_good nopl xtopology nonstop_tsc cpuid aperfmperf pni pclmulqdq dtes64 monitor ds_cpl vmx est tm2 ssse3 sdbg fma cx16 xtpr pdcm pcid sse4_1 sse4_2 x2apic movbe popcnt tsc_deadline_timer aes xsave avx f16c rdrand lahf_lm abm 3dnowprefetch cpuid_fault epb invpcid_single pti ssbd ibrs ibpb stibp tpr_shadow vnmi flexpriority ept vpid ept_ad fsgsbase tsc_adjust bmi1 avx2 smep bmi2 erms invpcid mpx rdseed adx smap clflushopt intel_pt xsaveopt xsavec xgetbv1 xsaves dtherm ida arat pln pts hwp hwp_notify hwp_act_window hwp_epp md_clear flush_l1d
bugs		: cpu_meltdown spectre_v1 spectre_v2 spec_store_bypass l1tf mds swapgs itlb_multihit
bogomips	: 4399.99
clflush size	: 64
cache_alignment	: 64
address sizes	: 39 bits physical, 48 bits virtual
power management:

processor	: 5
vendor_id	: GenuineIntel
cpu family	: 6
model		: 158
model name	: Intel(R) Core(TM) i7-8750H CPU @ 2.20GHz
stepping	: 10
microcode	: 0xca
cpu MHz		: 3063.383
cache size	: 9216 KB
physical id	: 0
siblings	: 12
core id		: 5
cpu cores	: 6
apicid		: 10
initial apicid	: 10
fpu		: yes
fpu_exception	: yes
cpuid level	: 22
wp		: yes
flags		: fpu vme de pse tsc msr pae mce cx8 apic sep mtrr pge mca cmov pat pse36 clflush dts acpi mmx fxsr sse sse2 ss ht tm pbe syscall nx pdpe1gb rdtscp lm constant_tsc art arch_perfmon pebs bts rep_good nopl xtopology nonstop_tsc cpuid aperfmperf pni pclmulqdq dtes64 monitor ds_cpl vmx est tm2 ssse3 sdbg fma cx16 xtpr pdcm pcid sse4_1 sse4_2 x2apic movbe popcnt tsc_deadline_timer aes xsave avx f16c rdrand lahf_lm abm 3dnowprefetch cpuid_fault epb invpcid_single pti ssbd ibrs ibpb stibp tpr_shadow vnmi flexpriority ept vpid ept_ad fsgsbase tsc_adjust bmi1 avx2 smep bmi2 erms invpcid mpx rdseed adx smap clflushopt intel_pt xsaveopt xsavec xgetbv1 xsaves dtherm ida arat pln pts hwp hwp_notify hwp_act_window hwp_epp md_clear flush_l1d
bugs		: cpu_meltdown spectre_v1 spectre_v2 spec_store_bypass l1tf mds swapgs itlb_multihit
bogomips	: 4399.99
clflush size	: 64
cache_alignment	: 64
address sizes	: 39 bits physical, 48 bits virtual
power management:

processor	: 6
vendor_id	: GenuineIntel
cpu family	: 6
model		: 158
model name	: Intel(R) Core(TM) i7-8750H CPU @ 2.20GHz
stepping	: 10
microcode	: 0xca
cpu MHz		: 3936.707
cache size	: 9216 KB
physical id	: 0
siblings	: 12
core id		: 0
cpu cores	: 6
apicid		: 1
initial apicid	: 1
fpu		: yes
fpu_exception	: yes
cpuid level	: 22
wp		: yes
flags		: fpu vme de pse tsc msr pae mce cx8 apic sep mtrr pge mca cmov pat pse36 clflush dts acpi mmx fxsr sse sse2 ss ht tm pbe syscall nx pdpe1gb rdtscp lm constant_tsc art arch_perfmon pebs bts rep_good nopl xtopology nonstop_tsc cpuid aperfmperf pni pclmulqdq dtes64 monitor ds_cpl vmx est tm2 ssse3 sdbg fma cx16 xtpr pdcm pcid sse4_1 sse4_2 x2apic movbe popcnt tsc_deadline_timer aes xsave avx f16c rdrand lahf_lm abm 3dnowprefetch cpuid_fault epb invpcid_single pti ssbd ibrs ibpb stibp tpr_shadow vnmi flexpriority ept vpid ept_ad fsgsbase tsc_adjust bmi1 avx2 smep bmi2 erms invpcid mpx rdseed adx smap clflushopt intel_pt xsaveopt xsavec xgetbv1 xsaves dtherm ida arat pln pts hwp hwp_notify hwp_act_window hwp_epp md_clear flush_l1d
bugs		: cpu_meltdown spectre_v1 spectre_v2 spec_store_bypass l1tf mds swapgs itlb_multihit
bogomips	: 4399.99
clflush size	: 64
cache_alignment	: 64
address sizes	: 39 bits physical, 48 bits virtual
power management:

processor	: 7
vendor_id	: GenuineIntel
cpu family	: 6
model		: 158
model name	: Intel(R) Core(TM) i7-8750H CPU @ 2.20GHz
stepping	: 10
microcode	: 0xca
cpu MHz		: 3986.554
cache size	: 9216 KB
physical id	: 0
siblings	: 12
core id		: 1
cpu cores	: 6
apicid		: 3
initial apicid	: 3
fpu		: yes
fpu_exception	: yes
cpuid level	: 22
wp		: yes
flags		: fpu vme de pse tsc msr pae mce cx8 apic sep mtrr pge mca cmov pat pse36 clflush dts acpi mmx fxsr sse sse2 ss ht tm pbe syscall nx pdpe1gb rdtscp lm constant_tsc art arch_perfmon pebs bts rep_good nopl xtopology nonstop_tsc cpuid aperfmperf pni pclmulqdq dtes64 monitor ds_cpl vmx est tm2 ssse3 sdbg fma cx16 xtpr pdcm pcid sse4_1 sse4_2 x2apic movbe popcnt tsc_deadline_timer aes xsave avx f16c rdrand lahf_lm abm 3dnowprefetch cpuid_fault epb invpcid_single pti ssbd ibrs ibpb stibp tpr_shadow vnmi flexpriority ept vpid ept_ad fsgsbase tsc_adjust bmi1 avx2 smep bmi2 erms invpcid mpx rdseed adx smap clflushopt intel_pt xsaveopt xsavec xgetbv1 xsaves dtherm ida arat pln pts hwp hwp_notify hwp_act_window hwp_epp md_clear flush_l1d
bugs		: cpu_meltdown spectre_v1 spectre_v2 spec_store_bypass l1tf mds swapgs itlb_multihit
bogomips	: 4399.99
clflush size	: 64
cache_alignment	: 64
address sizes	: 39 bits physical, 48 bits virtual
power management:

processor	: 8
vendor_id	: GenuineIntel
cpu family	: 6
model		: 158
model name	: Intel(R) Core(TM) i7-8750H CPU @ 2.20GHz
stepping	: 10
microcode	: 0xca
cpu MHz		: 3515.829
cache size	: 9216 KB
physical id	: 0
siblings	: 12
core id		: 2
cpu cores	: 6
apicid		: 5
initial apicid	: 5
fpu		: yes
fpu_exception	: yes
cpuid level	: 22
wp		: yes
flags		: fpu vme de pse tsc msr pae mce cx8 apic sep mtrr pge mca cmov pat pse36 clflush dts acpi mmx fxsr sse sse2 ss ht tm pbe syscall nx pdpe1gb rdtscp lm constant_tsc art arch_perfmon pebs bts rep_good nopl xtopology nonstop_tsc cpuid aperfmperf pni pclmulqdq dtes64 monitor ds_cpl vmx est tm2 ssse3 sdbg fma cx16 xtpr pdcm pcid sse4_1 sse4_2 x2apic movbe popcnt tsc_deadline_timer aes xsave avx f16c rdrand lahf_lm abm 3dnowprefetch cpuid_fault epb invpcid_single pti ssbd ibrs ibpb stibp tpr_shadow vnmi flexpriority ept vpid ept_ad fsgsbase tsc_adjust bmi1 avx2 smep bmi2 erms invpcid mpx rdseed adx smap clflushopt intel_pt xsaveopt xsavec xgetbv1 xsaves dtherm ida arat pln pts hwp hwp_notify hwp_act_window hwp_epp md_clear flush_l1d
bugs		: cpu_meltdown spectre_v1 spectre_v2 spec_store_bypass l1tf mds swapgs itlb_multihit
bogomips	: 4399.99
clflush size	: 64
cache_alignment	: 64
address sizes	: 39 bits physical, 48 bits virtual
power management:

processor	: 9
vendor_id	: GenuineIntel
cpu family	: 6
model		: 158
model name	: Intel(R) Core(TM) i7-8750H CPU @ 2.20GHz
stepping	: 10
microcode	: 0xca
cpu MHz		: 2960.780
cache size	: 9216 KB
physical id	: 0
siblings	: 12
core id		: 3
cpu cores	: 6
apicid		: 7
initial apicid	: 7
fpu		: yes
fpu_exception	: yes
cpuid level	: 22
wp		: yes
flags		: fpu vme de pse tsc msr pae mce cx8 apic sep mtrr pge mca cmov pat pse36 clflush dts acpi mmx fxsr sse sse2 ss ht tm pbe syscall nx pdpe1gb rdtscp lm constant_tsc art arch_perfmon pebs bts rep_good nopl xtopology nonstop_tsc cpuid aperfmperf pni pclmulqdq dtes64 monitor ds_cpl vmx est tm2 ssse3 sdbg fma cx16 xtpr pdcm pcid sse4_1 sse4_2 x2apic movbe popcnt tsc_deadline_timer aes xsave avx f16c rdrand lahf_lm abm 3dnowprefetch cpuid_fault epb invpcid_single pti ssbd ibrs ibpb stibp tpr_shadow vnmi flexpriority ept vpid ept_ad fsgsbase tsc_adjust bmi1 avx2 smep bmi2 erms invpcid mpx rdseed adx smap clflushopt intel_pt xsaveopt xsavec xgetbv1 xsaves dtherm ida arat pln pts hwp hwp_notify hwp_act_window hwp_epp md_clear flush_l1d
bugs		: cpu_meltdown spectre_v1 spectre_v2 spec_store_bypass l1tf mds swapgs itlb_multihit
bogomips	: 4399.99
clflush size	: 64
cache_alignment	: 64
address sizes	: 39 bits physical, 48 bits virtual
power management:

processor	: 10
vendor_id	: GenuineIntel
cpu family	: 6
model		: 158
model name	: Intel(R) Core(TM) i7-8750H CPU @ 2.20GHz
stepping	: 10
microcode	: 0xca
cpu MHz		: 3921.437
cache size	: 9216 KB
physical id	: 0
siblings	: 12
core id		: 4
cpu cores	: 6
apicid		: 9
initial apicid	: 9
fpu		: yes
fpu_exception	: yes
cpuid level	: 22
wp		: yes
flags		: fpu vme de pse tsc msr pae mce cx8 apic sep mtrr pge mca cmov pat pse36 clflush dts acpi mmx fxsr sse sse2 ss ht tm pbe syscall nx pdpe1gb rdtscp lm constant_tsc art arch_perfmon pebs bts rep_good nopl xtopology nonstop_tsc cpuid aperfmperf pni pclmulqdq dtes64 monitor ds_cpl vmx est tm2 ssse3 sdbg fma cx16 xtpr pdcm pcid sse4_1 sse4_2 x2apic movbe popcnt tsc_deadline_timer aes xsave avx f16c rdrand lahf_lm abm 3dnowprefetch cpuid_fault epb invpcid_single pti ssbd ibrs ibpb stibp tpr_shadow vnmi flexpriority ept vpid ept_ad fsgsbase tsc_adjust bmi1 avx2 smep bmi2 erms invpcid mpx rdseed adx smap clflushopt intel_pt xsaveopt xsavec xgetbv1 xsaves dtherm ida arat pln pts hwp hwp_notify hwp_act_window hwp_epp md_clear flush_l1d
bugs		: cpu_meltdown spectre_v1 spectre_v2 spec_store_bypass l1tf mds swapgs itlb_multihit
bogomips	: 4399.99
clflush size	: 64
cache_alignment	: 64
address sizes	: 39 bits physical, 48 bits virtual
power management:

processor	: 11
vendor_id	: GenuineIntel
cpu family	: 6
model		: 158
model name	: Intel(R) Core(TM) i7-8750H CPU @ 2.20GHz
stepping	: 10
microcode	: 0xca
cpu MHz		: 3882.599
cache size	: 9216 KB
physical id	: 0
siblings	: 12
core id		: 5
cpu cores	: 6
apicid		: 11
initial apicid	: 11
fpu		: yes
fpu_exception	: yes
cpuid level	: 22
wp		: yes
flags		: fpu vme de pse tsc msr pae mce cx8 apic sep mtrr pge mca cmov pat pse36 clflush dts acpi mmx fxsr sse sse2 ss ht tm pbe syscall nx pdpe1gb rdtscp lm constant_tsc art arch_perfmon pebs bts rep_good nopl xtopology nonstop_tsc cpuid aperfmperf pni pclmulqdq dtes64 monitor ds_cpl vmx est tm2 ssse3 sdbg fma cx16 xtpr pdcm pcid sse4_1 sse4_2 x2apic movbe popcnt tsc_deadline_timer aes xsave avx f16c rdrand lahf_lm abm 3dnowprefetch cpuid_fault epb invpcid_single pti ssbd ibrs ibpb stibp tpr_shadow vnmi flexpriority ept vpid ept_ad fsgsbase tsc_adjust bmi1 avx2 smep bmi2 erms invpcid mpx rdseed adx smap clflushopt intel_pt xsaveopt xsavec xgetbv1 xsaves dtherm ida arat pln pts hwp hwp_notify hwp_act_window hwp_epp md_clear flush_l1d
bugs		: cpu_meltdown spectre_v1 spectre_v2 spec_store_bypass l1tf mds swapgs itlb_multihit
bogomips	: 4399.99
clflush size	: 64
cache_alignment	: 64
address sizes	: 39 bits physical, 48 bits virtual
power management:



Memory: 4k page, physical 32713520k(27978684k free), swap 2097148k(2097148k free)

vm_info: OpenJDK 64-Bit Server VM (25.222-b10) for linux-amd64 JRE (1.8.0_222-8u222-b10-1ubuntu1~18.04.1-b10), built on Jul 18 2019 18:52:48 by "buildd" with gcc 7.4.0

time: Sat Nov 30 15:22:25 2019
timezone: CST
elapsed time: 2 seconds (0d 0h 0m 2s)

