#
# A fatal error has been detected by the Java Runtime Environment:
#
#  SIGSEGV (0xb) at pc=0x000000004196beba, pid=8831, tid=0x00007f1c3d510700
#
# JRE version: OpenJDK Runtime Environment (8.0_222-b10) (build 1.8.0_222-8u222-b10-1ubuntu1~18.04.1-b10)
# Java VM: OpenJDK 64-Bit Server VM (25.222-b10 mixed mode linux-amd64 compressed oops)
# Problematic frame:
# C  0x000000004196beba
#
# Failed to write core dump. Core dumps have been disabled. To enable core dumping, try "ulimit -c unlimited" before starting Java again
#
# If you would like to submit a bug report, please visit:
#   http://bugreport.java.com/bugreport/crash.jsp
# The crash happened outside the Java Virtual Machine in native code.
# See problematic frame for where to report the bug.
#

---------------  T H R E A D  ---------------

Current thread (0x00007f1c3400b800):  JavaThread "main" [_thread_in_native, id=8836, stack(0x00007f1c3d411000,0x00007f1c3d511000)]

siginfo: si_signo: 11 (SIGSEGV), si_code: 1 (SEGV_MAPERR), si_addr: 0x0000000000000000

Registers:
RAX=0x00007f1bf613eeac, RBX=0x0000000040b17000, RCX=0x0000000000000000, RDX=0x00007f1c34145bc4
RSP=0x00007f1c3d50f268, RBP=0x0000000042cc0000, RSI=0x0000000000000000, RDI=0x0000000000000000
R8 =0x00007f1c34e9a9f0, R9 =0x0000000103c38000, R10=0x0000000040b94fa8, R11=0x00007f1c34145c20
R12=0x0000000000000018, R13=0x0000000000000018, R14=0x00007f1c34145bc0, R15=0x00000000000003c0
RIP=0x000000004196beba, EFLAGS=0x0000000000010246, CSGSFS=0x002b000000000033, ERR=0x0000000000000004
  TRAPNO=0x000000000000000e

Top of Stack: (sp=0x00007f1c3d50f268)
0x00007f1c3d50f268:   00007f1bf7316c49 00007f1c3400c638
0x00007f1c3d50f278:   00007f1c3465acc0 00007f1c16dab078
0x00007f1c3d50f288:   0000001800001405 0000000000000000
0x00007f1c3d50f298:   000000043d50f3a0 0000000040b17000
0x00007f1c3d50f2a8:   00007f1c34e89f38 00007f1c3465b440
0x00007f1c3d50f2b8:   000000004196be40 0000000000000000
0x00007f1c3d50f2c8:   0000000000000000 0000000000000000
0x00007f1c3d50f2d8:   0000000000000000 0000001800000000
0x00007f1c3d50f2e8:   00007f1c34145bc0 0000000100000000
0x00007f1c3d50f2f8:   0000000000000000 0000000000000000
0x00007f1c3d50f308:   0000000000000000 0000000000000000
0x00007f1c3d50f318:   0000000000000000 00007f1c3465b440
0x00007f1c3d50f328:   0000000000000000 0000000000000000
0x00007f1c3d50f338:   0000000000000000 0000000000000000
0x00007f1c3d50f348:   0000000000000000 0000000000000000
0x00007f1c3d50f358:   0000000000000000 00000002f00df00d
0x00007f1c3d50f368:   00000000000000d3 00000001beefbeef
0x00007f1c3d50f378:   0000000000000000 00000000f00df00d
0x00007f1c3d50f388:   0000000000000027 0000000040b17000
0x00007f1c3d50f398:   00007f1c34e8a540 0000000000000002
0x00007f1c3d50f3a8:   0000000000000000 0000000000004102
0x00007f1c3d50f3b8:   00007f1bf7246c17 0000000000000442
0x00007f1c3d50f3c8:   0000000000000000 0000000000000000
0x00007f1c3d50f3d8:   0000000040b6f45c 00007f1c3d50f420
0x00007f1c3d50f3e8:   0000000040b17000 0000000040b6f458
0x00007f1c3d50f3f8:   0000000000000007 0000000040b6f358
0x00007f1c3d50f408:   00007f1bf7247661 0101000000000000
0x00007f1c3d50f418:   00000007347334bc 0000000700002133
0x00007f1c3d50f428:   0000000100000007 0000000800000002
0x00007f1c3d50f438:   0000000400000001 0000000100000010
0x00007f1c3d50f448:   0000001000000004 0000000000004102
0x00007f1c3d50f458:   0080000000000000 3fffffff3fffffff 

Instructions: (pc=0x000000004196beba)
0x000000004196be9a:   68 04 48 be f8 ec b6 40 00 00 00 00 48 8b 36 48
0x000000004196beaa:   8b b6 38 03 00 00 48 8b f9 48 c1 e7 04 48 03 f7
0x000000004196beba:   8b 3e 8b 6e 04 89 78 08 89 68 0c 8b 7e 08 8b 6e
0x000000004196beca:   0c 89 78 10 89 68 14 48 be f8 ec b6 40 00 00 00 

Register to memory mapping:

RAX=0x00007f1bf613eeac is an unknown value
RBX=0x0000000040b17000 is an unknown value
RCX=0x0000000000000000 is an unknown value
RDX=0x00007f1c34145bc4 is an unknown value
RSP=0x00007f1c3d50f268 is pointing into the stack for thread: 0x00007f1c3400b800
RBP=0x0000000042cc0000 is an unknown value
RSI=0x0000000000000000 is an unknown value
RDI=0x0000000000000000 is an unknown value
R8 =0x00007f1c34e9a9f0 is an unknown value
R9 =0x0000000103c38000 is an unknown value
R10=0x0000000040b94fa8 is an unknown value
R11=0x00007f1c34145c20 is an unknown value
R12=0x0000000000000018 is an unknown value
R13=0x0000000000000018 is an unknown value
R14=0x00007f1c34145bc0 is an unknown value
R15=0x00000000000003c0 is an unknown value


Stack: [0x00007f1c3d411000,0x00007f1c3d511000],  sp=0x00007f1c3d50f268,  free space=1016k
Native frames: (J=compiled Java code, j=interpreted, Vv=VM code, C=native code)
C  0x000000004196beba

Java frames: (J=compiled Java code, j=interpreted, Vv=VM code)
j  org.lwjgl.opengl.GL11C.nglDrawElements(IIIJ)V+0
j  org.lwjgl.opengl.GL11C.glDrawElements(IIIJ)V+4
j  org.lwjgl.opengl.GL11.glDrawElements(IIIJ)V+4
j  GUI.FontRenderer.renderText(LGUI/TextMesh;)V+21
j  main.Main.main([Ljava/lang/String;)V+233
v  ~StubRoutines::call_stub

---------------  P R O C E S S  ---------------

Java Threads: ( => current thread )
  0x00007f1c340d8000 JavaThread "Service Thread" daemon [_thread_blocked, id=8855, stack(0x00007f1c0f530000,0x00007f1c0f631000)]
  0x00007f1c340cd000 JavaThread "C1 CompilerThread3" daemon [_thread_blocked, id=8854, stack(0x00007f1c1407a000,0x00007f1c1417a000)]
  0x00007f1c340ca800 JavaThread "C2 CompilerThread2" daemon [_thread_blocked, id=8853, stack(0x00007f1c1417b000,0x00007f1c1427b000)]
  0x00007f1c340c9000 JavaThread "C2 CompilerThread1" daemon [_thread_blocked, id=8852, stack(0x00007f1c1427c000,0x00007f1c1437c000)]
  0x00007f1c340c6000 JavaThread "C2 CompilerThread0" daemon [_thread_blocked, id=8851, stack(0x00007f1c1437d000,0x00007f1c1447d000)]
  0x00007f1c340c4800 JavaThread "Signal Dispatcher" daemon [_thread_blocked, id=8850, stack(0x00007f1c1447d000,0x00007f1c1457e000)]
  0x00007f1c34092000 JavaThread "Finalizer" daemon [_thread_blocked, id=8849, stack(0x00007f1c1457e000,0x00007f1c1467f000)]
  0x00007f1c3408f800 JavaThread "Reference Handler" daemon [_thread_blocked, id=8848, stack(0x00007f1c1467f000,0x00007f1c14780000)]
=>0x00007f1c3400b800 JavaThread "main" [_thread_in_native, id=8836, stack(0x00007f1c3d411000,0x00007f1c3d511000)]

Other Threads:
  0x00007f1c34085800 VMThread [stack: 0x00007f1c14781000,0x00007f1c14881000] [id=8847]
  0x00007f1c340da800 WatcherThread [stack: 0x00007f1c0f430000,0x00007f1c0f530000] [id=8856]

VM state:not at safepoint (normal execution)

VM Mutex/Monitor currently owned by a thread: None

heap address: 0x00000005ccc00000, size: 7988 MB, Compressed Oops mode: Zero based, Oop shift amount: 3
Narrow klass base: 0x0000000000000000, Narrow klass shift: 3
Compressed class space size: 1073741824 Address: 0x00000007c0000000

Heap:
 PSYoungGen      total 149504K, used 15742K [0x0000000719980000, 0x0000000724000000, 0x00000007c0000000)
  eden space 128512K, 9% used [0x0000000719980000,0x000000071a51bd38,0x0000000721700000)
  from space 20992K, 18% used [0x0000000722b80000,0x0000000722f43db8,0x0000000724000000)
  to   space 20992K, 0% used [0x0000000721700000,0x0000000721700000,0x0000000722b80000)
 ParOldGen       total 341504K, used 16K [0x00000005ccc00000, 0x00000005e1980000, 0x0000000719980000)
  object space 341504K, 0% used [0x00000005ccc00000,0x00000005ccc04000,0x00000005e1980000)
 Metaspace       used 9275K, capacity 9537K, committed 9856K, reserved 1058816K
  class space    used 703K, capacity 807K, committed 896K, reserved 1048576K

Card table byte_map: [0x00007f1c38a11000,0x00007f1c399ac000] byte_map_base: 0x00007f1c35bab000

Marking Bits: (ParMarkBitMap*) 0x00007f1c3c6ab360
 Begin Bits: [0x00007f1bd8660000, 0x00007f1be0330000)
 End Bits:   [0x00007f1be0330000, 0x00007f1be8000000)

Polling page: 0x00007f1c3d52c000

CodeCache: size=245760Kb used=3725Kb max_used=3736Kb free=242034Kb
 bounds [0x00007f1c25000000, 0x00007f1c253b0000, 0x00007f1c34000000]
 total_blobs=1754 nmethods=855 adapters=814
 compilation: enabled

Compilation events (10 events):
Event: 1.502 Thread 0x00007f1c340cd000 nmethod 851 0x00007f1c2539fc90 code [0x00007f1c2539fea0, 0x00007f1c253a0548]
Event: 1.502 Thread 0x00007f1c340cd000  852       3       de.matthiasmann.twl.utils.PNGDecoder::copy (12 bytes)
Event: 1.503 Thread 0x00007f1c340cd000 nmethod 852 0x00007f1c25396890 code [0x00007f1c25396a00, 0x00007f1c25396c48]
Event: 1.503 Thread 0x00007f1c340cd000  853       3       java.nio.DirectByteBuffer::put (126 bytes)
Event: 1.503 Thread 0x00007f1c340cd000 nmethod 853 0x00007f1c2539efd0 code [0x00007f1c2539f1a0, 0x00007f1c2539f948]
Event: 1.505 Thread 0x00007f1c340c6000 nmethod 837 0x00007f1c253a7490 code [0x00007f1c253a7680, 0x00007f1c253a81e8]
Event: 1.508 Thread 0x00007f1c340cd000  854       3       java.io.UnixFileSystem::prefixLength (25 bytes)
Event: 1.509 Thread 0x00007f1c340cd000 nmethod 854 0x00007f1c253a6c50 code [0x00007f1c253a6de0, 0x00007f1c253a72a8]
Event: 1.511 Thread 0x00007f1c340cd000  855       3       java.util.Vector::elementData (7 bytes)
Event: 1.511 Thread 0x00007f1c340cd000 nmethod 855 0x00007f1c25393450 code [0x00007f1c253935c0, 0x00007f1c25393750]

GC Heap History (4 events):
Event: 1.079 GC heap before
{Heap before GC invocations=1 (full 0):
 PSYoungGen      total 149504K, used 128512K [0x0000000719980000, 0x0000000724000000, 0x00000007c0000000)
  eden space 128512K, 100% used [0x0000000719980000,0x0000000721700000,0x0000000721700000)
  from space 20992K, 0% used [0x0000000722b80000,0x0000000722b80000,0x0000000724000000)
  to   space 20992K, 0% used [0x0000000721700000,0x0000000721700000,0x0000000722b80000)
 ParOldGen       total 341504K, used 0K [0x00000005ccc00000, 0x00000005e1980000, 0x0000000719980000)
  object space 341504K, 0% used [0x00000005ccc00000,0x00000005ccc00000,0x00000005e1980000)
 Metaspace       used 8830K, capacity 9023K, committed 9216K, reserved 1058816K
  class space    used 676K, capacity 742K, committed 768K, reserved 1048576K
Event: 1.083 GC heap after
Heap after GC invocations=1 (full 0):
 PSYoungGen      total 149504K, used 9015K [0x0000000719980000, 0x0000000724000000, 0x00000007c0000000)
  eden space 128512K, 0% used [0x0000000719980000,0x0000000719980000,0x0000000721700000)
  from space 20992K, 42% used [0x0000000721700000,0x0000000721fcdce8,0x0000000722b80000)
  to   space 20992K, 0% used [0x0000000722b80000,0x0000000722b80000,0x0000000724000000)
 ParOldGen       total 341504K, used 8K [0x00000005ccc00000, 0x00000005e1980000, 0x0000000719980000)
  object space 341504K, 0% used [0x00000005ccc00000,0x00000005ccc02000,0x00000005e1980000)
 Metaspace       used 8830K, capacity 9023K, committed 9216K, reserved 1058816K
  class space    used 676K, capacity 742K, committed 768K, reserved 1048576K
}
Event: 1.470 GC heap before
{Heap before GC invocations=2 (full 0):
 PSYoungGen      total 149504K, used 137527K [0x0000000719980000, 0x0000000724000000, 0x00000007c0000000)
  eden space 128512K, 100% used [0x0000000719980000,0x0000000721700000,0x0000000721700000)
  from space 20992K, 42% used [0x0000000721700000,0x0000000721fcdce8,0x0000000722b80000)
  to   space 20992K, 0% used [0x0000000722b80000,0x0000000722b80000,0x0000000724000000)
 ParOldGen       total 341504K, used 8K [0x00000005ccc00000, 0x00000005e1980000, 0x0000000719980000)
  object space 341504K, 0% used [0x00000005ccc00000,0x00000005ccc02000,0x00000005e1980000)
 Metaspace       used 9210K, capacity 9409K, committed 9600K, reserved 1058816K
  class space    used 697K, capacity 807K, committed 896K, reserved 1048576K
Event: 1.472 GC heap after
Heap after GC invocations=2 (full 0):
 PSYoungGen      total 149504K, used 3855K [0x0000000719980000, 0x0000000724000000, 0x00000007c0000000)
  eden space 128512K, 0% used [0x0000000719980000,0x0000000719980000,0x0000000721700000)
  from space 20992K, 18% used [0x0000000722b80000,0x0000000722f43db8,0x0000000724000000)
  to   space 20992K, 0% used [0x0000000721700000,0x0000000721700000,0x0000000722b80000)
 ParOldGen       total 341504K, used 16K [0x00000005ccc00000, 0x00000005e1980000, 0x0000000719980000)
  object space 341504K, 0% used [0x00000005ccc00000,0x00000005ccc04000,0x00000005e1980000)
 Metaspace       used 9210K, capacity 9409K, committed 9600K, reserved 1058816K
  class space    used 697K, capacity 807K, committed 896K, reserved 1048576K
}

Deoptimization events (10 events):
Event: 0.813 Thread 0x00007f1c3400b800 Uncommon trap: reason=array_check action=maybe_recompile pc=0x00007f1c252a4398 method=java.util.AbstractCollection.toArray([Ljava/lang/Object;)[Ljava/lang/Object; @ 119
Event: 0.813 Thread 0x00007f1c3400b800 Uncommon trap: reason=array_check action=maybe_recompile pc=0x00007f1c252a4398 method=java.util.AbstractCollection.toArray([Ljava/lang/Object;)[Ljava/lang/Object; @ 119
Event: 0.819 Thread 0x00007f1c3400b800 Uncommon trap: reason=unstable_if action=reinterpret pc=0x00007f1c25295240 method=sun.misc.FloatingDecimal.readJavaFormatString(Ljava/lang/String;)Lsun/misc/FloatingDecimal$ASCIIToBinaryConverter; @ 235
Event: 0.819 Thread 0x00007f1c3400b800 Uncommon trap: reason=class_check action=maybe_recompile pc=0x00007f1c25290908 method=sun.misc.FloatingDecimal.parseFloat(Ljava/lang/String;)F @ 4
Event: 0.836 Thread 0x00007f1c3400b800 Uncommon trap: reason=class_check action=maybe_recompile pc=0x00007f1c25290908 method=sun.misc.FloatingDecimal.parseFloat(Ljava/lang/String;)F @ 4
Event: 0.849 Thread 0x00007f1c3400b800 Uncommon trap: reason=class_check action=maybe_recompile pc=0x00007f1c25290908 method=sun.misc.FloatingDecimal.parseFloat(Ljava/lang/String;)F @ 4
Event: 0.849 Thread 0x00007f1c3400b800 Uncommon trap: reason=class_check action=maybe_recompile pc=0x00007f1c25290908 method=sun.misc.FloatingDecimal.parseFloat(Ljava/lang/String;)F @ 4
Event: 1.431 Thread 0x00007f1c3400b800 Uncommon trap: reason=unstable_if action=reinterpret pc=0x00007f1c2534b674 method=files.OBJFile.read()Lmodels/Mesh; @ 369
Event: 1.434 Thread 0x00007f1c3400b800 Uncommon trap: reason=unstable_if action=reinterpret pc=0x00007f1c2532b17c method=java.util.ArrayList$Itr.hasNext()Z @ 11
Event: 1.488 Thread 0x00007f1c3400b800 Uncommon trap: reason=unstable_if action=reinterpret pc=0x00007f1c252cfa14 method=java.lang.String.split(Ljava/lang/String;I)[Ljava/lang/String; @ 8

Classes redefined (0 events):
No events

Internal exceptions (10 events):
Event: 0.101 Thread 0x00007f1c3400b800 Exception <a 'java/security/PrivilegedActionException'> (0x0000000719f5b390) thrown at [/build/openjdk-8-OqY7zN/openjdk-8-8u222-b10/src/hotspot/src/share/vm/prims/jvm.cpp, line 1502]
Event: 0.101 Thread 0x00007f1c3400b800 Exception <a 'java/security/PrivilegedActionException'> (0x0000000719f5b5a0) thrown at [/build/openjdk-8-OqY7zN/openjdk-8-8u222-b10/src/hotspot/src/share/vm/prims/jvm.cpp, line 1502]
Event: 0.102 Thread 0x00007f1c3400b800 Exception <a 'java/security/PrivilegedActionException'> (0x0000000719f5c078) thrown at [/build/openjdk-8-OqY7zN/openjdk-8-8u222-b10/src/hotspot/src/share/vm/prims/jvm.cpp, line 1502]
Event: 0.102 Thread 0x00007f1c3400b800 Exception <a 'java/security/PrivilegedActionException'> (0x0000000719f5c288) thrown at [/build/openjdk-8-OqY7zN/openjdk-8-8u222-b10/src/hotspot/src/share/vm/prims/jvm.cpp, line 1502]
Event: 0.109 Thread 0x00007f1c3400b800 Exception <a 'sun/nio/fs/UnixException'> (0x0000000719f893b0) thrown at [/build/openjdk-8-OqY7zN/openjdk-8-8u222-b10/src/hotspot/src/share/vm/prims/jni.cpp, line 710]
Event: 0.113 Thread 0x00007f1c3400b800 Exception <a 'sun/nio/fs/UnixException'> (0x0000000719fb3120) thrown at [/build/openjdk-8-OqY7zN/openjdk-8-8u222-b10/src/hotspot/src/share/vm/prims/jni.cpp, line 710]
Event: 0.590 Thread 0x00007f1c3400b800 Exception <a 'sun/nio/fs/UnixException'> (0x000000071a097318) thrown at [/build/openjdk-8-OqY7zN/openjdk-8-8u222-b10/src/hotspot/src/share/vm/prims/jni.cpp, line 710]
Event: 0.591 Thread 0x00007f1c3400b800 Exception <a 'sun/nio/fs/UnixException'> (0x000000071a09f8d8) thrown at [/build/openjdk-8-OqY7zN/openjdk-8-8u222-b10/src/hotspot/src/share/vm/prims/jni.cpp, line 710]
Event: 1.508 Thread 0x00007f1c3400b800 Exception <a 'java/io/FileNotFoundException'> (0x000000071a32ea38) thrown at [/build/openjdk-8-OqY7zN/openjdk-8-8u222-b10/src/hotspot/src/share/vm/prims/jni.cpp, line 710]
Event: 1.509 Thread 0x00007f1c3400b800 Exception <a 'java/io/FileNotFoundException'> (0x000000071a32f1d8) thrown at [/build/openjdk-8-OqY7zN/openjdk-8-8u222-b10/src/hotspot/src/share/vm/prims/jni.cpp, line 710]

Events (10 events):
Event: 1.508 loading class shaders/TextShader
Event: 1.508 loading class shaders/TextShader done
Event: 1.509 loading class GUI/FontRenderer
Event: 1.509 loading class GUI/FontRenderer done
Event: 1.509 loading class rendering/ModelBatch
Event: 1.509 loading class rendering/ModelBatch done
Event: 1.510 loading class math/Matrix
Event: 1.510 loading class math/Matrix done
Event: 1.510 loading class org/lwjgl/opengl/GL$ICDStatic$WriteOnce
Event: 1.510 loading class org/lwjgl/opengl/GL$ICDStatic$WriteOnce done


Dynamic libraries:
40b17000-40bc9000 rw-p 00000000 00:00 0 
4196a000-4196c000 r-xs 00000000 103:02 15728653                          /tmp/.glssKvqN (deleted)
5ccc00000-5e1980000 rw-p 00000000 00:00 0 
5e1980000-719980000 ---p 00000000 00:00 0 
719980000-724000000 rw-p 00000000 00:00 0 
724000000-7c0000000 ---p 00000000 00:00 0 
7c0000000-7c00e0000 rw-p 00000000 00:00 0 
7c00e0000-800000000 ---p 00000000 00:00 0 
5574dd946000-5574dd947000 r-xp 00000000 103:02 9838898                   /usr/lib/jvm/java-8-openjdk-amd64/jre/bin/java
5574ddb46000-5574ddb47000 r--p 00000000 103:02 9838898                   /usr/lib/jvm/java-8-openjdk-amd64/jre/bin/java
5574ddb47000-5574ddb48000 rw-p 00001000 103:02 9838898                   /usr/lib/jvm/java-8-openjdk-amd64/jre/bin/java
5574ddda5000-5574dddc6000 rw-p 00000000 00:00 0                          [heap]
7f1bb4000000-7f1bb4021000 rw-p 00000000 00:00 0 
7f1bb4021000-7f1bb8000000 ---p 00000000 00:00 0 
7f1bb8000000-7f1bb8021000 rw-p 00000000 00:00 0 
7f1bb8021000-7f1bbc000000 ---p 00000000 00:00 0 
7f1bbc000000-7f1bbc4df000 rw-p 00000000 00:00 0 
7f1bbc4df000-7f1bc0000000 ---p 00000000 00:00 0 
7f1bc0000000-7f1bc02ef000 rw-p 00000000 00:00 0 
7f1bc02ef000-7f1bc4000000 ---p 00000000 00:00 0 
7f1bc4000000-7f1bc5484000 rw-p 00000000 00:00 0 
7f1bc5484000-7f1bc8000000 ---p 00000000 00:00 0 
7f1bc8000000-7f1bc846d000 rw-p 00000000 00:00 0 
7f1bc846d000-7f1bcc000000 ---p 00000000 00:00 0 
7f1bcc000000-7f1bcc021000 rw-p 00000000 00:00 0 
7f1bcc021000-7f1bd0000000 ---p 00000000 00:00 0 
7f1bd0000000-7f1bd0021000 rw-p 00000000 00:00 0 
7f1bd0021000-7f1bd4000000 ---p 00000000 00:00 0 
7f1bd4000000-7f1bd4021000 rw-p 00000000 00:00 0 
7f1bd4021000-7f1bd8000000 ---p 00000000 00:00 0 
7f1bd8660000-7f1be8000000 rw-p 00000000 00:00 0 
7f1be8000000-7f1be8021000 rw-p 00000000 00:00 0 
7f1be8021000-7f1bec000000 ---p 00000000 00:00 0 
7f1bec000000-7f1bec021000 rw-p 00000000 00:00 0 
7f1bec021000-7f1bf0000000 ---p 00000000 00:00 0 
7f1bf0000000-7f1bf0021000 rw-p 00000000 00:00 0 
7f1bf0021000-7f1bf4000000 ---p 00000000 00:00 0 
7f1bf572a000-7f1bf5f2c000 rw-p 00000000 00:00 0 
7f1bf5f2c000-7f1bf632c000 rw-s 00000000 00:06 577                        /dev/nvidiactl
7f1bf632c000-7f1bf7595000 r-xp 00000000 103:02 9840564                   /usr/lib/x86_64-linux-gnu/libnvidia-glcore.so.430.34
7f1bf7595000-7f1bf75b6000 rwxp 01269000 103:02 9840564                   /usr/lib/x86_64-linux-gnu/libnvidia-glcore.so.430.34
7f1bf75b6000-7f1bf7ab0000 r-xp 0128a000 103:02 9840564                   /usr/lib/x86_64-linux-gnu/libnvidia-glcore.so.430.34
7f1bf7ab0000-7f1bf7caf000 ---p 01784000 103:02 9840564                   /usr/lib/x86_64-linux-gnu/libnvidia-glcore.so.430.34
7f1bf7caf000-7f1bf7fe4000 rw-p 01783000 103:02 9840564                   /usr/lib/x86_64-linux-gnu/libnvidia-glcore.so.430.34
7f1bf7fe4000-7f1bf8000000 rw-p 00000000 00:00 0 
7f1bf8000000-7f1bf8021000 rw-p 00000000 00:00 0 
7f1bf8021000-7f1bfc000000 ---p 00000000 00:00 0 
7f1bfc000000-7f1bfc021000 rw-p 00000000 00:00 0 
7f1bfc021000-7f1c00000000 ---p 00000000 00:00 0 
7f1c00000000-7f1c00021000 rw-p 00000000 00:00 0 
7f1c00021000-7f1c04000000 ---p 00000000 00:00 0 
7f1c0434f000-7f1c0454f000 rw-s 00000000 00:06 577                        /dev/nvidiactl
7f1c0454f000-7f1c0460f000 rw-p 00000000 00:00 0 
7f1c0460f000-7f1c0474f000 ---p 00000000 00:00 0 
7f1c0474f000-7f1c0478f000 rw-s 00000000 08:01 16254236                   /home/sam/#16254236 (deleted)
7f1c0478f000-7f1c047cf000 r-xs 00000000 08:01 16254236                   /home/sam/#16254236 (deleted)
7f1c047cf000-7f1c04827000 r-xp 00000000 103:02 18483175                  /tmp/lwjglsam/3.2.3-build-13/liblwjgl_opengl.so
7f1c04827000-7f1c04a26000 ---p 00058000 103:02 18483175                  /tmp/lwjglsam/3.2.3-build-13/liblwjgl_opengl.so
7f1c04a26000-7f1c04a27000 r--p 00057000 103:02 18483175                  /tmp/lwjglsam/3.2.3-build-13/liblwjgl_opengl.so
7f1c04a27000-7f1c04a28000 rw-p 00058000 103:02 18483175                  /tmp/lwjglsam/3.2.3-build-13/liblwjgl_opengl.so
7f1c04a28000-7f1c04aa8000 rw-s 00000000 00:06 577                        /dev/nvidiactl
7f1c04aa8000-7f1c04aaa000 rw-s 00000000 103:02 15728653                  /tmp/.glssKvqN (deleted)
7f1c04aaa000-7f1c04b2a000 rw-s 00000000 00:06 577                        /dev/nvidiactl
7f1c04b2a000-7f1c04baa000 rw-s 00000000 00:06 577                        /dev/nvidiactl
7f1c04baa000-7f1c04caa000 rw-s 00000000 00:06 577                        /dev/nvidiactl
7f1c04caa000-7f1c04cbd000 rw-s 00000000 00:06 577                        /dev/nvidiactl
7f1c04cbd000-7f1c04ccd000 rw-s 00000000 00:06 578                        /dev/nvidia0
7f1c04ccd000-7f1c04cd1000 rw-s 00000000 00:06 577                        /dev/nvidiactl
7f1c04cd1000-7f1c04d11000 rw-s 00000000 00:06 577                        /dev/nvidiactl
7f1c04d11000-7f1c04d31000 rw-s 00000000 00:06 577                        /dev/nvidiactl
7f1c04d31000-7f1c04d71000 rw-s 00000000 00:06 577                        /dev/nvidiactl
7f1c04d71000-7f1c04d91000 rw-s 00000000 00:06 577                        /dev/nvidiactl
7f1c04d91000-7f1c04dd1000 rw-s 00000000 00:06 577                        /dev/nvidiactl
7f1c04dd1000-7f1c04de1000 r-xp 00000000 103:02 9840432                   /usr/lib/x86_64-linux-gnu/libdrm.so.2.4.0
7f1c04de1000-7f1c04fe0000 ---p 00010000 103:02 9840432                   /usr/lib/x86_64-linux-gnu/libdrm.so.2.4.0
7f1c04fe0000-7f1c04fe1000 r--p 0000f000 103:02 9840432                   /usr/lib/x86_64-linux-gnu/libdrm.so.2.4.0
7f1c04fe1000-7f1c04fe2000 rw-p 00010000 103:02 9840432                   /usr/lib/x86_64-linux-gnu/libdrm.so.2.4.0
7f1c04fe2000-7f1c050e7000 rw-s 00000000 00:06 577                        /dev/nvidiactl
7f1c050e7000-7f1c050ea000 r-xp 00000000 103:02 9840568                   /usr/lib/x86_64-linux-gnu/libnvidia-tls.so.430.34
7f1c050ea000-7f1c052ea000 ---p 00003000 103:02 9840568                   /usr/lib/x86_64-linux-gnu/libnvidia-tls.so.430.34
7f1c052ea000-7f1c052eb000 rw-p 00003000 103:02 9840568                   /usr/lib/x86_64-linux-gnu/libnvidia-tls.so.430.34
7f1c052eb000-7f1c0539a000 r-xp 00000000 103:02 9840561                   /usr/lib/x86_64-linux-gnu/libGLX_nvidia.so.430.34
7f1c0539a000-7f1c053cf000 rwxp 000af000 103:02 9840561                   /usr/lib/x86_64-linux-gnu/libGLX_nvidia.so.430.34
7f1c053cf000-7f1c053de000 r-xp 000e4000 103:02 9840561                   /usr/lib/x86_64-linux-gnu/libGLX_nvidia.so.430.34
7f1c053de000-7f1c055de000 ---p 000f3000 103:02 9840561                   /usr/lib/x86_64-linux-gnu/libGLX_nvidia.so.430.34
7f1c055de000-7f1c05602000 rw-p 000f3000 103:02 9840561                   /usr/lib/x86_64-linux-gnu/libGLX_nvidia.so.430.34
7f1c05602000-7f1c05604000 rw-p 00000000 00:00 0 
7f1c05604000-7f1c05646000 r-xp 00000000 103:02 9837994                   /usr/lib/x86_64-linux-gnu/libGLdispatch.so.0.0.0
7f1c05646000-7f1c0565f000 r-xp 00042000 103:02 9837994                   /usr/lib/x86_64-linux-gnu/libGLdispatch.so.0.0.0
7f1c0565f000-7f1c05672000 r-xp 0005b000 103:02 9837994                   /usr/lib/x86_64-linux-gnu/libGLdispatch.so.0.0.0
7f1c05672000-7f1c05871000 ---p 0006e000 103:02 9837994                   /usr/lib/x86_64-linux-gnu/libGLdispatch.so.0.0.0
7f1c05871000-7f1c05899000 r--p 0006d000 103:02 9837994                   /usr/lib/x86_64-linux-gnu/libGLdispatch.so.0.0.0
7f1c05899000-7f1c0589a000 rw-p 00095000 103:02 9837994                   /usr/lib/x86_64-linux-gnu/libGLdispatch.so.0.0.0
7f1c0589a000-7f1c058ba000 rw-p 00000000 00:00 0 
7f1c058ba000-7f1c058ca000 r-xp 00000000 103:02 9837992                   /usr/lib/x86_64-linux-gnu/libGLX.so.0.0.0
7f1c058ca000-7f1c05ac9000 ---p 00010000 103:02 9837992                   /usr/lib/x86_64-linux-gnu/libGLX.so.0.0.0
7f1c05ac9000-7f1c05aca000 r--p 0000f000 103:02 9837992                   /usr/lib/x86_64-linux-gnu/libGLX.so.0.0.0
7f1c05aca000-7f1c05acb000 rw-p 00010000 103:02 9837992                   /usr/lib/x86_64-linux-gnu/libGLX.so.0.0.0
7f1c05acb000-7f1c05aeb000 rw-p 00000000 00:00 0 
7f1c05aeb000-7f1c05b2f000 r-xp 00000000 103:02 9837986                   /usr/lib/x86_64-linux-gnu/libGL.so.1.0.0
7f1c05b2f000-7f1c05b48000 r-xp 00044000 103:02 9837986                   /usr/lib/x86_64-linux-gnu/libGL.so.1.0.0
7f1c05b48000-7f1c05b5c000 r-xp 0005d000 103:02 9837986                   /usr/lib/x86_64-linux-gnu/libGL.so.1.0.0
7f1c05b5c000-7f1c05d5b000 ---p 00071000 103:02 9837986                   /usr/lib/x86_64-linux-gnu/libGL.so.1.0.0
7f1c05d5b000-7f1c05d75000 r--p 00070000 103:02 9837986                   /usr/lib/x86_64-linux-gnu/libGL.so.1.0.0
7f1c05d75000-7f1c05d76000 rw-p 0008a000 103:02 9837986                   /usr/lib/x86_64-linux-gnu/libGL.so.1.0.0
7f1c05d76000-7f1c05d77000 rw-p 00000000 00:00 0 
7f1c05d77000-7f1c05d78000 r-xp 00000000 103:02 9840453                   /usr/lib/x86_64-linux-gnu/libX11-xcb.so.1.0.0
7f1c05d78000-7f1c05f77000 ---p 00001000 103:02 9840453                   /usr/lib/x86_64-linux-gnu/libX11-xcb.so.1.0.0
7f1c05f77000-7f1c05f78000 r--p 00000000 103:02 9840453                   /usr/lib/x86_64-linux-gnu/libX11-xcb.so.1.0.0
7f1c05f78000-7f1c05f79000 rw-p 00001000 103:02 9840453                   /usr/lib/x86_64-linux-gnu/libX11-xcb.so.1.0.0
7f1c05f79000-7f1c05f7b000 r-xp 00000000 103:02 9838067                   /usr/lib/x86_64-linux-gnu/libXinerama.so.1.0.0
7f1c05f7b000-7f1c0617a000 ---p 00002000 103:02 9838067                   /usr/lib/x86_64-linux-gnu/libXinerama.so.1.0.0
7f1c0617a000-7f1c0617b000 r--p 00001000 103:02 9838067                   /usr/lib/x86_64-linux-gnu/libXinerama.so.1.0.0
7f1c0617b000-7f1c0617c000 rw-p 00002000 103:02 9838067                   /usr/lib/x86_64-linux-gnu/libXinerama.so.1.0.0
7f1c0617c000-7f1c06181000 r-xp 00000000 103:02 9838059                   /usr/lib/x86_64-linux-gnu/libXfixes.so.3.1.0
7f1c06181000-7f1c06380000 ---p 00005000 103:02 9838059                   /usr/lib/x86_64-linux-gnu/libXfixes.so.3.1.0
7f1c06380000-7f1c06381000 r--p 00004000 103:02 9838059                   /usr/lib/x86_64-linux-gnu/libXfixes.so.3.1.0
7f1c06381000-7f1c06382000 rw-p 00005000 103:02 9838059                   /usr/lib/x86_64-linux-gnu/libXfixes.so.3.1.0
7f1c06382000-7f1c0638b000 r-xp 00000000 103:02 9838051                   /usr/lib/x86_64-linux-gnu/libXcursor.so.1.0.2
7f1c0638b000-7f1c0658a000 ---p 00009000 103:02 9838051                   /usr/lib/x86_64-linux-gnu/libXcursor.so.1.0.2
7f1c0658a000-7f1c0658b000 r--p 00008000 103:02 9838051                   /usr/lib/x86_64-linux-gnu/libXcursor.so.1.0.2
7f1c0658b000-7f1c0658c000 rw-p 00009000 103:02 9838051                   /usr/lib/x86_64-linux-gnu/libXcursor.so.1.0.2
7f1c0658c000-7f1c06595000 r-xp 00000000 103:02 9838077                   /usr/lib/x86_64-linux-gnu/libXrender.so.1.3.0
7f1c06595000-7f1c06794000 ---p 00009000 103:02 9838077                   /usr/lib/x86_64-linux-gnu/libXrender.so.1.3.0
7f1c06794000-7f1c06795000 r--p 00008000 103:02 9838077                   /usr/lib/x86_64-linux-gnu/libXrender.so.1.3.0
7f1c06795000-7f1c06796000 rw-p 00009000 103:02 9838077                   /usr/lib/x86_64-linux-gnu/libXrender.so.1.3.0
7f1c06796000-7f1c067a0000 r-xp 00000000 103:02 9838075                   /usr/lib/x86_64-linux-gnu/libXrandr.so.2.2.0
7f1c067a0000-7f1c0699f000 ---p 0000a000 103:02 9838075                   /usr/lib/x86_64-linux-gnu/libXrandr.so.2.2.0
7f1c0699f000-7f1c069a0000 r--p 00009000 103:02 9838075                   /usr/lib/x86_64-linux-gnu/libXrandr.so.2.2.0
7f1c069a0000-7f1c069a1000 rw-p 0000a000 103:02 9838075                   /usr/lib/x86_64-linux-gnu/libXrandr.so.2.2.0
7f1c069a1000-7f1c069b0000 r-xp 00000000 103:02 9838065                   /usr/lib/x86_64-linux-gnu/libXi.so.6.1.0
7f1c069b0000-7f1c06baf000 ---p 0000f000 103:02 9838065                   /usr/lib/x86_64-linux-gnu/libXi.so.6.1.0
7f1c06baf000-7f1c06bb0000 r--p 0000e000 103:02 9838065                   /usr/lib/x86_64-linux-gnu/libXi.so.6.1.0
7f1c06bb0000-7f1c06bb1000 rw-p 0000f000 103:02 9838065                   /usr/lib/x86_64-linux-gnu/libXi.so.6.1.0
7f1c06bb1000-7f1c06bc2000 r-xp 00000000 103:02 9838057                   /usr/lib/x86_64-linux-gnu/libXext.so.6.4.0
7f1c06bc2000-7f1c06dc1000 ---p 00011000 103:02 9838057                   /usr/lib/x86_64-linux-gnu/libXext.so.6.4.0
7f1c06dc1000-7f1c06dc2000 r--p 00010000 103:02 9838057                   /usr/lib/x86_64-linux-gnu/libXext.so.6.4.0
7f1c06dc2000-7f1c06dc3000 rw-p 00011000 103:02 9838057                   /usr/lib/x86_64-linux-gnu/libXext.so.6.4.0
7f1c06dc3000-7f1c06dc8000 r-xp 00000000 103:02 9838093                   /usr/lib/x86_64-linux-gnu/libXxf86vm.so.1.0.0
7f1c06dc8000-7f1c06fc7000 ---p 00005000 103:02 9838093                   /usr/lib/x86_64-linux-gnu/libXxf86vm.so.1.0.0
7f1c06fc7000-7f1c06fc8000 r--p 00004000 103:02 9838093                   /usr/lib/x86_64-linux-gnu/libXxf86vm.so.1.0.0
7f1c06fc8000-7f1c06fc9000 rw-p 00005000 103:02 9838093                   /usr/lib/x86_64-linux-gnu/libXxf86vm.so.1.0.0
7f1c06fc9000-7f1c06fdc000 r-xp 00000000 103:02 22942382                  /lib/x86_64-linux-gnu/libbsd.so.0.8.7
7f1c06fdc000-7f1c071db000 ---p 00013000 103:02 22942382                  /lib/x86_64-linux-gnu/libbsd.so.0.8.7
7f1c071db000-7f1c071dc000 r--p 00012000 103:02 22942382                  /lib/x86_64-linux-gnu/libbsd.so.0.8.7
7f1c071dc000-7f1c071dd000 rw-p 00013000 103:02 22942382                  /lib/x86_64-linux-gnu/libbsd.so.0.8.7
7f1c071dd000-7f1c071de000 rw-p 00000000 00:00 0 
7f1c071de000-7f1c071e3000 r-xp 00000000 103:02 9838055                   /usr/lib/x86_64-linux-gnu/libXdmcp.so.6.0.0
7f1c071e3000-7f1c073e2000 ---p 00005000 103:02 9838055                   /usr/lib/x86_64-linux-gnu/libXdmcp.so.6.0.0
7f1c073e2000-7f1c073e3000 r--p 00004000 103:02 9838055                   /usr/lib/x86_64-linux-gnu/libXdmcp.so.6.0.0
7f1c073e3000-7f1c073e4000 rw-p 00005000 103:02 9838055                   /usr/lib/x86_64-linux-gnu/libXdmcp.so.6.0.0
7f1c073e4000-7f1c073e6000 r-xp 00000000 103:02 9838044                   /usr/lib/x86_64-linux-gnu/libXau.so.6.0.0
7f1c073e6000-7f1c075e6000 ---p 00002000 103:02 9838044                   /usr/lib/x86_64-linux-gnu/libXau.so.6.0.0
7f1c075e6000-7f1c075e7000 r--p 00002000 103:02 9838044                   /usr/lib/x86_64-linux-gnu/libXau.so.6.0.0
7f1c075e7000-7f1c075e8000 rw-p 00003000 103:02 9838044                   /usr/lib/x86_64-linux-gnu/libXau.so.6.0.0
7f1c075e8000-7f1c0760e000 r-xp 00000000 103:02 9840409                   /usr/lib/x86_64-linux-gnu/libxcb.so.1.1.0
7f1c0760e000-7f1c0780e000 ---p 00026000 103:02 9840409                   /usr/lib/x86_64-linux-gnu/libxcb.so.1.1.0
7f1c0780e000-7f1c0780f000 r--p 00026000 103:02 9840409                   /usr/lib/x86_64-linux-gnu/libxcb.so.1.1.0
7f1c0780f000-7f1c07810000 rw-p 00027000 103:02 9840409                   /usr/lib/x86_64-linux-gnu/libxcb.so.1.1.0
7f1c07810000-7f1c07943000 r-xp 00000000 103:02 9839217                   /usr/lib/x86_64-linux-gnu/libX11.so.6.3.0
7f1c07943000-7f1c07b43000 ---p 00133000 103:02 9839217                   /usr/lib/x86_64-linux-gnu/libX11.so.6.3.0
7f1c07b43000-7f1c07b44000 r--p 00133000 103:02 9839217                   /usr/lib/x86_64-linux-gnu/libX11.so.6.3.0
7f1c07b44000-7f1c07b48000 rw-p 00134000 103:02 9839217                   /usr/lib/x86_64-linux-gnu/libX11.so.6.3.0
7f1c07b48000-7f1c07b8b000 r-xp 00000000 103:02 18483174                  /tmp/lwjglsam/3.2.3-build-13/libglfw.so
7f1c07b8b000-7f1c07d8a000 ---p 00043000 103:02 18483174                  /tmp/lwjglsam/3.2.3-build-13/libglfw.so
7f1c07d8a000-7f1c07d8b000 r--p 00042000 103:02 18483174                  /tmp/lwjglsam/3.2.3-build-13/libglfw.so
7f1c07d8b000-7f1c07d8d000 rw-p 00043000 103:02 18483174                  /tmp/lwjglsam/3.2.3-build-13/libglfw.so
7f1c07d8d000-7f1c07dae000 rw-p 00000000 00:00 0 
7f1c07dae000-7f1c07dff000 r-xp 00000000 103:02 18483173                  /tmp/lwjglsam/3.2.3-build-13/liblwjgl.so
7f1c07dff000-7f1c07ffe000 ---p 00051000 103:02 18483173                  /tmp/lwjglsam/3.2.3-build-13/liblwjgl.so
7f1c07ffe000-7f1c07fff000 r--p 00050000 103:02 18483173                  /tmp/lwjglsam/3.2.3-build-13/liblwjgl.so
7f1c07fff000-7f1c08000000 rw-p 00051000 103:02 18483173                  /tmp/lwjglsam/3.2.3-build-13/liblwjgl.so
7f1c08000000-7f1c08021000 rw-p 00000000 00:00 0 
7f1c08021000-7f1c0c000000 ---p 00000000 00:00 0 
7f1c0c001000-7f1c0c002000 rw-s 00000000 00:06 577                        /dev/nvidiactl
7f1c0c002000-7f1c0c003000 rw-s 00000000 00:06 578                        /dev/nvidia0
7f1c0c003000-7f1c0c004000 rw-s 00000000 00:06 578                        /dev/nvidia0
7f1c0c004000-7f1c0c005000 rw-s 00000000 00:06 578                        /dev/nvidia0
7f1c0c005000-7f1c0f006000 rw-p 00000000 00:00 0 
7f1c0f006000-7f1c0f01c000 r-xp 00000000 103:02 9839031                   /usr/lib/jvm/java-8-openjdk-amd64/jre/lib/amd64/libnet.so
7f1c0f01c000-7f1c0f21b000 ---p 00016000 103:02 9839031                   /usr/lib/jvm/java-8-openjdk-amd64/jre/lib/amd64/libnet.so
7f1c0f21b000-7f1c0f21c000 r--p 00015000 103:02 9839031                   /usr/lib/jvm/java-8-openjdk-amd64/jre/lib/amd64/libnet.so
7f1c0f21c000-7f1c0f21d000 rw-p 00016000 103:02 9839031                   /usr/lib/jvm/java-8-openjdk-amd64/jre/lib/amd64/libnet.so
7f1c0f21d000-7f1c0f22e000 r-xp 00000000 103:02 9839036                   /usr/lib/jvm/java-8-openjdk-amd64/jre/lib/amd64/libnio.so
7f1c0f22e000-7f1c0f42d000 ---p 00011000 103:02 9839036                   /usr/lib/jvm/java-8-openjdk-amd64/jre/lib/amd64/libnio.so
7f1c0f42d000-7f1c0f42e000 r--p 00010000 103:02 9839036                   /usr/lib/jvm/java-8-openjdk-amd64/jre/lib/amd64/libnio.so
7f1c0f42e000-7f1c0f42f000 rw-p 00011000 103:02 9839036                   /usr/lib/jvm/java-8-openjdk-amd64/jre/lib/amd64/libnio.so
7f1c0f42f000-7f1c0f430000 ---p 00000000 00:00 0 
7f1c0f430000-7f1c0f530000 rw-p 00000000 00:00 0 
7f1c0f530000-7f1c0f533000 ---p 00000000 00:00 0 
7f1c0f533000-7f1c0f631000 rw-p 00000000 00:00 0 
7f1c0f631000-7f1c10000000 r--p 00000000 103:02 9837060                   /usr/lib/locale/locale-archive
7f1c10000000-7f1c10021000 rw-p 00000000 00:00 0 
7f1c10021000-7f1c14000000 ---p 00000000 00:00 0 
7f1c14020000-7f1c14021000 rw-s 00000000 00:06 577                        /dev/nvidiactl
7f1c14021000-7f1c14022000 rw-s 00000000 00:06 577                        /dev/nvidiactl
7f1c14022000-7f1c14029000 r--s 00000000 103:02 10095718                  /usr/lib/x86_64-linux-gnu/gconv/gconv-modules.cache
7f1c14029000-7f1c1402a000 r--s 0002c000 08:01 21106431                   /home/sam/Downloads/lwjgl-3.2.3/lwjgl-stb/lwjgl-stb-natives-linux-arm64.jar
7f1c1402a000-7f1c1402b000 r--s 00030000 08:01 21106432                   /home/sam/Downloads/lwjgl-3.2.3/lwjgl-stb/lwjgl-stb-natives-linux.jar
7f1c1402b000-7f1c1402d000 r--s 00018000 08:01 21106437                   /home/sam/Downloads/lwjgl-3.2.3/lwjgl-stb/lwjgl-stb.jar
7f1c1402d000-7f1c14040000 r--s 00346000 103:02 9839324                   /usr/lib/jvm/java-8-openjdk-amd64/jre/lib/resources.jar
7f1c14040000-7f1c14041000 r--s 00002000 08:01 16253464                   /home/sam/Downloads/pngdecoder-1.0.jar
7f1c14041000-7f1c14042000 r--s 00022000 08:01 17960234                   /home/sam/Downloads/lwjgl-3.2.3/lwjgl-glfw/lwjgl-glfw-natives-linux-arm64.jar
7f1c14042000-7f1c14045000 r--s 00018000 08:01 17960240                   /home/sam/Downloads/lwjgl-3.2.3/lwjgl-glfw/lwjgl-glfw.jar
7f1c14045000-7f1c14047000 r--s 0000d000 08:01 19795215                   /home/sam/Downloads/lwjgl-3.2.3/lwjgl-opengl/lwjgl-opengl-natives-linux-arm64.jar
7f1c14047000-7f1c14052000 r--s 000da000 08:01 19795221                   /home/sam/Downloads/lwjgl-3.2.3/lwjgl-opengl/lwjgl-opengl.jar
7f1c14052000-7f1c14059000 r--s 00081000 08:01 16518147                   /home/sam/Downloads/lwjgl-3.2.3/lwjgl/lwjgl.jar
7f1c14059000-7f1c1405e000 r--s 0003c000 103:02 9839214                   /usr/lib/jvm/java-8-openjdk-amd64/jre/lib/ext/sunjce_provider.jar
7f1c1405e000-7f1c14079000 r--s 001d6000 103:02 9839212                   /usr/lib/jvm/java-8-openjdk-amd64/jre/lib/ext/nashorn.jar
7f1c14079000-7f1c1407a000 ---p 00000000 00:00 0 
7f1c1407a000-7f1c1407d000 ---p 00000000 00:00 0 
7f1c1407d000-7f1c1417a000 rw-p 00000000 00:00 0 
7f1c1417a000-7f1c1417b000 ---p 00000000 00:00 0 
7f1c1417b000-7f1c1417e000 ---p 00000000 00:00 0 
7f1c1417e000-7f1c1427b000 rw-p 00000000 00:00 0 
7f1c1427b000-7f1c1427c000 ---p 00000000 00:00 0 
7f1c1427c000-7f1c1427f000 ---p 00000000 00:00 0 
7f1c1427f000-7f1c1437c000 rw-p 00000000 00:00 0 
7f1c1437c000-7f1c1437d000 ---p 00000000 00:00 0 
7f1c1437d000-7f1c14380000 ---p 00000000 00:00 0 
7f1c14380000-7f1c1447d000 rw-p 00000000 00:00 0 
7f1c1447d000-7f1c14480000 ---p 00000000 00:00 0 
7f1c14480000-7f1c1457e000 rw-p 00000000 00:00 0 
7f1c1457e000-7f1c14581000 ---p 00000000 00:00 0 
7f1c14581000-7f1c1467f000 rw-p 00000000 00:00 0 
7f1c1467f000-7f1c14682000 ---p 00000000 00:00 0 
7f1c14682000-7f1c14780000 rw-p 00000000 00:00 0 
7f1c14780000-7f1c14781000 ---p 00000000 00:00 0 
7f1c14781000-7f1c18000000 rw-p 00000000 00:00 0 
7f1c18000000-7f1c18021000 rw-p 00000000 00:00 0 
7f1c18021000-7f1c1c000000 ---p 00000000 00:00 0 
7f1c1c000000-7f1c1c021000 rw-p 00000000 00:00 0 
7f1c1c021000-7f1c20000000 ---p 00000000 00:00 0 
7f1c20000000-7f1c20021000 rw-p 00000000 00:00 0 
7f1c20021000-7f1c24000000 ---p 00000000 00:00 0 
7f1c24000000-7f1c24001000 r--s 00026000 08:01 17960235                   /home/sam/Downloads/lwjgl-3.2.3/lwjgl-glfw/lwjgl-glfw-natives-linux.jar
7f1c24001000-7f1c24002000 r--s 00013000 08:01 19795216                   /home/sam/Downloads/lwjgl-3.2.3/lwjgl-opengl/lwjgl-opengl-natives-linux.jar
7f1c24002000-7f1c24003000 r--s 0000c000 08:01 16517972                   /home/sam/Downloads/lwjgl-3.2.3/lwjgl/lwjgl-natives-linux-arm64.jar
7f1c24003000-7f1c242f8000 rw-p 00000000 00:00 0 
7f1c242f8000-7f1c244c8000 r--s 03c5c000 103:02 9839328                   /usr/lib/jvm/java-8-openjdk-amd64/jre/lib/rt.jar
7f1c244c8000-7f1c24640000 rw-p 00000000 00:00 0 
7f1c24640000-7f1c25000000 ---p 00000000 00:00 0 
7f1c25000000-7f1c253b0000 rwxp 00000000 00:00 0 
7f1c253b0000-7f1c34000000 ---p 00000000 00:00 0 
7f1c34000000-7f1c35183000 rw-p 00000000 00:00 0 
7f1c35183000-7f1c38000000 ---p 00000000 00:00 0 
7f1c38000000-7f1c38001000 r--s 00012000 08:01 16517973                   /home/sam/Downloads/lwjgl-3.2.3/lwjgl/lwjgl-natives-linux.jar
7f1c38001000-7f1c38004000 r--s 00039000 103:02 9839215                   /usr/lib/jvm/java-8-openjdk-amd64/jre/lib/ext/sunpkcs11.jar
7f1c38004000-7f1c38007000 r--s 0000f000 103:02 9839204                   /usr/lib/jvm/java-8-openjdk-amd64/jre/lib/ext/icedtea-sound.jar
7f1c38007000-7f1c38008000 ---p 00000000 00:00 0 
7f1c38008000-7f1c38108000 rw-p 00000000 00:00 0 
7f1c38108000-7f1c38109000 ---p 00000000 00:00 0 
7f1c38109000-7f1c38209000 rw-p 00000000 00:00 0 
7f1c38209000-7f1c3820a000 ---p 00000000 00:00 0 
7f1c3820a000-7f1c3830a000 rw-p 00000000 00:00 0 
7f1c3830a000-7f1c3830b000 ---p 00000000 00:00 0 
7f1c3830b000-7f1c3840b000 rw-p 00000000 00:00 0 
7f1c3840b000-7f1c3840c000 ---p 00000000 00:00 0 
7f1c3840c000-7f1c3850c000 rw-p 00000000 00:00 0 
7f1c3850c000-7f1c3850d000 ---p 00000000 00:00 0 
7f1c3850d000-7f1c3860d000 rw-p 00000000 00:00 0 
7f1c3860d000-7f1c3860e000 ---p 00000000 00:00 0 
7f1c3860e000-7f1c3870e000 rw-p 00000000 00:00 0 
7f1c3870e000-7f1c3870f000 ---p 00000000 00:00 0 
7f1c3870f000-7f1c3880f000 rw-p 00000000 00:00 0 
7f1c3880f000-7f1c38810000 ---p 00000000 00:00 0 
7f1c38810000-7f1c38910000 rw-p 00000000 00:00 0 
7f1c38910000-7f1c38911000 ---p 00000000 00:00 0 
7f1c38911000-7f1c38ab8000 rw-p 00000000 00:00 0 
7f1c38ab8000-7f1c39477000 ---p 00000000 00:00 0 
7f1c39477000-7f1c394cb000 rw-p 00000000 00:00 0 
7f1c394cb000-7f1c399ab000 ---p 00000000 00:00 0 
7f1c399ab000-7f1c399bb000 rw-p 00000000 00:00 0 
7f1c399bb000-7f1c39d6c000 ---p 00000000 00:00 0 
7f1c39d6c000-7f1c39d74000 r-xp 00000000 103:02 9839091                   /usr/lib/jvm/java-8-openjdk-amd64/jre/lib/amd64/libzip.so
7f1c39d74000-7f1c39f73000 ---p 00008000 103:02 9839091                   /usr/lib/jvm/java-8-openjdk-amd64/jre/lib/amd64/libzip.so
7f1c39f73000-7f1c39f74000 r--p 00007000 103:02 9839091                   /usr/lib/jvm/java-8-openjdk-amd64/jre/lib/amd64/libzip.so
7f1c39f74000-7f1c39f75000 rw-p 00008000 103:02 9839091                   /usr/lib/jvm/java-8-openjdk-amd64/jre/lib/amd64/libzip.so
7f1c39f75000-7f1c39f80000 r-xp 00000000 103:02 22942476                  /lib/x86_64-linux-gnu/libnss_files-2.27.so
7f1c39f80000-7f1c3a17f000 ---p 0000b000 103:02 22942476                  /lib/x86_64-linux-gnu/libnss_files-2.27.so
7f1c3a17f000-7f1c3a180000 r--p 0000a000 103:02 22942476                  /lib/x86_64-linux-gnu/libnss_files-2.27.so
7f1c3a180000-7f1c3a181000 rw-p 0000b000 103:02 22942476                  /lib/x86_64-linux-gnu/libnss_files-2.27.so
7f1c3a181000-7f1c3a187000 rw-p 00000000 00:00 0 
7f1c3a187000-7f1c3a19e000 r-xp 00000000 103:02 22942470                  /lib/x86_64-linux-gnu/libnsl-2.27.so
7f1c3a19e000-7f1c3a39d000 ---p 00017000 103:02 22942470                  /lib/x86_64-linux-gnu/libnsl-2.27.so
7f1c3a39d000-7f1c3a39e000 r--p 00016000 103:02 22942470                  /lib/x86_64-linux-gnu/libnsl-2.27.so
7f1c3a39e000-7f1c3a39f000 rw-p 00017000 103:02 22942470                  /lib/x86_64-linux-gnu/libnsl-2.27.so
7f1c3a39f000-7f1c3a3a1000 rw-p 00000000 00:00 0 
7f1c3a3a1000-7f1c3a3ac000 r-xp 00000000 103:02 22942487                  /lib/x86_64-linux-gnu/libnss_nis-2.27.so
7f1c3a3ac000-7f1c3a5ab000 ---p 0000b000 103:02 22942487                  /lib/x86_64-linux-gnu/libnss_nis-2.27.so
7f1c3a5ab000-7f1c3a5ac000 r--p 0000a000 103:02 22942487                  /lib/x86_64-linux-gnu/libnss_nis-2.27.so
7f1c3a5ac000-7f1c3a5ad000 rw-p 0000b000 103:02 22942487                  /lib/x86_64-linux-gnu/libnss_nis-2.27.so
7f1c3a5ad000-7f1c3a5b5000 r-xp 00000000 103:02 22942472                  /lib/x86_64-linux-gnu/libnss_compat-2.27.so
7f1c3a5b5000-7f1c3a7b5000 ---p 00008000 103:02 22942472                  /lib/x86_64-linux-gnu/libnss_compat-2.27.so
7f1c3a7b5000-7f1c3a7b6000 r--p 00008000 103:02 22942472                  /lib/x86_64-linux-gnu/libnss_compat-2.27.so
7f1c3a7b6000-7f1c3a7b7000 rw-p 00009000 103:02 22942472                  /lib/x86_64-linux-gnu/libnss_compat-2.27.so
7f1c3a7b7000-7f1c3a7e1000 r-xp 00000000 103:02 9838982                   /usr/lib/jvm/java-8-openjdk-amd64/jre/lib/amd64/libjava.so
7f1c3a7e1000-7f1c3a9e0000 ---p 0002a000 103:02 9838982                   /usr/lib/jvm/java-8-openjdk-amd64/jre/lib/amd64/libjava.so
7f1c3a9e0000-7f1c3a9e1000 r--p 00029000 103:02 9838982                   /usr/lib/jvm/java-8-openjdk-amd64/jre/lib/amd64/libjava.so
7f1c3a9e1000-7f1c3a9e3000 rw-p 0002a000 103:02 9838982                   /usr/lib/jvm/java-8-openjdk-amd64/jre/lib/amd64/libjava.so
7f1c3a9e3000-7f1c3a9f3000 r-xp 00000000 103:02 9839073                   /usr/lib/jvm/java-8-openjdk-amd64/jre/lib/amd64/libverify.so
7f1c3a9f3000-7f1c3abf2000 ---p 00010000 103:02 9839073                   /usr/lib/jvm/java-8-openjdk-amd64/jre/lib/amd64/libverify.so
7f1c3abf2000-7f1c3abf4000 r--p 0000f000 103:02 9839073                   /usr/lib/jvm/java-8-openjdk-amd64/jre/lib/amd64/libverify.so
7f1c3abf4000-7f1c3abf5000 rw-p 00011000 103:02 9839073                   /usr/lib/jvm/java-8-openjdk-amd64/jre/lib/amd64/libverify.so
7f1c3abf5000-7f1c3abfc000 r-xp 00000000 103:02 22942527                  /lib/x86_64-linux-gnu/librt-2.27.so
7f1c3abfc000-7f1c3adfb000 ---p 00007000 103:02 22942527                  /lib/x86_64-linux-gnu/librt-2.27.so
7f1c3adfb000-7f1c3adfc000 r--p 00006000 103:02 22942527                  /lib/x86_64-linux-gnu/librt-2.27.so
7f1c3adfc000-7f1c3adfd000 rw-p 00007000 103:02 22942527                  /lib/x86_64-linux-gnu/librt-2.27.so
7f1c3adfd000-7f1c3ae14000 r-xp 00000000 103:02 22937606                  /lib/x86_64-linux-gnu/libgcc_s.so.1
7f1c3ae14000-7f1c3b013000 ---p 00017000 103:02 22937606                  /lib/x86_64-linux-gnu/libgcc_s.so.1
7f1c3b013000-7f1c3b014000 r--p 00016000 103:02 22937606                  /lib/x86_64-linux-gnu/libgcc_s.so.1
7f1c3b014000-7f1c3b015000 rw-p 00017000 103:02 22937606                  /lib/x86_64-linux-gnu/libgcc_s.so.1
7f1c3b015000-7f1c3b1b2000 r-xp 00000000 103:02 22942449                  /lib/x86_64-linux-gnu/libm-2.27.so
7f1c3b1b2000-7f1c3b3b1000 ---p 0019d000 103:02 22942449                  /lib/x86_64-linux-gnu/libm-2.27.so
7f1c3b3b1000-7f1c3b3b2000 r--p 0019c000 103:02 22942449                  /lib/x86_64-linux-gnu/libm-2.27.so
7f1c3b3b2000-7f1c3b3b3000 rw-p 0019d000 103:02 22942449                  /lib/x86_64-linux-gnu/libm-2.27.so
7f1c3b3b3000-7f1c3b52c000 r-xp 00000000 103:02 9830530                   /usr/lib/x86_64-linux-gnu/libstdc++.so.6.0.25
7f1c3b52c000-7f1c3b72c000 ---p 00179000 103:02 9830530                   /usr/lib/x86_64-linux-gnu/libstdc++.so.6.0.25
7f1c3b72c000-7f1c3b736000 r--p 00179000 103:02 9830530                   /usr/lib/x86_64-linux-gnu/libstdc++.so.6.0.25
7f1c3b736000-7f1c3b738000 rw-p 00183000 103:02 9830530                   /usr/lib/x86_64-linux-gnu/libstdc++.so.6.0.25
7f1c3b738000-7f1c3b73c000 rw-p 00000000 00:00 0 
7f1c3b73c000-7f1c3c3db000 r-xp 00000000 103:02 9839139                   /usr/lib/jvm/java-8-openjdk-amd64/jre/lib/amd64/server/libjvm.so
7f1c3c3db000-7f1c3c5db000 ---p 00c9f000 103:02 9839139                   /usr/lib/jvm/java-8-openjdk-amd64/jre/lib/amd64/server/libjvm.so
7f1c3c5db000-7f1c3c66f000 r--p 00c9f000 103:02 9839139                   /usr/lib/jvm/java-8-openjdk-amd64/jre/lib/amd64/server/libjvm.so
7f1c3c66f000-7f1c3c698000 rw-p 00d33000 103:02 9839139                   /usr/lib/jvm/java-8-openjdk-amd64/jre/lib/amd64/server/libjvm.so
7f1c3c698000-7f1c3c6c8000 rw-p 00000000 00:00 0 
7f1c3c6c8000-7f1c3c6e2000 r-xp 00000000 103:02 22942519                  /lib/x86_64-linux-gnu/libpthread-2.27.so
7f1c3c6e2000-7f1c3c8e1000 ---p 0001a000 103:02 22942519                  /lib/x86_64-linux-gnu/libpthread-2.27.so
7f1c3c8e1000-7f1c3c8e2000 r--p 00019000 103:02 22942519                  /lib/x86_64-linux-gnu/libpthread-2.27.so
7f1c3c8e2000-7f1c3c8e3000 rw-p 0001a000 103:02 22942519                  /lib/x86_64-linux-gnu/libpthread-2.27.so
7f1c3c8e3000-7f1c3c8e7000 rw-p 00000000 00:00 0 
7f1c3c8e7000-7f1c3c8ea000 r-xp 00000000 103:02 22942409                  /lib/x86_64-linux-gnu/libdl-2.27.so
7f1c3c8ea000-7f1c3cae9000 ---p 00003000 103:02 22942409                  /lib/x86_64-linux-gnu/libdl-2.27.so
7f1c3cae9000-7f1c3caea000 r--p 00002000 103:02 22942409                  /lib/x86_64-linux-gnu/libdl-2.27.so
7f1c3caea000-7f1c3caeb000 rw-p 00003000 103:02 22942409                  /lib/x86_64-linux-gnu/libdl-2.27.so
7f1c3caeb000-7f1c3cb07000 r-xp 00000000 103:02 22942558                  /lib/x86_64-linux-gnu/libz.so.1.2.11
7f1c3cb07000-7f1c3cd06000 ---p 0001c000 103:02 22942558                  /lib/x86_64-linux-gnu/libz.so.1.2.11
7f1c3cd06000-7f1c3cd07000 r--p 0001b000 103:02 22942558                  /lib/x86_64-linux-gnu/libz.so.1.2.11
7f1c3cd07000-7f1c3cd08000 rw-p 0001c000 103:02 22942558                  /lib/x86_64-linux-gnu/libz.so.1.2.11
7f1c3cd08000-7f1c3ceef000 r-xp 00000000 103:02 22942386                  /lib/x86_64-linux-gnu/libc-2.27.so
7f1c3ceef000-7f1c3d0ef000 ---p 001e7000 103:02 22942386                  /lib/x86_64-linux-gnu/libc-2.27.so
7f1c3d0ef000-7f1c3d0f3000 r--p 001e7000 103:02 22942386                  /lib/x86_64-linux-gnu/libc-2.27.so
7f1c3d0f3000-7f1c3d0f5000 rw-p 001eb000 103:02 22942386                  /lib/x86_64-linux-gnu/libc-2.27.so
7f1c3d0f5000-7f1c3d0f9000 rw-p 00000000 00:00 0 
7f1c3d0f9000-7f1c3d107000 r-xp 00000000 103:02 9838942                   /usr/lib/jvm/java-8-openjdk-amd64/jre/lib/amd64/jli/libjli.so
7f1c3d107000-7f1c3d306000 ---p 0000e000 103:02 9838942                   /usr/lib/jvm/java-8-openjdk-amd64/jre/lib/amd64/jli/libjli.so
7f1c3d306000-7f1c3d307000 r--p 0000d000 103:02 9838942                   /usr/lib/jvm/java-8-openjdk-amd64/jre/lib/amd64/jli/libjli.so
7f1c3d307000-7f1c3d308000 rw-p 0000e000 103:02 9838942                   /usr/lib/jvm/java-8-openjdk-amd64/jre/lib/amd64/jli/libjli.so
7f1c3d308000-7f1c3d32f000 r-xp 00000000 103:02 22942358                  /lib/x86_64-linux-gnu/ld-2.27.so
7f1c3d32f000-7f1c3d330000 r--s 0000a000 103:02 9839205                   /usr/lib/jvm/java-8-openjdk-amd64/jre/lib/ext/jaccess.jar
7f1c3d330000-7f1c3d34b000 r--s 00394000 103:02 9839202                   /usr/lib/jvm/java-8-openjdk-amd64/jre/lib/ext/cldrdata.jar
7f1c3d34b000-7f1c3d410000 rw-p 00000000 00:00 0 
7f1c3d410000-7f1c3d411000 ---p 00000000 00:00 0 
7f1c3d411000-7f1c3d414000 ---p 00000000 00:00 0 
7f1c3d414000-7f1c3d513000 rw-p 00000000 00:00 0 
7f1c3d513000-7f1c3d515000 r--s 00001000 103:02 9839203                   /usr/lib/jvm/java-8-openjdk-amd64/jre/lib/ext/dnsns.jar
7f1c3d515000-7f1c3d51f000 r--s 00116000 103:02 9839206                   /usr/lib/jvm/java-8-openjdk-amd64/jre/lib/ext/localedata.jar
7f1c3d51f000-7f1c3d521000 r--s 00007000 103:02 10224650                  /usr/share/java/java-atk-wrapper.jar
7f1c3d521000-7f1c3d522000 r--s 0000d000 103:02 9839213                   /usr/lib/jvm/java-8-openjdk-amd64/jre/lib/ext/sunec.jar
7f1c3d522000-7f1c3d523000 r--s 00010000 103:02 9839216                   /usr/lib/jvm/java-8-openjdk-amd64/jre/lib/ext/zipfs.jar
7f1c3d523000-7f1c3d52b000 rw-s 00000000 103:02 18483149                  /tmp/hsperfdata_sam/8831
7f1c3d52b000-7f1c3d52c000 rw-p 00000000 00:00 0 
7f1c3d52c000-7f1c3d52d000 r--p 00000000 00:00 0 
7f1c3d52d000-7f1c3d52f000 rw-p 00000000 00:00 0 
7f1c3d52f000-7f1c3d530000 r--p 00027000 103:02 22942358                  /lib/x86_64-linux-gnu/ld-2.27.so
7f1c3d530000-7f1c3d531000 rw-p 00028000 103:02 22942358                  /lib/x86_64-linux-gnu/ld-2.27.so
7f1c3d531000-7f1c3d532000 rw-p 00000000 00:00 0 
7ffdcbf89000-7ffdcbfaa000 rw-p 00000000 00:00 0                          [stack]
7ffdcbff6000-7ffdcbff9000 r--p 00000000 00:00 0                          [vvar]
7ffdcbff9000-7ffdcbffa000 r-xp 00000000 00:00 0                          [vdso]
ffffffffff600000-ffffffffff601000 --xp 00000000 00:00 0                  [vsyscall]

VM Arguments:
jvm_args: -Dfile.encoding=UTF-8 
java_command: main.Main
java_class_path (initial): /home/sam/Downloads/lwjgl-3.2.3/lwjgl/lwjgl.jar:/home/sam/Downloads/lwjgl-3.2.3/lwjgl/lwjgl-natives-linux.jar:/home/sam/Downloads/lwjgl-3.2.3/lwjgl/lwjgl-natives-linux-arm64.jar:/home/sam/Downloads/lwjgl-3.2.3/lwjgl-opengl/lwjgl-opengl.jar:/home/sam/Downloads/lwjgl-3.2.3/lwjgl-opengl/lwjgl-opengl-natives-linux.jar:/home/sam/Downloads/lwjgl-3.2.3/lwjgl-opengl/lwjgl-opengl-natives-linux-arm64.jar:/home/sam/Downloads/lwjgl-3.2.3/lwjgl-glfw/lwjgl-glfw.jar:/home/sam/Downloads/lwjgl-3.2.3/lwjgl-glfw/lwjgl-glfw-natives-linux.jar:/home/sam/Downloads/lwjgl-3.2.3/lwjgl-glfw/lwjgl-glfw-natives-linux-arm64.jar:/home/sam/Downloads/pngdecoder-1.0.jar:/home/sam/eclipse/workspace/LWJGL-ENGINE/bin:/home/sam/Downloads/lwjgl-3.2.3/lwjgl-stb/lwjgl-stb.jar:/home/sam/Downloads/lwjgl-3.2.3/lwjgl-stb/lwjgl-stb-natives-linux.jar:/home/sam/Downloads/lwjgl-3.2.3/lwjgl-stb/lwjgl-stb-natives-linux-arm64.jar
Launcher Type: SUN_STANDARD

Environment Variables:
PATH=/usr/local/sbin:/usr/local/bin:/usr/sbin:/usr/bin:/sbin:/bin:/usr/games:/usr/local/games:/snap/bin
USERNAME=sam
SHELL=/bin/bash
DISPLAY=:0

Signal Handlers:
SIGSEGV: [libjvm.so+0xab92f0], sa_mask[0]=11111111011111111101111111111110, sa_flags=SA_RESTART|SA_SIGINFO
SIGBUS: [libjvm.so+0xab92f0], sa_mask[0]=11111111011111111101111111111110, sa_flags=SA_RESTART|SA_SIGINFO
SIGFPE: [libjvm.so+0x8ee560], sa_mask[0]=11111111011111111101111111111110, sa_flags=SA_RESTART|SA_SIGINFO
SIGPIPE: [libjvm.so+0x8ee560], sa_mask[0]=11111111011111111101111111111110, sa_flags=SA_RESTART|SA_SIGINFO
SIGXFSZ: [libjvm.so+0x8ee560], sa_mask[0]=11111111011111111101111111111110, sa_flags=SA_RESTART|SA_SIGINFO
SIGILL: [libjvm.so+0x8ee560], sa_mask[0]=11111111011111111101111111111110, sa_flags=SA_RESTART|SA_SIGINFO
SIGUSR1: SIG_DFL, sa_mask[0]=00000000000000000000000000000000, sa_flags=none
SIGUSR2: [libjvm.so+0x8ee410], sa_mask[0]=00100000000000000000000000000000, sa_flags=SA_RESTART|SA_SIGINFO
SIGHUP: [libjvm.so+0x8eea80], sa_mask[0]=11111111011111111101111111111110, sa_flags=SA_RESTART|SA_SIGINFO
SIGINT: [libjvm.so+0x8eea80], sa_mask[0]=11111111011111111101111111111110, sa_flags=SA_RESTART|SA_SIGINFO
SIGTERM: [libjvm.so+0x8eea80], sa_mask[0]=11111111011111111101111111111110, sa_flags=SA_RESTART|SA_SIGINFO
SIGQUIT: [libjvm.so+0x8eea80], sa_mask[0]=11111111011111111101111111111110, sa_flags=SA_RESTART|SA_SIGINFO


---------------  S Y S T E M  ---------------

OS:DISTRIB_ID=Ubuntu
DISTRIB_RELEASE=18.04
DISTRIB_CODENAME=bionic
DISTRIB_DESCRIPTION="Ubuntu 18.04.2 LTS"

uname:Linux 5.3.0-23-generic #25~18.04.1-Ubuntu SMP Tue Nov 12 10:58:57 UTC 2019 x86_64
libc:glibc 2.27 NPTL 2.27 
rlimit: STACK 8192k, CORE 0k, NPROC 127605, NOFILE 1048576, AS infinity
load average:1.21 0.96 0.78

/proc/meminfo:
MemTotal:       32713520 kB
MemFree:        28055104 kB
MemAvailable:   29257784 kB
Buffers:          212268 kB
Cached:          1433660 kB
SwapCached:            0 kB
Active:          3313084 kB
Inactive:         866964 kB
Active(anon):    2575976 kB
Inactive(anon):    82080 kB
Active(file):     737108 kB
Inactive(file):   784884 kB
Unevictable:       40624 kB
Mlocked:             160 kB
SwapTotal:       2097148 kB
SwapFree:        2097148 kB
Dirty:                60 kB
Writeback:             0 kB
AnonPages:       2574920 kB
Mapped:           468204 kB
Shmem:            123944 kB
KReclaimable:     100080 kB
Slab:             190488 kB
SReclaimable:     100080 kB
SUnreclaim:        90408 kB
KernelStack:       16224 kB
PageTables:        57636 kB
NFS_Unstable:          0 kB
Bounce:                0 kB
WritebackTmp:          0 kB
CommitLimit:    18453908 kB
Committed_AS:    9004012 kB
VmallocTotal:   34359738367 kB
VmallocUsed:       58932 kB
VmallocChunk:          0 kB
Percpu:             5760 kB
HardwareCorrupted:     0 kB
AnonHugePages:         0 kB
ShmemHugePages:        0 kB
ShmemPmdMapped:        0 kB
CmaTotal:              0 kB
CmaFree:               0 kB
HugePages_Total:       0
HugePages_Free:        0
HugePages_Rsvd:        0
HugePages_Surp:        0
Hugepagesize:       2048 kB
Hugetlb:               0 kB
DirectMap4k:      375456 kB
DirectMap2M:     5742592 kB
DirectMap1G:    27262976 kB

container (cgroup) information:
container_type: cgroupv1
cpu_cpuset_cpus: 0-11
cpu_memory_nodes: 0
active_processor_count: 12
cpu_quota: -1
cpu_period: 100000
cpu_shares: -1
memory_limit_in_bytes: -1
memory_and_swap_limit_in_bytes: -2
memory_soft_limit_in_bytes: -1
memory_usage_in_bytes: 4321849344
memory_max_usage_in_bytes: 0


CPU:total 12 (initial active 12) (6 cores per cpu, 2 threads per core) family 6 model 158 stepping 10, cmov, cx8, fxsr, mmx, sse, sse2, sse3, ssse3, sse4.1, sse4.2, popcnt, avx, avx2, aes, clmul, erms, 3dnowpref, lzcnt, ht, tsc, tscinvbit, bmi1, bmi2, adx

/proc/cpuinfo:
processor	: 0
vendor_id	: GenuineIntel
cpu family	: 6
model		: 158
model name	: Intel(R) Core(TM) i7-8750H CPU @ 2.20GHz
stepping	: 10
microcode	: 0xca
cpu MHz		: 3901.297
cache size	: 9216 KB
physical id	: 0
siblings	: 12
core id		: 0
cpu cores	: 6
apicid		: 0
initial apicid	: 0
fpu		: yes
fpu_exception	: yes
cpuid level	: 22
wp		: yes
flags		: fpu vme de pse tsc msr pae mce cx8 apic sep mtrr pge mca cmov pat pse36 clflush dts acpi mmx fxsr sse sse2 ss ht tm pbe syscall nx pdpe1gb rdtscp lm constant_tsc art arch_perfmon pebs bts rep_good nopl xtopology nonstop_tsc cpuid aperfmperf pni pclmulqdq dtes64 monitor ds_cpl vmx est tm2 ssse3 sdbg fma cx16 xtpr pdcm pcid sse4_1 sse4_2 x2apic movbe popcnt tsc_deadline_timer aes xsave avx f16c rdrand lahf_lm abm 3dnowprefetch cpuid_fault epb invpcid_single pti ssbd ibrs ibpb stibp tpr_shadow vnmi flexpriority ept vpid ept_ad fsgsbase tsc_adjust bmi1 avx2 smep bmi2 erms invpcid mpx rdseed adx smap clflushopt intel_pt xsaveopt xsavec xgetbv1 xsaves dtherm ida arat pln pts hwp hwp_notify hwp_act_window hwp_epp md_clear flush_l1d
bugs		: cpu_meltdown spectre_v1 spectre_v2 spec_store_bypass l1tf mds swapgs itlb_multihit
bogomips	: 4399.99
clflush size	: 64
cache_alignment	: 64
address sizes	: 39 bits physical, 48 bits virtual
power management:

processor	: 1
vendor_id	: GenuineIntel
cpu family	: 6
model		: 158
model name	: Intel(R) Core(TM) i7-8750H CPU @ 2.20GHz
stepping	: 10
microcode	: 0xca
cpu MHz		: 3900.021
cache size	: 9216 KB
physical id	: 0
siblings	: 12
core id		: 1
cpu cores	: 6
apicid		: 2
initial apicid	: 2
fpu		: yes
fpu_exception	: yes
cpuid level	: 22
wp		: yes
flags		: fpu vme de pse tsc msr pae mce cx8 apic sep mtrr pge mca cmov pat pse36 clflush dts acpi mmx fxsr sse sse2 ss ht tm pbe syscall nx pdpe1gb rdtscp lm constant_tsc art arch_perfmon pebs bts rep_good nopl xtopology nonstop_tsc cpuid aperfmperf pni pclmulqdq dtes64 monitor ds_cpl vmx est tm2 ssse3 sdbg fma cx16 xtpr pdcm pcid sse4_1 sse4_2 x2apic movbe popcnt tsc_deadline_timer aes xsave avx f16c rdrand lahf_lm abm 3dnowprefetch cpuid_fault epb invpcid_single pti ssbd ibrs ibpb stibp tpr_shadow vnmi flexpriority ept vpid ept_ad fsgsbase tsc_adjust bmi1 avx2 smep bmi2 erms invpcid mpx rdseed adx smap clflushopt intel_pt xsaveopt xsavec xgetbv1 xsaves dtherm ida arat pln pts hwp hwp_notify hwp_act_window hwp_epp md_clear flush_l1d
bugs		: cpu_meltdown spectre_v1 spectre_v2 spec_store_bypass l1tf mds swapgs itlb_multihit
bogomips	: 4399.99
clflush size	: 64
cache_alignment	: 64
address sizes	: 39 bits physical, 48 bits virtual
power management:

processor	: 2
vendor_id	: GenuineIntel
cpu family	: 6
model		: 158
model name	: Intel(R) Core(TM) i7-8750H CPU @ 2.20GHz
stepping	: 10
microcode	: 0xca
cpu MHz		: 3900.289
cache size	: 9216 KB
physical id	: 0
siblings	: 12
core id		: 2
cpu cores	: 6
apicid		: 4
initial apicid	: 4
fpu		: yes
fpu_exception	: yes
cpuid level	: 22
wp		: yes
flags		: fpu vme de pse tsc msr pae mce cx8 apic sep mtrr pge mca cmov pat pse36 clflush dts acpi mmx fxsr sse sse2 ss ht tm pbe syscall nx pdpe1gb rdtscp lm constant_tsc art arch_perfmon pebs bts rep_good nopl xtopology nonstop_tsc cpuid aperfmperf pni pclmulqdq dtes64 monitor ds_cpl vmx est tm2 ssse3 sdbg fma cx16 xtpr pdcm pcid sse4_1 sse4_2 x2apic movbe popcnt tsc_deadline_timer aes xsave avx f16c rdrand lahf_lm abm 3dnowprefetch cpuid_fault epb invpcid_single pti ssbd ibrs ibpb stibp tpr_shadow vnmi flexpriority ept vpid ept_ad fsgsbase tsc_adjust bmi1 avx2 smep bmi2 erms invpcid mpx rdseed adx smap clflushopt intel_pt xsaveopt xsavec xgetbv1 xsaves dtherm ida arat pln pts hwp hwp_notify hwp_act_window hwp_epp md_clear flush_l1d
bugs		: cpu_meltdown spectre_v1 spectre_v2 spec_store_bypass l1tf mds swapgs itlb_multihit
bogomips	: 4399.99
clflush size	: 64
cache_alignment	: 64
address sizes	: 39 bits physical, 48 bits virtual
power management:

processor	: 3
vendor_id	: GenuineIntel
cpu family	: 6
model		: 158
model name	: Intel(R) Core(TM) i7-8750H CPU @ 2.20GHz
stepping	: 10
microcode	: 0xca
cpu MHz		: 3900.034
cache size	: 9216 KB
physical id	: 0
siblings	: 12
core id		: 3
cpu cores	: 6
apicid		: 6
initial apicid	: 6
fpu		: yes
fpu_exception	: yes
cpuid level	: 22
wp		: yes
flags		: fpu vme de pse tsc msr pae mce cx8 apic sep mtrr pge mca cmov pat pse36 clflush dts acpi mmx fxsr sse sse2 ss ht tm pbe syscall nx pdpe1gb rdtscp lm constant_tsc art arch_perfmon pebs bts rep_good nopl xtopology nonstop_tsc cpuid aperfmperf pni pclmulqdq dtes64 monitor ds_cpl vmx est tm2 ssse3 sdbg fma cx16 xtpr pdcm pcid sse4_1 sse4_2 x2apic movbe popcnt tsc_deadline_timer aes xsave avx f16c rdrand lahf_lm abm 3dnowprefetch cpuid_fault epb invpcid_single pti ssbd ibrs ibpb stibp tpr_shadow vnmi flexpriority ept vpid ept_ad fsgsbase tsc_adjust bmi1 avx2 smep bmi2 erms invpcid mpx rdseed adx smap clflushopt intel_pt xsaveopt xsavec xgetbv1 xsaves dtherm ida arat pln pts hwp hwp_notify hwp_act_window hwp_epp md_clear flush_l1d
bugs		: cpu_meltdown spectre_v1 spectre_v2 spec_store_bypass l1tf mds swapgs itlb_multihit
bogomips	: 4399.99
clflush size	: 64
cache_alignment	: 64
address sizes	: 39 bits physical, 48 bits virtual
power management:

processor	: 4
vendor_id	: GenuineIntel
cpu family	: 6
model		: 158
model name	: Intel(R) Core(TM) i7-8750H CPU @ 2.20GHz
stepping	: 10
microcode	: 0xca
cpu MHz		: 3900.281
cache size	: 9216 KB
physical id	: 0
siblings	: 12
core id		: 4
cpu cores	: 6
apicid		: 8
initial apicid	: 8
fpu		: yes
fpu_exception	: yes
cpuid level	: 22
wp		: yes
flags		: fpu vme de pse tsc msr pae mce cx8 apic sep mtrr pge mca cmov pat pse36 clflush dts acpi mmx fxsr sse sse2 ss ht tm pbe syscall nx pdpe1gb rdtscp lm constant_tsc art arch_perfmon pebs bts rep_good nopl xtopology nonstop_tsc cpuid aperfmperf pni pclmulqdq dtes64 monitor ds_cpl vmx est tm2 ssse3 sdbg fma cx16 xtpr pdcm pcid sse4_1 sse4_2 x2apic movbe popcnt tsc_deadline_timer aes xsave avx f16c rdrand lahf_lm abm 3dnowprefetch cpuid_fault epb invpcid_single pti ssbd ibrs ibpb stibp tpr_shadow vnmi flexpriority ept vpid ept_ad fsgsbase tsc_adjust bmi1 avx2 smep bmi2 erms invpcid mpx rdseed adx smap clflushopt intel_pt xsaveopt xsavec xgetbv1 xsaves dtherm ida arat pln pts hwp hwp_notify hwp_act_window hwp_epp md_clear flush_l1d
bugs		: cpu_meltdown spectre_v1 spectre_v2 spec_store_bypass l1tf mds swapgs itlb_multihit
bogomips	: 4399.99
clflush size	: 64
cache_alignment	: 64
address sizes	: 39 bits physical, 48 bits virtual
power management:

processor	: 5
vendor_id	: GenuineIntel
cpu family	: 6
model		: 158
model name	: Intel(R) Core(TM) i7-8750H CPU @ 2.20GHz
stepping	: 10
microcode	: 0xca
cpu MHz		: 3900.011
cache size	: 9216 KB
physical id	: 0
siblings	: 12
core id		: 5
cpu cores	: 6
apicid		: 10
initial apicid	: 10
fpu		: yes
fpu_exception	: yes
cpuid level	: 22
wp		: yes
flags		: fpu vme de pse tsc msr pae mce cx8 apic sep mtrr pge mca cmov pat pse36 clflush dts acpi mmx fxsr sse sse2 ss ht tm pbe syscall nx pdpe1gb rdtscp lm constant_tsc art arch_perfmon pebs bts rep_good nopl xtopology nonstop_tsc cpuid aperfmperf pni pclmulqdq dtes64 monitor ds_cpl vmx est tm2 ssse3 sdbg fma cx16 xtpr pdcm pcid sse4_1 sse4_2 x2apic movbe popcnt tsc_deadline_timer aes xsave avx f16c rdrand lahf_lm abm 3dnowprefetch cpuid_fault epb invpcid_single pti ssbd ibrs ibpb stibp tpr_shadow vnmi flexpriority ept vpid ept_ad fsgsbase tsc_adjust bmi1 avx2 smep bmi2 erms invpcid mpx rdseed adx smap clflushopt intel_pt xsaveopt xsavec xgetbv1 xsaves dtherm ida arat pln pts hwp hwp_notify hwp_act_window hwp_epp md_clear flush_l1d
bugs		: cpu_meltdown spectre_v1 spectre_v2 spec_store_bypass l1tf mds swapgs itlb_multihit
bogomips	: 4399.99
clflush size	: 64
cache_alignment	: 64
address sizes	: 39 bits physical, 48 bits virtual
power management:

processor	: 6
vendor_id	: GenuineIntel
cpu family	: 6
model		: 158
model name	: Intel(R) Core(TM) i7-8750H CPU @ 2.20GHz
stepping	: 10
microcode	: 0xca
cpu MHz		: 3900.493
cache size	: 9216 KB
physical id	: 0
siblings	: 12
core id		: 0
cpu cores	: 6
apicid		: 1
initial apicid	: 1
fpu		: yes
fpu_exception	: yes
cpuid level	: 22
wp		: yes
flags		: fpu vme de pse tsc msr pae mce cx8 apic sep mtrr pge mca cmov pat pse36 clflush dts acpi mmx fxsr sse sse2 ss ht tm pbe syscall nx pdpe1gb rdtscp lm constant_tsc art arch_perfmon pebs bts rep_good nopl xtopology nonstop_tsc cpuid aperfmperf pni pclmulqdq dtes64 monitor ds_cpl vmx est tm2 ssse3 sdbg fma cx16 xtpr pdcm pcid sse4_1 sse4_2 x2apic movbe popcnt tsc_deadline_timer aes xsave avx f16c rdrand lahf_lm abm 3dnowprefetch cpuid_fault epb invpcid_single pti ssbd ibrs ibpb stibp tpr_shadow vnmi flexpriority ept vpid ept_ad fsgsbase tsc_adjust bmi1 avx2 smep bmi2 erms invpcid mpx rdseed adx smap clflushopt intel_pt xsaveopt xsavec xgetbv1 xsaves dtherm ida arat pln pts hwp hwp_notify hwp_act_window hwp_epp md_clear flush_l1d
bugs		: cpu_meltdown spectre_v1 spectre_v2 spec_store_bypass l1tf mds swapgs itlb_multihit
bogomips	: 4399.99
clflush size	: 64
cache_alignment	: 64
address sizes	: 39 bits physical, 48 bits virtual
power management:

processor	: 7
vendor_id	: GenuineIntel
cpu family	: 6
model		: 158
model name	: Intel(R) Core(TM) i7-8750H CPU @ 2.20GHz
stepping	: 10
microcode	: 0xca
cpu MHz		: 3900.066
cache size	: 9216 KB
physical id	: 0
siblings	: 12
core id		: 1
cpu cores	: 6
apicid		: 3
initial apicid	: 3
fpu		: yes
fpu_exception	: yes
cpuid level	: 22
wp		: yes
flags		: fpu vme de pse tsc msr pae mce cx8 apic sep mtrr pge mca cmov pat pse36 clflush dts acpi mmx fxsr sse sse2 ss ht tm pbe syscall nx pdpe1gb rdtscp lm constant_tsc art arch_perfmon pebs bts rep_good nopl xtopology nonstop_tsc cpuid aperfmperf pni pclmulqdq dtes64 monitor ds_cpl vmx est tm2 ssse3 sdbg fma cx16 xtpr pdcm pcid sse4_1 sse4_2 x2apic movbe popcnt tsc_deadline_timer aes xsave avx f16c rdrand lahf_lm abm 3dnowprefetch cpuid_fault epb invpcid_single pti ssbd ibrs ibpb stibp tpr_shadow vnmi flexpriority ept vpid ept_ad fsgsbase tsc_adjust bmi1 avx2 smep bmi2 erms invpcid mpx rdseed adx smap clflushopt intel_pt xsaveopt xsavec xgetbv1 xsaves dtherm ida arat pln pts hwp hwp_notify hwp_act_window hwp_epp md_clear flush_l1d
bugs		: cpu_meltdown spectre_v1 spectre_v2 spec_store_bypass l1tf mds swapgs itlb_multihit
bogomips	: 4399.99
clflush size	: 64
cache_alignment	: 64
address sizes	: 39 bits physical, 48 bits virtual
power management:

processor	: 8
vendor_id	: GenuineIntel
cpu family	: 6
model		: 158
model name	: Intel(R) Core(TM) i7-8750H CPU @ 2.20GHz
stepping	: 10
microcode	: 0xca
cpu MHz		: 3899.947
cache size	: 9216 KB
physical id	: 0
siblings	: 12
core id		: 2
cpu cores	: 6
apicid		: 5
initial apicid	: 5
fpu		: yes
fpu_exception	: yes
cpuid level	: 22
wp		: yes
flags		: fpu vme de pse tsc msr pae mce cx8 apic sep mtrr pge mca cmov pat pse36 clflush dts acpi mmx fxsr sse sse2 ss ht tm pbe syscall nx pdpe1gb rdtscp lm constant_tsc art arch_perfmon pebs bts rep_good nopl xtopology nonstop_tsc cpuid aperfmperf pni pclmulqdq dtes64 monitor ds_cpl vmx est tm2 ssse3 sdbg fma cx16 xtpr pdcm pcid sse4_1 sse4_2 x2apic movbe popcnt tsc_deadline_timer aes xsave avx f16c rdrand lahf_lm abm 3dnowprefetch cpuid_fault epb invpcid_single pti ssbd ibrs ibpb stibp tpr_shadow vnmi flexpriority ept vpid ept_ad fsgsbase tsc_adjust bmi1 avx2 smep bmi2 erms invpcid mpx rdseed adx smap clflushopt intel_pt xsaveopt xsavec xgetbv1 xsaves dtherm ida arat pln pts hwp hwp_notify hwp_act_window hwp_epp md_clear flush_l1d
bugs		: cpu_meltdown spectre_v1 spectre_v2 spec_store_bypass l1tf mds swapgs itlb_multihit
bogomips	: 4399.99
clflush size	: 64
cache_alignment	: 64
address sizes	: 39 bits physical, 48 bits virtual
power management:

processor	: 9
vendor_id	: GenuineIntel
cpu family	: 6
model		: 158
model name	: Intel(R) Core(TM) i7-8750H CPU @ 2.20GHz
stepping	: 10
microcode	: 0xca
cpu MHz		: 3900.009
cache size	: 9216 KB
physical id	: 0
siblings	: 12
core id		: 3
cpu cores	: 6
apicid		: 7
initial apicid	: 7
fpu		: yes
fpu_exception	: yes
cpuid level	: 22
wp		: yes
flags		: fpu vme de pse tsc msr pae mce cx8 apic sep mtrr pge mca cmov pat pse36 clflush dts acpi mmx fxsr sse sse2 ss ht tm pbe syscall nx pdpe1gb rdtscp lm constant_tsc art arch_perfmon pebs bts rep_good nopl xtopology nonstop_tsc cpuid aperfmperf pni pclmulqdq dtes64 monitor ds_cpl vmx est tm2 ssse3 sdbg fma cx16 xtpr pdcm pcid sse4_1 sse4_2 x2apic movbe popcnt tsc_deadline_timer aes xsave avx f16c rdrand lahf_lm abm 3dnowprefetch cpuid_fault epb invpcid_single pti ssbd ibrs ibpb stibp tpr_shadow vnmi flexpriority ept vpid ept_ad fsgsbase tsc_adjust bmi1 avx2 smep bmi2 erms invpcid mpx rdseed adx smap clflushopt intel_pt xsaveopt xsavec xgetbv1 xsaves dtherm ida arat pln pts hwp hwp_notify hwp_act_window hwp_epp md_clear flush_l1d
bugs		: cpu_meltdown spectre_v1 spectre_v2 spec_store_bypass l1tf mds swapgs itlb_multihit
bogomips	: 4399.99
clflush size	: 64
cache_alignment	: 64
address sizes	: 39 bits physical, 48 bits virtual
power management:

processor	: 10
vendor_id	: GenuineIntel
cpu family	: 6
model		: 158
model name	: Intel(R) Core(TM) i7-8750H CPU @ 2.20GHz
stepping	: 10
microcode	: 0xca
cpu MHz		: 3900.011
cache size	: 9216 KB
physical id	: 0
siblings	: 12
core id		: 4
cpu cores	: 6
apicid		: 9
initial apicid	: 9
fpu		: yes
fpu_exception	: yes
cpuid level	: 22
wp		: yes
flags		: fpu vme de pse tsc msr pae mce cx8 apic sep mtrr pge mca cmov pat pse36 clflush dts acpi mmx fxsr sse sse2 ss ht tm pbe syscall nx pdpe1gb rdtscp lm constant_tsc art arch_perfmon pebs bts rep_good nopl xtopology nonstop_tsc cpuid aperfmperf pni pclmulqdq dtes64 monitor ds_cpl vmx est tm2 ssse3 sdbg fma cx16 xtpr pdcm pcid sse4_1 sse4_2 x2apic movbe popcnt tsc_deadline_timer aes xsave avx f16c rdrand lahf_lm abm 3dnowprefetch cpuid_fault epb invpcid_single pti ssbd ibrs ibpb stibp tpr_shadow vnmi flexpriority ept vpid ept_ad fsgsbase tsc_adjust bmi1 avx2 smep bmi2 erms invpcid mpx rdseed adx smap clflushopt intel_pt xsaveopt xsavec xgetbv1 xsaves dtherm ida arat pln pts hwp hwp_notify hwp_act_window hwp_epp md_clear flush_l1d
bugs		: cpu_meltdown spectre_v1 spectre_v2 spec_store_bypass l1tf mds swapgs itlb_multihit
bogomips	: 4399.99
clflush size	: 64
cache_alignment	: 64
address sizes	: 39 bits physical, 48 bits virtual
power management:

processor	: 11
vendor_id	: GenuineIntel
cpu family	: 6
model		: 158
model name	: Intel(R) Core(TM) i7-8750H CPU @ 2.20GHz
stepping	: 10
microcode	: 0xca
cpu MHz		: 3901.694
cache size	: 9216 KB
physical id	: 0
siblings	: 12
core id		: 5
cpu cores	: 6
apicid		: 11
initial apicid	: 11
fpu		: yes
fpu_exception	: yes
cpuid level	: 22
wp		: yes
flags		: fpu vme de pse tsc msr pae mce cx8 apic sep mtrr pge mca cmov pat pse36 clflush dts acpi mmx fxsr sse sse2 ss ht tm pbe syscall nx pdpe1gb rdtscp lm constant_tsc art arch_perfmon pebs bts rep_good nopl xtopology nonstop_tsc cpuid aperfmperf pni pclmulqdq dtes64 monitor ds_cpl vmx est tm2 ssse3 sdbg fma cx16 xtpr pdcm pcid sse4_1 sse4_2 x2apic movbe popcnt tsc_deadline_timer aes xsave avx f16c rdrand lahf_lm abm 3dnowprefetch cpuid_fault epb invpcid_single pti ssbd ibrs ibpb stibp tpr_shadow vnmi flexpriority ept vpid ept_ad fsgsbase tsc_adjust bmi1 avx2 smep bmi2 erms invpcid mpx rdseed adx smap clflushopt intel_pt xsaveopt xsavec xgetbv1 xsaves dtherm ida arat pln pts hwp hwp_notify hwp_act_window hwp_epp md_clear flush_l1d
bugs		: cpu_meltdown spectre_v1 spectre_v2 spec_store_bypass l1tf mds swapgs itlb_multihit
bogomips	: 4399.99
clflush size	: 64
cache_alignment	: 64
address sizes	: 39 bits physical, 48 bits virtual
power management:



Memory: 4k page, physical 32713520k(28055096k free), swap 2097148k(2097148k free)

vm_info: OpenJDK 64-Bit Server VM (25.222-b10) for linux-amd64 JRE (1.8.0_222-8u222-b10-1ubuntu1~18.04.1-b10), built on Jul 18 2019 18:52:48 by "buildd" with gcc 7.4.0

time: Sun Nov 24 20:32:00 2019
timezone: CST
elapsed time: 1 seconds (0d 0h 0m 1s)

